[100%] Built target mesh_controller
-- Install configuration: "Release"
-- Execute custom install script
-- Up-to-date symlink: /root/Shared/MIAPR_Projekt/colcon_ws/install/mesh_controller/share/mesh_controller//mesh_controller.xml
-- Up-to-date symlink: /root/Shared/MIAPR_Projekt/colcon_ws/install/mesh_controller/include/include/mesh_controller/mesh_controller.h
-- Up-to-date symlink: /root/Shared/MIAPR_Projekt/colcon_ws/install/mesh_controller/share/mesh_controller/environment/library_path.sh
-- Up-to-date symlink: /root/Shared/MIAPR_Projekt/colcon_ws/install/mesh_controller/share/mesh_controller/environment/library_path.dsv
-- Up-to-date symlink: /root/Shared/MIAPR_Projekt/colcon_ws/install/mesh_controller/share/ament_index/resource_index/package_run_dependencies/mesh_controller
-- Up-to-date symlink: /root/Shared/MIAPR_Projekt/colcon_ws/install/mesh_controller/share/ament_index/resource_index/parent_prefix_path/mesh_controller
-- Up-to-date symlink: /root/Shared/MIAPR_Projekt/colcon_ws/install/mesh_controller/share/mesh_controller/environment/ament_prefix_path.sh
-- Up-to-date symlink: /root/Shared/MIAPR_Projekt/colcon_ws/install/mesh_controller/share/mesh_controller/environment/ament_prefix_path.dsv
-- Up-to-date symlink: /root/Shared/MIAPR_Projekt/colcon_ws/install/mesh_controller/share/mesh_controller/environment/path.sh
-- Up-to-date symlink: /root/Shared/MIAPR_Projekt/colcon_ws/install/mesh_controller/share/mesh_controller/environment/path.dsv
-- Up-to-date symlink: /root/Shared/MIAPR_Projekt/colcon_ws/install/mesh_controller/share/mesh_controller/local_setup.bash
-- Up-to-date symlink: /root/Shared/MIAPR_Projekt/colcon_ws/install/mesh_controller/share/mesh_controller/local_setup.sh
-- Up-to-date symlink: /root/Shared/MIAPR_Projekt/colcon_ws/install/mesh_controller/share/mesh_controller/local_setup.zsh
-- Up-to-date symlink: /root/Shared/MIAPR_Projekt/colcon_ws/install/mesh_controller/share/mesh_controller/local_setup.dsv
-- Symlinking: /root/Shared/MIAPR_Projekt/colcon_ws/install/mesh_controller/share/mesh_controller/package.dsv
-- Up-to-date symlink: /root/Shared/MIAPR_Projekt/colcon_ws/install/mesh_controller/share/ament_index/resource_index/packages/mesh_controller
-- Up-to-date symlink: /root/Shared/MIAPR_Projekt/colcon_ws/install/mesh_controller/share/ament_index/resource_index/mbf_mesh_core__pluginlib__plugin/mesh_controller
-- Up-to-date symlink: /root/Shared/MIAPR_Projekt/colcon_ws/install/mesh_controller/share/mesh_controller/cmake/ament_cmake_export_include_directories-extras.cmake
-- Up-to-date symlink: /root/Shared/MIAPR_Projekt/colcon_ws/install/mesh_controller/share/mesh_controller/cmake/ament_cmake_export_libraries-extras.cmake
-- Up-to-date symlink: /root/Shared/MIAPR_Projekt/colcon_ws/install/mesh_controller/share/mesh_controller/cmake/ament_cmake_export_targets-extras.cmake
-- Up-to-date symlink: /root/Shared/MIAPR_Projekt/colcon_ws/install/mesh_controller/share/mesh_controller/cmake/ament_cmake_export_dependencies-extras.cmake
-- Up-to-date symlink: /root/Shared/MIAPR_Projekt/colcon_ws/install/mesh_controller/share/mesh_controller/cmake/mesh_controllerConfig.cmake
-- Up-to-date symlink: /root/Shared/MIAPR_Projekt/colcon_ws/install/mesh_controller/share/mesh_controller/cmake/mesh_controllerConfig-version.cmake
-- Up-to-date symlink: /root/Shared/MIAPR_Projekt/colcon_ws/install/mesh_controller/share/mesh_controller/package.xml
-- Up-to-date: /root/Shared/MIAPR_Projekt/colcon_ws/install/mesh_controller/lib/libmesh_controller.so
-- Up-to-date: /root/Shared/MIAPR_Projekt/colcon_ws/install/mesh_controller/share/mesh_controller/cmake/export_mesh_controllerExport.cmake
-- Up-to-date: /root/Shared/MIAPR_Projekt/colcon_ws/install/mesh_controller/share/mesh_controller/cmake/export_mesh_controllerExport-release.cmake
