-- Install configuration: ""
-- Execute custom install script
-- Up-to-date symlink: /root/Shared/MIAPR_Projekt/colcon_ws/install/mbf_abstract_core/include/mbf_abstract_core/abstract_controller.h
-- Up-to-date symlink: /root/Shared/MIAPR_Projekt/colcon_ws/install/mbf_abstract_core/include/mbf_abstract_core/abstract_planner.h
-- Up-to-date symlink: /root/Shared/MIAPR_Projekt/colcon_ws/install/mbf_abstract_core/include/mbf_abstract_core/abstract_recovery.h
-- Up-to-date symlink: /root/Shared/MIAPR_Projekt/colcon_ws/install/mbf_abstract_core/share/ament_index/resource_index/package_run_dependencies/mbf_abstract_core
-- Up-to-date symlink: /root/Shared/MIAPR_Projekt/colcon_ws/install/mbf_abstract_core/share/ament_index/resource_index/parent_prefix_path/mbf_abstract_core
-- Up-to-date symlink: /root/Shared/MIAPR_Projekt/colcon_ws/install/mbf_abstract_core/share/mbf_abstract_core/environment/ament_prefix_path.sh
-- Up-to-date symlink: /root/Shared/MIAPR_Projekt/colcon_ws/install/mbf_abstract_core/share/mbf_abstract_core/environment/ament_prefix_path.dsv
-- Up-to-date symlink: /root/Shared/MIAPR_Projekt/colcon_ws/install/mbf_abstract_core/share/mbf_abstract_core/environment/path.sh
-- Up-to-date symlink: /root/Shared/MIAPR_Projekt/colcon_ws/install/mbf_abstract_core/share/mbf_abstract_core/environment/path.dsv
-- Up-to-date symlink: /root/Shared/MIAPR_Projekt/colcon_ws/install/mbf_abstract_core/share/mbf_abstract_core/local_setup.bash
-- Up-to-date symlink: /root/Shared/MIAPR_Projekt/colcon_ws/install/mbf_abstract_core/share/mbf_abstract_core/local_setup.sh
-- Up-to-date symlink: /root/Shared/MIAPR_Projekt/colcon_ws/install/mbf_abstract_core/share/mbf_abstract_core/local_setup.zsh
-- Up-to-date symlink: /root/Shared/MIAPR_Projekt/colcon_ws/install/mbf_abstract_core/share/mbf_abstract_core/local_setup.dsv
-- Symlinking: /root/Shared/MIAPR_Projekt/colcon_ws/install/mbf_abstract_core/share/mbf_abstract_core/package.dsv
-- Up-to-date symlink: /root/Shared/MIAPR_Projekt/colcon_ws/install/mbf_abstract_core/share/ament_index/resource_index/packages/mbf_abstract_core
-- Up-to-date symlink: /root/Shared/MIAPR_Projekt/colcon_ws/install/mbf_abstract_core/share/mbf_abstract_core/cmake/ament_cmake_export_include_directories-extras.cmake
-- Up-to-date symlink: /root/Shared/MIAPR_Projekt/colcon_ws/install/mbf_abstract_core/share/mbf_abstract_core/cmake/ament_cmake_export_dependencies-extras.cmake
-- Up-to-date symlink: /root/Shared/MIAPR_Projekt/colcon_ws/install/mbf_abstract_core/share/mbf_abstract_core/cmake/mbf_abstract_coreConfig.cmake
-- Up-to-date symlink: /root/Shared/MIAPR_Projekt/colcon_ws/install/mbf_abstract_core/share/mbf_abstract_core/cmake/mbf_abstract_coreConfig-version.cmake
-- Up-to-date symlink: /root/Shared/MIAPR_Projekt/colcon_ws/install/mbf_abstract_core/share/mbf_abstract_core/package.xml
