-- The C compiler identification is GNU 13.3.0
-- The CXX compiler identification is GNU 13.3.0
-- Detecting C compiler ABI info
-- Detecting C compiler ABI info - done
-- Check for working C compiler: /usr/bin/cc - skipped
-- Detecting C compile features
-- Detecting C compile features - done
-- Detecting CXX compiler ABI info
-- Detecting CXX compiler ABI info - done
-- Check for working CXX compiler: /usr/bin/c++ - skipped
-- Detecting CXX compile features
-- Detecting CXX compile features - done
-- Found ament_cmake: 2.5.5 (/opt/ros/jazzy/share/ament_cmake/cmake)
-- Found Python3: /usr/bin/python3 (found version "3.12.3") found components: Interpreter 
-- Override CMake install command with custom implementation using symlinks instead of copying resources
-- Found rclcpp: 28.1.16 (/opt/ros/jazzy/share/rclcpp/cmake)
-- Found rosidl_generator_c: 4.6.7 (/opt/ros/jazzy/share/rosidl_generator_c/cmake)
-- Found rosidl_generator_cpp: 4.6.7 (/opt/ros/jazzy/share/rosidl_generator_cpp/cmake)
-- Using all available rosidl_typesupport_c: rosidl_typesupport_fastrtps_c;rosidl_typesupport_introspection_c
-- Using all available rosidl_typesupport_cpp: rosidl_typesupport_fastrtps_cpp;rosidl_typesupport_introspection_cpp
-- Found rmw_implementation_cmake: 7.3.3 (/opt/ros/jazzy/share/rmw_implementation_cmake/cmake)
-- Found rmw_fastrtps_cpp: 8.4.3 (/opt/ros/jazzy/share/rmw_fastrtps_cpp/cmake)
-- Found OpenSSL: /usr/lib/x86_64-linux-gnu/libcrypto.so (found version "3.0.13")  
-- Found FastRTPS: /opt/ros/jazzy/include (Required is at least version "2.13") 
-- Using RMW implementation 'rmw_fastrtps_cpp' as default
-- Found rclcpp_components: 28.1.16 (/opt/ros/jazzy/share/rclcpp_components/cmake)
-- Found geometry_msgs: 5.3.6 (/opt/ros/jazzy/share/geometry_msgs/cmake)
-- Found tf2_ros: 0.36.19 (/opt/ros/jazzy/share/tf2_ros/cmake)
-- Found tf2_eigen: 0.36.19 (/opt/ros/jazzy/share/tf2_eigen/cmake)
-- Found tf2_geometry_msgs: 0.36.19 (/opt/ros/jazzy/share/tf2_geometry_msgs/cmake)
-- Found eigen3_cmake_module: 0.3.0 (/opt/ros/jazzy/share/eigen3_cmake_module/cmake)
-- Found Eigen3: TRUE (found version "3.4.0") 
-- Ensuring Eigen3 include directory is part of orocos-kdl CMake target
-- Found ament_lint_auto: 0.17.4 (/opt/ros/jazzy/share/ament_lint_auto/cmake)
-- Added test 'copyright' to check source files copyright and LICENSE
-- Added test 'pep257' to check Python code against some of the docstring style conventions in PEP 257
-- Configuring done (1.7s)
-- Generating done (0.0s)
-- Build files have been written to: /root/Shared/MIAPR_Projekt/colcon_ws/build/mesh_navigation_pluto_sim
-- Install configuration: "Release"
-- Execute custom install script
-- Symlinking: /root/Shared/MIAPR_Projekt/colcon_ws/install/mesh_navigation_pluto_sim/share/mesh_navigation_pluto_sim/environment/mesh_navigation_pluto_sim.dsv
-- Symlinking: /root/Shared/MIAPR_Projekt/colcon_ws/install/mesh_navigation_pluto_sim/share/mesh_navigation_pluto_sim/environment/mesh_navigation_pluto_sim.sh
-- Symlinking: /root/Shared/MIAPR_Projekt/colcon_ws/install/mesh_navigation_pluto_sim/share/mesh_navigation_pluto_sim/launch/simulation_launch.py
-- Symlinking: /root/Shared/MIAPR_Projekt/colcon_ws/install/mesh_navigation_pluto_sim/share/mesh_navigation_pluto_sim/models/README.md
-- Symlinking: /root/Shared/MIAPR_Projekt/colcon_ws/install/mesh_navigation_pluto_sim/share/mesh_navigation_pluto_sim/worlds/README.md
-- Symlinking: /root/Shared/MIAPR_Projekt/colcon_ws/install/mesh_navigation_pluto_sim/share/ament_index/resource_index/package_run_dependencies/mesh_navigation_pluto_sim
-- Symlinking: /root/Shared/MIAPR_Projekt/colcon_ws/install/mesh_navigation_pluto_sim/share/ament_index/resource_index/parent_prefix_path/mesh_navigation_pluto_sim
-- Symlinking: /root/Shared/MIAPR_Projekt/colcon_ws/install/mesh_navigation_pluto_sim/share/mesh_navigation_pluto_sim/environment/ament_prefix_path.sh
-- Symlinking: /root/Shared/MIAPR_Projekt/colcon_ws/install/mesh_navigation_pluto_sim/share/mesh_navigation_pluto_sim/environment/ament_prefix_path.dsv
-- Symlinking: /root/Shared/MIAPR_Projekt/colcon_ws/install/mesh_navigation_pluto_sim/share/mesh_navigation_pluto_sim/environment/path.sh
-- Symlinking: /root/Shared/MIAPR_Projekt/colcon_ws/install/mesh_navigation_pluto_sim/share/mesh_navigation_pluto_sim/environment/path.dsv
-- Symlinking: /root/Shared/MIAPR_Projekt/colcon_ws/install/mesh_navigation_pluto_sim/share/mesh_navigation_pluto_sim/local_setup.bash
-- Symlinking: /root/Shared/MIAPR_Projekt/colcon_ws/install/mesh_navigation_pluto_sim/share/mesh_navigation_pluto_sim/local_setup.sh
-- Symlinking: /root/Shared/MIAPR_Projekt/colcon_ws/install/mesh_navigation_pluto_sim/share/mesh_navigation_pluto_sim/local_setup.zsh
-- Symlinking: /root/Shared/MIAPR_Projekt/colcon_ws/install/mesh_navigation_pluto_sim/share/mesh_navigation_pluto_sim/local_setup.dsv
-- Symlinking: /root/Shared/MIAPR_Projekt/colcon_ws/install/mesh_navigation_pluto_sim/share/mesh_navigation_pluto_sim/package.dsv
-- Symlinking: /root/Shared/MIAPR_Projekt/colcon_ws/install/mesh_navigation_pluto_sim/share/ament_index/resource_index/packages/mesh_navigation_pluto_sim
-- Symlinking: /root/Shared/MIAPR_Projekt/colcon_ws/install/mesh_navigation_pluto_sim/share/mesh_navigation_pluto_sim/cmake/mesh_navigation_pluto_simConfig.cmake
-- Symlinking: /root/Shared/MIAPR_Projekt/colcon_ws/install/mesh_navigation_pluto_sim/share/mesh_navigation_pluto_sim/cmake/mesh_navigation_pluto_simConfig-version.cmake
-- Symlinking: /root/Shared/MIAPR_Projekt/colcon_ws/install/mesh_navigation_pluto_sim/share/mesh_navigation_pluto_sim/package.xml
