[0.011s] Invoking command in '/root/Shared/MIAPR_Projekt/colcon_ws/build/mesh_navigation_pluto_sim': AMENT_PREFIX_PATH=/root/Shared/MIAPR_Projekt/colcon_ws/install/mesh_navigation_tutorials_sim:${AMENT_PREFIX_PATH} CMAKE_PREFIX_PATH=/root/Shared/MIAPR_Projekt/colcon_ws/install/mesh_navigation_tutorials_sim:/root/Shared/MIAPR_Projekt/colcon_ws/install/mesh_tools:/root/Shared/MIAPR_Projekt/colcon_ws/install/rviz_mesh_tools_plugins:/root/Shared/MIAPR_Projekt/colcon_ws/install/mesh_navigation:/root/Shared/MIAPR_Projekt/colcon_ws/install/mesh_msgs_transform:/root/Shared/MIAPR_Projekt/colcon_ws/install/mesh_layers:/root/Shared/MIAPR_Projekt/colcon_ws/install/mesh_controller:/root/Shared/MIAPR_Projekt/colcon_ws/install/mbf_mesh_nav:/root/Shared/MIAPR_Projekt/colcon_ws/install/dijkstra_mesh_planner:/root/Shared/MIAPR_Projekt/colcon_ws/install/cvp_mesh_planner:/root/Shared/MIAPR_Projekt/colcon_ws/install/mbf_mesh_core:/root/Shared/MIAPR_Projekt/colcon_ws/install/mesh_map:/root/Shared/MIAPR_Projekt/colcon_ws/install/mesh_msgs_conversions:/root/Shared/MIAPR_Projekt/colcon_ws/install/label_manager:/root/Shared/MIAPR_Projekt/colcon_ws/install/mesh_msgs:/opt/ros/jazzy/opt/gz_math_vendor:/opt/ros/jazzy/opt/gz_utils_vendor:/opt/ros/jazzy/opt/gz_cmake_vendor:/opt/ros/jazzy GZ_SIM_RESOURCE_PATH=/root/Shared/MIAPR_Projekt/colcon_ws/install/mesh_navigation_tutorials_sim/share/mesh_navigation_tutorials_sim/models LD_LIBRARY_PATH=/root/Shared/MIAPR_Projekt/colcon_ws/install/mesh_navigation_tutorials_sim/lib:${LD_LIBRARY_PATH} /usr/bin/cmake /root/Shared/MIAPR_Projekt/colcon_ws/src/mesh_navigation_tutorials/mesh_navigation_pluto_sim -DAMENT_CMAKE_SYMLINK_INSTALL=1 -DCMAKE_INSTALL_PREFIX=/root/Shared/MIAPR_Projekt/colcon_ws/install/mesh_navigation_pluto_sim
[0.080s] -- The C compiler identification is GNU 13.3.0
[0.147s] -- The CXX compiler identification is GNU 13.3.0
[0.171s] -- Detecting C compiler ABI info
[0.291s] -- Detecting C compiler ABI info - done
[0.300s] -- Check for working C compiler: /usr/bin/cc - skipped
[0.300s] -- Detecting C compile features
[0.301s] -- Detecting C compile features - done
[0.314s] -- Detecting CXX compiler ABI info
[0.440s] -- Detecting CXX compiler ABI info - done
[0.450s] -- Check for working CXX compiler: /usr/bin/c++ - skipped
[0.450s] -- Detecting CXX compile features
[0.450s] -- Detecting CXX compile features - done
[0.456s] -- Found ament_cmake: 2.5.5 (/opt/ros/jazzy/share/ament_cmake/cmake)
[0.633s] -- Found Python3: /usr/bin/python3 (found version "3.12.3") found components: Interpreter 
[0.714s] -- Override CMake install command with custom implementation using symlinks instead of copying resources
[0.782s] -- Found rclcpp: 28.1.16 (/opt/ros/jazzy/share/rclcpp/cmake)
[0.846s] -- Found rosidl_generator_c: 4.6.7 (/opt/ros/jazzy/share/rosidl_generator_c/cmake)
[0.868s] -- Found rosidl_generator_cpp: 4.6.7 (/opt/ros/jazzy/share/rosidl_generator_cpp/cmake)
[0.892s] -- Using all available rosidl_typesupport_c: rosidl_typesupport_fastrtps_c;rosidl_typesupport_introspection_c
[0.920s] -- Using all available rosidl_typesupport_cpp: rosidl_typesupport_fastrtps_cpp;rosidl_typesupport_introspection_cpp
[1.026s] -- Found rmw_implementation_cmake: 7.3.3 (/opt/ros/jazzy/share/rmw_implementation_cmake/cmake)
[1.032s] -- Found rmw_fastrtps_cpp: 8.4.3 (/opt/ros/jazzy/share/rmw_fastrtps_cpp/cmake)
[1.169s] -- Found OpenSSL: /usr/lib/x86_64-linux-gnu/libcrypto.so (found version "3.0.13")  
[1.191s] -- Found FastRTPS: /opt/ros/jazzy/include (Required is at least version "2.13") 
[1.218s] -- Using RMW implementation 'rmw_fastrtps_cpp' as default
[1.311s] -- Found rclcpp_components: 28.1.16 (/opt/ros/jazzy/share/rclcpp_components/cmake)
[1.363s] -- Found geometry_msgs: 5.3.6 (/opt/ros/jazzy/share/geometry_msgs/cmake)
[1.403s] -- Found tf2_ros: 0.36.19 (/opt/ros/jazzy/share/tf2_ros/cmake)
[1.521s] -- Found tf2_eigen: 0.36.19 (/opt/ros/jazzy/share/tf2_eigen/cmake)
[1.540s] -- Found tf2_geometry_msgs: 0.36.19 (/opt/ros/jazzy/share/tf2_geometry_msgs/cmake)
[1.557s] -- Found eigen3_cmake_module: 0.3.0 (/opt/ros/jazzy/share/eigen3_cmake_module/cmake)
[1.558s] -- Found Eigen3: TRUE (found version "3.4.0") 
[1.558s] -- Ensuring Eigen3 include directory is part of orocos-kdl CMake target
[1.570s] -- Found ament_lint_auto: 0.17.4 (/opt/ros/jazzy/share/ament_lint_auto/cmake)
[1.682s] -- Added test 'copyright' to check source files copyright and LICENSE
[1.689s] -- Added test 'pep257' to check Python code against some of the docstring style conventions in PEP 257
[1.692s] -- Configuring done (1.7s)
[1.700s] -- Generating done (0.0s)
[1.702s] -- Build files have been written to: /root/Shared/MIAPR_Projekt/colcon_ws/build/mesh_navigation_pluto_sim
[1.714s] Invoked command in '/root/Shared/MIAPR_Projekt/colcon_ws/build/mesh_navigation_pluto_sim' returned '0': AMENT_PREFIX_PATH=/root/Shared/MIAPR_Projekt/colcon_ws/install/mesh_navigation_tutorials_sim:${AMENT_PREFIX_PATH} CMAKE_PREFIX_PATH=/root/Shared/MIAPR_Projekt/colcon_ws/install/mesh_navigation_tutorials_sim:/root/Shared/MIAPR_Projekt/colcon_ws/install/mesh_tools:/root/Shared/MIAPR_Projekt/colcon_ws/install/rviz_mesh_tools_plugins:/root/Shared/MIAPR_Projekt/colcon_ws/install/mesh_navigation:/root/Shared/MIAPR_Projekt/colcon_ws/install/mesh_msgs_transform:/root/Shared/MIAPR_Projekt/colcon_ws/install/mesh_layers:/root/Shared/MIAPR_Projekt/colcon_ws/install/mesh_controller:/root/Shared/MIAPR_Projekt/colcon_ws/install/mbf_mesh_nav:/root/Shared/MIAPR_Projekt/colcon_ws/install/dijkstra_mesh_planner:/root/Shared/MIAPR_Projekt/colcon_ws/install/cvp_mesh_planner:/root/Shared/MIAPR_Projekt/colcon_ws/install/mbf_mesh_core:/root/Shared/MIAPR_Projekt/colcon_ws/install/mesh_map:/root/Shared/MIAPR_Projekt/colcon_ws/install/mesh_msgs_conversions:/root/Shared/MIAPR_Projekt/colcon_ws/install/label_manager:/root/Shared/MIAPR_Projekt/colcon_ws/install/mesh_msgs:/opt/ros/jazzy/opt/gz_math_vendor:/opt/ros/jazzy/opt/gz_utils_vendor:/opt/ros/jazzy/opt/gz_cmake_vendor:/opt/ros/jazzy GZ_SIM_RESOURCE_PATH=/root/Shared/MIAPR_Projekt/colcon_ws/install/mesh_navigation_tutorials_sim/share/mesh_navigation_tutorials_sim/models LD_LIBRARY_PATH=/root/Shared/MIAPR_Projekt/colcon_ws/install/mesh_navigation_tutorials_sim/lib:${LD_LIBRARY_PATH} /usr/bin/cmake /root/Shared/MIAPR_Projekt/colcon_ws/src/mesh_navigation_tutorials/mesh_navigation_pluto_sim -DAMENT_CMAKE_SYMLINK_INSTALL=1 -DCMAKE_INSTALL_PREFIX=/root/Shared/MIAPR_Projekt/colcon_ws/install/mesh_navigation_pluto_sim
[1.715s] Invoking command in '/root/Shared/MIAPR_Projekt/colcon_ws/build/mesh_navigation_pluto_sim': AMENT_PREFIX_PATH=/root/Shared/MIAPR_Projekt/colcon_ws/install/mesh_navigation_tutorials_sim:${AMENT_PREFIX_PATH} CMAKE_PREFIX_PATH=/root/Shared/MIAPR_Projekt/colcon_ws/install/mesh_navigation_tutorials_sim:/root/Shared/MIAPR_Projekt/colcon_ws/install/mesh_tools:/root/Shared/MIAPR_Projekt/colcon_ws/install/rviz_mesh_tools_plugins:/root/Shared/MIAPR_Projekt/colcon_ws/install/mesh_navigation:/root/Shared/MIAPR_Projekt/colcon_ws/install/mesh_msgs_transform:/root/Shared/MIAPR_Projekt/colcon_ws/install/mesh_layers:/root/Shared/MIAPR_Projekt/colcon_ws/install/mesh_controller:/root/Shared/MIAPR_Projekt/colcon_ws/install/mbf_mesh_nav:/root/Shared/MIAPR_Projekt/colcon_ws/install/dijkstra_mesh_planner:/root/Shared/MIAPR_Projekt/colcon_ws/install/cvp_mesh_planner:/root/Shared/MIAPR_Projekt/colcon_ws/install/mbf_mesh_core:/root/Shared/MIAPR_Projekt/colcon_ws/install/mesh_map:/root/Shared/MIAPR_Projekt/colcon_ws/install/mesh_msgs_conversions:/root/Shared/MIAPR_Projekt/colcon_ws/install/label_manager:/root/Shared/MIAPR_Projekt/colcon_ws/install/mesh_msgs:/opt/ros/jazzy/opt/gz_math_vendor:/opt/ros/jazzy/opt/gz_utils_vendor:/opt/ros/jazzy/opt/gz_cmake_vendor:/opt/ros/jazzy GZ_SIM_RESOURCE_PATH=/root/Shared/MIAPR_Projekt/colcon_ws/install/mesh_navigation_tutorials_sim/share/mesh_navigation_tutorials_sim/models LD_LIBRARY_PATH=/root/Shared/MIAPR_Projekt/colcon_ws/install/mesh_navigation_tutorials_sim/lib:${LD_LIBRARY_PATH} /usr/bin/cmake --build /root/Shared/MIAPR_Projekt/colcon_ws/build/mesh_navigation_pluto_sim -- -j12 -l12
[1.775s] Invoked command in '/root/Shared/MIAPR_Projekt/colcon_ws/build/mesh_navigation_pluto_sim' returned '0': AMENT_PREFIX_PATH=/root/Shared/MIAPR_Projekt/colcon_ws/install/mesh_navigation_tutorials_sim:${AMENT_PREFIX_PATH} CMAKE_PREFIX_PATH=/root/Shared/MIAPR_Projekt/colcon_ws/install/mesh_navigation_tutorials_sim:/root/Shared/MIAPR_Projekt/colcon_ws/install/mesh_tools:/root/Shared/MIAPR_Projekt/colcon_ws/install/rviz_mesh_tools_plugins:/root/Shared/MIAPR_Projekt/colcon_ws/install/mesh_navigation:/root/Shared/MIAPR_Projekt/colcon_ws/install/mesh_msgs_transform:/root/Shared/MIAPR_Projekt/colcon_ws/install/mesh_layers:/root/Shared/MIAPR_Projekt/colcon_ws/install/mesh_controller:/root/Shared/MIAPR_Projekt/colcon_ws/install/mbf_mesh_nav:/root/Shared/MIAPR_Projekt/colcon_ws/install/dijkstra_mesh_planner:/root/Shared/MIAPR_Projekt/colcon_ws/install/cvp_mesh_planner:/root/Shared/MIAPR_Projekt/colcon_ws/install/mbf_mesh_core:/root/Shared/MIAPR_Projekt/colcon_ws/install/mesh_map:/root/Shared/MIAPR_Projekt/colcon_ws/install/mesh_msgs_conversions:/root/Shared/MIAPR_Projekt/colcon_ws/install/label_manager:/root/Shared/MIAPR_Projekt/colcon_ws/install/mesh_msgs:/opt/ros/jazzy/opt/gz_math_vendor:/opt/ros/jazzy/opt/gz_utils_vendor:/opt/ros/jazzy/opt/gz_cmake_vendor:/opt/ros/jazzy GZ_SIM_RESOURCE_PATH=/root/Shared/MIAPR_Projekt/colcon_ws/install/mesh_navigation_tutorials_sim/share/mesh_navigation_tutorials_sim/models LD_LIBRARY_PATH=/root/Shared/MIAPR_Projekt/colcon_ws/install/mesh_navigation_tutorials_sim/lib:${LD_LIBRARY_PATH} /usr/bin/cmake --build /root/Shared/MIAPR_Projekt/colcon_ws/build/mesh_navigation_pluto_sim -- -j12 -l12
[1.777s] Invoking command in '/root/Shared/MIAPR_Projekt/colcon_ws/build/mesh_navigation_pluto_sim': AMENT_PREFIX_PATH=/root/Shared/MIAPR_Projekt/colcon_ws/install/mesh_navigation_tutorials_sim:${AMENT_PREFIX_PATH} CMAKE_PREFIX_PATH=/root/Shared/MIAPR_Projekt/colcon_ws/install/mesh_navigation_tutorials_sim:/root/Shared/MIAPR_Projekt/colcon_ws/install/mesh_tools:/root/Shared/MIAPR_Projekt/colcon_ws/install/rviz_mesh_tools_plugins:/root/Shared/MIAPR_Projekt/colcon_ws/install/mesh_navigation:/root/Shared/MIAPR_Projekt/colcon_ws/install/mesh_msgs_transform:/root/Shared/MIAPR_Projekt/colcon_ws/install/mesh_layers:/root/Shared/MIAPR_Projekt/colcon_ws/install/mesh_controller:/root/Shared/MIAPR_Projekt/colcon_ws/install/mbf_mesh_nav:/root/Shared/MIAPR_Projekt/colcon_ws/install/dijkstra_mesh_planner:/root/Shared/MIAPR_Projekt/colcon_ws/install/cvp_mesh_planner:/root/Shared/MIAPR_Projekt/colcon_ws/install/mbf_mesh_core:/root/Shared/MIAPR_Projekt/colcon_ws/install/mesh_map:/root/Shared/MIAPR_Projekt/colcon_ws/install/mesh_msgs_conversions:/root/Shared/MIAPR_Projekt/colcon_ws/install/label_manager:/root/Shared/MIAPR_Projekt/colcon_ws/install/mesh_msgs:/opt/ros/jazzy/opt/gz_math_vendor:/opt/ros/jazzy/opt/gz_utils_vendor:/opt/ros/jazzy/opt/gz_cmake_vendor:/opt/ros/jazzy GZ_SIM_RESOURCE_PATH=/root/Shared/MIAPR_Projekt/colcon_ws/install/mesh_navigation_tutorials_sim/share/mesh_navigation_tutorials_sim/models LD_LIBRARY_PATH=/root/Shared/MIAPR_Projekt/colcon_ws/install/mesh_navigation_tutorials_sim/lib:${LD_LIBRARY_PATH} /usr/bin/cmake --install /root/Shared/MIAPR_Projekt/colcon_ws/build/mesh_navigation_pluto_sim
[1.788s] -- Install configuration: "Release"
[1.789s] -- Execute custom install script
[1.789s] -- Symlinking: /root/Shared/MIAPR_Projekt/colcon_ws/install/mesh_navigation_pluto_sim/share/mesh_navigation_pluto_sim/environment/mesh_navigation_pluto_sim.dsv
[1.802s] -- Symlinking: /root/Shared/MIAPR_Projekt/colcon_ws/install/mesh_navigation_pluto_sim/share/mesh_navigation_pluto_sim/environment/mesh_navigation_pluto_sim.sh
[1.815s] -- Symlinking: /root/Shared/MIAPR_Projekt/colcon_ws/install/mesh_navigation_pluto_sim/share/mesh_navigation_pluto_sim/launch/simulation_launch.py
[1.828s] -- Symlinking: /root/Shared/MIAPR_Projekt/colcon_ws/install/mesh_navigation_pluto_sim/share/mesh_navigation_pluto_sim/models/README.md
[1.841s] -- Symlinking: /root/Shared/MIAPR_Projekt/colcon_ws/install/mesh_navigation_pluto_sim/share/mesh_navigation_pluto_sim/worlds/README.md
[1.854s] -- Symlinking: /root/Shared/MIAPR_Projekt/colcon_ws/install/mesh_navigation_pluto_sim/share/ament_index/resource_index/package_run_dependencies/mesh_navigation_pluto_sim
[1.867s] -- Symlinking: /root/Shared/MIAPR_Projekt/colcon_ws/install/mesh_navigation_pluto_sim/share/ament_index/resource_index/parent_prefix_path/mesh_navigation_pluto_sim
[1.880s] -- Symlinking: /root/Shared/MIAPR_Projekt/colcon_ws/install/mesh_navigation_pluto_sim/share/mesh_navigation_pluto_sim/environment/ament_prefix_path.sh
[1.893s] -- Symlinking: /root/Shared/MIAPR_Projekt/colcon_ws/install/mesh_navigation_pluto_sim/share/mesh_navigation_pluto_sim/environment/ament_prefix_path.dsv
[1.906s] -- Symlinking: /root/Shared/MIAPR_Projekt/colcon_ws/install/mesh_navigation_pluto_sim/share/mesh_navigation_pluto_sim/environment/path.sh
[1.919s] -- Symlinking: /root/Shared/MIAPR_Projekt/colcon_ws/install/mesh_navigation_pluto_sim/share/mesh_navigation_pluto_sim/environment/path.dsv
[1.932s] -- Symlinking: /root/Shared/MIAPR_Projekt/colcon_ws/install/mesh_navigation_pluto_sim/share/mesh_navigation_pluto_sim/local_setup.bash
[1.946s] -- Symlinking: /root/Shared/MIAPR_Projekt/colcon_ws/install/mesh_navigation_pluto_sim/share/mesh_navigation_pluto_sim/local_setup.sh
[1.959s] -- Symlinking: /root/Shared/MIAPR_Projekt/colcon_ws/install/mesh_navigation_pluto_sim/share/mesh_navigation_pluto_sim/local_setup.zsh
[1.972s] -- Symlinking: /root/Shared/MIAPR_Projekt/colcon_ws/install/mesh_navigation_pluto_sim/share/mesh_navigation_pluto_sim/local_setup.dsv
[1.985s] -- Symlinking: /root/Shared/MIAPR_Projekt/colcon_ws/install/mesh_navigation_pluto_sim/share/mesh_navigation_pluto_sim/package.dsv
[1.998s] -- Symlinking: /root/Shared/MIAPR_Projekt/colcon_ws/install/mesh_navigation_pluto_sim/share/ament_index/resource_index/packages/mesh_navigation_pluto_sim
[2.012s] -- Symlinking: /root/Shared/MIAPR_Projekt/colcon_ws/install/mesh_navigation_pluto_sim/share/mesh_navigation_pluto_sim/cmake/mesh_navigation_pluto_simConfig.cmake
[2.024s] -- Symlinking: /root/Shared/MIAPR_Projekt/colcon_ws/install/mesh_navigation_pluto_sim/share/mesh_navigation_pluto_sim/cmake/mesh_navigation_pluto_simConfig-version.cmake
[2.038s] -- Symlinking: /root/Shared/MIAPR_Projekt/colcon_ws/install/mesh_navigation_pluto_sim/share/mesh_navigation_pluto_sim/package.xml
[2.054s] Invoked command in '/root/Shared/MIAPR_Projekt/colcon_ws/build/mesh_navigation_pluto_sim' returned '0': AMENT_PREFIX_PATH=/root/Shared/MIAPR_Projekt/colcon_ws/install/mesh_navigation_tutorials_sim:${AMENT_PREFIX_PATH} CMAKE_PREFIX_PATH=/root/Shared/MIAPR_Projekt/colcon_ws/install/mesh_navigation_tutorials_sim:/root/Shared/MIAPR_Projekt/colcon_ws/install/mesh_tools:/root/Shared/MIAPR_Projekt/colcon_ws/install/rviz_mesh_tools_plugins:/root/Shared/MIAPR_Projekt/colcon_ws/install/mesh_navigation:/root/Shared/MIAPR_Projekt/colcon_ws/install/mesh_msgs_transform:/root/Shared/MIAPR_Projekt/colcon_ws/install/mesh_layers:/root/Shared/MIAPR_Projekt/colcon_ws/install/mesh_controller:/root/Shared/MIAPR_Projekt/colcon_ws/install/mbf_mesh_nav:/root/Shared/MIAPR_Projekt/colcon_ws/install/dijkstra_mesh_planner:/root/Shared/MIAPR_Projekt/colcon_ws/install/cvp_mesh_planner:/root/Shared/MIAPR_Projekt/colcon_ws/install/mbf_mesh_core:/root/Shared/MIAPR_Projekt/colcon_ws/install/mesh_map:/root/Shared/MIAPR_Projekt/colcon_ws/install/mesh_msgs_conversions:/root/Shared/MIAPR_Projekt/colcon_ws/install/label_manager:/root/Shared/MIAPR_Projekt/colcon_ws/install/mesh_msgs:/opt/ros/jazzy/opt/gz_math_vendor:/opt/ros/jazzy/opt/gz_utils_vendor:/opt/ros/jazzy/opt/gz_cmake_vendor:/opt/ros/jazzy GZ_SIM_RESOURCE_PATH=/root/Shared/MIAPR_Projekt/colcon_ws/install/mesh_navigation_tutorials_sim/share/mesh_navigation_tutorials_sim/models LD_LIBRARY_PATH=/root/Shared/MIAPR_Projekt/colcon_ws/install/mesh_navigation_tutorials_sim/lib:${LD_LIBRARY_PATH} /usr/bin/cmake --install /root/Shared/MIAPR_Projekt/colcon_ws/build/mesh_navigation_pluto_sim
