[0.012s] Invoking command in '/root/Shared/MIAPR_Projekt/colcon_ws/build/mesh_msgs_transform': AMENT_PREFIX_PATH=/root/Shared/MIAPR_Projekt/colcon_ws/install/mesh_msgs:${AMENT_PREFIX_PATH} CMAKE_PREFIX_PATH=/root/Shared/MIAPR_Projekt/colcon_ws/install/mesh_msgs:/opt/ros/jazzy/opt/gz_math_vendor:/opt/ros/jazzy/opt/gz_utils_vendor:/opt/ros/jazzy/opt/gz_cmake_vendor:/opt/ros/jazzy LD_LIBRARY_PATH=/root/Shared/MIAPR_Projekt/colcon_ws/install/mesh_msgs/lib:${LD_LIBRARY_PATH} PYTHONPATH=/root/Shared/MIAPR_Projekt/colcon_ws/install/mesh_msgs/lib/python3.12/site-packages:${PYTHONPATH} /usr/bin/cmake --build /root/Shared/MIAPR_Projekt/colcon_ws/build/mesh_msgs_transform -- -j12 -l12
[0.096s] [100%] Built target mesh_msgs_transform
[0.111s] Invoked command in '/root/Shared/MIAPR_Projekt/colcon_ws/build/mesh_msgs_transform' returned '0': AMENT_PREFIX_PATH=/root/Shared/MIAPR_Projekt/colcon_ws/install/mesh_msgs:${AMENT_PREFIX_PATH} CMAKE_PREFIX_PATH=/root/Shared/MIAPR_Projekt/colcon_ws/install/mesh_msgs:/opt/ros/jazzy/opt/gz_math_vendor:/opt/ros/jazzy/opt/gz_utils_vendor:/opt/ros/jazzy/opt/gz_cmake_vendor:/opt/ros/jazzy LD_LIBRARY_PATH=/root/Shared/MIAPR_Projekt/colcon_ws/install/mesh_msgs/lib:${LD_LIBRARY_PATH} PYTHONPATH=/root/Shared/MIAPR_Projekt/colcon_ws/install/mesh_msgs/lib/python3.12/site-packages:${PYTHONPATH} /usr/bin/cmake --build /root/Shared/MIAPR_Projekt/colcon_ws/build/mesh_msgs_transform -- -j12 -l12
[0.114s] Invoking command in '/root/Shared/MIAPR_Projekt/colcon_ws/build/mesh_msgs_transform': AMENT_PREFIX_PATH=/root/Shared/MIAPR_Projekt/colcon_ws/install/mesh_msgs:${AMENT_PREFIX_PATH} CMAKE_PREFIX_PATH=/root/Shared/MIAPR_Projekt/colcon_ws/install/mesh_msgs:/opt/ros/jazzy/opt/gz_math_vendor:/opt/ros/jazzy/opt/gz_utils_vendor:/opt/ros/jazzy/opt/gz_cmake_vendor:/opt/ros/jazzy LD_LIBRARY_PATH=/root/Shared/MIAPR_Projekt/colcon_ws/install/mesh_msgs/lib:${LD_LIBRARY_PATH} PYTHONPATH=/root/Shared/MIAPR_Projekt/colcon_ws/install/mesh_msgs/lib/python3.12/site-packages:${PYTHONPATH} /usr/bin/cmake --install /root/Shared/MIAPR_Projekt/colcon_ws/build/mesh_msgs_transform
[0.124s] -- Install configuration: ""
[0.125s] -- Execute custom install script
[0.126s] -- Up-to-date symlink: /root/Shared/MIAPR_Projekt/colcon_ws/install/mesh_msgs_transform/share/mesh_msgs_transform/environment/library_path.sh
[0.126s] -- Up-to-date symlink: /root/Shared/MIAPR_Projekt/colcon_ws/install/mesh_msgs_transform/share/mesh_msgs_transform/environment/library_path.dsv
[0.127s] -- Up-to-date symlink: /root/Shared/MIAPR_Projekt/colcon_ws/install/mesh_msgs_transform/include/mesh_msgs_transform/mesh_msgs_transform/transforms.h
[0.127s] -- Up-to-date symlink: /root/Shared/MIAPR_Projekt/colcon_ws/install/mesh_msgs_transform/share/ament_index/resource_index/package_run_dependencies/mesh_msgs_transform
[0.127s] -- Up-to-date symlink: /root/Shared/MIAPR_Projekt/colcon_ws/install/mesh_msgs_transform/share/ament_index/resource_index/parent_prefix_path/mesh_msgs_transform
[0.128s] -- Up-to-date symlink: /root/Shared/MIAPR_Projekt/colcon_ws/install/mesh_msgs_transform/share/mesh_msgs_transform/environment/ament_prefix_path.sh
[0.128s] -- Up-to-date symlink: /root/Shared/MIAPR_Projekt/colcon_ws/install/mesh_msgs_transform/share/mesh_msgs_transform/environment/ament_prefix_path.dsv
[0.128s] -- Up-to-date symlink: /root/Shared/MIAPR_Projekt/colcon_ws/install/mesh_msgs_transform/share/mesh_msgs_transform/environment/path.sh
[0.128s] -- Up-to-date symlink: /root/Shared/MIAPR_Projekt/colcon_ws/install/mesh_msgs_transform/share/mesh_msgs_transform/environment/path.dsv
[0.128s] -- Up-to-date symlink: /root/Shared/MIAPR_Projekt/colcon_ws/install/mesh_msgs_transform/share/mesh_msgs_transform/local_setup.bash
[0.129s] -- Up-to-date symlink: /root/Shared/MIAPR_Projekt/colcon_ws/install/mesh_msgs_transform/share/mesh_msgs_transform/local_setup.sh
[0.129s] -- Up-to-date symlink: /root/Shared/MIAPR_Projekt/colcon_ws/install/mesh_msgs_transform/share/mesh_msgs_transform/local_setup.zsh
[0.129s] -- Up-to-date symlink: /root/Shared/MIAPR_Projekt/colcon_ws/install/mesh_msgs_transform/share/mesh_msgs_transform/local_setup.dsv
[0.129s] -- Symlinking: /root/Shared/MIAPR_Projekt/colcon_ws/install/mesh_msgs_transform/share/mesh_msgs_transform/package.dsv
[0.141s] -- Up-to-date symlink: /root/Shared/MIAPR_Projekt/colcon_ws/install/mesh_msgs_transform/share/ament_index/resource_index/packages/mesh_msgs_transform
[0.141s] -- Up-to-date symlink: /root/Shared/MIAPR_Projekt/colcon_ws/install/mesh_msgs_transform/share/mesh_msgs_transform/cmake/ament_cmake_export_include_directories-extras.cmake
[0.141s] -- Up-to-date symlink: /root/Shared/MIAPR_Projekt/colcon_ws/install/mesh_msgs_transform/share/mesh_msgs_transform/cmake/ament_cmake_export_targets-extras.cmake
[0.141s] -- Up-to-date symlink: /root/Shared/MIAPR_Projekt/colcon_ws/install/mesh_msgs_transform/share/mesh_msgs_transform/cmake/ament_cmake_export_dependencies-extras.cmake
[0.142s] -- Up-to-date symlink: /root/Shared/MIAPR_Projekt/colcon_ws/install/mesh_msgs_transform/share/mesh_msgs_transform/cmake/mesh_msgs_transformConfig.cmake
[0.142s] -- Up-to-date symlink: /root/Shared/MIAPR_Projekt/colcon_ws/install/mesh_msgs_transform/share/mesh_msgs_transform/cmake/mesh_msgs_transformConfig-version.cmake
[0.142s] -- Up-to-date symlink: /root/Shared/MIAPR_Projekt/colcon_ws/install/mesh_msgs_transform/share/mesh_msgs_transform/package.xml
[0.142s] -- Up-to-date: /root/Shared/MIAPR_Projekt/colcon_ws/install/mesh_msgs_transform/lib/libmesh_msgs_transform.a
[0.143s] -- Up-to-date: /root/Shared/MIAPR_Projekt/colcon_ws/install/mesh_msgs_transform/share/mesh_msgs_transform/cmake/mesh_msgs_transformExport.cmake
[0.143s] -- Up-to-date: /root/Shared/MIAPR_Projekt/colcon_ws/install/mesh_msgs_transform/share/mesh_msgs_transform/cmake/mesh_msgs_transformExport-noconfig.cmake
[0.145s] Invoked command in '/root/Shared/MIAPR_Projekt/colcon_ws/build/mesh_msgs_transform' returned '0': AMENT_PREFIX_PATH=/root/Shared/MIAPR_Projekt/colcon_ws/install/mesh_msgs:${AMENT_PREFIX_PATH} CMAKE_PREFIX_PATH=/root/Shared/MIAPR_Projekt/colcon_ws/install/mesh_msgs:/opt/ros/jazzy/opt/gz_math_vendor:/opt/ros/jazzy/opt/gz_utils_vendor:/opt/ros/jazzy/opt/gz_cmake_vendor:/opt/ros/jazzy LD_LIBRARY_PATH=/root/Shared/MIAPR_Projekt/colcon_ws/install/mesh_msgs/lib:${LD_LIBRARY_PATH} PYTHONPATH=/root/Shared/MIAPR_Projekt/colcon_ws/install/mesh_msgs/lib/python3.12/site-packages:${PYTHONPATH} /usr/bin/cmake --install /root/Shared/MIAPR_Projekt/colcon_ws/build/mesh_msgs_transform
