[0.021s] Invoking command in '/root/Shared/MIAPR_Projekt/build/mbf_abstract_core': CMAKE_PREFIX_PATH=${CMAKE_PREFIX_PATH}:/opt/ros/jazzy /usr/bin/cmake /root/Shared/MIAPR_Projekt/colcon_ws/src/move_base_flex/mbf_abstract_core -DCMAKE_INSTALL_PREFIX=/root/Shared/MIAPR_Projekt/install/mbf_abstract_core
[0.264s] -- The C compiler identification is GNU 13.3.0
[0.403s] -- The CXX compiler identification is GNU 13.3.0
[0.431s] -- Detecting C compiler ABI info
[0.578s] -- Detecting C compiler ABI info - done
[0.588s] -- Check for working C compiler: /usr/bin/cc - skipped
[0.588s] -- Detecting C compile features
[0.589s] -- Detecting C compile features - done
[0.602s] -- Detecting CXX compiler ABI info
[0.743s] -- Detecting CXX compiler ABI info - done
[0.754s] -- Check for working CXX compiler: /usr/bin/c++ - skipped
[0.755s] -- Detecting CXX compile features
[0.755s] -- Detecting CXX compile features - done
[0.794s] -- Found ament_cmake: 2.5.5 (/opt/ros/jazzy/share/ament_cmake/cmake)
[1.104s] -- Found Python3: /usr/bin/python3 (found version "3.12.3") found components: Interpreter 
[1.333s] -- Found std_msgs: 5.3.6 (/opt/ros/jazzy/share/std_msgs/cmake)
[1.443s] -- Found rosidl_generator_c: 4.6.7 (/opt/ros/jazzy/share/rosidl_generator_c/cmake)
[1.473s] -- Found rosidl_generator_cpp: 4.6.7 (/opt/ros/jazzy/share/rosidl_generator_cpp/cmake)
[1.502s] -- Using all available rosidl_typesupport_c: rosidl_typesupport_fastrtps_c;rosidl_typesupport_introspection_c
[1.538s] -- Using all available rosidl_typesupport_cpp: rosidl_typesupport_fastrtps_cpp;rosidl_typesupport_introspection_cpp
[1.597s] -- Found geometry_msgs: 5.3.6 (/opt/ros/jazzy/share/geometry_msgs/cmake)
[1.733s] -- Configuring done (1.7s)
[1.739s] -- Generating done (0.0s)
[1.741s] -- Build files have been written to: /root/Shared/MIAPR_Projekt/build/mbf_abstract_core
[1.748s] Invoked command in '/root/Shared/MIAPR_Projekt/build/mbf_abstract_core' returned '0': CMAKE_PREFIX_PATH=${CMAKE_PREFIX_PATH}:/opt/ros/jazzy /usr/bin/cmake /root/Shared/MIAPR_Projekt/colcon_ws/src/move_base_flex/mbf_abstract_core -DCMAKE_INSTALL_PREFIX=/root/Shared/MIAPR_Projekt/install/mbf_abstract_core
[1.749s] Invoking command in '/root/Shared/MIAPR_Projekt/build/mbf_abstract_core': CMAKE_PREFIX_PATH=${CMAKE_PREFIX_PATH}:/opt/ros/jazzy /usr/bin/cmake --build /root/Shared/MIAPR_Projekt/build/mbf_abstract_core -- -j12 -l12
[1.808s] Invoked command in '/root/Shared/MIAPR_Projekt/build/mbf_abstract_core' returned '0': CMAKE_PREFIX_PATH=${CMAKE_PREFIX_PATH}:/opt/ros/jazzy /usr/bin/cmake --build /root/Shared/MIAPR_Projekt/build/mbf_abstract_core -- -j12 -l12
[1.823s] Invoking command in '/root/Shared/MIAPR_Projekt/build/mbf_abstract_core': CMAKE_PREFIX_PATH=${CMAKE_PREFIX_PATH}:/opt/ros/jazzy /usr/bin/cmake --install /root/Shared/MIAPR_Projekt/build/mbf_abstract_core
[1.835s] -- Install configuration: ""
[1.835s] -- Installing: /root/Shared/MIAPR_Projekt/install/mbf_abstract_core/include
[1.835s] -- Installing: /root/Shared/MIAPR_Projekt/install/mbf_abstract_core/include/mbf_abstract_core
[1.835s] -- Installing: /root/Shared/MIAPR_Projekt/install/mbf_abstract_core/include/mbf_abstract_core/abstract_recovery.h
[1.836s] -- Installing: /root/Shared/MIAPR_Projekt/install/mbf_abstract_core/include/mbf_abstract_core/abstract_controller.h
[1.836s] -- Installing: /root/Shared/MIAPR_Projekt/install/mbf_abstract_core/include/mbf_abstract_core/abstract_planner.h
[1.836s] -- Installing: /root/Shared/MIAPR_Projekt/install/mbf_abstract_core/share/ament_index/resource_index/package_run_dependencies/mbf_abstract_core
[1.836s] -- Installing: /root/Shared/MIAPR_Projekt/install/mbf_abstract_core/share/ament_index/resource_index/parent_prefix_path/mbf_abstract_core
[1.837s] -- Installing: /root/Shared/MIAPR_Projekt/install/mbf_abstract_core/share/mbf_abstract_core/environment/ament_prefix_path.sh
[1.837s] -- Installing: /root/Shared/MIAPR_Projekt/install/mbf_abstract_core/share/mbf_abstract_core/environment/ament_prefix_path.dsv
[1.837s] -- Installing: /root/Shared/MIAPR_Projekt/install/mbf_abstract_core/share/mbf_abstract_core/environment/path.sh
[1.837s] -- Installing: /root/Shared/MIAPR_Projekt/install/mbf_abstract_core/share/mbf_abstract_core/environment/path.dsv
[1.837s] -- Installing: /root/Shared/MIAPR_Projekt/install/mbf_abstract_core/share/mbf_abstract_core/local_setup.bash
[1.838s] -- Installing: /root/Shared/MIAPR_Projekt/install/mbf_abstract_core/share/mbf_abstract_core/local_setup.sh
[1.838s] -- Installing: /root/Shared/MIAPR_Projekt/install/mbf_abstract_core/share/mbf_abstract_core/local_setup.zsh
[1.838s] -- Installing: /root/Shared/MIAPR_Projekt/install/mbf_abstract_core/share/mbf_abstract_core/local_setup.dsv
[1.838s] -- Installing: /root/Shared/MIAPR_Projekt/install/mbf_abstract_core/share/mbf_abstract_core/package.dsv
[1.838s] -- Installing: /root/Shared/MIAPR_Projekt/install/mbf_abstract_core/share/ament_index/resource_index/packages/mbf_abstract_core
[1.838s] -- Installing: /root/Shared/MIAPR_Projekt/install/mbf_abstract_core/share/mbf_abstract_core/cmake/ament_cmake_export_include_directories-extras.cmake
[1.839s] -- Installing: /root/Shared/MIAPR_Projekt/install/mbf_abstract_core/share/mbf_abstract_core/cmake/ament_cmake_export_dependencies-extras.cmake
[1.839s] -- Installing: /root/Shared/MIAPR_Projekt/install/mbf_abstract_core/share/mbf_abstract_core/cmake/mbf_abstract_coreConfig.cmake
[1.839s] -- Installing: /root/Shared/MIAPR_Projekt/install/mbf_abstract_core/share/mbf_abstract_core/cmake/mbf_abstract_coreConfig-version.cmake
[1.839s] -- Installing: /root/Shared/MIAPR_Projekt/install/mbf_abstract_core/share/mbf_abstract_core/package.xml
[1.842s] Invoked command in '/root/Shared/MIAPR_Projekt/build/mbf_abstract_core' returned '0': CMAKE_PREFIX_PATH=${CMAKE_PREFIX_PATH}:/opt/ros/jazzy /usr/bin/cmake --install /root/Shared/MIAPR_Projekt/build/mbf_abstract_core
