[0.018s] Invoking command in '/root/Shared/MIAPR_Projekt/colcon_ws/build/mesh_msgs': CMAKE_PREFIX_PATH=${CMAKE_PREFIX_PATH}:/opt/ros/jazzy /usr/bin/cmake --build /root/Shared/MIAPR_Projekt/colcon_ws/build/mesh_msgs -- -j12 -l12
[0.115s] [  0%] Built target mesh_msgs__rosidl_generator_type_description
[0.128s] [  0%] Built target ament_cmake_python_symlink_mesh_msgs
[0.150s] [  0%] Built target mesh_msgs__cpp
[0.175s] [ 28%] Built target mesh_msgs__rosidl_generator_c
[0.223s] [ 48%] Built target mesh_msgs__rosidl_typesupport_introspection_c
[0.224s] [ 48%] Built target mesh_msgs__rosidl_typesupport_c
[0.229s] [ 67%] Built target mesh_msgs__rosidl_typesupport_fastrtps_c
[0.230s] [ 68%] Built target mesh_msgs__rosidl_typesupport_cpp
[0.231s] [ 77%] Built target mesh_msgs__rosidl_typesupport_introspection_cpp
[0.232s] [ 87%] Built target mesh_msgs__rosidl_typesupport_fastrtps_cpp
[0.262s] [ 87%] Built target mesh_msgs
[0.298s] [ 87%] Built target mesh_msgs__py
[0.342s] running egg_info
[0.346s] [ 97%] Built target mesh_msgs__rosidl_generator_py
[0.360s] writing mesh_msgs.egg-info/PKG-INFO
[0.360s] writing dependency_links to mesh_msgs.egg-info/dependency_links.txt
[0.360s] writing top-level names to mesh_msgs.egg-info/top_level.txt
[0.378s] [ 99%] Built target mesh_msgs_s__rosidl_typesupport_introspection_c
[0.378s] [ 99%] Built target mesh_msgs_s__rosidl_typesupport_fastrtps_c
[0.382s] [100%] Built target mesh_msgs_s__rosidl_typesupport_c
[0.411s] reading manifest file 'mesh_msgs.egg-info/SOURCES.txt'
[0.412s] writing manifest file 'mesh_msgs.egg-info/SOURCES.txt'
[0.449s] [100%] Built target ament_cmake_python_build_mesh_msgs_egg
[0.469s] Invoked command in '/root/Shared/MIAPR_Projekt/colcon_ws/build/mesh_msgs' returned '0': CMAKE_PREFIX_PATH=${CMAKE_PREFIX_PATH}:/opt/ros/jazzy /usr/bin/cmake --build /root/Shared/MIAPR_Projekt/colcon_ws/build/mesh_msgs -- -j12 -l12
[0.485s] Invoking command in '/root/Shared/MIAPR_Projekt/colcon_ws/build/mesh_msgs': CMAKE_PREFIX_PATH=${CMAKE_PREFIX_PATH}:/opt/ros/jazzy /usr/bin/cmake --install /root/Shared/MIAPR_Projekt/colcon_ws/build/mesh_msgs
[0.496s] -- Install configuration: ""
[0.497s] -- Execute custom install script
[0.498s] -- Up-to-date symlink: /root/Shared/MIAPR_Projekt/colcon_ws/install/mesh_msgs/share/ament_index/resource_index/rosidl_interfaces/mesh_msgs
[0.498s] -- Up-to-date symlink: /root/Shared/MIAPR_Projekt/colcon_ws/install/mesh_msgs/share/mesh_msgs/msg/MeshFaceCluster.json
[0.498s] -- Up-to-date symlink: /root/Shared/MIAPR_Projekt/colcon_ws/install/mesh_msgs/share/mesh_msgs/msg/MeshFaceClusterStamped.json
[0.498s] -- Up-to-date symlink: /root/Shared/MIAPR_Projekt/colcon_ws/install/mesh_msgs/share/mesh_msgs/msg/MeshMaterial.json
[0.499s] -- Up-to-date symlink: /root/Shared/MIAPR_Projekt/colcon_ws/install/mesh_msgs/share/mesh_msgs/msg/MeshGeometry.json
[0.499s] -- Up-to-date symlink: /root/Shared/MIAPR_Projekt/colcon_ws/install/mesh_msgs/share/mesh_msgs/msg/MeshGeometryStamped.json
[0.499s] -- Up-to-date symlink: /root/Shared/MIAPR_Projekt/colcon_ws/install/mesh_msgs/share/mesh_msgs/msg/MeshMaterials.json
[0.499s] -- Up-to-date symlink: /root/Shared/MIAPR_Projekt/colcon_ws/install/mesh_msgs/share/mesh_msgs/msg/MeshMaterialsStamped.json
[0.500s] -- Up-to-date symlink: /root/Shared/MIAPR_Projekt/colcon_ws/install/mesh_msgs/share/mesh_msgs/msg/MeshVertexColors.json
[0.500s] -- Up-to-date symlink: /root/Shared/MIAPR_Projekt/colcon_ws/install/mesh_msgs/share/mesh_msgs/msg/MeshVertexColorsStamped.json
[0.500s] -- Up-to-date symlink: /root/Shared/MIAPR_Projekt/colcon_ws/install/mesh_msgs/share/mesh_msgs/msg/MeshVertexCosts.json
[0.500s] -- Up-to-date symlink: /root/Shared/MIAPR_Projekt/colcon_ws/install/mesh_msgs/share/mesh_msgs/msg/MeshVertexCostsStamped.json
[0.501s] -- Up-to-date symlink: /root/Shared/MIAPR_Projekt/colcon_ws/install/mesh_msgs/share/mesh_msgs/msg/MeshVertexCostsSparse.json
[0.501s] -- Up-to-date symlink: /root/Shared/MIAPR_Projekt/colcon_ws/install/mesh_msgs/share/mesh_msgs/msg/MeshVertexCostsSparseStamped.json
[0.501s] -- Up-to-date symlink: /root/Shared/MIAPR_Projekt/colcon_ws/install/mesh_msgs/share/mesh_msgs/msg/MeshTexture.json
[0.502s] -- Up-to-date symlink: /root/Shared/MIAPR_Projekt/colcon_ws/install/mesh_msgs/share/mesh_msgs/msg/MeshTriangleIndices.json
[0.502s] -- Up-to-date symlink: /root/Shared/MIAPR_Projekt/colcon_ws/install/mesh_msgs/share/mesh_msgs/msg/VectorField.json
[0.502s] -- Up-to-date symlink: /root/Shared/MIAPR_Projekt/colcon_ws/install/mesh_msgs/share/mesh_msgs/msg/VectorFieldStamped.json
[0.502s] -- Up-to-date symlink: /root/Shared/MIAPR_Projekt/colcon_ws/install/mesh_msgs/share/mesh_msgs/msg/MeshVertexTexCoords.json
[0.503s] -- Up-to-date symlink: /root/Shared/MIAPR_Projekt/colcon_ws/install/mesh_msgs/share/mesh_msgs/srv/GetGeometry.json
[0.503s] -- Up-to-date symlink: /root/Shared/MIAPR_Projekt/colcon_ws/install/mesh_msgs/share/mesh_msgs/srv/GetLabeledClusters.json
[0.503s] -- Up-to-date symlink: /root/Shared/MIAPR_Projekt/colcon_ws/install/mesh_msgs/share/mesh_msgs/srv/GetMaterials.json
[0.503s] -- Up-to-date symlink: /root/Shared/MIAPR_Projekt/colcon_ws/install/mesh_msgs/share/mesh_msgs/srv/GetTexture.json
[0.503s] -- Up-to-date symlink: /root/Shared/MIAPR_Projekt/colcon_ws/install/mesh_msgs/share/mesh_msgs/srv/GetUUIDs.json
[0.504s] -- Up-to-date symlink: /root/Shared/MIAPR_Projekt/colcon_ws/install/mesh_msgs/share/mesh_msgs/srv/GetVertexColors.json
[0.504s] -- Up-to-date symlink: /root/Shared/MIAPR_Projekt/colcon_ws/install/mesh_msgs/share/mesh_msgs/srv/GetVertexCosts.json
[0.504s] -- Up-to-date symlink: /root/Shared/MIAPR_Projekt/colcon_ws/install/mesh_msgs/share/mesh_msgs/srv/GetVertexCostLayers.json
[0.506s] -- Up-to-date symlink: /root/Shared/MIAPR_Projekt/colcon_ws/install/mesh_msgs/include/mesh_msgs/mesh_msgs/msg/detail/mesh_face_cluster__functions.h
[0.507s] -- Up-to-date symlink: /root/Shared/MIAPR_Projekt/colcon_ws/install/mesh_msgs/include/mesh_msgs/mesh_msgs/msg/detail/mesh_face_cluster__struct.h
[0.507s] -- Up-to-date symlink: /root/Shared/MIAPR_Projekt/colcon_ws/install/mesh_msgs/include/mesh_msgs/mesh_msgs/msg/detail/mesh_face_cluster__type_support.h
[0.507s] -- Up-to-date symlink: /root/Shared/MIAPR_Projekt/colcon_ws/install/mesh_msgs/include/mesh_msgs/mesh_msgs/msg/detail/mesh_face_cluster_stamped__functions.h
[0.507s] -- Up-to-date symlink: /root/Shared/MIAPR_Projekt/colcon_ws/install/mesh_msgs/include/mesh_msgs/mesh_msgs/msg/detail/mesh_face_cluster_stamped__struct.h
[0.508s] -- Up-to-date symlink: /root/Shared/MIAPR_Projekt/colcon_ws/install/mesh_msgs/include/mesh_msgs/mesh_msgs/msg/detail/mesh_face_cluster_stamped__type_support.h
[0.508s] -- Up-to-date symlink: /root/Shared/MIAPR_Projekt/colcon_ws/install/mesh_msgs/include/mesh_msgs/mesh_msgs/msg/detail/mesh_geometry__functions.h
[0.508s] -- Up-to-date symlink: /root/Shared/MIAPR_Projekt/colcon_ws/install/mesh_msgs/include/mesh_msgs/mesh_msgs/msg/detail/mesh_geometry__struct.h
[0.508s] -- Up-to-date symlink: /root/Shared/MIAPR_Projekt/colcon_ws/install/mesh_msgs/include/mesh_msgs/mesh_msgs/msg/detail/mesh_geometry__type_support.h
[0.508s] -- Up-to-date symlink: /root/Shared/MIAPR_Projekt/colcon_ws/install/mesh_msgs/include/mesh_msgs/mesh_msgs/msg/detail/mesh_geometry_stamped__functions.h
[0.508s] -- Up-to-date symlink: /root/Shared/MIAPR_Projekt/colcon_ws/install/mesh_msgs/include/mesh_msgs/mesh_msgs/msg/detail/mesh_geometry_stamped__struct.h
[0.508s] -- Up-to-date symlink: /root/Shared/MIAPR_Projekt/colcon_ws/install/mesh_msgs/include/mesh_msgs/mesh_msgs/msg/detail/mesh_geometry_stamped__type_support.h
[0.509s] -- Up-to-date symlink: /root/Shared/MIAPR_Projekt/colcon_ws/install/mesh_msgs/include/mesh_msgs/mesh_msgs/msg/detail/mesh_material__functions.h
[0.509s] -- Up-to-date symlink: /root/Shared/MIAPR_Projekt/colcon_ws/install/mesh_msgs/include/mesh_msgs/mesh_msgs/msg/detail/mesh_material__struct.h
[0.509s] -- Up-to-date symlink: /root/Shared/MIAPR_Projekt/colcon_ws/install/mesh_msgs/include/mesh_msgs/mesh_msgs/msg/detail/mesh_material__type_support.h
[0.509s] -- Up-to-date symlink: /root/Shared/MIAPR_Projekt/colcon_ws/install/mesh_msgs/include/mesh_msgs/mesh_msgs/msg/detail/mesh_materials__functions.h
[0.510s] -- Up-to-date symlink: /root/Shared/MIAPR_Projekt/colcon_ws/install/mesh_msgs/include/mesh_msgs/mesh_msgs/msg/detail/mesh_materials__struct.h
[0.510s] -- Up-to-date symlink: /root/Shared/MIAPR_Projekt/colcon_ws/install/mesh_msgs/include/mesh_msgs/mesh_msgs/msg/detail/mesh_materials__type_support.h
[0.512s] -- Up-to-date symlink: /root/Shared/MIAPR_Projekt/colcon_ws/install/mesh_msgs/include/mesh_msgs/mesh_msgs/msg/detail/mesh_materials_stamped__functions.h
[0.512s] -- Up-to-date symlink: /root/Shared/MIAPR_Projekt/colcon_ws/install/mesh_msgs/include/mesh_msgs/mesh_msgs/msg/detail/mesh_materials_stamped__struct.h
[0.513s] -- Up-to-date symlink: /root/Shared/MIAPR_Projekt/colcon_ws/install/mesh_msgs/include/mesh_msgs/mesh_msgs/msg/detail/mesh_materials_stamped__type_support.h
[0.513s] -- Up-to-date symlink: /root/Shared/MIAPR_Projekt/colcon_ws/install/mesh_msgs/include/mesh_msgs/mesh_msgs/msg/detail/mesh_texture__functions.h
[0.513s] -- Up-to-date symlink: /root/Shared/MIAPR_Projekt/colcon_ws/install/mesh_msgs/include/mesh_msgs/mesh_msgs/msg/detail/mesh_texture__struct.h
[0.513s] -- Up-to-date symlink: /root/Shared/MIAPR_Projekt/colcon_ws/install/mesh_msgs/include/mesh_msgs/mesh_msgs/msg/detail/mesh_texture__type_support.h
[0.514s] -- Up-to-date symlink: /root/Shared/MIAPR_Projekt/colcon_ws/install/mesh_msgs/include/mesh_msgs/mesh_msgs/msg/detail/mesh_triangle_indices__functions.h
[0.514s] -- Up-to-date symlink: /root/Shared/MIAPR_Projekt/colcon_ws/install/mesh_msgs/include/mesh_msgs/mesh_msgs/msg/detail/mesh_triangle_indices__struct.h
[0.514s] -- Up-to-date symlink: /root/Shared/MIAPR_Projekt/colcon_ws/install/mesh_msgs/include/mesh_msgs/mesh_msgs/msg/detail/mesh_triangle_indices__type_support.h
[0.514s] -- Up-to-date symlink: /root/Shared/MIAPR_Projekt/colcon_ws/install/mesh_msgs/include/mesh_msgs/mesh_msgs/msg/detail/mesh_vertex_colors__functions.h
[0.514s] -- Up-to-date symlink: /root/Shared/MIAPR_Projekt/colcon_ws/install/mesh_msgs/include/mesh_msgs/mesh_msgs/msg/detail/mesh_vertex_colors__struct.h
[0.514s] -- Up-to-date symlink: /root/Shared/MIAPR_Projekt/colcon_ws/install/mesh_msgs/include/mesh_msgs/mesh_msgs/msg/detail/mesh_vertex_colors__type_support.h
[0.514s] -- Up-to-date symlink: /root/Shared/MIAPR_Projekt/colcon_ws/install/mesh_msgs/include/mesh_msgs/mesh_msgs/msg/detail/mesh_vertex_colors_stamped__functions.h
[0.514s] -- Up-to-date symlink: /root/Shared/MIAPR_Projekt/colcon_ws/install/mesh_msgs/include/mesh_msgs/mesh_msgs/msg/detail/mesh_vertex_colors_stamped__struct.h
[0.514s] -- Up-to-date symlink: /root/Shared/MIAPR_Projekt/colcon_ws/install/mesh_msgs/include/mesh_msgs/mesh_msgs/msg/detail/mesh_vertex_colors_stamped__type_support.h
[0.514s] -- Up-to-date symlink: /root/Shared/MIAPR_Projekt/colcon_ws/install/mesh_msgs/include/mesh_msgs/mesh_msgs/msg/detail/mesh_vertex_costs__functions.h
[0.515s] -- Up-to-date symlink: /root/Shared/MIAPR_Projekt/colcon_ws/install/mesh_msgs/include/mesh_msgs/mesh_msgs/msg/detail/mesh_vertex_costs__struct.h
[0.515s] -- Up-to-date symlink: /root/Shared/MIAPR_Projekt/colcon_ws/install/mesh_msgs/include/mesh_msgs/mesh_msgs/msg/detail/mesh_vertex_costs__type_support.h
[0.515s] -- Up-to-date symlink: /root/Shared/MIAPR_Projekt/colcon_ws/install/mesh_msgs/include/mesh_msgs/mesh_msgs/msg/detail/mesh_vertex_costs_sparse__functions.h
[0.515s] -- Up-to-date symlink: /root/Shared/MIAPR_Projekt/colcon_ws/install/mesh_msgs/include/mesh_msgs/mesh_msgs/msg/detail/mesh_vertex_costs_sparse__struct.h
[0.515s] -- Up-to-date symlink: /root/Shared/MIAPR_Projekt/colcon_ws/install/mesh_msgs/include/mesh_msgs/mesh_msgs/msg/detail/mesh_vertex_costs_sparse__type_support.h
[0.515s] -- Up-to-date symlink: /root/Shared/MIAPR_Projekt/colcon_ws/install/mesh_msgs/include/mesh_msgs/mesh_msgs/msg/detail/mesh_vertex_costs_sparse_stamped__functions.h
[0.515s] -- Up-to-date symlink: /root/Shared/MIAPR_Projekt/colcon_ws/install/mesh_msgs/include/mesh_msgs/mesh_msgs/msg/detail/mesh_vertex_costs_sparse_stamped__struct.h
[0.515s] -- Up-to-date symlink: /root/Shared/MIAPR_Projekt/colcon_ws/install/mesh_msgs/include/mesh_msgs/mesh_msgs/msg/detail/mesh_vertex_costs_sparse_stamped__type_support.h
[0.515s] -- Up-to-date symlink: /root/Shared/MIAPR_Projekt/colcon_ws/install/mesh_msgs/include/mesh_msgs/mesh_msgs/msg/detail/mesh_vertex_costs_stamped__functions.h
[0.515s] -- Up-to-date symlink: /root/Shared/MIAPR_Projekt/colcon_ws/install/mesh_msgs/include/mesh_msgs/mesh_msgs/msg/detail/mesh_vertex_costs_stamped__struct.h
[0.515s] -- Up-to-date symlink: /root/Shared/MIAPR_Projekt/colcon_ws/install/mesh_msgs/include/mesh_msgs/mesh_msgs/msg/detail/mesh_vertex_costs_stamped__type_support.h
[0.516s] -- Up-to-date symlink: /root/Shared/MIAPR_Projekt/colcon_ws/install/mesh_msgs/include/mesh_msgs/mesh_msgs/msg/detail/mesh_vertex_tex_coords__functions.h
[0.516s] -- Up-to-date symlink: /root/Shared/MIAPR_Projekt/colcon_ws/install/mesh_msgs/include/mesh_msgs/mesh_msgs/msg/detail/mesh_vertex_tex_coords__struct.h
[0.516s] -- Up-to-date symlink: /root/Shared/MIAPR_Projekt/colcon_ws/install/mesh_msgs/include/mesh_msgs/mesh_msgs/msg/detail/mesh_vertex_tex_coords__type_support.h
[0.516s] -- Up-to-date symlink: /root/Shared/MIAPR_Projekt/colcon_ws/install/mesh_msgs/include/mesh_msgs/mesh_msgs/msg/detail/vector_field__functions.h
[0.516s] -- Up-to-date symlink: /root/Shared/MIAPR_Projekt/colcon_ws/install/mesh_msgs/include/mesh_msgs/mesh_msgs/msg/detail/vector_field__struct.h
[0.516s] -- Up-to-date symlink: /root/Shared/MIAPR_Projekt/colcon_ws/install/mesh_msgs/include/mesh_msgs/mesh_msgs/msg/detail/vector_field__type_support.h
[0.516s] -- Up-to-date symlink: /root/Shared/MIAPR_Projekt/colcon_ws/install/mesh_msgs/include/mesh_msgs/mesh_msgs/msg/detail/vector_field_stamped__functions.h
[0.516s] -- Up-to-date symlink: /root/Shared/MIAPR_Projekt/colcon_ws/install/mesh_msgs/include/mesh_msgs/mesh_msgs/msg/detail/vector_field_stamped__struct.h
[0.516s] -- Up-to-date symlink: /root/Shared/MIAPR_Projekt/colcon_ws/install/mesh_msgs/include/mesh_msgs/mesh_msgs/msg/detail/vector_field_stamped__type_support.h
[0.517s] -- Up-to-date symlink: /root/Shared/MIAPR_Projekt/colcon_ws/install/mesh_msgs/include/mesh_msgs/mesh_msgs/msg/mesh_face_cluster.h
[0.517s] -- Up-to-date symlink: /root/Shared/MIAPR_Projekt/colcon_ws/install/mesh_msgs/include/mesh_msgs/mesh_msgs/msg/mesh_face_cluster_stamped.h
[0.517s] -- Up-to-date symlink: /root/Shared/MIAPR_Projekt/colcon_ws/install/mesh_msgs/include/mesh_msgs/mesh_msgs/msg/mesh_geometry.h
[0.517s] -- Up-to-date symlink: /root/Shared/MIAPR_Projekt/colcon_ws/install/mesh_msgs/include/mesh_msgs/mesh_msgs/msg/mesh_geometry_stamped.h
[0.517s] -- Up-to-date symlink: /root/Shared/MIAPR_Projekt/colcon_ws/install/mesh_msgs/include/mesh_msgs/mesh_msgs/msg/mesh_material.h
[0.517s] -- Up-to-date symlink: /root/Shared/MIAPR_Projekt/colcon_ws/install/mesh_msgs/include/mesh_msgs/mesh_msgs/msg/mesh_materials.h
[0.518s] -- Up-to-date symlink: /root/Shared/MIAPR_Projekt/colcon_ws/install/mesh_msgs/include/mesh_msgs/mesh_msgs/msg/mesh_materials_stamped.h
[0.518s] -- Up-to-date symlink: /root/Shared/MIAPR_Projekt/colcon_ws/install/mesh_msgs/include/mesh_msgs/mesh_msgs/msg/mesh_texture.h
[0.518s] -- Up-to-date symlink: /root/Shared/MIAPR_Projekt/colcon_ws/install/mesh_msgs/include/mesh_msgs/mesh_msgs/msg/mesh_triangle_indices.h
[0.518s] -- Up-to-date symlink: /root/Shared/MIAPR_Projekt/colcon_ws/install/mesh_msgs/include/mesh_msgs/mesh_msgs/msg/mesh_vertex_colors.h
[0.518s] -- Up-to-date symlink: /root/Shared/MIAPR_Projekt/colcon_ws/install/mesh_msgs/include/mesh_msgs/mesh_msgs/msg/mesh_vertex_colors_stamped.h
[0.518s] -- Up-to-date symlink: /root/Shared/MIAPR_Projekt/colcon_ws/install/mesh_msgs/include/mesh_msgs/mesh_msgs/msg/mesh_vertex_costs.h
[0.519s] -- Up-to-date symlink: /root/Shared/MIAPR_Projekt/colcon_ws/install/mesh_msgs/include/mesh_msgs/mesh_msgs/msg/mesh_vertex_costs_sparse.h
[0.519s] -- Up-to-date symlink: /root/Shared/MIAPR_Projekt/colcon_ws/install/mesh_msgs/include/mesh_msgs/mesh_msgs/msg/mesh_vertex_costs_sparse_stamped.h
[0.519s] -- Up-to-date symlink: /root/Shared/MIAPR_Projekt/colcon_ws/install/mesh_msgs/include/mesh_msgs/mesh_msgs/msg/mesh_vertex_costs_stamped.h
[0.519s] -- Up-to-date symlink: /root/Shared/MIAPR_Projekt/colcon_ws/install/mesh_msgs/include/mesh_msgs/mesh_msgs/msg/mesh_vertex_tex_coords.h
[0.519s] -- Up-to-date symlink: /root/Shared/MIAPR_Projekt/colcon_ws/install/mesh_msgs/include/mesh_msgs/mesh_msgs/msg/rosidl_generator_c__visibility_control.h
[0.519s] -- Up-to-date symlink: /root/Shared/MIAPR_Projekt/colcon_ws/install/mesh_msgs/include/mesh_msgs/mesh_msgs/msg/vector_field.h
[0.520s] -- Up-to-date symlink: /root/Shared/MIAPR_Projekt/colcon_ws/install/mesh_msgs/include/mesh_msgs/mesh_msgs/msg/vector_field_stamped.h
[0.520s] -- Up-to-date symlink: /root/Shared/MIAPR_Projekt/colcon_ws/install/mesh_msgs/include/mesh_msgs/mesh_msgs/srv/detail/get_geometry__functions.h
[0.520s] -- Up-to-date symlink: /root/Shared/MIAPR_Projekt/colcon_ws/install/mesh_msgs/include/mesh_msgs/mesh_msgs/srv/detail/get_geometry__struct.h
[0.520s] -- Up-to-date symlink: /root/Shared/MIAPR_Projekt/colcon_ws/install/mesh_msgs/include/mesh_msgs/mesh_msgs/srv/detail/get_geometry__type_support.h
[0.520s] -- Up-to-date symlink: /root/Shared/MIAPR_Projekt/colcon_ws/install/mesh_msgs/include/mesh_msgs/mesh_msgs/srv/detail/get_labeled_clusters__functions.h
[0.521s] -- Up-to-date symlink: /root/Shared/MIAPR_Projekt/colcon_ws/install/mesh_msgs/include/mesh_msgs/mesh_msgs/srv/detail/get_labeled_clusters__struct.h
[0.521s] -- Up-to-date symlink: /root/Shared/MIAPR_Projekt/colcon_ws/install/mesh_msgs/include/mesh_msgs/mesh_msgs/srv/detail/get_labeled_clusters__type_support.h
[0.521s] -- Up-to-date symlink: /root/Shared/MIAPR_Projekt/colcon_ws/install/mesh_msgs/include/mesh_msgs/mesh_msgs/srv/detail/get_materials__functions.h
[0.521s] -- Up-to-date symlink: /root/Shared/MIAPR_Projekt/colcon_ws/install/mesh_msgs/include/mesh_msgs/mesh_msgs/srv/detail/get_materials__struct.h
[0.521s] -- Up-to-date symlink: /root/Shared/MIAPR_Projekt/colcon_ws/install/mesh_msgs/include/mesh_msgs/mesh_msgs/srv/detail/get_materials__type_support.h
[0.522s] -- Up-to-date symlink: /root/Shared/MIAPR_Projekt/colcon_ws/install/mesh_msgs/include/mesh_msgs/mesh_msgs/srv/detail/get_texture__functions.h
[0.522s] -- Up-to-date symlink: /root/Shared/MIAPR_Projekt/colcon_ws/install/mesh_msgs/include/mesh_msgs/mesh_msgs/srv/detail/get_texture__struct.h
[0.522s] -- Up-to-date symlink: /root/Shared/MIAPR_Projekt/colcon_ws/install/mesh_msgs/include/mesh_msgs/mesh_msgs/srv/detail/get_texture__type_support.h
[0.522s] -- Up-to-date symlink: /root/Shared/MIAPR_Projekt/colcon_ws/install/mesh_msgs/include/mesh_msgs/mesh_msgs/srv/detail/get_uui_ds__functions.h
[0.522s] -- Up-to-date symlink: /root/Shared/MIAPR_Projekt/colcon_ws/install/mesh_msgs/include/mesh_msgs/mesh_msgs/srv/detail/get_uui_ds__struct.h
[0.522s] -- Up-to-date symlink: /root/Shared/MIAPR_Projekt/colcon_ws/install/mesh_msgs/include/mesh_msgs/mesh_msgs/srv/detail/get_uui_ds__type_support.h
[0.523s] -- Up-to-date symlink: /root/Shared/MIAPR_Projekt/colcon_ws/install/mesh_msgs/include/mesh_msgs/mesh_msgs/srv/detail/get_vertex_colors__functions.h
[0.523s] -- Up-to-date symlink: /root/Shared/MIAPR_Projekt/colcon_ws/install/mesh_msgs/include/mesh_msgs/mesh_msgs/srv/detail/get_vertex_colors__struct.h
[0.523s] -- Up-to-date symlink: /root/Shared/MIAPR_Projekt/colcon_ws/install/mesh_msgs/include/mesh_msgs/mesh_msgs/srv/detail/get_vertex_colors__type_support.h
[0.523s] -- Up-to-date symlink: /root/Shared/MIAPR_Projekt/colcon_ws/install/mesh_msgs/include/mesh_msgs/mesh_msgs/srv/detail/get_vertex_cost_layers__functions.h
[0.523s] -- Up-to-date symlink: /root/Shared/MIAPR_Projekt/colcon_ws/install/mesh_msgs/include/mesh_msgs/mesh_msgs/srv/detail/get_vertex_cost_layers__struct.h
[0.524s] -- Up-to-date symlink: /root/Shared/MIAPR_Projekt/colcon_ws/install/mesh_msgs/include/mesh_msgs/mesh_msgs/srv/detail/get_vertex_cost_layers__type_support.h
[0.524s] -- Up-to-date symlink: /root/Shared/MIAPR_Projekt/colcon_ws/install/mesh_msgs/include/mesh_msgs/mesh_msgs/srv/detail/get_vertex_costs__functions.h
[0.524s] -- Up-to-date symlink: /root/Shared/MIAPR_Projekt/colcon_ws/install/mesh_msgs/include/mesh_msgs/mesh_msgs/srv/detail/get_vertex_costs__struct.h
[0.524s] -- Up-to-date symlink: /root/Shared/MIAPR_Projekt/colcon_ws/install/mesh_msgs/include/mesh_msgs/mesh_msgs/srv/detail/get_vertex_costs__type_support.h
[0.524s] -- Up-to-date symlink: /root/Shared/MIAPR_Projekt/colcon_ws/install/mesh_msgs/include/mesh_msgs/mesh_msgs/srv/get_geometry.h
[0.524s] -- Up-to-date symlink: /root/Shared/MIAPR_Projekt/colcon_ws/install/mesh_msgs/include/mesh_msgs/mesh_msgs/srv/get_labeled_clusters.h
[0.525s] -- Up-to-date symlink: /root/Shared/MIAPR_Projekt/colcon_ws/install/mesh_msgs/include/mesh_msgs/mesh_msgs/srv/get_materials.h
[0.525s] -- Up-to-date symlink: /root/Shared/MIAPR_Projekt/colcon_ws/install/mesh_msgs/include/mesh_msgs/mesh_msgs/srv/get_texture.h
[0.525s] -- Up-to-date symlink: /root/Shared/MIAPR_Projekt/colcon_ws/install/mesh_msgs/include/mesh_msgs/mesh_msgs/srv/get_uui_ds.h
[0.525s] -- Up-to-date symlink: /root/Shared/MIAPR_Projekt/colcon_ws/install/mesh_msgs/include/mesh_msgs/mesh_msgs/srv/get_vertex_colors.h
[0.526s] -- Up-to-date symlink: /root/Shared/MIAPR_Projekt/colcon_ws/install/mesh_msgs/include/mesh_msgs/mesh_msgs/srv/get_vertex_cost_layers.h
[0.526s] -- Up-to-date symlink: /root/Shared/MIAPR_Projekt/colcon_ws/install/mesh_msgs/include/mesh_msgs/mesh_msgs/srv/get_vertex_costs.h
[0.526s] -- Up-to-date symlink: /root/Shared/MIAPR_Projekt/colcon_ws/install/mesh_msgs/share/mesh_msgs/environment/library_path.sh
[0.526s] -- Up-to-date symlink: /root/Shared/MIAPR_Projekt/colcon_ws/install/mesh_msgs/share/mesh_msgs/environment/library_path.dsv
[0.528s] -- Up-to-date symlink: /root/Shared/MIAPR_Projekt/colcon_ws/install/mesh_msgs/include/mesh_msgs/mesh_msgs/msg/detail/mesh_face_cluster__rosidl_typesupport_fastrtps_c.h
[0.528s] -- Up-to-date symlink: /root/Shared/MIAPR_Projekt/colcon_ws/install/mesh_msgs/include/mesh_msgs/mesh_msgs/msg/detail/mesh_face_cluster_stamped__rosidl_typesupport_fastrtps_c.h
[0.528s] -- Up-to-date symlink: /root/Shared/MIAPR_Projekt/colcon_ws/install/mesh_msgs/include/mesh_msgs/mesh_msgs/msg/detail/mesh_geometry__rosidl_typesupport_fastrtps_c.h
[0.528s] -- Up-to-date symlink: /root/Shared/MIAPR_Projekt/colcon_ws/install/mesh_msgs/include/mesh_msgs/mesh_msgs/msg/detail/mesh_geometry_stamped__rosidl_typesupport_fastrtps_c.h
[0.529s] -- Up-to-date symlink: /root/Shared/MIAPR_Projekt/colcon_ws/install/mesh_msgs/include/mesh_msgs/mesh_msgs/msg/detail/mesh_material__rosidl_typesupport_fastrtps_c.h
[0.529s] -- Up-to-date symlink: /root/Shared/MIAPR_Projekt/colcon_ws/install/mesh_msgs/include/mesh_msgs/mesh_msgs/msg/detail/mesh_materials__rosidl_typesupport_fastrtps_c.h
[0.529s] -- Up-to-date symlink: /root/Shared/MIAPR_Projekt/colcon_ws/install/mesh_msgs/include/mesh_msgs/mesh_msgs/msg/detail/mesh_materials_stamped__rosidl_typesupport_fastrtps_c.h
[0.529s] -- Up-to-date symlink: /root/Shared/MIAPR_Projekt/colcon_ws/install/mesh_msgs/include/mesh_msgs/mesh_msgs/msg/detail/mesh_texture__rosidl_typesupport_fastrtps_c.h
[0.530s] -- Up-to-date symlink: /root/Shared/MIAPR_Projekt/colcon_ws/install/mesh_msgs/include/mesh_msgs/mesh_msgs/msg/detail/mesh_triangle_indices__rosidl_typesupport_fastrtps_c.h
[0.530s] -- Up-to-date symlink: /root/Shared/MIAPR_Projekt/colcon_ws/install/mesh_msgs/include/mesh_msgs/mesh_msgs/msg/detail/mesh_vertex_colors__rosidl_typesupport_fastrtps_c.h
[0.530s] -- Up-to-date symlink: /root/Shared/MIAPR_Projekt/colcon_ws/install/mesh_msgs/include/mesh_msgs/mesh_msgs/msg/detail/mesh_vertex_colors_stamped__rosidl_typesupport_fastrtps_c.h
[0.530s] -- Up-to-date symlink: /root/Shared/MIAPR_Projekt/colcon_ws/install/mesh_msgs/include/mesh_msgs/mesh_msgs/msg/detail/mesh_vertex_costs__rosidl_typesupport_fastrtps_c.h
[0.530s] -- Up-to-date symlink: /root/Shared/MIAPR_Projekt/colcon_ws/install/mesh_msgs/include/mesh_msgs/mesh_msgs/msg/detail/mesh_vertex_costs_sparse__rosidl_typesupport_fastrtps_c.h
[0.530s] -- Up-to-date symlink: /root/Shared/MIAPR_Projekt/colcon_ws/install/mesh_msgs/include/mesh_msgs/mesh_msgs/msg/detail/mesh_vertex_costs_sparse_stamped__rosidl_typesupport_fastrtps_c.h
[0.530s] -- Up-to-date symlink: /root/Shared/MIAPR_Projekt/colcon_ws/install/mesh_msgs/include/mesh_msgs/mesh_msgs/msg/detail/mesh_vertex_costs_stamped__rosidl_typesupport_fastrtps_c.h
[0.531s] -- Up-to-date symlink: /root/Shared/MIAPR_Projekt/colcon_ws/install/mesh_msgs/include/mesh_msgs/mesh_msgs/msg/detail/mesh_vertex_tex_coords__rosidl_typesupport_fastrtps_c.h
[0.531s] -- Up-to-date symlink: /root/Shared/MIAPR_Projekt/colcon_ws/install/mesh_msgs/include/mesh_msgs/mesh_msgs/msg/detail/vector_field__rosidl_typesupport_fastrtps_c.h
[0.531s] -- Up-to-date symlink: /root/Shared/MIAPR_Projekt/colcon_ws/install/mesh_msgs/include/mesh_msgs/mesh_msgs/msg/detail/vector_field_stamped__rosidl_typesupport_fastrtps_c.h
[0.531s] -- Up-to-date symlink: /root/Shared/MIAPR_Projekt/colcon_ws/install/mesh_msgs/include/mesh_msgs/mesh_msgs/msg/rosidl_typesupport_fastrtps_c__visibility_control.h
[0.531s] -- Up-to-date symlink: /root/Shared/MIAPR_Projekt/colcon_ws/install/mesh_msgs/include/mesh_msgs/mesh_msgs/srv/detail/get_geometry__rosidl_typesupport_fastrtps_c.h
[0.532s] -- Up-to-date symlink: /root/Shared/MIAPR_Projekt/colcon_ws/install/mesh_msgs/include/mesh_msgs/mesh_msgs/srv/detail/get_labeled_clusters__rosidl_typesupport_fastrtps_c.h
[0.532s] -- Up-to-date symlink: /root/Shared/MIAPR_Projekt/colcon_ws/install/mesh_msgs/include/mesh_msgs/mesh_msgs/srv/detail/get_materials__rosidl_typesupport_fastrtps_c.h
[0.532s] -- Up-to-date symlink: /root/Shared/MIAPR_Projekt/colcon_ws/install/mesh_msgs/include/mesh_msgs/mesh_msgs/srv/detail/get_texture__rosidl_typesupport_fastrtps_c.h
[0.532s] -- Up-to-date symlink: /root/Shared/MIAPR_Projekt/colcon_ws/install/mesh_msgs/include/mesh_msgs/mesh_msgs/srv/detail/get_uui_ds__rosidl_typesupport_fastrtps_c.h
[0.532s] -- Up-to-date symlink: /root/Shared/MIAPR_Projekt/colcon_ws/install/mesh_msgs/include/mesh_msgs/mesh_msgs/srv/detail/get_vertex_colors__rosidl_typesupport_fastrtps_c.h
[0.533s] -- Up-to-date symlink: /root/Shared/MIAPR_Projekt/colcon_ws/install/mesh_msgs/include/mesh_msgs/mesh_msgs/srv/detail/get_vertex_cost_layers__rosidl_typesupport_fastrtps_c.h
[0.533s] -- Up-to-date symlink: /root/Shared/MIAPR_Projekt/colcon_ws/install/mesh_msgs/include/mesh_msgs/mesh_msgs/srv/detail/get_vertex_costs__rosidl_typesupport_fastrtps_c.h
[0.534s] -- Up-to-date symlink: /root/Shared/MIAPR_Projekt/colcon_ws/install/mesh_msgs/include/mesh_msgs/mesh_msgs/msg/detail/mesh_face_cluster__rosidl_typesupport_introspection_c.h
[0.534s] -- Up-to-date symlink: /root/Shared/MIAPR_Projekt/colcon_ws/install/mesh_msgs/include/mesh_msgs/mesh_msgs/msg/detail/mesh_face_cluster_stamped__rosidl_typesupport_introspection_c.h
[0.534s] -- Up-to-date symlink: /root/Shared/MIAPR_Projekt/colcon_ws/install/mesh_msgs/include/mesh_msgs/mesh_msgs/msg/detail/mesh_geometry__rosidl_typesupport_introspection_c.h
[0.534s] -- Up-to-date symlink: /root/Shared/MIAPR_Projekt/colcon_ws/install/mesh_msgs/include/mesh_msgs/mesh_msgs/msg/detail/mesh_geometry_stamped__rosidl_typesupport_introspection_c.h
[0.534s] -- Up-to-date symlink: /root/Shared/MIAPR_Projekt/colcon_ws/install/mesh_msgs/include/mesh_msgs/mesh_msgs/msg/detail/mesh_material__rosidl_typesupport_introspection_c.h
[0.534s] -- Up-to-date symlink: /root/Shared/MIAPR_Projekt/colcon_ws/install/mesh_msgs/include/mesh_msgs/mesh_msgs/msg/detail/mesh_materials__rosidl_typesupport_introspection_c.h
[0.535s] -- Up-to-date symlink: /root/Shared/MIAPR_Projekt/colcon_ws/install/mesh_msgs/include/mesh_msgs/mesh_msgs/msg/detail/mesh_materials_stamped__rosidl_typesupport_introspection_c.h
[0.535s] -- Up-to-date symlink: /root/Shared/MIAPR_Projekt/colcon_ws/install/mesh_msgs/include/mesh_msgs/mesh_msgs/msg/detail/mesh_texture__rosidl_typesupport_introspection_c.h
[0.535s] -- Up-to-date symlink: /root/Shared/MIAPR_Projekt/colcon_ws/install/mesh_msgs/include/mesh_msgs/mesh_msgs/msg/detail/mesh_triangle_indices__rosidl_typesupport_introspection_c.h
[0.536s] -- Up-to-date symlink: /root/Shared/MIAPR_Projekt/colcon_ws/install/mesh_msgs/include/mesh_msgs/mesh_msgs/msg/detail/mesh_vertex_colors__rosidl_typesupport_introspection_c.h
[0.536s] -- Up-to-date symlink: /root/Shared/MIAPR_Projekt/colcon_ws/install/mesh_msgs/include/mesh_msgs/mesh_msgs/msg/detail/mesh_vertex_colors_stamped__rosidl_typesupport_introspection_c.h
[0.536s] -- Up-to-date symlink: /root/Shared/MIAPR_Projekt/colcon_ws/install/mesh_msgs/include/mesh_msgs/mesh_msgs/msg/detail/mesh_vertex_costs__rosidl_typesupport_introspection_c.h
[0.536s] -- Up-to-date symlink: /root/Shared/MIAPR_Projekt/colcon_ws/install/mesh_msgs/include/mesh_msgs/mesh_msgs/msg/detail/mesh_vertex_costs_sparse__rosidl_typesupport_introspection_c.h
[0.536s] -- Up-to-date symlink: /root/Shared/MIAPR_Projekt/colcon_ws/install/mesh_msgs/include/mesh_msgs/mesh_msgs/msg/detail/mesh_vertex_costs_sparse_stamped__rosidl_typesupport_introspection_c.h
[0.537s] -- Up-to-date symlink: /root/Shared/MIAPR_Projekt/colcon_ws/install/mesh_msgs/include/mesh_msgs/mesh_msgs/msg/detail/mesh_vertex_costs_stamped__rosidl_typesupport_introspection_c.h
[0.537s] -- Up-to-date symlink: /root/Shared/MIAPR_Projekt/colcon_ws/install/mesh_msgs/include/mesh_msgs/mesh_msgs/msg/detail/mesh_vertex_tex_coords__rosidl_typesupport_introspection_c.h
[0.537s] -- Up-to-date symlink: /root/Shared/MIAPR_Projekt/colcon_ws/install/mesh_msgs/include/mesh_msgs/mesh_msgs/msg/detail/vector_field__rosidl_typesupport_introspection_c.h
[0.537s] -- Up-to-date symlink: /root/Shared/MIAPR_Projekt/colcon_ws/install/mesh_msgs/include/mesh_msgs/mesh_msgs/msg/detail/vector_field_stamped__rosidl_typesupport_introspection_c.h
[0.537s] -- Up-to-date symlink: /root/Shared/MIAPR_Projekt/colcon_ws/install/mesh_msgs/include/mesh_msgs/mesh_msgs/msg/rosidl_typesupport_introspection_c__visibility_control.h
[0.538s] -- Up-to-date symlink: /root/Shared/MIAPR_Projekt/colcon_ws/install/mesh_msgs/include/mesh_msgs/mesh_msgs/srv/detail/get_geometry__rosidl_typesupport_introspection_c.h
[0.538s] -- Up-to-date symlink: /root/Shared/MIAPR_Projekt/colcon_ws/install/mesh_msgs/include/mesh_msgs/mesh_msgs/srv/detail/get_labeled_clusters__rosidl_typesupport_introspection_c.h
[0.538s] -- Up-to-date symlink: /root/Shared/MIAPR_Projekt/colcon_ws/install/mesh_msgs/include/mesh_msgs/mesh_msgs/srv/detail/get_materials__rosidl_typesupport_introspection_c.h
[0.538s] -- Up-to-date symlink: /root/Shared/MIAPR_Projekt/colcon_ws/install/mesh_msgs/include/mesh_msgs/mesh_msgs/srv/detail/get_texture__rosidl_typesupport_introspection_c.h
[0.538s] -- Up-to-date symlink: /root/Shared/MIAPR_Projekt/colcon_ws/install/mesh_msgs/include/mesh_msgs/mesh_msgs/srv/detail/get_uui_ds__rosidl_typesupport_introspection_c.h
[0.538s] -- Up-to-date symlink: /root/Shared/MIAPR_Projekt/colcon_ws/install/mesh_msgs/include/mesh_msgs/mesh_msgs/srv/detail/get_vertex_colors__rosidl_typesupport_introspection_c.h
[0.539s] -- Up-to-date symlink: /root/Shared/MIAPR_Projekt/colcon_ws/install/mesh_msgs/include/mesh_msgs/mesh_msgs/srv/detail/get_vertex_cost_layers__rosidl_typesupport_introspection_c.h
[0.539s] -- Up-to-date symlink: /root/Shared/MIAPR_Projekt/colcon_ws/install/mesh_msgs/include/mesh_msgs/mesh_msgs/srv/detail/get_vertex_costs__rosidl_typesupport_introspection_c.h
[0.541s] -- Up-to-date symlink: /root/Shared/MIAPR_Projekt/colcon_ws/install/mesh_msgs/include/mesh_msgs/mesh_msgs/msg/detail/mesh_face_cluster__builder.hpp
[0.541s] -- Up-to-date symlink: /root/Shared/MIAPR_Projekt/colcon_ws/install/mesh_msgs/include/mesh_msgs/mesh_msgs/msg/detail/mesh_face_cluster__struct.hpp
[0.541s] -- Up-to-date symlink: /root/Shared/MIAPR_Projekt/colcon_ws/install/mesh_msgs/include/mesh_msgs/mesh_msgs/msg/detail/mesh_face_cluster__traits.hpp
[0.541s] -- Up-to-date symlink: /root/Shared/MIAPR_Projekt/colcon_ws/install/mesh_msgs/include/mesh_msgs/mesh_msgs/msg/detail/mesh_face_cluster__type_support.hpp
[0.541s] -- Up-to-date symlink: /root/Shared/MIAPR_Projekt/colcon_ws/install/mesh_msgs/include/mesh_msgs/mesh_msgs/msg/detail/mesh_face_cluster_stamped__builder.hpp
[0.541s] -- Up-to-date symlink: /root/Shared/MIAPR_Projekt/colcon_ws/install/mesh_msgs/include/mesh_msgs/mesh_msgs/msg/detail/mesh_face_cluster_stamped__struct.hpp
[0.542s] -- Up-to-date symlink: /root/Shared/MIAPR_Projekt/colcon_ws/install/mesh_msgs/include/mesh_msgs/mesh_msgs/msg/detail/mesh_face_cluster_stamped__traits.hpp
[0.542s] -- Up-to-date symlink: /root/Shared/MIAPR_Projekt/colcon_ws/install/mesh_msgs/include/mesh_msgs/mesh_msgs/msg/detail/mesh_face_cluster_stamped__type_support.hpp
[0.542s] -- Up-to-date symlink: /root/Shared/MIAPR_Projekt/colcon_ws/install/mesh_msgs/include/mesh_msgs/mesh_msgs/msg/detail/mesh_geometry__builder.hpp
[0.542s] -- Up-to-date symlink: /root/Shared/MIAPR_Projekt/colcon_ws/install/mesh_msgs/include/mesh_msgs/mesh_msgs/msg/detail/mesh_geometry__struct.hpp
[0.543s] -- Up-to-date symlink: /root/Shared/MIAPR_Projekt/colcon_ws/install/mesh_msgs/include/mesh_msgs/mesh_msgs/msg/detail/mesh_geometry__traits.hpp
[0.543s] -- Up-to-date symlink: /root/Shared/MIAPR_Projekt/colcon_ws/install/mesh_msgs/include/mesh_msgs/mesh_msgs/msg/detail/mesh_geometry__type_support.hpp
[0.543s] -- Up-to-date symlink: /root/Shared/MIAPR_Projekt/colcon_ws/install/mesh_msgs/include/mesh_msgs/mesh_msgs/msg/detail/mesh_geometry_stamped__builder.hpp
[0.543s] -- Up-to-date symlink: /root/Shared/MIAPR_Projekt/colcon_ws/install/mesh_msgs/include/mesh_msgs/mesh_msgs/msg/detail/mesh_geometry_stamped__struct.hpp
[0.543s] -- Up-to-date symlink: /root/Shared/MIAPR_Projekt/colcon_ws/install/mesh_msgs/include/mesh_msgs/mesh_msgs/msg/detail/mesh_geometry_stamped__traits.hpp
[0.543s] -- Up-to-date symlink: /root/Shared/MIAPR_Projekt/colcon_ws/install/mesh_msgs/include/mesh_msgs/mesh_msgs/msg/detail/mesh_geometry_stamped__type_support.hpp
[0.544s] -- Up-to-date symlink: /root/Shared/MIAPR_Projekt/colcon_ws/install/mesh_msgs/include/mesh_msgs/mesh_msgs/msg/detail/mesh_material__builder.hpp
[0.544s] -- Up-to-date symlink: /root/Shared/MIAPR_Projekt/colcon_ws/install/mesh_msgs/include/mesh_msgs/mesh_msgs/msg/detail/mesh_material__struct.hpp
[0.544s] -- Up-to-date symlink: /root/Shared/MIAPR_Projekt/colcon_ws/install/mesh_msgs/include/mesh_msgs/mesh_msgs/msg/detail/mesh_material__traits.hpp
[0.544s] -- Up-to-date symlink: /root/Shared/MIAPR_Projekt/colcon_ws/install/mesh_msgs/include/mesh_msgs/mesh_msgs/msg/detail/mesh_material__type_support.hpp
[0.544s] -- Up-to-date symlink: /root/Shared/MIAPR_Projekt/colcon_ws/install/mesh_msgs/include/mesh_msgs/mesh_msgs/msg/detail/mesh_materials__builder.hpp
[0.545s] -- Up-to-date symlink: /root/Shared/MIAPR_Projekt/colcon_ws/install/mesh_msgs/include/mesh_msgs/mesh_msgs/msg/detail/mesh_materials__struct.hpp
[0.545s] -- Up-to-date symlink: /root/Shared/MIAPR_Projekt/colcon_ws/install/mesh_msgs/include/mesh_msgs/mesh_msgs/msg/detail/mesh_materials__traits.hpp
[0.545s] -- Up-to-date symlink: /root/Shared/MIAPR_Projekt/colcon_ws/install/mesh_msgs/include/mesh_msgs/mesh_msgs/msg/detail/mesh_materials__type_support.hpp
[0.545s] -- Up-to-date symlink: /root/Shared/MIAPR_Projekt/colcon_ws/install/mesh_msgs/include/mesh_msgs/mesh_msgs/msg/detail/mesh_materials_stamped__builder.hpp
[0.545s] -- Up-to-date symlink: /root/Shared/MIAPR_Projekt/colcon_ws/install/mesh_msgs/include/mesh_msgs/mesh_msgs/msg/detail/mesh_materials_stamped__struct.hpp
[0.545s] -- Up-to-date symlink: /root/Shared/MIAPR_Projekt/colcon_ws/install/mesh_msgs/include/mesh_msgs/mesh_msgs/msg/detail/mesh_materials_stamped__traits.hpp
[0.546s] -- Up-to-date symlink: /root/Shared/MIAPR_Projekt/colcon_ws/install/mesh_msgs/include/mesh_msgs/mesh_msgs/msg/detail/mesh_materials_stamped__type_support.hpp
[0.546s] -- Up-to-date symlink: /root/Shared/MIAPR_Projekt/colcon_ws/install/mesh_msgs/include/mesh_msgs/mesh_msgs/msg/detail/mesh_texture__builder.hpp
[0.546s] -- Up-to-date symlink: /root/Shared/MIAPR_Projekt/colcon_ws/install/mesh_msgs/include/mesh_msgs/mesh_msgs/msg/detail/mesh_texture__struct.hpp
[0.546s] -- Up-to-date symlink: /root/Shared/MIAPR_Projekt/colcon_ws/install/mesh_msgs/include/mesh_msgs/mesh_msgs/msg/detail/mesh_texture__traits.hpp
[0.546s] -- Up-to-date symlink: /root/Shared/MIAPR_Projekt/colcon_ws/install/mesh_msgs/include/mesh_msgs/mesh_msgs/msg/detail/mesh_texture__type_support.hpp
[0.547s] -- Up-to-date symlink: /root/Shared/MIAPR_Projekt/colcon_ws/install/mesh_msgs/include/mesh_msgs/mesh_msgs/msg/detail/mesh_triangle_indices__builder.hpp
[0.547s] -- Up-to-date symlink: /root/Shared/MIAPR_Projekt/colcon_ws/install/mesh_msgs/include/mesh_msgs/mesh_msgs/msg/detail/mesh_triangle_indices__struct.hpp
[0.547s] -- Up-to-date symlink: /root/Shared/MIAPR_Projekt/colcon_ws/install/mesh_msgs/include/mesh_msgs/mesh_msgs/msg/detail/mesh_triangle_indices__traits.hpp
[0.547s] -- Up-to-date symlink: /root/Shared/MIAPR_Projekt/colcon_ws/install/mesh_msgs/include/mesh_msgs/mesh_msgs/msg/detail/mesh_triangle_indices__type_support.hpp
[0.547s] -- Up-to-date symlink: /root/Shared/MIAPR_Projekt/colcon_ws/install/mesh_msgs/include/mesh_msgs/mesh_msgs/msg/detail/mesh_vertex_colors__builder.hpp
[0.547s] -- Up-to-date symlink: /root/Shared/MIAPR_Projekt/colcon_ws/install/mesh_msgs/include/mesh_msgs/mesh_msgs/msg/detail/mesh_vertex_colors__struct.hpp
[0.548s] -- Up-to-date symlink: /root/Shared/MIAPR_Projekt/colcon_ws/install/mesh_msgs/include/mesh_msgs/mesh_msgs/msg/detail/mesh_vertex_colors__traits.hpp
[0.548s] -- Up-to-date symlink: /root/Shared/MIAPR_Projekt/colcon_ws/install/mesh_msgs/include/mesh_msgs/mesh_msgs/msg/detail/mesh_vertex_colors__type_support.hpp
[0.548s] -- Up-to-date symlink: /root/Shared/MIAPR_Projekt/colcon_ws/install/mesh_msgs/include/mesh_msgs/mesh_msgs/msg/detail/mesh_vertex_colors_stamped__builder.hpp
[0.548s] -- Up-to-date symlink: /root/Shared/MIAPR_Projekt/colcon_ws/install/mesh_msgs/include/mesh_msgs/mesh_msgs/msg/detail/mesh_vertex_colors_stamped__struct.hpp
[0.548s] -- Up-to-date symlink: /root/Shared/MIAPR_Projekt/colcon_ws/install/mesh_msgs/include/mesh_msgs/mesh_msgs/msg/detail/mesh_vertex_colors_stamped__traits.hpp
[0.548s] -- Up-to-date symlink: /root/Shared/MIAPR_Projekt/colcon_ws/install/mesh_msgs/include/mesh_msgs/mesh_msgs/msg/detail/mesh_vertex_colors_stamped__type_support.hpp
[0.548s] -- Up-to-date symlink: /root/Shared/MIAPR_Projekt/colcon_ws/install/mesh_msgs/include/mesh_msgs/mesh_msgs/msg/detail/mesh_vertex_costs__builder.hpp
[0.549s] -- Up-to-date symlink: /root/Shared/MIAPR_Projekt/colcon_ws/install/mesh_msgs/include/mesh_msgs/mesh_msgs/msg/detail/mesh_vertex_costs__struct.hpp
[0.549s] -- Up-to-date symlink: /root/Shared/MIAPR_Projekt/colcon_ws/install/mesh_msgs/include/mesh_msgs/mesh_msgs/msg/detail/mesh_vertex_costs__traits.hpp
[0.549s] -- Up-to-date symlink: /root/Shared/MIAPR_Projekt/colcon_ws/install/mesh_msgs/include/mesh_msgs/mesh_msgs/msg/detail/mesh_vertex_costs__type_support.hpp
[0.549s] -- Up-to-date symlink: /root/Shared/MIAPR_Projekt/colcon_ws/install/mesh_msgs/include/mesh_msgs/mesh_msgs/msg/detail/mesh_vertex_costs_sparse__builder.hpp
[0.549s] -- Up-to-date symlink: /root/Shared/MIAPR_Projekt/colcon_ws/install/mesh_msgs/include/mesh_msgs/mesh_msgs/msg/detail/mesh_vertex_costs_sparse__struct.hpp
[0.549s] -- Up-to-date symlink: /root/Shared/MIAPR_Projekt/colcon_ws/install/mesh_msgs/include/mesh_msgs/mesh_msgs/msg/detail/mesh_vertex_costs_sparse__traits.hpp
[0.550s] -- Up-to-date symlink: /root/Shared/MIAPR_Projekt/colcon_ws/install/mesh_msgs/include/mesh_msgs/mesh_msgs/msg/detail/mesh_vertex_costs_sparse__type_support.hpp
[0.550s] -- Up-to-date symlink: /root/Shared/MIAPR_Projekt/colcon_ws/install/mesh_msgs/include/mesh_msgs/mesh_msgs/msg/detail/mesh_vertex_costs_sparse_stamped__builder.hpp
[0.550s] -- Up-to-date symlink: /root/Shared/MIAPR_Projekt/colcon_ws/install/mesh_msgs/include/mesh_msgs/mesh_msgs/msg/detail/mesh_vertex_costs_sparse_stamped__struct.hpp
[0.550s] -- Up-to-date symlink: /root/Shared/MIAPR_Projekt/colcon_ws/install/mesh_msgs/include/mesh_msgs/mesh_msgs/msg/detail/mesh_vertex_costs_sparse_stamped__traits.hpp
[0.550s] -- Up-to-date symlink: /root/Shared/MIAPR_Projekt/colcon_ws/install/mesh_msgs/include/mesh_msgs/mesh_msgs/msg/detail/mesh_vertex_costs_sparse_stamped__type_support.hpp
[0.550s] -- Up-to-date symlink: /root/Shared/MIAPR_Projekt/colcon_ws/install/mesh_msgs/include/mesh_msgs/mesh_msgs/msg/detail/mesh_vertex_costs_stamped__builder.hpp
[0.551s] -- Up-to-date symlink: /root/Shared/MIAPR_Projekt/colcon_ws/install/mesh_msgs/include/mesh_msgs/mesh_msgs/msg/detail/mesh_vertex_costs_stamped__struct.hpp
[0.551s] -- Up-to-date symlink: /root/Shared/MIAPR_Projekt/colcon_ws/install/mesh_msgs/include/mesh_msgs/mesh_msgs/msg/detail/mesh_vertex_costs_stamped__traits.hpp
[0.551s] -- Up-to-date symlink: /root/Shared/MIAPR_Projekt/colcon_ws/install/mesh_msgs/include/mesh_msgs/mesh_msgs/msg/detail/mesh_vertex_costs_stamped__type_support.hpp
[0.551s] -- Up-to-date symlink: /root/Shared/MIAPR_Projekt/colcon_ws/install/mesh_msgs/include/mesh_msgs/mesh_msgs/msg/detail/mesh_vertex_tex_coords__builder.hpp
[0.551s] -- Up-to-date symlink: /root/Shared/MIAPR_Projekt/colcon_ws/install/mesh_msgs/include/mesh_msgs/mesh_msgs/msg/detail/mesh_vertex_tex_coords__struct.hpp
[0.551s] -- Up-to-date symlink: /root/Shared/MIAPR_Projekt/colcon_ws/install/mesh_msgs/include/mesh_msgs/mesh_msgs/msg/detail/mesh_vertex_tex_coords__traits.hpp
[0.552s] -- Up-to-date symlink: /root/Shared/MIAPR_Projekt/colcon_ws/install/mesh_msgs/include/mesh_msgs/mesh_msgs/msg/detail/mesh_vertex_tex_coords__type_support.hpp
[0.552s] -- Up-to-date symlink: /root/Shared/MIAPR_Projekt/colcon_ws/install/mesh_msgs/include/mesh_msgs/mesh_msgs/msg/detail/vector_field__builder.hpp
[0.552s] -- Up-to-date symlink: /root/Shared/MIAPR_Projekt/colcon_ws/install/mesh_msgs/include/mesh_msgs/mesh_msgs/msg/detail/vector_field__struct.hpp
[0.552s] -- Up-to-date symlink: /root/Shared/MIAPR_Projekt/colcon_ws/install/mesh_msgs/include/mesh_msgs/mesh_msgs/msg/detail/vector_field__traits.hpp
[0.552s] -- Up-to-date symlink: /root/Shared/MIAPR_Projekt/colcon_ws/install/mesh_msgs/include/mesh_msgs/mesh_msgs/msg/detail/vector_field__type_support.hpp
[0.552s] -- Up-to-date symlink: /root/Shared/MIAPR_Projekt/colcon_ws/install/mesh_msgs/include/mesh_msgs/mesh_msgs/msg/detail/vector_field_stamped__builder.hpp
[0.553s] -- Up-to-date symlink: /root/Shared/MIAPR_Projekt/colcon_ws/install/mesh_msgs/include/mesh_msgs/mesh_msgs/msg/detail/vector_field_stamped__struct.hpp
[0.553s] -- Up-to-date symlink: /root/Shared/MIAPR_Projekt/colcon_ws/install/mesh_msgs/include/mesh_msgs/mesh_msgs/msg/detail/vector_field_stamped__traits.hpp
[0.553s] -- Up-to-date symlink: /root/Shared/MIAPR_Projekt/colcon_ws/install/mesh_msgs/include/mesh_msgs/mesh_msgs/msg/detail/vector_field_stamped__type_support.hpp
[0.553s] -- Up-to-date symlink: /root/Shared/MIAPR_Projekt/colcon_ws/install/mesh_msgs/include/mesh_msgs/mesh_msgs/msg/mesh_face_cluster.hpp
[0.553s] -- Up-to-date symlink: /root/Shared/MIAPR_Projekt/colcon_ws/install/mesh_msgs/include/mesh_msgs/mesh_msgs/msg/mesh_face_cluster_stamped.hpp
[0.553s] -- Up-to-date symlink: /root/Shared/MIAPR_Projekt/colcon_ws/install/mesh_msgs/include/mesh_msgs/mesh_msgs/msg/mesh_geometry.hpp
[0.554s] -- Up-to-date symlink: /root/Shared/MIAPR_Projekt/colcon_ws/install/mesh_msgs/include/mesh_msgs/mesh_msgs/msg/mesh_geometry_stamped.hpp
[0.554s] -- Up-to-date symlink: /root/Shared/MIAPR_Projekt/colcon_ws/install/mesh_msgs/include/mesh_msgs/mesh_msgs/msg/mesh_material.hpp
[0.554s] -- Up-to-date symlink: /root/Shared/MIAPR_Projekt/colcon_ws/install/mesh_msgs/include/mesh_msgs/mesh_msgs/msg/mesh_materials.hpp
[0.554s] -- Up-to-date symlink: /root/Shared/MIAPR_Projekt/colcon_ws/install/mesh_msgs/include/mesh_msgs/mesh_msgs/msg/mesh_materials_stamped.hpp
[0.554s] -- Up-to-date symlink: /root/Shared/MIAPR_Projekt/colcon_ws/install/mesh_msgs/include/mesh_msgs/mesh_msgs/msg/mesh_texture.hpp
[0.555s] -- Up-to-date symlink: /root/Shared/MIAPR_Projekt/colcon_ws/install/mesh_msgs/include/mesh_msgs/mesh_msgs/msg/mesh_triangle_indices.hpp
[0.555s] -- Up-to-date symlink: /root/Shared/MIAPR_Projekt/colcon_ws/install/mesh_msgs/include/mesh_msgs/mesh_msgs/msg/mesh_vertex_colors.hpp
[0.555s] -- Up-to-date symlink: /root/Shared/MIAPR_Projekt/colcon_ws/install/mesh_msgs/include/mesh_msgs/mesh_msgs/msg/mesh_vertex_colors_stamped.hpp
[0.555s] -- Up-to-date symlink: /root/Shared/MIAPR_Projekt/colcon_ws/install/mesh_msgs/include/mesh_msgs/mesh_msgs/msg/mesh_vertex_costs.hpp
[0.555s] -- Up-to-date symlink: /root/Shared/MIAPR_Projekt/colcon_ws/install/mesh_msgs/include/mesh_msgs/mesh_msgs/msg/mesh_vertex_costs_sparse.hpp
[0.555s] -- Up-to-date symlink: /root/Shared/MIAPR_Projekt/colcon_ws/install/mesh_msgs/include/mesh_msgs/mesh_msgs/msg/mesh_vertex_costs_sparse_stamped.hpp
[0.555s] -- Up-to-date symlink: /root/Shared/MIAPR_Projekt/colcon_ws/install/mesh_msgs/include/mesh_msgs/mesh_msgs/msg/mesh_vertex_costs_stamped.hpp
[0.556s] -- Up-to-date symlink: /root/Shared/MIAPR_Projekt/colcon_ws/install/mesh_msgs/include/mesh_msgs/mesh_msgs/msg/mesh_vertex_tex_coords.hpp
[0.556s] -- Up-to-date symlink: /root/Shared/MIAPR_Projekt/colcon_ws/install/mesh_msgs/include/mesh_msgs/mesh_msgs/msg/rosidl_generator_cpp__visibility_control.hpp
[0.556s] -- Up-to-date symlink: /root/Shared/MIAPR_Projekt/colcon_ws/install/mesh_msgs/include/mesh_msgs/mesh_msgs/msg/vector_field.hpp
[0.556s] -- Up-to-date symlink: /root/Shared/MIAPR_Projekt/colcon_ws/install/mesh_msgs/include/mesh_msgs/mesh_msgs/msg/vector_field_stamped.hpp
[0.556s] -- Up-to-date symlink: /root/Shared/MIAPR_Projekt/colcon_ws/install/mesh_msgs/include/mesh_msgs/mesh_msgs/srv/detail/get_geometry__builder.hpp
[0.556s] -- Up-to-date symlink: /root/Shared/MIAPR_Projekt/colcon_ws/install/mesh_msgs/include/mesh_msgs/mesh_msgs/srv/detail/get_geometry__struct.hpp
[0.557s] -- Up-to-date symlink: /root/Shared/MIAPR_Projekt/colcon_ws/install/mesh_msgs/include/mesh_msgs/mesh_msgs/srv/detail/get_geometry__traits.hpp
[0.557s] -- Up-to-date symlink: /root/Shared/MIAPR_Projekt/colcon_ws/install/mesh_msgs/include/mesh_msgs/mesh_msgs/srv/detail/get_geometry__type_support.hpp
[0.557s] -- Up-to-date symlink: /root/Shared/MIAPR_Projekt/colcon_ws/install/mesh_msgs/include/mesh_msgs/mesh_msgs/srv/detail/get_labeled_clusters__builder.hpp
[0.557s] -- Up-to-date symlink: /root/Shared/MIAPR_Projekt/colcon_ws/install/mesh_msgs/include/mesh_msgs/mesh_msgs/srv/detail/get_labeled_clusters__struct.hpp
[0.557s] -- Up-to-date symlink: /root/Shared/MIAPR_Projekt/colcon_ws/install/mesh_msgs/include/mesh_msgs/mesh_msgs/srv/detail/get_labeled_clusters__traits.hpp
[0.557s] -- Up-to-date symlink: /root/Shared/MIAPR_Projekt/colcon_ws/install/mesh_msgs/include/mesh_msgs/mesh_msgs/srv/detail/get_labeled_clusters__type_support.hpp
[0.558s] -- Up-to-date symlink: /root/Shared/MIAPR_Projekt/colcon_ws/install/mesh_msgs/include/mesh_msgs/mesh_msgs/srv/detail/get_materials__builder.hpp
[0.558s] -- Up-to-date symlink: /root/Shared/MIAPR_Projekt/colcon_ws/install/mesh_msgs/include/mesh_msgs/mesh_msgs/srv/detail/get_materials__struct.hpp
[0.558s] -- Up-to-date symlink: /root/Shared/MIAPR_Projekt/colcon_ws/install/mesh_msgs/include/mesh_msgs/mesh_msgs/srv/detail/get_materials__traits.hpp
[0.558s] -- Up-to-date symlink: /root/Shared/MIAPR_Projekt/colcon_ws/install/mesh_msgs/include/mesh_msgs/mesh_msgs/srv/detail/get_materials__type_support.hpp
[0.558s] -- Up-to-date symlink: /root/Shared/MIAPR_Projekt/colcon_ws/install/mesh_msgs/include/mesh_msgs/mesh_msgs/srv/detail/get_texture__builder.hpp
[0.559s] -- Up-to-date symlink: /root/Shared/MIAPR_Projekt/colcon_ws/install/mesh_msgs/include/mesh_msgs/mesh_msgs/srv/detail/get_texture__struct.hpp
[0.559s] -- Up-to-date symlink: /root/Shared/MIAPR_Projekt/colcon_ws/install/mesh_msgs/include/mesh_msgs/mesh_msgs/srv/detail/get_texture__traits.hpp
[0.559s] -- Up-to-date symlink: /root/Shared/MIAPR_Projekt/colcon_ws/install/mesh_msgs/include/mesh_msgs/mesh_msgs/srv/detail/get_texture__type_support.hpp
[0.559s] -- Up-to-date symlink: /root/Shared/MIAPR_Projekt/colcon_ws/install/mesh_msgs/include/mesh_msgs/mesh_msgs/srv/detail/get_uui_ds__builder.hpp
[0.559s] -- Up-to-date symlink: /root/Shared/MIAPR_Projekt/colcon_ws/install/mesh_msgs/include/mesh_msgs/mesh_msgs/srv/detail/get_uui_ds__struct.hpp
[0.560s] -- Up-to-date symlink: /root/Shared/MIAPR_Projekt/colcon_ws/install/mesh_msgs/include/mesh_msgs/mesh_msgs/srv/detail/get_uui_ds__traits.hpp
[0.560s] -- Up-to-date symlink: /root/Shared/MIAPR_Projekt/colcon_ws/install/mesh_msgs/include/mesh_msgs/mesh_msgs/srv/detail/get_uui_ds__type_support.hpp
[0.560s] -- Up-to-date symlink: /root/Shared/MIAPR_Projekt/colcon_ws/install/mesh_msgs/include/mesh_msgs/mesh_msgs/srv/detail/get_vertex_colors__builder.hpp
[0.560s] -- Up-to-date symlink: /root/Shared/MIAPR_Projekt/colcon_ws/install/mesh_msgs/include/mesh_msgs/mesh_msgs/srv/detail/get_vertex_colors__struct.hpp
[0.560s] -- Up-to-date symlink: /root/Shared/MIAPR_Projekt/colcon_ws/install/mesh_msgs/include/mesh_msgs/mesh_msgs/srv/detail/get_vertex_colors__traits.hpp
[0.560s] -- Up-to-date symlink: /root/Shared/MIAPR_Projekt/colcon_ws/install/mesh_msgs/include/mesh_msgs/mesh_msgs/srv/detail/get_vertex_colors__type_support.hpp
[0.561s] -- Up-to-date symlink: /root/Shared/MIAPR_Projekt/colcon_ws/install/mesh_msgs/include/mesh_msgs/mesh_msgs/srv/detail/get_vertex_cost_layers__builder.hpp
[0.561s] -- Up-to-date symlink: /root/Shared/MIAPR_Projekt/colcon_ws/install/mesh_msgs/include/mesh_msgs/mesh_msgs/srv/detail/get_vertex_cost_layers__struct.hpp
[0.561s] -- Up-to-date symlink: /root/Shared/MIAPR_Projekt/colcon_ws/install/mesh_msgs/include/mesh_msgs/mesh_msgs/srv/detail/get_vertex_cost_layers__traits.hpp
[0.561s] -- Up-to-date symlink: /root/Shared/MIAPR_Projekt/colcon_ws/install/mesh_msgs/include/mesh_msgs/mesh_msgs/srv/detail/get_vertex_cost_layers__type_support.hpp
[0.561s] -- Up-to-date symlink: /root/Shared/MIAPR_Projekt/colcon_ws/install/mesh_msgs/include/mesh_msgs/mesh_msgs/srv/detail/get_vertex_costs__builder.hpp
[0.561s] -- Up-to-date symlink: /root/Shared/MIAPR_Projekt/colcon_ws/install/mesh_msgs/include/mesh_msgs/mesh_msgs/srv/detail/get_vertex_costs__struct.hpp
[0.562s] -- Up-to-date symlink: /root/Shared/MIAPR_Projekt/colcon_ws/install/mesh_msgs/include/mesh_msgs/mesh_msgs/srv/detail/get_vertex_costs__traits.hpp
[0.562s] -- Up-to-date symlink: /root/Shared/MIAPR_Projekt/colcon_ws/install/mesh_msgs/include/mesh_msgs/mesh_msgs/srv/detail/get_vertex_costs__type_support.hpp
[0.562s] -- Up-to-date symlink: /root/Shared/MIAPR_Projekt/colcon_ws/install/mesh_msgs/include/mesh_msgs/mesh_msgs/srv/get_geometry.hpp
[0.562s] -- Up-to-date symlink: /root/Shared/MIAPR_Projekt/colcon_ws/install/mesh_msgs/include/mesh_msgs/mesh_msgs/srv/get_labeled_clusters.hpp
[0.562s] -- Up-to-date symlink: /root/Shared/MIAPR_Projekt/colcon_ws/install/mesh_msgs/include/mesh_msgs/mesh_msgs/srv/get_materials.hpp
[0.562s] -- Up-to-date symlink: /root/Shared/MIAPR_Projekt/colcon_ws/install/mesh_msgs/include/mesh_msgs/mesh_msgs/srv/get_texture.hpp
[0.563s] -- Up-to-date symlink: /root/Shared/MIAPR_Projekt/colcon_ws/install/mesh_msgs/include/mesh_msgs/mesh_msgs/srv/get_uui_ds.hpp
[0.563s] -- Up-to-date symlink: /root/Shared/MIAPR_Projekt/colcon_ws/install/mesh_msgs/include/mesh_msgs/mesh_msgs/srv/get_vertex_colors.hpp
[0.563s] -- Up-to-date symlink: /root/Shared/MIAPR_Projekt/colcon_ws/install/mesh_msgs/include/mesh_msgs/mesh_msgs/srv/get_vertex_cost_layers.hpp
[0.563s] -- Up-to-date symlink: /root/Shared/MIAPR_Projekt/colcon_ws/install/mesh_msgs/include/mesh_msgs/mesh_msgs/srv/get_vertex_costs.hpp
[0.565s] -- Up-to-date symlink: /root/Shared/MIAPR_Projekt/colcon_ws/install/mesh_msgs/include/mesh_msgs/mesh_msgs/msg/detail/mesh_face_cluster__rosidl_typesupport_fastrtps_cpp.hpp
[0.565s] -- Up-to-date symlink: /root/Shared/MIAPR_Projekt/colcon_ws/install/mesh_msgs/include/mesh_msgs/mesh_msgs/msg/detail/mesh_face_cluster_stamped__rosidl_typesupport_fastrtps_cpp.hpp
[0.565s] -- Up-to-date symlink: /root/Shared/MIAPR_Projekt/colcon_ws/install/mesh_msgs/include/mesh_msgs/mesh_msgs/msg/detail/mesh_geometry__rosidl_typesupport_fastrtps_cpp.hpp
[0.565s] -- Up-to-date symlink: /root/Shared/MIAPR_Projekt/colcon_ws/install/mesh_msgs/include/mesh_msgs/mesh_msgs/msg/detail/mesh_geometry_stamped__rosidl_typesupport_fastrtps_cpp.hpp
[0.565s] -- Up-to-date symlink: /root/Shared/MIAPR_Projekt/colcon_ws/install/mesh_msgs/include/mesh_msgs/mesh_msgs/msg/detail/mesh_material__rosidl_typesupport_fastrtps_cpp.hpp
[0.566s] -- Up-to-date symlink: /root/Shared/MIAPR_Projekt/colcon_ws/install/mesh_msgs/include/mesh_msgs/mesh_msgs/msg/detail/mesh_materials__rosidl_typesupport_fastrtps_cpp.hpp
[0.566s] -- Up-to-date symlink: /root/Shared/MIAPR_Projekt/colcon_ws/install/mesh_msgs/include/mesh_msgs/mesh_msgs/msg/detail/mesh_materials_stamped__rosidl_typesupport_fastrtps_cpp.hpp
[0.566s] -- Up-to-date symlink: /root/Shared/MIAPR_Projekt/colcon_ws/install/mesh_msgs/include/mesh_msgs/mesh_msgs/msg/detail/mesh_texture__rosidl_typesupport_fastrtps_cpp.hpp
[0.566s] -- Up-to-date symlink: /root/Shared/MIAPR_Projekt/colcon_ws/install/mesh_msgs/include/mesh_msgs/mesh_msgs/msg/detail/mesh_triangle_indices__rosidl_typesupport_fastrtps_cpp.hpp
[0.567s] -- Up-to-date symlink: /root/Shared/MIAPR_Projekt/colcon_ws/install/mesh_msgs/include/mesh_msgs/mesh_msgs/msg/detail/mesh_vertex_colors__rosidl_typesupport_fastrtps_cpp.hpp
[0.567s] -- Up-to-date symlink: /root/Shared/MIAPR_Projekt/colcon_ws/install/mesh_msgs/include/mesh_msgs/mesh_msgs/msg/detail/mesh_vertex_colors_stamped__rosidl_typesupport_fastrtps_cpp.hpp
[0.567s] -- Up-to-date symlink: /root/Shared/MIAPR_Projekt/colcon_ws/install/mesh_msgs/include/mesh_msgs/mesh_msgs/msg/detail/mesh_vertex_costs__rosidl_typesupport_fastrtps_cpp.hpp
[0.567s] -- Up-to-date symlink: /root/Shared/MIAPR_Projekt/colcon_ws/install/mesh_msgs/include/mesh_msgs/mesh_msgs/msg/detail/mesh_vertex_costs_sparse__rosidl_typesupport_fastrtps_cpp.hpp
[0.567s] -- Up-to-date symlink: /root/Shared/MIAPR_Projekt/colcon_ws/install/mesh_msgs/include/mesh_msgs/mesh_msgs/msg/detail/mesh_vertex_costs_sparse_stamped__rosidl_typesupport_fastrtps_cpp.hpp
[0.567s] -- Up-to-date symlink: /root/Shared/MIAPR_Projekt/colcon_ws/install/mesh_msgs/include/mesh_msgs/mesh_msgs/msg/detail/mesh_vertex_costs_stamped__rosidl_typesupport_fastrtps_cpp.hpp
[0.568s] -- Up-to-date symlink: /root/Shared/MIAPR_Projekt/colcon_ws/install/mesh_msgs/include/mesh_msgs/mesh_msgs/msg/detail/mesh_vertex_tex_coords__rosidl_typesupport_fastrtps_cpp.hpp
[0.568s] -- Up-to-date symlink: /root/Shared/MIAPR_Projekt/colcon_ws/install/mesh_msgs/include/mesh_msgs/mesh_msgs/msg/detail/vector_field__rosidl_typesupport_fastrtps_cpp.hpp
[0.568s] -- Up-to-date symlink: /root/Shared/MIAPR_Projekt/colcon_ws/install/mesh_msgs/include/mesh_msgs/mesh_msgs/msg/detail/vector_field_stamped__rosidl_typesupport_fastrtps_cpp.hpp
[0.568s] -- Up-to-date symlink: /root/Shared/MIAPR_Projekt/colcon_ws/install/mesh_msgs/include/mesh_msgs/mesh_msgs/msg/rosidl_typesupport_fastrtps_cpp__visibility_control.h
[0.568s] -- Up-to-date symlink: /root/Shared/MIAPR_Projekt/colcon_ws/install/mesh_msgs/include/mesh_msgs/mesh_msgs/srv/detail/get_geometry__rosidl_typesupport_fastrtps_cpp.hpp
[0.568s] -- Up-to-date symlink: /root/Shared/MIAPR_Projekt/colcon_ws/install/mesh_msgs/include/mesh_msgs/mesh_msgs/srv/detail/get_labeled_clusters__rosidl_typesupport_fastrtps_cpp.hpp
[0.569s] -- Up-to-date symlink: /root/Shared/MIAPR_Projekt/colcon_ws/install/mesh_msgs/include/mesh_msgs/mesh_msgs/srv/detail/get_materials__rosidl_typesupport_fastrtps_cpp.hpp
[0.569s] -- Up-to-date symlink: /root/Shared/MIAPR_Projekt/colcon_ws/install/mesh_msgs/include/mesh_msgs/mesh_msgs/srv/detail/get_texture__rosidl_typesupport_fastrtps_cpp.hpp
[0.569s] -- Up-to-date symlink: /root/Shared/MIAPR_Projekt/colcon_ws/install/mesh_msgs/include/mesh_msgs/mesh_msgs/srv/detail/get_uui_ds__rosidl_typesupport_fastrtps_cpp.hpp
[0.569s] -- Up-to-date symlink: /root/Shared/MIAPR_Projekt/colcon_ws/install/mesh_msgs/include/mesh_msgs/mesh_msgs/srv/detail/get_vertex_colors__rosidl_typesupport_fastrtps_cpp.hpp
[0.569s] -- Up-to-date symlink: /root/Shared/MIAPR_Projekt/colcon_ws/install/mesh_msgs/include/mesh_msgs/mesh_msgs/srv/detail/get_vertex_cost_layers__rosidl_typesupport_fastrtps_cpp.hpp
[0.569s] -- Up-to-date symlink: /root/Shared/MIAPR_Projekt/colcon_ws/install/mesh_msgs/include/mesh_msgs/mesh_msgs/srv/detail/get_vertex_costs__rosidl_typesupport_fastrtps_cpp.hpp
[0.570s] -- Up-to-date symlink: /root/Shared/MIAPR_Projekt/colcon_ws/install/mesh_msgs/include/mesh_msgs/mesh_msgs/msg/detail/mesh_face_cluster__rosidl_typesupport_introspection_cpp.hpp
[0.571s] -- Up-to-date symlink: /root/Shared/MIAPR_Projekt/colcon_ws/install/mesh_msgs/include/mesh_msgs/mesh_msgs/msg/detail/mesh_face_cluster_stamped__rosidl_typesupport_introspection_cpp.hpp
[0.571s] -- Up-to-date symlink: /root/Shared/MIAPR_Projekt/colcon_ws/install/mesh_msgs/include/mesh_msgs/mesh_msgs/msg/detail/mesh_geometry__rosidl_typesupport_introspection_cpp.hpp
[0.571s] -- Up-to-date symlink: /root/Shared/MIAPR_Projekt/colcon_ws/install/mesh_msgs/include/mesh_msgs/mesh_msgs/msg/detail/mesh_geometry_stamped__rosidl_typesupport_introspection_cpp.hpp
[0.571s] -- Up-to-date symlink: /root/Shared/MIAPR_Projekt/colcon_ws/install/mesh_msgs/include/mesh_msgs/mesh_msgs/msg/detail/mesh_material__rosidl_typesupport_introspection_cpp.hpp
[0.571s] -- Up-to-date symlink: /root/Shared/MIAPR_Projekt/colcon_ws/install/mesh_msgs/include/mesh_msgs/mesh_msgs/msg/detail/mesh_materials__rosidl_typesupport_introspection_cpp.hpp
[0.571s] -- Up-to-date symlink: /root/Shared/MIAPR_Projekt/colcon_ws/install/mesh_msgs/include/mesh_msgs/mesh_msgs/msg/detail/mesh_materials_stamped__rosidl_typesupport_introspection_cpp.hpp
[0.572s] -- Up-to-date symlink: /root/Shared/MIAPR_Projekt/colcon_ws/install/mesh_msgs/include/mesh_msgs/mesh_msgs/msg/detail/mesh_texture__rosidl_typesupport_introspection_cpp.hpp
[0.572s] -- Up-to-date symlink: /root/Shared/MIAPR_Projekt/colcon_ws/install/mesh_msgs/include/mesh_msgs/mesh_msgs/msg/detail/mesh_triangle_indices__rosidl_typesupport_introspection_cpp.hpp
[0.572s] -- Up-to-date symlink: /root/Shared/MIAPR_Projekt/colcon_ws/install/mesh_msgs/include/mesh_msgs/mesh_msgs/msg/detail/mesh_vertex_colors__rosidl_typesupport_introspection_cpp.hpp
[0.572s] -- Up-to-date symlink: /root/Shared/MIAPR_Projekt/colcon_ws/install/mesh_msgs/include/mesh_msgs/mesh_msgs/msg/detail/mesh_vertex_colors_stamped__rosidl_typesupport_introspection_cpp.hpp
[0.572s] -- Up-to-date symlink: /root/Shared/MIAPR_Projekt/colcon_ws/install/mesh_msgs/include/mesh_msgs/mesh_msgs/msg/detail/mesh_vertex_costs__rosidl_typesupport_introspection_cpp.hpp
[0.572s] -- Up-to-date symlink: /root/Shared/MIAPR_Projekt/colcon_ws/install/mesh_msgs/include/mesh_msgs/mesh_msgs/msg/detail/mesh_vertex_costs_sparse__rosidl_typesupport_introspection_cpp.hpp
[0.573s] -- Up-to-date symlink: /root/Shared/MIAPR_Projekt/colcon_ws/install/mesh_msgs/include/mesh_msgs/mesh_msgs/msg/detail/mesh_vertex_costs_sparse_stamped__rosidl_typesupport_introspection_cpp.hpp
[0.573s] -- Up-to-date symlink: /root/Shared/MIAPR_Projekt/colcon_ws/install/mesh_msgs/include/mesh_msgs/mesh_msgs/msg/detail/mesh_vertex_costs_stamped__rosidl_typesupport_introspection_cpp.hpp
[0.573s] -- Up-to-date symlink: /root/Shared/MIAPR_Projekt/colcon_ws/install/mesh_msgs/include/mesh_msgs/mesh_msgs/msg/detail/mesh_vertex_tex_coords__rosidl_typesupport_introspection_cpp.hpp
[0.573s] -- Up-to-date symlink: /root/Shared/MIAPR_Projekt/colcon_ws/install/mesh_msgs/include/mesh_msgs/mesh_msgs/msg/detail/vector_field__rosidl_typesupport_introspection_cpp.hpp
[0.573s] -- Up-to-date symlink: /root/Shared/MIAPR_Projekt/colcon_ws/install/mesh_msgs/include/mesh_msgs/mesh_msgs/msg/detail/vector_field_stamped__rosidl_typesupport_introspection_cpp.hpp
[0.574s] -- Up-to-date symlink: /root/Shared/MIAPR_Projekt/colcon_ws/install/mesh_msgs/include/mesh_msgs/mesh_msgs/srv/detail/get_geometry__rosidl_typesupport_introspection_cpp.hpp
[0.574s] -- Up-to-date symlink: /root/Shared/MIAPR_Projekt/colcon_ws/install/mesh_msgs/include/mesh_msgs/mesh_msgs/srv/detail/get_labeled_clusters__rosidl_typesupport_introspection_cpp.hpp
[0.574s] -- Up-to-date symlink: /root/Shared/MIAPR_Projekt/colcon_ws/install/mesh_msgs/include/mesh_msgs/mesh_msgs/srv/detail/get_materials__rosidl_typesupport_introspection_cpp.hpp
[0.574s] -- Up-to-date symlink: /root/Shared/MIAPR_Projekt/colcon_ws/install/mesh_msgs/include/mesh_msgs/mesh_msgs/srv/detail/get_texture__rosidl_typesupport_introspection_cpp.hpp
[0.575s] -- Up-to-date symlink: /root/Shared/MIAPR_Projekt/colcon_ws/install/mesh_msgs/include/mesh_msgs/mesh_msgs/srv/detail/get_uui_ds__rosidl_typesupport_introspection_cpp.hpp
[0.575s] -- Up-to-date symlink: /root/Shared/MIAPR_Projekt/colcon_ws/install/mesh_msgs/include/mesh_msgs/mesh_msgs/srv/detail/get_vertex_colors__rosidl_typesupport_introspection_cpp.hpp
[0.576s] -- Up-to-date symlink: /root/Shared/MIAPR_Projekt/colcon_ws/install/mesh_msgs/include/mesh_msgs/mesh_msgs/srv/detail/get_vertex_cost_layers__rosidl_typesupport_introspection_cpp.hpp
[0.576s] -- Up-to-date symlink: /root/Shared/MIAPR_Projekt/colcon_ws/install/mesh_msgs/include/mesh_msgs/mesh_msgs/srv/detail/get_vertex_costs__rosidl_typesupport_introspection_cpp.hpp
[0.576s] -- Up-to-date symlink: /root/Shared/MIAPR_Projekt/colcon_ws/install/mesh_msgs/share/mesh_msgs/environment/pythonpath.sh
[0.576s] -- Up-to-date symlink: /root/Shared/MIAPR_Projekt/colcon_ws/install/mesh_msgs/share/mesh_msgs/environment/pythonpath.dsv
[0.577s] -- Up-to-date symlink: /root/Shared/MIAPR_Projekt/colcon_ws/install/mesh_msgs/lib/python3.12/site-packages/mesh_msgs-2.1.1-py3.12.egg-info/PKG-INFO
[0.577s] -- Up-to-date symlink: /root/Shared/MIAPR_Projekt/colcon_ws/install/mesh_msgs/lib/python3.12/site-packages/mesh_msgs-2.1.1-py3.12.egg-info/SOURCES.txt
[0.577s] -- Up-to-date symlink: /root/Shared/MIAPR_Projekt/colcon_ws/install/mesh_msgs/lib/python3.12/site-packages/mesh_msgs-2.1.1-py3.12.egg-info/dependency_links.txt
[0.577s] -- Up-to-date symlink: /root/Shared/MIAPR_Projekt/colcon_ws/install/mesh_msgs/lib/python3.12/site-packages/mesh_msgs-2.1.1-py3.12.egg-info/top_level.txt
[0.579s] -- Up-to-date symlink: /root/Shared/MIAPR_Projekt/colcon_ws/install/mesh_msgs/lib/python3.12/site-packages/mesh_msgs/__init__.py
[0.579s] -- Up-to-date symlink: /root/Shared/MIAPR_Projekt/colcon_ws/install/mesh_msgs/lib/python3.12/site-packages/mesh_msgs/_mesh_msgs_s.ep.rosidl_typesupport_c.c
[0.579s] -- Up-to-date symlink: /root/Shared/MIAPR_Projekt/colcon_ws/install/mesh_msgs/lib/python3.12/site-packages/mesh_msgs/_mesh_msgs_s.ep.rosidl_typesupport_fastrtps_c.c
[0.580s] -- Up-to-date symlink: /root/Shared/MIAPR_Projekt/colcon_ws/install/mesh_msgs/lib/python3.12/site-packages/mesh_msgs/_mesh_msgs_s.ep.rosidl_typesupport_introspection_c.c
[0.580s] -- Up-to-date symlink: /root/Shared/MIAPR_Projekt/colcon_ws/install/mesh_msgs/lib/python3.12/site-packages/mesh_msgs/mesh_msgs_s__rosidl_typesupport_c.so
[0.580s] -- Up-to-date symlink: /root/Shared/MIAPR_Projekt/colcon_ws/install/mesh_msgs/lib/python3.12/site-packages/mesh_msgs/mesh_msgs_s__rosidl_typesupport_fastrtps_c.so
[0.580s] -- Up-to-date symlink: /root/Shared/MIAPR_Projekt/colcon_ws/install/mesh_msgs/lib/python3.12/site-packages/mesh_msgs/mesh_msgs_s__rosidl_typesupport_introspection_c.so
[0.581s] -- Up-to-date symlink: /root/Shared/MIAPR_Projekt/colcon_ws/install/mesh_msgs/lib/python3.12/site-packages/mesh_msgs/msg/__init__.py
[0.581s] -- Up-to-date symlink: /root/Shared/MIAPR_Projekt/colcon_ws/install/mesh_msgs/lib/python3.12/site-packages/mesh_msgs/msg/_mesh_face_cluster.py
[0.581s] -- Up-to-date symlink: /root/Shared/MIAPR_Projekt/colcon_ws/install/mesh_msgs/lib/python3.12/site-packages/mesh_msgs/msg/_mesh_face_cluster_s.c
[0.581s] -- Up-to-date symlink: /root/Shared/MIAPR_Projekt/colcon_ws/install/mesh_msgs/lib/python3.12/site-packages/mesh_msgs/msg/_mesh_face_cluster_stamped.py
[0.581s] -- Up-to-date symlink: /root/Shared/MIAPR_Projekt/colcon_ws/install/mesh_msgs/lib/python3.12/site-packages/mesh_msgs/msg/_mesh_face_cluster_stamped_s.c
[0.581s] -- Up-to-date symlink: /root/Shared/MIAPR_Projekt/colcon_ws/install/mesh_msgs/lib/python3.12/site-packages/mesh_msgs/msg/_mesh_geometry.py
[0.582s] -- Up-to-date symlink: /root/Shared/MIAPR_Projekt/colcon_ws/install/mesh_msgs/lib/python3.12/site-packages/mesh_msgs/msg/_mesh_geometry_s.c
[0.582s] -- Up-to-date symlink: /root/Shared/MIAPR_Projekt/colcon_ws/install/mesh_msgs/lib/python3.12/site-packages/mesh_msgs/msg/_mesh_geometry_stamped.py
[0.582s] -- Up-to-date symlink: /root/Shared/MIAPR_Projekt/colcon_ws/install/mesh_msgs/lib/python3.12/site-packages/mesh_msgs/msg/_mesh_geometry_stamped_s.c
[0.582s] -- Up-to-date symlink: /root/Shared/MIAPR_Projekt/colcon_ws/install/mesh_msgs/lib/python3.12/site-packages/mesh_msgs/msg/_mesh_material.py
[0.582s] -- Up-to-date symlink: /root/Shared/MIAPR_Projekt/colcon_ws/install/mesh_msgs/lib/python3.12/site-packages/mesh_msgs/msg/_mesh_material_s.c
[0.582s] -- Up-to-date symlink: /root/Shared/MIAPR_Projekt/colcon_ws/install/mesh_msgs/lib/python3.12/site-packages/mesh_msgs/msg/_mesh_materials.py
[0.583s] -- Up-to-date symlink: /root/Shared/MIAPR_Projekt/colcon_ws/install/mesh_msgs/lib/python3.12/site-packages/mesh_msgs/msg/_mesh_materials_s.c
[0.583s] -- Up-to-date symlink: /root/Shared/MIAPR_Projekt/colcon_ws/install/mesh_msgs/lib/python3.12/site-packages/mesh_msgs/msg/_mesh_materials_stamped.py
[0.583s] -- Up-to-date symlink: /root/Shared/MIAPR_Projekt/colcon_ws/install/mesh_msgs/lib/python3.12/site-packages/mesh_msgs/msg/_mesh_materials_stamped_s.c
[0.583s] -- Up-to-date symlink: /root/Shared/MIAPR_Projekt/colcon_ws/install/mesh_msgs/lib/python3.12/site-packages/mesh_msgs/msg/_mesh_texture.py
[0.583s] -- Up-to-date symlink: /root/Shared/MIAPR_Projekt/colcon_ws/install/mesh_msgs/lib/python3.12/site-packages/mesh_msgs/msg/_mesh_texture_s.c
[0.583s] -- Up-to-date symlink: /root/Shared/MIAPR_Projekt/colcon_ws/install/mesh_msgs/lib/python3.12/site-packages/mesh_msgs/msg/_mesh_triangle_indices.py
[0.584s] -- Up-to-date symlink: /root/Shared/MIAPR_Projekt/colcon_ws/install/mesh_msgs/lib/python3.12/site-packages/mesh_msgs/msg/_mesh_triangle_indices_s.c
[0.584s] -- Up-to-date symlink: /root/Shared/MIAPR_Projekt/colcon_ws/install/mesh_msgs/lib/python3.12/site-packages/mesh_msgs/msg/_mesh_vertex_colors.py
[0.584s] -- Up-to-date symlink: /root/Shared/MIAPR_Projekt/colcon_ws/install/mesh_msgs/lib/python3.12/site-packages/mesh_msgs/msg/_mesh_vertex_colors_s.c
[0.584s] -- Up-to-date symlink: /root/Shared/MIAPR_Projekt/colcon_ws/install/mesh_msgs/lib/python3.12/site-packages/mesh_msgs/msg/_mesh_vertex_colors_stamped.py
[0.584s] -- Up-to-date symlink: /root/Shared/MIAPR_Projekt/colcon_ws/install/mesh_msgs/lib/python3.12/site-packages/mesh_msgs/msg/_mesh_vertex_colors_stamped_s.c
[0.584s] -- Up-to-date symlink: /root/Shared/MIAPR_Projekt/colcon_ws/install/mesh_msgs/lib/python3.12/site-packages/mesh_msgs/msg/_mesh_vertex_costs.py
[0.585s] -- Up-to-date symlink: /root/Shared/MIAPR_Projekt/colcon_ws/install/mesh_msgs/lib/python3.12/site-packages/mesh_msgs/msg/_mesh_vertex_costs_s.c
[0.585s] -- Up-to-date symlink: /root/Shared/MIAPR_Projekt/colcon_ws/install/mesh_msgs/lib/python3.12/site-packages/mesh_msgs/msg/_mesh_vertex_costs_sparse.py
[0.585s] -- Up-to-date symlink: /root/Shared/MIAPR_Projekt/colcon_ws/install/mesh_msgs/lib/python3.12/site-packages/mesh_msgs/msg/_mesh_vertex_costs_sparse_s.c
[0.585s] -- Up-to-date symlink: /root/Shared/MIAPR_Projekt/colcon_ws/install/mesh_msgs/lib/python3.12/site-packages/mesh_msgs/msg/_mesh_vertex_costs_sparse_stamped.py
[0.585s] -- Up-to-date symlink: /root/Shared/MIAPR_Projekt/colcon_ws/install/mesh_msgs/lib/python3.12/site-packages/mesh_msgs/msg/_mesh_vertex_costs_sparse_stamped_s.c
[0.586s] -- Up-to-date symlink: /root/Shared/MIAPR_Projekt/colcon_ws/install/mesh_msgs/lib/python3.12/site-packages/mesh_msgs/msg/_mesh_vertex_costs_stamped.py
[0.586s] -- Up-to-date symlink: /root/Shared/MIAPR_Projekt/colcon_ws/install/mesh_msgs/lib/python3.12/site-packages/mesh_msgs/msg/_mesh_vertex_costs_stamped_s.c
[0.586s] -- Up-to-date symlink: /root/Shared/MIAPR_Projekt/colcon_ws/install/mesh_msgs/lib/python3.12/site-packages/mesh_msgs/msg/_mesh_vertex_tex_coords.py
[0.586s] -- Up-to-date symlink: /root/Shared/MIAPR_Projekt/colcon_ws/install/mesh_msgs/lib/python3.12/site-packages/mesh_msgs/msg/_mesh_vertex_tex_coords_s.c
[0.586s] -- Up-to-date symlink: /root/Shared/MIAPR_Projekt/colcon_ws/install/mesh_msgs/lib/python3.12/site-packages/mesh_msgs/msg/_vector_field.py
[0.586s] -- Up-to-date symlink: /root/Shared/MIAPR_Projekt/colcon_ws/install/mesh_msgs/lib/python3.12/site-packages/mesh_msgs/msg/_vector_field_s.c
[0.587s] -- Up-to-date symlink: /root/Shared/MIAPR_Projekt/colcon_ws/install/mesh_msgs/lib/python3.12/site-packages/mesh_msgs/msg/_vector_field_stamped.py
[0.587s] -- Up-to-date symlink: /root/Shared/MIAPR_Projekt/colcon_ws/install/mesh_msgs/lib/python3.12/site-packages/mesh_msgs/msg/_vector_field_stamped_s.c
[0.587s] -- Up-to-date symlink: /root/Shared/MIAPR_Projekt/colcon_ws/install/mesh_msgs/lib/python3.12/site-packages/mesh_msgs/srv/__init__.py
[0.587s] -- Up-to-date symlink: /root/Shared/MIAPR_Projekt/colcon_ws/install/mesh_msgs/lib/python3.12/site-packages/mesh_msgs/srv/_get_geometry.py
[0.587s] -- Up-to-date symlink: /root/Shared/MIAPR_Projekt/colcon_ws/install/mesh_msgs/lib/python3.12/site-packages/mesh_msgs/srv/_get_geometry_s.c
[0.587s] -- Up-to-date symlink: /root/Shared/MIAPR_Projekt/colcon_ws/install/mesh_msgs/lib/python3.12/site-packages/mesh_msgs/srv/_get_labeled_clusters.py
[0.588s] -- Up-to-date symlink: /root/Shared/MIAPR_Projekt/colcon_ws/install/mesh_msgs/lib/python3.12/site-packages/mesh_msgs/srv/_get_labeled_clusters_s.c
[0.588s] -- Up-to-date symlink: /root/Shared/MIAPR_Projekt/colcon_ws/install/mesh_msgs/lib/python3.12/site-packages/mesh_msgs/srv/_get_materials.py
[0.588s] -- Up-to-date symlink: /root/Shared/MIAPR_Projekt/colcon_ws/install/mesh_msgs/lib/python3.12/site-packages/mesh_msgs/srv/_get_materials_s.c
[0.588s] -- Up-to-date symlink: /root/Shared/MIAPR_Projekt/colcon_ws/install/mesh_msgs/lib/python3.12/site-packages/mesh_msgs/srv/_get_texture.py
[0.588s] -- Up-to-date symlink: /root/Shared/MIAPR_Projekt/colcon_ws/install/mesh_msgs/lib/python3.12/site-packages/mesh_msgs/srv/_get_texture_s.c
[0.588s] -- Up-to-date symlink: /root/Shared/MIAPR_Projekt/colcon_ws/install/mesh_msgs/lib/python3.12/site-packages/mesh_msgs/srv/_get_uui_ds.py
[0.589s] -- Up-to-date symlink: /root/Shared/MIAPR_Projekt/colcon_ws/install/mesh_msgs/lib/python3.12/site-packages/mesh_msgs/srv/_get_uui_ds_s.c
[0.589s] -- Up-to-date symlink: /root/Shared/MIAPR_Projekt/colcon_ws/install/mesh_msgs/lib/python3.12/site-packages/mesh_msgs/srv/_get_vertex_colors.py
[0.589s] -- Up-to-date symlink: /root/Shared/MIAPR_Projekt/colcon_ws/install/mesh_msgs/lib/python3.12/site-packages/mesh_msgs/srv/_get_vertex_colors_s.c
[0.589s] -- Up-to-date symlink: /root/Shared/MIAPR_Projekt/colcon_ws/install/mesh_msgs/lib/python3.12/site-packages/mesh_msgs/srv/_get_vertex_cost_layers.py
[0.589s] -- Up-to-date symlink: /root/Shared/MIAPR_Projekt/colcon_ws/install/mesh_msgs/lib/python3.12/site-packages/mesh_msgs/srv/_get_vertex_cost_layers_s.c
[0.589s] -- Up-to-date symlink: /root/Shared/MIAPR_Projekt/colcon_ws/install/mesh_msgs/lib/python3.12/site-packages/mesh_msgs/srv/_get_vertex_costs.py
[0.590s] -- Up-to-date symlink: /root/Shared/MIAPR_Projekt/colcon_ws/install/mesh_msgs/lib/python3.12/site-packages/mesh_msgs/srv/_get_vertex_costs_s.c
[0.590s] -- Up-to-date symlink: /root/Shared/MIAPR_Projekt/colcon_ws/install/mesh_msgs/lib/python3.12/site-packages/mesh_msgs/mesh_msgs_s__rosidl_typesupport_fastrtps_c.so
[0.590s] -- Up-to-date symlink: /root/Shared/MIAPR_Projekt/colcon_ws/install/mesh_msgs/lib/python3.12/site-packages/mesh_msgs/mesh_msgs_s__rosidl_typesupport_introspection_c.so
[0.591s] -- Up-to-date symlink: /root/Shared/MIAPR_Projekt/colcon_ws/install/mesh_msgs/lib/python3.12/site-packages/mesh_msgs/mesh_msgs_s__rosidl_typesupport_c.so
[0.591s] -- Up-to-date symlink: /root/Shared/MIAPR_Projekt/colcon_ws/install/mesh_msgs/share/mesh_msgs/msg/MeshFaceCluster.idl
[0.591s] -- Up-to-date symlink: /root/Shared/MIAPR_Projekt/colcon_ws/install/mesh_msgs/share/mesh_msgs/msg/MeshFaceClusterStamped.idl
[0.591s] -- Up-to-date symlink: /root/Shared/MIAPR_Projekt/colcon_ws/install/mesh_msgs/share/mesh_msgs/msg/MeshMaterial.idl
[0.591s] -- Up-to-date symlink: /root/Shared/MIAPR_Projekt/colcon_ws/install/mesh_msgs/share/mesh_msgs/msg/MeshGeometry.idl
[0.591s] -- Up-to-date symlink: /root/Shared/MIAPR_Projekt/colcon_ws/install/mesh_msgs/share/mesh_msgs/msg/MeshGeometryStamped.idl
[0.592s] -- Up-to-date symlink: /root/Shared/MIAPR_Projekt/colcon_ws/install/mesh_msgs/share/mesh_msgs/msg/MeshMaterials.idl
[0.592s] -- Up-to-date symlink: /root/Shared/MIAPR_Projekt/colcon_ws/install/mesh_msgs/share/mesh_msgs/msg/MeshMaterialsStamped.idl
[0.592s] -- Up-to-date symlink: /root/Shared/MIAPR_Projekt/colcon_ws/install/mesh_msgs/share/mesh_msgs/msg/MeshVertexColors.idl
[0.592s] -- Up-to-date symlink: /root/Shared/MIAPR_Projekt/colcon_ws/install/mesh_msgs/share/mesh_msgs/msg/MeshVertexColorsStamped.idl
[0.592s] -- Up-to-date symlink: /root/Shared/MIAPR_Projekt/colcon_ws/install/mesh_msgs/share/mesh_msgs/msg/MeshVertexCosts.idl
[0.593s] -- Up-to-date symlink: /root/Shared/MIAPR_Projekt/colcon_ws/install/mesh_msgs/share/mesh_msgs/msg/MeshVertexCostsStamped.idl
[0.593s] -- Up-to-date symlink: /root/Shared/MIAPR_Projekt/colcon_ws/install/mesh_msgs/share/mesh_msgs/msg/MeshVertexCostsSparse.idl
[0.593s] -- Up-to-date symlink: /root/Shared/MIAPR_Projekt/colcon_ws/install/mesh_msgs/share/mesh_msgs/msg/MeshVertexCostsSparseStamped.idl
[0.593s] -- Up-to-date symlink: /root/Shared/MIAPR_Projekt/colcon_ws/install/mesh_msgs/share/mesh_msgs/msg/MeshTexture.idl
[0.593s] -- Up-to-date symlink: /root/Shared/MIAPR_Projekt/colcon_ws/install/mesh_msgs/share/mesh_msgs/msg/MeshTriangleIndices.idl
[0.594s] -- Up-to-date symlink: /root/Shared/MIAPR_Projekt/colcon_ws/install/mesh_msgs/share/mesh_msgs/msg/VectorField.idl
[0.594s] -- Up-to-date symlink: /root/Shared/MIAPR_Projekt/colcon_ws/install/mesh_msgs/share/mesh_msgs/msg/VectorFieldStamped.idl
[0.594s] -- Up-to-date symlink: /root/Shared/MIAPR_Projekt/colcon_ws/install/mesh_msgs/share/mesh_msgs/msg/MeshVertexTexCoords.idl
[0.594s] -- Up-to-date symlink: /root/Shared/MIAPR_Projekt/colcon_ws/install/mesh_msgs/share/mesh_msgs/srv/GetGeometry.idl
[0.594s] -- Up-to-date symlink: /root/Shared/MIAPR_Projekt/colcon_ws/install/mesh_msgs/share/mesh_msgs/srv/GetLabeledClusters.idl
[0.594s] -- Up-to-date symlink: /root/Shared/MIAPR_Projekt/colcon_ws/install/mesh_msgs/share/mesh_msgs/srv/GetMaterials.idl
[0.595s] -- Up-to-date symlink: /root/Shared/MIAPR_Projekt/colcon_ws/install/mesh_msgs/share/mesh_msgs/srv/GetTexture.idl
[0.595s] -- Up-to-date symlink: /root/Shared/MIAPR_Projekt/colcon_ws/install/mesh_msgs/share/mesh_msgs/srv/GetUUIDs.idl
[0.595s] -- Up-to-date symlink: /root/Shared/MIAPR_Projekt/colcon_ws/install/mesh_msgs/share/mesh_msgs/srv/GetVertexColors.idl
[0.595s] -- Up-to-date symlink: /root/Shared/MIAPR_Projekt/colcon_ws/install/mesh_msgs/share/mesh_msgs/srv/GetVertexCosts.idl
[0.595s] -- Up-to-date symlink: /root/Shared/MIAPR_Projekt/colcon_ws/install/mesh_msgs/share/mesh_msgs/srv/GetVertexCostLayers.idl
[0.596s] -- Up-to-date symlink: /root/Shared/MIAPR_Projekt/colcon_ws/install/mesh_msgs/share/mesh_msgs/msg/MeshFaceCluster.msg
[0.596s] -- Up-to-date symlink: /root/Shared/MIAPR_Projekt/colcon_ws/install/mesh_msgs/share/mesh_msgs/msg/MeshFaceClusterStamped.msg
[0.596s] -- Up-to-date symlink: /root/Shared/MIAPR_Projekt/colcon_ws/install/mesh_msgs/share/mesh_msgs/msg/MeshMaterial.msg
[0.596s] -- Up-to-date symlink: /root/Shared/MIAPR_Projekt/colcon_ws/install/mesh_msgs/share/mesh_msgs/msg/MeshGeometry.msg
[0.597s] -- Up-to-date symlink: /root/Shared/MIAPR_Projekt/colcon_ws/install/mesh_msgs/share/mesh_msgs/msg/MeshGeometryStamped.msg
[0.597s] -- Up-to-date symlink: /root/Shared/MIAPR_Projekt/colcon_ws/install/mesh_msgs/share/mesh_msgs/msg/MeshMaterials.msg
[0.597s] -- Up-to-date symlink: /root/Shared/MIAPR_Projekt/colcon_ws/install/mesh_msgs/share/mesh_msgs/msg/MeshMaterialsStamped.msg
[0.597s] -- Up-to-date symlink: /root/Shared/MIAPR_Projekt/colcon_ws/install/mesh_msgs/share/mesh_msgs/msg/MeshVertexColors.msg
[0.597s] -- Up-to-date symlink: /root/Shared/MIAPR_Projekt/colcon_ws/install/mesh_msgs/share/mesh_msgs/msg/MeshVertexColorsStamped.msg
[0.598s] -- Up-to-date symlink: /root/Shared/MIAPR_Projekt/colcon_ws/install/mesh_msgs/share/mesh_msgs/msg/MeshVertexCosts.msg
[0.598s] -- Up-to-date symlink: /root/Shared/MIAPR_Projekt/colcon_ws/install/mesh_msgs/share/mesh_msgs/msg/MeshVertexCostsStamped.msg
[0.598s] -- Up-to-date symlink: /root/Shared/MIAPR_Projekt/colcon_ws/install/mesh_msgs/share/mesh_msgs/msg/MeshVertexCostsSparse.msg
[0.598s] -- Up-to-date symlink: /root/Shared/MIAPR_Projekt/colcon_ws/install/mesh_msgs/share/mesh_msgs/msg/MeshVertexCostsSparseStamped.msg
[0.599s] -- Up-to-date symlink: /root/Shared/MIAPR_Projekt/colcon_ws/install/mesh_msgs/share/mesh_msgs/msg/MeshTexture.msg
[0.599s] -- Up-to-date symlink: /root/Shared/MIAPR_Projekt/colcon_ws/install/mesh_msgs/share/mesh_msgs/msg/MeshTriangleIndices.msg
[0.599s] -- Up-to-date symlink: /root/Shared/MIAPR_Projekt/colcon_ws/install/mesh_msgs/share/mesh_msgs/msg/VectorField.msg
[0.599s] -- Up-to-date symlink: /root/Shared/MIAPR_Projekt/colcon_ws/install/mesh_msgs/share/mesh_msgs/msg/VectorFieldStamped.msg
[0.599s] -- Up-to-date symlink: /root/Shared/MIAPR_Projekt/colcon_ws/install/mesh_msgs/share/mesh_msgs/msg/MeshVertexTexCoords.msg
[0.600s] -- Up-to-date symlink: /root/Shared/MIAPR_Projekt/colcon_ws/install/mesh_msgs/share/mesh_msgs/srv/GetGeometry.srv
[0.600s] -- Up-to-date symlink: /root/Shared/MIAPR_Projekt/colcon_ws/install/mesh_msgs/share/mesh_msgs/srv/GetLabeledClusters.srv
[0.600s] -- Up-to-date symlink: /root/Shared/MIAPR_Projekt/colcon_ws/install/mesh_msgs/share/mesh_msgs/srv/GetMaterials.srv
[0.600s] -- Up-to-date symlink: /root/Shared/MIAPR_Projekt/colcon_ws/install/mesh_msgs/share/mesh_msgs/srv/GetTexture.srv
[0.600s] -- Up-to-date symlink: /root/Shared/MIAPR_Projekt/colcon_ws/install/mesh_msgs/share/mesh_msgs/srv/GetUUIDs.srv
[0.601s] -- Up-to-date symlink: /root/Shared/MIAPR_Projekt/colcon_ws/install/mesh_msgs/share/mesh_msgs/srv/GetVertexColors.srv
[0.601s] -- Up-to-date symlink: /root/Shared/MIAPR_Projekt/colcon_ws/install/mesh_msgs/share/mesh_msgs/srv/GetVertexCosts.srv
[0.601s] -- Up-to-date symlink: /root/Shared/MIAPR_Projekt/colcon_ws/install/mesh_msgs/share/mesh_msgs/srv/GetVertexCostLayers.srv
[0.601s] -- Up-to-date symlink: /root/Shared/MIAPR_Projekt/colcon_ws/install/mesh_msgs/share/ament_index/resource_index/package_run_dependencies/mesh_msgs
[0.602s] -- Up-to-date symlink: /root/Shared/MIAPR_Projekt/colcon_ws/install/mesh_msgs/share/ament_index/resource_index/parent_prefix_path/mesh_msgs
[0.602s] -- Up-to-date symlink: /root/Shared/MIAPR_Projekt/colcon_ws/install/mesh_msgs/share/mesh_msgs/environment/ament_prefix_path.sh
[0.602s] -- Up-to-date symlink: /root/Shared/MIAPR_Projekt/colcon_ws/install/mesh_msgs/share/mesh_msgs/environment/ament_prefix_path.dsv
[0.602s] -- Up-to-date symlink: /root/Shared/MIAPR_Projekt/colcon_ws/install/mesh_msgs/share/mesh_msgs/environment/path.sh
[0.602s] -- Up-to-date symlink: /root/Shared/MIAPR_Projekt/colcon_ws/install/mesh_msgs/share/mesh_msgs/environment/path.dsv
[0.603s] -- Up-to-date symlink: /root/Shared/MIAPR_Projekt/colcon_ws/install/mesh_msgs/share/mesh_msgs/local_setup.bash
[0.603s] -- Up-to-date symlink: /root/Shared/MIAPR_Projekt/colcon_ws/install/mesh_msgs/share/mesh_msgs/local_setup.sh
[0.603s] -- Up-to-date symlink: /root/Shared/MIAPR_Projekt/colcon_ws/install/mesh_msgs/share/mesh_msgs/local_setup.zsh
[0.603s] -- Up-to-date symlink: /root/Shared/MIAPR_Projekt/colcon_ws/install/mesh_msgs/share/mesh_msgs/local_setup.dsv
[0.603s] -- Symlinking: /root/Shared/MIAPR_Projekt/colcon_ws/install/mesh_msgs/share/mesh_msgs/package.dsv
[0.616s] -- Up-to-date symlink: /root/Shared/MIAPR_Projekt/colcon_ws/install/mesh_msgs/share/ament_index/resource_index/packages/mesh_msgs
[0.616s] -- Up-to-date symlink: /root/Shared/MIAPR_Projekt/colcon_ws/install/mesh_msgs/share/mesh_msgs/cmake/rosidl_cmake-extras.cmake
[0.616s] -- Up-to-date symlink: /root/Shared/MIAPR_Projekt/colcon_ws/install/mesh_msgs/share/mesh_msgs/cmake/ament_cmake_export_dependencies-extras.cmake
[0.617s] -- Up-to-date symlink: /root/Shared/MIAPR_Projekt/colcon_ws/install/mesh_msgs/share/mesh_msgs/cmake/ament_cmake_export_include_directories-extras.cmake
[0.617s] -- Up-to-date symlink: /root/Shared/MIAPR_Projekt/colcon_ws/install/mesh_msgs/share/mesh_msgs/cmake/ament_cmake_export_libraries-extras.cmake
[0.617s] -- Up-to-date symlink: /root/Shared/MIAPR_Projekt/colcon_ws/install/mesh_msgs/share/mesh_msgs/cmake/ament_cmake_export_targets-extras.cmake
[0.617s] -- Up-to-date symlink: /root/Shared/MIAPR_Projekt/colcon_ws/install/mesh_msgs/share/mesh_msgs/cmake/rosidl_cmake_export_typesupport_targets-extras.cmake
[0.618s] -- Up-to-date symlink: /root/Shared/MIAPR_Projekt/colcon_ws/install/mesh_msgs/share/mesh_msgs/cmake/rosidl_cmake_export_typesupport_libraries-extras.cmake
[0.618s] -- Up-to-date symlink: /root/Shared/MIAPR_Projekt/colcon_ws/install/mesh_msgs/share/mesh_msgs/cmake/mesh_msgsConfig.cmake
[0.618s] -- Up-to-date symlink: /root/Shared/MIAPR_Projekt/colcon_ws/install/mesh_msgs/share/mesh_msgs/cmake/mesh_msgsConfig-version.cmake
[0.618s] -- Up-to-date symlink: /root/Shared/MIAPR_Projekt/colcon_ws/install/mesh_msgs/share/mesh_msgs/package.xml
[0.618s] -- Up-to-date: /root/Shared/MIAPR_Projekt/colcon_ws/install/mesh_msgs/lib/libmesh_msgs__rosidl_generator_c.so
[0.618s] -- Up-to-date: /root/Shared/MIAPR_Projekt/colcon_ws/install/mesh_msgs/lib/libmesh_msgs__rosidl_typesupport_fastrtps_c.so
[0.619s] -- Up-to-date: /root/Shared/MIAPR_Projekt/colcon_ws/install/mesh_msgs/lib/libmesh_msgs__rosidl_typesupport_introspection_c.so
[0.619s] -- Up-to-date: /root/Shared/MIAPR_Projekt/colcon_ws/install/mesh_msgs/lib/libmesh_msgs__rosidl_typesupport_c.so
[0.619s] -- Up-to-date: /root/Shared/MIAPR_Projekt/colcon_ws/install/mesh_msgs/lib/libmesh_msgs__rosidl_typesupport_fastrtps_cpp.so
[0.620s] -- Up-to-date: /root/Shared/MIAPR_Projekt/colcon_ws/install/mesh_msgs/lib/libmesh_msgs__rosidl_typesupport_introspection_cpp.so
[0.620s] -- Up-to-date: /root/Shared/MIAPR_Projekt/colcon_ws/install/mesh_msgs/lib/libmesh_msgs__rosidl_typesupport_cpp.so
[0.659s] Listing '/root/Shared/MIAPR_Projekt/colcon_ws/install/mesh_msgs/lib/python3.12/site-packages/mesh_msgs'...
[0.660s] Listing '/root/Shared/MIAPR_Projekt/colcon_ws/install/mesh_msgs/lib/python3.12/site-packages/mesh_msgs/msg'...
[0.660s] Listing '/root/Shared/MIAPR_Projekt/colcon_ws/install/mesh_msgs/lib/python3.12/site-packages/mesh_msgs/srv'...
[0.666s] -- Up-to-date: /root/Shared/MIAPR_Projekt/colcon_ws/install/mesh_msgs/lib/libmesh_msgs__rosidl_generator_py.so
[0.666s] -- Up-to-date: /root/Shared/MIAPR_Projekt/colcon_ws/install/mesh_msgs/share/mesh_msgs/cmake/export_mesh_msgs__rosidl_generator_cExport.cmake
[0.667s] -- Up-to-date: /root/Shared/MIAPR_Projekt/colcon_ws/install/mesh_msgs/share/mesh_msgs/cmake/export_mesh_msgs__rosidl_generator_cExport-noconfig.cmake
[0.667s] -- Up-to-date: /root/Shared/MIAPR_Projekt/colcon_ws/install/mesh_msgs/share/mesh_msgs/cmake/export_mesh_msgs__rosidl_typesupport_fastrtps_cExport.cmake
[0.667s] -- Up-to-date: /root/Shared/MIAPR_Projekt/colcon_ws/install/mesh_msgs/share/mesh_msgs/cmake/export_mesh_msgs__rosidl_typesupport_fastrtps_cExport-noconfig.cmake
[0.667s] -- Up-to-date: /root/Shared/MIAPR_Projekt/colcon_ws/install/mesh_msgs/share/mesh_msgs/cmake/mesh_msgs__rosidl_typesupport_introspection_cExport.cmake
[0.667s] -- Up-to-date: /root/Shared/MIAPR_Projekt/colcon_ws/install/mesh_msgs/share/mesh_msgs/cmake/mesh_msgs__rosidl_typesupport_introspection_cExport-noconfig.cmake
[0.667s] -- Up-to-date: /root/Shared/MIAPR_Projekt/colcon_ws/install/mesh_msgs/share/mesh_msgs/cmake/mesh_msgs__rosidl_typesupport_cExport.cmake
[0.668s] -- Up-to-date: /root/Shared/MIAPR_Projekt/colcon_ws/install/mesh_msgs/share/mesh_msgs/cmake/mesh_msgs__rosidl_typesupport_cExport-noconfig.cmake
[0.668s] -- Up-to-date: /root/Shared/MIAPR_Projekt/colcon_ws/install/mesh_msgs/share/mesh_msgs/cmake/export_mesh_msgs__rosidl_generator_cppExport.cmake
[0.668s] -- Up-to-date: /root/Shared/MIAPR_Projekt/colcon_ws/install/mesh_msgs/share/mesh_msgs/cmake/export_mesh_msgs__rosidl_typesupport_fastrtps_cppExport.cmake
[0.668s] -- Up-to-date: /root/Shared/MIAPR_Projekt/colcon_ws/install/mesh_msgs/share/mesh_msgs/cmake/export_mesh_msgs__rosidl_typesupport_fastrtps_cppExport-noconfig.cmake
[0.668s] -- Up-to-date: /root/Shared/MIAPR_Projekt/colcon_ws/install/mesh_msgs/share/mesh_msgs/cmake/mesh_msgs__rosidl_typesupport_introspection_cppExport.cmake
[0.668s] -- Up-to-date: /root/Shared/MIAPR_Projekt/colcon_ws/install/mesh_msgs/share/mesh_msgs/cmake/mesh_msgs__rosidl_typesupport_introspection_cppExport-noconfig.cmake
[0.668s] -- Up-to-date: /root/Shared/MIAPR_Projekt/colcon_ws/install/mesh_msgs/share/mesh_msgs/cmake/mesh_msgs__rosidl_typesupport_cppExport.cmake
[0.668s] -- Up-to-date: /root/Shared/MIAPR_Projekt/colcon_ws/install/mesh_msgs/share/mesh_msgs/cmake/mesh_msgs__rosidl_typesupport_cppExport-noconfig.cmake
[0.668s] -- Up-to-date: /root/Shared/MIAPR_Projekt/colcon_ws/install/mesh_msgs/share/mesh_msgs/cmake/export_mesh_msgs__rosidl_generator_pyExport.cmake
[0.668s] -- Up-to-date: /root/Shared/MIAPR_Projekt/colcon_ws/install/mesh_msgs/share/mesh_msgs/cmake/export_mesh_msgs__rosidl_generator_pyExport-noconfig.cmake
[0.672s] Invoked command in '/root/Shared/MIAPR_Projekt/colcon_ws/build/mesh_msgs' returned '0': CMAKE_PREFIX_PATH=${CMAKE_PREFIX_PATH}:/opt/ros/jazzy /usr/bin/cmake --install /root/Shared/MIAPR_Projekt/colcon_ws/build/mesh_msgs
