[ 25%] [32mBuilding CXX object CMakeFiles/cvp_mesh_planner.dir/src/thetastar_mesh_planner.cpp.o[0m
[01m[K/root/Shared/MIAPR_Projekt/colcon_ws/src/mesh_navigation/cvp_mesh_planner/src/thetastar_mesh_planner.cpp:[m[K In member function ‘[01m[Kuint32_t thetastar_mesh_planner::ThetaStarMeshPlanner::[01;32m[KrunThetaStar[m[K(const mesh_map::Vector&, const mesh_map::Vector&, std::__cxx11::list<pmp::Vertex>&, std::string&)[m[K’:
[01m[K/root/Shared/MIAPR_Projekt/colcon_ws/src/mesh_navigation/cvp_mesh_planner/src/thetastar_mesh_planner.cpp:597:44:[m[K [01;31m[Kerror: [m[Kqualified-id in declaration before ‘[01m[K([m[K’ token
  597 | uint32_t ThetaStarMeshPlanner::runThetaStar[01;31m[K([m[Kconst mesh_map::Vector& start, const mesh_map::Vector& goal,
      |                                            [01;31m[K^[m[K
[01m[K/root/Shared/MIAPR_Projekt/colcon_ws/src/mesh_navigation/cvp_mesh_planner/src/thetastar_mesh_planner.cpp:728:34:[m[K [01;31m[Kerror: [m[Kqualified-id in declaration before ‘[01m[K([m[K’ token
  728 | bool ThetaStarMeshPlanner::cancel[01;31m[K([m[K)
      |                                  [01;31m[K^[m[K
[01m[K/root/Shared/MIAPR_Projekt/colcon_ws/src/mesh_navigation/cvp_mesh_planner/src/thetastar_mesh_planner.cpp:734:38:[m[K [01;31m[Kerror: [m[Kqualified-id in declaration before ‘[01m[K([m[K’ token
  734 | bool ThetaStarMeshPlanner::initialize[01;31m[K([m[Kconst std::string& plugin_name, const std::shared_ptr<mesh_map::MeshMap>& mesh_map_ptr, const rclcpp::Node::SharedPtr& node)
      |                                      [01;31m[K^[m[K
[01m[K/root/Shared/MIAPR_Projekt/colcon_ws/src/mesh_navigation/cvp_mesh_planner/src/thetastar_mesh_planner.cpp:755:83:[m[K [01;31m[Kerror: [m[Kqualified-id in declaration before ‘[01m[K([m[K’ token
  755 | rcl_interfaces::msg::SetParametersResult ThetaStarMeshPlanner::reconfigureCallback[01;31m[K([m[Kstd::vector<rclcpp::Parameter> parameters)
      |                                                                                   [01;31m[K^[m[K
[01m[K/root/Shared/MIAPR_Projekt/colcon_ws/src/mesh_navigation/cvp_mesh_planner/src/thetastar_mesh_planner.cpp:[m[K At global scope:
[01m[K/root/Shared/MIAPR_Projekt/colcon_ws/src/mesh_navigation/cvp_mesh_planner/src/thetastar_mesh_planner.cpp:769:2:[m[K [01;31m[Kerror: [m[Kexpected ‘[01m[K}[m[K’ at end of input
  769 | }[01;31m[K [m[K/* namespace thetastar_mesh_planner */
      |  [01;31m[K^[m[K
[01m[K/root/Shared/MIAPR_Projekt/colcon_ws/src/mesh_navigation/cvp_mesh_planner/src/thetastar_mesh_planner.cpp:459:1:[m[K [01;36m[Knote: [m[Kto match this ‘[01m[K{[m[K’
  459 | [01;36m[K{[m[K
      | [01;36m[K^[m[K
[01m[K/root/Shared/MIAPR_Projekt/colcon_ws/src/mesh_navigation/cvp_mesh_planner/src/thetastar_mesh_planner.cpp:[m[K In member function ‘[01m[Kuint32_t thetastar_mesh_planner::ThetaStarMeshPlanner::[01;32m[KrunThetaStar[m[K(const mesh_map::Vector&, const mesh_map::Vector&, std::__cxx11::list<pmp::Vertex>&, std::string&)[m[K’:
[01m[K/root/Shared/MIAPR_Projekt/colcon_ws/src/mesh_navigation/cvp_mesh_planner/src/thetastar_mesh_planner.cpp:769:1:[m[K [01;35m[Kwarning: [m[Kcontrol reaches end of non-void function [[01;35m[K-Wreturn-type[m[K]
  769 | [01;35m[K}[m[K /* namespace thetastar_mesh_planner */
      | [01;35m[K^[m[K
gmake[2]: *** [CMakeFiles/cvp_mesh_planner.dir/build.make:104: CMakeFiles/cvp_mesh_planner.dir/src/thetastar_mesh_planner.cpp.o] Error 1
gmake[1]: *** [CMakeFiles/Makefile2:137: CMakeFiles/cvp_mesh_planner.dir/all] Error 2
gmake: *** [Makefile:146: all] Error 2
