[ 50%] [32mBuilding CXX object CMakeFiles/cvp_mesh_planner.dir/src/cvp_mesh_planner.cpp.o[0m
[01m[K/root/Shared/MIAPR_Projekt/colcon_ws/src/mesh_navigation/cvp_mesh_planner/src/cvp_mesh_planner.cpp:[m[K In member function ‘[01m[Kvirtual uint32_t cvp_mesh_planner::CVPMeshPlanner::[01;32m[KmakePlan[m[K(const geometry_msgs::msg::PoseStamped&, const geometry_msgs::msg::PoseStamped&, double, std::vector<geometry_msgs::msg::PoseStamped_<std::allocator<void> > >&, double&, std::string&)[m[K’:
[01m[K/root/Shared/MIAPR_Projekt/colcon_ws/src/mesh_navigation/cvp_mesh_planner/src/cvp_mesh_planner.cpp:52:8:[m[K [01;31m[Kerror: [m[K‘[01m[Kstd::msgs[m[K’ has not been declared
   52 |   std::[01;31m[Kmsgs[m[K::msg::Header header;
      |        [01;31m[K^~~~[m[K
[01m[K/root/Shared/MIAPR_Projekt/colcon_ws/src/mesh_navigation/cvp_mesh_planner/src/cvp_mesh_planner.cpp:53:3:[m[K [01;31m[Kerror: [m[K‘[01m[Kheader[m[K’ was not declared in this scope
   53 |   [01;31m[Kheader[m[K.stamp = node_->now();
      |   [01;31m[K^~~~~~[m[K
[01m[K/root/Shared/MIAPR_Projekt/colcon_ws/src/mesh_navigation/cvp_mesh_planner/src/cvp_mesh_planner.cpp:[m[K In member function ‘[01m[Kuint32_t cvp_mesh_planner::CVPMeshPlanner::[01;32m[KrunAStar[m[K(const mesh_map::Vector&, const mesh_map::Vector&, std::__cxx11::list<pmp::Vertex>&, std::string&)[m[K’:
[01m[K/root/Shared/MIAPR_Projekt/colcon_ws/src/mesh_navigation/cvp_mesh_planner/src/cvp_mesh_planner.cpp:112:75:[m[K [01;31m[Kerror: [m[Kbinding reference of type ‘[01m[Kmesh_map::Vector&[m[K’ {aka ‘[01m[Klvr2::BaseVector<float>&[m[K’} to ‘[01m[Kconst mesh_map::Vector[m[K’ {aka ‘[01m[Kconst lvr2::BaseVector<float>[m[K’} discards qualifiers
  112 |   const lvr2::OptionalFaceHandle start_opt = mesh_map_->getContainingFace([01;31m[Kstart[m[K, 0.4);
      |                                                                           [01;31m[K^~~~~[m[K
In file included from [01m[K/root/Shared/MIAPR_Projekt/colcon_ws/install/mbf_mesh_core/include/mbf_mesh_core/mesh_planner.h:46[m[K,
                 from [01m[K/root/Shared/MIAPR_Projekt/colcon_ws/src/mesh_navigation/cvp_mesh_planner/include/cvp_mesh_planner/cvp_mesh_planner.h:9[m[K,
                 from [01m[K/root/Shared/MIAPR_Projekt/colcon_ws/src/mesh_navigation/cvp_mesh_planner/src/cvp_mesh_planner.cpp:12[m[K:
[01m[K/root/Shared/MIAPR_Projekt/colcon_ws/install/mesh_map/include/mesh_map/mesh_map.h:114:54:[m[K [01;36m[Knote: [m[K  initializing argument 1 of ‘[01m[Klvr2::OptionalFaceHandle mesh_map::MeshMap::[01;32m[KgetContainingFace[m[K(mesh_map::Vector&, const float&)[m[K’
  114 |   lvr2::OptionalFaceHandle getContainingFace([01;36m[KVector& position[m[K, const float& max_dist);
      |                                              [01;36m[K~~~~~~~~^~~~~~~~[m[K
[01m[K/root/Shared/MIAPR_Projekt/colcon_ws/src/mesh_navigation/cvp_mesh_planner/src/cvp_mesh_planner.cpp:113:74:[m[K [01;31m[Kerror: [m[Kbinding reference of type ‘[01m[Kmesh_map::Vector&[m[K’ {aka ‘[01m[Klvr2::BaseVector<float>&[m[K’} to ‘[01m[Kconst mesh_map::Vector[m[K’ {aka ‘[01m[Kconst lvr2::BaseVector<float>[m[K’} discards qualifiers
  113 |   const lvr2::OptionalFaceHandle goal_opt = mesh_map_->getContainingFace([01;31m[Kgoal[m[K, 0.4);
      |                                                                          [01;31m[K^~~~[m[K
[01m[K/root/Shared/MIAPR_Projekt/colcon_ws/install/mesh_map/include/mesh_map/mesh_map.h:114:54:[m[K [01;36m[Knote: [m[K  initializing argument 1 of ‘[01m[Klvr2::OptionalFaceHandle mesh_map::MeshMap::[01;32m[KgetContainingFace[m[K(mesh_map::Vector&, const float&)[m[K’
  114 |   lvr2::OptionalFaceHandle getContainingFace([01;36m[KVector& position[m[K, const float& max_dist);
      |                                              [01;36m[K~~~~~~~~^~~~~~~~[m[K
gmake[2]: *** [CMakeFiles/cvp_mesh_planner.dir/build.make:76: CMakeFiles/cvp_mesh_planner.dir/src/cvp_mesh_planner.cpp.o] Error 1
gmake[1]: *** [CMakeFiles/Makefile2:137: CMakeFiles/cvp_mesh_planner.dir/all] Error 2
gmake: *** [Makefile:146: all] Error 2
