-- The C compiler identification is GNU 13.3.0
-- The CXX compiler identification is GNU 13.3.0
-- Detecting C compiler ABI info
-- Detecting C compiler ABI info - done
-- Check for working C compiler: /usr/bin/cc - skipped
-- Detecting C compile features
-- Detecting C compile features - done
-- Detecting CXX compiler ABI info
-- Detecting CXX compiler ABI info - done
-- Check for working CXX compiler: /usr/bin/c++ - skipped
-- Detecting CXX compile features
-- Detecting CXX compile features - done
-- Found ament_cmake: 2.5.5 (/opt/ros/jazzy/share/ament_cmake/cmake)
-- Found Python3: /usr/bin/python3 (found version "3.12.3") found components: Interpreter 
-- Found rclcpp: 28.1.16 (/opt/ros/jazzy/share/rclcpp/cmake)
-- Found rosidl_generator_c: 4.6.7 (/opt/ros/jazzy/share/rosidl_generator_c/cmake)
-- Found rosidl_generator_cpp: 4.6.7 (/opt/ros/jazzy/share/rosidl_generator_cpp/cmake)
-- Using all available rosidl_typesupport_c: rosidl_typesupport_fastrtps_c;rosidl_typesupport_introspection_c
-- Using all available rosidl_typesupport_cpp: rosidl_typesupport_fastrtps_cpp;rosidl_typesupport_introspection_cpp
-- Found rmw_implementation_cmake: 7.3.3 (/opt/ros/jazzy/share/rmw_implementation_cmake/cmake)
-- Found rmw_fastrtps_cpp: 8.4.3 (/opt/ros/jazzy/share/rmw_fastrtps_cpp/cmake)
-- Found OpenSSL: /usr/lib/x86_64-linux-gnu/libcrypto.so (found version "3.0.13")  
-- Found FastRTPS: /opt/ros/jazzy/include (Required is at least version "2.13") 
-- Using RMW implementation 'rmw_fastrtps_cpp' as default
-- Found mesh_msgs: 2.1.1 (/root/Shared/MIAPR_Projekt/install/mesh_msgs/share/mesh_msgs/cmake)
-- Found MPI_C: /usr/lib/x86_64-linux-gnu/openmpi/lib/libmpi.so (found version "3.1") 
-- Found MPI_CXX: /usr/lib/x86_64-linux-gnu/openmpi/lib/libmpi_cxx.so (found version "3.1") 
-- Found MPI: TRUE (found version "3.1")  
-- Found TIFF: /usr/lib/x86_64-linux-gnu/libtiff.so (found version "4.5.1")  
-- Found GDAL: /usr/lib/x86_64-linux-gnu/libgdal.so (found version "3.8.4") 
-- Found OpenCV: /usr (found version "4.6.0") 
-- Found FLANN: /usr/include/flann  
-- Try to find LZ4: find_path + find_library
-- Try to find LZ4: FindPackageHandleStandardArgs
-- Found LZ4: /usr/lib/x86_64-linux-gnu/liblz4.so  
-- Found GSL: /usr/include (found version "2.7.1") 
-- Found HDF5: /usr/lib/x86_64-linux-gnu/hdf5/serial/libhdf5.so;/usr/lib/x86_64-linux-gnu/libcrypto.so;/usr/lib/x86_64-linux-gnu/libcurl.so;/usr/lib/x86_64-linux-gnu/libpthread.a;/usr/lib/x86_64-linux-gnu/libsz.so;/usr/lib/x86_64-linux-gnu/libz.so;/usr/lib/x86_64-linux-gnu/libdl.a;/usr/lib/x86_64-linux-gnu/libm.so;/usr/lib/x86_64-linux-gnu/hdf5/serial/libhdf5_cpp.so;/usr/lib/x86_64-linux-gnu/hdf5/serial/libhdf5.so;/usr/lib/x86_64-linux-gnu/libcrypto.so;/usr/lib/x86_64-linux-gnu/libcurl.so;/usr/lib/x86_64-linux-gnu/libpthread.a;/usr/lib/x86_64-linux-gnu/libsz.so;/usr/lib/x86_64-linux-gnu/libz.so;/usr/lib/x86_64-linux-gnu/libdl.a;/usr/lib/x86_64-linux-gnu/libm.so (found version "1.10.10") found components: C CXX HL 
-- Found OpenGL: /usr/lib/x86_64-linux-gnu/libOpenGL.so  found components: OpenGL 
-- Found GLUT: /usr/lib/x86_64-linux-gnu/libglut.so  
-- Found PkgConfig: /usr/bin/pkg-config (found version "1.8.1") 
-- Configuring done (5.8s)
-- Generating done (0.1s)
-- Build files have been written to: /root/Shared/MIAPR_Projekt/build/mesh_msgs_conversions
[ 50%] [32mBuilding CXX object CMakeFiles/mesh_msgs_conversions.dir/src/conversions.cpp.o[0m
[100%] [32m[1mLinking CXX static library libmesh_msgs_conversions.a[0m
[100%] Built target mesh_msgs_conversions
-- Install configuration: "Release"
-- Installing: /root/Shared/MIAPR_Projekt/install/mesh_msgs_conversions/lib/libmesh_msgs_conversions.a
-- Installing: /root/Shared/MIAPR_Projekt/install/mesh_msgs_conversions/include
-- Installing: /root/Shared/MIAPR_Projekt/install/mesh_msgs_conversions/include/mesh_msgs_conversions
-- Installing: /root/Shared/MIAPR_Projekt/install/mesh_msgs_conversions/include/mesh_msgs_conversions/conversions.h
-- Installing: /root/Shared/MIAPR_Projekt/install/mesh_msgs_conversions/share/mesh_msgs_conversions/environment/library_path.sh
-- Installing: /root/Shared/MIAPR_Projekt/install/mesh_msgs_conversions/share/mesh_msgs_conversions/environment/library_path.dsv
-- Installing: /root/Shared/MIAPR_Projekt/install/mesh_msgs_conversions/share/ament_index/resource_index/package_run_dependencies/mesh_msgs_conversions
-- Installing: /root/Shared/MIAPR_Projekt/install/mesh_msgs_conversions/share/ament_index/resource_index/parent_prefix_path/mesh_msgs_conversions
-- Installing: /root/Shared/MIAPR_Projekt/install/mesh_msgs_conversions/share/mesh_msgs_conversions/environment/ament_prefix_path.sh
-- Installing: /root/Shared/MIAPR_Projekt/install/mesh_msgs_conversions/share/mesh_msgs_conversions/environment/ament_prefix_path.dsv
-- Installing: /root/Shared/MIAPR_Projekt/install/mesh_msgs_conversions/share/mesh_msgs_conversions/environment/path.sh
-- Installing: /root/Shared/MIAPR_Projekt/install/mesh_msgs_conversions/share/mesh_msgs_conversions/environment/path.dsv
-- Installing: /root/Shared/MIAPR_Projekt/install/mesh_msgs_conversions/share/mesh_msgs_conversions/local_setup.bash
-- Installing: /root/Shared/MIAPR_Projekt/install/mesh_msgs_conversions/share/mesh_msgs_conversions/local_setup.sh
-- Installing: /root/Shared/MIAPR_Projekt/install/mesh_msgs_conversions/share/mesh_msgs_conversions/local_setup.zsh
-- Installing: /root/Shared/MIAPR_Projekt/install/mesh_msgs_conversions/share/mesh_msgs_conversions/local_setup.dsv
-- Installing: /root/Shared/MIAPR_Projekt/install/mesh_msgs_conversions/share/mesh_msgs_conversions/package.dsv
-- Installing: /root/Shared/MIAPR_Projekt/install/mesh_msgs_conversions/share/ament_index/resource_index/packages/mesh_msgs_conversions
-- Installing: /root/Shared/MIAPR_Projekt/install/mesh_msgs_conversions/share/mesh_msgs_conversions/cmake/export_mesh_msgs_conversionsExport.cmake
-- Installing: /root/Shared/MIAPR_Projekt/install/mesh_msgs_conversions/share/mesh_msgs_conversions/cmake/export_mesh_msgs_conversionsExport-release.cmake
-- Installing: /root/Shared/MIAPR_Projekt/install/mesh_msgs_conversions/share/mesh_msgs_conversions/cmake/ament_cmake_export_include_directories-extras.cmake
-- Installing: /root/Shared/MIAPR_Projekt/install/mesh_msgs_conversions/share/mesh_msgs_conversions/cmake/ament_cmake_export_libraries-extras.cmake
-- Installing: /root/Shared/MIAPR_Projekt/install/mesh_msgs_conversions/share/mesh_msgs_conversions/cmake/ament_cmake_export_targets-extras.cmake
-- Installing: /root/Shared/MIAPR_Projekt/install/mesh_msgs_conversions/share/mesh_msgs_conversions/cmake/ament_cmake_export_dependencies-extras.cmake
-- Installing: /root/Shared/MIAPR_Projekt/install/mesh_msgs_conversions/share/mesh_msgs_conversions/cmake/mesh_msgs_conversionsConfig.cmake
-- Installing: /root/Shared/MIAPR_Projekt/install/mesh_msgs_conversions/share/mesh_msgs_conversions/cmake/mesh_msgs_conversionsConfig-version.cmake
-- Installing: /root/Shared/MIAPR_Projekt/install/mesh_msgs_conversions/share/mesh_msgs_conversions/package.xml
