[0.022s] Invoking command in '/root/Shared/MIAPR_Projekt/build/mesh_msgs_conversions': AMENT_PREFIX_PATH=/root/Shared/MIAPR_Projekt/install/mesh_msgs:${AMENT_PREFIX_PATH} CMAKE_PREFIX_PATH=/root/Shared/MIAPR_Projekt/install/mesh_msgs:/opt/ros/jazzy/opt/gz_sim_vendor:/opt/ros/jazzy/opt/gz_sensors_vendor:/opt/ros/jazzy/opt/gz_physics_vendor:/opt/ros/jazzy/opt/sdformat_vendor:/opt/ros/jazzy/opt/gz_gui_vendor:/opt/ros/jazzy/opt/gz_transport_vendor:/opt/ros/jazzy/opt/gz_rendering_vendor:/opt/ros/jazzy/opt/gz_plugin_vendor:/opt/ros/jazzy/opt/gz_fuel_tools_vendor:/opt/ros/jazzy/opt/gz_msgs_vendor:/opt/ros/jazzy/opt/gz_common_vendor:/opt/ros/jazzy/opt/gz_math_vendor:/opt/ros/jazzy/opt/gz_utils_vendor:/opt/ros/jazzy/opt/gz_tools_vendor:/opt/ros/jazzy/opt/gz_ogre_next_vendor:/opt/ros/jazzy/opt/gz_dartsim_vendor:/opt/ros/jazzy/opt/gz_cmake_vendor:/opt/ros/jazzy LD_LIBRARY_PATH=/root/Shared/MIAPR_Projekt/install/mesh_msgs/lib:${LD_LIBRARY_PATH} PYTHONPATH=/root/Shared/MIAPR_Projekt/install/mesh_msgs/lib/python3.12/site-packages:${PYTHONPATH} /usr/bin/cmake /root/Shared/MIAPR_Projekt/colcon_ws/src/mesh_tools/mesh_msgs_conversions -DCMAKE_INSTALL_PREFIX=/root/Shared/MIAPR_Projekt/install/mesh_msgs_conversions
[0.109s] -- The C compiler identification is GNU 13.3.0
[0.187s] -- The CXX compiler identification is GNU 13.3.0
[0.214s] -- Detecting C compiler ABI info
[0.353s] -- Detecting C compiler ABI info - done
[0.366s] -- Check for working C compiler: /usr/bin/cc - skipped
[0.366s] -- Detecting C compile features
[0.367s] -- Detecting C compile features - done
[0.384s] -- Detecting CXX compiler ABI info
[0.534s] -- Detecting CXX compiler ABI info - done
[0.548s] -- Check for working CXX compiler: /usr/bin/c++ - skipped
[0.548s] -- Detecting CXX compile features
[0.549s] -- Detecting CXX compile features - done
[0.559s] -- Found ament_cmake: 2.5.5 (/opt/ros/jazzy/share/ament_cmake/cmake)
[0.800s] -- Found Python3: /usr/bin/python3 (found version "3.12.3") found components: Interpreter 
[1.028s] -- Found rclcpp: 28.1.16 (/opt/ros/jazzy/share/rclcpp/cmake)
[1.114s] -- Found rosidl_generator_c: 4.6.7 (/opt/ros/jazzy/share/rosidl_generator_c/cmake)
[1.143s] -- Found rosidl_generator_cpp: 4.6.7 (/opt/ros/jazzy/share/rosidl_generator_cpp/cmake)
[1.174s] -- Using all available rosidl_typesupport_c: rosidl_typesupport_fastrtps_c;rosidl_typesupport_introspection_c
[1.211s] -- Using all available rosidl_typesupport_cpp: rosidl_typesupport_fastrtps_cpp;rosidl_typesupport_introspection_cpp
[1.341s] -- Found rmw_implementation_cmake: 7.3.3 (/opt/ros/jazzy/share/rmw_implementation_cmake/cmake)
[1.348s] -- Found rmw_fastrtps_cpp: 8.4.3 (/opt/ros/jazzy/share/rmw_fastrtps_cpp/cmake)
[1.500s] -- Found OpenSSL: /usr/lib/x86_64-linux-gnu/libcrypto.so (found version "3.0.13")  
[1.531s] -- Found FastRTPS: /opt/ros/jazzy/include (Required is at least version "2.13") 
[1.564s] -- Using RMW implementation 'rmw_fastrtps_cpp' as default
[1.706s] -- Found mesh_msgs: 2.1.1 (/root/Shared/MIAPR_Projekt/install/mesh_msgs/share/mesh_msgs/cmake)
[2.188s] -- Found MPI_C: /usr/lib/x86_64-linux-gnu/openmpi/lib/libmpi.so (found version "3.1") 
[3.891s] -- Found MPI_CXX: /usr/lib/x86_64-linux-gnu/openmpi/lib/libmpi_cxx.so (found version "3.1") 
[3.891s] -- Found MPI: TRUE (found version "3.1")  
[3.929s] -- Found TIFF: /usr/lib/x86_64-linux-gnu/libtiff.so (found version "4.5.1")  
[3.942s] -- Found GDAL: /usr/lib/x86_64-linux-gnu/libgdal.so (found version "3.8.4") 
[3.965s] -- Found OpenCV: /usr (found version "4.6.0") 
[3.970s] -- Found FLANN: /usr/include/flann  
[3.971s] -- Try to find LZ4: find_path + find_library
[3.974s] -- Try to find LZ4: FindPackageHandleStandardArgs
[3.975s] -- Found LZ4: /usr/lib/x86_64-linux-gnu/liblz4.so  
[4.114s] -- Found GSL: /usr/include (found version "2.7.1") 
[5.507s] -- Found HDF5: /usr/lib/x86_64-linux-gnu/hdf5/serial/libhdf5.so;/usr/lib/x86_64-linux-gnu/libcrypto.so;/usr/lib/x86_64-linux-gnu/libcurl.so;/usr/lib/x86_64-linux-gnu/libpthread.a;/usr/lib/x86_64-linux-gnu/libsz.so;/usr/lib/x86_64-linux-gnu/libz.so;/usr/lib/x86_64-linux-gnu/libdl.a;/usr/lib/x86_64-linux-gnu/libm.so;/usr/lib/x86_64-linux-gnu/hdf5/serial/libhdf5_cpp.so;/usr/lib/x86_64-linux-gnu/hdf5/serial/libhdf5.so;/usr/lib/x86_64-linux-gnu/libcrypto.so;/usr/lib/x86_64-linux-gnu/libcurl.so;/usr/lib/x86_64-linux-gnu/libpthread.a;/usr/lib/x86_64-linux-gnu/libsz.so;/usr/lib/x86_64-linux-gnu/libz.so;/usr/lib/x86_64-linux-gnu/libdl.a;/usr/lib/x86_64-linux-gnu/libm.so (found version "1.10.10") found components: C CXX HL 
[5.524s] -- Found OpenGL: /usr/lib/x86_64-linux-gnu/libOpenGL.so  found components: OpenGL 
[5.635s] -- Found GLUT: /usr/lib/x86_64-linux-gnu/libglut.so  
[5.674s] -- Found PkgConfig: /usr/bin/pkg-config (found version "1.8.1") 
[5.815s] -- Configuring done (5.8s)
[5.892s] -- Generating done (0.1s)
[5.899s] -- Build files have been written to: /root/Shared/MIAPR_Projekt/build/mesh_msgs_conversions
[5.930s] Invoked command in '/root/Shared/MIAPR_Projekt/build/mesh_msgs_conversions' returned '0': AMENT_PREFIX_PATH=/root/Shared/MIAPR_Projekt/install/mesh_msgs:${AMENT_PREFIX_PATH} CMAKE_PREFIX_PATH=/root/Shared/MIAPR_Projekt/install/mesh_msgs:/opt/ros/jazzy/opt/gz_sim_vendor:/opt/ros/jazzy/opt/gz_sensors_vendor:/opt/ros/jazzy/opt/gz_physics_vendor:/opt/ros/jazzy/opt/sdformat_vendor:/opt/ros/jazzy/opt/gz_gui_vendor:/opt/ros/jazzy/opt/gz_transport_vendor:/opt/ros/jazzy/opt/gz_rendering_vendor:/opt/ros/jazzy/opt/gz_plugin_vendor:/opt/ros/jazzy/opt/gz_fuel_tools_vendor:/opt/ros/jazzy/opt/gz_msgs_vendor:/opt/ros/jazzy/opt/gz_common_vendor:/opt/ros/jazzy/opt/gz_math_vendor:/opt/ros/jazzy/opt/gz_utils_vendor:/opt/ros/jazzy/opt/gz_tools_vendor:/opt/ros/jazzy/opt/gz_ogre_next_vendor:/opt/ros/jazzy/opt/gz_dartsim_vendor:/opt/ros/jazzy/opt/gz_cmake_vendor:/opt/ros/jazzy LD_LIBRARY_PATH=/root/Shared/MIAPR_Projekt/install/mesh_msgs/lib:${LD_LIBRARY_PATH} PYTHONPATH=/root/Shared/MIAPR_Projekt/install/mesh_msgs/lib/python3.12/site-packages:${PYTHONPATH} /usr/bin/cmake /root/Shared/MIAPR_Projekt/colcon_ws/src/mesh_tools/mesh_msgs_conversions -DCMAKE_INSTALL_PREFIX=/root/Shared/MIAPR_Projekt/install/mesh_msgs_conversions
[5.932s] Invoking command in '/root/Shared/MIAPR_Projekt/build/mesh_msgs_conversions': AMENT_PREFIX_PATH=/root/Shared/MIAPR_Projekt/install/mesh_msgs:${AMENT_PREFIX_PATH} CMAKE_PREFIX_PATH=/root/Shared/MIAPR_Projekt/install/mesh_msgs:/opt/ros/jazzy/opt/gz_sim_vendor:/opt/ros/jazzy/opt/gz_sensors_vendor:/opt/ros/jazzy/opt/gz_physics_vendor:/opt/ros/jazzy/opt/sdformat_vendor:/opt/ros/jazzy/opt/gz_gui_vendor:/opt/ros/jazzy/opt/gz_transport_vendor:/opt/ros/jazzy/opt/gz_rendering_vendor:/opt/ros/jazzy/opt/gz_plugin_vendor:/opt/ros/jazzy/opt/gz_fuel_tools_vendor:/opt/ros/jazzy/opt/gz_msgs_vendor:/opt/ros/jazzy/opt/gz_common_vendor:/opt/ros/jazzy/opt/gz_math_vendor:/opt/ros/jazzy/opt/gz_utils_vendor:/opt/ros/jazzy/opt/gz_tools_vendor:/opt/ros/jazzy/opt/gz_ogre_next_vendor:/opt/ros/jazzy/opt/gz_dartsim_vendor:/opt/ros/jazzy/opt/gz_cmake_vendor:/opt/ros/jazzy LD_LIBRARY_PATH=/root/Shared/MIAPR_Projekt/install/mesh_msgs/lib:${LD_LIBRARY_PATH} PYTHONPATH=/root/Shared/MIAPR_Projekt/install/mesh_msgs/lib/python3.12/site-packages:${PYTHONPATH} /usr/bin/cmake --build /root/Shared/MIAPR_Projekt/build/mesh_msgs_conversions -- -j12 -l12
[6.019s] [ 50%] [32mBuilding CXX object CMakeFiles/mesh_msgs_conversions.dir/src/conversions.cpp.o[0m
[149.677s] [01m[K/root/Shared/MIAPR_Projekt/colcon_ws/src/mesh_tools/mesh_msgs_conversions/src/conversions.cpp:[m[K In function ‘[01m[Kbool mesh_msgs_conversions::[01;32m[KfromMeshBufferToMeshMessages[m[K(const lvr2::MeshBufferPtr&, mesh_msgs::msg::MeshGeometry&, mesh_msgs::msg::MeshMaterials&, mesh_msgs::msg::MeshVertexColors&, boost::optional<std::vector<mesh_msgs::msg::MeshTexture_<std::allocator<void> > >&>, std::string)[m[K’:
[149.678s] [01m[K/root/Shared/MIAPR_Projekt/colcon_ws/src/mesh_tools/mesh_msgs_conversions/src/conversions.cpp:99:12:[m[K [01;35m[Kwarning: [m[Kunused variable ‘[01m[Kn_faces[m[K’ [[01;35m[K-Wunused-variable[m[K]
[149.678s]    99 |     size_t [01;35m[Kn_faces[m[K = buffer->numFaces();
[149.679s]       |            [01;35m[K^~~~~~~[m[K
[149.769s] [01m[K/root/Shared/MIAPR_Projekt/colcon_ws/src/mesh_tools/mesh_msgs_conversions/src/conversions.cpp:[m[K In function ‘[01m[Kvoid mesh_msgs_conversions::[01;32m[KPointBufferToPointCloud2[m[K(const lvr2::PointBufferPtr&, std::string, std::shared_ptr<sensor_msgs::msg::PointCloud2_<std::allocator<void> > >&)[m[K’:
[149.769s] [01m[K/root/Shared/MIAPR_Projekt/colcon_ws/src/mesh_tools/mesh_msgs_conversions/src/conversions.cpp:589:7:[m[K [01;35m[Kwarning: [m[Kunused variable ‘[01m[KucharType[m[K’ [[01;35m[K-Wunused-variable[m[K]
[149.769s]   589 |   int [01;35m[KucharType[m[K = buffer->getAllChannelsOfType<unsigned char>(uCharChannels);
[149.769s]       |       [01;35m[K^~~~~~~~~[m[K
[160.671s] [100%] [32m[1mLinking CXX static library libmesh_msgs_conversions.a[0m
[160.745s] [100%] Built target mesh_msgs_conversions
[160.815s] Invoked command in '/root/Shared/MIAPR_Projekt/build/mesh_msgs_conversions' returned '0': AMENT_PREFIX_PATH=/root/Shared/MIAPR_Projekt/install/mesh_msgs:${AMENT_PREFIX_PATH} CMAKE_PREFIX_PATH=/root/Shared/MIAPR_Projekt/install/mesh_msgs:/opt/ros/jazzy/opt/gz_sim_vendor:/opt/ros/jazzy/opt/gz_sensors_vendor:/opt/ros/jazzy/opt/gz_physics_vendor:/opt/ros/jazzy/opt/sdformat_vendor:/opt/ros/jazzy/opt/gz_gui_vendor:/opt/ros/jazzy/opt/gz_transport_vendor:/opt/ros/jazzy/opt/gz_rendering_vendor:/opt/ros/jazzy/opt/gz_plugin_vendor:/opt/ros/jazzy/opt/gz_fuel_tools_vendor:/opt/ros/jazzy/opt/gz_msgs_vendor:/opt/ros/jazzy/opt/gz_common_vendor:/opt/ros/jazzy/opt/gz_math_vendor:/opt/ros/jazzy/opt/gz_utils_vendor:/opt/ros/jazzy/opt/gz_tools_vendor:/opt/ros/jazzy/opt/gz_ogre_next_vendor:/opt/ros/jazzy/opt/gz_dartsim_vendor:/opt/ros/jazzy/opt/gz_cmake_vendor:/opt/ros/jazzy LD_LIBRARY_PATH=/root/Shared/MIAPR_Projekt/install/mesh_msgs/lib:${LD_LIBRARY_PATH} PYTHONPATH=/root/Shared/MIAPR_Projekt/install/mesh_msgs/lib/python3.12/site-packages:${PYTHONPATH} /usr/bin/cmake --build /root/Shared/MIAPR_Projekt/build/mesh_msgs_conversions -- -j12 -l12
[160.818s] Invoking command in '/root/Shared/MIAPR_Projekt/build/mesh_msgs_conversions': AMENT_PREFIX_PATH=/root/Shared/MIAPR_Projekt/install/mesh_msgs:${AMENT_PREFIX_PATH} CMAKE_PREFIX_PATH=/root/Shared/MIAPR_Projekt/install/mesh_msgs:/opt/ros/jazzy/opt/gz_sim_vendor:/opt/ros/jazzy/opt/gz_sensors_vendor:/opt/ros/jazzy/opt/gz_physics_vendor:/opt/ros/jazzy/opt/sdformat_vendor:/opt/ros/jazzy/opt/gz_gui_vendor:/opt/ros/jazzy/opt/gz_transport_vendor:/opt/ros/jazzy/opt/gz_rendering_vendor:/opt/ros/jazzy/opt/gz_plugin_vendor:/opt/ros/jazzy/opt/gz_fuel_tools_vendor:/opt/ros/jazzy/opt/gz_msgs_vendor:/opt/ros/jazzy/opt/gz_common_vendor:/opt/ros/jazzy/opt/gz_math_vendor:/opt/ros/jazzy/opt/gz_utils_vendor:/opt/ros/jazzy/opt/gz_tools_vendor:/opt/ros/jazzy/opt/gz_ogre_next_vendor:/opt/ros/jazzy/opt/gz_dartsim_vendor:/opt/ros/jazzy/opt/gz_cmake_vendor:/opt/ros/jazzy LD_LIBRARY_PATH=/root/Shared/MIAPR_Projekt/install/mesh_msgs/lib:${LD_LIBRARY_PATH} PYTHONPATH=/root/Shared/MIAPR_Projekt/install/mesh_msgs/lib/python3.12/site-packages:${PYTHONPATH} /usr/bin/cmake --install /root/Shared/MIAPR_Projekt/build/mesh_msgs_conversions
[160.833s] -- Install configuration: "Release"
[160.834s] -- Installing: /root/Shared/MIAPR_Projekt/install/mesh_msgs_conversions/lib/libmesh_msgs_conversions.a
[160.835s] -- Installing: /root/Shared/MIAPR_Projekt/install/mesh_msgs_conversions/include
[160.835s] -- Installing: /root/Shared/MIAPR_Projekt/install/mesh_msgs_conversions/include/mesh_msgs_conversions
[160.835s] -- Installing: /root/Shared/MIAPR_Projekt/install/mesh_msgs_conversions/include/mesh_msgs_conversions/conversions.h
[160.836s] -- Installing: /root/Shared/MIAPR_Projekt/install/mesh_msgs_conversions/share/mesh_msgs_conversions/environment/library_path.sh
[160.836s] -- Installing: /root/Shared/MIAPR_Projekt/install/mesh_msgs_conversions/share/mesh_msgs_conversions/environment/library_path.dsv
[160.838s] -- Installing: /root/Shared/MIAPR_Projekt/install/mesh_msgs_conversions/share/ament_index/resource_index/package_run_dependencies/mesh_msgs_conversions
[160.838s] -- Installing: /root/Shared/MIAPR_Projekt/install/mesh_msgs_conversions/share/ament_index/resource_index/parent_prefix_path/mesh_msgs_conversions
[160.839s] -- Installing: /root/Shared/MIAPR_Projekt/install/mesh_msgs_conversions/share/mesh_msgs_conversions/environment/ament_prefix_path.sh
[160.839s] -- Installing: /root/Shared/MIAPR_Projekt/install/mesh_msgs_conversions/share/mesh_msgs_conversions/environment/ament_prefix_path.dsv
[160.840s] -- Installing: /root/Shared/MIAPR_Projekt/install/mesh_msgs_conversions/share/mesh_msgs_conversions/environment/path.sh
[160.840s] -- Installing: /root/Shared/MIAPR_Projekt/install/mesh_msgs_conversions/share/mesh_msgs_conversions/environment/path.dsv
[160.840s] -- Installing: /root/Shared/MIAPR_Projekt/install/mesh_msgs_conversions/share/mesh_msgs_conversions/local_setup.bash
[160.841s] -- Installing: /root/Shared/MIAPR_Projekt/install/mesh_msgs_conversions/share/mesh_msgs_conversions/local_setup.sh
[160.842s] -- Installing: /root/Shared/MIAPR_Projekt/install/mesh_msgs_conversions/share/mesh_msgs_conversions/local_setup.zsh
[160.842s] -- Installing: /root/Shared/MIAPR_Projekt/install/mesh_msgs_conversions/share/mesh_msgs_conversions/local_setup.dsv
[160.843s] -- Installing: /root/Shared/MIAPR_Projekt/install/mesh_msgs_conversions/share/mesh_msgs_conversions/package.dsv
[160.843s] -- Installing: /root/Shared/MIAPR_Projekt/install/mesh_msgs_conversions/share/ament_index/resource_index/packages/mesh_msgs_conversions
[160.844s] -- Installing: /root/Shared/MIAPR_Projekt/install/mesh_msgs_conversions/share/mesh_msgs_conversions/cmake/export_mesh_msgs_conversionsExport.cmake
[160.844s] -- Installing: /root/Shared/MIAPR_Projekt/install/mesh_msgs_conversions/share/mesh_msgs_conversions/cmake/export_mesh_msgs_conversionsExport-release.cmake
[160.845s] -- Installing: /root/Shared/MIAPR_Projekt/install/mesh_msgs_conversions/share/mesh_msgs_conversions/cmake/ament_cmake_export_include_directories-extras.cmake
[160.846s] -- Installing: /root/Shared/MIAPR_Projekt/install/mesh_msgs_conversions/share/mesh_msgs_conversions/cmake/ament_cmake_export_libraries-extras.cmake
[160.847s] -- Installing: /root/Shared/MIAPR_Projekt/install/mesh_msgs_conversions/share/mesh_msgs_conversions/cmake/ament_cmake_export_targets-extras.cmake
[160.847s] -- Installing: /root/Shared/MIAPR_Projekt/install/mesh_msgs_conversions/share/mesh_msgs_conversions/cmake/ament_cmake_export_dependencies-extras.cmake
[160.848s] -- Installing: /root/Shared/MIAPR_Projekt/install/mesh_msgs_conversions/share/mesh_msgs_conversions/cmake/mesh_msgs_conversionsConfig.cmake
[160.848s] -- Installing: /root/Shared/MIAPR_Projekt/install/mesh_msgs_conversions/share/mesh_msgs_conversions/cmake/mesh_msgs_conversionsConfig-version.cmake
[160.849s] -- Installing: /root/Shared/MIAPR_Projekt/install/mesh_msgs_conversions/share/mesh_msgs_conversions/package.xml
[160.854s] Invoked command in '/root/Shared/MIAPR_Projekt/build/mesh_msgs_conversions' returned '0': AMENT_PREFIX_PATH=/root/Shared/MIAPR_Projekt/install/mesh_msgs:${AMENT_PREFIX_PATH} CMAKE_PREFIX_PATH=/root/Shared/MIAPR_Projekt/install/mesh_msgs:/opt/ros/jazzy/opt/gz_sim_vendor:/opt/ros/jazzy/opt/gz_sensors_vendor:/opt/ros/jazzy/opt/gz_physics_vendor:/opt/ros/jazzy/opt/sdformat_vendor:/opt/ros/jazzy/opt/gz_gui_vendor:/opt/ros/jazzy/opt/gz_transport_vendor:/opt/ros/jazzy/opt/gz_rendering_vendor:/opt/ros/jazzy/opt/gz_plugin_vendor:/opt/ros/jazzy/opt/gz_fuel_tools_vendor:/opt/ros/jazzy/opt/gz_msgs_vendor:/opt/ros/jazzy/opt/gz_common_vendor:/opt/ros/jazzy/opt/gz_math_vendor:/opt/ros/jazzy/opt/gz_utils_vendor:/opt/ros/jazzy/opt/gz_tools_vendor:/opt/ros/jazzy/opt/gz_ogre_next_vendor:/opt/ros/jazzy/opt/gz_dartsim_vendor:/opt/ros/jazzy/opt/gz_cmake_vendor:/opt/ros/jazzy LD_LIBRARY_PATH=/root/Shared/MIAPR_Projekt/install/mesh_msgs/lib:${LD_LIBRARY_PATH} PYTHONPATH=/root/Shared/MIAPR_Projekt/install/mesh_msgs/lib/python3.12/site-packages:${PYTHONPATH} /usr/bin/cmake --install /root/Shared/MIAPR_Projekt/build/mesh_msgs_conversions
