[  1%] Built target label_manager__rosidl_generator_type_description
[  1%] Built target ament_cmake_python_symlink_label_manager
[ 15%] Built target label_manager__cpp
[ 22%] Built target label_manager__rosidl_generator_c
[ 31%] Built target label_manager__rosidl_typesupport_c
[ 40%] Built target label_manager__rosidl_typesupport_fastrtps_c
[ 49%] Built target label_manager__rosidl_typesupport_introspection_cpp
[ 57%] Built target label_manager__rosidl_typesupport_cpp
[ 66%] Built target label_manager__rosidl_typesupport_fastrtps_cpp
[ 75%] Built target label_manager__rosidl_typesupport_introspection_c
[ 75%] Built target label_manager
[ 77%] Built target label_manager__py
[ 82%] Built target label_manager_node
[ 89%] Built target label_manager__rosidl_generator_py
running egg_info
[ 96%] Built target label_manager_s__rosidl_typesupport_introspection_c
[ 96%] Built target label_manager_s__rosidl_typesupport_fastrtps_c
[100%] Built target label_manager_s__rosidl_typesupport_c
writing label_manager.egg-info/PKG-INFO
writing dependency_links to label_manager.egg-info/dependency_links.txt
writing top-level names to label_manager.egg-info/top_level.txt
reading manifest file 'label_manager.egg-info/SOURCES.txt'
writing manifest file 'label_manager.egg-info/SOURCES.txt'
[100%] Built target ament_cmake_python_build_label_manager_egg
-- Install configuration: ""
-- Execute custom install script
-- Up-to-date symlink: /root/Shared/MIAPR_Projekt/colcon_ws/install/label_manager/share/ament_index/resource_index/rosidl_interfaces/label_manager
-- Up-to-date symlink: /root/Shared/MIAPR_Projekt/colcon_ws/install/label_manager/share/label_manager/srv/DeleteLabel.json
-- Up-to-date symlink: /root/Shared/MIAPR_Projekt/colcon_ws/install/label_manager/share/label_manager/srv/GetLabelGroups.json
-- Up-to-date symlink: /root/Shared/MIAPR_Projekt/colcon_ws/install/label_manager/share/label_manager/srv/GetLabeledClusterGroup.json
-- Up-to-date symlink: /root/Shared/MIAPR_Projekt/colcon_ws/install/label_manager/include/label_manager/label_manager/msg/rosidl_generator_c__visibility_control.h
-- Up-to-date symlink: /root/Shared/MIAPR_Projekt/colcon_ws/install/label_manager/include/label_manager/label_manager/srv/delete_label.h
-- Up-to-date symlink: /root/Shared/MIAPR_Projekt/colcon_ws/install/label_manager/include/label_manager/label_manager/srv/detail/delete_label__functions.h
-- Up-to-date symlink: /root/Shared/MIAPR_Projekt/colcon_ws/install/label_manager/include/label_manager/label_manager/srv/detail/delete_label__struct.h
-- Up-to-date symlink: /root/Shared/MIAPR_Projekt/colcon_ws/install/label_manager/include/label_manager/label_manager/srv/detail/delete_label__type_support.h
-- Up-to-date symlink: /root/Shared/MIAPR_Projekt/colcon_ws/install/label_manager/include/label_manager/label_manager/srv/detail/get_label_groups__functions.h
-- Up-to-date symlink: /root/Shared/MIAPR_Projekt/colcon_ws/install/label_manager/include/label_manager/label_manager/srv/detail/get_label_groups__struct.h
-- Up-to-date symlink: /root/Shared/MIAPR_Projekt/colcon_ws/install/label_manager/include/label_manager/label_manager/srv/detail/get_label_groups__type_support.h
-- Up-to-date symlink: /root/Shared/MIAPR_Projekt/colcon_ws/install/label_manager/include/label_manager/label_manager/srv/detail/get_labeled_cluster_group__functions.h
-- Up-to-date symlink: /root/Shared/MIAPR_Projekt/colcon_ws/install/label_manager/include/label_manager/label_manager/srv/detail/get_labeled_cluster_group__struct.h
-- Up-to-date symlink: /root/Shared/MIAPR_Projekt/colcon_ws/install/label_manager/include/label_manager/label_manager/srv/detail/get_labeled_cluster_group__type_support.h
-- Up-to-date symlink: /root/Shared/MIAPR_Projekt/colcon_ws/install/label_manager/include/label_manager/label_manager/srv/get_label_groups.h
-- Up-to-date symlink: /root/Shared/MIAPR_Projekt/colcon_ws/install/label_manager/include/label_manager/label_manager/srv/get_labeled_cluster_group.h
-- Up-to-date symlink: /root/Shared/MIAPR_Projekt/colcon_ws/install/label_manager/share/label_manager/environment/library_path.sh
-- Up-to-date symlink: /root/Shared/MIAPR_Projekt/colcon_ws/install/label_manager/share/label_manager/environment/library_path.dsv
-- Up-to-date symlink: /root/Shared/MIAPR_Projekt/colcon_ws/install/label_manager/include/label_manager/label_manager/msg/rosidl_typesupport_fastrtps_c__visibility_control.h
-- Up-to-date symlink: /root/Shared/MIAPR_Projekt/colcon_ws/install/label_manager/include/label_manager/label_manager/srv/detail/delete_label__rosidl_typesupport_fastrtps_c.h
-- Up-to-date symlink: /root/Shared/MIAPR_Projekt/colcon_ws/install/label_manager/include/label_manager/label_manager/srv/detail/get_label_groups__rosidl_typesupport_fastrtps_c.h
-- Up-to-date symlink: /root/Shared/MIAPR_Projekt/colcon_ws/install/label_manager/include/label_manager/label_manager/srv/detail/get_labeled_cluster_group__rosidl_typesupport_fastrtps_c.h
-- Up-to-date symlink: /root/Shared/MIAPR_Projekt/colcon_ws/install/label_manager/include/label_manager/label_manager/msg/rosidl_generator_cpp__visibility_control.hpp
-- Up-to-date symlink: /root/Shared/MIAPR_Projekt/colcon_ws/install/label_manager/include/label_manager/label_manager/srv/delete_label.hpp
-- Up-to-date symlink: /root/Shared/MIAPR_Projekt/colcon_ws/install/label_manager/include/label_manager/label_manager/srv/detail/delete_label__builder.hpp
-- Up-to-date symlink: /root/Shared/MIAPR_Projekt/colcon_ws/install/label_manager/include/label_manager/label_manager/srv/detail/delete_label__struct.hpp
-- Up-to-date symlink: /root/Shared/MIAPR_Projekt/colcon_ws/install/label_manager/include/label_manager/label_manager/srv/detail/delete_label__traits.hpp
-- Up-to-date symlink: /root/Shared/MIAPR_Projekt/colcon_ws/install/label_manager/include/label_manager/label_manager/srv/detail/delete_label__type_support.hpp
-- Up-to-date symlink: /root/Shared/MIAPR_Projekt/colcon_ws/install/label_manager/include/label_manager/label_manager/srv/detail/get_label_groups__builder.hpp
-- Up-to-date symlink: /root/Shared/MIAPR_Projekt/colcon_ws/install/label_manager/include/label_manager/label_manager/srv/detail/get_label_groups__struct.hpp
-- Up-to-date symlink: /root/Shared/MIAPR_Projekt/colcon_ws/install/label_manager/include/label_manager/label_manager/srv/detail/get_label_groups__traits.hpp
-- Up-to-date symlink: /root/Shared/MIAPR_Projekt/colcon_ws/install/label_manager/include/label_manager/label_manager/srv/detail/get_label_groups__type_support.hpp
-- Up-to-date symlink: /root/Shared/MIAPR_Projekt/colcon_ws/install/label_manager/include/label_manager/label_manager/srv/detail/get_labeled_cluster_group__builder.hpp
-- Up-to-date symlink: /root/Shared/MIAPR_Projekt/colcon_ws/install/label_manager/include/label_manager/label_manager/srv/detail/get_labeled_cluster_group__struct.hpp
-- Up-to-date symlink: /root/Shared/MIAPR_Projekt/colcon_ws/install/label_manager/include/label_manager/label_manager/srv/detail/get_labeled_cluster_group__traits.hpp
-- Up-to-date symlink: /root/Shared/MIAPR_Projekt/colcon_ws/install/label_manager/include/label_manager/label_manager/srv/detail/get_labeled_cluster_group__type_support.hpp
-- Up-to-date symlink: /root/Shared/MIAPR_Projekt/colcon_ws/install/label_manager/include/label_manager/label_manager/srv/get_label_groups.hpp
-- Up-to-date symlink: /root/Shared/MIAPR_Projekt/colcon_ws/install/label_manager/include/label_manager/label_manager/srv/get_labeled_cluster_group.hpp
-- Up-to-date symlink: /root/Shared/MIAPR_Projekt/colcon_ws/install/label_manager/include/label_manager/label_manager/msg/rosidl_typesupport_fastrtps_cpp__visibility_control.h
-- Up-to-date symlink: /root/Shared/MIAPR_Projekt/colcon_ws/install/label_manager/include/label_manager/label_manager/srv/detail/delete_label__rosidl_typesupport_fastrtps_cpp.hpp
-- Up-to-date symlink: /root/Shared/MIAPR_Projekt/colcon_ws/install/label_manager/include/label_manager/label_manager/srv/detail/get_label_groups__rosidl_typesupport_fastrtps_cpp.hpp
-- Up-to-date symlink: /root/Shared/MIAPR_Projekt/colcon_ws/install/label_manager/include/label_manager/label_manager/srv/detail/get_labeled_cluster_group__rosidl_typesupport_fastrtps_cpp.hpp
-- Up-to-date symlink: /root/Shared/MIAPR_Projekt/colcon_ws/install/label_manager/include/label_manager/label_manager/msg/rosidl_typesupport_introspection_c__visibility_control.h
-- Up-to-date symlink: /root/Shared/MIAPR_Projekt/colcon_ws/install/label_manager/include/label_manager/label_manager/srv/detail/delete_label__rosidl_typesupport_introspection_c.h
-- Up-to-date symlink: /root/Shared/MIAPR_Projekt/colcon_ws/install/label_manager/include/label_manager/label_manager/srv/detail/get_label_groups__rosidl_typesupport_introspection_c.h
-- Up-to-date symlink: /root/Shared/MIAPR_Projekt/colcon_ws/install/label_manager/include/label_manager/label_manager/srv/detail/get_labeled_cluster_group__rosidl_typesupport_introspection_c.h
-- Up-to-date symlink: /root/Shared/MIAPR_Projekt/colcon_ws/install/label_manager/include/label_manager/label_manager/srv/detail/delete_label__rosidl_typesupport_introspection_cpp.hpp
-- Up-to-date symlink: /root/Shared/MIAPR_Projekt/colcon_ws/install/label_manager/include/label_manager/label_manager/srv/detail/get_label_groups__rosidl_typesupport_introspection_cpp.hpp
-- Up-to-date symlink: /root/Shared/MIAPR_Projekt/colcon_ws/install/label_manager/include/label_manager/label_manager/srv/detail/get_labeled_cluster_group__rosidl_typesupport_introspection_cpp.hpp
-- Up-to-date symlink: /root/Shared/MIAPR_Projekt/colcon_ws/install/label_manager/share/label_manager/environment/pythonpath.sh
-- Up-to-date symlink: /root/Shared/MIAPR_Projekt/colcon_ws/install/label_manager/share/label_manager/environment/pythonpath.dsv
-- Up-to-date symlink: /root/Shared/MIAPR_Projekt/colcon_ws/install/label_manager/lib/python3.12/site-packages/label_manager-2.1.1-py3.12.egg-info/PKG-INFO
-- Up-to-date symlink: /root/Shared/MIAPR_Projekt/colcon_ws/install/label_manager/lib/python3.12/site-packages/label_manager-2.1.1-py3.12.egg-info/SOURCES.txt
-- Up-to-date symlink: /root/Shared/MIAPR_Projekt/colcon_ws/install/label_manager/lib/python3.12/site-packages/label_manager-2.1.1-py3.12.egg-info/dependency_links.txt
-- Up-to-date symlink: /root/Shared/MIAPR_Projekt/colcon_ws/install/label_manager/lib/python3.12/site-packages/label_manager-2.1.1-py3.12.egg-info/top_level.txt
-- Up-to-date symlink: /root/Shared/MIAPR_Projekt/colcon_ws/install/label_manager/lib/python3.12/site-packages/label_manager/__init__.py
-- Up-to-date symlink: /root/Shared/MIAPR_Projekt/colcon_ws/install/label_manager/lib/python3.12/site-packages/label_manager/_label_manager_s.ep.rosidl_typesupport_c.c
-- Up-to-date symlink: /root/Shared/MIAPR_Projekt/colcon_ws/install/label_manager/lib/python3.12/site-packages/label_manager/_label_manager_s.ep.rosidl_typesupport_fastrtps_c.c
-- Up-to-date symlink: /root/Shared/MIAPR_Projekt/colcon_ws/install/label_manager/lib/python3.12/site-packages/label_manager/_label_manager_s.ep.rosidl_typesupport_introspection_c.c
-- Up-to-date symlink: /root/Shared/MIAPR_Projekt/colcon_ws/install/label_manager/lib/python3.12/site-packages/label_manager/label_manager_s__rosidl_typesupport_c.so
-- Up-to-date symlink: /root/Shared/MIAPR_Projekt/colcon_ws/install/label_manager/lib/python3.12/site-packages/label_manager/label_manager_s__rosidl_typesupport_fastrtps_c.so
-- Up-to-date symlink: /root/Shared/MIAPR_Projekt/colcon_ws/install/label_manager/lib/python3.12/site-packages/label_manager/label_manager_s__rosidl_typesupport_introspection_c.so
-- Up-to-date symlink: /root/Shared/MIAPR_Projekt/colcon_ws/install/label_manager/lib/python3.12/site-packages/label_manager/srv/__init__.py
-- Up-to-date symlink: /root/Shared/MIAPR_Projekt/colcon_ws/install/label_manager/lib/python3.12/site-packages/label_manager/srv/_delete_label.py
-- Up-to-date symlink: /root/Shared/MIAPR_Projekt/colcon_ws/install/label_manager/lib/python3.12/site-packages/label_manager/srv/_delete_label_s.c
-- Up-to-date symlink: /root/Shared/MIAPR_Projekt/colcon_ws/install/label_manager/lib/python3.12/site-packages/label_manager/srv/_get_label_groups.py
-- Up-to-date symlink: /root/Shared/MIAPR_Projekt/colcon_ws/install/label_manager/lib/python3.12/site-packages/label_manager/srv/_get_label_groups_s.c
-- Up-to-date symlink: /root/Shared/MIAPR_Projekt/colcon_ws/install/label_manager/lib/python3.12/site-packages/label_manager/srv/_get_labeled_cluster_group.py
-- Up-to-date symlink: /root/Shared/MIAPR_Projekt/colcon_ws/install/label_manager/lib/python3.12/site-packages/label_manager/srv/_get_labeled_cluster_group_s.c
-- Up-to-date symlink: /root/Shared/MIAPR_Projekt/colcon_ws/install/label_manager/lib/python3.12/site-packages/label_manager/label_manager_s__rosidl_typesupport_fastrtps_c.so
-- Up-to-date symlink: /root/Shared/MIAPR_Projekt/colcon_ws/install/label_manager/lib/python3.12/site-packages/label_manager/label_manager_s__rosidl_typesupport_introspection_c.so
-- Up-to-date symlink: /root/Shared/MIAPR_Projekt/colcon_ws/install/label_manager/lib/python3.12/site-packages/label_manager/label_manager_s__rosidl_typesupport_c.so
-- Up-to-date symlink: /root/Shared/MIAPR_Projekt/colcon_ws/install/label_manager/share/label_manager/srv/DeleteLabel.idl
-- Up-to-date symlink: /root/Shared/MIAPR_Projekt/colcon_ws/install/label_manager/share/label_manager/srv/GetLabelGroups.idl
-- Up-to-date symlink: /root/Shared/MIAPR_Projekt/colcon_ws/install/label_manager/share/label_manager/srv/GetLabeledClusterGroup.idl
-- Up-to-date symlink: /root/Shared/MIAPR_Projekt/colcon_ws/install/label_manager/share/label_manager/srv/DeleteLabel.srv
-- Up-to-date symlink: /root/Shared/MIAPR_Projekt/colcon_ws/install/label_manager/share/label_manager/srv/GetLabelGroups.srv
-- Up-to-date symlink: /root/Shared/MIAPR_Projekt/colcon_ws/install/label_manager/share/label_manager/srv/GetLabeledClusterGroup.srv
-- Up-to-date symlink: /root/Shared/MIAPR_Projekt/colcon_ws/install/label_manager/bin/label_manager/label_manager_node
-- Up-to-date symlink: /root/Shared/MIAPR_Projekt/colcon_ws/install/label_manager/share/ament_index/resource_index/package_run_dependencies/label_manager
-- Up-to-date symlink: /root/Shared/MIAPR_Projekt/colcon_ws/install/label_manager/share/ament_index/resource_index/parent_prefix_path/label_manager
-- Up-to-date symlink: /root/Shared/MIAPR_Projekt/colcon_ws/install/label_manager/share/label_manager/environment/ament_prefix_path.sh
-- Up-to-date symlink: /root/Shared/MIAPR_Projekt/colcon_ws/install/label_manager/share/label_manager/environment/ament_prefix_path.dsv
-- Up-to-date symlink: /root/Shared/MIAPR_Projekt/colcon_ws/install/label_manager/share/label_manager/environment/path.sh
-- Up-to-date symlink: /root/Shared/MIAPR_Projekt/colcon_ws/install/label_manager/share/label_manager/environment/path.dsv
-- Up-to-date symlink: /root/Shared/MIAPR_Projekt/colcon_ws/install/label_manager/share/label_manager/local_setup.bash
-- Up-to-date symlink: /root/Shared/MIAPR_Projekt/colcon_ws/install/label_manager/share/label_manager/local_setup.sh
-- Up-to-date symlink: /root/Shared/MIAPR_Projekt/colcon_ws/install/label_manager/share/label_manager/local_setup.zsh
-- Up-to-date symlink: /root/Shared/MIAPR_Projekt/colcon_ws/install/label_manager/share/label_manager/local_setup.dsv
-- Symlinking: /root/Shared/MIAPR_Projekt/colcon_ws/install/label_manager/share/label_manager/package.dsv
-- Up-to-date symlink: /root/Shared/MIAPR_Projekt/colcon_ws/install/label_manager/share/ament_index/resource_index/packages/label_manager
-- Up-to-date symlink: /root/Shared/MIAPR_Projekt/colcon_ws/install/label_manager/share/label_manager/cmake/rosidl_cmake-extras.cmake
-- Up-to-date symlink: /root/Shared/MIAPR_Projekt/colcon_ws/install/label_manager/share/label_manager/cmake/ament_cmake_export_dependencies-extras.cmake
-- Up-to-date symlink: /root/Shared/MIAPR_Projekt/colcon_ws/install/label_manager/share/label_manager/cmake/ament_cmake_export_include_directories-extras.cmake
-- Up-to-date symlink: /root/Shared/MIAPR_Projekt/colcon_ws/install/label_manager/share/label_manager/cmake/ament_cmake_export_libraries-extras.cmake
-- Up-to-date symlink: /root/Shared/MIAPR_Projekt/colcon_ws/install/label_manager/share/label_manager/cmake/ament_cmake_export_targets-extras.cmake
-- Up-to-date symlink: /root/Shared/MIAPR_Projekt/colcon_ws/install/label_manager/share/label_manager/cmake/rosidl_cmake_export_typesupport_targets-extras.cmake
-- Up-to-date symlink: /root/Shared/MIAPR_Projekt/colcon_ws/install/label_manager/share/label_manager/cmake/rosidl_cmake_export_typesupport_libraries-extras.cmake
-- Up-to-date symlink: /root/Shared/MIAPR_Projekt/colcon_ws/install/label_manager/share/label_manager/cmake/label_managerConfig.cmake
-- Up-to-date symlink: /root/Shared/MIAPR_Projekt/colcon_ws/install/label_manager/share/label_manager/cmake/label_managerConfig-version.cmake
-- Up-to-date symlink: /root/Shared/MIAPR_Projekt/colcon_ws/install/label_manager/share/label_manager/package.xml
-- Up-to-date: /root/Shared/MIAPR_Projekt/colcon_ws/install/label_manager/lib/liblabel_manager__rosidl_generator_c.so
-- Up-to-date: /root/Shared/MIAPR_Projekt/colcon_ws/install/label_manager/lib/liblabel_manager__rosidl_typesupport_fastrtps_c.so
-- Up-to-date: /root/Shared/MIAPR_Projekt/colcon_ws/install/label_manager/lib/liblabel_manager__rosidl_typesupport_fastrtps_cpp.so
-- Up-to-date: /root/Shared/MIAPR_Projekt/colcon_ws/install/label_manager/lib/liblabel_manager__rosidl_typesupport_introspection_c.so
-- Up-to-date: /root/Shared/MIAPR_Projekt/colcon_ws/install/label_manager/lib/liblabel_manager__rosidl_typesupport_c.so
-- Up-to-date: /root/Shared/MIAPR_Projekt/colcon_ws/install/label_manager/lib/liblabel_manager__rosidl_typesupport_introspection_cpp.so
-- Up-to-date: /root/Shared/MIAPR_Projekt/colcon_ws/install/label_manager/lib/liblabel_manager__rosidl_typesupport_cpp.so
Listing '/root/Shared/MIAPR_Projekt/colcon_ws/install/label_manager/lib/python3.12/site-packages/label_manager'...
Listing '/root/Shared/MIAPR_Projekt/colcon_ws/install/label_manager/lib/python3.12/site-packages/label_manager/srv'...
-- Up-to-date: /root/Shared/MIAPR_Projekt/colcon_ws/install/label_manager/lib/liblabel_manager__rosidl_generator_py.so
-- Up-to-date: /root/Shared/MIAPR_Projekt/colcon_ws/install/label_manager/share/label_manager/cmake/export_label_manager__rosidl_generator_cExport.cmake
-- Up-to-date: /root/Shared/MIAPR_Projekt/colcon_ws/install/label_manager/share/label_manager/cmake/export_label_manager__rosidl_generator_cExport-noconfig.cmake
-- Up-to-date: /root/Shared/MIAPR_Projekt/colcon_ws/install/label_manager/share/label_manager/cmake/export_label_manager__rosidl_typesupport_fastrtps_cExport.cmake
-- Up-to-date: /root/Shared/MIAPR_Projekt/colcon_ws/install/label_manager/share/label_manager/cmake/export_label_manager__rosidl_typesupport_fastrtps_cExport-noconfig.cmake
-- Up-to-date: /root/Shared/MIAPR_Projekt/colcon_ws/install/label_manager/share/label_manager/cmake/export_label_manager__rosidl_generator_cppExport.cmake
-- Up-to-date: /root/Shared/MIAPR_Projekt/colcon_ws/install/label_manager/share/label_manager/cmake/export_label_manager__rosidl_typesupport_fastrtps_cppExport.cmake
-- Up-to-date: /root/Shared/MIAPR_Projekt/colcon_ws/install/label_manager/share/label_manager/cmake/export_label_manager__rosidl_typesupport_fastrtps_cppExport-noconfig.cmake
-- Up-to-date: /root/Shared/MIAPR_Projekt/colcon_ws/install/label_manager/share/label_manager/cmake/label_manager__rosidl_typesupport_introspection_cExport.cmake
-- Up-to-date: /root/Shared/MIAPR_Projekt/colcon_ws/install/label_manager/share/label_manager/cmake/label_manager__rosidl_typesupport_introspection_cExport-noconfig.cmake
-- Up-to-date: /root/Shared/MIAPR_Projekt/colcon_ws/install/label_manager/share/label_manager/cmake/label_manager__rosidl_typesupport_cExport.cmake
-- Up-to-date: /root/Shared/MIAPR_Projekt/colcon_ws/install/label_manager/share/label_manager/cmake/label_manager__rosidl_typesupport_cExport-noconfig.cmake
-- Up-to-date: /root/Shared/MIAPR_Projekt/colcon_ws/install/label_manager/share/label_manager/cmake/label_manager__rosidl_typesupport_introspection_cppExport.cmake
-- Up-to-date: /root/Shared/MIAPR_Projekt/colcon_ws/install/label_manager/share/label_manager/cmake/label_manager__rosidl_typesupport_introspection_cppExport-noconfig.cmake
-- Up-to-date: /root/Shared/MIAPR_Projekt/colcon_ws/install/label_manager/share/label_manager/cmake/label_manager__rosidl_typesupport_cppExport.cmake
-- Up-to-date: /root/Shared/MIAPR_Projekt/colcon_ws/install/label_manager/share/label_manager/cmake/label_manager__rosidl_typesupport_cppExport-noconfig.cmake
-- Up-to-date: /root/Shared/MIAPR_Projekt/colcon_ws/install/label_manager/share/label_manager/cmake/export_label_manager__rosidl_generator_pyExport.cmake
-- Up-to-date: /root/Shared/MIAPR_Projekt/colcon_ws/install/label_manager/share/label_manager/cmake/export_label_manager__rosidl_generator_pyExport-noconfig.cmake
