-- Found ament_cmake_ros: 0.12.0 (/opt/ros/jazzy/share/ament_cmake_ros/cmake)
-- Override CMake install command with custom implementation using symlinks instead of copying resources
-- Found mbf_mesh_core: 3.0.1 (/root/Shared/MIAPR_Projekt/colcon_ws/install/mbf_mesh_core/share/mbf_mesh_core/cmake)
-- Found rosidl_generator_c: 4.6.7 (/opt/ros/jazzy/share/rosidl_generator_c/cmake)
-- Found rosidl_generator_cpp: 4.6.7 (/opt/ros/jazzy/share/rosidl_generator_cpp/cmake)
-- Using all available rosidl_typesupport_c: rosidl_typesupport_fastrtps_c;rosidl_typesupport_introspection_c
-- Using all available rosidl_typesupport_cpp: rosidl_typesupport_fastrtps_cpp;rosidl_typesupport_introspection_cpp
-- Found rmw_implementation_cmake: 7.3.3 (/opt/ros/jazzy/share/rmw_implementation_cmake/cmake)
-- Found rmw_fastrtps_cpp: 8.4.3 (/opt/ros/jazzy/share/rmw_fastrtps_cpp/cmake)
-- Using RMW implementation 'rmw_fastrtps_cpp' as default
-- Found eigen3_cmake_module: 0.3.0 (/opt/ros/jazzy/share/eigen3_cmake_module/cmake)
-- Ensuring Eigen3 include directory is part of orocos-kdl CMake target
-- Found mbf_msgs: 1.0.5 (/opt/ros/jazzy/share/mbf_msgs/cmake)
-- Found mbf_utility: 1.0.5 (/opt/ros/jazzy/share/mbf_utility/cmake)
-- Try to find LZ4: find_path + find_library
-- Try to find LZ4: FindPackageHandleStandardArgs
-- Configuring done (3.8s)
-- Generating done (0.1s)
-- Build files have been written to: /root/Shared/MIAPR_Projekt/colcon_ws/build/dijkstra_mesh_planner
[ 33%] [32mBuilding CXX object CMakeFiles/dijkstra_mesh_planner.dir/src/a_star_mesh_planner.cpp.o[0m
[01m[K/root/Shared/MIAPR_Projekt/colcon_ws/src/mesh_navigation/dijkstra_mesh_planner/src/a_star_mesh_planner.cpp:39:10:[m[K [01;31m[Kfatal error: [m[Ka_star_mesh_planner/a_star_mesh_planner.h: No such file or directory
   39 | #include [01;31m[K<a_star_mesh_planner/a_star_mesh_planner.h>[m[K
      |          [01;31m[K^~~~~~~~~~~~~~~~~~~~~~~~~~~~~~~~~~~~~~~~~~~[m[K
compilation terminated.
gmake[2]: *** [CMakeFiles/dijkstra_mesh_planner.dir/build.make:90: CMakeFiles/dijkstra_mesh_planner.dir/src/a_star_mesh_planner.cpp.o] Error 1
gmake[1]: *** [CMakeFiles/Makefile2:137: CMakeFiles/dijkstra_mesh_planner.dir/all] Error 2
gmake: *** [Makefile:146: all] Error 2
