-- The C compiler identification is GNU 13.3.0
-- The CXX compiler identification is GNU 13.3.0
-- Detecting C compiler ABI info
-- Detecting C compiler ABI info - done
-- Check for working C compiler: /usr/bin/cc - skipped
-- Detecting C compile features
-- Detecting C compile features - done
-- Detecting CXX compiler ABI info
-- Detecting CXX compiler ABI info - done
-- Check for working CXX compiler: /usr/bin/c++ - skipped
-- Detecting CXX compile features
-- Detecting CXX compile features - done
-- Found ament_cmake: 2.5.5 (/opt/ros/jazzy/share/ament_cmake/cmake)
-- Found Python3: /usr/bin/python3 (found version "3.12.3") found components: Interpreter 
-- Override CMake install command with custom implementation using symlinks instead of copying resources
-- Found rosidl_default_generators: 1.6.0 (/opt/ros/jazzy/share/rosidl_default_generators/cmake)
-- Using all available rosidl_typesupport_c: rosidl_typesupport_fastrtps_c;rosidl_typesupport_introspection_c
-- Using all available rosidl_typesupport_cpp: rosidl_typesupport_fastrtps_cpp;rosidl_typesupport_introspection_cpp
-- Found rosidl_adapter: 4.6.7 (/opt/ros/jazzy/share/rosidl_adapter/cmake)
-- Found std_msgs: 5.3.6 (/opt/ros/jazzy/share/std_msgs/cmake)
-- Found geometry_msgs: 5.3.6 (/opt/ros/jazzy/share/geometry_msgs/cmake)
-- Found nav_msgs: 5.3.6 (/opt/ros/jazzy/share/nav_msgs/cmake)
-- Found ament_cmake_ros: 0.12.0 (/opt/ros/jazzy/share/ament_cmake_ros/cmake)
-- Using all available rosidl_typesupport_c: rosidl_typesupport_fastrtps_c;rosidl_typesupport_introspection_c
-- Using all available rosidl_typesupport_cpp: rosidl_typesupport_fastrtps_cpp;rosidl_typesupport_introspection_cpp
-- Found python_cmake_module: 0.11.1 (/opt/ros/jazzy/share/python_cmake_module/cmake)
-- Found PythonExtra: /usr/bin/python3  
-- Found Python3: /usr/bin/python3 (found version "3.12.3") found components: Interpreter Development NumPy Development.Module Development.Embed 
-- Configuring done (4.0s)
-- Generating done (0.1s)
-- Build files have been written to: /root/Shared/MIAPR_Projekt/colcon_ws/build/mbf_msgs
[  1%] [34m[1mGenerating type hashes for ROS interfaces[0m
[  1%] Built target ament_cmake_python_symlink_mbf_msgs
running egg_info
creating mbf_msgs.egg-info
writing mbf_msgs.egg-info/PKG-INFO
writing dependency_links to mbf_msgs.egg-info/dependency_links.txt
writing top-level names to mbf_msgs.egg-info/top_level.txt
writing manifest file 'mbf_msgs.egg-info/SOURCES.txt'
reading manifest file 'mbf_msgs.egg-info/SOURCES.txt'
writing manifest file 'mbf_msgs.egg-info/SOURCES.txt'
[  1%] Built target ament_cmake_python_build_mbf_msgs_egg
[  1%] Built target mbf_msgs__rosidl_generator_type_description
[  2%] [34m[1mGenerating C code for ROS interfaces[0m
[  2%] [34m[1mGenerating C++ code for ROS interfaces[0m
[  2%] Built target mbf_msgs__cpp
[  5%] [32mBuilding C object CMakeFiles/mbf_msgs__rosidl_generator_c.dir/rosidl_generator_c/mbf_msgs/action/detail/exe_path__description.c.o[0m
[  5%] [32mBuilding C object CMakeFiles/mbf_msgs__rosidl_generator_c.dir/rosidl_generator_c/mbf_msgs/action/detail/exe_path__type_support.c.o[0m
[  5%] [32mBuilding C object CMakeFiles/mbf_msgs__rosidl_generator_c.dir/rosidl_generator_c/mbf_msgs/action/detail/get_path__functions.c.o[0m
[  6%] [32mBuilding C object CMakeFiles/mbf_msgs__rosidl_generator_c.dir/rosidl_generator_c/mbf_msgs/action/detail/move_base__description.c.o[0m
[  7%] [32mBuilding C object CMakeFiles/mbf_msgs__rosidl_generator_c.dir/rosidl_generator_c/mbf_msgs/action/detail/move_base__functions.c.o[0m
[  8%] [32mBuilding C object CMakeFiles/mbf_msgs__rosidl_generator_c.dir/rosidl_generator_c/mbf_msgs/action/detail/get_path__description.c.o[0m
[  8%] [32mBuilding C object CMakeFiles/mbf_msgs__rosidl_generator_c.dir/rosidl_generator_c/mbf_msgs/action/detail/get_path__type_support.c.o[0m
[  9%] [32mBuilding C object CMakeFiles/mbf_msgs__rosidl_generator_c.dir/rosidl_generator_c/mbf_msgs/action/detail/recovery__description.c.o[0m
[ 11%] [32mBuilding C object CMakeFiles/mbf_msgs__rosidl_generator_c.dir/rosidl_generator_c/mbf_msgs/action/detail/exe_path__functions.c.o[0m
[ 11%] [32mBuilding C object CMakeFiles/mbf_msgs__rosidl_generator_c.dir/rosidl_generator_c/mbf_msgs/action/detail/move_base__type_support.c.o[0m
[ 12%] [32mBuilding C object CMakeFiles/mbf_msgs__rosidl_generator_c.dir/rosidl_generator_c/mbf_msgs/action/detail/recovery__type_support.c.o[0m
[ 13%] [32mBuilding C object CMakeFiles/mbf_msgs__rosidl_generator_c.dir/rosidl_generator_c/mbf_msgs/action/detail/recovery__functions.c.o[0m
[ 14%] [32mBuilding C object CMakeFiles/mbf_msgs__rosidl_generator_c.dir/rosidl_generator_c/mbf_msgs/srv/detail/check_path__description.c.o[0m
[ 14%] [32mBuilding C object CMakeFiles/mbf_msgs__rosidl_generator_c.dir/rosidl_generator_c/mbf_msgs/srv/detail/check_path__functions.c.o[0m
[ 15%] [32mBuilding C object CMakeFiles/mbf_msgs__rosidl_generator_c.dir/rosidl_generator_c/mbf_msgs/srv/detail/check_path__type_support.c.o[0m
[ 16%] [32mBuilding C object CMakeFiles/mbf_msgs__rosidl_generator_c.dir/rosidl_generator_c/mbf_msgs/srv/detail/check_point__description.c.o[0m
[ 17%] [32mBuilding C object CMakeFiles/mbf_msgs__rosidl_generator_c.dir/rosidl_generator_c/mbf_msgs/srv/detail/check_point__functions.c.o[0m
[ 18%] [32mBuilding C object CMakeFiles/mbf_msgs__rosidl_generator_c.dir/rosidl_generator_c/mbf_msgs/srv/detail/check_point__type_support.c.o[0m
[ 19%] [32mBuilding C object CMakeFiles/mbf_msgs__rosidl_generator_c.dir/rosidl_generator_c/mbf_msgs/srv/detail/check_pose__description.c.o[0m
[ 20%] [32mBuilding C object CMakeFiles/mbf_msgs__rosidl_generator_c.dir/rosidl_generator_c/mbf_msgs/srv/detail/check_pose__functions.c.o[0m
[ 21%] [32mBuilding C object CMakeFiles/mbf_msgs__rosidl_generator_c.dir/rosidl_generator_c/mbf_msgs/srv/detail/check_pose__type_support.c.o[0m
[ 21%] [32mBuilding C object CMakeFiles/mbf_msgs__rosidl_generator_c.dir/rosidl_generator_c/mbf_msgs/srv/detail/find_valid_pose__description.c.o[0m
[ 23%] [32mBuilding C object CMakeFiles/mbf_msgs__rosidl_generator_c.dir/rosidl_generator_c/mbf_msgs/srv/detail/find_valid_pose__type_support.c.o[0m
[ 23%] [32mBuilding C object CMakeFiles/mbf_msgs__rosidl_generator_c.dir/rosidl_generator_c/mbf_msgs/srv/detail/find_valid_pose__functions.c.o[0m
[ 24%] [32mBuilding C object CMakeFiles/mbf_msgs__rosidl_generator_c.dir/rosidl_generator_c/mbf_msgs/srv/detail/set_test_robot_state__description.c.o[0m
[ 26%] [32mBuilding C object CMakeFiles/mbf_msgs__rosidl_generator_c.dir/rosidl_generator_c/mbf_msgs/srv/detail/set_test_robot_state__type_support.c.o[0m
[ 26%] [32mBuilding C object CMakeFiles/mbf_msgs__rosidl_generator_c.dir/rosidl_generator_c/mbf_msgs/srv/detail/set_test_robot_state__functions.c.o[0m
[ 27%] [32m[1mLinking C shared library libmbf_msgs__rosidl_generator_c.so[0m
[ 27%] Built target mbf_msgs__rosidl_generator_c
[ 32%] [34m[1mGenerating C++ type support dispatch for ROS interfaces[0m
[ 32%] [34m[1mGenerating C type support for eProsima Fast-RTPS[0m
[ 32%] [34m[1mGenerating C introspection for ROS interfaces[0m
[ 32%] [34m[1mGenerating C type support dispatch for ROS interfaces[0m
[ 32%] [34m[1mGenerating C++ type support for eProsima Fast-RTPS[0m
[ 32%] [34m[1mGenerating C++ introspection for ROS interfaces[0m
[ 33%] [32mBuilding CXX object CMakeFiles/mbf_msgs__rosidl_typesupport_cpp.dir/rosidl_typesupport_cpp/mbf_msgs/action/exe_path__type_support.cpp.o[0m
[ 35%] [32mBuilding CXX object CMakeFiles/mbf_msgs__rosidl_typesupport_cpp.dir/rosidl_typesupport_cpp/mbf_msgs/action/recovery__type_support.cpp.o[0m
[ 35%] [32mBuilding CXX object CMakeFiles/mbf_msgs__rosidl_typesupport_cpp.dir/rosidl_typesupport_cpp/mbf_msgs/action/get_path__type_support.cpp.o[0m
[ 35%] [32mBuilding CXX object CMakeFiles/mbf_msgs__rosidl_typesupport_cpp.dir/rosidl_typesupport_cpp/mbf_msgs/srv/check_point__type_support.cpp.o[0m
[ 36%] [32mBuilding CXX object CMakeFiles/mbf_msgs__rosidl_typesupport_cpp.dir/rosidl_typesupport_cpp/mbf_msgs/srv/check_path__type_support.cpp.o[0m
[ 38%] [32mBuilding CXX object CMakeFiles/mbf_msgs__rosidl_typesupport_cpp.dir/rosidl_typesupport_cpp/mbf_msgs/srv/check_pose__type_support.cpp.o[0m
[ 38%] [32mBuilding CXX object CMakeFiles/mbf_msgs__rosidl_typesupport_cpp.dir/rosidl_typesupport_cpp/mbf_msgs/action/move_base__type_support.cpp.o[0m
[ 39%] [32mBuilding CXX object CMakeFiles/mbf_msgs__rosidl_typesupport_c.dir/rosidl_typesupport_c/mbf_msgs/action/exe_path__type_support.cpp.o[0m
[ 40%] [32mBuilding CXX object CMakeFiles/mbf_msgs__rosidl_typesupport_c.dir/rosidl_typesupport_c/mbf_msgs/action/get_path__type_support.cpp.o[0m
[ 41%] [32mBuilding CXX object CMakeFiles/mbf_msgs__rosidl_typesupport_c.dir/rosidl_typesupport_c/mbf_msgs/action/move_base__type_support.cpp.o[0m
[ 42%] [32mBuilding CXX object CMakeFiles/mbf_msgs__rosidl_typesupport_c.dir/rosidl_typesupport_c/mbf_msgs/action/recovery__type_support.cpp.o[0m
[ 43%] [32mBuilding CXX object CMakeFiles/mbf_msgs__rosidl_typesupport_c.dir/rosidl_typesupport_c/mbf_msgs/srv/check_path__type_support.cpp.o[0m
[ 44%] [32mBuilding CXX object CMakeFiles/mbf_msgs__rosidl_typesupport_cpp.dir/rosidl_typesupport_cpp/mbf_msgs/srv/find_valid_pose__type_support.cpp.o[0m
[ 44%] [32mBuilding CXX object CMakeFiles/mbf_msgs__rosidl_typesupport_c.dir/rosidl_typesupport_c/mbf_msgs/srv/check_point__type_support.cpp.o[0m
[ 45%] [32mBuilding CXX object CMakeFiles/mbf_msgs__rosidl_typesupport_cpp.dir/rosidl_typesupport_cpp/mbf_msgs/srv/set_test_robot_state__type_support.cpp.o[0m
[ 46%] [32mBuilding CXX object CMakeFiles/mbf_msgs__rosidl_typesupport_c.dir/rosidl_typesupport_c/mbf_msgs/srv/check_pose__type_support.cpp.o[0m
[ 47%] [32mBuilding CXX object CMakeFiles/mbf_msgs__rosidl_typesupport_c.dir/rosidl_typesupport_c/mbf_msgs/srv/find_valid_pose__type_support.cpp.o[0m
[ 48%] [32mBuilding CXX object CMakeFiles/mbf_msgs__rosidl_typesupport_introspection_cpp.dir/rosidl_typesupport_introspection_cpp/mbf_msgs/action/detail/exe_path__type_support.cpp.o[0m
[ 49%] [32mBuilding CXX object CMakeFiles/mbf_msgs__rosidl_typesupport_introspection_cpp.dir/rosidl_typesupport_introspection_cpp/mbf_msgs/action/detail/get_path__type_support.cpp.o[0m
[ 50%] [32mBuilding CXX object CMakeFiles/mbf_msgs__rosidl_typesupport_c.dir/rosidl_typesupport_c/mbf_msgs/srv/set_test_robot_state__type_support.cpp.o[0m
[ 51%] [32mBuilding C object CMakeFiles/mbf_msgs__rosidl_typesupport_introspection_c.dir/rosidl_typesupport_introspection_c/mbf_msgs/action/detail/exe_path__type_support.c.o[0m
[ 52%] [32m[1mLinking CXX shared library libmbf_msgs__rosidl_typesupport_c.so[0m
[ 52%] Built target mbf_msgs__rosidl_typesupport_c
[ 53%] [32mBuilding CXX object CMakeFiles/mbf_msgs__rosidl_typesupport_introspection_cpp.dir/rosidl_typesupport_introspection_cpp/mbf_msgs/action/detail/move_base__type_support.cpp.o[0m
[ 54%] [32mBuilding C object CMakeFiles/mbf_msgs__rosidl_typesupport_introspection_c.dir/rosidl_typesupport_introspection_c/mbf_msgs/action/detail/get_path__type_support.c.o[0m
[ 55%] [32mBuilding CXX object CMakeFiles/mbf_msgs__rosidl_typesupport_introspection_cpp.dir/rosidl_typesupport_introspection_cpp/mbf_msgs/action/detail/recovery__type_support.cpp.o[0m
[ 55%] [32mBuilding C object CMakeFiles/mbf_msgs__rosidl_typesupport_introspection_c.dir/rosidl_typesupport_introspection_c/mbf_msgs/action/detail/move_base__type_support.c.o[0m
[ 56%] [32mBuilding C object CMakeFiles/mbf_msgs__rosidl_typesupport_introspection_c.dir/rosidl_typesupport_introspection_c/mbf_msgs/action/detail/recovery__type_support.c.o[0m
[ 57%] [32mBuilding CXX object CMakeFiles/mbf_msgs__rosidl_typesupport_introspection_cpp.dir/rosidl_typesupport_introspection_cpp/mbf_msgs/srv/detail/check_path__type_support.cpp.o[0m
[ 58%] [32mBuilding CXX object CMakeFiles/mbf_msgs__rosidl_typesupport_introspection_cpp.dir/rosidl_typesupport_introspection_cpp/mbf_msgs/srv/detail/check_point__type_support.cpp.o[0m
[ 59%] [32mBuilding CXX object CMakeFiles/mbf_msgs__rosidl_typesupport_introspection_cpp.dir/rosidl_typesupport_introspection_cpp/mbf_msgs/srv/detail/check_pose__type_support.cpp.o[0m
[ 60%] [32mBuilding C object CMakeFiles/mbf_msgs__rosidl_typesupport_introspection_c.dir/rosidl_typesupport_introspection_c/mbf_msgs/srv/detail/check_path__type_support.c.o[0m
[ 60%] [32mBuilding CXX object CMakeFiles/mbf_msgs__rosidl_typesupport_introspection_cpp.dir/rosidl_typesupport_introspection_cpp/mbf_msgs/srv/detail/find_valid_pose__type_support.cpp.o[0m
[ 61%] [32mBuilding C object CMakeFiles/mbf_msgs__rosidl_typesupport_introspection_c.dir/rosidl_typesupport_introspection_c/mbf_msgs/srv/detail/check_point__type_support.c.o[0m
[ 62%] [32m[1mLinking CXX shared library libmbf_msgs__rosidl_typesupport_cpp.so[0m
[ 63%] [32mBuilding C object CMakeFiles/mbf_msgs__rosidl_typesupport_introspection_c.dir/rosidl_typesupport_introspection_c/mbf_msgs/srv/detail/check_pose__type_support.c.o[0m
[ 64%] [32mBuilding C object CMakeFiles/mbf_msgs__rosidl_typesupport_introspection_c.dir/rosidl_typesupport_introspection_c/mbf_msgs/srv/detail/find_valid_pose__type_support.c.o[0m
[ 64%] Built target mbf_msgs__rosidl_typesupport_cpp
[ 65%] [32mBuilding C object CMakeFiles/mbf_msgs__rosidl_typesupport_introspection_c.dir/rosidl_typesupport_introspection_c/mbf_msgs/srv/detail/set_test_robot_state__type_support.c.o[0m
[ 66%] [32mBuilding CXX object CMakeFiles/mbf_msgs__rosidl_typesupport_introspection_cpp.dir/rosidl_typesupport_introspection_cpp/mbf_msgs/srv/detail/set_test_robot_state__type_support.cpp.o[0m
[ 67%] [32m[1mLinking C shared library libmbf_msgs__rosidl_typesupport_introspection_c.so[0m
[ 68%] [32mBuilding CXX object CMakeFiles/mbf_msgs__rosidl_typesupport_fastrtps_cpp.dir/rosidl_typesupport_fastrtps_cpp/mbf_msgs/action/detail/dds_fastrtps/exe_path__type_support.cpp.o[0m
[ 68%] Built target mbf_msgs__rosidl_typesupport_introspection_c
[ 69%] [32mBuilding CXX object CMakeFiles/mbf_msgs__rosidl_typesupport_fastrtps_cpp.dir/rosidl_typesupport_fastrtps_cpp/mbf_msgs/action/detail/dds_fastrtps/get_path__type_support.cpp.o[0m
[ 70%] [32mBuilding CXX object CMakeFiles/mbf_msgs__rosidl_typesupport_fastrtps_cpp.dir/rosidl_typesupport_fastrtps_cpp/mbf_msgs/action/detail/dds_fastrtps/move_base__type_support.cpp.o[0m
[ 71%] [32mBuilding CXX object CMakeFiles/mbf_msgs__rosidl_typesupport_fastrtps_cpp.dir/rosidl_typesupport_fastrtps_cpp/mbf_msgs/action/detail/dds_fastrtps/recovery__type_support.cpp.o[0m
[ 72%] [32mBuilding CXX object CMakeFiles/mbf_msgs__rosidl_typesupport_fastrtps_cpp.dir/rosidl_typesupport_fastrtps_cpp/mbf_msgs/srv/detail/dds_fastrtps/check_path__type_support.cpp.o[0m
[ 72%] [32mBuilding CXX object CMakeFiles/mbf_msgs__rosidl_typesupport_fastrtps_cpp.dir/rosidl_typesupport_fastrtps_cpp/mbf_msgs/srv/detail/dds_fastrtps/check_point__type_support.cpp.o[0m
[ 73%] [32mBuilding CXX object CMakeFiles/mbf_msgs__rosidl_typesupport_fastrtps_cpp.dir/rosidl_typesupport_fastrtps_cpp/mbf_msgs/srv/detail/dds_fastrtps/check_pose__type_support.cpp.o[0m
[ 73%] [32mBuilding CXX object CMakeFiles/mbf_msgs__rosidl_typesupport_fastrtps_c.dir/rosidl_typesupport_fastrtps_c/mbf_msgs/action/detail/exe_path__type_support_c.cpp.o[0m
[ 74%] [32mBuilding CXX object CMakeFiles/mbf_msgs__rosidl_typesupport_fastrtps_c.dir/rosidl_typesupport_fastrtps_c/mbf_msgs/action/detail/get_path__type_support_c.cpp.o[0m
[ 75%] [32mBuilding CXX object CMakeFiles/mbf_msgs__rosidl_typesupport_fastrtps_cpp.dir/rosidl_typesupport_fastrtps_cpp/mbf_msgs/srv/detail/dds_fastrtps/find_valid_pose__type_support.cpp.o[0m
[ 76%] [32mBuilding CXX object CMakeFiles/mbf_msgs__rosidl_typesupport_fastrtps_c.dir/rosidl_typesupport_fastrtps_c/mbf_msgs/action/detail/move_base__type_support_c.cpp.o[0m
[ 77%] [32m[1mLinking CXX shared library libmbf_msgs__rosidl_typesupport_introspection_cpp.so[0m
[ 77%] Built target mbf_msgs__rosidl_typesupport_introspection_cpp
[ 78%] [32mBuilding CXX object CMakeFiles/mbf_msgs__rosidl_typesupport_fastrtps_c.dir/rosidl_typesupport_fastrtps_c/mbf_msgs/action/detail/recovery__type_support_c.cpp.o[0m
[ 79%] [32mBuilding CXX object CMakeFiles/mbf_msgs__rosidl_typesupport_fastrtps_c.dir/rosidl_typesupport_fastrtps_c/mbf_msgs/srv/detail/check_path__type_support_c.cpp.o[0m
[ 80%] [32mBuilding CXX object CMakeFiles/mbf_msgs__rosidl_typesupport_fastrtps_cpp.dir/rosidl_typesupport_fastrtps_cpp/mbf_msgs/srv/detail/dds_fastrtps/set_test_robot_state__type_support.cpp.o[0m
[ 81%] [32mBuilding CXX object CMakeFiles/mbf_msgs__rosidl_typesupport_fastrtps_c.dir/rosidl_typesupport_fastrtps_c/mbf_msgs/srv/detail/check_point__type_support_c.cpp.o[0m
[ 82%] [32mBuilding CXX object CMakeFiles/mbf_msgs__rosidl_typesupport_fastrtps_c.dir/rosidl_typesupport_fastrtps_c/mbf_msgs/srv/detail/check_pose__type_support_c.cpp.o[0m
[ 83%] [32mBuilding CXX object CMakeFiles/mbf_msgs__rosidl_typesupport_fastrtps_c.dir/rosidl_typesupport_fastrtps_c/mbf_msgs/srv/detail/find_valid_pose__type_support_c.cpp.o[0m
[ 83%] [32mBuilding CXX object CMakeFiles/mbf_msgs__rosidl_typesupport_fastrtps_c.dir/rosidl_typesupport_fastrtps_c/mbf_msgs/srv/detail/set_test_robot_state__type_support_c.cpp.o[0m
[ 84%] [32m[1mLinking CXX shared library libmbf_msgs__rosidl_typesupport_fastrtps_cpp.so[0m
[ 85%] [32m[1mLinking CXX shared library libmbf_msgs__rosidl_typesupport_fastrtps_c.so[0m
[ 85%] Built target mbf_msgs__rosidl_typesupport_fastrtps_cpp
[ 85%] Built target mbf_msgs__rosidl_typesupport_fastrtps_c
[ 85%] Built target mbf_msgs
[ 86%] [34m[1mGenerating Python code for ROS interfaces[0m
[ 86%] Built target mbf_msgs__py
[ 87%] [32mBuilding C object CMakeFiles/mbf_msgs__rosidl_generator_py.dir/rosidl_generator_py/mbf_msgs/action/_move_base_s.c.o[0m
[ 89%] [32mBuilding C object CMakeFiles/mbf_msgs__rosidl_generator_py.dir/rosidl_generator_py/mbf_msgs/action/_exe_path_s.c.o[0m
[ 89%] [32mBuilding C object CMakeFiles/mbf_msgs__rosidl_generator_py.dir/rosidl_generator_py/mbf_msgs/action/_recovery_s.c.o[0m
[ 89%] [32mBuilding C object CMakeFiles/mbf_msgs__rosidl_generator_py.dir/rosidl_generator_py/mbf_msgs/action/_get_path_s.c.o[0m
[ 93%] [32mBuilding C object CMakeFiles/mbf_msgs__rosidl_generator_py.dir/rosidl_generator_py/mbf_msgs/srv/_check_pose_s.c.o[0m
[ 93%] [32mBuilding C object CMakeFiles/mbf_msgs__rosidl_generator_py.dir/rosidl_generator_py/mbf_msgs/srv/_check_path_s.c.o[0m
[ 93%] [32mBuilding C object CMakeFiles/mbf_msgs__rosidl_generator_py.dir/rosidl_generator_py/mbf_msgs/srv/_set_test_robot_state_s.c.o[0m
[ 93%] [32mBuilding C object CMakeFiles/mbf_msgs__rosidl_generator_py.dir/rosidl_generator_py/mbf_msgs/srv/_check_point_s.c.o[0m
[ 94%] [32mBuilding C object CMakeFiles/mbf_msgs__rosidl_generator_py.dir/rosidl_generator_py/mbf_msgs/srv/_find_valid_pose_s.c.o[0m
[ 94%] [32m[1mLinking C shared library libmbf_msgs__rosidl_generator_py.so[0m
[ 94%] Built target mbf_msgs__rosidl_generator_py
[ 95%] [32mBuilding C object CMakeFiles/mbf_msgs_s__rosidl_typesupport_fastrtps_c.dir/rosidl_generator_py/mbf_msgs/_mbf_msgs_s.ep.rosidl_typesupport_fastrtps_c.c.o[0m
[ 96%] [32mBuilding C object CMakeFiles/mbf_msgs_s__rosidl_typesupport_c.dir/rosidl_generator_py/mbf_msgs/_mbf_msgs_s.ep.rosidl_typesupport_c.c.o[0m
[ 97%] [32mBuilding C object CMakeFiles/mbf_msgs_s__rosidl_typesupport_introspection_c.dir/rosidl_generator_py/mbf_msgs/_mbf_msgs_s.ep.rosidl_typesupport_introspection_c.c.o[0m
[ 98%] [32m[1mLinking C shared module rosidl_generator_py/mbf_msgs/mbf_msgs_s__rosidl_typesupport_c.so[0m
[ 99%] [32m[1mLinking C shared module rosidl_generator_py/mbf_msgs/mbf_msgs_s__rosidl_typesupport_introspection_c.so[0m
[100%] [32m[1mLinking C shared module rosidl_generator_py/mbf_msgs/mbf_msgs_s__rosidl_typesupport_fastrtps_c.so[0m
[100%] Built target mbf_msgs_s__rosidl_typesupport_c
[100%] Built target mbf_msgs_s__rosidl_typesupport_introspection_c
[100%] Built target mbf_msgs_s__rosidl_typesupport_fastrtps_c
-- Install configuration: ""
-- Execute custom install script
-- Symlinking: /root/Shared/MIAPR_Projekt/colcon_ws/install/mbf_msgs/share/ament_index/resource_index/rosidl_interfaces/mbf_msgs
-- Symlinking: /root/Shared/MIAPR_Projekt/colcon_ws/install/mbf_msgs/share/mbf_msgs/action/ExePath.json
-- Symlinking: /root/Shared/MIAPR_Projekt/colcon_ws/install/mbf_msgs/share/mbf_msgs/action/GetPath.json
-- Symlinking: /root/Shared/MIAPR_Projekt/colcon_ws/install/mbf_msgs/share/mbf_msgs/action/MoveBase.json
-- Symlinking: /root/Shared/MIAPR_Projekt/colcon_ws/install/mbf_msgs/share/mbf_msgs/action/Recovery.json
-- Symlinking: /root/Shared/MIAPR_Projekt/colcon_ws/install/mbf_msgs/share/mbf_msgs/srv/CheckPath.json
-- Symlinking: /root/Shared/MIAPR_Projekt/colcon_ws/install/mbf_msgs/share/mbf_msgs/srv/CheckPoint.json
-- Symlinking: /root/Shared/MIAPR_Projekt/colcon_ws/install/mbf_msgs/share/mbf_msgs/srv/CheckPose.json
-- Symlinking: /root/Shared/MIAPR_Projekt/colcon_ws/install/mbf_msgs/share/mbf_msgs/srv/FindValidPose.json
-- Symlinking: /root/Shared/MIAPR_Projekt/colcon_ws/install/mbf_msgs/share/mbf_msgs/srv/SetTestRobotState.json
-- Symlinking: /root/Shared/MIAPR_Projekt/colcon_ws/install/mbf_msgs/include/mbf_msgs/mbf_msgs/action/detail/exe_path__functions.h
-- Symlinking: /root/Shared/MIAPR_Projekt/colcon_ws/install/mbf_msgs/include/mbf_msgs/mbf_msgs/action/detail/exe_path__struct.h
-- Symlinking: /root/Shared/MIAPR_Projekt/colcon_ws/install/mbf_msgs/include/mbf_msgs/mbf_msgs/action/detail/exe_path__type_support.h
-- Symlinking: /root/Shared/MIAPR_Projekt/colcon_ws/install/mbf_msgs/include/mbf_msgs/mbf_msgs/action/detail/get_path__functions.h
-- Symlinking: /root/Shared/MIAPR_Projekt/colcon_ws/install/mbf_msgs/include/mbf_msgs/mbf_msgs/action/detail/get_path__struct.h
-- Symlinking: /root/Shared/MIAPR_Projekt/colcon_ws/install/mbf_msgs/include/mbf_msgs/mbf_msgs/action/detail/get_path__type_support.h
-- Symlinking: /root/Shared/MIAPR_Projekt/colcon_ws/install/mbf_msgs/include/mbf_msgs/mbf_msgs/action/detail/move_base__functions.h
-- Symlinking: /root/Shared/MIAPR_Projekt/colcon_ws/install/mbf_msgs/include/mbf_msgs/mbf_msgs/action/detail/move_base__struct.h
-- Symlinking: /root/Shared/MIAPR_Projekt/colcon_ws/install/mbf_msgs/include/mbf_msgs/mbf_msgs/action/detail/move_base__type_support.h
-- Symlinking: /root/Shared/MIAPR_Projekt/colcon_ws/install/mbf_msgs/include/mbf_msgs/mbf_msgs/action/detail/recovery__functions.h
-- Symlinking: /root/Shared/MIAPR_Projekt/colcon_ws/install/mbf_msgs/include/mbf_msgs/mbf_msgs/action/detail/recovery__struct.h
-- Symlinking: /root/Shared/MIAPR_Projekt/colcon_ws/install/mbf_msgs/include/mbf_msgs/mbf_msgs/action/detail/recovery__type_support.h
-- Symlinking: /root/Shared/MIAPR_Projekt/colcon_ws/install/mbf_msgs/include/mbf_msgs/mbf_msgs/action/exe_path.h
-- Symlinking: /root/Shared/MIAPR_Projekt/colcon_ws/install/mbf_msgs/include/mbf_msgs/mbf_msgs/action/get_path.h
-- Symlinking: /root/Shared/MIAPR_Projekt/colcon_ws/install/mbf_msgs/include/mbf_msgs/mbf_msgs/action/move_base.h
-- Symlinking: /root/Shared/MIAPR_Projekt/colcon_ws/install/mbf_msgs/include/mbf_msgs/mbf_msgs/action/recovery.h
-- Symlinking: /root/Shared/MIAPR_Projekt/colcon_ws/install/mbf_msgs/include/mbf_msgs/mbf_msgs/msg/rosidl_generator_c__visibility_control.h
-- Symlinking: /root/Shared/MIAPR_Projekt/colcon_ws/install/mbf_msgs/include/mbf_msgs/mbf_msgs/srv/check_path.h
-- Symlinking: /root/Shared/MIAPR_Projekt/colcon_ws/install/mbf_msgs/include/mbf_msgs/mbf_msgs/srv/check_point.h
-- Symlinking: /root/Shared/MIAPR_Projekt/colcon_ws/install/mbf_msgs/include/mbf_msgs/mbf_msgs/srv/check_pose.h
-- Symlinking: /root/Shared/MIAPR_Projekt/colcon_ws/install/mbf_msgs/include/mbf_msgs/mbf_msgs/srv/detail/check_path__functions.h
-- Symlinking: /root/Shared/MIAPR_Projekt/colcon_ws/install/mbf_msgs/include/mbf_msgs/mbf_msgs/srv/detail/check_path__struct.h
-- Symlinking: /root/Shared/MIAPR_Projekt/colcon_ws/install/mbf_msgs/include/mbf_msgs/mbf_msgs/srv/detail/check_path__type_support.h
-- Symlinking: /root/Shared/MIAPR_Projekt/colcon_ws/install/mbf_msgs/include/mbf_msgs/mbf_msgs/srv/detail/check_point__functions.h
-- Symlinking: /root/Shared/MIAPR_Projekt/colcon_ws/install/mbf_msgs/include/mbf_msgs/mbf_msgs/srv/detail/check_point__struct.h
-- Symlinking: /root/Shared/MIAPR_Projekt/colcon_ws/install/mbf_msgs/include/mbf_msgs/mbf_msgs/srv/detail/check_point__type_support.h
-- Symlinking: /root/Shared/MIAPR_Projekt/colcon_ws/install/mbf_msgs/include/mbf_msgs/mbf_msgs/srv/detail/check_pose__functions.h
-- Symlinking: /root/Shared/MIAPR_Projekt/colcon_ws/install/mbf_msgs/include/mbf_msgs/mbf_msgs/srv/detail/check_pose__struct.h
-- Symlinking: /root/Shared/MIAPR_Projekt/colcon_ws/install/mbf_msgs/include/mbf_msgs/mbf_msgs/srv/detail/check_pose__type_support.h
-- Symlinking: /root/Shared/MIAPR_Projekt/colcon_ws/install/mbf_msgs/include/mbf_msgs/mbf_msgs/srv/detail/find_valid_pose__functions.h
-- Symlinking: /root/Shared/MIAPR_Projekt/colcon_ws/install/mbf_msgs/include/mbf_msgs/mbf_msgs/srv/detail/find_valid_pose__struct.h
-- Symlinking: /root/Shared/MIAPR_Projekt/colcon_ws/install/mbf_msgs/include/mbf_msgs/mbf_msgs/srv/detail/find_valid_pose__type_support.h
-- Symlinking: /root/Shared/MIAPR_Projekt/colcon_ws/install/mbf_msgs/include/mbf_msgs/mbf_msgs/srv/detail/set_test_robot_state__functions.h
-- Symlinking: /root/Shared/MIAPR_Projekt/colcon_ws/install/mbf_msgs/include/mbf_msgs/mbf_msgs/srv/detail/set_test_robot_state__struct.h
-- Symlinking: /root/Shared/MIAPR_Projekt/colcon_ws/install/mbf_msgs/include/mbf_msgs/mbf_msgs/srv/detail/set_test_robot_state__type_support.h
-- Symlinking: /root/Shared/MIAPR_Projekt/colcon_ws/install/mbf_msgs/include/mbf_msgs/mbf_msgs/srv/find_valid_pose.h
-- Symlinking: /root/Shared/MIAPR_Projekt/colcon_ws/install/mbf_msgs/include/mbf_msgs/mbf_msgs/srv/set_test_robot_state.h
-- Symlinking: /root/Shared/MIAPR_Projekt/colcon_ws/install/mbf_msgs/share/mbf_msgs/environment/library_path.sh
-- Symlinking: /root/Shared/MIAPR_Projekt/colcon_ws/install/mbf_msgs/share/mbf_msgs/environment/library_path.dsv
-- Symlinking: /root/Shared/MIAPR_Projekt/colcon_ws/install/mbf_msgs/include/mbf_msgs/mbf_msgs/action/detail/exe_path__rosidl_typesupport_fastrtps_c.h
-- Symlinking: /root/Shared/MIAPR_Projekt/colcon_ws/install/mbf_msgs/include/mbf_msgs/mbf_msgs/action/detail/get_path__rosidl_typesupport_fastrtps_c.h
-- Symlinking: /root/Shared/MIAPR_Projekt/colcon_ws/install/mbf_msgs/include/mbf_msgs/mbf_msgs/action/detail/move_base__rosidl_typesupport_fastrtps_c.h
-- Symlinking: /root/Shared/MIAPR_Projekt/colcon_ws/install/mbf_msgs/include/mbf_msgs/mbf_msgs/action/detail/recovery__rosidl_typesupport_fastrtps_c.h
-- Symlinking: /root/Shared/MIAPR_Projekt/colcon_ws/install/mbf_msgs/include/mbf_msgs/mbf_msgs/msg/rosidl_typesupport_fastrtps_c__visibility_control.h
-- Symlinking: /root/Shared/MIAPR_Projekt/colcon_ws/install/mbf_msgs/include/mbf_msgs/mbf_msgs/srv/detail/check_path__rosidl_typesupport_fastrtps_c.h
-- Symlinking: /root/Shared/MIAPR_Projekt/colcon_ws/install/mbf_msgs/include/mbf_msgs/mbf_msgs/srv/detail/check_point__rosidl_typesupport_fastrtps_c.h
-- Symlinking: /root/Shared/MIAPR_Projekt/colcon_ws/install/mbf_msgs/include/mbf_msgs/mbf_msgs/srv/detail/check_pose__rosidl_typesupport_fastrtps_c.h
-- Symlinking: /root/Shared/MIAPR_Projekt/colcon_ws/install/mbf_msgs/include/mbf_msgs/mbf_msgs/srv/detail/find_valid_pose__rosidl_typesupport_fastrtps_c.h
-- Symlinking: /root/Shared/MIAPR_Projekt/colcon_ws/install/mbf_msgs/include/mbf_msgs/mbf_msgs/srv/detail/set_test_robot_state__rosidl_typesupport_fastrtps_c.h
-- Symlinking: /root/Shared/MIAPR_Projekt/colcon_ws/install/mbf_msgs/include/mbf_msgs/mbf_msgs/action/detail/exe_path__rosidl_typesupport_introspection_c.h
-- Symlinking: /root/Shared/MIAPR_Projekt/colcon_ws/install/mbf_msgs/include/mbf_msgs/mbf_msgs/action/detail/get_path__rosidl_typesupport_introspection_c.h
-- Symlinking: /root/Shared/MIAPR_Projekt/colcon_ws/install/mbf_msgs/include/mbf_msgs/mbf_msgs/action/detail/move_base__rosidl_typesupport_introspection_c.h
-- Symlinking: /root/Shared/MIAPR_Projekt/colcon_ws/install/mbf_msgs/include/mbf_msgs/mbf_msgs/action/detail/recovery__rosidl_typesupport_introspection_c.h
-- Symlinking: /root/Shared/MIAPR_Projekt/colcon_ws/install/mbf_msgs/include/mbf_msgs/mbf_msgs/msg/rosidl_typesupport_introspection_c__visibility_control.h
-- Symlinking: /root/Shared/MIAPR_Projekt/colcon_ws/install/mbf_msgs/include/mbf_msgs/mbf_msgs/srv/detail/check_path__rosidl_typesupport_introspection_c.h
-- Symlinking: /root/Shared/MIAPR_Projekt/colcon_ws/install/mbf_msgs/include/mbf_msgs/mbf_msgs/srv/detail/check_point__rosidl_typesupport_introspection_c.h
-- Symlinking: /root/Shared/MIAPR_Projekt/colcon_ws/install/mbf_msgs/include/mbf_msgs/mbf_msgs/srv/detail/check_pose__rosidl_typesupport_introspection_c.h
-- Symlinking: /root/Shared/MIAPR_Projekt/colcon_ws/install/mbf_msgs/include/mbf_msgs/mbf_msgs/srv/detail/find_valid_pose__rosidl_typesupport_introspection_c.h
-- Symlinking: /root/Shared/MIAPR_Projekt/colcon_ws/install/mbf_msgs/include/mbf_msgs/mbf_msgs/srv/detail/set_test_robot_state__rosidl_typesupport_introspection_c.h
-- Symlinking: /root/Shared/MIAPR_Projekt/colcon_ws/install/mbf_msgs/include/mbf_msgs/mbf_msgs/action/detail/exe_path__builder.hpp
-- Symlinking: /root/Shared/MIAPR_Projekt/colcon_ws/install/mbf_msgs/include/mbf_msgs/mbf_msgs/action/detail/exe_path__struct.hpp
-- Symlinking: /root/Shared/MIAPR_Projekt/colcon_ws/install/mbf_msgs/include/mbf_msgs/mbf_msgs/action/detail/exe_path__traits.hpp
-- Symlinking: /root/Shared/MIAPR_Projekt/colcon_ws/install/mbf_msgs/include/mbf_msgs/mbf_msgs/action/detail/exe_path__type_support.hpp
-- Symlinking: /root/Shared/MIAPR_Projekt/colcon_ws/install/mbf_msgs/include/mbf_msgs/mbf_msgs/action/detail/get_path__builder.hpp
-- Symlinking: /root/Shared/MIAPR_Projekt/colcon_ws/install/mbf_msgs/include/mbf_msgs/mbf_msgs/action/detail/get_path__struct.hpp
-- Symlinking: /root/Shared/MIAPR_Projekt/colcon_ws/install/mbf_msgs/include/mbf_msgs/mbf_msgs/action/detail/get_path__traits.hpp
-- Symlinking: /root/Shared/MIAPR_Projekt/colcon_ws/install/mbf_msgs/include/mbf_msgs/mbf_msgs/action/detail/get_path__type_support.hpp
-- Symlinking: /root/Shared/MIAPR_Projekt/colcon_ws/install/mbf_msgs/include/mbf_msgs/mbf_msgs/action/detail/move_base__builder.hpp
-- Symlinking: /root/Shared/MIAPR_Projekt/colcon_ws/install/mbf_msgs/include/mbf_msgs/mbf_msgs/action/detail/move_base__struct.hpp
-- Symlinking: /root/Shared/MIAPR_Projekt/colcon_ws/install/mbf_msgs/include/mbf_msgs/mbf_msgs/action/detail/move_base__traits.hpp
-- Symlinking: /root/Shared/MIAPR_Projekt/colcon_ws/install/mbf_msgs/include/mbf_msgs/mbf_msgs/action/detail/move_base__type_support.hpp
-- Symlinking: /root/Shared/MIAPR_Projekt/colcon_ws/install/mbf_msgs/include/mbf_msgs/mbf_msgs/action/detail/recovery__builder.hpp
-- Symlinking: /root/Shared/MIAPR_Projekt/colcon_ws/install/mbf_msgs/include/mbf_msgs/mbf_msgs/action/detail/recovery__struct.hpp
-- Symlinking: /root/Shared/MIAPR_Projekt/colcon_ws/install/mbf_msgs/include/mbf_msgs/mbf_msgs/action/detail/recovery__traits.hpp
-- Symlinking: /root/Shared/MIAPR_Projekt/colcon_ws/install/mbf_msgs/include/mbf_msgs/mbf_msgs/action/detail/recovery__type_support.hpp
-- Symlinking: /root/Shared/MIAPR_Projekt/colcon_ws/install/mbf_msgs/include/mbf_msgs/mbf_msgs/action/exe_path.hpp
-- Symlinking: /root/Shared/MIAPR_Projekt/colcon_ws/install/mbf_msgs/include/mbf_msgs/mbf_msgs/action/get_path.hpp
-- Symlinking: /root/Shared/MIAPR_Projekt/colcon_ws/install/mbf_msgs/include/mbf_msgs/mbf_msgs/action/move_base.hpp
-- Symlinking: /root/Shared/MIAPR_Projekt/colcon_ws/install/mbf_msgs/include/mbf_msgs/mbf_msgs/action/recovery.hpp
-- Symlinking: /root/Shared/MIAPR_Projekt/colcon_ws/install/mbf_msgs/include/mbf_msgs/mbf_msgs/msg/rosidl_generator_cpp__visibility_control.hpp
-- Symlinking: /root/Shared/MIAPR_Projekt/colcon_ws/install/mbf_msgs/include/mbf_msgs/mbf_msgs/srv/check_path.hpp
-- Symlinking: /root/Shared/MIAPR_Projekt/colcon_ws/install/mbf_msgs/include/mbf_msgs/mbf_msgs/srv/check_point.hpp
-- Symlinking: /root/Shared/MIAPR_Projekt/colcon_ws/install/mbf_msgs/include/mbf_msgs/mbf_msgs/srv/check_pose.hpp
-- Symlinking: /root/Shared/MIAPR_Projekt/colcon_ws/install/mbf_msgs/include/mbf_msgs/mbf_msgs/srv/detail/check_path__builder.hpp
-- Symlinking: /root/Shared/MIAPR_Projekt/colcon_ws/install/mbf_msgs/include/mbf_msgs/mbf_msgs/srv/detail/check_path__struct.hpp
-- Symlinking: /root/Shared/MIAPR_Projekt/colcon_ws/install/mbf_msgs/include/mbf_msgs/mbf_msgs/srv/detail/check_path__traits.hpp
-- Symlinking: /root/Shared/MIAPR_Projekt/colcon_ws/install/mbf_msgs/include/mbf_msgs/mbf_msgs/srv/detail/check_path__type_support.hpp
-- Symlinking: /root/Shared/MIAPR_Projekt/colcon_ws/install/mbf_msgs/include/mbf_msgs/mbf_msgs/srv/detail/check_point__builder.hpp
-- Symlinking: /root/Shared/MIAPR_Projekt/colcon_ws/install/mbf_msgs/include/mbf_msgs/mbf_msgs/srv/detail/check_point__struct.hpp
-- Symlinking: /root/Shared/MIAPR_Projekt/colcon_ws/install/mbf_msgs/include/mbf_msgs/mbf_msgs/srv/detail/check_point__traits.hpp
-- Symlinking: /root/Shared/MIAPR_Projekt/colcon_ws/install/mbf_msgs/include/mbf_msgs/mbf_msgs/srv/detail/check_point__type_support.hpp
-- Symlinking: /root/Shared/MIAPR_Projekt/colcon_ws/install/mbf_msgs/include/mbf_msgs/mbf_msgs/srv/detail/check_pose__builder.hpp
-- Symlinking: /root/Shared/MIAPR_Projekt/colcon_ws/install/mbf_msgs/include/mbf_msgs/mbf_msgs/srv/detail/check_pose__struct.hpp
-- Symlinking: /root/Shared/MIAPR_Projekt/colcon_ws/install/mbf_msgs/include/mbf_msgs/mbf_msgs/srv/detail/check_pose__traits.hpp
-- Symlinking: /root/Shared/MIAPR_Projekt/colcon_ws/install/mbf_msgs/include/mbf_msgs/mbf_msgs/srv/detail/check_pose__type_support.hpp
-- Symlinking: /root/Shared/MIAPR_Projekt/colcon_ws/install/mbf_msgs/include/mbf_msgs/mbf_msgs/srv/detail/find_valid_pose__builder.hpp
-- Symlinking: /root/Shared/MIAPR_Projekt/colcon_ws/install/mbf_msgs/include/mbf_msgs/mbf_msgs/srv/detail/find_valid_pose__struct.hpp
-- Symlinking: /root/Shared/MIAPR_Projekt/colcon_ws/install/mbf_msgs/include/mbf_msgs/mbf_msgs/srv/detail/find_valid_pose__traits.hpp
-- Symlinking: /root/Shared/MIAPR_Projekt/colcon_ws/install/mbf_msgs/include/mbf_msgs/mbf_msgs/srv/detail/find_valid_pose__type_support.hpp
-- Symlinking: /root/Shared/MIAPR_Projekt/colcon_ws/install/mbf_msgs/include/mbf_msgs/mbf_msgs/srv/detail/set_test_robot_state__builder.hpp
-- Symlinking: /root/Shared/MIAPR_Projekt/colcon_ws/install/mbf_msgs/include/mbf_msgs/mbf_msgs/srv/detail/set_test_robot_state__struct.hpp
-- Symlinking: /root/Shared/MIAPR_Projekt/colcon_ws/install/mbf_msgs/include/mbf_msgs/mbf_msgs/srv/detail/set_test_robot_state__traits.hpp
-- Symlinking: /root/Shared/MIAPR_Projekt/colcon_ws/install/mbf_msgs/include/mbf_msgs/mbf_msgs/srv/detail/set_test_robot_state__type_support.hpp
-- Symlinking: /root/Shared/MIAPR_Projekt/colcon_ws/install/mbf_msgs/include/mbf_msgs/mbf_msgs/srv/find_valid_pose.hpp
-- Symlinking: /root/Shared/MIAPR_Projekt/colcon_ws/install/mbf_msgs/include/mbf_msgs/mbf_msgs/srv/set_test_robot_state.hpp
-- Symlinking: /root/Shared/MIAPR_Projekt/colcon_ws/install/mbf_msgs/include/mbf_msgs/mbf_msgs/action/detail/exe_path__rosidl_typesupport_fastrtps_cpp.hpp
-- Symlinking: /root/Shared/MIAPR_Projekt/colcon_ws/install/mbf_msgs/include/mbf_msgs/mbf_msgs/action/detail/get_path__rosidl_typesupport_fastrtps_cpp.hpp
-- Symlinking: /root/Shared/MIAPR_Projekt/colcon_ws/install/mbf_msgs/include/mbf_msgs/mbf_msgs/action/detail/move_base__rosidl_typesupport_fastrtps_cpp.hpp
-- Symlinking: /root/Shared/MIAPR_Projekt/colcon_ws/install/mbf_msgs/include/mbf_msgs/mbf_msgs/action/detail/recovery__rosidl_typesupport_fastrtps_cpp.hpp
-- Symlinking: /root/Shared/MIAPR_Projekt/colcon_ws/install/mbf_msgs/include/mbf_msgs/mbf_msgs/msg/rosidl_typesupport_fastrtps_cpp__visibility_control.h
-- Symlinking: /root/Shared/MIAPR_Projekt/colcon_ws/install/mbf_msgs/include/mbf_msgs/mbf_msgs/srv/detail/check_path__rosidl_typesupport_fastrtps_cpp.hpp
-- Symlinking: /root/Shared/MIAPR_Projekt/colcon_ws/install/mbf_msgs/include/mbf_msgs/mbf_msgs/srv/detail/check_point__rosidl_typesupport_fastrtps_cpp.hpp
-- Symlinking: /root/Shared/MIAPR_Projekt/colcon_ws/install/mbf_msgs/include/mbf_msgs/mbf_msgs/srv/detail/check_pose__rosidl_typesupport_fastrtps_cpp.hpp
-- Symlinking: /root/Shared/MIAPR_Projekt/colcon_ws/install/mbf_msgs/include/mbf_msgs/mbf_msgs/srv/detail/find_valid_pose__rosidl_typesupport_fastrtps_cpp.hpp
-- Symlinking: /root/Shared/MIAPR_Projekt/colcon_ws/install/mbf_msgs/include/mbf_msgs/mbf_msgs/srv/detail/set_test_robot_state__rosidl_typesupport_fastrtps_cpp.hpp
-- Symlinking: /root/Shared/MIAPR_Projekt/colcon_ws/install/mbf_msgs/include/mbf_msgs/mbf_msgs/action/detail/exe_path__rosidl_typesupport_introspection_cpp.hpp
-- Symlinking: /root/Shared/MIAPR_Projekt/colcon_ws/install/mbf_msgs/include/mbf_msgs/mbf_msgs/action/detail/get_path__rosidl_typesupport_introspection_cpp.hpp
-- Symlinking: /root/Shared/MIAPR_Projekt/colcon_ws/install/mbf_msgs/include/mbf_msgs/mbf_msgs/action/detail/move_base__rosidl_typesupport_introspection_cpp.hpp
-- Symlinking: /root/Shared/MIAPR_Projekt/colcon_ws/install/mbf_msgs/include/mbf_msgs/mbf_msgs/action/detail/recovery__rosidl_typesupport_introspection_cpp.hpp
-- Symlinking: /root/Shared/MIAPR_Projekt/colcon_ws/install/mbf_msgs/include/mbf_msgs/mbf_msgs/srv/detail/check_path__rosidl_typesupport_introspection_cpp.hpp
-- Symlinking: /root/Shared/MIAPR_Projekt/colcon_ws/install/mbf_msgs/include/mbf_msgs/mbf_msgs/srv/detail/check_point__rosidl_typesupport_introspection_cpp.hpp
-- Symlinking: /root/Shared/MIAPR_Projekt/colcon_ws/install/mbf_msgs/include/mbf_msgs/mbf_msgs/srv/detail/check_pose__rosidl_typesupport_introspection_cpp.hpp
-- Symlinking: /root/Shared/MIAPR_Projekt/colcon_ws/install/mbf_msgs/include/mbf_msgs/mbf_msgs/srv/detail/find_valid_pose__rosidl_typesupport_introspection_cpp.hpp
-- Symlinking: /root/Shared/MIAPR_Projekt/colcon_ws/install/mbf_msgs/include/mbf_msgs/mbf_msgs/srv/detail/set_test_robot_state__rosidl_typesupport_introspection_cpp.hpp
-- Symlinking: /root/Shared/MIAPR_Projekt/colcon_ws/install/mbf_msgs/share/mbf_msgs/environment/pythonpath.sh
-- Symlinking: /root/Shared/MIAPR_Projekt/colcon_ws/install/mbf_msgs/share/mbf_msgs/environment/pythonpath.dsv
-- Symlinking: /root/Shared/MIAPR_Projekt/colcon_ws/install/mbf_msgs/lib/python3.12/site-packages/mbf_msgs-1.0.5-py3.12.egg-info/PKG-INFO
-- Symlinking: /root/Shared/MIAPR_Projekt/colcon_ws/install/mbf_msgs/lib/python3.12/site-packages/mbf_msgs-1.0.5-py3.12.egg-info/SOURCES.txt
-- Symlinking: /root/Shared/MIAPR_Projekt/colcon_ws/install/mbf_msgs/lib/python3.12/site-packages/mbf_msgs-1.0.5-py3.12.egg-info/dependency_links.txt
-- Symlinking: /root/Shared/MIAPR_Projekt/colcon_ws/install/mbf_msgs/lib/python3.12/site-packages/mbf_msgs-1.0.5-py3.12.egg-info/top_level.txt
-- Symlinking: /root/Shared/MIAPR_Projekt/colcon_ws/install/mbf_msgs/lib/python3.12/site-packages/mbf_msgs/__init__.py
-- Symlinking: /root/Shared/MIAPR_Projekt/colcon_ws/install/mbf_msgs/lib/python3.12/site-packages/mbf_msgs/_mbf_msgs_s.ep.rosidl_typesupport_c.c
-- Symlinking: /root/Shared/MIAPR_Projekt/colcon_ws/install/mbf_msgs/lib/python3.12/site-packages/mbf_msgs/_mbf_msgs_s.ep.rosidl_typesupport_fastrtps_c.c
-- Symlinking: /root/Shared/MIAPR_Projekt/colcon_ws/install/mbf_msgs/lib/python3.12/site-packages/mbf_msgs/_mbf_msgs_s.ep.rosidl_typesupport_introspection_c.c
-- Symlinking: /root/Shared/MIAPR_Projekt/colcon_ws/install/mbf_msgs/lib/python3.12/site-packages/mbf_msgs/action/__init__.py
-- Symlinking: /root/Shared/MIAPR_Projekt/colcon_ws/install/mbf_msgs/lib/python3.12/site-packages/mbf_msgs/action/_exe_path.py
-- Symlinking: /root/Shared/MIAPR_Projekt/colcon_ws/install/mbf_msgs/lib/python3.12/site-packages/mbf_msgs/action/_exe_path_s.c
-- Symlinking: /root/Shared/MIAPR_Projekt/colcon_ws/install/mbf_msgs/lib/python3.12/site-packages/mbf_msgs/action/_get_path.py
-- Symlinking: /root/Shared/MIAPR_Projekt/colcon_ws/install/mbf_msgs/lib/python3.12/site-packages/mbf_msgs/action/_get_path_s.c
-- Symlinking: /root/Shared/MIAPR_Projekt/colcon_ws/install/mbf_msgs/lib/python3.12/site-packages/mbf_msgs/action/_move_base.py
-- Symlinking: /root/Shared/MIAPR_Projekt/colcon_ws/install/mbf_msgs/lib/python3.12/site-packages/mbf_msgs/action/_move_base_s.c
-- Symlinking: /root/Shared/MIAPR_Projekt/colcon_ws/install/mbf_msgs/lib/python3.12/site-packages/mbf_msgs/action/_recovery.py
-- Symlinking: /root/Shared/MIAPR_Projekt/colcon_ws/install/mbf_msgs/lib/python3.12/site-packages/mbf_msgs/action/_recovery_s.c
-- Symlinking: /root/Shared/MIAPR_Projekt/colcon_ws/install/mbf_msgs/lib/python3.12/site-packages/mbf_msgs/mbf_msgs_s__rosidl_typesupport_c.so
-- Symlinking: /root/Shared/MIAPR_Projekt/colcon_ws/install/mbf_msgs/lib/python3.12/site-packages/mbf_msgs/mbf_msgs_s__rosidl_typesupport_fastrtps_c.so
-- Symlinking: /root/Shared/MIAPR_Projekt/colcon_ws/install/mbf_msgs/lib/python3.12/site-packages/mbf_msgs/mbf_msgs_s__rosidl_typesupport_introspection_c.so
-- Symlinking: /root/Shared/MIAPR_Projekt/colcon_ws/install/mbf_msgs/lib/python3.12/site-packages/mbf_msgs/srv/__init__.py
-- Symlinking: /root/Shared/MIAPR_Projekt/colcon_ws/install/mbf_msgs/lib/python3.12/site-packages/mbf_msgs/srv/_check_path.py
-- Symlinking: /root/Shared/MIAPR_Projekt/colcon_ws/install/mbf_msgs/lib/python3.12/site-packages/mbf_msgs/srv/_check_path_s.c
-- Symlinking: /root/Shared/MIAPR_Projekt/colcon_ws/install/mbf_msgs/lib/python3.12/site-packages/mbf_msgs/srv/_check_point.py
-- Symlinking: /root/Shared/MIAPR_Projekt/colcon_ws/install/mbf_msgs/lib/python3.12/site-packages/mbf_msgs/srv/_check_point_s.c
-- Symlinking: /root/Shared/MIAPR_Projekt/colcon_ws/install/mbf_msgs/lib/python3.12/site-packages/mbf_msgs/srv/_check_pose.py
-- Symlinking: /root/Shared/MIAPR_Projekt/colcon_ws/install/mbf_msgs/lib/python3.12/site-packages/mbf_msgs/srv/_check_pose_s.c
-- Symlinking: /root/Shared/MIAPR_Projekt/colcon_ws/install/mbf_msgs/lib/python3.12/site-packages/mbf_msgs/srv/_find_valid_pose.py
-- Symlinking: /root/Shared/MIAPR_Projekt/colcon_ws/install/mbf_msgs/lib/python3.12/site-packages/mbf_msgs/srv/_find_valid_pose_s.c
-- Symlinking: /root/Shared/MIAPR_Projekt/colcon_ws/install/mbf_msgs/lib/python3.12/site-packages/mbf_msgs/srv/_set_test_robot_state.py
-- Symlinking: /root/Shared/MIAPR_Projekt/colcon_ws/install/mbf_msgs/lib/python3.12/site-packages/mbf_msgs/srv/_set_test_robot_state_s.c
-- Up-to-date symlink: /root/Shared/MIAPR_Projekt/colcon_ws/install/mbf_msgs/lib/python3.12/site-packages/mbf_msgs/mbf_msgs_s__rosidl_typesupport_fastrtps_c.so
-- Up-to-date symlink: /root/Shared/MIAPR_Projekt/colcon_ws/install/mbf_msgs/lib/python3.12/site-packages/mbf_msgs/mbf_msgs_s__rosidl_typesupport_introspection_c.so
-- Up-to-date symlink: /root/Shared/MIAPR_Projekt/colcon_ws/install/mbf_msgs/lib/python3.12/site-packages/mbf_msgs/mbf_msgs_s__rosidl_typesupport_c.so
-- Symlinking: /root/Shared/MIAPR_Projekt/colcon_ws/install/mbf_msgs/share/mbf_msgs/action/ExePath.idl
-- Symlinking: /root/Shared/MIAPR_Projekt/colcon_ws/install/mbf_msgs/share/mbf_msgs/action/GetPath.idl
-- Symlinking: /root/Shared/MIAPR_Projekt/colcon_ws/install/mbf_msgs/share/mbf_msgs/action/MoveBase.idl
-- Symlinking: /root/Shared/MIAPR_Projekt/colcon_ws/install/mbf_msgs/share/mbf_msgs/action/Recovery.idl
-- Symlinking: /root/Shared/MIAPR_Projekt/colcon_ws/install/mbf_msgs/share/mbf_msgs/srv/CheckPath.idl
-- Symlinking: /root/Shared/MIAPR_Projekt/colcon_ws/install/mbf_msgs/share/mbf_msgs/srv/CheckPoint.idl
-- Symlinking: /root/Shared/MIAPR_Projekt/colcon_ws/install/mbf_msgs/share/mbf_msgs/srv/CheckPose.idl
-- Symlinking: /root/Shared/MIAPR_Projekt/colcon_ws/install/mbf_msgs/share/mbf_msgs/srv/FindValidPose.idl
-- Symlinking: /root/Shared/MIAPR_Projekt/colcon_ws/install/mbf_msgs/share/mbf_msgs/srv/SetTestRobotState.idl
-- Symlinking: /root/Shared/MIAPR_Projekt/colcon_ws/install/mbf_msgs/share/mbf_msgs/action/ExePath.action
-- Symlinking: /root/Shared/MIAPR_Projekt/colcon_ws/install/mbf_msgs/share/mbf_msgs/action/GetPath.action
-- Symlinking: /root/Shared/MIAPR_Projekt/colcon_ws/install/mbf_msgs/share/mbf_msgs/action/MoveBase.action
-- Symlinking: /root/Shared/MIAPR_Projekt/colcon_ws/install/mbf_msgs/share/mbf_msgs/action/Recovery.action
-- Symlinking: /root/Shared/MIAPR_Projekt/colcon_ws/install/mbf_msgs/share/mbf_msgs/srv/CheckPath.srv
-- Symlinking: /root/Shared/MIAPR_Projekt/colcon_ws/install/mbf_msgs/share/mbf_msgs/srv/CheckPoint.srv
-- Symlinking: /root/Shared/MIAPR_Projekt/colcon_ws/install/mbf_msgs/share/mbf_msgs/srv/CheckPose.srv
-- Symlinking: /root/Shared/MIAPR_Projekt/colcon_ws/install/mbf_msgs/share/mbf_msgs/srv/FindValidPose.srv
-- Symlinking: /root/Shared/MIAPR_Projekt/colcon_ws/install/mbf_msgs/share/mbf_msgs/srv/SetTestRobotState.srv
-- Symlinking: /root/Shared/MIAPR_Projekt/colcon_ws/install/mbf_msgs/share/ament_index/resource_index/package_run_dependencies/mbf_msgs
-- Symlinking: /root/Shared/MIAPR_Projekt/colcon_ws/install/mbf_msgs/share/ament_index/resource_index/parent_prefix_path/mbf_msgs
-- Symlinking: /root/Shared/MIAPR_Projekt/colcon_ws/install/mbf_msgs/share/mbf_msgs/environment/ament_prefix_path.sh
-- Symlinking: /root/Shared/MIAPR_Projekt/colcon_ws/install/mbf_msgs/share/mbf_msgs/environment/ament_prefix_path.dsv
-- Symlinking: /root/Shared/MIAPR_Projekt/colcon_ws/install/mbf_msgs/share/mbf_msgs/environment/path.sh
-- Symlinking: /root/Shared/MIAPR_Projekt/colcon_ws/install/mbf_msgs/share/mbf_msgs/environment/path.dsv
-- Symlinking: /root/Shared/MIAPR_Projekt/colcon_ws/install/mbf_msgs/share/mbf_msgs/local_setup.bash
-- Symlinking: /root/Shared/MIAPR_Projekt/colcon_ws/install/mbf_msgs/share/mbf_msgs/local_setup.sh
-- Symlinking: /root/Shared/MIAPR_Projekt/colcon_ws/install/mbf_msgs/share/mbf_msgs/local_setup.zsh
-- Symlinking: /root/Shared/MIAPR_Projekt/colcon_ws/install/mbf_msgs/share/mbf_msgs/local_setup.dsv
-- Symlinking: /root/Shared/MIAPR_Projekt/colcon_ws/install/mbf_msgs/share/mbf_msgs/package.dsv
-- Symlinking: /root/Shared/MIAPR_Projekt/colcon_ws/install/mbf_msgs/share/ament_index/resource_index/packages/mbf_msgs
-- Symlinking: /root/Shared/MIAPR_Projekt/colcon_ws/install/mbf_msgs/share/mbf_msgs/cmake/rosidl_cmake-extras.cmake
-- Symlinking: /root/Shared/MIAPR_Projekt/colcon_ws/install/mbf_msgs/share/mbf_msgs/cmake/ament_cmake_export_dependencies-extras.cmake
-- Symlinking: /root/Shared/MIAPR_Projekt/colcon_ws/install/mbf_msgs/share/mbf_msgs/cmake/ament_cmake_export_include_directories-extras.cmake
-- Symlinking: /root/Shared/MIAPR_Projekt/colcon_ws/install/mbf_msgs/share/mbf_msgs/cmake/ament_cmake_export_libraries-extras.cmake
-- Symlinking: /root/Shared/MIAPR_Projekt/colcon_ws/install/mbf_msgs/share/mbf_msgs/cmake/ament_cmake_export_targets-extras.cmake
-- Symlinking: /root/Shared/MIAPR_Projekt/colcon_ws/install/mbf_msgs/share/mbf_msgs/cmake/rosidl_cmake_export_typesupport_targets-extras.cmake
-- Symlinking: /root/Shared/MIAPR_Projekt/colcon_ws/install/mbf_msgs/share/mbf_msgs/cmake/rosidl_cmake_export_typesupport_libraries-extras.cmake
-- Symlinking: /root/Shared/MIAPR_Projekt/colcon_ws/install/mbf_msgs/share/mbf_msgs/cmake/mbf_msgsConfig.cmake
-- Symlinking: /root/Shared/MIAPR_Projekt/colcon_ws/install/mbf_msgs/share/mbf_msgs/cmake/mbf_msgsConfig-version.cmake
-- Symlinking: /root/Shared/MIAPR_Projekt/colcon_ws/install/mbf_msgs/share/mbf_msgs/package.xml
-- Installing: /root/Shared/MIAPR_Projekt/colcon_ws/install/mbf_msgs/lib/libmbf_msgs__rosidl_generator_c.so
-- Set non-toolchain portion of runtime path of "/root/Shared/MIAPR_Projekt/colcon_ws/install/mbf_msgs/lib/libmbf_msgs__rosidl_generator_c.so" to ""
-- Installing: /root/Shared/MIAPR_Projekt/colcon_ws/install/mbf_msgs/lib/libmbf_msgs__rosidl_typesupport_fastrtps_c.so
-- Set non-toolchain portion of runtime path of "/root/Shared/MIAPR_Projekt/colcon_ws/install/mbf_msgs/lib/libmbf_msgs__rosidl_typesupport_fastrtps_c.so" to ""
-- Installing: /root/Shared/MIAPR_Projekt/colcon_ws/install/mbf_msgs/lib/libmbf_msgs__rosidl_typesupport_introspection_c.so
-- Set non-toolchain portion of runtime path of "/root/Shared/MIAPR_Projekt/colcon_ws/install/mbf_msgs/lib/libmbf_msgs__rosidl_typesupport_introspection_c.so" to ""
-- Installing: /root/Shared/MIAPR_Projekt/colcon_ws/install/mbf_msgs/lib/libmbf_msgs__rosidl_typesupport_c.so
-- Set non-toolchain portion of runtime path of "/root/Shared/MIAPR_Projekt/colcon_ws/install/mbf_msgs/lib/libmbf_msgs__rosidl_typesupport_c.so" to ""
-- Installing: /root/Shared/MIAPR_Projekt/colcon_ws/install/mbf_msgs/lib/libmbf_msgs__rosidl_typesupport_fastrtps_cpp.so
-- Set non-toolchain portion of runtime path of "/root/Shared/MIAPR_Projekt/colcon_ws/install/mbf_msgs/lib/libmbf_msgs__rosidl_typesupport_fastrtps_cpp.so" to ""
-- Installing: /root/Shared/MIAPR_Projekt/colcon_ws/install/mbf_msgs/lib/libmbf_msgs__rosidl_typesupport_introspection_cpp.so
-- Set non-toolchain portion of runtime path of "/root/Shared/MIAPR_Projekt/colcon_ws/install/mbf_msgs/lib/libmbf_msgs__rosidl_typesupport_introspection_cpp.so" to ""
-- Installing: /root/Shared/MIAPR_Projekt/colcon_ws/install/mbf_msgs/lib/libmbf_msgs__rosidl_typesupport_cpp.so
-- Set non-toolchain portion of runtime path of "/root/Shared/MIAPR_Projekt/colcon_ws/install/mbf_msgs/lib/libmbf_msgs__rosidl_typesupport_cpp.so" to ""
Listing '/root/Shared/MIAPR_Projekt/colcon_ws/install/mbf_msgs/lib/python3.12/site-packages/mbf_msgs'...
Compiling '/root/Shared/MIAPR_Projekt/colcon_ws/install/mbf_msgs/lib/python3.12/site-packages/mbf_msgs/__init__.py'...
Listing '/root/Shared/MIAPR_Projekt/colcon_ws/install/mbf_msgs/lib/python3.12/site-packages/mbf_msgs/action'...
Compiling '/root/Shared/MIAPR_Projekt/colcon_ws/install/mbf_msgs/lib/python3.12/site-packages/mbf_msgs/action/__init__.py'...
Compiling '/root/Shared/MIAPR_Projekt/colcon_ws/install/mbf_msgs/lib/python3.12/site-packages/mbf_msgs/action/_exe_path.py'...
Compiling '/root/Shared/MIAPR_Projekt/colcon_ws/install/mbf_msgs/lib/python3.12/site-packages/mbf_msgs/action/_get_path.py'...
Compiling '/root/Shared/MIAPR_Projekt/colcon_ws/install/mbf_msgs/lib/python3.12/site-packages/mbf_msgs/action/_move_base.py'...
Compiling '/root/Shared/MIAPR_Projekt/colcon_ws/install/mbf_msgs/lib/python3.12/site-packages/mbf_msgs/action/_recovery.py'...
Listing '/root/Shared/MIAPR_Projekt/colcon_ws/install/mbf_msgs/lib/python3.12/site-packages/mbf_msgs/srv'...
Compiling '/root/Shared/MIAPR_Projekt/colcon_ws/install/mbf_msgs/lib/python3.12/site-packages/mbf_msgs/srv/__init__.py'...
Compiling '/root/Shared/MIAPR_Projekt/colcon_ws/install/mbf_msgs/lib/python3.12/site-packages/mbf_msgs/srv/_check_path.py'...
Compiling '/root/Shared/MIAPR_Projekt/colcon_ws/install/mbf_msgs/lib/python3.12/site-packages/mbf_msgs/srv/_check_point.py'...
Compiling '/root/Shared/MIAPR_Projekt/colcon_ws/install/mbf_msgs/lib/python3.12/site-packages/mbf_msgs/srv/_check_pose.py'...
Compiling '/root/Shared/MIAPR_Projekt/colcon_ws/install/mbf_msgs/lib/python3.12/site-packages/mbf_msgs/srv/_find_valid_pose.py'...
Compiling '/root/Shared/MIAPR_Projekt/colcon_ws/install/mbf_msgs/lib/python3.12/site-packages/mbf_msgs/srv/_set_test_robot_state.py'...
-- Installing: /root/Shared/MIAPR_Projekt/colcon_ws/install/mbf_msgs/lib/libmbf_msgs__rosidl_generator_py.so
-- Set non-toolchain portion of runtime path of "/root/Shared/MIAPR_Projekt/colcon_ws/install/mbf_msgs/lib/libmbf_msgs__rosidl_generator_py.so" to ""
-- Installing: /root/Shared/MIAPR_Projekt/colcon_ws/install/mbf_msgs/share/mbf_msgs/cmake/export_mbf_msgs__rosidl_generator_cExport.cmake
-- Installing: /root/Shared/MIAPR_Projekt/colcon_ws/install/mbf_msgs/share/mbf_msgs/cmake/export_mbf_msgs__rosidl_generator_cExport-noconfig.cmake
-- Installing: /root/Shared/MIAPR_Projekt/colcon_ws/install/mbf_msgs/share/mbf_msgs/cmake/export_mbf_msgs__rosidl_typesupport_fastrtps_cExport.cmake
-- Installing: /root/Shared/MIAPR_Projekt/colcon_ws/install/mbf_msgs/share/mbf_msgs/cmake/export_mbf_msgs__rosidl_typesupport_fastrtps_cExport-noconfig.cmake
-- Installing: /root/Shared/MIAPR_Projekt/colcon_ws/install/mbf_msgs/share/mbf_msgs/cmake/mbf_msgs__rosidl_typesupport_introspection_cExport.cmake
-- Installing: /root/Shared/MIAPR_Projekt/colcon_ws/install/mbf_msgs/share/mbf_msgs/cmake/mbf_msgs__rosidl_typesupport_introspection_cExport-noconfig.cmake
-- Installing: /root/Shared/MIAPR_Projekt/colcon_ws/install/mbf_msgs/share/mbf_msgs/cmake/mbf_msgs__rosidl_typesupport_cExport.cmake
-- Installing: /root/Shared/MIAPR_Projekt/colcon_ws/install/mbf_msgs/share/mbf_msgs/cmake/mbf_msgs__rosidl_typesupport_cExport-noconfig.cmake
-- Installing: /root/Shared/MIAPR_Projekt/colcon_ws/install/mbf_msgs/share/mbf_msgs/cmake/export_mbf_msgs__rosidl_generator_cppExport.cmake
-- Installing: /root/Shared/MIAPR_Projekt/colcon_ws/install/mbf_msgs/share/mbf_msgs/cmake/export_mbf_msgs__rosidl_typesupport_fastrtps_cppExport.cmake
-- Installing: /root/Shared/MIAPR_Projekt/colcon_ws/install/mbf_msgs/share/mbf_msgs/cmake/export_mbf_msgs__rosidl_typesupport_fastrtps_cppExport-noconfig.cmake
-- Installing: /root/Shared/MIAPR_Projekt/colcon_ws/install/mbf_msgs/share/mbf_msgs/cmake/mbf_msgs__rosidl_typesupport_introspection_cppExport.cmake
-- Installing: /root/Shared/MIAPR_Projekt/colcon_ws/install/mbf_msgs/share/mbf_msgs/cmake/mbf_msgs__rosidl_typesupport_introspection_cppExport-noconfig.cmake
-- Installing: /root/Shared/MIAPR_Projekt/colcon_ws/install/mbf_msgs/share/mbf_msgs/cmake/mbf_msgs__rosidl_typesupport_cppExport.cmake
-- Installing: /root/Shared/MIAPR_Projekt/colcon_ws/install/mbf_msgs/share/mbf_msgs/cmake/mbf_msgs__rosidl_typesupport_cppExport-noconfig.cmake
-- Installing: /root/Shared/MIAPR_Projekt/colcon_ws/install/mbf_msgs/share/mbf_msgs/cmake/export_mbf_msgs__rosidl_generator_pyExport.cmake
-- Installing: /root/Shared/MIAPR_Projekt/colcon_ws/install/mbf_msgs/share/mbf_msgs/cmake/export_mbf_msgs__rosidl_generator_pyExport-noconfig.cmake
