[0.467s] Invoking command in '/root/Shared/MIAPR_Projekt/build/mbf_simple_core': AMENT_PREFIX_PATH=/root/Shared/MIAPR_Projekt/install/mbf_utility:/root/Shared/MIAPR_Projekt/install/mbf_msgs:/root/Shared/MIAPR_Projekt/install/mbf_abstract_core:${AMENT_PREFIX_PATH} CMAKE_PREFIX_PATH=/root/Shared/MIAPR_Projekt/install/mbf_utility:/root/Shared/MIAPR_Projekt/install/mbf_msgs:/root/Shared/MIAPR_Projekt/install/mbf_abstract_core:/opt/ros/jazzy/opt/gz_sim_vendor:/opt/ros/jazzy/opt/gz_sensors_vendor:/opt/ros/jazzy/opt/gz_physics_vendor:/opt/ros/jazzy/opt/sdformat_vendor:/opt/ros/jazzy/opt/gz_gui_vendor:/opt/ros/jazzy/opt/gz_transport_vendor:/opt/ros/jazzy/opt/gz_rendering_vendor:/opt/ros/jazzy/opt/gz_plugin_vendor:/opt/ros/jazzy/opt/gz_fuel_tools_vendor:/opt/ros/jazzy/opt/gz_msgs_vendor:/opt/ros/jazzy/opt/gz_common_vendor:/opt/ros/jazzy/opt/gz_math_vendor:/opt/ros/jazzy/opt/gz_utils_vendor:/opt/ros/jazzy/opt/gz_tools_vendor:/opt/ros/jazzy/opt/gz_ogre_next_vendor:/opt/ros/jazzy/opt/gz_dartsim_vendor:/opt/ros/jazzy/opt/gz_cmake_vendor:/opt/ros/jazzy LD_LIBRARY_PATH=/root/Shared/MIAPR_Projekt/install/mbf_utility/lib:/root/Shared/MIAPR_Projekt/install/mbf_msgs/lib:${LD_LIBRARY_PATH} PYTHONPATH=/root/Shared/MIAPR_Projekt/install/mbf_msgs/lib/python3.12/site-packages:${PYTHONPATH} /usr/bin/cmake /root/Shared/MIAPR_Projekt/colcon_ws/src/move_base_flex/mbf_simple_core -DCMAKE_INSTALL_PREFIX=/root/Shared/MIAPR_Projekt/install/mbf_simple_core
[1.641s] -- The C compiler identification is GNU 13.3.0
[1.775s] -- The CXX compiler identification is GNU 13.3.0
[1.813s] -- Detecting C compiler ABI info
[1.986s] -- Detecting C compiler ABI info - done
[1.996s] -- Check for working C compiler: /usr/bin/cc - skipped
[1.997s] -- Detecting C compile features
[1.999s] -- Detecting C compile features - done
[2.014s] -- Detecting CXX compiler ABI info
[2.189s] -- Detecting CXX compiler ABI info - done
[2.199s] -- Check for working CXX compiler: /usr/bin/c++ - skipped
[2.199s] -- Detecting CXX compile features
[2.200s] -- Detecting CXX compile features - done
[2.377s] -- Found ament_cmake: 2.5.5 (/opt/ros/jazzy/share/ament_cmake/cmake)
[2.721s] -- Found Python3: /usr/bin/python3 (found version "3.12.3") found components: Interpreter 
[3.212s] -- Found rclcpp: 28.1.16 (/opt/ros/jazzy/share/rclcpp/cmake)
[3.404s] -- Found rosidl_generator_c: 4.6.7 (/opt/ros/jazzy/share/rosidl_generator_c/cmake)
[3.450s] -- Found rosidl_generator_cpp: 4.6.7 (/opt/ros/jazzy/share/rosidl_generator_cpp/cmake)
[3.555s] -- Using all available rosidl_typesupport_c: rosidl_typesupport_fastrtps_c;rosidl_typesupport_introspection_c
[3.630s] -- Using all available rosidl_typesupport_cpp: rosidl_typesupport_fastrtps_cpp;rosidl_typesupport_introspection_cpp
[3.854s] -- Found rmw_implementation_cmake: 7.3.3 (/opt/ros/jazzy/share/rmw_implementation_cmake/cmake)
[3.867s] -- Found rmw_fastrtps_cpp: 8.4.3 (/opt/ros/jazzy/share/rmw_fastrtps_cpp/cmake)
[4.095s] -- Found OpenSSL: /usr/lib/x86_64-linux-gnu/libcrypto.so (found version "3.0.13")  
[4.136s] -- Found FastRTPS: /opt/ros/jazzy/include (Required is at least version "2.13") 
[4.179s] -- Using RMW implementation 'rmw_fastrtps_cpp' as default
[4.395s] -- Found geometry_msgs: 5.3.6 (/opt/ros/jazzy/share/geometry_msgs/cmake)
[4.453s] -- Found mbf_abstract_core: 1.0.5 (/root/Shared/MIAPR_Projekt/install/mbf_abstract_core/share/mbf_abstract_core/cmake)
[4.458s] -- Found mbf_utility: 1.0.5 (/root/Shared/MIAPR_Projekt/install/mbf_utility/share/mbf_utility/cmake)
[4.859s] -- Found eigen3_cmake_module: 0.3.0 (/opt/ros/jazzy/share/eigen3_cmake_module/cmake)
[4.861s] -- Found Eigen3: TRUE (found version "3.4.0") 
[4.861s] -- Ensuring Eigen3 include directory is part of orocos-kdl CMake target
[5.059s] -- Configuring done (4.5s)
[5.071s] -- Generating done (0.0s)
[5.076s] -- Build files have been written to: /root/Shared/MIAPR_Projekt/build/mbf_simple_core
[5.101s] Invoked command in '/root/Shared/MIAPR_Projekt/build/mbf_simple_core' returned '0': AMENT_PREFIX_PATH=/root/Shared/MIAPR_Projekt/install/mbf_utility:/root/Shared/MIAPR_Projekt/install/mbf_msgs:/root/Shared/MIAPR_Projekt/install/mbf_abstract_core:${AMENT_PREFIX_PATH} CMAKE_PREFIX_PATH=/root/Shared/MIAPR_Projekt/install/mbf_utility:/root/Shared/MIAPR_Projekt/install/mbf_msgs:/root/Shared/MIAPR_Projekt/install/mbf_abstract_core:/opt/ros/jazzy/opt/gz_sim_vendor:/opt/ros/jazzy/opt/gz_sensors_vendor:/opt/ros/jazzy/opt/gz_physics_vendor:/opt/ros/jazzy/opt/sdformat_vendor:/opt/ros/jazzy/opt/gz_gui_vendor:/opt/ros/jazzy/opt/gz_transport_vendor:/opt/ros/jazzy/opt/gz_rendering_vendor:/opt/ros/jazzy/opt/gz_plugin_vendor:/opt/ros/jazzy/opt/gz_fuel_tools_vendor:/opt/ros/jazzy/opt/gz_msgs_vendor:/opt/ros/jazzy/opt/gz_common_vendor:/opt/ros/jazzy/opt/gz_math_vendor:/opt/ros/jazzy/opt/gz_utils_vendor:/opt/ros/jazzy/opt/gz_tools_vendor:/opt/ros/jazzy/opt/gz_ogre_next_vendor:/opt/ros/jazzy/opt/gz_dartsim_vendor:/opt/ros/jazzy/opt/gz_cmake_vendor:/opt/ros/jazzy LD_LIBRARY_PATH=/root/Shared/MIAPR_Projekt/install/mbf_utility/lib:/root/Shared/MIAPR_Projekt/install/mbf_msgs/lib:${LD_LIBRARY_PATH} PYTHONPATH=/root/Shared/MIAPR_Projekt/install/mbf_msgs/lib/python3.12/site-packages:${PYTHONPATH} /usr/bin/cmake /root/Shared/MIAPR_Projekt/colcon_ws/src/move_base_flex/mbf_simple_core -DCMAKE_INSTALL_PREFIX=/root/Shared/MIAPR_Projekt/install/mbf_simple_core
[5.105s] Invoking command in '/root/Shared/MIAPR_Projekt/build/mbf_simple_core': AMENT_PREFIX_PATH=/root/Shared/MIAPR_Projekt/install/mbf_utility:/root/Shared/MIAPR_Projekt/install/mbf_msgs:/root/Shared/MIAPR_Projekt/install/mbf_abstract_core:${AMENT_PREFIX_PATH} CMAKE_PREFIX_PATH=/root/Shared/MIAPR_Projekt/install/mbf_utility:/root/Shared/MIAPR_Projekt/install/mbf_msgs:/root/Shared/MIAPR_Projekt/install/mbf_abstract_core:/opt/ros/jazzy/opt/gz_sim_vendor:/opt/ros/jazzy/opt/gz_sensors_vendor:/opt/ros/jazzy/opt/gz_physics_vendor:/opt/ros/jazzy/opt/sdformat_vendor:/opt/ros/jazzy/opt/gz_gui_vendor:/opt/ros/jazzy/opt/gz_transport_vendor:/opt/ros/jazzy/opt/gz_rendering_vendor:/opt/ros/jazzy/opt/gz_plugin_vendor:/opt/ros/jazzy/opt/gz_fuel_tools_vendor:/opt/ros/jazzy/opt/gz_msgs_vendor:/opt/ros/jazzy/opt/gz_common_vendor:/opt/ros/jazzy/opt/gz_math_vendor:/opt/ros/jazzy/opt/gz_utils_vendor:/opt/ros/jazzy/opt/gz_tools_vendor:/opt/ros/jazzy/opt/gz_ogre_next_vendor:/opt/ros/jazzy/opt/gz_dartsim_vendor:/opt/ros/jazzy/opt/gz_cmake_vendor:/opt/ros/jazzy LD_LIBRARY_PATH=/root/Shared/MIAPR_Projekt/install/mbf_utility/lib:/root/Shared/MIAPR_Projekt/install/mbf_msgs/lib:${LD_LIBRARY_PATH} PYTHONPATH=/root/Shared/MIAPR_Projekt/install/mbf_msgs/lib/python3.12/site-packages:${PYTHONPATH} /usr/bin/cmake --build /root/Shared/MIAPR_Projekt/build/mbf_simple_core -- -j12 -l12
[5.197s] Invoked command in '/root/Shared/MIAPR_Projekt/build/mbf_simple_core' returned '0': AMENT_PREFIX_PATH=/root/Shared/MIAPR_Projekt/install/mbf_utility:/root/Shared/MIAPR_Projekt/install/mbf_msgs:/root/Shared/MIAPR_Projekt/install/mbf_abstract_core:${AMENT_PREFIX_PATH} CMAKE_PREFIX_PATH=/root/Shared/MIAPR_Projekt/install/mbf_utility:/root/Shared/MIAPR_Projekt/install/mbf_msgs:/root/Shared/MIAPR_Projekt/install/mbf_abstract_core:/opt/ros/jazzy/opt/gz_sim_vendor:/opt/ros/jazzy/opt/gz_sensors_vendor:/opt/ros/jazzy/opt/gz_physics_vendor:/opt/ros/jazzy/opt/sdformat_vendor:/opt/ros/jazzy/opt/gz_gui_vendor:/opt/ros/jazzy/opt/gz_transport_vendor:/opt/ros/jazzy/opt/gz_rendering_vendor:/opt/ros/jazzy/opt/gz_plugin_vendor:/opt/ros/jazzy/opt/gz_fuel_tools_vendor:/opt/ros/jazzy/opt/gz_msgs_vendor:/opt/ros/jazzy/opt/gz_common_vendor:/opt/ros/jazzy/opt/gz_math_vendor:/opt/ros/jazzy/opt/gz_utils_vendor:/opt/ros/jazzy/opt/gz_tools_vendor:/opt/ros/jazzy/opt/gz_ogre_next_vendor:/opt/ros/jazzy/opt/gz_dartsim_vendor:/opt/ros/jazzy/opt/gz_cmake_vendor:/opt/ros/jazzy LD_LIBRARY_PATH=/root/Shared/MIAPR_Projekt/install/mbf_utility/lib:/root/Shared/MIAPR_Projekt/install/mbf_msgs/lib:${LD_LIBRARY_PATH} PYTHONPATH=/root/Shared/MIAPR_Projekt/install/mbf_msgs/lib/python3.12/site-packages:${PYTHONPATH} /usr/bin/cmake --build /root/Shared/MIAPR_Projekt/build/mbf_simple_core -- -j12 -l12
[5.199s] Invoking command in '/root/Shared/MIAPR_Projekt/build/mbf_simple_core': AMENT_PREFIX_PATH=/root/Shared/MIAPR_Projekt/install/mbf_utility:/root/Shared/MIAPR_Projekt/install/mbf_msgs:/root/Shared/MIAPR_Projekt/install/mbf_abstract_core:${AMENT_PREFIX_PATH} CMAKE_PREFIX_PATH=/root/Shared/MIAPR_Projekt/install/mbf_utility:/root/Shared/MIAPR_Projekt/install/mbf_msgs:/root/Shared/MIAPR_Projekt/install/mbf_abstract_core:/opt/ros/jazzy/opt/gz_sim_vendor:/opt/ros/jazzy/opt/gz_sensors_vendor:/opt/ros/jazzy/opt/gz_physics_vendor:/opt/ros/jazzy/opt/sdformat_vendor:/opt/ros/jazzy/opt/gz_gui_vendor:/opt/ros/jazzy/opt/gz_transport_vendor:/opt/ros/jazzy/opt/gz_rendering_vendor:/opt/ros/jazzy/opt/gz_plugin_vendor:/opt/ros/jazzy/opt/gz_fuel_tools_vendor:/opt/ros/jazzy/opt/gz_msgs_vendor:/opt/ros/jazzy/opt/gz_common_vendor:/opt/ros/jazzy/opt/gz_math_vendor:/opt/ros/jazzy/opt/gz_utils_vendor:/opt/ros/jazzy/opt/gz_tools_vendor:/opt/ros/jazzy/opt/gz_ogre_next_vendor:/opt/ros/jazzy/opt/gz_dartsim_vendor:/opt/ros/jazzy/opt/gz_cmake_vendor:/opt/ros/jazzy LD_LIBRARY_PATH=/root/Shared/MIAPR_Projekt/install/mbf_utility/lib:/root/Shared/MIAPR_Projekt/install/mbf_msgs/lib:${LD_LIBRARY_PATH} PYTHONPATH=/root/Shared/MIAPR_Projekt/install/mbf_msgs/lib/python3.12/site-packages:${PYTHONPATH} /usr/bin/cmake --install /root/Shared/MIAPR_Projekt/build/mbf_simple_core
[5.212s] -- Install configuration: ""
[5.212s] -- Installing: /root/Shared/MIAPR_Projekt/install/mbf_simple_core/include
[5.213s] -- Installing: /root/Shared/MIAPR_Projekt/install/mbf_simple_core/include/mbf_simple_core
[5.213s] -- Installing: /root/Shared/MIAPR_Projekt/install/mbf_simple_core/include/mbf_simple_core/simple_recovery.h
[5.214s] -- Installing: /root/Shared/MIAPR_Projekt/install/mbf_simple_core/include/mbf_simple_core/simple_controller.h
[5.214s] -- Installing: /root/Shared/MIAPR_Projekt/install/mbf_simple_core/include/mbf_simple_core/simple_planner.h
[5.216s] -- Installing: /root/Shared/MIAPR_Projekt/install/mbf_simple_core/share/ament_index/resource_index/package_run_dependencies/mbf_simple_core
[5.216s] -- Installing: /root/Shared/MIAPR_Projekt/install/mbf_simple_core/share/ament_index/resource_index/parent_prefix_path/mbf_simple_core
[5.216s] -- Installing: /root/Shared/MIAPR_Projekt/install/mbf_simple_core/share/mbf_simple_core/environment/ament_prefix_path.sh
[5.217s] -- Installing: /root/Shared/MIAPR_Projekt/install/mbf_simple_core/share/mbf_simple_core/environment/ament_prefix_path.dsv
[5.217s] -- Installing: /root/Shared/MIAPR_Projekt/install/mbf_simple_core/share/mbf_simple_core/environment/path.sh
[5.217s] -- Installing: /root/Shared/MIAPR_Projekt/install/mbf_simple_core/share/mbf_simple_core/environment/path.dsv
[5.217s] -- Installing: /root/Shared/MIAPR_Projekt/install/mbf_simple_core/share/mbf_simple_core/local_setup.bash
[5.217s] -- Installing: /root/Shared/MIAPR_Projekt/install/mbf_simple_core/share/mbf_simple_core/local_setup.sh
[5.218s] -- Installing: /root/Shared/MIAPR_Projekt/install/mbf_simple_core/share/mbf_simple_core/local_setup.zsh
[5.218s] -- Installing: /root/Shared/MIAPR_Projekt/install/mbf_simple_core/share/mbf_simple_core/local_setup.dsv
[5.219s] -- Installing: /root/Shared/MIAPR_Projekt/install/mbf_simple_core/share/mbf_simple_core/package.dsv
[5.219s] -- Installing: /root/Shared/MIAPR_Projekt/install/mbf_simple_core/share/ament_index/resource_index/packages/mbf_simple_core
[5.219s] -- Installing: /root/Shared/MIAPR_Projekt/install/mbf_simple_core/share/mbf_simple_core/cmake/ament_cmake_export_include_directories-extras.cmake
[5.220s] -- Installing: /root/Shared/MIAPR_Projekt/install/mbf_simple_core/share/mbf_simple_core/cmake/ament_cmake_export_dependencies-extras.cmake
[5.220s] -- Installing: /root/Shared/MIAPR_Projekt/install/mbf_simple_core/share/mbf_simple_core/cmake/mbf_simple_coreConfig.cmake
[5.220s] -- Installing: /root/Shared/MIAPR_Projekt/install/mbf_simple_core/share/mbf_simple_core/cmake/mbf_simple_coreConfig-version.cmake
[5.220s] -- Installing: /root/Shared/MIAPR_Projekt/install/mbf_simple_core/share/mbf_simple_core/package.xml
[5.228s] Invoked command in '/root/Shared/MIAPR_Projekt/build/mbf_simple_core' returned '0': AMENT_PREFIX_PATH=/root/Shared/MIAPR_Projekt/install/mbf_utility:/root/Shared/MIAPR_Projekt/install/mbf_msgs:/root/Shared/MIAPR_Projekt/install/mbf_abstract_core:${AMENT_PREFIX_PATH} CMAKE_PREFIX_PATH=/root/Shared/MIAPR_Projekt/install/mbf_utility:/root/Shared/MIAPR_Projekt/install/mbf_msgs:/root/Shared/MIAPR_Projekt/install/mbf_abstract_core:/opt/ros/jazzy/opt/gz_sim_vendor:/opt/ros/jazzy/opt/gz_sensors_vendor:/opt/ros/jazzy/opt/gz_physics_vendor:/opt/ros/jazzy/opt/sdformat_vendor:/opt/ros/jazzy/opt/gz_gui_vendor:/opt/ros/jazzy/opt/gz_transport_vendor:/opt/ros/jazzy/opt/gz_rendering_vendor:/opt/ros/jazzy/opt/gz_plugin_vendor:/opt/ros/jazzy/opt/gz_fuel_tools_vendor:/opt/ros/jazzy/opt/gz_msgs_vendor:/opt/ros/jazzy/opt/gz_common_vendor:/opt/ros/jazzy/opt/gz_math_vendor:/opt/ros/jazzy/opt/gz_utils_vendor:/opt/ros/jazzy/opt/gz_tools_vendor:/opt/ros/jazzy/opt/gz_ogre_next_vendor:/opt/ros/jazzy/opt/gz_dartsim_vendor:/opt/ros/jazzy/opt/gz_cmake_vendor:/opt/ros/jazzy LD_LIBRARY_PATH=/root/Shared/MIAPR_Projekt/install/mbf_utility/lib:/root/Shared/MIAPR_Projekt/install/mbf_msgs/lib:${LD_LIBRARY_PATH} PYTHONPATH=/root/Shared/MIAPR_Projekt/install/mbf_msgs/lib/python3.12/site-packages:${PYTHONPATH} /usr/bin/cmake --install /root/Shared/MIAPR_Projekt/build/mbf_simple_core
