[0.016s] Invoking command in '/root/Shared/MIAPR_Projekt/build/rviz_mbf_plugins': AMENT_PREFIX_PATH=/root/Shared/MIAPR_Projekt/install/mbf_msgs:${AMENT_PREFIX_PATH} CMAKE_PREFIX_PATH=/root/Shared/MIAPR_Projekt/install/mbf_msgs:/opt/ros/jazzy/opt/gz_sim_vendor:/opt/ros/jazzy/opt/gz_sensors_vendor:/opt/ros/jazzy/opt/gz_physics_vendor:/opt/ros/jazzy/opt/sdformat_vendor:/opt/ros/jazzy/opt/gz_gui_vendor:/opt/ros/jazzy/opt/gz_transport_vendor:/opt/ros/jazzy/opt/gz_rendering_vendor:/opt/ros/jazzy/opt/gz_plugin_vendor:/opt/ros/jazzy/opt/gz_fuel_tools_vendor:/opt/ros/jazzy/opt/gz_msgs_vendor:/opt/ros/jazzy/opt/gz_common_vendor:/opt/ros/jazzy/opt/gz_math_vendor:/opt/ros/jazzy/opt/gz_utils_vendor:/opt/ros/jazzy/opt/gz_tools_vendor:/opt/ros/jazzy/opt/gz_ogre_next_vendor:/opt/ros/jazzy/opt/gz_dartsim_vendor:/opt/ros/jazzy/opt/gz_cmake_vendor:/opt/ros/jazzy LD_LIBRARY_PATH=/root/Shared/MIAPR_Projekt/install/mbf_msgs/lib:${LD_LIBRARY_PATH} PYTHONPATH=/root/Shared/MIAPR_Projekt/install/mbf_msgs/lib/python3.12/site-packages:${PYTHONPATH} /usr/bin/cmake /root/Shared/MIAPR_Projekt/colcon_ws/src/move_base_flex/rviz_mbf_plugins -DCMAKE_INSTALL_PREFIX=/root/Shared/MIAPR_Projekt/install/rviz_mbf_plugins
[0.114s] -- The C compiler identification is GNU 13.3.0
[0.230s] -- The CXX compiler identification is GNU 13.3.0
[0.254s] -- Detecting C compiler ABI info
[0.414s] -- Detecting C compiler ABI info - done
[0.427s] -- Check for working C compiler: /usr/bin/cc - skipped
[0.428s] -- Detecting C compile features
[0.428s] -- Detecting C compile features - done
[0.443s] -- Detecting CXX compiler ABI info
[0.617s] -- Detecting CXX compiler ABI info - done
[0.628s] -- Check for working CXX compiler: /usr/bin/c++ - skipped
[0.628s] -- Detecting CXX compile features
[0.628s] -- Detecting CXX compile features - done
[0.636s] -- Found ament_cmake: 2.5.5 (/opt/ros/jazzy/share/ament_cmake/cmake)
[0.911s] -- Found Python3: /usr/bin/python3 (found version "3.12.3") found components: Interpreter 
[1.118s] -- Found rclcpp: 28.1.16 (/opt/ros/jazzy/share/rclcpp/cmake)
[1.221s] -- Found rosidl_generator_c: 4.6.7 (/opt/ros/jazzy/share/rosidl_generator_c/cmake)
[1.254s] -- Found rosidl_generator_cpp: 4.6.7 (/opt/ros/jazzy/share/rosidl_generator_cpp/cmake)
[1.287s] -- Using all available rosidl_typesupport_c: rosidl_typesupport_fastrtps_c;rosidl_typesupport_introspection_c
[1.321s] -- Using all available rosidl_typesupport_cpp: rosidl_typesupport_fastrtps_cpp;rosidl_typesupport_introspection_cpp
[1.458s] -- Found rmw_implementation_cmake: 7.3.3 (/opt/ros/jazzy/share/rmw_implementation_cmake/cmake)
[1.466s] -- Found rmw_fastrtps_cpp: 8.4.3 (/opt/ros/jazzy/share/rmw_fastrtps_cpp/cmake)
[1.625s] -- Found OpenSSL: /usr/lib/x86_64-linux-gnu/libcrypto.so (found version "3.0.13")  
[1.651s] -- Found FastRTPS: /opt/ros/jazzy/include (Required is at least version "2.13") 
[1.684s] -- Using RMW implementation 'rmw_fastrtps_cpp' as default
[1.808s] -- Found rclcpp_action: 28.1.16 (/opt/ros/jazzy/share/rclcpp_action/cmake)
[1.900s] -- Found pluginlib: 5.4.4 (/opt/ros/jazzy/share/pluginlib/cmake)
[1.950s] -- Found geometry_msgs: 5.3.6 (/opt/ros/jazzy/share/geometry_msgs/cmake)
[2.006s] -- Found mbf_msgs: 1.0.5 (/root/Shared/MIAPR_Projekt/install/mbf_msgs/share/mbf_msgs/cmake)
[2.102s] -- Found rviz_common: 14.1.19 (/opt/ros/jazzy/share/rviz_common/cmake)
[2.150s] -- Setting OGRE_DIR to: '/opt/ros/jazzy/share/rviz_ogre_vendor/cmake/../../../opt/rviz_ogre_vendor/lib/OGRE/cmake'
[2.152s] -- Found OGRE
[2.152s] --   static     : OFF
[2.152s] --   components : MeshLodGenerator;Overlay;Paging;Property;RTShaderSystem;Terrain;Volume
[2.152s] --   plugins    : Plugin_BSPSceneManager;Plugin_OctreeSceneManager;Plugin_PCZSceneManager;Plugin_ParticleFX;RenderSystem_GL;RenderSystem_GL3Plus;Codec_STBI
[2.152s] --   media      : /opt/ros/jazzy/opt/rviz_ogre_vendor/share/OGRE/Media
[2.152s] -- OGRE_LIBRARIES: OgreMeshLodGenerator;OgreOverlay;OgrePaging;OgreProperty;OgreRTShaderSystem;OgreTerrain;OgreVolume;OgreMain
[2.153s] -- OGRE_LIBRARY_DIRS: /opt/ros/jazzy/opt/rviz_ogre_vendor/lib
[2.153s] -- OGRE_PLUGINS: Plugin_BSPSceneManager;Plugin_OctreeSceneManager;Plugin_PCZSceneManager;Plugin_ParticleFX;RenderSystem_GL;RenderSystem_GL3Plus;Codec_STBI
[2.153s] -- OGRE_PLUGIN_DIR: /opt/ros/jazzy/opt/rviz_ogre_vendor/lib/OGRE
[2.153s] -- rviz_ogre_vendor::OgreOverlay for IMPORTED_LOCATION_RELEASE: /opt/ros/jazzy/opt/rviz_ogre_vendor/lib/libOgreOverlay.so
[2.153s] -- rviz_ogre_vendor::OgreOverlay for IMPORTED_LOCATION_DEBUG: /opt/ros/jazzy/opt/rviz_ogre_vendor/lib/libOgreOverlay.so
[2.153s] -- rviz_ogre_vendor::OgreMain for IMPORTED_LOCATION_RELEASE: /opt/ros/jazzy/opt/rviz_ogre_vendor/lib/libOgreMain.so
[2.153s] -- rviz_ogre_vendor::OgreMain for IMPORTED_LOCATION_DEBUG: /opt/ros/jazzy/opt/rviz_ogre_vendor/lib/libOgreMain.so
[2.203s] -- Found ZLIB: /usr/lib/x86_64-linux-gnu/libz.so (found version "1.3")  
[2.222s] -- Found OpenGL: /usr/lib/x86_64-linux-gnu/libOpenGL.so   
[2.490s] -- Found X11: /usr/include   
[2.491s] -- Looking for XOpenDisplay in /usr/lib/x86_64-linux-gnu/libX11.so;/usr/lib/x86_64-linux-gnu/libXext.so
[2.660s] -- Looking for XOpenDisplay in /usr/lib/x86_64-linux-gnu/libX11.so;/usr/lib/x86_64-linux-gnu/libXext.so - found
[2.660s] -- Looking for gethostbyname
[2.859s] -- Looking for gethostbyname - found
[2.859s] -- Looking for connect
[3.041s] -- Looking for connect - found
[3.043s] -- Looking for remove
[3.208s] -- Looking for remove - found
[3.209s] -- Looking for shmat
[3.394s] -- Looking for shmat - found
[3.394s] -- Looking for IceConnectionNumber in ICE
[3.637s] -- Looking for IceConnectionNumber in ICE - found
[4.039s] -- Setting yaml-cpp_DIR to: '/opt/ros/jazzy/share/yaml_cpp_vendor/cmake/../../../opt/yaml_cpp_vendor/share/cmake/yaml-cpp'
[4.317s] -- Configuring done (4.3s)
[4.394s] -- Generating done (0.1s)
[4.410s] -- Build files have been written to: /root/Shared/MIAPR_Projekt/build/rviz_mbf_plugins
[4.449s] Invoked command in '/root/Shared/MIAPR_Projekt/build/rviz_mbf_plugins' returned '0': AMENT_PREFIX_PATH=/root/Shared/MIAPR_Projekt/install/mbf_msgs:${AMENT_PREFIX_PATH} CMAKE_PREFIX_PATH=/root/Shared/MIAPR_Projekt/install/mbf_msgs:/opt/ros/jazzy/opt/gz_sim_vendor:/opt/ros/jazzy/opt/gz_sensors_vendor:/opt/ros/jazzy/opt/gz_physics_vendor:/opt/ros/jazzy/opt/sdformat_vendor:/opt/ros/jazzy/opt/gz_gui_vendor:/opt/ros/jazzy/opt/gz_transport_vendor:/opt/ros/jazzy/opt/gz_rendering_vendor:/opt/ros/jazzy/opt/gz_plugin_vendor:/opt/ros/jazzy/opt/gz_fuel_tools_vendor:/opt/ros/jazzy/opt/gz_msgs_vendor:/opt/ros/jazzy/opt/gz_common_vendor:/opt/ros/jazzy/opt/gz_math_vendor:/opt/ros/jazzy/opt/gz_utils_vendor:/opt/ros/jazzy/opt/gz_tools_vendor:/opt/ros/jazzy/opt/gz_ogre_next_vendor:/opt/ros/jazzy/opt/gz_dartsim_vendor:/opt/ros/jazzy/opt/gz_cmake_vendor:/opt/ros/jazzy LD_LIBRARY_PATH=/root/Shared/MIAPR_Projekt/install/mbf_msgs/lib:${LD_LIBRARY_PATH} PYTHONPATH=/root/Shared/MIAPR_Projekt/install/mbf_msgs/lib/python3.12/site-packages:${PYTHONPATH} /usr/bin/cmake /root/Shared/MIAPR_Projekt/colcon_ws/src/move_base_flex/rviz_mbf_plugins -DCMAKE_INSTALL_PREFIX=/root/Shared/MIAPR_Projekt/install/rviz_mbf_plugins
[4.451s] Invoking command in '/root/Shared/MIAPR_Projekt/build/rviz_mbf_plugins': AMENT_PREFIX_PATH=/root/Shared/MIAPR_Projekt/install/mbf_msgs:${AMENT_PREFIX_PATH} CMAKE_PREFIX_PATH=/root/Shared/MIAPR_Projekt/install/mbf_msgs:/opt/ros/jazzy/opt/gz_sim_vendor:/opt/ros/jazzy/opt/gz_sensors_vendor:/opt/ros/jazzy/opt/gz_physics_vendor:/opt/ros/jazzy/opt/sdformat_vendor:/opt/ros/jazzy/opt/gz_gui_vendor:/opt/ros/jazzy/opt/gz_transport_vendor:/opt/ros/jazzy/opt/gz_rendering_vendor:/opt/ros/jazzy/opt/gz_plugin_vendor:/opt/ros/jazzy/opt/gz_fuel_tools_vendor:/opt/ros/jazzy/opt/gz_msgs_vendor:/opt/ros/jazzy/opt/gz_common_vendor:/opt/ros/jazzy/opt/gz_math_vendor:/opt/ros/jazzy/opt/gz_utils_vendor:/opt/ros/jazzy/opt/gz_tools_vendor:/opt/ros/jazzy/opt/gz_ogre_next_vendor:/opt/ros/jazzy/opt/gz_dartsim_vendor:/opt/ros/jazzy/opt/gz_cmake_vendor:/opt/ros/jazzy LD_LIBRARY_PATH=/root/Shared/MIAPR_Projekt/install/mbf_msgs/lib:${LD_LIBRARY_PATH} PYTHONPATH=/root/Shared/MIAPR_Projekt/install/mbf_msgs/lib/python3.12/site-packages:${PYTHONPATH} /usr/bin/cmake --build /root/Shared/MIAPR_Projekt/build/rviz_mbf_plugins -- -j12 -l12
[4.617s] [ 25%] [34m[1mGenerating include/rviz_mbf_plugins/moc_mbf_goal_actions_panel.cpp[0m
[4.724s] [ 50%] [32mBuilding CXX object CMakeFiles/rviz_mbf_plugins.dir/include/rviz_mbf_plugins/moc_mbf_goal_actions_panel.cpp.o[0m
[4.739s] [ 75%] [32mBuilding CXX object CMakeFiles/rviz_mbf_plugins.dir/src/mbf_goal_actions_panel.cpp.o[0m
[155.668s] [100%] [32m[1mLinking CXX shared library librviz_mbf_plugins.so[0m
[158.509s] [100%] Built target rviz_mbf_plugins
[158.563s] Invoked command in '/root/Shared/MIAPR_Projekt/build/rviz_mbf_plugins' returned '0': AMENT_PREFIX_PATH=/root/Shared/MIAPR_Projekt/install/mbf_msgs:${AMENT_PREFIX_PATH} CMAKE_PREFIX_PATH=/root/Shared/MIAPR_Projekt/install/mbf_msgs:/opt/ros/jazzy/opt/gz_sim_vendor:/opt/ros/jazzy/opt/gz_sensors_vendor:/opt/ros/jazzy/opt/gz_physics_vendor:/opt/ros/jazzy/opt/sdformat_vendor:/opt/ros/jazzy/opt/gz_gui_vendor:/opt/ros/jazzy/opt/gz_transport_vendor:/opt/ros/jazzy/opt/gz_rendering_vendor:/opt/ros/jazzy/opt/gz_plugin_vendor:/opt/ros/jazzy/opt/gz_fuel_tools_vendor:/opt/ros/jazzy/opt/gz_msgs_vendor:/opt/ros/jazzy/opt/gz_common_vendor:/opt/ros/jazzy/opt/gz_math_vendor:/opt/ros/jazzy/opt/gz_utils_vendor:/opt/ros/jazzy/opt/gz_tools_vendor:/opt/ros/jazzy/opt/gz_ogre_next_vendor:/opt/ros/jazzy/opt/gz_dartsim_vendor:/opt/ros/jazzy/opt/gz_cmake_vendor:/opt/ros/jazzy LD_LIBRARY_PATH=/root/Shared/MIAPR_Projekt/install/mbf_msgs/lib:${LD_LIBRARY_PATH} PYTHONPATH=/root/Shared/MIAPR_Projekt/install/mbf_msgs/lib/python3.12/site-packages:${PYTHONPATH} /usr/bin/cmake --build /root/Shared/MIAPR_Projekt/build/rviz_mbf_plugins -- -j12 -l12
[158.566s] Invoking command in '/root/Shared/MIAPR_Projekt/build/rviz_mbf_plugins': AMENT_PREFIX_PATH=/root/Shared/MIAPR_Projekt/install/mbf_msgs:${AMENT_PREFIX_PATH} CMAKE_PREFIX_PATH=/root/Shared/MIAPR_Projekt/install/mbf_msgs:/opt/ros/jazzy/opt/gz_sim_vendor:/opt/ros/jazzy/opt/gz_sensors_vendor:/opt/ros/jazzy/opt/gz_physics_vendor:/opt/ros/jazzy/opt/sdformat_vendor:/opt/ros/jazzy/opt/gz_gui_vendor:/opt/ros/jazzy/opt/gz_transport_vendor:/opt/ros/jazzy/opt/gz_rendering_vendor:/opt/ros/jazzy/opt/gz_plugin_vendor:/opt/ros/jazzy/opt/gz_fuel_tools_vendor:/opt/ros/jazzy/opt/gz_msgs_vendor:/opt/ros/jazzy/opt/gz_common_vendor:/opt/ros/jazzy/opt/gz_math_vendor:/opt/ros/jazzy/opt/gz_utils_vendor:/opt/ros/jazzy/opt/gz_tools_vendor:/opt/ros/jazzy/opt/gz_ogre_next_vendor:/opt/ros/jazzy/opt/gz_dartsim_vendor:/opt/ros/jazzy/opt/gz_cmake_vendor:/opt/ros/jazzy LD_LIBRARY_PATH=/root/Shared/MIAPR_Projekt/install/mbf_msgs/lib:${LD_LIBRARY_PATH} PYTHONPATH=/root/Shared/MIAPR_Projekt/install/mbf_msgs/lib/python3.12/site-packages:${PYTHONPATH} /usr/bin/cmake --install /root/Shared/MIAPR_Projekt/build/rviz_mbf_plugins
[158.579s] -- Install configuration: ""
[158.580s] -- Installing: /root/Shared/MIAPR_Projekt/install/rviz_mbf_plugins/share/rviz_mbf_plugins/plugins_description.xml
[158.580s] -- Installing: /root/Shared/MIAPR_Projekt/install/rviz_mbf_plugins/lib/librviz_mbf_plugins.so
[158.589s] -- Set non-toolchain portion of runtime path of "/root/Shared/MIAPR_Projekt/install/rviz_mbf_plugins/lib/librviz_mbf_plugins.so" to ""
[158.589s] -- Installing: /root/Shared/MIAPR_Projekt/install/rviz_mbf_plugins/include
[158.589s] -- Installing: /root/Shared/MIAPR_Projekt/install/rviz_mbf_plugins/include/rviz_mbf_plugins
[158.589s] -- Installing: /root/Shared/MIAPR_Projekt/install/rviz_mbf_plugins/include/rviz_mbf_plugins/mbf_goal_actions_panel.hpp
[158.590s] -- Up-to-date: /root/Shared/MIAPR_Projekt/install/rviz_mbf_plugins/share/rviz_mbf_plugins/plugins_description.xml
[158.590s] -- Installing: /root/Shared/MIAPR_Projekt/install/rviz_mbf_plugins/share/rviz_mbf_plugins/environment/library_path.sh
[158.590s] -- Installing: /root/Shared/MIAPR_Projekt/install/rviz_mbf_plugins/share/rviz_mbf_plugins/environment/library_path.dsv
[158.592s] -- Installing: /root/Shared/MIAPR_Projekt/install/rviz_mbf_plugins/share/ament_index/resource_index/package_run_dependencies/rviz_mbf_plugins
[158.592s] -- Installing: /root/Shared/MIAPR_Projekt/install/rviz_mbf_plugins/share/ament_index/resource_index/parent_prefix_path/rviz_mbf_plugins
[158.593s] -- Installing: /root/Shared/MIAPR_Projekt/install/rviz_mbf_plugins/share/rviz_mbf_plugins/environment/ament_prefix_path.sh
[158.593s] -- Installing: /root/Shared/MIAPR_Projekt/install/rviz_mbf_plugins/share/rviz_mbf_plugins/environment/ament_prefix_path.dsv
[158.593s] -- Installing: /root/Shared/MIAPR_Projekt/install/rviz_mbf_plugins/share/rviz_mbf_plugins/environment/path.sh
[158.594s] -- Installing: /root/Shared/MIAPR_Projekt/install/rviz_mbf_plugins/share/rviz_mbf_plugins/environment/path.dsv
[158.594s] -- Installing: /root/Shared/MIAPR_Projekt/install/rviz_mbf_plugins/share/rviz_mbf_plugins/local_setup.bash
[158.594s] -- Installing: /root/Shared/MIAPR_Projekt/install/rviz_mbf_plugins/share/rviz_mbf_plugins/local_setup.sh
[158.595s] -- Installing: /root/Shared/MIAPR_Projekt/install/rviz_mbf_plugins/share/rviz_mbf_plugins/local_setup.zsh
[158.595s] -- Installing: /root/Shared/MIAPR_Projekt/install/rviz_mbf_plugins/share/rviz_mbf_plugins/local_setup.dsv
[158.595s] -- Installing: /root/Shared/MIAPR_Projekt/install/rviz_mbf_plugins/share/rviz_mbf_plugins/package.dsv
[158.596s] -- Installing: /root/Shared/MIAPR_Projekt/install/rviz_mbf_plugins/share/ament_index/resource_index/packages/rviz_mbf_plugins
[158.596s] -- Installing: /root/Shared/MIAPR_Projekt/install/rviz_mbf_plugins/share/ament_index/resource_index/rviz_common__pluginlib__plugin/rviz_mbf_plugins
[158.597s] -- Installing: /root/Shared/MIAPR_Projekt/install/rviz_mbf_plugins/share/rviz_mbf_plugins/cmake/export_rviz_mbf_pluginsExport.cmake
[158.597s] -- Installing: /root/Shared/MIAPR_Projekt/install/rviz_mbf_plugins/share/rviz_mbf_plugins/cmake/export_rviz_mbf_pluginsExport-noconfig.cmake
[158.598s] -- Installing: /root/Shared/MIAPR_Projekt/install/rviz_mbf_plugins/share/rviz_mbf_plugins/cmake/ament_cmake_export_include_directories-extras.cmake
[158.599s] -- Installing: /root/Shared/MIAPR_Projekt/install/rviz_mbf_plugins/share/rviz_mbf_plugins/cmake/ament_cmake_export_targets-extras.cmake
[158.599s] -- Installing: /root/Shared/MIAPR_Projekt/install/rviz_mbf_plugins/share/rviz_mbf_plugins/cmake/rviz_mbf_pluginsConfig.cmake
[158.599s] -- Installing: /root/Shared/MIAPR_Projekt/install/rviz_mbf_plugins/share/rviz_mbf_plugins/cmake/rviz_mbf_pluginsConfig-version.cmake
[158.599s] -- Installing: /root/Shared/MIAPR_Projekt/install/rviz_mbf_plugins/share/rviz_mbf_plugins/package.xml
[158.603s] Invoked command in '/root/Shared/MIAPR_Projekt/build/rviz_mbf_plugins' returned '0': AMENT_PREFIX_PATH=/root/Shared/MIAPR_Projekt/install/mbf_msgs:${AMENT_PREFIX_PATH} CMAKE_PREFIX_PATH=/root/Shared/MIAPR_Projekt/install/mbf_msgs:/opt/ros/jazzy/opt/gz_sim_vendor:/opt/ros/jazzy/opt/gz_sensors_vendor:/opt/ros/jazzy/opt/gz_physics_vendor:/opt/ros/jazzy/opt/sdformat_vendor:/opt/ros/jazzy/opt/gz_gui_vendor:/opt/ros/jazzy/opt/gz_transport_vendor:/opt/ros/jazzy/opt/gz_rendering_vendor:/opt/ros/jazzy/opt/gz_plugin_vendor:/opt/ros/jazzy/opt/gz_fuel_tools_vendor:/opt/ros/jazzy/opt/gz_msgs_vendor:/opt/ros/jazzy/opt/gz_common_vendor:/opt/ros/jazzy/opt/gz_math_vendor:/opt/ros/jazzy/opt/gz_utils_vendor:/opt/ros/jazzy/opt/gz_tools_vendor:/opt/ros/jazzy/opt/gz_ogre_next_vendor:/opt/ros/jazzy/opt/gz_dartsim_vendor:/opt/ros/jazzy/opt/gz_cmake_vendor:/opt/ros/jazzy LD_LIBRARY_PATH=/root/Shared/MIAPR_Projekt/install/mbf_msgs/lib:${LD_LIBRARY_PATH} PYTHONPATH=/root/Shared/MIAPR_Projekt/install/mbf_msgs/lib/python3.12/site-packages:${PYTHONPATH} /usr/bin/cmake --install /root/Shared/MIAPR_Projekt/build/rviz_mbf_plugins
