[  6%] Built target gtest
[ 19%] Built target gmock_main
[ 19%] Built target gtest_main
[ 29%] Built target gmock
[ 61%] Built target mbf_abstract_server
[ 67%] Built target abstract_controller_execution_test
[ 74%] Built target abstract_plugin_manager_test
[ 80%] Built target planner_action_test
[ 87%] Built target mbf_abstract_server_gtest
[100%] Built target abstract_action_base_test
[100%] Built target abstract_planner_execution_test
-- Install configuration: ""
-- Execute custom install script
-- Up-to-date symlink: /root/Shared/MIAPR_Projekt/colcon_ws/install/mbf_abstract_nav/lib/libmbf_abstract_server.so
-- Up-to-date symlink: /root/Shared/MIAPR_Projekt/colcon_ws/install/mbf_abstract_nav/include/mbf_abstract_nav/abstract_action_base.hpp
-- Up-to-date symlink: /root/Shared/MIAPR_Projekt/colcon_ws/install/mbf_abstract_nav/include/mbf_abstract_nav/abstract_controller_execution.h
-- Up-to-date symlink: /root/Shared/MIAPR_Projekt/colcon_ws/install/mbf_abstract_nav/include/mbf_abstract_nav/abstract_execution_base.h
-- Up-to-date symlink: /root/Shared/MIAPR_Projekt/colcon_ws/install/mbf_abstract_nav/include/mbf_abstract_nav/abstract_navigation_server.h
-- Up-to-date symlink: /root/Shared/MIAPR_Projekt/colcon_ws/install/mbf_abstract_nav/include/mbf_abstract_nav/abstract_planner_execution.h
-- Up-to-date symlink: /root/Shared/MIAPR_Projekt/colcon_ws/install/mbf_abstract_nav/include/mbf_abstract_nav/abstract_plugin_manager.h
-- Up-to-date symlink: /root/Shared/MIAPR_Projekt/colcon_ws/install/mbf_abstract_nav/include/mbf_abstract_nav/abstract_recovery_execution.h
-- Up-to-date symlink: /root/Shared/MIAPR_Projekt/colcon_ws/install/mbf_abstract_nav/include/mbf_abstract_nav/controller_action.h
-- Up-to-date symlink: /root/Shared/MIAPR_Projekt/colcon_ws/install/mbf_abstract_nav/include/mbf_abstract_nav/impl/abstract_plugin_manager.tcc
-- Up-to-date symlink: /root/Shared/MIAPR_Projekt/colcon_ws/install/mbf_abstract_nav/include/mbf_abstract_nav/move_base_action.h
-- Up-to-date symlink: /root/Shared/MIAPR_Projekt/colcon_ws/install/mbf_abstract_nav/include/mbf_abstract_nav/planner_action.h
-- Up-to-date symlink: /root/Shared/MIAPR_Projekt/colcon_ws/install/mbf_abstract_nav/include/mbf_abstract_nav/recovery_action.h
-- Up-to-date symlink: /root/Shared/MIAPR_Projekt/colcon_ws/install/mbf_abstract_nav/share/mbf_abstract_nav/environment/library_path.sh
-- Up-to-date symlink: /root/Shared/MIAPR_Projekt/colcon_ws/install/mbf_abstract_nav/share/mbf_abstract_nav/environment/library_path.dsv
-- Up-to-date symlink: /root/Shared/MIAPR_Projekt/colcon_ws/install/mbf_abstract_nav/share/ament_index/resource_index/package_run_dependencies/mbf_abstract_nav
-- Up-to-date symlink: /root/Shared/MIAPR_Projekt/colcon_ws/install/mbf_abstract_nav/share/ament_index/resource_index/parent_prefix_path/mbf_abstract_nav
-- Up-to-date symlink: /root/Shared/MIAPR_Projekt/colcon_ws/install/mbf_abstract_nav/share/mbf_abstract_nav/environment/ament_prefix_path.sh
-- Up-to-date symlink: /root/Shared/MIAPR_Projekt/colcon_ws/install/mbf_abstract_nav/share/mbf_abstract_nav/environment/ament_prefix_path.dsv
-- Up-to-date symlink: /root/Shared/MIAPR_Projekt/colcon_ws/install/mbf_abstract_nav/share/mbf_abstract_nav/environment/path.sh
-- Up-to-date symlink: /root/Shared/MIAPR_Projekt/colcon_ws/install/mbf_abstract_nav/share/mbf_abstract_nav/environment/path.dsv
-- Up-to-date symlink: /root/Shared/MIAPR_Projekt/colcon_ws/install/mbf_abstract_nav/share/mbf_abstract_nav/local_setup.bash
-- Up-to-date symlink: /root/Shared/MIAPR_Projekt/colcon_ws/install/mbf_abstract_nav/share/mbf_abstract_nav/local_setup.sh
-- Up-to-date symlink: /root/Shared/MIAPR_Projekt/colcon_ws/install/mbf_abstract_nav/share/mbf_abstract_nav/local_setup.zsh
-- Up-to-date symlink: /root/Shared/MIAPR_Projekt/colcon_ws/install/mbf_abstract_nav/share/mbf_abstract_nav/local_setup.dsv
-- Symlinking: /root/Shared/MIAPR_Projekt/colcon_ws/install/mbf_abstract_nav/share/mbf_abstract_nav/package.dsv
-- Up-to-date symlink: /root/Shared/MIAPR_Projekt/colcon_ws/install/mbf_abstract_nav/share/ament_index/resource_index/packages/mbf_abstract_nav
-- Up-to-date symlink: /root/Shared/MIAPR_Projekt/colcon_ws/install/mbf_abstract_nav/share/mbf_abstract_nav/cmake/ament_cmake_export_include_directories-extras.cmake
-- Up-to-date symlink: /root/Shared/MIAPR_Projekt/colcon_ws/install/mbf_abstract_nav/share/mbf_abstract_nav/cmake/ament_cmake_export_libraries-extras.cmake
-- Up-to-date symlink: /root/Shared/MIAPR_Projekt/colcon_ws/install/mbf_abstract_nav/share/mbf_abstract_nav/cmake/ament_cmake_export_dependencies-extras.cmake
-- Up-to-date symlink: /root/Shared/MIAPR_Projekt/colcon_ws/install/mbf_abstract_nav/share/mbf_abstract_nav/cmake/mbf_abstract_navConfig.cmake
-- Up-to-date symlink: /root/Shared/MIAPR_Projekt/colcon_ws/install/mbf_abstract_nav/share/mbf_abstract_nav/cmake/mbf_abstract_navConfig-version.cmake
-- Up-to-date symlink: /root/Shared/MIAPR_Projekt/colcon_ws/install/mbf_abstract_nav/share/mbf_abstract_nav/package.xml
