[0.036s] Invoking command in '/root/Shared/MIAPR_Projekt/build/mbf_mesh_nav': AMENT_PREFIX_PATH=/root/Shared/MIAPR_Projekt/install/mbf_mesh_core:/root/Shared/MIAPR_Projekt/install/mesh_map:/root/Shared/MIAPR_Projekt/install/mbf_abstract_nav:${AMENT_PREFIX_PATH} CMAKE_PREFIX_PATH=/root/Shared/MIAPR_Projekt/install/mbf_mesh_core:/root/Shared/MIAPR_Projekt/install/mesh_map:/root/Shared/MIAPR_Projekt/install/mbf_simple_core:/root/Shared/MIAPR_Projekt/install/mbf_abstract_nav:/root/Shared/MIAPR_Projekt/install/mesh_msgs_conversions:/root/Shared/MIAPR_Projekt/install/mbf_utility:/root/Shared/MIAPR_Projekt/install/mesh_msgs:/root/Shared/MIAPR_Projekt/install/mbf_msgs:/root/Shared/MIAPR_Projekt/install/mbf_abstract_core:/root/Shared/MIAPR_Projekt/install/mesh_tools:/root/Shared/MIAPR_Projekt/install/rviz_mesh_tools_plugins:/root/Shared/MIAPR_Projekt/install/rviz_mbf_plugins:/root/Shared/MIAPR_Projekt/install/mesh_navigation_pluto_sim:/root/Shared/MIAPR_Projekt/install/mesh_navigation_ceres_sim:/root/Shared/MIAPR_Projekt/install/mesh_navigation_tutorials_sim:/root/Shared/MIAPR_Projekt/install/mesh_msgs_transform:/root/Shared/MIAPR_Projekt/install/label_manager:/root/Shared/MIAPR_Projekt/install/mbf_test_utility:/opt/ros/jazzy/opt/gz_sim_vendor:/opt/ros/jazzy/opt/gz_sensors_vendor:/opt/ros/jazzy/opt/gz_physics_vendor:/opt/ros/jazzy/opt/sdformat_vendor:/opt/ros/jazzy/opt/gz_gui_vendor:/opt/ros/jazzy/opt/gz_transport_vendor:/opt/ros/jazzy/opt/gz_rendering_vendor:/opt/ros/jazzy/opt/gz_plugin_vendor:/opt/ros/jazzy/opt/gz_fuel_tools_vendor:/opt/ros/jazzy/opt/gz_msgs_vendor:/opt/ros/jazzy/opt/gz_common_vendor:/opt/ros/jazzy/opt/gz_math_vendor:/opt/ros/jazzy/opt/gz_utils_vendor:/opt/ros/jazzy/opt/gz_tools_vendor:/opt/ros/jazzy/opt/gz_ogre_next_vendor:/opt/ros/jazzy/opt/gz_dartsim_vendor:/opt/ros/jazzy/opt/gz_cmake_vendor:/opt/ros/jazzy LD_LIBRARY_PATH=/root/Shared/MIAPR_Projekt/install/mesh_map/lib:/root/Shared/MIAPR_Projekt/install/mbf_abstract_nav/lib:/root/Shared/MIAPR_Projekt/install/mbf_utility/lib:/root/Shared/MIAPR_Projekt/install/mesh_msgs/lib:/root/Shared/MIAPR_Projekt/install/mbf_msgs/lib:/root/Shared/MIAPR_Projekt/install/rviz_mesh_tools_plugins/lib:/root/Shared/MIAPR_Projekt/install/rviz_mbf_plugins/lib:/root/Shared/MIAPR_Projekt/install/mesh_navigation_tutorials_sim/lib:/root/Shared/MIAPR_Projekt/install/mesh_msgs_transform/lib:/root/Shared/MIAPR_Projekt/install/mesh_msgs_conversions/lib:/root/Shared/MIAPR_Projekt/install/label_manager/lib:/root/Shared/MIAPR_Projekt/install/mbf_test_utility/lib:/opt/ros/jazzy/opt/gz_sim_vendor/lib:/opt/ros/jazzy/opt/gz_sensors_vendor/lib:/opt/ros/jazzy/opt/gz_physics_vendor/lib:/opt/ros/jazzy/opt/sdformat_vendor/lib:/opt/ros/jazzy/opt/rviz_ogre_vendor/lib:/opt/ros/jazzy/lib/x86_64-linux-gnu:/opt/ros/jazzy/opt/gz_gui_vendor/lib:/opt/ros/jazzy/opt/gz_transport_vendor/lib:/opt/ros/jazzy/opt/gz_rendering_vendor/lib:/opt/ros/jazzy/opt/gz_plugin_vendor/lib:/opt/ros/jazzy/opt/gz_fuel_tools_vendor/lib:/opt/ros/jazzy/opt/gz_msgs_vendor/lib:/opt/ros/jazzy/opt/gz_common_vendor/lib:/opt/ros/jazzy/opt/gz_math_vendor/lib:/opt/ros/jazzy/opt/gz_utils_vendor/lib:/opt/ros/jazzy/opt/gz_tools_vendor/lib:/opt/ros/jazzy/opt/gz_ogre_next_vendor/lib:/opt/ros/jazzy/opt/gz_dartsim_vendor/lib:/opt/ros/jazzy/opt/gz_cmake_vendor/lib:/opt/ros/jazzy/lib PYTHONPATH=/root/Shared/MIAPR_Projekt/install/mesh_msgs/lib/python3.12/site-packages:/root/Shared/MIAPR_Projekt/install/mbf_msgs/lib/python3.12/site-packages:/root/Shared/MIAPR_Projekt/install/label_manager/lib/python3.12/site-packages:/opt/ros/jazzy/lib/python3.12/site-packages /usr/bin/cmake /root/Shared/MIAPR_Projekt/colcon_ws/src/mesh_navigation/mbf_mesh_nav -DCMAKE_INSTALL_PREFIX=/root/Shared/MIAPR_Projekt/install/mbf_mesh_nav
[0.117s] -- The C compiler identification is GNU 13.3.0
[0.196s] -- The CXX compiler identification is GNU 13.3.0
[0.220s] -- Detecting C compiler ABI info
[0.371s] -- Detecting C compiler ABI info - done
[0.385s] -- Check for working C compiler: /usr/bin/cc - skipped
[0.385s] -- Detecting C compile features
[0.385s] -- Detecting C compile features - done
[0.397s] -- Detecting CXX compiler ABI info
[0.548s] -- Detecting CXX compiler ABI info - done
[0.562s] -- Check for working CXX compiler: /usr/bin/c++ - skipped
[0.562s] -- Detecting CXX compile features
[0.563s] -- Detecting CXX compile features - done
[0.574s] -- Found ament_cmake_ros: 0.12.0 (/opt/ros/jazzy/share/ament_cmake_ros/cmake)
[0.845s] -- Found Python3: /usr/bin/python3 (found version "3.12.3") found components: Interpreter 
[1.075s] -- Found geometry_msgs: 5.3.6 (/opt/ros/jazzy/share/geometry_msgs/cmake)
[1.181s] -- Found rosidl_generator_c: 4.6.7 (/opt/ros/jazzy/share/rosidl_generator_c/cmake)
[1.214s] -- Found rosidl_generator_cpp: 4.6.7 (/opt/ros/jazzy/share/rosidl_generator_cpp/cmake)
[1.249s] -- Using all available rosidl_typesupport_c: rosidl_typesupport_fastrtps_c;rosidl_typesupport_introspection_c
[1.286s] -- Using all available rosidl_typesupport_cpp: rosidl_typesupport_fastrtps_cpp;rosidl_typesupport_introspection_cpp
[1.355s] -- Found mbf_abstract_nav: 1.0.5 (/root/Shared/MIAPR_Projekt/install/mbf_abstract_nav/share/mbf_abstract_nav/cmake)
[1.620s] -- Found rmw_implementation_cmake: 7.3.3 (/opt/ros/jazzy/share/rmw_implementation_cmake/cmake)
[1.630s] -- Found rmw_fastrtps_cpp: 8.4.3 (/opt/ros/jazzy/share/rmw_fastrtps_cpp/cmake)
[1.803s] -- Found OpenSSL: /usr/lib/x86_64-linux-gnu/libcrypto.so (found version "3.0.13")  
[1.831s] -- Found FastRTPS: /opt/ros/jazzy/include (Required is at least version "2.13") 
[1.866s] -- Using RMW implementation 'rmw_fastrtps_cpp' as default
[2.202s] -- Found eigen3_cmake_module: 0.3.0 (/opt/ros/jazzy/share/eigen3_cmake_module/cmake)
[2.203s] -- Found Eigen3: TRUE (found version "3.4.0") 
[2.203s] -- Ensuring Eigen3 include directory is part of orocos-kdl CMake target
[2.242s] -- Found mbf_simple_core: 1.0.5 (/root/Shared/MIAPR_Projekt/install/mbf_simple_core/share/mbf_simple_core/cmake)
[2.249s] -- Found mbf_mesh_core: 3.0.1 (/root/Shared/MIAPR_Projekt/install/mbf_mesh_core/share/mbf_mesh_core/cmake)
[2.716s] -- Found MPI_C: /usr/lib/x86_64-linux-gnu/openmpi/lib/libmpi.so (found version "3.1") 
[4.177s] -- Found MPI_CXX: /usr/lib/x86_64-linux-gnu/openmpi/lib/libmpi_cxx.so (found version "3.1") 
[4.178s] -- Found MPI: TRUE (found version "3.1")  
[4.268s] -- Found TIFF: /usr/lib/x86_64-linux-gnu/libtiff.so (found version "4.5.1")  
[4.302s] -- Found GDAL: /usr/lib/x86_64-linux-gnu/libgdal.so (found version "3.8.4") 
[4.343s] -- Found OpenCV: /usr (found version "4.6.0") 
[4.351s] -- Found FLANN: /usr/include/flann  
[4.351s] -- Try to find LZ4: find_path + find_library
[4.360s] -- Try to find LZ4: FindPackageHandleStandardArgs
[4.361s] -- Found LZ4: /usr/lib/x86_64-linux-gnu/liblz4.so  
[4.648s] -- Found GSL: /usr/include (found version "2.7.1") 
[7.671s] -- Found HDF5: /usr/lib/x86_64-linux-gnu/hdf5/serial/libhdf5.so;/usr/lib/x86_64-linux-gnu/libcrypto.so;/usr/lib/x86_64-linux-gnu/libcurl.so;/usr/lib/x86_64-linux-gnu/libpthread.a;/usr/lib/x86_64-linux-gnu/libsz.so;/usr/lib/x86_64-linux-gnu/libz.so;/usr/lib/x86_64-linux-gnu/libdl.a;/usr/lib/x86_64-linux-gnu/libm.so;/usr/lib/x86_64-linux-gnu/hdf5/serial/libhdf5_cpp.so;/usr/lib/x86_64-linux-gnu/hdf5/serial/libhdf5.so;/usr/lib/x86_64-linux-gnu/libcrypto.so;/usr/lib/x86_64-linux-gnu/libcurl.so;/usr/lib/x86_64-linux-gnu/libpthread.a;/usr/lib/x86_64-linux-gnu/libsz.so;/usr/lib/x86_64-linux-gnu/libz.so;/usr/lib/x86_64-linux-gnu/libdl.a;/usr/lib/x86_64-linux-gnu/libm.so (found version "1.10.10") found components: C CXX HL 
[7.714s] -- Found OpenGL: /usr/lib/x86_64-linux-gnu/libOpenGL.so  found components: OpenGL 
[7.944s] -- Found GLUT: /usr/lib/x86_64-linux-gnu/libglut.so  
[7.998s] -- Found PkgConfig: /usr/bin/pkg-config (found version "1.8.1") 
[8.006s] -- Checking for module 'jsoncpp'
[8.083s] --   Found jsoncpp, version 1.9.5
[8.810s] -- Configuring done (8.8s)
[9.205s] -- Generating done (0.3s)
[9.231s] -- Build files have been written to: /root/Shared/MIAPR_Projekt/build/mbf_mesh_nav
