-- Found ament_cmake: 2.5.5 (/opt/ros/jazzy/share/ament_cmake/cmake)
-- Override CMake install command with custom implementation using symlinks instead of copying resources
-- Found ament_lint_auto: 0.17.4 (/opt/ros/jazzy/share/ament_lint_auto/cmake)
-- Added test 'copyright' to check source files copyright and LICENSE
-- Added test 'pep257' to check Python code against some of the docstring style conventions in PEP 257
-- Configuring done (0.5s)
-- Generating done (0.0s)
-- Build files have been written to: /root/Shared/MIAPR_Projekt/colcon_ws/build/mesh_navigation_ceres
-- Install configuration: ""
-- Execute custom install script
-- Up-to-date symlink: /root/Shared/MIAPR_Projekt/colcon_ws/install/mesh_navigation_ceres/share/mesh_navigation_ceres/config/ekf.yaml
-- Up-to-date symlink: /root/Shared/MIAPR_Projekt/colcon_ws/install/mesh_navigation_ceres/share/mesh_navigation_ceres/config/mbf_mesh_nav.yaml
-- Up-to-date symlink: /root/Shared/MIAPR_Projekt/colcon_ws/install/mesh_navigation_ceres/share/mesh_navigation_ceres/config/rmcl.yaml
-- Up-to-date symlink: /root/Shared/MIAPR_Projekt/colcon_ws/install/mesh_navigation_ceres/share/mesh_navigation_ceres/launch/mbf_mesh_navigation_server_launch.py
-- Up-to-date symlink: /root/Shared/MIAPR_Projekt/colcon_ws/install/mesh_navigation_ceres/share/mesh_navigation_ceres/launch/mesh_navigation_ceres_launch.py
-- Up-to-date symlink: /root/Shared/MIAPR_Projekt/colcon_ws/install/mesh_navigation_ceres/share/mesh_navigation_ceres/launch/rmcl_launch.py
-- Up-to-date symlink: /root/Shared/MIAPR_Projekt/colcon_ws/install/mesh_navigation_ceres/share/mesh_navigation_ceres/rviz/default.rviz
-- Up-to-date symlink: /root/Shared/MIAPR_Projekt/colcon_ws/install/mesh_navigation_ceres/share/mesh_navigation_ceres/maps/README.md
-- Up-to-date symlink: /root/Shared/MIAPR_Projekt/colcon_ws/install/mesh_navigation_ceres/share/ament_index/resource_index/package_run_dependencies/mesh_navigation_ceres
-- Up-to-date symlink: /root/Shared/MIAPR_Projekt/colcon_ws/install/mesh_navigation_ceres/share/ament_index/resource_index/parent_prefix_path/mesh_navigation_ceres
-- Up-to-date symlink: /root/Shared/MIAPR_Projekt/colcon_ws/install/mesh_navigation_ceres/share/mesh_navigation_ceres/environment/ament_prefix_path.sh
-- Up-to-date symlink: /root/Shared/MIAPR_Projekt/colcon_ws/install/mesh_navigation_ceres/share/mesh_navigation_ceres/environment/ament_prefix_path.dsv
-- Up-to-date symlink: /root/Shared/MIAPR_Projekt/colcon_ws/install/mesh_navigation_ceres/share/mesh_navigation_ceres/environment/path.sh
-- Up-to-date symlink: /root/Shared/MIAPR_Projekt/colcon_ws/install/mesh_navigation_ceres/share/mesh_navigation_ceres/environment/path.dsv
-- Up-to-date symlink: /root/Shared/MIAPR_Projekt/colcon_ws/install/mesh_navigation_ceres/share/mesh_navigation_ceres/local_setup.bash
-- Up-to-date symlink: /root/Shared/MIAPR_Projekt/colcon_ws/install/mesh_navigation_ceres/share/mesh_navigation_ceres/local_setup.sh
-- Up-to-date symlink: /root/Shared/MIAPR_Projekt/colcon_ws/install/mesh_navigation_ceres/share/mesh_navigation_ceres/local_setup.zsh
-- Up-to-date symlink: /root/Shared/MIAPR_Projekt/colcon_ws/install/mesh_navigation_ceres/share/mesh_navigation_ceres/local_setup.dsv
-- Symlinking: /root/Shared/MIAPR_Projekt/colcon_ws/install/mesh_navigation_ceres/share/mesh_navigation_ceres/package.dsv
-- Up-to-date symlink: /root/Shared/MIAPR_Projekt/colcon_ws/install/mesh_navigation_ceres/share/ament_index/resource_index/packages/mesh_navigation_ceres
-- Up-to-date symlink: /root/Shared/MIAPR_Projekt/colcon_ws/install/mesh_navigation_ceres/share/mesh_navigation_ceres/cmake/mesh_navigation_ceresConfig.cmake
-- Up-to-date symlink: /root/Shared/MIAPR_Projekt/colcon_ws/install/mesh_navigation_ceres/share/mesh_navigation_ceres/cmake/mesh_navigation_ceresConfig-version.cmake
-- Up-to-date symlink: /root/Shared/MIAPR_Projekt/colcon_ws/install/mesh_navigation_ceres/share/mesh_navigation_ceres/package.xml
