[0.009s] Invoking command in '/root/Shared/MIAPR_Projekt/colcon_ws/build/mbf_abstract_core': CMAKE_PREFIX_PATH=${CMAKE_PREFIX_PATH}:/opt/ros/jazzy /usr/bin/cmake /root/Shared/MIAPR_Projekt/colcon_ws/src/move_base_flex/mbf_abstract_core -DAMENT_CMAKE_SYMLINK_INSTALL=1 -DCMAKE_INSTALL_PREFIX=/root/Shared/MIAPR_Projekt/colcon_ws/install/mbf_abstract_core
[0.077s] -- The C compiler identification is GNU 13.3.0
[0.143s] -- The CXX compiler identification is GNU 13.3.0
[0.166s] -- Detecting C compiler ABI info
[0.288s] -- Detecting C compiler ABI info - done
[0.297s] -- Check for working C compiler: /usr/bin/cc - skipped
[0.297s] -- Detecting C compile features
[0.297s] -- Detecting C compile features - done
[0.310s] -- Detecting CXX compiler ABI info
[0.441s] -- Detecting CXX compiler ABI info - done
[0.450s] -- Check for working CXX compiler: /usr/bin/c++ - skipped
[0.450s] -- Detecting CXX compile features
[0.451s] -- Detecting CXX compile features - done
[0.457s] -- Found ament_cmake: 2.5.5 (/opt/ros/jazzy/share/ament_cmake/cmake)
[0.635s] -- Found Python3: /usr/bin/python3 (found version "3.12.3") found components: Interpreter 
[0.714s] -- Override CMake install command with custom implementation using symlinks instead of copying resources
[0.781s] -- Found std_msgs: 5.3.6 (/opt/ros/jazzy/share/std_msgs/cmake)
[0.847s] -- Found rosidl_generator_c: 4.6.7 (/opt/ros/jazzy/share/rosidl_generator_c/cmake)
[0.868s] -- Found rosidl_generator_cpp: 4.6.7 (/opt/ros/jazzy/share/rosidl_generator_cpp/cmake)
[0.892s] -- Using all available rosidl_typesupport_c: rosidl_typesupport_fastrtps_c;rosidl_typesupport_introspection_c
[0.918s] -- Using all available rosidl_typesupport_cpp: rosidl_typesupport_fastrtps_cpp;rosidl_typesupport_introspection_cpp
[0.961s] -- Found geometry_msgs: 5.3.6 (/opt/ros/jazzy/share/geometry_msgs/cmake)
[1.077s] -- Configuring done (1.1s)
[1.082s] -- Generating done (0.0s)
[1.084s] -- Build files have been written to: /root/Shared/MIAPR_Projekt/colcon_ws/build/mbf_abstract_core
[1.090s] Invoked command in '/root/Shared/MIAPR_Projekt/colcon_ws/build/mbf_abstract_core' returned '0': CMAKE_PREFIX_PATH=${CMAKE_PREFIX_PATH}:/opt/ros/jazzy /usr/bin/cmake /root/Shared/MIAPR_Projekt/colcon_ws/src/move_base_flex/mbf_abstract_core -DAMENT_CMAKE_SYMLINK_INSTALL=1 -DCMAKE_INSTALL_PREFIX=/root/Shared/MIAPR_Projekt/colcon_ws/install/mbf_abstract_core
[1.091s] Invoking command in '/root/Shared/MIAPR_Projekt/colcon_ws/build/mbf_abstract_core': CMAKE_PREFIX_PATH=${CMAKE_PREFIX_PATH}:/opt/ros/jazzy /usr/bin/cmake --build /root/Shared/MIAPR_Projekt/colcon_ws/build/mbf_abstract_core -- -j12 -l12
[1.148s] Invoked command in '/root/Shared/MIAPR_Projekt/colcon_ws/build/mbf_abstract_core' returned '0': CMAKE_PREFIX_PATH=${CMAKE_PREFIX_PATH}:/opt/ros/jazzy /usr/bin/cmake --build /root/Shared/MIAPR_Projekt/colcon_ws/build/mbf_abstract_core -- -j12 -l12
[1.150s] Invoking command in '/root/Shared/MIAPR_Projekt/colcon_ws/build/mbf_abstract_core': CMAKE_PREFIX_PATH=${CMAKE_PREFIX_PATH}:/opt/ros/jazzy /usr/bin/cmake --install /root/Shared/MIAPR_Projekt/colcon_ws/build/mbf_abstract_core
[1.161s] -- Install configuration: ""
[1.161s] -- Execute custom install script
[1.162s] -- Symlinking: /root/Shared/MIAPR_Projekt/colcon_ws/install/mbf_abstract_core/include/mbf_abstract_core/abstract_controller.h
[1.174s] -- Symlinking: /root/Shared/MIAPR_Projekt/colcon_ws/install/mbf_abstract_core/include/mbf_abstract_core/abstract_planner.h
[1.187s] -- Symlinking: /root/Shared/MIAPR_Projekt/colcon_ws/install/mbf_abstract_core/include/mbf_abstract_core/abstract_recovery.h
[1.200s] -- Symlinking: /root/Shared/MIAPR_Projekt/colcon_ws/install/mbf_abstract_core/share/ament_index/resource_index/package_run_dependencies/mbf_abstract_core
[1.212s] -- Symlinking: /root/Shared/MIAPR_Projekt/colcon_ws/install/mbf_abstract_core/share/ament_index/resource_index/parent_prefix_path/mbf_abstract_core
[1.225s] -- Symlinking: /root/Shared/MIAPR_Projekt/colcon_ws/install/mbf_abstract_core/share/mbf_abstract_core/environment/ament_prefix_path.sh
[1.238s] -- Symlinking: /root/Shared/MIAPR_Projekt/colcon_ws/install/mbf_abstract_core/share/mbf_abstract_core/environment/ament_prefix_path.dsv
[1.251s] -- Symlinking: /root/Shared/MIAPR_Projekt/colcon_ws/install/mbf_abstract_core/share/mbf_abstract_core/environment/path.sh
[1.266s] -- Symlinking: /root/Shared/MIAPR_Projekt/colcon_ws/install/mbf_abstract_core/share/mbf_abstract_core/environment/path.dsv
[1.276s] -- Symlinking: /root/Shared/MIAPR_Projekt/colcon_ws/install/mbf_abstract_core/share/mbf_abstract_core/local_setup.bash
[1.289s] -- Symlinking: /root/Shared/MIAPR_Projekt/colcon_ws/install/mbf_abstract_core/share/mbf_abstract_core/local_setup.sh
[1.301s] -- Symlinking: /root/Shared/MIAPR_Projekt/colcon_ws/install/mbf_abstract_core/share/mbf_abstract_core/local_setup.zsh
[1.314s] -- Symlinking: /root/Shared/MIAPR_Projekt/colcon_ws/install/mbf_abstract_core/share/mbf_abstract_core/local_setup.dsv
[1.327s] -- Symlinking: /root/Shared/MIAPR_Projekt/colcon_ws/install/mbf_abstract_core/share/mbf_abstract_core/package.dsv
[1.340s] -- Symlinking: /root/Shared/MIAPR_Projekt/colcon_ws/install/mbf_abstract_core/share/ament_index/resource_index/packages/mbf_abstract_core
[1.353s] -- Symlinking: /root/Shared/MIAPR_Projekt/colcon_ws/install/mbf_abstract_core/share/mbf_abstract_core/cmake/ament_cmake_export_include_directories-extras.cmake
[1.365s] -- Symlinking: /root/Shared/MIAPR_Projekt/colcon_ws/install/mbf_abstract_core/share/mbf_abstract_core/cmake/ament_cmake_export_dependencies-extras.cmake
[1.378s] -- Symlinking: /root/Shared/MIAPR_Projekt/colcon_ws/install/mbf_abstract_core/share/mbf_abstract_core/cmake/mbf_abstract_coreConfig.cmake
[1.391s] -- Symlinking: /root/Shared/MIAPR_Projekt/colcon_ws/install/mbf_abstract_core/share/mbf_abstract_core/cmake/mbf_abstract_coreConfig-version.cmake
[1.404s] -- Symlinking: /root/Shared/MIAPR_Projekt/colcon_ws/install/mbf_abstract_core/share/mbf_abstract_core/package.xml
[1.419s] Invoked command in '/root/Shared/MIAPR_Projekt/colcon_ws/build/mbf_abstract_core' returned '0': CMAKE_PREFIX_PATH=${CMAKE_PREFIX_PATH}:/opt/ros/jazzy /usr/bin/cmake --install /root/Shared/MIAPR_Projekt/colcon_ws/build/mbf_abstract_core
