-- Found ament_cmake: 2.5.5 (/opt/ros/jazzy/share/ament_cmake/cmake)
-- Found Python3: /usr/bin/python3 (found version "3.12.3") found components: Interpreter 
-- Override CMake install command with custom implementation using symlinks instead of copying resources
-- Configuring done (0.4s)
-- Generating done (0.0s)
-- Build files have been written to: /root/Shared/MIAPR_Projekt/colcon_ws/build/mesh_tools
-- Install configuration: ""
-- Execute custom install script
-- Symlinking: /root/Shared/MIAPR_Projekt/colcon_ws/install/mesh_tools/share/ament_index/resource_index/package_run_dependencies/mesh_tools
-- Symlinking: /root/Shared/MIAPR_Projekt/colcon_ws/install/mesh_tools/share/ament_index/resource_index/parent_prefix_path/mesh_tools
-- Symlinking: /root/Shared/MIAPR_Projekt/colcon_ws/install/mesh_tools/share/mesh_tools/environment/ament_prefix_path.sh
-- Symlinking: /root/Shared/MIAPR_Projekt/colcon_ws/install/mesh_tools/share/mesh_tools/environment/ament_prefix_path.dsv
-- Symlinking: /root/Shared/MIAPR_Projekt/colcon_ws/install/mesh_tools/share/mesh_tools/environment/path.sh
-- Symlinking: /root/Shared/MIAPR_Projekt/colcon_ws/install/mesh_tools/share/mesh_tools/environment/path.dsv
-- Symlinking: /root/Shared/MIAPR_Projekt/colcon_ws/install/mesh_tools/share/mesh_tools/local_setup.bash
-- Symlinking: /root/Shared/MIAPR_Projekt/colcon_ws/install/mesh_tools/share/mesh_tools/local_setup.sh
-- Symlinking: /root/Shared/MIAPR_Projekt/colcon_ws/install/mesh_tools/share/mesh_tools/local_setup.zsh
-- Symlinking: /root/Shared/MIAPR_Projekt/colcon_ws/install/mesh_tools/share/mesh_tools/local_setup.dsv
-- Symlinking: /root/Shared/MIAPR_Projekt/colcon_ws/install/mesh_tools/share/mesh_tools/package.dsv
-- Symlinking: /root/Shared/MIAPR_Projekt/colcon_ws/install/mesh_tools/share/ament_index/resource_index/packages/mesh_tools
-- Symlinking: /root/Shared/MIAPR_Projekt/colcon_ws/install/mesh_tools/share/mesh_tools/cmake/mesh_toolsConfig.cmake
-- Symlinking: /root/Shared/MIAPR_Projekt/colcon_ws/install/mesh_tools/share/mesh_tools/cmake/mesh_toolsConfig-version.cmake
-- Symlinking: /root/Shared/MIAPR_Projekt/colcon_ws/install/mesh_tools/share/mesh_tools/package.xml
