-- Found ament_cmake_ros: 0.12.0 (/opt/ros/jazzy/share/ament_cmake_ros/cmake)
-- Override CMake install command with custom implementation using symlinks instead of copying resources
-- Found mbf_abstract_core: 1.0.5 (/root/Shared/MIAPR_Projekt/colcon_ws/install/mbf_abstract_core/share/mbf_abstract_core/cmake)
-- Found rosidl_generator_c: 4.6.7 (/opt/ros/jazzy/share/rosidl_generator_c/cmake)
-- Found rosidl_generator_cpp: 4.6.7 (/opt/ros/jazzy/share/rosidl_generator_cpp/cmake)
-- Using all available rosidl_typesupport_c: rosidl_typesupport_fastrtps_c;rosidl_typesupport_introspection_c
-- Using all available rosidl_typesupport_cpp: rosidl_typesupport_fastrtps_cpp;rosidl_typesupport_introspection_cpp
-- Found mesh_map: 3.0.1 (/root/Shared/MIAPR_Projekt/colcon_ws/install/mesh_map/share/mesh_map/cmake)
-- Found rmw_implementation_cmake: 7.3.3 (/opt/ros/jazzy/share/rmw_implementation_cmake/cmake)
-- Found rmw_fastrtps_cpp: 8.4.3 (/opt/ros/jazzy/share/rmw_fastrtps_cpp/cmake)
-- Using RMW implementation 'rmw_fastrtps_cpp' as default
-- Found eigen3_cmake_module: 0.3.0 (/opt/ros/jazzy/share/eigen3_cmake_module/cmake)
-- Ensuring Eigen3 include directory is part of orocos-kdl CMake target
-- Configuring done (1.2s)
-- Generating done (0.0s)
-- Build files have been written to: /root/Shared/MIAPR_Projekt/colcon_ws/build/mbf_mesh_core
-- Install configuration: "Release"
-- Execute custom install script
-- Up-to-date symlink: /root/Shared/MIAPR_Projekt/colcon_ws/install/mbf_mesh_core/include/mbf_mesh_core/mesh_controller.h
-- Up-to-date symlink: /root/Shared/MIAPR_Projekt/colcon_ws/install/mbf_mesh_core/include/mbf_mesh_core/mesh_planner.h
-- Up-to-date symlink: /root/Shared/MIAPR_Projekt/colcon_ws/install/mbf_mesh_core/include/mbf_mesh_core/mesh_recovery.h
-- Up-to-date symlink: /root/Shared/MIAPR_Projekt/colcon_ws/install/mbf_mesh_core/share/ament_index/resource_index/package_run_dependencies/mbf_mesh_core
-- Up-to-date symlink: /root/Shared/MIAPR_Projekt/colcon_ws/install/mbf_mesh_core/share/ament_index/resource_index/parent_prefix_path/mbf_mesh_core
-- Up-to-date symlink: /root/Shared/MIAPR_Projekt/colcon_ws/install/mbf_mesh_core/share/mbf_mesh_core/environment/ament_prefix_path.sh
-- Up-to-date symlink: /root/Shared/MIAPR_Projekt/colcon_ws/install/mbf_mesh_core/share/mbf_mesh_core/environment/ament_prefix_path.dsv
-- Up-to-date symlink: /root/Shared/MIAPR_Projekt/colcon_ws/install/mbf_mesh_core/share/mbf_mesh_core/environment/path.sh
-- Up-to-date symlink: /root/Shared/MIAPR_Projekt/colcon_ws/install/mbf_mesh_core/share/mbf_mesh_core/environment/path.dsv
-- Up-to-date symlink: /root/Shared/MIAPR_Projekt/colcon_ws/install/mbf_mesh_core/share/mbf_mesh_core/local_setup.bash
-- Up-to-date symlink: /root/Shared/MIAPR_Projekt/colcon_ws/install/mbf_mesh_core/share/mbf_mesh_core/local_setup.sh
-- Up-to-date symlink: /root/Shared/MIAPR_Projekt/colcon_ws/install/mbf_mesh_core/share/mbf_mesh_core/local_setup.zsh
-- Up-to-date symlink: /root/Shared/MIAPR_Projekt/colcon_ws/install/mbf_mesh_core/share/mbf_mesh_core/local_setup.dsv
-- Symlinking: /root/Shared/MIAPR_Projekt/colcon_ws/install/mbf_mesh_core/share/mbf_mesh_core/package.dsv
-- Up-to-date symlink: /root/Shared/MIAPR_Projekt/colcon_ws/install/mbf_mesh_core/share/ament_index/resource_index/packages/mbf_mesh_core
-- Up-to-date symlink: /root/Shared/MIAPR_Projekt/colcon_ws/install/mbf_mesh_core/share/mbf_mesh_core/cmake/ament_cmake_export_include_directories-extras.cmake
-- Up-to-date symlink: /root/Shared/MIAPR_Projekt/colcon_ws/install/mbf_mesh_core/share/mbf_mesh_core/cmake/ament_cmake_export_dependencies-extras.cmake
-- Up-to-date symlink: /root/Shared/MIAPR_Projekt/colcon_ws/install/mbf_mesh_core/share/mbf_mesh_core/cmake/mbf_mesh_coreConfig.cmake
-- Up-to-date symlink: /root/Shared/MIAPR_Projekt/colcon_ws/install/mbf_mesh_core/share/mbf_mesh_core/cmake/mbf_mesh_coreConfig-version.cmake
-- Up-to-date symlink: /root/Shared/MIAPR_Projekt/colcon_ws/install/mbf_mesh_core/share/mbf_mesh_core/package.xml
