-- The C compiler identification is GNU 13.3.0
-- The CXX compiler identification is GNU 13.3.0
-- Detecting C compiler ABI info
-- Detecting C compiler ABI info - done
-- Check for working C compiler: /usr/bin/cc - skipped
-- Detecting C compile features
-- Detecting C compile features - done
-- Detecting CXX compiler ABI info
-- Detecting CXX compiler ABI info - done
-- Check for working CXX compiler: /usr/bin/c++ - skipped
-- Detecting CXX compile features
-- Detecting CXX compile features - done
-- Found ament_cmake: 2.5.5 (/opt/ros/jazzy/share/ament_cmake/cmake)
-- Found Python3: /usr/bin/python3 (found version "3.12.3") found components: Interpreter 
-- Override CMake install command with custom implementation using symlinks instead of copying resources
-- Configuring done (0.9s)
-- Generating done (0.0s)
-- Build files have been written to: /root/Shared/MIAPR_Projekt/colcon_ws/build/mesh_navigation
-- Install configuration: ""
-- Execute custom install script
-- Symlinking: /root/Shared/MIAPR_Projekt/colcon_ws/install/mesh_navigation/share/ament_index/resource_index/package_run_dependencies/mesh_navigation
-- Symlinking: /root/Shared/MIAPR_Projekt/colcon_ws/install/mesh_navigation/share/ament_index/resource_index/parent_prefix_path/mesh_navigation
-- Symlinking: /root/Shared/MIAPR_Projekt/colcon_ws/install/mesh_navigation/share/mesh_navigation/environment/ament_prefix_path.sh
-- Symlinking: /root/Shared/MIAPR_Projekt/colcon_ws/install/mesh_navigation/share/mesh_navigation/environment/ament_prefix_path.dsv
-- Symlinking: /root/Shared/MIAPR_Projekt/colcon_ws/install/mesh_navigation/share/mesh_navigation/environment/path.sh
-- Symlinking: /root/Shared/MIAPR_Projekt/colcon_ws/install/mesh_navigation/share/mesh_navigation/environment/path.dsv
-- Symlinking: /root/Shared/MIAPR_Projekt/colcon_ws/install/mesh_navigation/share/mesh_navigation/local_setup.bash
-- Symlinking: /root/Shared/MIAPR_Projekt/colcon_ws/install/mesh_navigation/share/mesh_navigation/local_setup.sh
-- Symlinking: /root/Shared/MIAPR_Projekt/colcon_ws/install/mesh_navigation/share/mesh_navigation/local_setup.zsh
-- Symlinking: /root/Shared/MIAPR_Projekt/colcon_ws/install/mesh_navigation/share/mesh_navigation/local_setup.dsv
-- Symlinking: /root/Shared/MIAPR_Projekt/colcon_ws/install/mesh_navigation/share/mesh_navigation/package.dsv
-- Symlinking: /root/Shared/MIAPR_Projekt/colcon_ws/install/mesh_navigation/share/ament_index/resource_index/packages/mesh_navigation
-- Symlinking: /root/Shared/MIAPR_Projekt/colcon_ws/install/mesh_navigation/share/mesh_navigation/cmake/mesh_navigationConfig.cmake
-- Symlinking: /root/Shared/MIAPR_Projekt/colcon_ws/install/mesh_navigation/share/mesh_navigation/cmake/mesh_navigationConfig-version.cmake
-- Symlinking: /root/Shared/MIAPR_Projekt/colcon_ws/install/mesh_navigation/share/mesh_navigation/package.xml
