-- The C compiler identification is GNU 13.3.0
-- The CXX compiler identification is GNU 13.3.0
-- Detecting C compiler ABI info
-- Detecting C compiler ABI info - done
-- Check for working C compiler: /usr/bin/cc - skipped
-- Detecting C compile features
-- Detecting C compile features - done
-- Detecting CXX compiler ABI info
-- Detecting CXX compiler ABI info - done
-- Check for working CXX compiler: /usr/bin/c++ - skipped
-- Detecting CXX compile features
-- Detecting CXX compile features - done
-- Found ament_cmake_ros: 0.12.0 (/opt/ros/jazzy/share/ament_cmake_ros/cmake)
-- Found Python3: /usr/bin/python3 (found version "3.12.3") found components: Interpreter 
-- Override CMake install command with custom implementation using symlinks instead of copying resources
-- Found geometry_msgs: 5.3.6 (/opt/ros/jazzy/share/geometry_msgs/cmake)
-- Found rosidl_generator_c: 4.6.7 (/opt/ros/jazzy/share/rosidl_generator_c/cmake)
-- Found rosidl_generator_cpp: 4.6.7 (/opt/ros/jazzy/share/rosidl_generator_cpp/cmake)
-- Using all available rosidl_typesupport_c: rosidl_typesupport_fastrtps_c;rosidl_typesupport_introspection_c
-- Using all available rosidl_typesupport_cpp: rosidl_typesupport_fastrtps_cpp;rosidl_typesupport_introspection_cpp
-- Found mbf_abstract_nav: 1.0.5 (/opt/ros/jazzy/share/mbf_abstract_nav/cmake)
-- Found rmw_implementation_cmake: 7.3.3 (/opt/ros/jazzy/share/rmw_implementation_cmake/cmake)
-- Found rmw_fastrtps_cpp: 8.4.3 (/opt/ros/jazzy/share/rmw_fastrtps_cpp/cmake)
-- Found OpenSSL: /usr/lib/x86_64-linux-gnu/libcrypto.so (found version "3.0.13")  
-- Found FastRTPS: /opt/ros/jazzy/include (Required is at least version "2.13") 
-- Using RMW implementation 'rmw_fastrtps_cpp' as default
-- Found eigen3_cmake_module: 0.3.0 (/opt/ros/jazzy/share/eigen3_cmake_module/cmake)
-- Found Eigen3: TRUE (found version "3.4.0") 
-- Ensuring Eigen3 include directory is part of orocos-kdl CMake target
-- Found mbf_simple_core: 1.0.5 (/opt/ros/jazzy/share/mbf_simple_core/cmake)
-- Found mbf_mesh_core: 3.0.1 (/root/Shared/MIAPR_Projekt/colcon_ws/install/mbf_mesh_core/share/mbf_mesh_core/cmake)
-- Found MPI_C: /usr/lib/x86_64-linux-gnu/openmpi/lib/libmpi.so (found version "3.1") 
-- Found MPI_CXX: /usr/lib/x86_64-linux-gnu/openmpi/lib/libmpi_cxx.so (found version "3.1") 
-- Found MPI: TRUE (found version "3.1")  
-- Found TIFF: /usr/lib/x86_64-linux-gnu/libtiff.so (found version "4.5.1")  
-- Found GDAL: /usr/lib/x86_64-linux-gnu/libgdal.so (found version "3.8.4") 
-- Found OpenCV: /usr (found version "4.6.0") 
-- Found FLANN: /usr/include/flann  
-- Try to find LZ4: find_path + find_library
-- Try to find LZ4: FindPackageHandleStandardArgs
-- Found LZ4: /usr/lib/x86_64-linux-gnu/liblz4.so  
-- Found GSL: /usr/include (found version "2.7.1") 
-- Found HDF5: /usr/lib/x86_64-linux-gnu/hdf5/serial/libhdf5.so;/usr/lib/x86_64-linux-gnu/libcrypto.so;/usr/lib/x86_64-linux-gnu/libcurl.so;/usr/lib/x86_64-linux-gnu/libpthread.a;/usr/lib/x86_64-linux-gnu/libsz.so;/usr/lib/x86_64-linux-gnu/libz.so;/usr/lib/x86_64-linux-gnu/libdl.a;/usr/lib/x86_64-linux-gnu/libm.so;/usr/lib/x86_64-linux-gnu/hdf5/serial/libhdf5_cpp.so;/usr/lib/x86_64-linux-gnu/hdf5/serial/libhdf5.so;/usr/lib/x86_64-linux-gnu/libcrypto.so;/usr/lib/x86_64-linux-gnu/libcurl.so;/usr/lib/x86_64-linux-gnu/libpthread.a;/usr/lib/x86_64-linux-gnu/libsz.so;/usr/lib/x86_64-linux-gnu/libz.so;/usr/lib/x86_64-linux-gnu/libdl.a;/usr/lib/x86_64-linux-gnu/libm.so (found version "1.10.10") found components: C CXX HL 
-- Found OpenGL: /usr/lib/x86_64-linux-gnu/libOpenGL.so  found components: OpenGL 
-- Found GLUT: /usr/lib/x86_64-linux-gnu/libglut.so  
-- Found PkgConfig: /usr/bin/pkg-config (found version "1.8.1") 
-- Checking for module 'jsoncpp'
--   Found jsoncpp, version 1.9.5
-- Configuring done (4.6s)
-- Generating done (0.2s)
-- Build files have been written to: /root/Shared/MIAPR_Projekt/colcon_ws/build/mbf_mesh_nav
[ 28%] [32mBuilding CXX object CMakeFiles/mbf_mesh_server.dir/src/mesh_controller_execution.cpp.o[0m
[ 28%] [32mBuilding CXX object CMakeFiles/mbf_mesh_server.dir/src/mesh_recovery_execution.cpp.o[0m
[ 42%] [32mBuilding CXX object CMakeFiles/mbf_mesh_server.dir/src/mesh_planner_execution.cpp.o[0m
[ 57%] [32mBuilding CXX object CMakeFiles/mbf_mesh_server.dir/src/mesh_navigation_server.cpp.o[0m
[ 71%] [32m[1mLinking CXX shared library libmbf_mesh_server.so[0m
[ 71%] Built target mbf_mesh_server
[ 85%] [32mBuilding CXX object CMakeFiles/mbf_mesh_nav.dir/src/mbf_mesh_nav.cpp.o[0m
[100%] [32m[1mLinking CXX executable mbf_mesh_nav[0m
[100%] Built target mbf_mesh_nav
-- Install configuration: "Release"
-- Execute custom install script
-- Symlinking: /root/Shared/MIAPR_Projekt/colcon_ws/install/mbf_mesh_nav/include/mbf_mesh_nav/mesh_controller_execution.h
-- Symlinking: /root/Shared/MIAPR_Projekt/colcon_ws/install/mbf_mesh_nav/include/mbf_mesh_nav/mesh_navigation_server.h
-- Symlinking: /root/Shared/MIAPR_Projekt/colcon_ws/install/mbf_mesh_nav/include/mbf_mesh_nav/mesh_planner_execution.h
-- Symlinking: /root/Shared/MIAPR_Projekt/colcon_ws/install/mbf_mesh_nav/include/mbf_mesh_nav/mesh_recovery_execution.h
-- Symlinking: /root/Shared/MIAPR_Projekt/colcon_ws/install/mbf_mesh_nav/lib/libmbf_mesh_server.so
-- Symlinking: /root/Shared/MIAPR_Projekt/colcon_ws/install/mbf_mesh_nav/lib/mbf_mesh_nav/mbf_mesh_nav
-- Symlinking: /root/Shared/MIAPR_Projekt/colcon_ws/install/mbf_mesh_nav/share/mbf_mesh_nav/environment/library_path.sh
-- Symlinking: /root/Shared/MIAPR_Projekt/colcon_ws/install/mbf_mesh_nav/share/mbf_mesh_nav/environment/library_path.dsv
-- Symlinking: /root/Shared/MIAPR_Projekt/colcon_ws/install/mbf_mesh_nav/share/ament_index/resource_index/package_run_dependencies/mbf_mesh_nav
-- Symlinking: /root/Shared/MIAPR_Projekt/colcon_ws/install/mbf_mesh_nav/share/ament_index/resource_index/parent_prefix_path/mbf_mesh_nav
-- Symlinking: /root/Shared/MIAPR_Projekt/colcon_ws/install/mbf_mesh_nav/share/mbf_mesh_nav/environment/ament_prefix_path.sh
-- Symlinking: /root/Shared/MIAPR_Projekt/colcon_ws/install/mbf_mesh_nav/share/mbf_mesh_nav/environment/ament_prefix_path.dsv
-- Symlinking: /root/Shared/MIAPR_Projekt/colcon_ws/install/mbf_mesh_nav/share/mbf_mesh_nav/environment/path.sh
-- Symlinking: /root/Shared/MIAPR_Projekt/colcon_ws/install/mbf_mesh_nav/share/mbf_mesh_nav/environment/path.dsv
-- Symlinking: /root/Shared/MIAPR_Projekt/colcon_ws/install/mbf_mesh_nav/share/mbf_mesh_nav/local_setup.bash
-- Symlinking: /root/Shared/MIAPR_Projekt/colcon_ws/install/mbf_mesh_nav/share/mbf_mesh_nav/local_setup.sh
-- Symlinking: /root/Shared/MIAPR_Projekt/colcon_ws/install/mbf_mesh_nav/share/mbf_mesh_nav/local_setup.zsh
-- Symlinking: /root/Shared/MIAPR_Projekt/colcon_ws/install/mbf_mesh_nav/share/mbf_mesh_nav/local_setup.dsv
-- Symlinking: /root/Shared/MIAPR_Projekt/colcon_ws/install/mbf_mesh_nav/share/mbf_mesh_nav/package.dsv
-- Symlinking: /root/Shared/MIAPR_Projekt/colcon_ws/install/mbf_mesh_nav/share/ament_index/resource_index/packages/mbf_mesh_nav
-- Symlinking: /root/Shared/MIAPR_Projekt/colcon_ws/install/mbf_mesh_nav/share/mbf_mesh_nav/cmake/ament_cmake_export_include_directories-extras.cmake
-- Symlinking: /root/Shared/MIAPR_Projekt/colcon_ws/install/mbf_mesh_nav/share/mbf_mesh_nav/cmake/ament_cmake_export_libraries-extras.cmake
-- Symlinking: /root/Shared/MIAPR_Projekt/colcon_ws/install/mbf_mesh_nav/share/mbf_mesh_nav/cmake/ament_cmake_export_dependencies-extras.cmake
-- Symlinking: /root/Shared/MIAPR_Projekt/colcon_ws/install/mbf_mesh_nav/share/mbf_mesh_nav/cmake/mbf_mesh_navConfig.cmake
-- Symlinking: /root/Shared/MIAPR_Projekt/colcon_ws/install/mbf_mesh_nav/share/mbf_mesh_nav/cmake/mbf_mesh_navConfig-version.cmake
-- Symlinking: /root/Shared/MIAPR_Projekt/colcon_ws/install/mbf_mesh_nav/share/mbf_mesh_nav/package.xml
