[0.021s] Invoking command in '/root/Shared/MIAPR_Projekt/colcon_ws/build/mbf_mesh_nav': AMENT_PREFIX_PATH=/root/Shared/MIAPR_Projekt/colcon_ws/install/mbf_mesh_core:/root/Shared/MIAPR_Projekt/colcon_ws/install/mesh_map:/root/Shared/MIAPR_Projekt/colcon_ws/install/mesh_msgs_conversions:/root/Shared/MIAPR_Projekt/colcon_ws/install/mesh_msgs:${AMENT_PREFIX_PATH} CMAKE_PREFIX_PATH=/root/Shared/MIAPR_Projekt/colcon_ws/install/mbf_mesh_core:/root/Shared/MIAPR_Projekt/colcon_ws/install/mesh_map:/root/Shared/MIAPR_Projekt/colcon_ws/install/mesh_msgs_conversions:/root/Shared/MIAPR_Projekt/colcon_ws/install/mesh_msgs:/opt/ros/jazzy/opt/gz_math_vendor:/opt/ros/jazzy/opt/gz_utils_vendor:/opt/ros/jazzy/opt/gz_cmake_vendor:/opt/ros/jazzy LD_LIBRARY_PATH=/root/Shared/MIAPR_Projekt/colcon_ws/install/mesh_map/lib:/root/Shared/MIAPR_Projekt/colcon_ws/install/mesh_msgs_conversions/lib:/root/Shared/MIAPR_Projekt/colcon_ws/install/mesh_msgs/lib:${LD_LIBRARY_PATH} PYTHONPATH=/root/Shared/MIAPR_Projekt/colcon_ws/install/mesh_msgs/lib/python3.12/site-packages:${PYTHONPATH} /usr/bin/cmake /root/Shared/MIAPR_Projekt/colcon_ws/src/mesh_navigation/mbf_mesh_nav -DAMENT_CMAKE_SYMLINK_INSTALL=1 -DCMAKE_INSTALL_PREFIX=/root/Shared/MIAPR_Projekt/colcon_ws/install/mbf_mesh_nav
[0.090s] -- The C compiler identification is GNU 13.3.0
[0.156s] -- The CXX compiler identification is GNU 13.3.0
[0.178s] -- Detecting C compiler ABI info
[0.292s] -- Detecting C compiler ABI info - done
[0.301s] -- Check for working C compiler: /usr/bin/cc - skipped
[0.302s] -- Detecting C compile features
[0.302s] -- Detecting C compile features - done
[0.314s] -- Detecting CXX compiler ABI info
[0.432s] -- Detecting CXX compiler ABI info - done
[0.442s] -- Check for working CXX compiler: /usr/bin/c++ - skipped
[0.442s] -- Detecting CXX compile features
[0.442s] -- Detecting CXX compile features - done
[0.446s] -- Found ament_cmake_ros: 0.12.0 (/opt/ros/jazzy/share/ament_cmake_ros/cmake)
[0.623s] -- Found Python3: /usr/bin/python3 (found version "3.12.3") found components: Interpreter 
[0.701s] -- Override CMake install command with custom implementation using symlinks instead of copying resources
[0.748s] -- Found geometry_msgs: 5.3.6 (/opt/ros/jazzy/share/geometry_msgs/cmake)
[0.798s] -- Found rosidl_generator_c: 4.6.7 (/opt/ros/jazzy/share/rosidl_generator_c/cmake)
[0.815s] -- Found rosidl_generator_cpp: 4.6.7 (/opt/ros/jazzy/share/rosidl_generator_cpp/cmake)
[0.835s] -- Using all available rosidl_typesupport_c: rosidl_typesupport_fastrtps_c;rosidl_typesupport_introspection_c
[0.856s] -- Using all available rosidl_typesupport_cpp: rosidl_typesupport_fastrtps_cpp;rosidl_typesupport_introspection_cpp
[0.911s] -- Found mbf_abstract_nav: 1.0.5 (/opt/ros/jazzy/share/mbf_abstract_nav/cmake)
[1.093s] -- Found rmw_implementation_cmake: 7.3.3 (/opt/ros/jazzy/share/rmw_implementation_cmake/cmake)
[1.097s] -- Found rmw_fastrtps_cpp: 8.4.3 (/opt/ros/jazzy/share/rmw_fastrtps_cpp/cmake)
[1.238s] -- Found OpenSSL: /usr/lib/x86_64-linux-gnu/libcrypto.so (found version "3.0.13")  
[1.260s] -- Found FastRTPS: /opt/ros/jazzy/include (Required is at least version "2.13") 
[1.291s] -- Using RMW implementation 'rmw_fastrtps_cpp' as default
[1.509s] -- Found eigen3_cmake_module: 0.3.0 (/opt/ros/jazzy/share/eigen3_cmake_module/cmake)
[1.510s] -- Found Eigen3: TRUE (found version "3.4.0") 
[1.510s] -- Ensuring Eigen3 include directory is part of orocos-kdl CMake target
[1.548s] -- Found mbf_simple_core: 1.0.5 (/opt/ros/jazzy/share/mbf_simple_core/cmake)
[1.555s] -- Found mbf_mesh_core: 3.0.1 (/root/Shared/MIAPR_Projekt/colcon_ws/install/mbf_mesh_core/share/mbf_mesh_core/cmake)
[1.899s] -- Found MPI_C: /usr/lib/x86_64-linux-gnu/openmpi/lib/libmpi.so (found version "3.1") 
[3.080s] -- Found MPI_CXX: /usr/lib/x86_64-linux-gnu/openmpi/lib/libmpi_cxx.so (found version "3.1") 
[3.081s] -- Found MPI: TRUE (found version "3.1")  
[3.101s] -- Found TIFF: /usr/lib/x86_64-linux-gnu/libtiff.so (found version "4.5.1")  
[3.111s] -- Found GDAL: /usr/lib/x86_64-linux-gnu/libgdal.so (found version "3.8.4") 
[3.122s] -- Found OpenCV: /usr (found version "4.6.0") 
[3.124s] -- Found FLANN: /usr/include/flann  
[3.124s] -- Try to find LZ4: find_path + find_library
[3.125s] -- Try to find LZ4: FindPackageHandleStandardArgs
[3.125s] -- Found LZ4: /usr/lib/x86_64-linux-gnu/liblz4.so  
[3.248s] -- Found GSL: /usr/include (found version "2.7.1") 
[4.191s] -- Found HDF5: /usr/lib/x86_64-linux-gnu/hdf5/serial/libhdf5.so;/usr/lib/x86_64-linux-gnu/libcrypto.so;/usr/lib/x86_64-linux-gnu/libcurl.so;/usr/lib/x86_64-linux-gnu/libpthread.a;/usr/lib/x86_64-linux-gnu/libsz.so;/usr/lib/x86_64-linux-gnu/libz.so;/usr/lib/x86_64-linux-gnu/libdl.a;/usr/lib/x86_64-linux-gnu/libm.so;/usr/lib/x86_64-linux-gnu/hdf5/serial/libhdf5_cpp.so;/usr/lib/x86_64-linux-gnu/hdf5/serial/libhdf5.so;/usr/lib/x86_64-linux-gnu/libcrypto.so;/usr/lib/x86_64-linux-gnu/libcurl.so;/usr/lib/x86_64-linux-gnu/libpthread.a;/usr/lib/x86_64-linux-gnu/libsz.so;/usr/lib/x86_64-linux-gnu/libz.so;/usr/lib/x86_64-linux-gnu/libdl.a;/usr/lib/x86_64-linux-gnu/libm.so (found version "1.10.10") found components: C CXX HL 
[4.199s] -- Found OpenGL: /usr/lib/x86_64-linux-gnu/libOpenGL.so  found components: OpenGL 
[4.310s] -- Found GLUT: /usr/lib/x86_64-linux-gnu/libglut.so  
[4.334s] -- Found PkgConfig: /usr/bin/pkg-config (found version "1.8.1") 
[4.336s] -- Checking for module 'jsoncpp'
[4.366s] --   Found jsoncpp, version 1.9.5
[4.620s] -- Configuring done (4.6s)
[4.812s] -- Generating done (0.2s)
[4.822s] -- Build files have been written to: /root/Shared/MIAPR_Projekt/colcon_ws/build/mbf_mesh_nav
[4.839s] Invoked command in '/root/Shared/MIAPR_Projekt/colcon_ws/build/mbf_mesh_nav' returned '0': AMENT_PREFIX_PATH=/root/Shared/MIAPR_Projekt/colcon_ws/install/mbf_mesh_core:/root/Shared/MIAPR_Projekt/colcon_ws/install/mesh_map:/root/Shared/MIAPR_Projekt/colcon_ws/install/mesh_msgs_conversions:/root/Shared/MIAPR_Projekt/colcon_ws/install/mesh_msgs:${AMENT_PREFIX_PATH} CMAKE_PREFIX_PATH=/root/Shared/MIAPR_Projekt/colcon_ws/install/mbf_mesh_core:/root/Shared/MIAPR_Projekt/colcon_ws/install/mesh_map:/root/Shared/MIAPR_Projekt/colcon_ws/install/mesh_msgs_conversions:/root/Shared/MIAPR_Projekt/colcon_ws/install/mesh_msgs:/opt/ros/jazzy/opt/gz_math_vendor:/opt/ros/jazzy/opt/gz_utils_vendor:/opt/ros/jazzy/opt/gz_cmake_vendor:/opt/ros/jazzy LD_LIBRARY_PATH=/root/Shared/MIAPR_Projekt/colcon_ws/install/mesh_map/lib:/root/Shared/MIAPR_Projekt/colcon_ws/install/mesh_msgs_conversions/lib:/root/Shared/MIAPR_Projekt/colcon_ws/install/mesh_msgs/lib:${LD_LIBRARY_PATH} PYTHONPATH=/root/Shared/MIAPR_Projekt/colcon_ws/install/mesh_msgs/lib/python3.12/site-packages:${PYTHONPATH} /usr/bin/cmake /root/Shared/MIAPR_Projekt/colcon_ws/src/mesh_navigation/mbf_mesh_nav -DAMENT_CMAKE_SYMLINK_INSTALL=1 -DCMAKE_INSTALL_PREFIX=/root/Shared/MIAPR_Projekt/colcon_ws/install/mbf_mesh_nav
[4.840s] Invoking command in '/root/Shared/MIAPR_Projekt/colcon_ws/build/mbf_mesh_nav': AMENT_PREFIX_PATH=/root/Shared/MIAPR_Projekt/colcon_ws/install/mbf_mesh_core:/root/Shared/MIAPR_Projekt/colcon_ws/install/mesh_map:/root/Shared/MIAPR_Projekt/colcon_ws/install/mesh_msgs_conversions:/root/Shared/MIAPR_Projekt/colcon_ws/install/mesh_msgs:${AMENT_PREFIX_PATH} CMAKE_PREFIX_PATH=/root/Shared/MIAPR_Projekt/colcon_ws/install/mbf_mesh_core:/root/Shared/MIAPR_Projekt/colcon_ws/install/mesh_map:/root/Shared/MIAPR_Projekt/colcon_ws/install/mesh_msgs_conversions:/root/Shared/MIAPR_Projekt/colcon_ws/install/mesh_msgs:/opt/ros/jazzy/opt/gz_math_vendor:/opt/ros/jazzy/opt/gz_utils_vendor:/opt/ros/jazzy/opt/gz_cmake_vendor:/opt/ros/jazzy LD_LIBRARY_PATH=/root/Shared/MIAPR_Projekt/colcon_ws/install/mesh_map/lib:/root/Shared/MIAPR_Projekt/colcon_ws/install/mesh_msgs_conversions/lib:/root/Shared/MIAPR_Projekt/colcon_ws/install/mesh_msgs/lib:${LD_LIBRARY_PATH} PYTHONPATH=/root/Shared/MIAPR_Projekt/colcon_ws/install/mesh_msgs/lib/python3.12/site-packages:${PYTHONPATH} /usr/bin/cmake --build /root/Shared/MIAPR_Projekt/colcon_ws/build/mbf_mesh_nav -- -j12 -l12
[4.912s] [ 28%] [32mBuilding CXX object CMakeFiles/mbf_mesh_server.dir/src/mesh_controller_execution.cpp.o[0m
[4.912s] [ 28%] [32mBuilding CXX object CMakeFiles/mbf_mesh_server.dir/src/mesh_recovery_execution.cpp.o[0m
[4.912s] [ 42%] [32mBuilding CXX object CMakeFiles/mbf_mesh_server.dir/src/mesh_planner_execution.cpp.o[0m
[4.913s] [ 57%] [32mBuilding CXX object CMakeFiles/mbf_mesh_server.dir/src/mesh_navigation_server.cpp.o[0m
[28.428s] [ 71%] [32m[1mLinking CXX shared library libmbf_mesh_server.so[0m
[29.021s] [ 71%] Built target mbf_mesh_server
[29.054s] [ 85%] [32mBuilding CXX object CMakeFiles/mbf_mesh_nav.dir/src/mbf_mesh_nav.cpp.o[0m
[40.118s] [100%] [32m[1mLinking CXX executable mbf_mesh_nav[0m
[41.010s] [100%] Built target mbf_mesh_nav
[41.027s] Invoked command in '/root/Shared/MIAPR_Projekt/colcon_ws/build/mbf_mesh_nav' returned '0': AMENT_PREFIX_PATH=/root/Shared/MIAPR_Projekt/colcon_ws/install/mbf_mesh_core:/root/Shared/MIAPR_Projekt/colcon_ws/install/mesh_map:/root/Shared/MIAPR_Projekt/colcon_ws/install/mesh_msgs_conversions:/root/Shared/MIAPR_Projekt/colcon_ws/install/mesh_msgs:${AMENT_PREFIX_PATH} CMAKE_PREFIX_PATH=/root/Shared/MIAPR_Projekt/colcon_ws/install/mbf_mesh_core:/root/Shared/MIAPR_Projekt/colcon_ws/install/mesh_map:/root/Shared/MIAPR_Projekt/colcon_ws/install/mesh_msgs_conversions:/root/Shared/MIAPR_Projekt/colcon_ws/install/mesh_msgs:/opt/ros/jazzy/opt/gz_math_vendor:/opt/ros/jazzy/opt/gz_utils_vendor:/opt/ros/jazzy/opt/gz_cmake_vendor:/opt/ros/jazzy LD_LIBRARY_PATH=/root/Shared/MIAPR_Projekt/colcon_ws/install/mesh_map/lib:/root/Shared/MIAPR_Projekt/colcon_ws/install/mesh_msgs_conversions/lib:/root/Shared/MIAPR_Projekt/colcon_ws/install/mesh_msgs/lib:${LD_LIBRARY_PATH} PYTHONPATH=/root/Shared/MIAPR_Projekt/colcon_ws/install/mesh_msgs/lib/python3.12/site-packages:${PYTHONPATH} /usr/bin/cmake --build /root/Shared/MIAPR_Projekt/colcon_ws/build/mbf_mesh_nav -- -j12 -l12
[41.029s] Invoking command in '/root/Shared/MIAPR_Projekt/colcon_ws/build/mbf_mesh_nav': AMENT_PREFIX_PATH=/root/Shared/MIAPR_Projekt/colcon_ws/install/mbf_mesh_core:/root/Shared/MIAPR_Projekt/colcon_ws/install/mesh_map:/root/Shared/MIAPR_Projekt/colcon_ws/install/mesh_msgs_conversions:/root/Shared/MIAPR_Projekt/colcon_ws/install/mesh_msgs:${AMENT_PREFIX_PATH} CMAKE_PREFIX_PATH=/root/Shared/MIAPR_Projekt/colcon_ws/install/mbf_mesh_core:/root/Shared/MIAPR_Projekt/colcon_ws/install/mesh_map:/root/Shared/MIAPR_Projekt/colcon_ws/install/mesh_msgs_conversions:/root/Shared/MIAPR_Projekt/colcon_ws/install/mesh_msgs:/opt/ros/jazzy/opt/gz_math_vendor:/opt/ros/jazzy/opt/gz_utils_vendor:/opt/ros/jazzy/opt/gz_cmake_vendor:/opt/ros/jazzy LD_LIBRARY_PATH=/root/Shared/MIAPR_Projekt/colcon_ws/install/mesh_map/lib:/root/Shared/MIAPR_Projekt/colcon_ws/install/mesh_msgs_conversions/lib:/root/Shared/MIAPR_Projekt/colcon_ws/install/mesh_msgs/lib:${LD_LIBRARY_PATH} PYTHONPATH=/root/Shared/MIAPR_Projekt/colcon_ws/install/mesh_msgs/lib/python3.12/site-packages:${PYTHONPATH} /usr/bin/cmake --install /root/Shared/MIAPR_Projekt/colcon_ws/build/mbf_mesh_nav
[41.039s] -- Install configuration: "Release"
[41.040s] -- Execute custom install script
[41.040s] -- Symlinking: /root/Shared/MIAPR_Projekt/colcon_ws/install/mbf_mesh_nav/include/mbf_mesh_nav/mesh_controller_execution.h
[41.052s] -- Symlinking: /root/Shared/MIAPR_Projekt/colcon_ws/install/mbf_mesh_nav/include/mbf_mesh_nav/mesh_navigation_server.h
[41.065s] -- Symlinking: /root/Shared/MIAPR_Projekt/colcon_ws/install/mbf_mesh_nav/include/mbf_mesh_nav/mesh_planner_execution.h
[41.078s] -- Symlinking: /root/Shared/MIAPR_Projekt/colcon_ws/install/mbf_mesh_nav/include/mbf_mesh_nav/mesh_recovery_execution.h
[41.090s] -- Symlinking: /root/Shared/MIAPR_Projekt/colcon_ws/install/mbf_mesh_nav/lib/libmbf_mesh_server.so
[41.102s] -- Symlinking: /root/Shared/MIAPR_Projekt/colcon_ws/install/mbf_mesh_nav/lib/mbf_mesh_nav/mbf_mesh_nav
[41.114s] -- Symlinking: /root/Shared/MIAPR_Projekt/colcon_ws/install/mbf_mesh_nav/share/mbf_mesh_nav/environment/library_path.sh
[41.126s] -- Symlinking: /root/Shared/MIAPR_Projekt/colcon_ws/install/mbf_mesh_nav/share/mbf_mesh_nav/environment/library_path.dsv
[41.138s] -- Symlinking: /root/Shared/MIAPR_Projekt/colcon_ws/install/mbf_mesh_nav/share/ament_index/resource_index/package_run_dependencies/mbf_mesh_nav
[41.150s] -- Symlinking: /root/Shared/MIAPR_Projekt/colcon_ws/install/mbf_mesh_nav/share/ament_index/resource_index/parent_prefix_path/mbf_mesh_nav
[41.163s] -- Symlinking: /root/Shared/MIAPR_Projekt/colcon_ws/install/mbf_mesh_nav/share/mbf_mesh_nav/environment/ament_prefix_path.sh
[41.175s] -- Symlinking: /root/Shared/MIAPR_Projekt/colcon_ws/install/mbf_mesh_nav/share/mbf_mesh_nav/environment/ament_prefix_path.dsv
[41.187s] -- Symlinking: /root/Shared/MIAPR_Projekt/colcon_ws/install/mbf_mesh_nav/share/mbf_mesh_nav/environment/path.sh
[41.201s] -- Symlinking: /root/Shared/MIAPR_Projekt/colcon_ws/install/mbf_mesh_nav/share/mbf_mesh_nav/environment/path.dsv
[41.214s] -- Symlinking: /root/Shared/MIAPR_Projekt/colcon_ws/install/mbf_mesh_nav/share/mbf_mesh_nav/local_setup.bash
[41.227s] -- Symlinking: /root/Shared/MIAPR_Projekt/colcon_ws/install/mbf_mesh_nav/share/mbf_mesh_nav/local_setup.sh
[41.240s] -- Symlinking: /root/Shared/MIAPR_Projekt/colcon_ws/install/mbf_mesh_nav/share/mbf_mesh_nav/local_setup.zsh
[41.252s] -- Symlinking: /root/Shared/MIAPR_Projekt/colcon_ws/install/mbf_mesh_nav/share/mbf_mesh_nav/local_setup.dsv
[41.263s] -- Symlinking: /root/Shared/MIAPR_Projekt/colcon_ws/install/mbf_mesh_nav/share/mbf_mesh_nav/package.dsv
[41.275s] -- Symlinking: /root/Shared/MIAPR_Projekt/colcon_ws/install/mbf_mesh_nav/share/ament_index/resource_index/packages/mbf_mesh_nav
[41.288s] -- Symlinking: /root/Shared/MIAPR_Projekt/colcon_ws/install/mbf_mesh_nav/share/mbf_mesh_nav/cmake/ament_cmake_export_include_directories-extras.cmake
[41.300s] -- Symlinking: /root/Shared/MIAPR_Projekt/colcon_ws/install/mbf_mesh_nav/share/mbf_mesh_nav/cmake/ament_cmake_export_libraries-extras.cmake
[41.312s] -- Symlinking: /root/Shared/MIAPR_Projekt/colcon_ws/install/mbf_mesh_nav/share/mbf_mesh_nav/cmake/ament_cmake_export_dependencies-extras.cmake
[41.323s] -- Symlinking: /root/Shared/MIAPR_Projekt/colcon_ws/install/mbf_mesh_nav/share/mbf_mesh_nav/cmake/mbf_mesh_navConfig.cmake
[41.335s] -- Symlinking: /root/Shared/MIAPR_Projekt/colcon_ws/install/mbf_mesh_nav/share/mbf_mesh_nav/cmake/mbf_mesh_navConfig-version.cmake
[41.347s] -- Symlinking: /root/Shared/MIAPR_Projekt/colcon_ws/install/mbf_mesh_nav/share/mbf_mesh_nav/package.xml
[41.363s] Invoked command in '/root/Shared/MIAPR_Projekt/colcon_ws/build/mbf_mesh_nav' returned '0': AMENT_PREFIX_PATH=/root/Shared/MIAPR_Projekt/colcon_ws/install/mbf_mesh_core:/root/Shared/MIAPR_Projekt/colcon_ws/install/mesh_map:/root/Shared/MIAPR_Projekt/colcon_ws/install/mesh_msgs_conversions:/root/Shared/MIAPR_Projekt/colcon_ws/install/mesh_msgs:${AMENT_PREFIX_PATH} CMAKE_PREFIX_PATH=/root/Shared/MIAPR_Projekt/colcon_ws/install/mbf_mesh_core:/root/Shared/MIAPR_Projekt/colcon_ws/install/mesh_map:/root/Shared/MIAPR_Projekt/colcon_ws/install/mesh_msgs_conversions:/root/Shared/MIAPR_Projekt/colcon_ws/install/mesh_msgs:/opt/ros/jazzy/opt/gz_math_vendor:/opt/ros/jazzy/opt/gz_utils_vendor:/opt/ros/jazzy/opt/gz_cmake_vendor:/opt/ros/jazzy LD_LIBRARY_PATH=/root/Shared/MIAPR_Projekt/colcon_ws/install/mesh_map/lib:/root/Shared/MIAPR_Projekt/colcon_ws/install/mesh_msgs_conversions/lib:/root/Shared/MIAPR_Projekt/colcon_ws/install/mesh_msgs/lib:${LD_LIBRARY_PATH} PYTHONPATH=/root/Shared/MIAPR_Projekt/colcon_ws/install/mesh_msgs/lib/python3.12/site-packages:${PYTHONPATH} /usr/bin/cmake --install /root/Shared/MIAPR_Projekt/colcon_ws/build/mbf_mesh_nav
