[0.034s] Invoking command in '/root/Shared/MIAPR_Projekt/colcon_ws/build/label_manager': CMAKE_PREFIX_PATH=/root/Shared/MIAPR_Projekt/colcon_ws/install/mesh_msgs:/opt/ros/jazzy/opt/gz_sim_vendor:/opt/ros/jazzy/opt/gz_sensors_vendor:/opt/ros/jazzy/opt/gz_physics_vendor:/opt/ros/jazzy/opt/sdformat_vendor:/opt/ros/jazzy/opt/gz_gui_vendor:/opt/ros/jazzy/opt/gz_transport_vendor:/opt/ros/jazzy/opt/gz_rendering_vendor:/opt/ros/jazzy/opt/gz_plugin_vendor:/opt/ros/jazzy/opt/gz_fuel_tools_vendor:/opt/ros/jazzy/opt/gz_msgs_vendor:/opt/ros/jazzy/opt/gz_common_vendor:/opt/ros/jazzy/opt/gz_tools_vendor:/opt/ros/jazzy/opt/gz_ogre_next_vendor:/opt/ros/jazzy/opt/gz_dartsim_vendor:/root/Shared/MIAPR_Projekt/colcon_ws/install/mesh_tools:/root/Shared/MIAPR_Projekt/colcon_ws/install/mesh_navigation_pluto:/root/Shared/MIAPR_Projekt/colcon_ws/install/mesh_navigation_ceres:/root/Shared/MIAPR_Projekt/colcon_ws/install/mesh_navigation_tutorials:/root/Shared/MIAPR_Projekt/colcon_ws/install/rviz_mesh_tools_plugins:/root/Shared/MIAPR_Projekt/colcon_ws/install/rviz_mbf_plugins:/root/Shared/MIAPR_Projekt/colcon_ws/install/move_base_flex:/root/Shared/MIAPR_Projekt/colcon_ws/install/mesh_navigation_pluto_sim:/root/Shared/MIAPR_Projekt/colcon_ws/install/mesh_navigation_ceres_sim:/root/Shared/MIAPR_Projekt/colcon_ws/install/mesh_navigation_tutorials_sim:/root/Shared/MIAPR_Projekt/colcon_ws/install/mesh_navigation:/root/Shared/MIAPR_Projekt/colcon_ws/install/mesh_msgs_transform:/root/Shared/MIAPR_Projekt/colcon_ws/install/mesh_layers:/root/Shared/MIAPR_Projekt/colcon_ws/install/mesh_controller:/root/Shared/MIAPR_Projekt/colcon_ws/install/mbf_mesh_nav:/root/Shared/MIAPR_Projekt/colcon_ws/install/dijkstra_mesh_planner:/root/Shared/MIAPR_Projekt/colcon_ws/install/cvp_mesh_planner:/root/Shared/MIAPR_Projekt/colcon_ws/install/mbf_mesh_core:/root/Shared/MIAPR_Projekt/colcon_ws/install/mesh_map:/root/Shared/MIAPR_Projekt/colcon_ws/install/mesh_msgs_conversions:/root/Shared/MIAPR_Projekt/colcon_ws/install/label_manager:/root/Shared/MIAPR_Projekt/colcon_ws/install/mbf_simple_nav:/root/Shared/MIAPR_Projekt/colcon_ws/install/mbf_simple_core:/root/Shared/MIAPR_Projekt/colcon_ws/install/mbf_abstract_nav:/root/Shared/MIAPR_Projekt/colcon_ws/install/mbf_utility:/root/Shared/MIAPR_Projekt/colcon_ws/install/mbf_test_utility:/root/Shared/MIAPR_Projekt/colcon_ws/install/mbf_msgs:/root/Shared/MIAPR_Projekt/colcon_ws/install/mbf_abstract_core:/opt/ros/jazzy/opt/gz_math_vendor:/opt/ros/jazzy/opt/gz_utils_vendor:/opt/ros/jazzy/opt/gz_cmake_vendor:/opt/ros/jazzy LD_LIBRARY_PATH=/root/Shared/MIAPR_Projekt/colcon_ws/install/mesh_msgs/lib:/opt/ros/jazzy/opt/gz_sim_vendor/lib:/opt/ros/jazzy/opt/gz_sensors_vendor/lib:/opt/ros/jazzy/opt/gz_physics_vendor/lib:/opt/ros/jazzy/opt/sdformat_vendor/lib:/opt/ros/jazzy/opt/gz_gui_vendor/lib:/opt/ros/jazzy/opt/gz_transport_vendor/lib:/opt/ros/jazzy/opt/gz_rendering_vendor/lib:/opt/ros/jazzy/opt/gz_plugin_vendor/lib:/opt/ros/jazzy/opt/gz_fuel_tools_vendor/lib:/opt/ros/jazzy/opt/gz_msgs_vendor/lib:/opt/ros/jazzy/opt/gz_common_vendor/lib:/opt/ros/jazzy/opt/gz_tools_vendor/lib:/opt/ros/jazzy/opt/gz_ogre_next_vendor/lib:/opt/ros/jazzy/opt/gz_dartsim_vendor/lib:/root/Shared/MIAPR_Projekt/colcon_ws/install/rviz_mesh_tools_plugins/lib:/root/Shared/MIAPR_Projekt/colcon_ws/install/rviz_mbf_plugins/lib:/root/Shared/MIAPR_Projekt/colcon_ws/install/mesh_navigation_tutorials_sim/lib:/root/Shared/MIAPR_Projekt/colcon_ws/install/mesh_msgs_transform/lib:/root/Shared/MIAPR_Projekt/colcon_ws/install/mesh_layers/lib:/root/Shared/MIAPR_Projekt/colcon_ws/install/mesh_controller/lib:/root/Shared/MIAPR_Projekt/colcon_ws/install/mbf_mesh_nav/lib:/root/Shared/MIAPR_Projekt/colcon_ws/install/dijkstra_mesh_planner/lib:/root/Shared/MIAPR_Projekt/colcon_ws/install/cvp_mesh_planner/lib:/root/Shared/MIAPR_Projekt/colcon_ws/install/mesh_map/lib:/root/Shared/MIAPR_Projekt/colcon_ws/install/mesh_msgs_conversions/lib:/root/Shared/MIAPR_Projekt/colcon_ws/install/label_manager/lib:/root/Shared/MIAPR_Projekt/colcon_ws/install/mbf_simple_nav/lib:/root/Shared/MIAPR_Projekt/colcon_ws/install/mbf_abstract_nav/lib:/root/Shared/MIAPR_Projekt/colcon_ws/install/mbf_utility/lib:/root/Shared/MIAPR_Projekt/colcon_ws/install/mbf_test_utility/lib:/root/Shared/MIAPR_Projekt/colcon_ws/install/mbf_msgs/lib:/opt/ros/jazzy/opt/rviz_ogre_vendor/lib:/opt/ros/jazzy/lib/x86_64-linux-gnu:/opt/ros/jazzy/opt/gz_math_vendor/lib:/opt/ros/jazzy/opt/gz_utils_vendor/lib:/opt/ros/jazzy/opt/gz_cmake_vendor/lib:/opt/ros/jazzy/lib PYTHONPATH=/root/Shared/MIAPR_Projekt/colcon_ws/install/mesh_msgs/lib/python3.12/site-packages:/root/Shared/MIAPR_Projekt/colcon_ws/install/label_manager/lib/python3.12/site-packages:/root/Shared/MIAPR_Projekt/colcon_ws/install/mbf_msgs/lib/python3.12/site-packages:/opt/ros/jazzy/lib/python3.12/site-packages /usr/bin/cmake --build /root/Shared/MIAPR_Projekt/colcon_ws/build/label_manager -- -j12 -l12
[0.176s] [  1%] Built target label_manager__rosidl_generator_type_description
[0.197s] [  1%] Built target ament_cmake_python_symlink_label_manager
[0.231s] [  3%] Built target label_manager__cpp
[0.234s] [ 22%] Built target label_manager__rosidl_generator_c
[0.310s] [ 40%] Built target label_manager__rosidl_typesupport_fastrtps_cpp
[0.311s] [ 40%] Built target label_manager__rosidl_typesupport_introspection_c
[0.317s] [ 49%] Built target label_manager__rosidl_typesupport_cpp
[0.321s] [ 57%] Built target label_manager__rosidl_typesupport_fastrtps_c
[0.328s] [ 66%] Built target label_manager__rosidl_typesupport_introspection_cpp
[0.333s] [ 75%] Built target label_manager__rosidl_typesupport_c
[0.404s] [ 75%] Built target label_manager
[0.474s] [ 77%] Built target label_manager__py
[0.486s] [ 82%] Built target label_manager_node
[0.549s] [ 89%] Built target label_manager__rosidl_generator_py
[0.589s] running egg_info
[0.610s] [ 96%] Built target label_manager_s__rosidl_typesupport_fastrtps_c
[0.610s] [ 96%] Built target label_manager_s__rosidl_typesupport_introspection_c
[0.613s] [100%] Built target label_manager_s__rosidl_typesupport_c
[0.616s] writing label_manager.egg-info/PKG-INFO
[0.618s] writing dependency_links to label_manager.egg-info/dependency_links.txt
[0.618s] writing top-level names to label_manager.egg-info/top_level.txt
[0.681s] reading manifest file 'label_manager.egg-info/SOURCES.txt'
[0.681s] writing manifest file 'label_manager.egg-info/SOURCES.txt'
[0.782s] [100%] Built target ament_cmake_python_build_label_manager_egg
[0.815s] Invoked command in '/root/Shared/MIAPR_Projekt/colcon_ws/build/label_manager' returned '0': CMAKE_PREFIX_PATH=/root/Shared/MIAPR_Projekt/colcon_ws/install/mesh_msgs:/opt/ros/jazzy/opt/gz_sim_vendor:/opt/ros/jazzy/opt/gz_sensors_vendor:/opt/ros/jazzy/opt/gz_physics_vendor:/opt/ros/jazzy/opt/sdformat_vendor:/opt/ros/jazzy/opt/gz_gui_vendor:/opt/ros/jazzy/opt/gz_transport_vendor:/opt/ros/jazzy/opt/gz_rendering_vendor:/opt/ros/jazzy/opt/gz_plugin_vendor:/opt/ros/jazzy/opt/gz_fuel_tools_vendor:/opt/ros/jazzy/opt/gz_msgs_vendor:/opt/ros/jazzy/opt/gz_common_vendor:/opt/ros/jazzy/opt/gz_tools_vendor:/opt/ros/jazzy/opt/gz_ogre_next_vendor:/opt/ros/jazzy/opt/gz_dartsim_vendor:/root/Shared/MIAPR_Projekt/colcon_ws/install/mesh_tools:/root/Shared/MIAPR_Projekt/colcon_ws/install/mesh_navigation_pluto:/root/Shared/MIAPR_Projekt/colcon_ws/install/mesh_navigation_ceres:/root/Shared/MIAPR_Projekt/colcon_ws/install/mesh_navigation_tutorials:/root/Shared/MIAPR_Projekt/colcon_ws/install/rviz_mesh_tools_plugins:/root/Shared/MIAPR_Projekt/colcon_ws/install/rviz_mbf_plugins:/root/Shared/MIAPR_Projekt/colcon_ws/install/move_base_flex:/root/Shared/MIAPR_Projekt/colcon_ws/install/mesh_navigation_pluto_sim:/root/Shared/MIAPR_Projekt/colcon_ws/install/mesh_navigation_ceres_sim:/root/Shared/MIAPR_Projekt/colcon_ws/install/mesh_navigation_tutorials_sim:/root/Shared/MIAPR_Projekt/colcon_ws/install/mesh_navigation:/root/Shared/MIAPR_Projekt/colcon_ws/install/mesh_msgs_transform:/root/Shared/MIAPR_Projekt/colcon_ws/install/mesh_layers:/root/Shared/MIAPR_Projekt/colcon_ws/install/mesh_controller:/root/Shared/MIAPR_Projekt/colcon_ws/install/mbf_mesh_nav:/root/Shared/MIAPR_Projekt/colcon_ws/install/dijkstra_mesh_planner:/root/Shared/MIAPR_Projekt/colcon_ws/install/cvp_mesh_planner:/root/Shared/MIAPR_Projekt/colcon_ws/install/mbf_mesh_core:/root/Shared/MIAPR_Projekt/colcon_ws/install/mesh_map:/root/Shared/MIAPR_Projekt/colcon_ws/install/mesh_msgs_conversions:/root/Shared/MIAPR_Projekt/colcon_ws/install/label_manager:/root/Shared/MIAPR_Projekt/colcon_ws/install/mbf_simple_nav:/root/Shared/MIAPR_Projekt/colcon_ws/install/mbf_simple_core:/root/Shared/MIAPR_Projekt/colcon_ws/install/mbf_abstract_nav:/root/Shared/MIAPR_Projekt/colcon_ws/install/mbf_utility:/root/Shared/MIAPR_Projekt/colcon_ws/install/mbf_test_utility:/root/Shared/MIAPR_Projekt/colcon_ws/install/mbf_msgs:/root/Shared/MIAPR_Projekt/colcon_ws/install/mbf_abstract_core:/opt/ros/jazzy/opt/gz_math_vendor:/opt/ros/jazzy/opt/gz_utils_vendor:/opt/ros/jazzy/opt/gz_cmake_vendor:/opt/ros/jazzy LD_LIBRARY_PATH=/root/Shared/MIAPR_Projekt/colcon_ws/install/mesh_msgs/lib:/opt/ros/jazzy/opt/gz_sim_vendor/lib:/opt/ros/jazzy/opt/gz_sensors_vendor/lib:/opt/ros/jazzy/opt/gz_physics_vendor/lib:/opt/ros/jazzy/opt/sdformat_vendor/lib:/opt/ros/jazzy/opt/gz_gui_vendor/lib:/opt/ros/jazzy/opt/gz_transport_vendor/lib:/opt/ros/jazzy/opt/gz_rendering_vendor/lib:/opt/ros/jazzy/opt/gz_plugin_vendor/lib:/opt/ros/jazzy/opt/gz_fuel_tools_vendor/lib:/opt/ros/jazzy/opt/gz_msgs_vendor/lib:/opt/ros/jazzy/opt/gz_common_vendor/lib:/opt/ros/jazzy/opt/gz_tools_vendor/lib:/opt/ros/jazzy/opt/gz_ogre_next_vendor/lib:/opt/ros/jazzy/opt/gz_dartsim_vendor/lib:/root/Shared/MIAPR_Projekt/colcon_ws/install/rviz_mesh_tools_plugins/lib:/root/Shared/MIAPR_Projekt/colcon_ws/install/rviz_mbf_plugins/lib:/root/Shared/MIAPR_Projekt/colcon_ws/install/mesh_navigation_tutorials_sim/lib:/root/Shared/MIAPR_Projekt/colcon_ws/install/mesh_msgs_transform/lib:/root/Shared/MIAPR_Projekt/colcon_ws/install/mesh_layers/lib:/root/Shared/MIAPR_Projekt/colcon_ws/install/mesh_controller/lib:/root/Shared/MIAPR_Projekt/colcon_ws/install/mbf_mesh_nav/lib:/root/Shared/MIAPR_Projekt/colcon_ws/install/dijkstra_mesh_planner/lib:/root/Shared/MIAPR_Projekt/colcon_ws/install/cvp_mesh_planner/lib:/root/Shared/MIAPR_Projekt/colcon_ws/install/mesh_map/lib:/root/Shared/MIAPR_Projekt/colcon_ws/install/mesh_msgs_conversions/lib:/root/Shared/MIAPR_Projekt/colcon_ws/install/label_manager/lib:/root/Shared/MIAPR_Projekt/colcon_ws/install/mbf_simple_nav/lib:/root/Shared/MIAPR_Projekt/colcon_ws/install/mbf_abstract_nav/lib:/root/Shared/MIAPR_Projekt/colcon_ws/install/mbf_utility/lib:/root/Shared/MIAPR_Projekt/colcon_ws/install/mbf_test_utility/lib:/root/Shared/MIAPR_Projekt/colcon_ws/install/mbf_msgs/lib:/opt/ros/jazzy/opt/rviz_ogre_vendor/lib:/opt/ros/jazzy/lib/x86_64-linux-gnu:/opt/ros/jazzy/opt/gz_math_vendor/lib:/opt/ros/jazzy/opt/gz_utils_vendor/lib:/opt/ros/jazzy/opt/gz_cmake_vendor/lib:/opt/ros/jazzy/lib PYTHONPATH=/root/Shared/MIAPR_Projekt/colcon_ws/install/mesh_msgs/lib/python3.12/site-packages:/root/Shared/MIAPR_Projekt/colcon_ws/install/label_manager/lib/python3.12/site-packages:/root/Shared/MIAPR_Projekt/colcon_ws/install/mbf_msgs/lib/python3.12/site-packages:/opt/ros/jazzy/lib/python3.12/site-packages /usr/bin/cmake --build /root/Shared/MIAPR_Projekt/colcon_ws/build/label_manager -- -j12 -l12
[0.817s] Invoking command in '/root/Shared/MIAPR_Projekt/colcon_ws/build/label_manager': CMAKE_PREFIX_PATH=/root/Shared/MIAPR_Projekt/colcon_ws/install/mesh_msgs:/opt/ros/jazzy/opt/gz_sim_vendor:/opt/ros/jazzy/opt/gz_sensors_vendor:/opt/ros/jazzy/opt/gz_physics_vendor:/opt/ros/jazzy/opt/sdformat_vendor:/opt/ros/jazzy/opt/gz_gui_vendor:/opt/ros/jazzy/opt/gz_transport_vendor:/opt/ros/jazzy/opt/gz_rendering_vendor:/opt/ros/jazzy/opt/gz_plugin_vendor:/opt/ros/jazzy/opt/gz_fuel_tools_vendor:/opt/ros/jazzy/opt/gz_msgs_vendor:/opt/ros/jazzy/opt/gz_common_vendor:/opt/ros/jazzy/opt/gz_tools_vendor:/opt/ros/jazzy/opt/gz_ogre_next_vendor:/opt/ros/jazzy/opt/gz_dartsim_vendor:/root/Shared/MIAPR_Projekt/colcon_ws/install/mesh_tools:/root/Shared/MIAPR_Projekt/colcon_ws/install/mesh_navigation_pluto:/root/Shared/MIAPR_Projekt/colcon_ws/install/mesh_navigation_ceres:/root/Shared/MIAPR_Projekt/colcon_ws/install/mesh_navigation_tutorials:/root/Shared/MIAPR_Projekt/colcon_ws/install/rviz_mesh_tools_plugins:/root/Shared/MIAPR_Projekt/colcon_ws/install/rviz_mbf_plugins:/root/Shared/MIAPR_Projekt/colcon_ws/install/move_base_flex:/root/Shared/MIAPR_Projekt/colcon_ws/install/mesh_navigation_pluto_sim:/root/Shared/MIAPR_Projekt/colcon_ws/install/mesh_navigation_ceres_sim:/root/Shared/MIAPR_Projekt/colcon_ws/install/mesh_navigation_tutorials_sim:/root/Shared/MIAPR_Projekt/colcon_ws/install/mesh_navigation:/root/Shared/MIAPR_Projekt/colcon_ws/install/mesh_msgs_transform:/root/Shared/MIAPR_Projekt/colcon_ws/install/mesh_layers:/root/Shared/MIAPR_Projekt/colcon_ws/install/mesh_controller:/root/Shared/MIAPR_Projekt/colcon_ws/install/mbf_mesh_nav:/root/Shared/MIAPR_Projekt/colcon_ws/install/dijkstra_mesh_planner:/root/Shared/MIAPR_Projekt/colcon_ws/install/cvp_mesh_planner:/root/Shared/MIAPR_Projekt/colcon_ws/install/mbf_mesh_core:/root/Shared/MIAPR_Projekt/colcon_ws/install/mesh_map:/root/Shared/MIAPR_Projekt/colcon_ws/install/mesh_msgs_conversions:/root/Shared/MIAPR_Projekt/colcon_ws/install/label_manager:/root/Shared/MIAPR_Projekt/colcon_ws/install/mbf_simple_nav:/root/Shared/MIAPR_Projekt/colcon_ws/install/mbf_simple_core:/root/Shared/MIAPR_Projekt/colcon_ws/install/mbf_abstract_nav:/root/Shared/MIAPR_Projekt/colcon_ws/install/mbf_utility:/root/Shared/MIAPR_Projekt/colcon_ws/install/mbf_test_utility:/root/Shared/MIAPR_Projekt/colcon_ws/install/mbf_msgs:/root/Shared/MIAPR_Projekt/colcon_ws/install/mbf_abstract_core:/opt/ros/jazzy/opt/gz_math_vendor:/opt/ros/jazzy/opt/gz_utils_vendor:/opt/ros/jazzy/opt/gz_cmake_vendor:/opt/ros/jazzy LD_LIBRARY_PATH=/root/Shared/MIAPR_Projekt/colcon_ws/install/mesh_msgs/lib:/opt/ros/jazzy/opt/gz_sim_vendor/lib:/opt/ros/jazzy/opt/gz_sensors_vendor/lib:/opt/ros/jazzy/opt/gz_physics_vendor/lib:/opt/ros/jazzy/opt/sdformat_vendor/lib:/opt/ros/jazzy/opt/gz_gui_vendor/lib:/opt/ros/jazzy/opt/gz_transport_vendor/lib:/opt/ros/jazzy/opt/gz_rendering_vendor/lib:/opt/ros/jazzy/opt/gz_plugin_vendor/lib:/opt/ros/jazzy/opt/gz_fuel_tools_vendor/lib:/opt/ros/jazzy/opt/gz_msgs_vendor/lib:/opt/ros/jazzy/opt/gz_common_vendor/lib:/opt/ros/jazzy/opt/gz_tools_vendor/lib:/opt/ros/jazzy/opt/gz_ogre_next_vendor/lib:/opt/ros/jazzy/opt/gz_dartsim_vendor/lib:/root/Shared/MIAPR_Projekt/colcon_ws/install/rviz_mesh_tools_plugins/lib:/root/Shared/MIAPR_Projekt/colcon_ws/install/rviz_mbf_plugins/lib:/root/Shared/MIAPR_Projekt/colcon_ws/install/mesh_navigation_tutorials_sim/lib:/root/Shared/MIAPR_Projekt/colcon_ws/install/mesh_msgs_transform/lib:/root/Shared/MIAPR_Projekt/colcon_ws/install/mesh_layers/lib:/root/Shared/MIAPR_Projekt/colcon_ws/install/mesh_controller/lib:/root/Shared/MIAPR_Projekt/colcon_ws/install/mbf_mesh_nav/lib:/root/Shared/MIAPR_Projekt/colcon_ws/install/dijkstra_mesh_planner/lib:/root/Shared/MIAPR_Projekt/colcon_ws/install/cvp_mesh_planner/lib:/root/Shared/MIAPR_Projekt/colcon_ws/install/mesh_map/lib:/root/Shared/MIAPR_Projekt/colcon_ws/install/mesh_msgs_conversions/lib:/root/Shared/MIAPR_Projekt/colcon_ws/install/label_manager/lib:/root/Shared/MIAPR_Projekt/colcon_ws/install/mbf_simple_nav/lib:/root/Shared/MIAPR_Projekt/colcon_ws/install/mbf_abstract_nav/lib:/root/Shared/MIAPR_Projekt/colcon_ws/install/mbf_utility/lib:/root/Shared/MIAPR_Projekt/colcon_ws/install/mbf_test_utility/lib:/root/Shared/MIAPR_Projekt/colcon_ws/install/mbf_msgs/lib:/opt/ros/jazzy/opt/rviz_ogre_vendor/lib:/opt/ros/jazzy/lib/x86_64-linux-gnu:/opt/ros/jazzy/opt/gz_math_vendor/lib:/opt/ros/jazzy/opt/gz_utils_vendor/lib:/opt/ros/jazzy/opt/gz_cmake_vendor/lib:/opt/ros/jazzy/lib PYTHONPATH=/root/Shared/MIAPR_Projekt/colcon_ws/install/mesh_msgs/lib/python3.12/site-packages:/root/Shared/MIAPR_Projekt/colcon_ws/install/label_manager/lib/python3.12/site-packages:/root/Shared/MIAPR_Projekt/colcon_ws/install/mbf_msgs/lib/python3.12/site-packages:/opt/ros/jazzy/lib/python3.12/site-packages /usr/bin/cmake --install /root/Shared/MIAPR_Projekt/colcon_ws/build/label_manager
[0.839s] -- Install configuration: ""
[0.840s] -- Execute custom install script
[0.840s] -- Up-to-date symlink: /root/Shared/MIAPR_Projekt/colcon_ws/install/label_manager/share/ament_index/resource_index/rosidl_interfaces/label_manager
[0.842s] -- Up-to-date symlink: /root/Shared/MIAPR_Projekt/colcon_ws/install/label_manager/share/label_manager/srv/DeleteLabel.json
[0.843s] -- Up-to-date symlink: /root/Shared/MIAPR_Projekt/colcon_ws/install/label_manager/share/label_manager/srv/GetLabelGroups.json
[0.844s] -- Up-to-date symlink: /root/Shared/MIAPR_Projekt/colcon_ws/install/label_manager/share/label_manager/srv/GetLabeledClusterGroup.json
[0.844s] -- Up-to-date symlink: /root/Shared/MIAPR_Projekt/colcon_ws/install/label_manager/include/label_manager/label_manager/msg/rosidl_generator_c__visibility_control.h
[0.844s] -- Up-to-date symlink: /root/Shared/MIAPR_Projekt/colcon_ws/install/label_manager/include/label_manager/label_manager/srv/delete_label.h
[0.844s] -- Up-to-date symlink: /root/Shared/MIAPR_Projekt/colcon_ws/install/label_manager/include/label_manager/label_manager/srv/detail/delete_label__functions.h
[0.844s] -- Up-to-date symlink: /root/Shared/MIAPR_Projekt/colcon_ws/install/label_manager/include/label_manager/label_manager/srv/detail/delete_label__struct.h
[0.844s] -- Up-to-date symlink: /root/Shared/MIAPR_Projekt/colcon_ws/install/label_manager/include/label_manager/label_manager/srv/detail/delete_label__type_support.h
[0.844s] -- Up-to-date symlink: /root/Shared/MIAPR_Projekt/colcon_ws/install/label_manager/include/label_manager/label_manager/srv/detail/get_label_groups__functions.h
[0.845s] -- Up-to-date symlink: /root/Shared/MIAPR_Projekt/colcon_ws/install/label_manager/include/label_manager/label_manager/srv/detail/get_label_groups__struct.h
[0.845s] -- Up-to-date symlink: /root/Shared/MIAPR_Projekt/colcon_ws/install/label_manager/include/label_manager/label_manager/srv/detail/get_label_groups__type_support.h
[0.845s] -- Up-to-date symlink: /root/Shared/MIAPR_Projekt/colcon_ws/install/label_manager/include/label_manager/label_manager/srv/detail/get_labeled_cluster_group__functions.h
[0.845s] -- Up-to-date symlink: /root/Shared/MIAPR_Projekt/colcon_ws/install/label_manager/include/label_manager/label_manager/srv/detail/get_labeled_cluster_group__struct.h
[0.845s] -- Up-to-date symlink: /root/Shared/MIAPR_Projekt/colcon_ws/install/label_manager/include/label_manager/label_manager/srv/detail/get_labeled_cluster_group__type_support.h
[0.846s] -- Up-to-date symlink: /root/Shared/MIAPR_Projekt/colcon_ws/install/label_manager/include/label_manager/label_manager/srv/get_label_groups.h
[0.846s] -- Up-to-date symlink: /root/Shared/MIAPR_Projekt/colcon_ws/install/label_manager/include/label_manager/label_manager/srv/get_labeled_cluster_group.h
[0.846s] -- Up-to-date symlink: /root/Shared/MIAPR_Projekt/colcon_ws/install/label_manager/share/label_manager/environment/library_path.sh
[0.846s] -- Up-to-date symlink: /root/Shared/MIAPR_Projekt/colcon_ws/install/label_manager/share/label_manager/environment/library_path.dsv
[0.847s] -- Up-to-date symlink: /root/Shared/MIAPR_Projekt/colcon_ws/install/label_manager/include/label_manager/label_manager/msg/rosidl_typesupport_fastrtps_c__visibility_control.h
[0.847s] -- Up-to-date symlink: /root/Shared/MIAPR_Projekt/colcon_ws/install/label_manager/include/label_manager/label_manager/srv/detail/delete_label__rosidl_typesupport_fastrtps_c.h
[0.847s] -- Up-to-date symlink: /root/Shared/MIAPR_Projekt/colcon_ws/install/label_manager/include/label_manager/label_manager/srv/detail/get_label_groups__rosidl_typesupport_fastrtps_c.h
[0.847s] -- Up-to-date symlink: /root/Shared/MIAPR_Projekt/colcon_ws/install/label_manager/include/label_manager/label_manager/srv/detail/get_labeled_cluster_group__rosidl_typesupport_fastrtps_c.h
[0.847s] -- Up-to-date symlink: /root/Shared/MIAPR_Projekt/colcon_ws/install/label_manager/include/label_manager/label_manager/msg/rosidl_generator_cpp__visibility_control.hpp
[0.847s] -- Up-to-date symlink: /root/Shared/MIAPR_Projekt/colcon_ws/install/label_manager/include/label_manager/label_manager/srv/delete_label.hpp
[0.847s] -- Up-to-date symlink: /root/Shared/MIAPR_Projekt/colcon_ws/install/label_manager/include/label_manager/label_manager/srv/detail/delete_label__builder.hpp
[0.847s] -- Up-to-date symlink: /root/Shared/MIAPR_Projekt/colcon_ws/install/label_manager/include/label_manager/label_manager/srv/detail/delete_label__struct.hpp
[0.848s] -- Up-to-date symlink: /root/Shared/MIAPR_Projekt/colcon_ws/install/label_manager/include/label_manager/label_manager/srv/detail/delete_label__traits.hpp
[0.848s] -- Up-to-date symlink: /root/Shared/MIAPR_Projekt/colcon_ws/install/label_manager/include/label_manager/label_manager/srv/detail/delete_label__type_support.hpp
[0.848s] -- Up-to-date symlink: /root/Shared/MIAPR_Projekt/colcon_ws/install/label_manager/include/label_manager/label_manager/srv/detail/get_label_groups__builder.hpp
[0.848s] -- Up-to-date symlink: /root/Shared/MIAPR_Projekt/colcon_ws/install/label_manager/include/label_manager/label_manager/srv/detail/get_label_groups__struct.hpp
[0.848s] -- Up-to-date symlink: /root/Shared/MIAPR_Projekt/colcon_ws/install/label_manager/include/label_manager/label_manager/srv/detail/get_label_groups__traits.hpp
[0.848s] -- Up-to-date symlink: /root/Shared/MIAPR_Projekt/colcon_ws/install/label_manager/include/label_manager/label_manager/srv/detail/get_label_groups__type_support.hpp
[0.849s] -- Up-to-date symlink: /root/Shared/MIAPR_Projekt/colcon_ws/install/label_manager/include/label_manager/label_manager/srv/detail/get_labeled_cluster_group__builder.hpp
[0.849s] -- Up-to-date symlink: /root/Shared/MIAPR_Projekt/colcon_ws/install/label_manager/include/label_manager/label_manager/srv/detail/get_labeled_cluster_group__struct.hpp
[0.849s] -- Up-to-date symlink: /root/Shared/MIAPR_Projekt/colcon_ws/install/label_manager/include/label_manager/label_manager/srv/detail/get_labeled_cluster_group__traits.hpp
[0.849s] -- Up-to-date symlink: /root/Shared/MIAPR_Projekt/colcon_ws/install/label_manager/include/label_manager/label_manager/srv/detail/get_labeled_cluster_group__type_support.hpp
[0.849s] -- Up-to-date symlink: /root/Shared/MIAPR_Projekt/colcon_ws/install/label_manager/include/label_manager/label_manager/srv/get_label_groups.hpp
[0.849s] -- Up-to-date symlink: /root/Shared/MIAPR_Projekt/colcon_ws/install/label_manager/include/label_manager/label_manager/srv/get_labeled_cluster_group.hpp
[0.849s] -- Up-to-date symlink: /root/Shared/MIAPR_Projekt/colcon_ws/install/label_manager/include/label_manager/label_manager/msg/rosidl_typesupport_fastrtps_cpp__visibility_control.h
[0.849s] -- Up-to-date symlink: /root/Shared/MIAPR_Projekt/colcon_ws/install/label_manager/include/label_manager/label_manager/srv/detail/delete_label__rosidl_typesupport_fastrtps_cpp.hpp
[0.850s] -- Up-to-date symlink: /root/Shared/MIAPR_Projekt/colcon_ws/install/label_manager/include/label_manager/label_manager/srv/detail/get_label_groups__rosidl_typesupport_fastrtps_cpp.hpp
[0.850s] -- Up-to-date symlink: /root/Shared/MIAPR_Projekt/colcon_ws/install/label_manager/include/label_manager/label_manager/srv/detail/get_labeled_cluster_group__rosidl_typesupport_fastrtps_cpp.hpp
[0.850s] -- Up-to-date symlink: /root/Shared/MIAPR_Projekt/colcon_ws/install/label_manager/include/label_manager/label_manager/msg/rosidl_typesupport_introspection_c__visibility_control.h
[0.850s] -- Up-to-date symlink: /root/Shared/MIAPR_Projekt/colcon_ws/install/label_manager/include/label_manager/label_manager/srv/detail/delete_label__rosidl_typesupport_introspection_c.h
[0.850s] -- Up-to-date symlink: /root/Shared/MIAPR_Projekt/colcon_ws/install/label_manager/include/label_manager/label_manager/srv/detail/get_label_groups__rosidl_typesupport_introspection_c.h
[0.850s] -- Up-to-date symlink: /root/Shared/MIAPR_Projekt/colcon_ws/install/label_manager/include/label_manager/label_manager/srv/detail/get_labeled_cluster_group__rosidl_typesupport_introspection_c.h
[0.850s] -- Up-to-date symlink: /root/Shared/MIAPR_Projekt/colcon_ws/install/label_manager/include/label_manager/label_manager/srv/detail/delete_label__rosidl_typesupport_introspection_cpp.hpp
[0.851s] -- Up-to-date symlink: /root/Shared/MIAPR_Projekt/colcon_ws/install/label_manager/include/label_manager/label_manager/srv/detail/get_label_groups__rosidl_typesupport_introspection_cpp.hpp
[0.851s] -- Up-to-date symlink: /root/Shared/MIAPR_Projekt/colcon_ws/install/label_manager/include/label_manager/label_manager/srv/detail/get_labeled_cluster_group__rosidl_typesupport_introspection_cpp.hpp
[0.852s] -- Up-to-date symlink: /root/Shared/MIAPR_Projekt/colcon_ws/install/label_manager/share/label_manager/environment/pythonpath.sh
[0.852s] -- Up-to-date symlink: /root/Shared/MIAPR_Projekt/colcon_ws/install/label_manager/share/label_manager/environment/pythonpath.dsv
[0.852s] -- Up-to-date symlink: /root/Shared/MIAPR_Projekt/colcon_ws/install/label_manager/lib/python3.12/site-packages/label_manager-2.1.1-py3.12.egg-info/PKG-INFO
[0.853s] -- Up-to-date symlink: /root/Shared/MIAPR_Projekt/colcon_ws/install/label_manager/lib/python3.12/site-packages/label_manager-2.1.1-py3.12.egg-info/SOURCES.txt
[0.853s] -- Up-to-date symlink: /root/Shared/MIAPR_Projekt/colcon_ws/install/label_manager/lib/python3.12/site-packages/label_manager-2.1.1-py3.12.egg-info/dependency_links.txt
[0.853s] -- Up-to-date symlink: /root/Shared/MIAPR_Projekt/colcon_ws/install/label_manager/lib/python3.12/site-packages/label_manager-2.1.1-py3.12.egg-info/top_level.txt
[0.853s] -- Up-to-date symlink: /root/Shared/MIAPR_Projekt/colcon_ws/install/label_manager/lib/python3.12/site-packages/label_manager/__init__.py
[0.853s] -- Up-to-date symlink: /root/Shared/MIAPR_Projekt/colcon_ws/install/label_manager/lib/python3.12/site-packages/label_manager/_label_manager_s.ep.rosidl_typesupport_c.c
[0.854s] -- Up-to-date symlink: /root/Shared/MIAPR_Projekt/colcon_ws/install/label_manager/lib/python3.12/site-packages/label_manager/_label_manager_s.ep.rosidl_typesupport_fastrtps_c.c
[0.854s] -- Up-to-date symlink: /root/Shared/MIAPR_Projekt/colcon_ws/install/label_manager/lib/python3.12/site-packages/label_manager/_label_manager_s.ep.rosidl_typesupport_introspection_c.c
[0.854s] -- Up-to-date symlink: /root/Shared/MIAPR_Projekt/colcon_ws/install/label_manager/lib/python3.12/site-packages/label_manager/label_manager_s__rosidl_typesupport_c.so
[0.854s] -- Up-to-date symlink: /root/Shared/MIAPR_Projekt/colcon_ws/install/label_manager/lib/python3.12/site-packages/label_manager/label_manager_s__rosidl_typesupport_fastrtps_c.so
[0.854s] -- Up-to-date symlink: /root/Shared/MIAPR_Projekt/colcon_ws/install/label_manager/lib/python3.12/site-packages/label_manager/label_manager_s__rosidl_typesupport_introspection_c.so
[0.855s] -- Up-to-date symlink: /root/Shared/MIAPR_Projekt/colcon_ws/install/label_manager/lib/python3.12/site-packages/label_manager/srv/__init__.py
[0.855s] -- Up-to-date symlink: /root/Shared/MIAPR_Projekt/colcon_ws/install/label_manager/lib/python3.12/site-packages/label_manager/srv/_delete_label.py
[0.855s] -- Up-to-date symlink: /root/Shared/MIAPR_Projekt/colcon_ws/install/label_manager/lib/python3.12/site-packages/label_manager/srv/_delete_label_s.c
[0.856s] -- Up-to-date symlink: /root/Shared/MIAPR_Projekt/colcon_ws/install/label_manager/lib/python3.12/site-packages/label_manager/srv/_get_label_groups.py
[0.856s] -- Up-to-date symlink: /root/Shared/MIAPR_Projekt/colcon_ws/install/label_manager/lib/python3.12/site-packages/label_manager/srv/_get_label_groups_s.c
[0.856s] -- Up-to-date symlink: /root/Shared/MIAPR_Projekt/colcon_ws/install/label_manager/lib/python3.12/site-packages/label_manager/srv/_get_labeled_cluster_group.py
[0.856s] -- Up-to-date symlink: /root/Shared/MIAPR_Projekt/colcon_ws/install/label_manager/lib/python3.12/site-packages/label_manager/srv/_get_labeled_cluster_group_s.c
[0.856s] -- Up-to-date symlink: /root/Shared/MIAPR_Projekt/colcon_ws/install/label_manager/lib/python3.12/site-packages/label_manager/label_manager_s__rosidl_typesupport_fastrtps_c.so
[0.857s] -- Up-to-date symlink: /root/Shared/MIAPR_Projekt/colcon_ws/install/label_manager/lib/python3.12/site-packages/label_manager/label_manager_s__rosidl_typesupport_introspection_c.so
[0.857s] -- Up-to-date symlink: /root/Shared/MIAPR_Projekt/colcon_ws/install/label_manager/lib/python3.12/site-packages/label_manager/label_manager_s__rosidl_typesupport_c.so
[0.857s] -- Up-to-date symlink: /root/Shared/MIAPR_Projekt/colcon_ws/install/label_manager/share/label_manager/srv/DeleteLabel.idl
[0.857s] -- Up-to-date symlink: /root/Shared/MIAPR_Projekt/colcon_ws/install/label_manager/share/label_manager/srv/GetLabelGroups.idl
[0.857s] -- Up-to-date symlink: /root/Shared/MIAPR_Projekt/colcon_ws/install/label_manager/share/label_manager/srv/GetLabeledClusterGroup.idl
[0.857s] -- Up-to-date symlink: /root/Shared/MIAPR_Projekt/colcon_ws/install/label_manager/share/label_manager/srv/DeleteLabel.srv
[0.857s] -- Up-to-date symlink: /root/Shared/MIAPR_Projekt/colcon_ws/install/label_manager/share/label_manager/srv/GetLabelGroups.srv
[0.857s] -- Up-to-date symlink: /root/Shared/MIAPR_Projekt/colcon_ws/install/label_manager/share/label_manager/srv/GetLabeledClusterGroup.srv
[0.858s] -- Up-to-date symlink: /root/Shared/MIAPR_Projekt/colcon_ws/install/label_manager/bin/label_manager/label_manager_node
[0.858s] -- Up-to-date symlink: /root/Shared/MIAPR_Projekt/colcon_ws/install/label_manager/share/ament_index/resource_index/package_run_dependencies/label_manager
[0.858s] -- Up-to-date symlink: /root/Shared/MIAPR_Projekt/colcon_ws/install/label_manager/share/ament_index/resource_index/parent_prefix_path/label_manager
[0.858s] -- Up-to-date symlink: /root/Shared/MIAPR_Projekt/colcon_ws/install/label_manager/share/label_manager/environment/ament_prefix_path.sh
[0.858s] -- Up-to-date symlink: /root/Shared/MIAPR_Projekt/colcon_ws/install/label_manager/share/label_manager/environment/ament_prefix_path.dsv
[0.858s] -- Up-to-date symlink: /root/Shared/MIAPR_Projekt/colcon_ws/install/label_manager/share/label_manager/environment/path.sh
[0.858s] -- Up-to-date symlink: /root/Shared/MIAPR_Projekt/colcon_ws/install/label_manager/share/label_manager/environment/path.dsv
[0.859s] -- Up-to-date symlink: /root/Shared/MIAPR_Projekt/colcon_ws/install/label_manager/share/label_manager/local_setup.bash
[0.859s] -- Up-to-date symlink: /root/Shared/MIAPR_Projekt/colcon_ws/install/label_manager/share/label_manager/local_setup.sh
[0.859s] -- Up-to-date symlink: /root/Shared/MIAPR_Projekt/colcon_ws/install/label_manager/share/label_manager/local_setup.zsh
[0.859s] -- Up-to-date symlink: /root/Shared/MIAPR_Projekt/colcon_ws/install/label_manager/share/label_manager/local_setup.dsv
[0.859s] -- Symlinking: /root/Shared/MIAPR_Projekt/colcon_ws/install/label_manager/share/label_manager/package.dsv
[0.880s] -- Up-to-date symlink: /root/Shared/MIAPR_Projekt/colcon_ws/install/label_manager/share/ament_index/resource_index/packages/label_manager
[0.880s] -- Up-to-date symlink: /root/Shared/MIAPR_Projekt/colcon_ws/install/label_manager/share/label_manager/cmake/rosidl_cmake-extras.cmake
[0.881s] -- Up-to-date symlink: /root/Shared/MIAPR_Projekt/colcon_ws/install/label_manager/share/label_manager/cmake/ament_cmake_export_dependencies-extras.cmake
[0.881s] -- Up-to-date symlink: /root/Shared/MIAPR_Projekt/colcon_ws/install/label_manager/share/label_manager/cmake/ament_cmake_export_include_directories-extras.cmake
[0.881s] -- Up-to-date symlink: /root/Shared/MIAPR_Projekt/colcon_ws/install/label_manager/share/label_manager/cmake/ament_cmake_export_libraries-extras.cmake
[0.881s] -- Up-to-date symlink: /root/Shared/MIAPR_Projekt/colcon_ws/install/label_manager/share/label_manager/cmake/ament_cmake_export_targets-extras.cmake
[0.882s] -- Up-to-date symlink: /root/Shared/MIAPR_Projekt/colcon_ws/install/label_manager/share/label_manager/cmake/rosidl_cmake_export_typesupport_targets-extras.cmake
[0.882s] -- Up-to-date symlink: /root/Shared/MIAPR_Projekt/colcon_ws/install/label_manager/share/label_manager/cmake/rosidl_cmake_export_typesupport_libraries-extras.cmake
[0.882s] -- Up-to-date symlink: /root/Shared/MIAPR_Projekt/colcon_ws/install/label_manager/share/label_manager/cmake/label_managerConfig.cmake
[0.882s] -- Up-to-date symlink: /root/Shared/MIAPR_Projekt/colcon_ws/install/label_manager/share/label_manager/cmake/label_managerConfig-version.cmake
[0.883s] -- Up-to-date symlink: /root/Shared/MIAPR_Projekt/colcon_ws/install/label_manager/share/label_manager/package.xml
[0.884s] -- Up-to-date: /root/Shared/MIAPR_Projekt/colcon_ws/install/label_manager/lib/liblabel_manager__rosidl_generator_c.so
[0.884s] -- Up-to-date: /root/Shared/MIAPR_Projekt/colcon_ws/install/label_manager/lib/liblabel_manager__rosidl_typesupport_fastrtps_c.so
[0.884s] -- Up-to-date: /root/Shared/MIAPR_Projekt/colcon_ws/install/label_manager/lib/liblabel_manager__rosidl_typesupport_fastrtps_cpp.so
[0.885s] -- Up-to-date: /root/Shared/MIAPR_Projekt/colcon_ws/install/label_manager/lib/liblabel_manager__rosidl_typesupport_introspection_c.so
[0.885s] -- Up-to-date: /root/Shared/MIAPR_Projekt/colcon_ws/install/label_manager/lib/liblabel_manager__rosidl_typesupport_c.so
[0.885s] -- Up-to-date: /root/Shared/MIAPR_Projekt/colcon_ws/install/label_manager/lib/liblabel_manager__rosidl_typesupport_introspection_cpp.so
[0.885s] -- Up-to-date: /root/Shared/MIAPR_Projekt/colcon_ws/install/label_manager/lib/liblabel_manager__rosidl_typesupport_cpp.so
[0.938s] Listing '/root/Shared/MIAPR_Projekt/colcon_ws/install/label_manager/lib/python3.12/site-packages/label_manager'...
[0.938s] Listing '/root/Shared/MIAPR_Projekt/colcon_ws/install/label_manager/lib/python3.12/site-packages/label_manager/srv'...
[0.954s] -- Up-to-date: /root/Shared/MIAPR_Projekt/colcon_ws/install/label_manager/lib/liblabel_manager__rosidl_generator_py.so
[0.955s] -- Up-to-date: /root/Shared/MIAPR_Projekt/colcon_ws/install/label_manager/share/label_manager/cmake/export_label_manager__rosidl_generator_cExport.cmake
[0.955s] -- Up-to-date: /root/Shared/MIAPR_Projekt/colcon_ws/install/label_manager/share/label_manager/cmake/export_label_manager__rosidl_generator_cExport-noconfig.cmake
[0.955s] -- Up-to-date: /root/Shared/MIAPR_Projekt/colcon_ws/install/label_manager/share/label_manager/cmake/export_label_manager__rosidl_typesupport_fastrtps_cExport.cmake
[0.956s] -- Up-to-date: /root/Shared/MIAPR_Projekt/colcon_ws/install/label_manager/share/label_manager/cmake/export_label_manager__rosidl_typesupport_fastrtps_cExport-noconfig.cmake
[0.956s] -- Up-to-date: /root/Shared/MIAPR_Projekt/colcon_ws/install/label_manager/share/label_manager/cmake/export_label_manager__rosidl_generator_cppExport.cmake
[0.956s] -- Up-to-date: /root/Shared/MIAPR_Projekt/colcon_ws/install/label_manager/share/label_manager/cmake/export_label_manager__rosidl_typesupport_fastrtps_cppExport.cmake
[0.956s] -- Up-to-date: /root/Shared/MIAPR_Projekt/colcon_ws/install/label_manager/share/label_manager/cmake/export_label_manager__rosidl_typesupport_fastrtps_cppExport-noconfig.cmake
[0.957s] -- Up-to-date: /root/Shared/MIAPR_Projekt/colcon_ws/install/label_manager/share/label_manager/cmake/label_manager__rosidl_typesupport_introspection_cExport.cmake
[0.957s] -- Up-to-date: /root/Shared/MIAPR_Projekt/colcon_ws/install/label_manager/share/label_manager/cmake/label_manager__rosidl_typesupport_introspection_cExport-noconfig.cmake
[0.957s] -- Up-to-date: /root/Shared/MIAPR_Projekt/colcon_ws/install/label_manager/share/label_manager/cmake/label_manager__rosidl_typesupport_cExport.cmake
[0.957s] -- Up-to-date: /root/Shared/MIAPR_Projekt/colcon_ws/install/label_manager/share/label_manager/cmake/label_manager__rosidl_typesupport_cExport-noconfig.cmake
[0.957s] -- Up-to-date: /root/Shared/MIAPR_Projekt/colcon_ws/install/label_manager/share/label_manager/cmake/label_manager__rosidl_typesupport_introspection_cppExport.cmake
[0.958s] -- Up-to-date: /root/Shared/MIAPR_Projekt/colcon_ws/install/label_manager/share/label_manager/cmake/label_manager__rosidl_typesupport_introspection_cppExport-noconfig.cmake
[0.958s] -- Up-to-date: /root/Shared/MIAPR_Projekt/colcon_ws/install/label_manager/share/label_manager/cmake/label_manager__rosidl_typesupport_cppExport.cmake
[0.958s] -- Up-to-date: /root/Shared/MIAPR_Projekt/colcon_ws/install/label_manager/share/label_manager/cmake/label_manager__rosidl_typesupport_cppExport-noconfig.cmake
[0.958s] -- Up-to-date: /root/Shared/MIAPR_Projekt/colcon_ws/install/label_manager/share/label_manager/cmake/export_label_manager__rosidl_generator_pyExport.cmake
[0.958s] -- Up-to-date: /root/Shared/MIAPR_Projekt/colcon_ws/install/label_manager/share/label_manager/cmake/export_label_manager__rosidl_generator_pyExport-noconfig.cmake
[0.963s] Invoked command in '/root/Shared/MIAPR_Projekt/colcon_ws/build/label_manager' returned '0': CMAKE_PREFIX_PATH=/root/Shared/MIAPR_Projekt/colcon_ws/install/mesh_msgs:/opt/ros/jazzy/opt/gz_sim_vendor:/opt/ros/jazzy/opt/gz_sensors_vendor:/opt/ros/jazzy/opt/gz_physics_vendor:/opt/ros/jazzy/opt/sdformat_vendor:/opt/ros/jazzy/opt/gz_gui_vendor:/opt/ros/jazzy/opt/gz_transport_vendor:/opt/ros/jazzy/opt/gz_rendering_vendor:/opt/ros/jazzy/opt/gz_plugin_vendor:/opt/ros/jazzy/opt/gz_fuel_tools_vendor:/opt/ros/jazzy/opt/gz_msgs_vendor:/opt/ros/jazzy/opt/gz_common_vendor:/opt/ros/jazzy/opt/gz_tools_vendor:/opt/ros/jazzy/opt/gz_ogre_next_vendor:/opt/ros/jazzy/opt/gz_dartsim_vendor:/root/Shared/MIAPR_Projekt/colcon_ws/install/mesh_tools:/root/Shared/MIAPR_Projekt/colcon_ws/install/mesh_navigation_pluto:/root/Shared/MIAPR_Projekt/colcon_ws/install/mesh_navigation_ceres:/root/Shared/MIAPR_Projekt/colcon_ws/install/mesh_navigation_tutorials:/root/Shared/MIAPR_Projekt/colcon_ws/install/rviz_mesh_tools_plugins:/root/Shared/MIAPR_Projekt/colcon_ws/install/rviz_mbf_plugins:/root/Shared/MIAPR_Projekt/colcon_ws/install/move_base_flex:/root/Shared/MIAPR_Projekt/colcon_ws/install/mesh_navigation_pluto_sim:/root/Shared/MIAPR_Projekt/colcon_ws/install/mesh_navigation_ceres_sim:/root/Shared/MIAPR_Projekt/colcon_ws/install/mesh_navigation_tutorials_sim:/root/Shared/MIAPR_Projekt/colcon_ws/install/mesh_navigation:/root/Shared/MIAPR_Projekt/colcon_ws/install/mesh_msgs_transform:/root/Shared/MIAPR_Projekt/colcon_ws/install/mesh_layers:/root/Shared/MIAPR_Projekt/colcon_ws/install/mesh_controller:/root/Shared/MIAPR_Projekt/colcon_ws/install/mbf_mesh_nav:/root/Shared/MIAPR_Projekt/colcon_ws/install/dijkstra_mesh_planner:/root/Shared/MIAPR_Projekt/colcon_ws/install/cvp_mesh_planner:/root/Shared/MIAPR_Projekt/colcon_ws/install/mbf_mesh_core:/root/Shared/MIAPR_Projekt/colcon_ws/install/mesh_map:/root/Shared/MIAPR_Projekt/colcon_ws/install/mesh_msgs_conversions:/root/Shared/MIAPR_Projekt/colcon_ws/install/label_manager:/root/Shared/MIAPR_Projekt/colcon_ws/install/mbf_simple_nav:/root/Shared/MIAPR_Projekt/colcon_ws/install/mbf_simple_core:/root/Shared/MIAPR_Projekt/colcon_ws/install/mbf_abstract_nav:/root/Shared/MIAPR_Projekt/colcon_ws/install/mbf_utility:/root/Shared/MIAPR_Projekt/colcon_ws/install/mbf_test_utility:/root/Shared/MIAPR_Projekt/colcon_ws/install/mbf_msgs:/root/Shared/MIAPR_Projekt/colcon_ws/install/mbf_abstract_core:/opt/ros/jazzy/opt/gz_math_vendor:/opt/ros/jazzy/opt/gz_utils_vendor:/opt/ros/jazzy/opt/gz_cmake_vendor:/opt/ros/jazzy LD_LIBRARY_PATH=/root/Shared/MIAPR_Projekt/colcon_ws/install/mesh_msgs/lib:/opt/ros/jazzy/opt/gz_sim_vendor/lib:/opt/ros/jazzy/opt/gz_sensors_vendor/lib:/opt/ros/jazzy/opt/gz_physics_vendor/lib:/opt/ros/jazzy/opt/sdformat_vendor/lib:/opt/ros/jazzy/opt/gz_gui_vendor/lib:/opt/ros/jazzy/opt/gz_transport_vendor/lib:/opt/ros/jazzy/opt/gz_rendering_vendor/lib:/opt/ros/jazzy/opt/gz_plugin_vendor/lib:/opt/ros/jazzy/opt/gz_fuel_tools_vendor/lib:/opt/ros/jazzy/opt/gz_msgs_vendor/lib:/opt/ros/jazzy/opt/gz_common_vendor/lib:/opt/ros/jazzy/opt/gz_tools_vendor/lib:/opt/ros/jazzy/opt/gz_ogre_next_vendor/lib:/opt/ros/jazzy/opt/gz_dartsim_vendor/lib:/root/Shared/MIAPR_Projekt/colcon_ws/install/rviz_mesh_tools_plugins/lib:/root/Shared/MIAPR_Projekt/colcon_ws/install/rviz_mbf_plugins/lib:/root/Shared/MIAPR_Projekt/colcon_ws/install/mesh_navigation_tutorials_sim/lib:/root/Shared/MIAPR_Projekt/colcon_ws/install/mesh_msgs_transform/lib:/root/Shared/MIAPR_Projekt/colcon_ws/install/mesh_layers/lib:/root/Shared/MIAPR_Projekt/colcon_ws/install/mesh_controller/lib:/root/Shared/MIAPR_Projekt/colcon_ws/install/mbf_mesh_nav/lib:/root/Shared/MIAPR_Projekt/colcon_ws/install/dijkstra_mesh_planner/lib:/root/Shared/MIAPR_Projekt/colcon_ws/install/cvp_mesh_planner/lib:/root/Shared/MIAPR_Projekt/colcon_ws/install/mesh_map/lib:/root/Shared/MIAPR_Projekt/colcon_ws/install/mesh_msgs_conversions/lib:/root/Shared/MIAPR_Projekt/colcon_ws/install/label_manager/lib:/root/Shared/MIAPR_Projekt/colcon_ws/install/mbf_simple_nav/lib:/root/Shared/MIAPR_Projekt/colcon_ws/install/mbf_abstract_nav/lib:/root/Shared/MIAPR_Projekt/colcon_ws/install/mbf_utility/lib:/root/Shared/MIAPR_Projekt/colcon_ws/install/mbf_test_utility/lib:/root/Shared/MIAPR_Projekt/colcon_ws/install/mbf_msgs/lib:/opt/ros/jazzy/opt/rviz_ogre_vendor/lib:/opt/ros/jazzy/lib/x86_64-linux-gnu:/opt/ros/jazzy/opt/gz_math_vendor/lib:/opt/ros/jazzy/opt/gz_utils_vendor/lib:/opt/ros/jazzy/opt/gz_cmake_vendor/lib:/opt/ros/jazzy/lib PYTHONPATH=/root/Shared/MIAPR_Projekt/colcon_ws/install/mesh_msgs/lib/python3.12/site-packages:/root/Shared/MIAPR_Projekt/colcon_ws/install/label_manager/lib/python3.12/site-packages:/root/Shared/MIAPR_Projekt/colcon_ws/install/mbf_msgs/lib/python3.12/site-packages:/opt/ros/jazzy/lib/python3.12/site-packages /usr/bin/cmake --install /root/Shared/MIAPR_Projekt/colcon_ws/build/label_manager
