-- The C compiler identification is GNU 13.3.0
-- The CXX compiler identification is GNU 13.3.0
-- Detecting C compiler ABI info
-- Detecting C compiler ABI info - done
-- Check for working C compiler: /usr/bin/cc - skipped
-- Detecting C compile features
-- Detecting C compile features - done
-- Detecting CXX compiler ABI info
-- Detecting CXX compiler ABI info - done
-- Check for working CXX compiler: /usr/bin/c++ - skipped
-- Detecting CXX compile features
-- Detecting CXX compile features - done
-- Found ament_cmake: 2.5.5 (/opt/ros/jazzy/share/ament_cmake/cmake)
-- Found Python3: /usr/bin/python3 (found version "3.12.3") found components: Interpreter 
-- Override CMake install command with custom implementation using symlinks instead of copying resources
-- Found rclcpp: 28.1.16 (/opt/ros/jazzy/share/rclcpp/cmake)
-- Found rosidl_generator_c: 4.6.7 (/opt/ros/jazzy/share/rosidl_generator_c/cmake)
-- Found rosidl_generator_cpp: 4.6.7 (/opt/ros/jazzy/share/rosidl_generator_cpp/cmake)
-- Using all available rosidl_typesupport_c: rosidl_typesupport_fastrtps_c;rosidl_typesupport_introspection_c
-- Using all available rosidl_typesupport_cpp: rosidl_typesupport_fastrtps_cpp;rosidl_typesupport_introspection_cpp
-- Found rmw_implementation_cmake: 7.3.3 (/opt/ros/jazzy/share/rmw_implementation_cmake/cmake)
-- Found rmw_fastrtps_cpp: 8.4.3 (/opt/ros/jazzy/share/rmw_fastrtps_cpp/cmake)
-- Found OpenSSL: /usr/lib/x86_64-linux-gnu/libcrypto.so (found version "3.0.13")  
-- Found FastRTPS: /opt/ros/jazzy/include (Required is at least version "2.13") 
-- Using RMW implementation 'rmw_fastrtps_cpp' as default
-- Found rviz_common: 14.1.19 (/opt/ros/jazzy/share/rviz_common/cmake)
-- Setting OGRE_DIR to: '/opt/ros/jazzy/share/rviz_ogre_vendor/cmake/../../../opt/rviz_ogre_vendor/lib/OGRE/cmake'
-- Found OGRE
--   static     : OFF
--   components : MeshLodGenerator;Overlay;Paging;Property;RTShaderSystem;Terrain;Volume
--   plugins    : Plugin_BSPSceneManager;Plugin_OctreeSceneManager;Plugin_PCZSceneManager;Plugin_ParticleFX;RenderSystem_GL;RenderSystem_GL3Plus;Codec_STBI
--   media      : /opt/ros/jazzy/opt/rviz_ogre_vendor/share/OGRE/Media
-- OGRE_LIBRARIES: OgreMeshLodGenerator;OgreOverlay;OgrePaging;OgreProperty;OgreRTShaderSystem;OgreTerrain;OgreVolume;OgreMain
-- OGRE_LIBRARY_DIRS: /opt/ros/jazzy/opt/rviz_ogre_vendor/lib
-- OGRE_PLUGINS: Plugin_BSPSceneManager;Plugin_OctreeSceneManager;Plugin_PCZSceneManager;Plugin_ParticleFX;RenderSystem_GL;RenderSystem_GL3Plus;Codec_STBI
-- OGRE_PLUGIN_DIR: /opt/ros/jazzy/opt/rviz_ogre_vendor/lib/OGRE
-- rviz_ogre_vendor::OgreOverlay for IMPORTED_LOCATION_RELEASE: /opt/ros/jazzy/opt/rviz_ogre_vendor/lib/libOgreOverlay.so
-- rviz_ogre_vendor::OgreOverlay for IMPORTED_LOCATION_DEBUG: /opt/ros/jazzy/opt/rviz_ogre_vendor/lib/libOgreOverlay.so
-- rviz_ogre_vendor::OgreMain for IMPORTED_LOCATION_RELEASE: /opt/ros/jazzy/opt/rviz_ogre_vendor/lib/libOgreMain.so
-- rviz_ogre_vendor::OgreMain for IMPORTED_LOCATION_DEBUG: /opt/ros/jazzy/opt/rviz_ogre_vendor/lib/libOgreMain.so
-- Found ZLIB: /usr/lib/x86_64-linux-gnu/libz.so (found version "1.3")  
-- Found OpenGL: /usr/lib/x86_64-linux-gnu/libOpenGL.so   
-- Found X11: /usr/include   
-- Looking for XOpenDisplay in /usr/lib/x86_64-linux-gnu/libX11.so;/usr/lib/x86_64-linux-gnu/libXext.so
-- Looking for XOpenDisplay in /usr/lib/x86_64-linux-gnu/libX11.so;/usr/lib/x86_64-linux-gnu/libXext.so - found
-- Looking for gethostbyname
-- Looking for gethostbyname - found
-- Looking for connect
-- Looking for connect - found
-- Looking for remove
-- Looking for remove - found
-- Looking for shmat
-- Looking for shmat - found
-- Looking for IceConnectionNumber in ICE
-- Looking for IceConnectionNumber in ICE - found
-- Setting yaml-cpp_DIR to: '/opt/ros/jazzy/share/yaml_cpp_vendor/cmake/../../../opt/yaml_cpp_vendor/share/cmake/yaml-cpp'
-- Found rviz_assimp_vendor: 14.1.19 (/opt/ros/jazzy/share/rviz_assimp_vendor/cmake)
-- Setting assimp_DIR to: '/opt/ros/jazzy/share/rviz_assimp_vendor/cmake/../../../opt/rviz_assimp_vendor/lib/cmake/assimp-5.3'
-- Found mesh_msgs: 2.1.1 (/root/Shared/MIAPR_Projekt/colcon_ws/install/mesh_msgs/share/mesh_msgs/cmake)
-- Found Boost: /usr/lib/x86_64-linux-gnu/cmake/Boost-1.83.0/BoostConfig.cmake (found version "1.83.0") found components: system filesystem 
-- Found HDF5: /usr/lib/x86_64-linux-gnu/hdf5/serial/libhdf5.so;/usr/lib/x86_64-linux-gnu/libcrypto.so;/usr/lib/x86_64-linux-gnu/libcurl.so;/usr/lib/x86_64-linux-gnu/libpthread.a;/usr/lib/x86_64-linux-gnu/libsz.so;/usr/lib/x86_64-linux-gnu/libz.so;/usr/lib/x86_64-linux-gnu/libdl.a;/usr/lib/x86_64-linux-gnu/libm.so;/usr/lib/x86_64-linux-gnu/hdf5/serial/libhdf5_cpp.so;/usr/lib/x86_64-linux-gnu/hdf5/serial/libhdf5.so;/usr/lib/x86_64-linux-gnu/libcrypto.so;/usr/lib/x86_64-linux-gnu/libcurl.so;/usr/lib/x86_64-linux-gnu/libpthread.a;/usr/lib/x86_64-linux-gnu/libsz.so;/usr/lib/x86_64-linux-gnu/libz.so;/usr/lib/x86_64-linux-gnu/libdl.a;/usr/lib/x86_64-linux-gnu/libm.so (found version "1.10.10") found components: C CXX HL 
-- Found MPI_C: /usr/lib/x86_64-linux-gnu/openmpi/lib/libmpi.so (found version "3.1") 
-- Found MPI_CXX: /usr/lib/x86_64-linux-gnu/openmpi/lib/libmpi_cxx.so (found version "3.1") 
-- Found MPI: TRUE (found version "3.1")  
-- Found TIFF: /usr/lib/x86_64-linux-gnu/libtiff.so (found version "4.5.1")  
-- Found GDAL: /usr/lib/x86_64-linux-gnu/libgdal.so (found version "3.8.4") 
-- Found OpenCV: /usr (found version "4.6.0") 
-- Found FLANN: /usr/include/flann  
-- Try to find LZ4: find_path + find_library
-- Try to find LZ4: FindPackageHandleStandardArgs
-- Found LZ4: /usr/lib/x86_64-linux-gnu/liblz4.so  
-- Found GSL: /usr/include (found version "2.7.1") 
-- Found OpenGL: /usr/lib/x86_64-linux-gnu/libOpenGL.so  found components: OpenGL 
-- Found GLUT: /usr/lib/x86_64-linux-gnu/libglut.so  
-- Configuring done (6.9s)
-- Generating done (0.1s)
-- Build files have been written to: /root/Shared/MIAPR_Projekt/colcon_ws/build/rviz_mesh_tools_plugins
[  0%] Built target rviz_mesh_tools_plugins_autogen_timestamp_deps
[  6%] [34m[1mAutomatic MOC for target rviz_mesh_tools_plugins[0m
[  6%] Built target rviz_mesh_tools_plugins_autogen
[ 18%] [32mBuilding CXX object CMakeFiles/rviz_mesh_tools_plugins.dir/src/ClusterLabelTool.cpp.o[0m
[ 31%] [32mBuilding CXX object CMakeFiles/rviz_mesh_tools_plugins.dir/src/ClusterLabelDisplay.cpp.o[0m
[ 31%] [32mBuilding CXX object CMakeFiles/rviz_mesh_tools_plugins.dir/src/MapDisplay.cpp.o[0m
[ 31%] [32mBuilding CXX object CMakeFiles/rviz_mesh_tools_plugins.dir/rviz_mesh_tools_plugins_autogen/mocs_compilation.cpp.o[0m
[ 37%] [32mBuilding CXX object CMakeFiles/rviz_mesh_tools_plugins.dir/src/ClusterLabelPanel.cpp.o[0m
[ 43%] [32mBuilding CXX object CMakeFiles/rviz_mesh_tools_plugins.dir/src/RvizFileProperty.cpp.o[0m
[ 50%] [32mBuilding CXX object CMakeFiles/rviz_mesh_tools_plugins.dir/src/MeshDisplay.cpp.o[0m
[ 56%] [32mBuilding CXX object CMakeFiles/rviz_mesh_tools_plugins.dir/src/ClusterLabelVisual.cpp.o[0m
[ 62%] [32mBuilding CXX object CMakeFiles/rviz_mesh_tools_plugins.dir/src/MeshVisual.cpp.o[0m
[ 68%] [32mBuilding CXX object CMakeFiles/rviz_mesh_tools_plugins.dir/src/MeshPoseGuessTool.cpp.o[0m
[ 75%] [32mBuilding CXX object CMakeFiles/rviz_mesh_tools_plugins.dir/src/MeshPoseTool.cpp.o[0m
[ 81%] [32mBuilding CXX object CMakeFiles/rviz_mesh_tools_plugins.dir/src/MeshGoalTool.cpp.o[0m
In file included from [01m[K/root/Shared/MIAPR_Projekt/colcon_ws/src/mesh_tools/rviz_mesh_tools_plugins/include/rviz_mesh_tools_plugins/MeshPoseTool.hpp:48[m[K,
                 from [01m[K/root/Shared/MIAPR_Projekt/colcon_ws/src/mesh_tools/rviz_mesh_tools_plugins/include/rviz_mesh_tools_plugins/MeshPoseGuessTool.hpp:48[m[K,
                 from [01m[K/root/Shared/MIAPR_Projekt/colcon_ws/src/mesh_tools/rviz_mesh_tools_plugins/src/MeshPoseGuessTool.cpp:46[m[K:
[01m[K/opt/ros/jazzy/opt/rviz_ogre_vendor/include/OGRE/OgreVector3.h:2:62:[m[K [01;36m[Knote: [m[K‘[01m[K#pragma message: /opt/ros/jazzy/opt/rviz_ogre_vendor/include/OGRE/OgreVector3.h is deprecated, migrate to Ogre.h[m[K’
    2 | #pragma message( __FILE__ " is deprecated, migrate to Ogre.h"[01;36m[K)[m[K
      |                                                              [01;36m[K^[m[K
[01m[K/root/Shared/MIAPR_Projekt/colcon_ws/src/mesh_tools/rviz_mesh_tools_plugins/src/RvizFileProperty.cpp:[m[K In member function ‘[01m[Kvirtual QWidget* rviz_common::properties::FileProperty::[01;32m[KcreateEditor[m[K(QWidget*, const QStyleOptionViewItem&)[m[K’:
[01m[K/root/Shared/MIAPR_Projekt/colcon_ws/src/mesh_tools/rviz_mesh_tools_plugins/src/RvizFileProperty.cpp:68:12:[m[K [01;35m[Kwarning: [m[Kunused parameter ‘[01m[Kparent[m[K’ [[01;35m[K-Wunused-parameter[m[K]
   68 |   [01;35m[KQWidget* parent[m[K,
      |   [01;35m[K~~~~~~~~~^~~~~~[m[K
In file included from [01m[K/root/Shared/MIAPR_Projekt/colcon_ws/src/mesh_tools/rviz_mesh_tools_plugins/include/rviz_mesh_tools_plugins/MeshPoseTool.hpp:48[m[K,
                 from [01m[K/root/Shared/MIAPR_Projekt/colcon_ws/src/mesh_tools/rviz_mesh_tools_plugins/include/rviz_mesh_tools_plugins/MeshGoalTool.hpp:48[m[K,
                 from [01m[K/root/Shared/MIAPR_Projekt/colcon_ws/src/mesh_tools/rviz_mesh_tools_plugins/src/MeshGoalTool.cpp:46[m[K:
[01m[K/opt/ros/jazzy/opt/rviz_ogre_vendor/include/OGRE/OgreVector3.h:2:62:[m[K [01;36m[Knote: [m[K‘[01m[K#pragma message: /opt/ros/jazzy/opt/rviz_ogre_vendor/include/OGRE/OgreVector3.h is deprecated, migrate to Ogre.h[m[K’
    2 | #pragma message( __FILE__ " is deprecated, migrate to Ogre.h"[01;36m[K)[m[K
      |                                                              [01;36m[K^[m[K
[ 87%] [32mBuilding CXX object CMakeFiles/rviz_mesh_tools_plugins.dir/src/InteractionHelper.cpp.o[0m
[01m[K/root/Shared/MIAPR_Projekt/colcon_ws/src/mesh_tools/rviz_mesh_tools_plugins/src/ClusterLabelVisual.cpp:[m[K In constructor ‘[01m[Krviz_mesh_tools_plugins::ClusterLabelVisual::[01;32m[KClusterLabelVisual[m[K(rviz_common::DisplayContext*, std::string, std::shared_ptr<rviz_mesh_tools_plugins::Geometry>)[m[K’:
[01m[K/root/Shared/MIAPR_Projekt/colcon_ws/src/mesh_tools/rviz_mesh_tools_plugins/src/ClusterLabelVisual.cpp:99:19:[m[K [01;35m[Kwarning: [m[K‘[01m[Kbool Ogre::SharedPtr<T>::[01;32m[KisNull[m[K() const [35m[K[with T = Ogre::Mesh][m[K[m[K’ is deprecated [[01;35m[K-Wdeprecated-declarations[m[K]
   99 |   if([01;35m[Km_mesh.isNull()[m[K && geometry)
      |      [01;35m[K~~~~~~~~~~~~~^~[m[K
In file included from [01m[K/opt/ros/jazzy/opt/rviz_ogre_vendor/include/OGRE/OgreHardwareVertexBuffer.h:34[m[K,
                 from [01m[K/opt/ros/jazzy/opt/rviz_ogre_vendor/include/OGRE/OgrePose.h:38[m[K,
                 from [01m[K/opt/ros/jazzy/opt/rviz_ogre_vendor/include/OGRE/OgreAnimationTrack.h:36[m[K,
                 from [01m[K/opt/ros/jazzy/opt/rviz_ogre_vendor/include/OGRE/OgreAnimation.h:34[m[K,
                 from [01m[K/opt/ros/jazzy/opt/rviz_ogre_vendor/include/OGRE/OgreMesh.h:41[m[K,
                 from [01m[K/root/Shared/MIAPR_Projekt/colcon_ws/src/mesh_tools/rviz_mesh_tools_plugins/include/rviz_mesh_tools_plugins/ClusterLabelVisual.hpp:61[m[K,
                 from [01m[K/root/Shared/MIAPR_Projekt/colcon_ws/src/mesh_tools/rviz_mesh_tools_plugins/src/ClusterLabelVisual.cpp:48[m[K:
[01m[K/opt/ros/jazzy/opt/rviz_ogre_vendor/include/OGRE/OgreSharedPtr.h:91:30:[m[K [01;36m[Knote: [m[Kdeclared here
   91 |         OGRE_DEPRECATED bool [01;36m[KisNull[m[K(void) const { return !shared_ptr<T>::operator bool(); }
      |                              [01;36m[K^~~~~~[m[K
[01m[K/root/Shared/MIAPR_Projekt/colcon_ws/src/mesh_tools/rviz_mesh_tools_plugins/src/ClusterLabelVisual.cpp:123:23:[m[K [01;35m[Kwarning: [m[Kcomparison of integer expressions of different signedness: ‘[01m[Kint[m[K’ and ‘[01m[Ksize_t[m[K’ {aka ‘[01m[Klong unsigned int[m[K’} [[01;35m[K-Wsign-compare[m[K]
  123 |     for (int i = 0; [01;35m[Ki < m_mesh->sharedVertexData->vertexCount[m[K; i++)
      |                     [01;35m[K~~^~~~~~~~~~~~~~~~~~~~~~~~~~~~~~~~~~~~~~~[m[K
[01m[K/root/Shared/MIAPR_Projekt/colcon_ws/src/mesh_tools/rviz_mesh_tools_plugins/src/ClusterLabelVisual.cpp:155:20:[m[K [01;35m[Kwarning: [m[K‘[01m[Kbool Ogre::SharedPtr<T>::[01;32m[KisNull[m[K() const [35m[K[with T = Ogre::Mesh][m[K[m[K’ is deprecated [[01;35m[K-Wdeprecated-declarations[m[K]
  155 |   if(![01;35m[Km_mesh.isNull()[m[K)
      |       [01;35m[K~~~~~~~~~~~~~^~[m[K
[01m[K/opt/ros/jazzy/opt/rviz_ogre_vendor/include/OGRE/OgreSharedPtr.h:91:30:[m[K [01;36m[Knote: [m[Kdeclared here
   91 |         OGRE_DEPRECATED bool [01;36m[KisNull[m[K(void) const { return !shared_ptr<T>::operator bool(); }
      |                              [01;36m[K^~~~~~[m[K
[01m[K/root/Shared/MIAPR_Projekt/colcon_ws/src/mesh_tools/rviz_mesh_tools_plugins/src/ClusterLabelVisual.cpp:163:25:[m[K [01;35m[Kwarning: [m[K‘[01m[Kbool Ogre::SharedPtr<T>::[01;32m[KisNull[m[K() const [35m[K[with T = Ogre::Material][m[K[m[K’ is deprecated [[01;35m[K-Wdeprecated-declarations[m[K]
  163 |     if([01;35m[Km_material.isNull()[m[K)
      |        [01;35m[K~~~~~~~~~~~~~~~~~^~[m[K
[01m[K/opt/ros/jazzy/opt/rviz_ogre_vendor/include/OGRE/OgreSharedPtr.h:91:30:[m[K [01;36m[Knote: [m[Kdeclared here
   91 |         OGRE_DEPRECATED bool [01;36m[KisNull[m[K(void) const { return !shared_ptr<T>::operator bool(); }
      |                              [01;36m[K^~~~~~[m[K
[01m[K/root/Shared/MIAPR_Projekt/colcon_ws/src/mesh_tools/rviz_mesh_tools_plugins/src/ClusterLabelVisual.cpp:[m[K In destructor ‘[01m[Kvirtual rviz_mesh_tools_plugins::ClusterLabelVisual::[01;32m[K~ClusterLabelVisual[m[K()[m[K’:
[01m[K/root/Shared/MIAPR_Projekt/colcon_ws/src/mesh_tools/rviz_mesh_tools_plugins/src/ClusterLabelVisual.cpp:183:21:[m[K [01;35m[Kwarning: [m[K‘[01m[Kbool Ogre::SharedPtr<T>::[01;32m[KisNull[m[K() const [35m[K[with T = Ogre::Mesh][m[K[m[K’ is deprecated [[01;35m[K-Wdeprecated-declarations[m[K]
  183 |   if (![01;35m[Km_mesh.isNull()[m[K)
      |        [01;35m[K~~~~~~~~~~~~~^~[m[K
[01m[K/opt/ros/jazzy/opt/rviz_ogre_vendor/include/OGRE/OgreSharedPtr.h:91:30:[m[K [01;36m[Knote: [m[Kdeclared here
   91 |         OGRE_DEPRECATED bool [01;36m[KisNull[m[K(void) const { return !shared_ptr<T>::operator bool(); }
      |                              [01;36m[K^~~~~~[m[K
[01m[K/root/Shared/MIAPR_Projekt/colcon_ws/src/mesh_tools/rviz_mesh_tools_plugins/src/ClusterLabelVisual.cpp:[m[K In member function ‘[01m[Kvoid rviz_mesh_tools_plugins::ClusterLabelVisual::[01;32m[Kreset[m[K()[m[K’:
[01m[K/root/Shared/MIAPR_Projekt/colcon_ws/src/mesh_tools/rviz_mesh_tools_plugins/src/ClusterLabelVisual.cpp:208:24:[m[K [01;35m[Kwarning: [m[K‘[01m[Kbool Ogre::SharedPtr<T>::[01;32m[KisNull[m[K() const [35m[K[with T = Ogre::Material][m[K[m[K’ is deprecated [[01;35m[K-Wdeprecated-declarations[m[K]
  208 |   if(![01;35m[Km_material.isNull()[m[K)
      |       [01;35m[K~~~~~~~~~~~~~~~~~^~[m[K
[01m[K/opt/ros/jazzy/opt/rviz_ogre_vendor/include/OGRE/OgreSharedPtr.h:91:30:[m[K [01;36m[Knote: [m[Kdeclared here
   91 |         OGRE_DEPRECATED bool [01;36m[KisNull[m[K(void) const { return !shared_ptr<T>::operator bool(); }
      |                              [01;36m[K^~~~~~[m[K
[01m[K/root/Shared/MIAPR_Projekt/colcon_ws/src/mesh_tools/rviz_mesh_tools_plugins/src/ClusterLabelVisual.cpp:[m[K In member function ‘[01m[Kvoid rviz_mesh_tools_plugins::ClusterLabelVisual::[01;32m[KsetGeometry[m[K(std::shared_ptr<rviz_mesh_tools_plugins::Geometry>)[m[K’:
[01m[K/root/Shared/MIAPR_Projekt/colcon_ws/src/mesh_tools/rviz_mesh_tools_plugins/src/ClusterLabelVisual.cpp:222:64:[m[K [01;35m[Kwarning: [m[Kunused parameter ‘[01m[Kgeometry[m[K’ [[01;35m[K-Wunused-parameter[m[K]
  222 | void ClusterLabelVisual::setGeometry([01;35m[Kstd::shared_ptr<Geometry> geometry[m[K)
      |                                      [01;35m[K~~~~~~~~~~~~~~~~~~~~~~~~~~^~~~~~~~[m[K
[01m[K/root/Shared/MIAPR_Projekt/colcon_ws/src/mesh_tools/rviz_mesh_tools_plugins/src/ClusterLabelVisual.cpp:[m[K In member function ‘[01m[Kvoid rviz_mesh_tools_plugins::ClusterLabelVisual::[01;32m[KsetFacesInCluster[m[K(const std::vector<unsigned int>&)[m[K’:
[01m[K/root/Shared/MIAPR_Projekt/colcon_ws/src/mesh_tools/rviz_mesh_tools_plugins/src/ClusterLabelVisual.cpp:239:46:[m[K [01;35m[Kwarning: [m[K‘[01m[Kvoid Ogre::SharedPtr<T>::[01;32m[KsetNull[m[K() [35m[K[with T = Ogre::HardwareIndexBuffer][m[K[m[K’ is deprecated [[01;35m[K-Wdeprecated-declarations[m[K]
  239 |     [01;35m[Km_subMesh->indexData->indexBuffer.setNull()[m[K;
      |     [01;35m[K~~~~~~~~~~~~~~~~~~~~~~~~~~~~~~~~~~~~~~~~~^~[m[K
[01m[K/opt/ros/jazzy/opt/rviz_ogre_vendor/include/OGRE/OgreSharedPtr.h:93:30:[m[K [01;36m[Knote: [m[Kdeclared here
   93 |         OGRE_DEPRECATED void [01;36m[KsetNull[m[K() { shared_ptr<T>::reset(); }
      |                              [01;36m[K^~~~~~~[m[K
[01m[K/root/Shared/MIAPR_Projekt/colcon_ws/src/mesh_tools/rviz_mesh_tools_plugins/src/ClusterLabelVisual.cpp:266:21:[m[K [01;35m[Kwarning: [m[Kcomparison of integer expressions of different signedness: ‘[01m[Kint[m[K’ and ‘[01m[Kstd::vector<unsigned int>::size_type[m[K’ {aka ‘[01m[Klong unsigned int[m[K’} [[01;35m[K-Wsign-compare[m[K]
  266 |   for (int i = 0; [01;35m[Ki < faces.size()[m[K; i++)
      |                   [01;35m[K~~^~~~~~~~~~~~~~[m[K
[01m[K/root/Shared/MIAPR_Projekt/colcon_ws/src/mesh_tools/rviz_mesh_tools_plugins/src/ClusterLabelVisual.cpp:[m[K In member function ‘[01m[Kvoid rviz_mesh_tools_plugins::ClusterLabelVisual::[01;32m[KsetColor[m[K(Ogre::ColourValue, float)[m[K’:
[01m[K/root/Shared/MIAPR_Projekt/colcon_ws/src/mesh_tools/rviz_mesh_tools_plugins/src/ClusterLabelVisual.cpp:285:25:[m[K [01;35m[Kwarning: [m[K‘[01m[Kbool Ogre::SharedPtr<T>::[01;32m[KisNull[m[K() const [35m[K[with T = Ogre::Material][m[K[m[K’ is deprecated [[01;35m[K-Wdeprecated-declarations[m[K]
  285 |   if (![01;35m[Km_material.isNull()[m[K)
      |        [01;35m[K~~~~~~~~~~~~~~~~~^~[m[K
[01m[K/opt/ros/jazzy/opt/rviz_ogre_vendor/include/OGRE/OgreSharedPtr.h:91:30:[m[K [01;36m[Knote: [m[Kdeclared here
   91 |         OGRE_DEPRECATED bool [01;36m[KisNull[m[K(void) const { return !shared_ptr<T>::operator bool(); }
      |                              [01;36m[K^~~~~~[m[K
In file included from [01m[K/root/Shared/MIAPR_Projekt/colcon_ws/src/mesh_tools/rviz_mesh_tools_plugins/include/rviz_mesh_tools_plugins/MeshPoseTool.hpp:48[m[K,
                 from [01m[K/root/Shared/MIAPR_Projekt/colcon_ws/src/mesh_tools/rviz_mesh_tools_plugins/src/MeshPoseTool.cpp:73[m[K:
[01m[K/opt/ros/jazzy/opt/rviz_ogre_vendor/include/OGRE/OgreVector3.h:2:62:[m[K [01;36m[Knote: [m[K‘[01m[K#pragma message: /opt/ros/jazzy/opt/rviz_ogre_vendor/include/OGRE/OgreVector3.h is deprecated, migrate to Ogre.h[m[K’
    2 | #pragma message( __FILE__ " is deprecated, migrate to Ogre.h"[01;36m[K)[m[K
      |                                                              [01;36m[K^[m[K
[01m[K/root/Shared/MIAPR_Projekt/colcon_ws/src/mesh_tools/rviz_mesh_tools_plugins/src/MeshDisplay.cpp:[m[K In member function ‘[01m[Kvoid rviz_mesh_tools_plugins::MeshDisplay::[01;32m[KupdateBufferSize[m[K()[m[K’:
[01m[K/root/Shared/MIAPR_Projekt/colcon_ws/src/mesh_tools/rviz_mesh_tools_plugins/src/MeshDisplay.cpp:623:27:[m[K [01;35m[Kwarning: [m[Kcomparison of integer expressions of different signedness: ‘[01m[Kstd::queue<std::shared_ptr<rviz_mesh_tools_plugins::MeshVisual> >::size_type[m[K’ {aka ‘[01m[Klong unsigned int[m[K’} and ‘[01m[Kint[m[K’ [[01;35m[K-Wsign-compare[m[K]
  623 |   while ([01;35m[Km_visuals.size() > m_bufferSize->getInt()[m[K)
      |          [01;35m[K~~~~~~~~~~~~~~~~~^~~~~~~~~~~~~~~~~~~~~~~~[m[K
[01m[K/root/Shared/MIAPR_Projekt/colcon_ws/src/mesh_tools/rviz_mesh_tools_plugins/src/MeshDisplay.cpp:[m[K In member function ‘[01m[Kvoid rviz_mesh_tools_plugins::MeshDisplay::[01;32m[KrequestMaterials[m[K(std::string)[m[K’:
[01m[K/root/Shared/MIAPR_Projekt/colcon_ws/src/mesh_tools/rviz_mesh_tools_plugins/src/MeshDisplay.cpp:1374:23:[m[K [01;35m[Kwarning: [m[Kcomparison of integer expressions of different signedness: ‘[01m[Kint[m[K’ and ‘[01m[Kstd::vector<mesh_msgs::msg::MeshMaterial_<std::allocator<void> >, std::allocator<mesh_msgs::msg::MeshMaterial_<std::allocator<void> > > >::size_type[m[K’ {aka ‘[01m[Klong unsigned int[m[K’} [[01;35m[K-Wsign-compare[m[K]
 1374 |     for (int i = 0; [01;35m[Ki < meshMaterialsStamped.mesh_materials.materials.size()[m[K; i++)
      |                     [01;35m[K~~^~~~~~~~~~~~~~~~~~~~~~~~~~~~~~~~~~~~~~~~~~~~~~~~~~~~~~[m[K
[01m[K/root/Shared/MIAPR_Projekt/colcon_ws/src/mesh_tools/rviz_mesh_tools_plugins/src/MeshDisplay.cpp:1380:23:[m[K [01;35m[Kwarning: [m[Kcomparison of integer expressions of different signedness: ‘[01m[Kint[m[K’ and ‘[01m[Kstd::vector<mesh_msgs::msg::MeshFaceCluster_<std::allocator<void> >, std::allocator<mesh_msgs::msg::MeshFaceCluster_<std::allocator<void> > > >::size_type[m[K’ {aka ‘[01m[Klong unsigned int[m[K’} [[01;35m[K-Wsign-compare[m[K]
 1380 |     for (int i = 0; [01;35m[Ki < meshMaterialsStamped.mesh_materials.clusters.size()[m[K; i++)
      |                     [01;35m[K~~^~~~~~~~~~~~~~~~~~~~~~~~~~~~~~~~~~~~~~~~~~~~~~~~~~~~~[m[K
[01m[K/root/Shared/MIAPR_Projekt/colcon_ws/src/mesh_tools/rviz_mesh_tools_plugins/src/MeshDisplay.cpp:1385:43:[m[K [01;35m[Kwarning: [m[Kunused variable ‘[01m[Kmat[m[K’ [[01;35m[K-Wunused-variable[m[K]
 1385 |       const mesh_msgs::msg::MeshMaterial& [01;35m[Kmat[m[K = meshMaterialsStamped.mesh_materials.materials[materialIndex];
      |                                           [01;35m[K^~~[m[K
