[0.014s] Invoking command in '/root/Shared/MIAPR_Projekt/colcon_ws/build/rviz_mesh_tools_plugins': AMENT_PREFIX_PATH=/root/Shared/MIAPR_Projekt/colcon_ws/install/mesh_msgs:${AMENT_PREFIX_PATH} CMAKE_PREFIX_PATH=/root/Shared/MIAPR_Projekt/colcon_ws/install/mesh_msgs:/opt/ros/jazzy/opt/gz_math_vendor:/opt/ros/jazzy/opt/gz_utils_vendor:/opt/ros/jazzy/opt/gz_cmake_vendor:/opt/ros/jazzy LD_LIBRARY_PATH=/root/Shared/MIAPR_Projekt/colcon_ws/install/mesh_msgs/lib:${LD_LIBRARY_PATH} PYTHONPATH=/root/Shared/MIAPR_Projekt/colcon_ws/install/mesh_msgs/lib/python3.12/site-packages:${PYTHONPATH} /usr/bin/cmake /root/Shared/MIAPR_Projekt/colcon_ws/src/mesh_tools/rviz_mesh_tools_plugins -DAMENT_CMAKE_SYMLINK_INSTALL=1 -DCMAKE_INSTALL_PREFIX=/root/Shared/MIAPR_Projekt/colcon_ws/install/rviz_mesh_tools_plugins
[0.080s] -- The C compiler identification is GNU 13.3.0
[0.148s] -- The CXX compiler identification is GNU 13.3.0
[0.168s] -- Detecting C compiler ABI info
[0.280s] -- Detecting C compiler ABI info - done
[0.290s] -- Check for working C compiler: /usr/bin/cc - skipped
[0.290s] -- Detecting C compile features
[0.291s] -- Detecting C compile features - done
[0.301s] -- Detecting CXX compiler ABI info
[0.424s] -- Detecting CXX compiler ABI info - done
[0.438s] -- Check for working CXX compiler: /usr/bin/c++ - skipped
[0.438s] -- Detecting CXX compile features
[0.439s] -- Detecting CXX compile features - done
[0.444s] -- Found ament_cmake: 2.5.5 (/opt/ros/jazzy/share/ament_cmake/cmake)
[0.612s] -- Found Python3: /usr/bin/python3 (found version "3.12.3") found components: Interpreter 
[0.702s] -- Override CMake install command with custom implementation using symlinks instead of copying resources
[0.755s] -- Found rclcpp: 28.1.16 (/opt/ros/jazzy/share/rclcpp/cmake)
[0.811s] -- Found rosidl_generator_c: 4.6.7 (/opt/ros/jazzy/share/rosidl_generator_c/cmake)
[0.829s] -- Found rosidl_generator_cpp: 4.6.7 (/opt/ros/jazzy/share/rosidl_generator_cpp/cmake)
[0.850s] -- Using all available rosidl_typesupport_c: rosidl_typesupport_fastrtps_c;rosidl_typesupport_introspection_c
[0.873s] -- Using all available rosidl_typesupport_cpp: rosidl_typesupport_fastrtps_cpp;rosidl_typesupport_introspection_cpp
[0.980s] -- Found rmw_implementation_cmake: 7.3.3 (/opt/ros/jazzy/share/rmw_implementation_cmake/cmake)
[0.986s] -- Found rmw_fastrtps_cpp: 8.4.3 (/opt/ros/jazzy/share/rmw_fastrtps_cpp/cmake)
[1.111s] -- Found OpenSSL: /usr/lib/x86_64-linux-gnu/libcrypto.so (found version "3.0.13")  
[1.133s] -- Found FastRTPS: /opt/ros/jazzy/include (Required is at least version "2.13") 
[1.164s] -- Using RMW implementation 'rmw_fastrtps_cpp' as default
[1.275s] -- Found rviz_common: 14.1.19 (/opt/ros/jazzy/share/rviz_common/cmake)
[1.381s] -- Setting OGRE_DIR to: '/opt/ros/jazzy/share/rviz_ogre_vendor/cmake/../../../opt/rviz_ogre_vendor/lib/OGRE/cmake'
[1.385s] -- Found OGRE
[1.386s] --   static     : OFF
[1.386s] --   components : MeshLodGenerator;Overlay;Paging;Property;RTShaderSystem;Terrain;Volume
[1.386s] --   plugins    : Plugin_BSPSceneManager;Plugin_OctreeSceneManager;Plugin_PCZSceneManager;Plugin_ParticleFX;RenderSystem_GL;RenderSystem_GL3Plus;Codec_STBI
[1.386s] --   media      : /opt/ros/jazzy/opt/rviz_ogre_vendor/share/OGRE/Media
[1.386s] -- OGRE_LIBRARIES: OgreMeshLodGenerator;OgreOverlay;OgrePaging;OgreProperty;OgreRTShaderSystem;OgreTerrain;OgreVolume;OgreMain
[1.386s] -- OGRE_LIBRARY_DIRS: /opt/ros/jazzy/opt/rviz_ogre_vendor/lib
[1.387s] -- OGRE_PLUGINS: Plugin_BSPSceneManager;Plugin_OctreeSceneManager;Plugin_PCZSceneManager;Plugin_ParticleFX;RenderSystem_GL;RenderSystem_GL3Plus;Codec_STBI
[1.387s] -- OGRE_PLUGIN_DIR: /opt/ros/jazzy/opt/rviz_ogre_vendor/lib/OGRE
[1.387s] -- rviz_ogre_vendor::OgreOverlay for IMPORTED_LOCATION_RELEASE: /opt/ros/jazzy/opt/rviz_ogre_vendor/lib/libOgreOverlay.so
[1.387s] -- rviz_ogre_vendor::OgreOverlay for IMPORTED_LOCATION_DEBUG: /opt/ros/jazzy/opt/rviz_ogre_vendor/lib/libOgreOverlay.so
[1.387s] -- rviz_ogre_vendor::OgreMain for IMPORTED_LOCATION_RELEASE: /opt/ros/jazzy/opt/rviz_ogre_vendor/lib/libOgreMain.so
[1.387s] -- rviz_ogre_vendor::OgreMain for IMPORTED_LOCATION_DEBUG: /opt/ros/jazzy/opt/rviz_ogre_vendor/lib/libOgreMain.so
[1.419s] -- Found ZLIB: /usr/lib/x86_64-linux-gnu/libz.so (found version "1.3")  
[1.430s] -- Found OpenGL: /usr/lib/x86_64-linux-gnu/libOpenGL.so   
[1.596s] -- Found X11: /usr/include   
[1.596s] -- Looking for XOpenDisplay in /usr/lib/x86_64-linux-gnu/libX11.so;/usr/lib/x86_64-linux-gnu/libXext.so
[1.714s] -- Looking for XOpenDisplay in /usr/lib/x86_64-linux-gnu/libX11.so;/usr/lib/x86_64-linux-gnu/libXext.so - found
[1.714s] -- Looking for gethostbyname
[1.829s] -- Looking for gethostbyname - found
[1.829s] -- Looking for connect
[1.942s] -- Looking for connect - found
[1.942s] -- Looking for remove
[2.051s] -- Looking for remove - found
[2.051s] -- Looking for shmat
[2.160s] -- Looking for shmat - found
[2.160s] -- Looking for IceConnectionNumber in ICE
[2.279s] -- Looking for IceConnectionNumber in ICE - found
[2.524s] -- Setting yaml-cpp_DIR to: '/opt/ros/jazzy/share/yaml_cpp_vendor/cmake/../../../opt/yaml_cpp_vendor/share/cmake/yaml-cpp'
[2.540s] -- Found rviz_assimp_vendor: 14.1.19 (/opt/ros/jazzy/share/rviz_assimp_vendor/cmake)
[2.540s] -- Setting assimp_DIR to: '/opt/ros/jazzy/share/rviz_assimp_vendor/cmake/../../../opt/rviz_assimp_vendor/lib/cmake/assimp-5.3'
[2.546s] -- Found mesh_msgs: 2.1.1 (/root/Shared/MIAPR_Projekt/colcon_ws/install/mesh_msgs/share/mesh_msgs/cmake)
[2.606s] -- Found Boost: /usr/lib/x86_64-linux-gnu/cmake/Boost-1.83.0/BoostConfig.cmake (found version "1.83.0") found components: system filesystem 
[3.475s] -- Found HDF5: /usr/lib/x86_64-linux-gnu/hdf5/serial/libhdf5.so;/usr/lib/x86_64-linux-gnu/libcrypto.so;/usr/lib/x86_64-linux-gnu/libcurl.so;/usr/lib/x86_64-linux-gnu/libpthread.a;/usr/lib/x86_64-linux-gnu/libsz.so;/usr/lib/x86_64-linux-gnu/libz.so;/usr/lib/x86_64-linux-gnu/libdl.a;/usr/lib/x86_64-linux-gnu/libm.so;/usr/lib/x86_64-linux-gnu/hdf5/serial/libhdf5_cpp.so;/usr/lib/x86_64-linux-gnu/hdf5/serial/libhdf5.so;/usr/lib/x86_64-linux-gnu/libcrypto.so;/usr/lib/x86_64-linux-gnu/libcurl.so;/usr/lib/x86_64-linux-gnu/libpthread.a;/usr/lib/x86_64-linux-gnu/libsz.so;/usr/lib/x86_64-linux-gnu/libz.so;/usr/lib/x86_64-linux-gnu/libdl.a;/usr/lib/x86_64-linux-gnu/libm.so (found version "1.10.10") found components: C CXX HL 
[3.716s] -- Found MPI_C: /usr/lib/x86_64-linux-gnu/openmpi/lib/libmpi.so (found version "3.1") 
[5.065s] -- Found MPI_CXX: /usr/lib/x86_64-linux-gnu/openmpi/lib/libmpi_cxx.so (found version "3.1") 
[5.065s] -- Found MPI: TRUE (found version "3.1")  
[5.089s] -- Found TIFF: /usr/lib/x86_64-linux-gnu/libtiff.so (found version "4.5.1")  
[5.096s] -- Found GDAL: /usr/lib/x86_64-linux-gnu/libgdal.so (found version "3.8.4") 
[5.109s] -- Found OpenCV: /usr (found version "4.6.0") 
[5.110s] -- Found FLANN: /usr/include/flann  
[5.111s] -- Try to find LZ4: find_path + find_library
[5.112s] -- Try to find LZ4: FindPackageHandleStandardArgs
[5.113s] -- Found LZ4: /usr/lib/x86_64-linux-gnu/liblz4.so  
[5.235s] -- Found GSL: /usr/include (found version "2.7.1") 
[6.416s] -- Found OpenGL: /usr/lib/x86_64-linux-gnu/libOpenGL.so  found components: OpenGL 
[6.579s] -- Found GLUT: /usr/lib/x86_64-linux-gnu/libglut.so  
[6.884s] -- Configuring done (6.9s)
[7.132s] -- Generating done (0.1s)
[7.182s] -- Build files have been written to: /root/Shared/MIAPR_Projekt/colcon_ws/build/rviz_mesh_tools_plugins
[7.298s] Invoked command in '/root/Shared/MIAPR_Projekt/colcon_ws/build/rviz_mesh_tools_plugins' returned '0': AMENT_PREFIX_PATH=/root/Shared/MIAPR_Projekt/colcon_ws/install/mesh_msgs:${AMENT_PREFIX_PATH} CMAKE_PREFIX_PATH=/root/Shared/MIAPR_Projekt/colcon_ws/install/mesh_msgs:/opt/ros/jazzy/opt/gz_math_vendor:/opt/ros/jazzy/opt/gz_utils_vendor:/opt/ros/jazzy/opt/gz_cmake_vendor:/opt/ros/jazzy LD_LIBRARY_PATH=/root/Shared/MIAPR_Projekt/colcon_ws/install/mesh_msgs/lib:${LD_LIBRARY_PATH} PYTHONPATH=/root/Shared/MIAPR_Projekt/colcon_ws/install/mesh_msgs/lib/python3.12/site-packages:${PYTHONPATH} /usr/bin/cmake /root/Shared/MIAPR_Projekt/colcon_ws/src/mesh_tools/rviz_mesh_tools_plugins -DAMENT_CMAKE_SYMLINK_INSTALL=1 -DCMAKE_INSTALL_PREFIX=/root/Shared/MIAPR_Projekt/colcon_ws/install/rviz_mesh_tools_plugins
[7.303s] Invoking command in '/root/Shared/MIAPR_Projekt/colcon_ws/build/rviz_mesh_tools_plugins': AMENT_PREFIX_PATH=/root/Shared/MIAPR_Projekt/colcon_ws/install/mesh_msgs:${AMENT_PREFIX_PATH} CMAKE_PREFIX_PATH=/root/Shared/MIAPR_Projekt/colcon_ws/install/mesh_msgs:/opt/ros/jazzy/opt/gz_math_vendor:/opt/ros/jazzy/opt/gz_utils_vendor:/opt/ros/jazzy/opt/gz_cmake_vendor:/opt/ros/jazzy LD_LIBRARY_PATH=/root/Shared/MIAPR_Projekt/colcon_ws/install/mesh_msgs/lib:${LD_LIBRARY_PATH} PYTHONPATH=/root/Shared/MIAPR_Projekt/colcon_ws/install/mesh_msgs/lib/python3.12/site-packages:${PYTHONPATH} /usr/bin/cmake --build /root/Shared/MIAPR_Projekt/colcon_ws/build/rviz_mesh_tools_plugins -- -j12 -l12
[7.491s] [  0%] Built target rviz_mesh_tools_plugins_autogen_timestamp_deps
[7.607s] [  6%] [34m[1mAutomatic MOC for target rviz_mesh_tools_plugins[0m
[10.029s] [  6%] Built target rviz_mesh_tools_plugins_autogen
[10.105s] [ 18%] [32mBuilding CXX object CMakeFiles/rviz_mesh_tools_plugins.dir/src/ClusterLabelTool.cpp.o[0m
[10.105s] [ 31%] [32mBuilding CXX object CMakeFiles/rviz_mesh_tools_plugins.dir/src/ClusterLabelDisplay.cpp.o[0m
[10.106s] [ 31%] [32mBuilding CXX object CMakeFiles/rviz_mesh_tools_plugins.dir/src/MapDisplay.cpp.o[0m
[10.106s] [ 31%] [32mBuilding CXX object CMakeFiles/rviz_mesh_tools_plugins.dir/rviz_mesh_tools_plugins_autogen/mocs_compilation.cpp.o[0m
[10.108s] [ 37%] [32mBuilding CXX object CMakeFiles/rviz_mesh_tools_plugins.dir/src/ClusterLabelPanel.cpp.o[0m
[10.114s] [ 43%] [32mBuilding CXX object CMakeFiles/rviz_mesh_tools_plugins.dir/src/RvizFileProperty.cpp.o[0m
[10.118s] [ 50%] [32mBuilding CXX object CMakeFiles/rviz_mesh_tools_plugins.dir/src/MeshDisplay.cpp.o[0m
[10.118s] [ 56%] [32mBuilding CXX object CMakeFiles/rviz_mesh_tools_plugins.dir/src/ClusterLabelVisual.cpp.o[0m
[10.121s] [ 62%] [32mBuilding CXX object CMakeFiles/rviz_mesh_tools_plugins.dir/src/MeshVisual.cpp.o[0m
[10.122s] [ 68%] [32mBuilding CXX object CMakeFiles/rviz_mesh_tools_plugins.dir/src/MeshPoseGuessTool.cpp.o[0m
[10.136s] [ 75%] [32mBuilding CXX object CMakeFiles/rviz_mesh_tools_plugins.dir/src/MeshPoseTool.cpp.o[0m
[10.147s] [ 81%] [32mBuilding CXX object CMakeFiles/rviz_mesh_tools_plugins.dir/src/MeshGoalTool.cpp.o[0m
[13.255s] In file included from [01m[K/root/Shared/MIAPR_Projekt/colcon_ws/src/mesh_tools/rviz_mesh_tools_plugins/include/rviz_mesh_tools_plugins/MeshPoseTool.hpp:48[m[K,
[13.255s]                  from [01m[K/root/Shared/MIAPR_Projekt/colcon_ws/src/mesh_tools/rviz_mesh_tools_plugins/include/rviz_mesh_tools_plugins/MeshPoseGuessTool.hpp:48[m[K,
[13.255s]                  from [01m[K/root/Shared/MIAPR_Projekt/colcon_ws/src/mesh_tools/rviz_mesh_tools_plugins/src/MeshPoseGuessTool.cpp:46[m[K:
[13.260s] [01m[K/opt/ros/jazzy/opt/rviz_ogre_vendor/include/OGRE/OgreVector3.h:2:62:[m[K [01;36m[Knote: [m[K‘[01m[K#pragma message: /opt/ros/jazzy/opt/rviz_ogre_vendor/include/OGRE/OgreVector3.h is deprecated, migrate to Ogre.h[m[K’
[13.262s]     2 | #pragma message( __FILE__ " is deprecated, migrate to Ogre.h"[01;36m[K)[m[K
[13.262s]       |                                                              [01;36m[K^[m[K
[13.842s] [01m[K/root/Shared/MIAPR_Projekt/colcon_ws/src/mesh_tools/rviz_mesh_tools_plugins/src/RvizFileProperty.cpp:[m[K In member function ‘[01m[Kvirtual QWidget* rviz_common::properties::FileProperty::[01;32m[KcreateEditor[m[K(QWidget*, const QStyleOptionViewItem&)[m[K’:
[13.842s] [01m[K/root/Shared/MIAPR_Projekt/colcon_ws/src/mesh_tools/rviz_mesh_tools_plugins/src/RvizFileProperty.cpp:68:12:[m[K [01;35m[Kwarning: [m[Kunused parameter ‘[01m[Kparent[m[K’ [[01;35m[K-Wunused-parameter[m[K]
[13.843s]    68 |   [01;35m[KQWidget* parent[m[K,
[13.843s]       |   [01;35m[K~~~~~~~~~^~~~~~[m[K
[14.453s] In file included from [01m[K/root/Shared/MIAPR_Projekt/colcon_ws/src/mesh_tools/rviz_mesh_tools_plugins/include/rviz_mesh_tools_plugins/MeshPoseTool.hpp:48[m[K,
[14.453s]                  from [01m[K/root/Shared/MIAPR_Projekt/colcon_ws/src/mesh_tools/rviz_mesh_tools_plugins/include/rviz_mesh_tools_plugins/MeshGoalTool.hpp:48[m[K,
[14.453s]                  from [01m[K/root/Shared/MIAPR_Projekt/colcon_ws/src/mesh_tools/rviz_mesh_tools_plugins/src/MeshGoalTool.cpp:46[m[K:
[14.453s] [01m[K/opt/ros/jazzy/opt/rviz_ogre_vendor/include/OGRE/OgreVector3.h:2:62:[m[K [01;36m[Knote: [m[K‘[01m[K#pragma message: /opt/ros/jazzy/opt/rviz_ogre_vendor/include/OGRE/OgreVector3.h is deprecated, migrate to Ogre.h[m[K’
[14.454s]     2 | #pragma message( __FILE__ " is deprecated, migrate to Ogre.h"[01;36m[K)[m[K
[14.454s]       |                                                              [01;36m[K^[m[K
[14.490s] [ 87%] [32mBuilding CXX object CMakeFiles/rviz_mesh_tools_plugins.dir/src/InteractionHelper.cpp.o[0m
[141.195s] [01m[K/root/Shared/MIAPR_Projekt/colcon_ws/src/mesh_tools/rviz_mesh_tools_plugins/src/ClusterLabelVisual.cpp:[m[K In constructor ‘[01m[Krviz_mesh_tools_plugins::ClusterLabelVisual::[01;32m[KClusterLabelVisual[m[K(rviz_common::DisplayContext*, std::string, std::shared_ptr<rviz_mesh_tools_plugins::Geometry>)[m[K’:
[141.216s] [01m[K/root/Shared/MIAPR_Projekt/colcon_ws/src/mesh_tools/rviz_mesh_tools_plugins/src/ClusterLabelVisual.cpp:99:19:[m[K [01;35m[Kwarning: [m[K‘[01m[Kbool Ogre::SharedPtr<T>::[01;32m[KisNull[m[K() const [35m[K[with T = Ogre::Mesh][m[K[m[K’ is deprecated [[01;35m[K-Wdeprecated-declarations[m[K]
[141.216s]    99 |   if([01;35m[Km_mesh.isNull()[m[K && geometry)
[141.216s]       |      [01;35m[K~~~~~~~~~~~~~^~[m[K
[141.217s] In file included from [01m[K/opt/ros/jazzy/opt/rviz_ogre_vendor/include/OGRE/OgreHardwareVertexBuffer.h:34[m[K,
[141.217s]                  from [01m[K/opt/ros/jazzy/opt/rviz_ogre_vendor/include/OGRE/OgrePose.h:38[m[K,
[141.217s]                  from [01m[K/opt/ros/jazzy/opt/rviz_ogre_vendor/include/OGRE/OgreAnimationTrack.h:36[m[K,
[141.217s]                  from [01m[K/opt/ros/jazzy/opt/rviz_ogre_vendor/include/OGRE/OgreAnimation.h:34[m[K,
[141.217s]                  from [01m[K/opt/ros/jazzy/opt/rviz_ogre_vendor/include/OGRE/OgreMesh.h:41[m[K,
[141.217s]                  from [01m[K/root/Shared/MIAPR_Projekt/colcon_ws/src/mesh_tools/rviz_mesh_tools_plugins/include/rviz_mesh_tools_plugins/ClusterLabelVisual.hpp:61[m[K,
[141.218s]                  from [01m[K/root/Shared/MIAPR_Projekt/colcon_ws/src/mesh_tools/rviz_mesh_tools_plugins/src/ClusterLabelVisual.cpp:48[m[K:
[141.218s] [01m[K/opt/ros/jazzy/opt/rviz_ogre_vendor/include/OGRE/OgreSharedPtr.h:91:30:[m[K [01;36m[Knote: [m[Kdeclared here
[141.218s]    91 |         OGRE_DEPRECATED bool [01;36m[KisNull[m[K(void) const { return !shared_ptr<T>::operator bool(); }
[141.218s]       |                              [01;36m[K^~~~~~[m[K
[141.219s] [01m[K/root/Shared/MIAPR_Projekt/colcon_ws/src/mesh_tools/rviz_mesh_tools_plugins/src/ClusterLabelVisual.cpp:123:23:[m[K [01;35m[Kwarning: [m[Kcomparison of integer expressions of different signedness: ‘[01m[Kint[m[K’ and ‘[01m[Ksize_t[m[K’ {aka ‘[01m[Klong unsigned int[m[K’} [[01;35m[K-Wsign-compare[m[K]
[141.220s]   123 |     for (int i = 0; [01;35m[Ki < m_mesh->sharedVertexData->vertexCount[m[K; i++)
[141.220s]       |                     [01;35m[K~~^~~~~~~~~~~~~~~~~~~~~~~~~~~~~~~~~~~~~~~[m[K
[141.220s] [01m[K/root/Shared/MIAPR_Projekt/colcon_ws/src/mesh_tools/rviz_mesh_tools_plugins/src/ClusterLabelVisual.cpp:155:20:[m[K [01;35m[Kwarning: [m[K‘[01m[Kbool Ogre::SharedPtr<T>::[01;32m[KisNull[m[K() const [35m[K[with T = Ogre::Mesh][m[K[m[K’ is deprecated [[01;35m[K-Wdeprecated-declarations[m[K]
[141.220s]   155 |   if(![01;35m[Km_mesh.isNull()[m[K)
[141.220s]       |       [01;35m[K~~~~~~~~~~~~~^~[m[K
[141.221s] [01m[K/opt/ros/jazzy/opt/rviz_ogre_vendor/include/OGRE/OgreSharedPtr.h:91:30:[m[K [01;36m[Knote: [m[Kdeclared here
[141.221s]    91 |         OGRE_DEPRECATED bool [01;36m[KisNull[m[K(void) const { return !shared_ptr<T>::operator bool(); }
[141.221s]       |                              [01;36m[K^~~~~~[m[K
[141.221s] [01m[K/root/Shared/MIAPR_Projekt/colcon_ws/src/mesh_tools/rviz_mesh_tools_plugins/src/ClusterLabelVisual.cpp:163:25:[m[K [01;35m[Kwarning: [m[K‘[01m[Kbool Ogre::SharedPtr<T>::[01;32m[KisNull[m[K() const [35m[K[with T = Ogre::Material][m[K[m[K’ is deprecated [[01;35m[K-Wdeprecated-declarations[m[K]
[141.221s]   163 |     if([01;35m[Km_material.isNull()[m[K)
[141.223s]       |        [01;35m[K~~~~~~~~~~~~~~~~~^~[m[K
[141.223s] [01m[K/opt/ros/jazzy/opt/rviz_ogre_vendor/include/OGRE/OgreSharedPtr.h:91:30:[m[K [01;36m[Knote: [m[Kdeclared here
[141.223s]    91 |         OGRE_DEPRECATED bool [01;36m[KisNull[m[K(void) const { return !shared_ptr<T>::operator bool(); }
[141.223s]       |                              [01;36m[K^~~~~~[m[K
[141.223s] [01m[K/root/Shared/MIAPR_Projekt/colcon_ws/src/mesh_tools/rviz_mesh_tools_plugins/src/ClusterLabelVisual.cpp:[m[K In destructor ‘[01m[Kvirtual rviz_mesh_tools_plugins::ClusterLabelVisual::[01;32m[K~ClusterLabelVisual[m[K()[m[K’:
[141.224s] [01m[K/root/Shared/MIAPR_Projekt/colcon_ws/src/mesh_tools/rviz_mesh_tools_plugins/src/ClusterLabelVisual.cpp:183:21:[m[K [01;35m[Kwarning: [m[K‘[01m[Kbool Ogre::SharedPtr<T>::[01;32m[KisNull[m[K() const [35m[K[with T = Ogre::Mesh][m[K[m[K’ is deprecated [[01;35m[K-Wdeprecated-declarations[m[K]
[141.224s]   183 |   if (![01;35m[Km_mesh.isNull()[m[K)
[141.225s]       |        [01;35m[K~~~~~~~~~~~~~^~[m[K
[141.225s] [01m[K/opt/ros/jazzy/opt/rviz_ogre_vendor/include/OGRE/OgreSharedPtr.h:91:30:[m[K [01;36m[Knote: [m[Kdeclared here
[141.225s]    91 |         OGRE_DEPRECATED bool [01;36m[KisNull[m[K(void) const { return !shared_ptr<T>::operator bool(); }
[141.225s]       |                              [01;36m[K^~~~~~[m[K
[141.227s] [01m[K/root/Shared/MIAPR_Projekt/colcon_ws/src/mesh_tools/rviz_mesh_tools_plugins/src/ClusterLabelVisual.cpp:[m[K In member function ‘[01m[Kvoid rviz_mesh_tools_plugins::ClusterLabelVisual::[01;32m[Kreset[m[K()[m[K’:
[141.227s] [01m[K/root/Shared/MIAPR_Projekt/colcon_ws/src/mesh_tools/rviz_mesh_tools_plugins/src/ClusterLabelVisual.cpp:208:24:[m[K [01;35m[Kwarning: [m[K‘[01m[Kbool Ogre::SharedPtr<T>::[01;32m[KisNull[m[K() const [35m[K[with T = Ogre::Material][m[K[m[K’ is deprecated [[01;35m[K-Wdeprecated-declarations[m[K]
[141.227s]   208 |   if(![01;35m[Km_material.isNull()[m[K)
[141.227s]       |       [01;35m[K~~~~~~~~~~~~~~~~~^~[m[K
[141.227s] [01m[K/opt/ros/jazzy/opt/rviz_ogre_vendor/include/OGRE/OgreSharedPtr.h:91:30:[m[K [01;36m[Knote: [m[Kdeclared here
[141.227s]    91 |         OGRE_DEPRECATED bool [01;36m[KisNull[m[K(void) const { return !shared_ptr<T>::operator bool(); }
[141.227s]       |                              [01;36m[K^~~~~~[m[K
[141.229s] [01m[K/root/Shared/MIAPR_Projekt/colcon_ws/src/mesh_tools/rviz_mesh_tools_plugins/src/ClusterLabelVisual.cpp:[m[K In member function ‘[01m[Kvoid rviz_mesh_tools_plugins::ClusterLabelVisual::[01;32m[KsetGeometry[m[K(std::shared_ptr<rviz_mesh_tools_plugins::Geometry>)[m[K’:
[141.229s] [01m[K/root/Shared/MIAPR_Projekt/colcon_ws/src/mesh_tools/rviz_mesh_tools_plugins/src/ClusterLabelVisual.cpp:222:64:[m[K [01;35m[Kwarning: [m[Kunused parameter ‘[01m[Kgeometry[m[K’ [[01;35m[K-Wunused-parameter[m[K]
[141.229s]   222 | void ClusterLabelVisual::setGeometry([01;35m[Kstd::shared_ptr<Geometry> geometry[m[K)
[141.229s]       |                                      [01;35m[K~~~~~~~~~~~~~~~~~~~~~~~~~~^~~~~~~~[m[K
[141.231s] [01m[K/root/Shared/MIAPR_Projekt/colcon_ws/src/mesh_tools/rviz_mesh_tools_plugins/src/ClusterLabelVisual.cpp:[m[K In member function ‘[01m[Kvoid rviz_mesh_tools_plugins::ClusterLabelVisual::[01;32m[KsetFacesInCluster[m[K(const std::vector<unsigned int>&)[m[K’:
[141.231s] [01m[K/root/Shared/MIAPR_Projekt/colcon_ws/src/mesh_tools/rviz_mesh_tools_plugins/src/ClusterLabelVisual.cpp:239:46:[m[K [01;35m[Kwarning: [m[K‘[01m[Kvoid Ogre::SharedPtr<T>::[01;32m[KsetNull[m[K() [35m[K[with T = Ogre::HardwareIndexBuffer][m[K[m[K’ is deprecated [[01;35m[K-Wdeprecated-declarations[m[K]
[141.231s]   239 |     [01;35m[Km_subMesh->indexData->indexBuffer.setNull()[m[K;
[141.231s]       |     [01;35m[K~~~~~~~~~~~~~~~~~~~~~~~~~~~~~~~~~~~~~~~~~^~[m[K
[141.231s] [01m[K/opt/ros/jazzy/opt/rviz_ogre_vendor/include/OGRE/OgreSharedPtr.h:93:30:[m[K [01;36m[Knote: [m[Kdeclared here
[141.231s]    93 |         OGRE_DEPRECATED void [01;36m[KsetNull[m[K() { shared_ptr<T>::reset(); }
[141.232s]       |                              [01;36m[K^~~~~~~[m[K
[141.233s] [01m[K/root/Shared/MIAPR_Projekt/colcon_ws/src/mesh_tools/rviz_mesh_tools_plugins/src/ClusterLabelVisual.cpp:266:21:[m[K [01;35m[Kwarning: [m[Kcomparison of integer expressions of different signedness: ‘[01m[Kint[m[K’ and ‘[01m[Kstd::vector<unsigned int>::size_type[m[K’ {aka ‘[01m[Klong unsigned int[m[K’} [[01;35m[K-Wsign-compare[m[K]
[141.233s]   266 |   for (int i = 0; [01;35m[Ki < faces.size()[m[K; i++)
[141.233s]       |                   [01;35m[K~~^~~~~~~~~~~~~~[m[K
[141.234s] [01m[K/root/Shared/MIAPR_Projekt/colcon_ws/src/mesh_tools/rviz_mesh_tools_plugins/src/ClusterLabelVisual.cpp:[m[K In member function ‘[01m[Kvoid rviz_mesh_tools_plugins::ClusterLabelVisual::[01;32m[KsetColor[m[K(Ogre::ColourValue, float)[m[K’:
[141.235s] [01m[K/root/Shared/MIAPR_Projekt/colcon_ws/src/mesh_tools/rviz_mesh_tools_plugins/src/ClusterLabelVisual.cpp:285:25:[m[K [01;35m[Kwarning: [m[K‘[01m[Kbool Ogre::SharedPtr<T>::[01;32m[KisNull[m[K() const [35m[K[with T = Ogre::Material][m[K[m[K’ is deprecated [[01;35m[K-Wdeprecated-declarations[m[K]
[141.235s]   285 |   if (![01;35m[Km_material.isNull()[m[K)
[141.235s]       |        [01;35m[K~~~~~~~~~~~~~~~~~^~[m[K
[141.235s] [01m[K/opt/ros/jazzy/opt/rviz_ogre_vendor/include/OGRE/OgreSharedPtr.h:91:30:[m[K [01;36m[Knote: [m[Kdeclared here
[141.235s]    91 |         OGRE_DEPRECATED bool [01;36m[KisNull[m[K(void) const { return !shared_ptr<T>::operator bool(); }
[141.235s]       |                              [01;36m[K^~~~~~[m[K
[143.100s] In file included from [01m[K/root/Shared/MIAPR_Projekt/colcon_ws/src/mesh_tools/rviz_mesh_tools_plugins/include/rviz_mesh_tools_plugins/MeshPoseTool.hpp:48[m[K,
[143.101s]                  from [01m[K/root/Shared/MIAPR_Projekt/colcon_ws/src/mesh_tools/rviz_mesh_tools_plugins/src/MeshPoseTool.cpp:73[m[K:
[143.101s] [01m[K/opt/ros/jazzy/opt/rviz_ogre_vendor/include/OGRE/OgreVector3.h:2:62:[m[K [01;36m[Knote: [m[K‘[01m[K#pragma message: /opt/ros/jazzy/opt/rviz_ogre_vendor/include/OGRE/OgreVector3.h is deprecated, migrate to Ogre.h[m[K’
[143.101s]     2 | #pragma message( __FILE__ " is deprecated, migrate to Ogre.h"[01;36m[K)[m[K
[143.101s]       |                                                              [01;36m[K^[m[K
[168.444s] [01m[K/root/Shared/MIAPR_Projekt/colcon_ws/src/mesh_tools/rviz_mesh_tools_plugins/src/MeshDisplay.cpp:[m[K In member function ‘[01m[Kvoid rviz_mesh_tools_plugins::MeshDisplay::[01;32m[KupdateBufferSize[m[K()[m[K’:
[168.455s] [01m[K/root/Shared/MIAPR_Projekt/colcon_ws/src/mesh_tools/rviz_mesh_tools_plugins/src/MeshDisplay.cpp:623:27:[m[K [01;35m[Kwarning: [m[Kcomparison of integer expressions of different signedness: ‘[01m[Kstd::queue<std::shared_ptr<rviz_mesh_tools_plugins::MeshVisual> >::size_type[m[K’ {aka ‘[01m[Klong unsigned int[m[K’} and ‘[01m[Kint[m[K’ [[01;35m[K-Wsign-compare[m[K]
[168.455s]   623 |   while ([01;35m[Km_visuals.size() > m_bufferSize->getInt()[m[K)
[168.456s]       |          [01;35m[K~~~~~~~~~~~~~~~~~^~~~~~~~~~~~~~~~~~~~~~~~[m[K
[168.746s] [01m[K/root/Shared/MIAPR_Projekt/colcon_ws/src/mesh_tools/rviz_mesh_tools_plugins/src/MeshDisplay.cpp:[m[K In member function ‘[01m[Kvoid rviz_mesh_tools_plugins::MeshDisplay::[01;32m[KrequestMaterials[m[K(std::string)[m[K’:
[168.748s] [01m[K/root/Shared/MIAPR_Projekt/colcon_ws/src/mesh_tools/rviz_mesh_tools_plugins/src/MeshDisplay.cpp:1374:23:[m[K [01;35m[Kwarning: [m[Kcomparison of integer expressions of different signedness: ‘[01m[Kint[m[K’ and ‘[01m[Kstd::vector<mesh_msgs::msg::MeshMaterial_<std::allocator<void> >, std::allocator<mesh_msgs::msg::MeshMaterial_<std::allocator<void> > > >::size_type[m[K’ {aka ‘[01m[Klong unsigned int[m[K’} [[01;35m[K-Wsign-compare[m[K]
[168.748s]  1374 |     for (int i = 0; [01;35m[Ki < meshMaterialsStamped.mesh_materials.materials.size()[m[K; i++)
[168.748s]       |                     [01;35m[K~~^~~~~~~~~~~~~~~~~~~~~~~~~~~~~~~~~~~~~~~~~~~~~~~~~~~~~~[m[K
[168.763s] [01m[K/root/Shared/MIAPR_Projekt/colcon_ws/src/mesh_tools/rviz_mesh_tools_plugins/src/MeshDisplay.cpp:1380:23:[m[K [01;35m[Kwarning: [m[Kcomparison of integer expressions of different signedness: ‘[01m[Kint[m[K’ and ‘[01m[Kstd::vector<mesh_msgs::msg::MeshFaceCluster_<std::allocator<void> >, std::allocator<mesh_msgs::msg::MeshFaceCluster_<std::allocator<void> > > >::size_type[m[K’ {aka ‘[01m[Klong unsigned int[m[K’} [[01;35m[K-Wsign-compare[m[K]
[168.763s]  1380 |     for (int i = 0; [01;35m[Ki < meshMaterialsStamped.mesh_materials.clusters.size()[m[K; i++)
[168.763s]       |                     [01;35m[K~~^~~~~~~~~~~~~~~~~~~~~~~~~~~~~~~~~~~~~~~~~~~~~~~~~~~~~[m[K
[168.765s] [01m[K/root/Shared/MIAPR_Projekt/colcon_ws/src/mesh_tools/rviz_mesh_tools_plugins/src/MeshDisplay.cpp:1385:43:[m[K [01;35m[Kwarning: [m[Kunused variable ‘[01m[Kmat[m[K’ [[01;35m[K-Wunused-variable[m[K]
[168.767s]  1385 |       const mesh_msgs::msg::MeshMaterial& [01;35m[Kmat[m[K = meshMaterialsStamped.mesh_materials.materials[materialIndex];
[168.767s]       |                                           [01;35m[K^~~[m[K
