-- The C compiler identification is GNU 13.3.0
-- The CXX compiler identification is GNU 13.3.0
-- Detecting C compiler ABI info
-- Detecting C compiler ABI info - done
-- Check for working C compiler: /usr/bin/cc - skipped
-- Detecting C compile features
-- Detecting C compile features - done
-- Detecting CXX compiler ABI info
-- Detecting CXX compiler ABI info - done
-- Check for working CXX compiler: /usr/bin/c++ - skipped
-- Detecting CXX compile features
-- Detecting CXX compile features - done
-- Found ament_cmake_ros: 0.12.0 (/opt/ros/jazzy/share/ament_cmake_ros/cmake)
-- Found Python3: /usr/bin/python3 (found version "3.12.3") found components: Interpreter 
-- Override CMake install command with custom implementation using symlinks instead of copying resources
-- Found geometry_msgs: 5.3.6 (/opt/ros/jazzy/share/geometry_msgs/cmake)
-- Found rosidl_generator_c: 4.6.7 (/opt/ros/jazzy/share/rosidl_generator_c/cmake)
-- Found rosidl_generator_cpp: 4.6.7 (/opt/ros/jazzy/share/rosidl_generator_cpp/cmake)
-- Using all available rosidl_typesupport_c: rosidl_typesupport_fastrtps_c;rosidl_typesupport_introspection_c
-- Using all available rosidl_typesupport_cpp: rosidl_typesupport_fastrtps_cpp;rosidl_typesupport_introspection_cpp
-- Found mbf_abstract_core: 1.0.5 (/root/Shared/MIAPR_Projekt/colcon_ws/install/mbf_abstract_core/share/mbf_abstract_core/cmake)
-- Found mbf_abstract_nav: 1.0.5 (/root/Shared/MIAPR_Projekt/colcon_ws/install/mbf_abstract_nav/share/mbf_abstract_nav/cmake)
-- Found rmw_implementation_cmake: 7.3.3 (/opt/ros/jazzy/share/rmw_implementation_cmake/cmake)
-- Found rmw_fastrtps_cpp: 8.4.3 (/opt/ros/jazzy/share/rmw_fastrtps_cpp/cmake)
-- Found OpenSSL: /usr/lib/x86_64-linux-gnu/libcrypto.so (found version "3.0.13")  
-- Found FastRTPS: /opt/ros/jazzy/include (Required is at least version "2.13") 
-- Using RMW implementation 'rmw_fastrtps_cpp' as default
-- Found eigen3_cmake_module: 0.3.0 (/opt/ros/jazzy/share/eigen3_cmake_module/cmake)
-- Found Eigen3: TRUE (found version "3.4.0") 
-- Ensuring Eigen3 include directory is part of orocos-kdl CMake target
-- Found mbf_simple_core: 1.0.5 (/root/Shared/MIAPR_Projekt/colcon_ws/install/mbf_simple_core/share/mbf_simple_core/cmake)
-- Found pluginlib: 5.4.4 (/opt/ros/jazzy/share/pluginlib/cmake)
-- Found mbf_test_utility: 1.0.5 (/root/Shared/MIAPR_Projekt/colcon_ws/install/mbf_test_utility/share/mbf_test_utility/cmake)
-- Found gmock sources under '/opt/ros/jazzy/src/gmock_vendor': C++ tests using 'Google Mock' will be built
-- Found gtest sources under '/opt/ros/jazzy/src/gtest_vendor': C++ tests using 'Google Test' will be built
-- Configuring done (2.0s)
-- Generating done (0.1s)
-- Build files have been written to: /root/Shared/MIAPR_Projekt/colcon_ws/build/mbf_simple_nav
[ 20%] [32mBuilding CXX object gmock/CMakeFiles/gmock.dir/src/gmock-all.cc.o[0m
[ 20%] [32mBuilding CXX object gmock/CMakeFiles/gmock_main.dir/src/gmock_main.cc.o[0m
[ 20%] [32mBuilding CXX object gmock/CMakeFiles/gmock.dir/opt/ros/jazzy/src/gtest_vendor/src/gtest-all.cc.o[0m
[ 33%] [32mBuilding CXX object CMakeFiles/mbf_simple_nav_test_plugins.dir/test/plugins/test_controller.cpp.o[0m
[ 33%] [32mBuilding CXX object CMakeFiles/mbf_simple_nav_lib.dir/src/simple_navigation_server.cpp.o[0m
[ 46%] [32mBuilding CXX object CMakeFiles/mbf_simple_nav_test_plugins.dir/test/plugins/test_planner.cpp.o[0m
[ 46%] [32mBuilding CXX object CMakeFiles/mbf_simple_nav_test_plugins.dir/test/plugins/test_recovery.cpp.o[0m
[ 53%] [32m[1mLinking CXX static library libgmock_main.a[0m
[ 53%] Built target gmock_main
[ 60%] [32m[1mLinking CXX static library libgmock.a[0m
[ 60%] Built target gmock
[ 66%] [32m[1mLinking CXX shared library libmbf_simple_nav_test_plugins.so[0m
[ 66%] Built target mbf_simple_nav_test_plugins
[ 73%] [32m[1mLinking CXX shared library libmbf_simple_nav_lib.so[0m
[ 73%] Built target mbf_simple_nav_lib
[ 86%] [32mBuilding CXX object CMakeFiles/mbf_simple_nav_integration_test.dir/test/simple_nav_integration_test.cpp.o[0m
[ 86%] [32mBuilding CXX object CMakeFiles/mbf_simple_nav_node.dir/src/simple_server_node.cpp.o[0m
[ 93%] [32m[1mLinking CXX executable mbf_simple_nav_node[0m
[ 93%] Built target mbf_simple_nav_node
[100%] [32m[1mLinking CXX executable mbf_simple_nav_integration_test[0m
[100%] Built target mbf_simple_nav_integration_test
-- Install configuration: ""
-- Execute custom install script
-- Symlinking: /root/Shared/MIAPR_Projekt/colcon_ws/install/mbf_simple_nav/include/mbf_simple_nav/simple_navigation_server.h
-- Symlinking: /root/Shared/MIAPR_Projekt/colcon_ws/install/mbf_simple_nav/lib/mbf_simple_nav/mbf_simple_nav_node
-- Symlinking: /root/Shared/MIAPR_Projekt/colcon_ws/install/mbf_simple_nav/share/mbf_simple_nav/test/plugins/mbf_simple_nav_test_plugins.xml
-- Symlinking: /root/Shared/MIAPR_Projekt/colcon_ws/install/mbf_simple_nav/lib/libmbf_simple_nav_test_plugins.so
-- Symlinking: /root/Shared/MIAPR_Projekt/colcon_ws/install/mbf_simple_nav/share/mbf_simple_nav/environment/library_path.sh
-- Symlinking: /root/Shared/MIAPR_Projekt/colcon_ws/install/mbf_simple_nav/share/mbf_simple_nav/environment/library_path.dsv
-- Symlinking: /root/Shared/MIAPR_Projekt/colcon_ws/install/mbf_simple_nav/share/ament_index/resource_index/package_run_dependencies/mbf_simple_nav
-- Symlinking: /root/Shared/MIAPR_Projekt/colcon_ws/install/mbf_simple_nav/share/ament_index/resource_index/parent_prefix_path/mbf_simple_nav
-- Symlinking: /root/Shared/MIAPR_Projekt/colcon_ws/install/mbf_simple_nav/share/mbf_simple_nav/environment/ament_prefix_path.sh
-- Symlinking: /root/Shared/MIAPR_Projekt/colcon_ws/install/mbf_simple_nav/share/mbf_simple_nav/environment/ament_prefix_path.dsv
-- Symlinking: /root/Shared/MIAPR_Projekt/colcon_ws/install/mbf_simple_nav/share/mbf_simple_nav/environment/path.sh
-- Symlinking: /root/Shared/MIAPR_Projekt/colcon_ws/install/mbf_simple_nav/share/mbf_simple_nav/environment/path.dsv
-- Symlinking: /root/Shared/MIAPR_Projekt/colcon_ws/install/mbf_simple_nav/share/mbf_simple_nav/local_setup.bash
-- Symlinking: /root/Shared/MIAPR_Projekt/colcon_ws/install/mbf_simple_nav/share/mbf_simple_nav/local_setup.sh
-- Symlinking: /root/Shared/MIAPR_Projekt/colcon_ws/install/mbf_simple_nav/share/mbf_simple_nav/local_setup.zsh
-- Symlinking: /root/Shared/MIAPR_Projekt/colcon_ws/install/mbf_simple_nav/share/mbf_simple_nav/local_setup.dsv
-- Symlinking: /root/Shared/MIAPR_Projekt/colcon_ws/install/mbf_simple_nav/share/mbf_simple_nav/package.dsv
-- Symlinking: /root/Shared/MIAPR_Projekt/colcon_ws/install/mbf_simple_nav/share/ament_index/resource_index/packages/mbf_simple_nav
-- Symlinking: /root/Shared/MIAPR_Projekt/colcon_ws/install/mbf_simple_nav/share/ament_index/resource_index/mbf_simple_core__pluginlib__plugin/mbf_simple_nav
-- Symlinking: /root/Shared/MIAPR_Projekt/colcon_ws/install/mbf_simple_nav/share/mbf_simple_nav/cmake/ament_cmake_export_targets-extras.cmake
-- Symlinking: /root/Shared/MIAPR_Projekt/colcon_ws/install/mbf_simple_nav/share/mbf_simple_nav/cmake/ament_cmake_export_dependencies-extras.cmake
-- Symlinking: /root/Shared/MIAPR_Projekt/colcon_ws/install/mbf_simple_nav/share/mbf_simple_nav/cmake/mbf_simple_navConfig.cmake
-- Symlinking: /root/Shared/MIAPR_Projekt/colcon_ws/install/mbf_simple_nav/share/mbf_simple_nav/cmake/mbf_simple_navConfig-version.cmake
-- Symlinking: /root/Shared/MIAPR_Projekt/colcon_ws/install/mbf_simple_nav/share/mbf_simple_nav/package.xml
-- Installing: /root/Shared/MIAPR_Projekt/colcon_ws/install/mbf_simple_nav/lib/libmbf_simple_nav_lib.so
-- Set non-toolchain portion of runtime path of "/root/Shared/MIAPR_Projekt/colcon_ws/install/mbf_simple_nav/lib/libmbf_simple_nav_lib.so" to ""
-- Installing: /root/Shared/MIAPR_Projekt/colcon_ws/install/mbf_simple_nav/share/mbf_simple_nav/cmake/export_mbf_simple_navExport.cmake
-- Installing: /root/Shared/MIAPR_Projekt/colcon_ws/install/mbf_simple_nav/share/mbf_simple_nav/cmake/export_mbf_simple_navExport-noconfig.cmake
