[0.027s] Invoking command in '/root/Shared/MIAPR_Projekt/colcon_ws/build/mbf_simple_nav': AMENT_PREFIX_PATH=/root/Shared/MIAPR_Projekt/colcon_ws/install/mbf_simple_core:/root/Shared/MIAPR_Projekt/colcon_ws/install/mbf_abstract_nav:/root/Shared/MIAPR_Projekt/colcon_ws/install/mbf_utility:/root/Shared/MIAPR_Projekt/colcon_ws/install/mbf_test_utility:/root/Shared/MIAPR_Projekt/colcon_ws/install/mbf_msgs:/root/Shared/MIAPR_Projekt/colcon_ws/install/mbf_abstract_core:${AMENT_PREFIX_PATH} CMAKE_PREFIX_PATH=/root/Shared/MIAPR_Projekt/colcon_ws/install/mbf_simple_core:/root/Shared/MIAPR_Projekt/colcon_ws/install/mbf_abstract_nav:/root/Shared/MIAPR_Projekt/colcon_ws/install/mbf_utility:/root/Shared/MIAPR_Projekt/colcon_ws/install/mbf_test_utility:/root/Shared/MIAPR_Projekt/colcon_ws/install/mbf_msgs:/root/Shared/MIAPR_Projekt/colcon_ws/install/mbf_abstract_core:/root/Shared/MIAPR_Projekt/colcon_ws/install/mesh_tools:/root/Shared/MIAPR_Projekt/colcon_ws/install/rviz_mesh_tools_plugins:/root/Shared/MIAPR_Projekt/colcon_ws/install/mesh_navigation:/root/Shared/MIAPR_Projekt/colcon_ws/install/mesh_msgs_transform:/root/Shared/MIAPR_Projekt/colcon_ws/install/mesh_layers:/root/Shared/MIAPR_Projekt/colcon_ws/install/mesh_controller:/root/Shared/MIAPR_Projekt/colcon_ws/install/mbf_mesh_nav:/root/Shared/MIAPR_Projekt/colcon_ws/install/dijkstra_mesh_planner:/root/Shared/MIAPR_Projekt/colcon_ws/install/cvp_mesh_planner:/root/Shared/MIAPR_Projekt/colcon_ws/install/mbf_mesh_core:/root/Shared/MIAPR_Projekt/colcon_ws/install/mesh_map:/root/Shared/MIAPR_Projekt/colcon_ws/install/mesh_msgs_conversions:/root/Shared/MIAPR_Projekt/colcon_ws/install/label_manager:/root/Shared/MIAPR_Projekt/colcon_ws/install/mesh_msgs:/opt/ros/jazzy/opt/gz_math_vendor:/opt/ros/jazzy/opt/gz_utils_vendor:/opt/ros/jazzy/opt/gz_cmake_vendor:/opt/ros/jazzy LD_LIBRARY_PATH=/root/Shared/MIAPR_Projekt/colcon_ws/install/mbf_abstract_nav/lib:/root/Shared/MIAPR_Projekt/colcon_ws/install/mbf_utility/lib:/root/Shared/MIAPR_Projekt/colcon_ws/install/mbf_test_utility/lib:/root/Shared/MIAPR_Projekt/colcon_ws/install/mbf_msgs/lib:${LD_LIBRARY_PATH} PYTHONPATH=/root/Shared/MIAPR_Projekt/colcon_ws/install/mbf_msgs/lib/python3.12/site-packages:${PYTHONPATH} /usr/bin/cmake /root/Shared/MIAPR_Projekt/colcon_ws/src/move_base_flex/mbf_simple_nav -DAMENT_CMAKE_SYMLINK_INSTALL=1 -DCMAKE_INSTALL_PREFIX=/root/Shared/MIAPR_Projekt/colcon_ws/install/mbf_simple_nav
[0.097s] -- The C compiler identification is GNU 13.3.0
[0.161s] -- The CXX compiler identification is GNU 13.3.0
[0.185s] -- Detecting C compiler ABI info
[0.311s] -- Detecting C compiler ABI info - done
[0.320s] -- Check for working C compiler: /usr/bin/cc - skipped
[0.320s] -- Detecting C compile features
[0.320s] -- Detecting C compile features - done
[0.335s] -- Detecting CXX compiler ABI info
[0.467s] -- Detecting CXX compiler ABI info - done
[0.477s] -- Check for working CXX compiler: /usr/bin/c++ - skipped
[0.477s] -- Detecting CXX compile features
[0.477s] -- Detecting CXX compile features - done
[0.483s] -- Found ament_cmake_ros: 0.12.0 (/opt/ros/jazzy/share/ament_cmake_ros/cmake)
[0.692s] -- Found Python3: /usr/bin/python3 (found version "3.12.3") found components: Interpreter 
[0.772s] -- Override CMake install command with custom implementation using symlinks instead of copying resources
[0.850s] -- Found geometry_msgs: 5.3.6 (/opt/ros/jazzy/share/geometry_msgs/cmake)
[0.924s] -- Found rosidl_generator_c: 4.6.7 (/opt/ros/jazzy/share/rosidl_generator_c/cmake)
[0.948s] -- Found rosidl_generator_cpp: 4.6.7 (/opt/ros/jazzy/share/rosidl_generator_cpp/cmake)
[0.974s] -- Using all available rosidl_typesupport_c: rosidl_typesupport_fastrtps_c;rosidl_typesupport_introspection_c
[1.003s] -- Using all available rosidl_typesupport_cpp: rosidl_typesupport_fastrtps_cpp;rosidl_typesupport_introspection_cpp
[1.061s] -- Found mbf_abstract_core: 1.0.5 (/root/Shared/MIAPR_Projekt/colcon_ws/install/mbf_abstract_core/share/mbf_abstract_core/cmake)
[1.065s] -- Found mbf_abstract_nav: 1.0.5 (/root/Shared/MIAPR_Projekt/colcon_ws/install/mbf_abstract_nav/share/mbf_abstract_nav/cmake)
[1.265s] -- Found rmw_implementation_cmake: 7.3.3 (/opt/ros/jazzy/share/rmw_implementation_cmake/cmake)
[1.271s] -- Found rmw_fastrtps_cpp: 8.4.3 (/opt/ros/jazzy/share/rmw_fastrtps_cpp/cmake)
[1.418s] -- Found OpenSSL: /usr/lib/x86_64-linux-gnu/libcrypto.so (found version "3.0.13")  
[1.441s] -- Found FastRTPS: /opt/ros/jazzy/include (Required is at least version "2.13") 
[1.472s] -- Using RMW implementation 'rmw_fastrtps_cpp' as default
[1.737s] -- Found eigen3_cmake_module: 0.3.0 (/opt/ros/jazzy/share/eigen3_cmake_module/cmake)
[1.738s] -- Found Eigen3: TRUE (found version "3.4.0") 
[1.738s] -- Ensuring Eigen3 include directory is part of orocos-kdl CMake target
[1.772s] -- Found mbf_simple_core: 1.0.5 (/root/Shared/MIAPR_Projekt/colcon_ws/install/mbf_simple_core/share/mbf_simple_core/cmake)
[1.784s] -- Found pluginlib: 5.4.4 (/opt/ros/jazzy/share/pluginlib/cmake)
[1.886s] -- Found mbf_test_utility: 1.0.5 (/root/Shared/MIAPR_Projekt/colcon_ws/install/mbf_test_utility/share/mbf_test_utility/cmake)
[1.896s] -- Found gmock sources under '/opt/ros/jazzy/src/gmock_vendor': C++ tests using 'Google Mock' will be built
[1.904s] -- Found gtest sources under '/opt/ros/jazzy/src/gtest_vendor': C++ tests using 'Google Test' will be built
[2.006s] -- Configuring done (2.0s)
[2.168s] -- Generating done (0.1s)
[2.180s] -- Build files have been written to: /root/Shared/MIAPR_Projekt/colcon_ws/build/mbf_simple_nav
[2.195s] Invoked command in '/root/Shared/MIAPR_Projekt/colcon_ws/build/mbf_simple_nav' returned '0': AMENT_PREFIX_PATH=/root/Shared/MIAPR_Projekt/colcon_ws/install/mbf_simple_core:/root/Shared/MIAPR_Projekt/colcon_ws/install/mbf_abstract_nav:/root/Shared/MIAPR_Projekt/colcon_ws/install/mbf_utility:/root/Shared/MIAPR_Projekt/colcon_ws/install/mbf_test_utility:/root/Shared/MIAPR_Projekt/colcon_ws/install/mbf_msgs:/root/Shared/MIAPR_Projekt/colcon_ws/install/mbf_abstract_core:${AMENT_PREFIX_PATH} CMAKE_PREFIX_PATH=/root/Shared/MIAPR_Projekt/colcon_ws/install/mbf_simple_core:/root/Shared/MIAPR_Projekt/colcon_ws/install/mbf_abstract_nav:/root/Shared/MIAPR_Projekt/colcon_ws/install/mbf_utility:/root/Shared/MIAPR_Projekt/colcon_ws/install/mbf_test_utility:/root/Shared/MIAPR_Projekt/colcon_ws/install/mbf_msgs:/root/Shared/MIAPR_Projekt/colcon_ws/install/mbf_abstract_core:/root/Shared/MIAPR_Projekt/colcon_ws/install/mesh_tools:/root/Shared/MIAPR_Projekt/colcon_ws/install/rviz_mesh_tools_plugins:/root/Shared/MIAPR_Projekt/colcon_ws/install/mesh_navigation:/root/Shared/MIAPR_Projekt/colcon_ws/install/mesh_msgs_transform:/root/Shared/MIAPR_Projekt/colcon_ws/install/mesh_layers:/root/Shared/MIAPR_Projekt/colcon_ws/install/mesh_controller:/root/Shared/MIAPR_Projekt/colcon_ws/install/mbf_mesh_nav:/root/Shared/MIAPR_Projekt/colcon_ws/install/dijkstra_mesh_planner:/root/Shared/MIAPR_Projekt/colcon_ws/install/cvp_mesh_planner:/root/Shared/MIAPR_Projekt/colcon_ws/install/mbf_mesh_core:/root/Shared/MIAPR_Projekt/colcon_ws/install/mesh_map:/root/Shared/MIAPR_Projekt/colcon_ws/install/mesh_msgs_conversions:/root/Shared/MIAPR_Projekt/colcon_ws/install/label_manager:/root/Shared/MIAPR_Projekt/colcon_ws/install/mesh_msgs:/opt/ros/jazzy/opt/gz_math_vendor:/opt/ros/jazzy/opt/gz_utils_vendor:/opt/ros/jazzy/opt/gz_cmake_vendor:/opt/ros/jazzy LD_LIBRARY_PATH=/root/Shared/MIAPR_Projekt/colcon_ws/install/mbf_abstract_nav/lib:/root/Shared/MIAPR_Projekt/colcon_ws/install/mbf_utility/lib:/root/Shared/MIAPR_Projekt/colcon_ws/install/mbf_test_utility/lib:/root/Shared/MIAPR_Projekt/colcon_ws/install/mbf_msgs/lib:${LD_LIBRARY_PATH} PYTHONPATH=/root/Shared/MIAPR_Projekt/colcon_ws/install/mbf_msgs/lib/python3.12/site-packages:${PYTHONPATH} /usr/bin/cmake /root/Shared/MIAPR_Projekt/colcon_ws/src/move_base_flex/mbf_simple_nav -DAMENT_CMAKE_SYMLINK_INSTALL=1 -DCMAKE_INSTALL_PREFIX=/root/Shared/MIAPR_Projekt/colcon_ws/install/mbf_simple_nav
[2.197s] Invoking command in '/root/Shared/MIAPR_Projekt/colcon_ws/build/mbf_simple_nav': AMENT_PREFIX_PATH=/root/Shared/MIAPR_Projekt/colcon_ws/install/mbf_simple_core:/root/Shared/MIAPR_Projekt/colcon_ws/install/mbf_abstract_nav:/root/Shared/MIAPR_Projekt/colcon_ws/install/mbf_utility:/root/Shared/MIAPR_Projekt/colcon_ws/install/mbf_test_utility:/root/Shared/MIAPR_Projekt/colcon_ws/install/mbf_msgs:/root/Shared/MIAPR_Projekt/colcon_ws/install/mbf_abstract_core:${AMENT_PREFIX_PATH} CMAKE_PREFIX_PATH=/root/Shared/MIAPR_Projekt/colcon_ws/install/mbf_simple_core:/root/Shared/MIAPR_Projekt/colcon_ws/install/mbf_abstract_nav:/root/Shared/MIAPR_Projekt/colcon_ws/install/mbf_utility:/root/Shared/MIAPR_Projekt/colcon_ws/install/mbf_test_utility:/root/Shared/MIAPR_Projekt/colcon_ws/install/mbf_msgs:/root/Shared/MIAPR_Projekt/colcon_ws/install/mbf_abstract_core:/root/Shared/MIAPR_Projekt/colcon_ws/install/mesh_tools:/root/Shared/MIAPR_Projekt/colcon_ws/install/rviz_mesh_tools_plugins:/root/Shared/MIAPR_Projekt/colcon_ws/install/mesh_navigation:/root/Shared/MIAPR_Projekt/colcon_ws/install/mesh_msgs_transform:/root/Shared/MIAPR_Projekt/colcon_ws/install/mesh_layers:/root/Shared/MIAPR_Projekt/colcon_ws/install/mesh_controller:/root/Shared/MIAPR_Projekt/colcon_ws/install/mbf_mesh_nav:/root/Shared/MIAPR_Projekt/colcon_ws/install/dijkstra_mesh_planner:/root/Shared/MIAPR_Projekt/colcon_ws/install/cvp_mesh_planner:/root/Shared/MIAPR_Projekt/colcon_ws/install/mbf_mesh_core:/root/Shared/MIAPR_Projekt/colcon_ws/install/mesh_map:/root/Shared/MIAPR_Projekt/colcon_ws/install/mesh_msgs_conversions:/root/Shared/MIAPR_Projekt/colcon_ws/install/label_manager:/root/Shared/MIAPR_Projekt/colcon_ws/install/mesh_msgs:/opt/ros/jazzy/opt/gz_math_vendor:/opt/ros/jazzy/opt/gz_utils_vendor:/opt/ros/jazzy/opt/gz_cmake_vendor:/opt/ros/jazzy LD_LIBRARY_PATH=/root/Shared/MIAPR_Projekt/colcon_ws/install/mbf_abstract_nav/lib:/root/Shared/MIAPR_Projekt/colcon_ws/install/mbf_utility/lib:/root/Shared/MIAPR_Projekt/colcon_ws/install/mbf_test_utility/lib:/root/Shared/MIAPR_Projekt/colcon_ws/install/mbf_msgs/lib:${LD_LIBRARY_PATH} PYTHONPATH=/root/Shared/MIAPR_Projekt/colcon_ws/install/mbf_msgs/lib/python3.12/site-packages:${PYTHONPATH} /usr/bin/cmake --build /root/Shared/MIAPR_Projekt/colcon_ws/build/mbf_simple_nav -- -j12 -l12
[2.272s] [ 20%] [32mBuilding CXX object gmock/CMakeFiles/gmock.dir/src/gmock-all.cc.o[0m
[2.273s] [ 20%] [32mBuilding CXX object gmock/CMakeFiles/gmock_main.dir/src/gmock_main.cc.o[0m
[2.273s] [ 20%] [32mBuilding CXX object gmock/CMakeFiles/gmock.dir/opt/ros/jazzy/src/gtest_vendor/src/gtest-all.cc.o[0m
[2.274s] [ 33%] [32mBuilding CXX object CMakeFiles/mbf_simple_nav_test_plugins.dir/test/plugins/test_controller.cpp.o[0m
[2.274s] [ 33%] [32mBuilding CXX object CMakeFiles/mbf_simple_nav_lib.dir/src/simple_navigation_server.cpp.o[0m
[2.276s] [ 46%] [32mBuilding CXX object CMakeFiles/mbf_simple_nav_test_plugins.dir/test/plugins/test_planner.cpp.o[0m
[2.276s] [ 46%] [32mBuilding CXX object CMakeFiles/mbf_simple_nav_test_plugins.dir/test/plugins/test_recovery.cpp.o[0m
[3.891s] [ 53%] [32m[1mLinking CXX static library libgmock_main.a[0m
[3.966s] [ 53%] Built target gmock_main
[6.491s] [ 60%] [32m[1mLinking CXX static library libgmock.a[0m
[6.589s] [ 60%] Built target gmock
[7.052s] [ 66%] [32m[1mLinking CXX shared library libmbf_simple_nav_test_plugins.so[0m
[7.301s] [ 66%] Built target mbf_simple_nav_test_plugins
[9.862s] [ 73%] [32m[1mLinking CXX shared library libmbf_simple_nav_lib.so[0m
[10.886s] [ 73%] Built target mbf_simple_nav_lib
[10.919s] [ 86%] [32mBuilding CXX object CMakeFiles/mbf_simple_nav_integration_test.dir/test/simple_nav_integration_test.cpp.o[0m
[10.919s] [ 86%] [32mBuilding CXX object CMakeFiles/mbf_simple_nav_node.dir/src/simple_server_node.cpp.o[0m
[16.201s] [ 93%] [32m[1mLinking CXX executable mbf_simple_nav_node[0m
[16.640s] [ 93%] Built target mbf_simple_nav_node
[20.307s] [100%] [32m[1mLinking CXX executable mbf_simple_nav_integration_test[0m
[22.129s] [100%] Built target mbf_simple_nav_integration_test
[22.147s] Invoked command in '/root/Shared/MIAPR_Projekt/colcon_ws/build/mbf_simple_nav' returned '0': AMENT_PREFIX_PATH=/root/Shared/MIAPR_Projekt/colcon_ws/install/mbf_simple_core:/root/Shared/MIAPR_Projekt/colcon_ws/install/mbf_abstract_nav:/root/Shared/MIAPR_Projekt/colcon_ws/install/mbf_utility:/root/Shared/MIAPR_Projekt/colcon_ws/install/mbf_test_utility:/root/Shared/MIAPR_Projekt/colcon_ws/install/mbf_msgs:/root/Shared/MIAPR_Projekt/colcon_ws/install/mbf_abstract_core:${AMENT_PREFIX_PATH} CMAKE_PREFIX_PATH=/root/Shared/MIAPR_Projekt/colcon_ws/install/mbf_simple_core:/root/Shared/MIAPR_Projekt/colcon_ws/install/mbf_abstract_nav:/root/Shared/MIAPR_Projekt/colcon_ws/install/mbf_utility:/root/Shared/MIAPR_Projekt/colcon_ws/install/mbf_test_utility:/root/Shared/MIAPR_Projekt/colcon_ws/install/mbf_msgs:/root/Shared/MIAPR_Projekt/colcon_ws/install/mbf_abstract_core:/root/Shared/MIAPR_Projekt/colcon_ws/install/mesh_tools:/root/Shared/MIAPR_Projekt/colcon_ws/install/rviz_mesh_tools_plugins:/root/Shared/MIAPR_Projekt/colcon_ws/install/mesh_navigation:/root/Shared/MIAPR_Projekt/colcon_ws/install/mesh_msgs_transform:/root/Shared/MIAPR_Projekt/colcon_ws/install/mesh_layers:/root/Shared/MIAPR_Projekt/colcon_ws/install/mesh_controller:/root/Shared/MIAPR_Projekt/colcon_ws/install/mbf_mesh_nav:/root/Shared/MIAPR_Projekt/colcon_ws/install/dijkstra_mesh_planner:/root/Shared/MIAPR_Projekt/colcon_ws/install/cvp_mesh_planner:/root/Shared/MIAPR_Projekt/colcon_ws/install/mbf_mesh_core:/root/Shared/MIAPR_Projekt/colcon_ws/install/mesh_map:/root/Shared/MIAPR_Projekt/colcon_ws/install/mesh_msgs_conversions:/root/Shared/MIAPR_Projekt/colcon_ws/install/label_manager:/root/Shared/MIAPR_Projekt/colcon_ws/install/mesh_msgs:/opt/ros/jazzy/opt/gz_math_vendor:/opt/ros/jazzy/opt/gz_utils_vendor:/opt/ros/jazzy/opt/gz_cmake_vendor:/opt/ros/jazzy LD_LIBRARY_PATH=/root/Shared/MIAPR_Projekt/colcon_ws/install/mbf_abstract_nav/lib:/root/Shared/MIAPR_Projekt/colcon_ws/install/mbf_utility/lib:/root/Shared/MIAPR_Projekt/colcon_ws/install/mbf_test_utility/lib:/root/Shared/MIAPR_Projekt/colcon_ws/install/mbf_msgs/lib:${LD_LIBRARY_PATH} PYTHONPATH=/root/Shared/MIAPR_Projekt/colcon_ws/install/mbf_msgs/lib/python3.12/site-packages:${PYTHONPATH} /usr/bin/cmake --build /root/Shared/MIAPR_Projekt/colcon_ws/build/mbf_simple_nav -- -j12 -l12
[22.149s] Invoking command in '/root/Shared/MIAPR_Projekt/colcon_ws/build/mbf_simple_nav': AMENT_PREFIX_PATH=/root/Shared/MIAPR_Projekt/colcon_ws/install/mbf_simple_core:/root/Shared/MIAPR_Projekt/colcon_ws/install/mbf_abstract_nav:/root/Shared/MIAPR_Projekt/colcon_ws/install/mbf_utility:/root/Shared/MIAPR_Projekt/colcon_ws/install/mbf_test_utility:/root/Shared/MIAPR_Projekt/colcon_ws/install/mbf_msgs:/root/Shared/MIAPR_Projekt/colcon_ws/install/mbf_abstract_core:${AMENT_PREFIX_PATH} CMAKE_PREFIX_PATH=/root/Shared/MIAPR_Projekt/colcon_ws/install/mbf_simple_core:/root/Shared/MIAPR_Projekt/colcon_ws/install/mbf_abstract_nav:/root/Shared/MIAPR_Projekt/colcon_ws/install/mbf_utility:/root/Shared/MIAPR_Projekt/colcon_ws/install/mbf_test_utility:/root/Shared/MIAPR_Projekt/colcon_ws/install/mbf_msgs:/root/Shared/MIAPR_Projekt/colcon_ws/install/mbf_abstract_core:/root/Shared/MIAPR_Projekt/colcon_ws/install/mesh_tools:/root/Shared/MIAPR_Projekt/colcon_ws/install/rviz_mesh_tools_plugins:/root/Shared/MIAPR_Projekt/colcon_ws/install/mesh_navigation:/root/Shared/MIAPR_Projekt/colcon_ws/install/mesh_msgs_transform:/root/Shared/MIAPR_Projekt/colcon_ws/install/mesh_layers:/root/Shared/MIAPR_Projekt/colcon_ws/install/mesh_controller:/root/Shared/MIAPR_Projekt/colcon_ws/install/mbf_mesh_nav:/root/Shared/MIAPR_Projekt/colcon_ws/install/dijkstra_mesh_planner:/root/Shared/MIAPR_Projekt/colcon_ws/install/cvp_mesh_planner:/root/Shared/MIAPR_Projekt/colcon_ws/install/mbf_mesh_core:/root/Shared/MIAPR_Projekt/colcon_ws/install/mesh_map:/root/Shared/MIAPR_Projekt/colcon_ws/install/mesh_msgs_conversions:/root/Shared/MIAPR_Projekt/colcon_ws/install/label_manager:/root/Shared/MIAPR_Projekt/colcon_ws/install/mesh_msgs:/opt/ros/jazzy/opt/gz_math_vendor:/opt/ros/jazzy/opt/gz_utils_vendor:/opt/ros/jazzy/opt/gz_cmake_vendor:/opt/ros/jazzy LD_LIBRARY_PATH=/root/Shared/MIAPR_Projekt/colcon_ws/install/mbf_abstract_nav/lib:/root/Shared/MIAPR_Projekt/colcon_ws/install/mbf_utility/lib:/root/Shared/MIAPR_Projekt/colcon_ws/install/mbf_test_utility/lib:/root/Shared/MIAPR_Projekt/colcon_ws/install/mbf_msgs/lib:${LD_LIBRARY_PATH} PYTHONPATH=/root/Shared/MIAPR_Projekt/colcon_ws/install/mbf_msgs/lib/python3.12/site-packages:${PYTHONPATH} /usr/bin/cmake --install /root/Shared/MIAPR_Projekt/colcon_ws/build/mbf_simple_nav
[22.161s] -- Install configuration: ""
[22.161s] -- Execute custom install script
[22.161s] -- Symlinking: /root/Shared/MIAPR_Projekt/colcon_ws/install/mbf_simple_nav/include/mbf_simple_nav/simple_navigation_server.h
[22.175s] -- Symlinking: /root/Shared/MIAPR_Projekt/colcon_ws/install/mbf_simple_nav/lib/mbf_simple_nav/mbf_simple_nav_node
[22.190s] -- Symlinking: /root/Shared/MIAPR_Projekt/colcon_ws/install/mbf_simple_nav/share/mbf_simple_nav/test/plugins/mbf_simple_nav_test_plugins.xml
[22.204s] -- Symlinking: /root/Shared/MIAPR_Projekt/colcon_ws/install/mbf_simple_nav/lib/libmbf_simple_nav_test_plugins.so
[22.217s] -- Symlinking: /root/Shared/MIAPR_Projekt/colcon_ws/install/mbf_simple_nav/share/mbf_simple_nav/environment/library_path.sh
[22.230s] -- Symlinking: /root/Shared/MIAPR_Projekt/colcon_ws/install/mbf_simple_nav/share/mbf_simple_nav/environment/library_path.dsv
[22.244s] -- Symlinking: /root/Shared/MIAPR_Projekt/colcon_ws/install/mbf_simple_nav/share/ament_index/resource_index/package_run_dependencies/mbf_simple_nav
[22.258s] -- Symlinking: /root/Shared/MIAPR_Projekt/colcon_ws/install/mbf_simple_nav/share/ament_index/resource_index/parent_prefix_path/mbf_simple_nav
[22.272s] -- Symlinking: /root/Shared/MIAPR_Projekt/colcon_ws/install/mbf_simple_nav/share/mbf_simple_nav/environment/ament_prefix_path.sh
[22.285s] -- Symlinking: /root/Shared/MIAPR_Projekt/colcon_ws/install/mbf_simple_nav/share/mbf_simple_nav/environment/ament_prefix_path.dsv
[22.298s] -- Symlinking: /root/Shared/MIAPR_Projekt/colcon_ws/install/mbf_simple_nav/share/mbf_simple_nav/environment/path.sh
[22.312s] -- Symlinking: /root/Shared/MIAPR_Projekt/colcon_ws/install/mbf_simple_nav/share/mbf_simple_nav/environment/path.dsv
[22.328s] -- Symlinking: /root/Shared/MIAPR_Projekt/colcon_ws/install/mbf_simple_nav/share/mbf_simple_nav/local_setup.bash
[22.342s] -- Symlinking: /root/Shared/MIAPR_Projekt/colcon_ws/install/mbf_simple_nav/share/mbf_simple_nav/local_setup.sh
[22.355s] -- Symlinking: /root/Shared/MIAPR_Projekt/colcon_ws/install/mbf_simple_nav/share/mbf_simple_nav/local_setup.zsh
[22.368s] -- Symlinking: /root/Shared/MIAPR_Projekt/colcon_ws/install/mbf_simple_nav/share/mbf_simple_nav/local_setup.dsv
[22.382s] -- Symlinking: /root/Shared/MIAPR_Projekt/colcon_ws/install/mbf_simple_nav/share/mbf_simple_nav/package.dsv
[22.397s] -- Symlinking: /root/Shared/MIAPR_Projekt/colcon_ws/install/mbf_simple_nav/share/ament_index/resource_index/packages/mbf_simple_nav
[22.410s] -- Symlinking: /root/Shared/MIAPR_Projekt/colcon_ws/install/mbf_simple_nav/share/ament_index/resource_index/mbf_simple_core__pluginlib__plugin/mbf_simple_nav
[22.424s] -- Symlinking: /root/Shared/MIAPR_Projekt/colcon_ws/install/mbf_simple_nav/share/mbf_simple_nav/cmake/ament_cmake_export_targets-extras.cmake
[22.439s] -- Symlinking: /root/Shared/MIAPR_Projekt/colcon_ws/install/mbf_simple_nav/share/mbf_simple_nav/cmake/ament_cmake_export_dependencies-extras.cmake
[22.452s] -- Symlinking: /root/Shared/MIAPR_Projekt/colcon_ws/install/mbf_simple_nav/share/mbf_simple_nav/cmake/mbf_simple_navConfig.cmake
[22.465s] -- Symlinking: /root/Shared/MIAPR_Projekt/colcon_ws/install/mbf_simple_nav/share/mbf_simple_nav/cmake/mbf_simple_navConfig-version.cmake
[22.479s] -- Symlinking: /root/Shared/MIAPR_Projekt/colcon_ws/install/mbf_simple_nav/share/mbf_simple_nav/package.xml
[22.492s] -- Installing: /root/Shared/MIAPR_Projekt/colcon_ws/install/mbf_simple_nav/lib/libmbf_simple_nav_lib.so
[22.495s] -- Set non-toolchain portion of runtime path of "/root/Shared/MIAPR_Projekt/colcon_ws/install/mbf_simple_nav/lib/libmbf_simple_nav_lib.so" to ""
[22.495s] -- Installing: /root/Shared/MIAPR_Projekt/colcon_ws/install/mbf_simple_nav/share/mbf_simple_nav/cmake/export_mbf_simple_navExport.cmake
[22.496s] -- Installing: /root/Shared/MIAPR_Projekt/colcon_ws/install/mbf_simple_nav/share/mbf_simple_nav/cmake/export_mbf_simple_navExport-noconfig.cmake
[22.499s] Invoked command in '/root/Shared/MIAPR_Projekt/colcon_ws/build/mbf_simple_nav' returned '0': AMENT_PREFIX_PATH=/root/Shared/MIAPR_Projekt/colcon_ws/install/mbf_simple_core:/root/Shared/MIAPR_Projekt/colcon_ws/install/mbf_abstract_nav:/root/Shared/MIAPR_Projekt/colcon_ws/install/mbf_utility:/root/Shared/MIAPR_Projekt/colcon_ws/install/mbf_test_utility:/root/Shared/MIAPR_Projekt/colcon_ws/install/mbf_msgs:/root/Shared/MIAPR_Projekt/colcon_ws/install/mbf_abstract_core:${AMENT_PREFIX_PATH} CMAKE_PREFIX_PATH=/root/Shared/MIAPR_Projekt/colcon_ws/install/mbf_simple_core:/root/Shared/MIAPR_Projekt/colcon_ws/install/mbf_abstract_nav:/root/Shared/MIAPR_Projekt/colcon_ws/install/mbf_utility:/root/Shared/MIAPR_Projekt/colcon_ws/install/mbf_test_utility:/root/Shared/MIAPR_Projekt/colcon_ws/install/mbf_msgs:/root/Shared/MIAPR_Projekt/colcon_ws/install/mbf_abstract_core:/root/Shared/MIAPR_Projekt/colcon_ws/install/mesh_tools:/root/Shared/MIAPR_Projekt/colcon_ws/install/rviz_mesh_tools_plugins:/root/Shared/MIAPR_Projekt/colcon_ws/install/mesh_navigation:/root/Shared/MIAPR_Projekt/colcon_ws/install/mesh_msgs_transform:/root/Shared/MIAPR_Projekt/colcon_ws/install/mesh_layers:/root/Shared/MIAPR_Projekt/colcon_ws/install/mesh_controller:/root/Shared/MIAPR_Projekt/colcon_ws/install/mbf_mesh_nav:/root/Shared/MIAPR_Projekt/colcon_ws/install/dijkstra_mesh_planner:/root/Shared/MIAPR_Projekt/colcon_ws/install/cvp_mesh_planner:/root/Shared/MIAPR_Projekt/colcon_ws/install/mbf_mesh_core:/root/Shared/MIAPR_Projekt/colcon_ws/install/mesh_map:/root/Shared/MIAPR_Projekt/colcon_ws/install/mesh_msgs_conversions:/root/Shared/MIAPR_Projekt/colcon_ws/install/label_manager:/root/Shared/MIAPR_Projekt/colcon_ws/install/mesh_msgs:/opt/ros/jazzy/opt/gz_math_vendor:/opt/ros/jazzy/opt/gz_utils_vendor:/opt/ros/jazzy/opt/gz_cmake_vendor:/opt/ros/jazzy LD_LIBRARY_PATH=/root/Shared/MIAPR_Projekt/colcon_ws/install/mbf_abstract_nav/lib:/root/Shared/MIAPR_Projekt/colcon_ws/install/mbf_utility/lib:/root/Shared/MIAPR_Projekt/colcon_ws/install/mbf_test_utility/lib:/root/Shared/MIAPR_Projekt/colcon_ws/install/mbf_msgs/lib:${LD_LIBRARY_PATH} PYTHONPATH=/root/Shared/MIAPR_Projekt/colcon_ws/install/mbf_msgs/lib/python3.12/site-packages:${PYTHONPATH} /usr/bin/cmake --install /root/Shared/MIAPR_Projekt/colcon_ws/build/mbf_simple_nav
