[100%] Built target mesh_msgs_transform
-- Install configuration: ""
-- Up-to-date: /root/Shared/MIAPR_Projekt/install/mesh_msgs_transform/share/mesh_msgs_transform/environment/library_path.sh
-- Up-to-date: /root/Shared/MIAPR_Projekt/install/mesh_msgs_transform/share/mesh_msgs_transform/environment/library_path.dsv
-- Up-to-date: /root/Shared/MIAPR_Projekt/install/mesh_msgs_transform/lib/libmesh_msgs_transform.a
-- Up-to-date: /root/Shared/MIAPR_Projekt/install/mesh_msgs_transform/include/mesh_msgs_transform
-- Up-to-date: /root/Shared/MIAPR_Projekt/install/mesh_msgs_transform/include/mesh_msgs_transform/mesh_msgs_transform
-- Up-to-date: /root/Shared/MIAPR_Projekt/install/mesh_msgs_transform/include/mesh_msgs_transform/mesh_msgs_transform/transforms.h
-- Up-to-date: /root/Shared/MIAPR_Projekt/install/mesh_msgs_transform/share/ament_index/resource_index/package_run_dependencies/mesh_msgs_transform
-- Up-to-date: /root/Shared/MIAPR_Projekt/install/mesh_msgs_transform/share/ament_index/resource_index/parent_prefix_path/mesh_msgs_transform
-- Up-to-date: /root/Shared/MIAPR_Projekt/install/mesh_msgs_transform/share/mesh_msgs_transform/environment/ament_prefix_path.sh
-- Up-to-date: /root/Shared/MIAPR_Projekt/install/mesh_msgs_transform/share/mesh_msgs_transform/environment/ament_prefix_path.dsv
-- Up-to-date: /root/Shared/MIAPR_Projekt/install/mesh_msgs_transform/share/mesh_msgs_transform/environment/path.sh
-- Up-to-date: /root/Shared/MIAPR_Projekt/install/mesh_msgs_transform/share/mesh_msgs_transform/environment/path.dsv
-- Up-to-date: /root/Shared/MIAPR_Projekt/install/mesh_msgs_transform/share/mesh_msgs_transform/local_setup.bash
-- Up-to-date: /root/Shared/MIAPR_Projekt/install/mesh_msgs_transform/share/mesh_msgs_transform/local_setup.sh
-- Up-to-date: /root/Shared/MIAPR_Projekt/install/mesh_msgs_transform/share/mesh_msgs_transform/local_setup.zsh
-- Up-to-date: /root/Shared/MIAPR_Projekt/install/mesh_msgs_transform/share/mesh_msgs_transform/local_setup.dsv
-- Installing: /root/Shared/MIAPR_Projekt/install/mesh_msgs_transform/share/mesh_msgs_transform/package.dsv
-- Up-to-date: /root/Shared/MIAPR_Projekt/install/mesh_msgs_transform/share/ament_index/resource_index/packages/mesh_msgs_transform
-- Up-to-date: /root/Shared/MIAPR_Projekt/install/mesh_msgs_transform/share/mesh_msgs_transform/cmake/mesh_msgs_transformExport.cmake
-- Up-to-date: /root/Shared/MIAPR_Projekt/install/mesh_msgs_transform/share/mesh_msgs_transform/cmake/mesh_msgs_transformExport-noconfig.cmake
-- Up-to-date: /root/Shared/MIAPR_Projekt/install/mesh_msgs_transform/share/mesh_msgs_transform/cmake/ament_cmake_export_include_directories-extras.cmake
-- Up-to-date: /root/Shared/MIAPR_Projekt/install/mesh_msgs_transform/share/mesh_msgs_transform/cmake/ament_cmake_export_targets-extras.cmake
-- Up-to-date: /root/Shared/MIAPR_Projekt/install/mesh_msgs_transform/share/mesh_msgs_transform/cmake/ament_cmake_export_dependencies-extras.cmake
-- Up-to-date: /root/Shared/MIAPR_Projekt/install/mesh_msgs_transform/share/mesh_msgs_transform/cmake/mesh_msgs_transformConfig.cmake
-- Up-to-date: /root/Shared/MIAPR_Projekt/install/mesh_msgs_transform/share/mesh_msgs_transform/cmake/mesh_msgs_transformConfig-version.cmake
-- Up-to-date: /root/Shared/MIAPR_Projekt/install/mesh_msgs_transform/share/mesh_msgs_transform/package.xml
