[0.021s] Invoking command in '/root/Shared/MIAPR_Projekt/build/rviz_mesh_tools_plugins': AMENT_PREFIX_PATH=/root/Shared/MIAPR_Projekt/install/mesh_msgs:${AMENT_PREFIX_PATH} CMAKE_PREFIX_PATH=/root/Shared/MIAPR_Projekt/install/mesh_msgs:/opt/ros/jazzy/opt/gz_sim_vendor:/opt/ros/jazzy/opt/gz_sensors_vendor:/opt/ros/jazzy/opt/gz_physics_vendor:/opt/ros/jazzy/opt/sdformat_vendor:/opt/ros/jazzy/opt/gz_gui_vendor:/opt/ros/jazzy/opt/gz_transport_vendor:/opt/ros/jazzy/opt/gz_rendering_vendor:/opt/ros/jazzy/opt/gz_plugin_vendor:/opt/ros/jazzy/opt/gz_fuel_tools_vendor:/opt/ros/jazzy/opt/gz_msgs_vendor:/opt/ros/jazzy/opt/gz_common_vendor:/opt/ros/jazzy/opt/gz_math_vendor:/opt/ros/jazzy/opt/gz_utils_vendor:/opt/ros/jazzy/opt/gz_tools_vendor:/opt/ros/jazzy/opt/gz_ogre_next_vendor:/opt/ros/jazzy/opt/gz_dartsim_vendor:/opt/ros/jazzy/opt/gz_cmake_vendor:/opt/ros/jazzy LD_LIBRARY_PATH=/root/Shared/MIAPR_Projekt/install/mesh_msgs/lib:${LD_LIBRARY_PATH} PYTHONPATH=/root/Shared/MIAPR_Projekt/install/mesh_msgs/lib/python3.12/site-packages:${PYTHONPATH} /usr/bin/cmake /root/Shared/MIAPR_Projekt/colcon_ws/src/mesh_tools/rviz_mesh_tools_plugins -DCMAKE_INSTALL_PREFIX=/root/Shared/MIAPR_Projekt/install/rviz_mesh_tools_plugins
[0.106s] -- The C compiler identification is GNU 13.3.0
[0.186s] -- The CXX compiler identification is GNU 13.3.0
[0.212s] -- Detecting C compiler ABI info
[0.360s] -- Detecting C compiler ABI info - done
[0.370s] -- Check for working C compiler: /usr/bin/cc - skipped
[0.370s] -- Detecting C compile features
[0.371s] -- Detecting C compile features - done
[0.385s] -- Detecting CXX compiler ABI info
[0.540s] -- Detecting CXX compiler ABI info - done
[0.551s] -- Check for working CXX compiler: /usr/bin/c++ - skipped
[0.551s] -- Detecting CXX compile features
[0.552s] -- Detecting CXX compile features - done
[0.561s] -- Found ament_cmake: 2.5.5 (/opt/ros/jazzy/share/ament_cmake/cmake)
[0.783s] -- Found Python3: /usr/bin/python3 (found version "3.12.3") found components: Interpreter 
[0.991s] -- Found rclcpp: 28.1.16 (/opt/ros/jazzy/share/rclcpp/cmake)
[1.094s] -- Found rosidl_generator_c: 4.6.7 (/opt/ros/jazzy/share/rosidl_generator_c/cmake)
[1.124s] -- Found rosidl_generator_cpp: 4.6.7 (/opt/ros/jazzy/share/rosidl_generator_cpp/cmake)
[1.157s] -- Using all available rosidl_typesupport_c: rosidl_typesupport_fastrtps_c;rosidl_typesupport_introspection_c
[1.192s] -- Using all available rosidl_typesupport_cpp: rosidl_typesupport_fastrtps_cpp;rosidl_typesupport_introspection_cpp
[1.333s] -- Found rmw_implementation_cmake: 7.3.3 (/opt/ros/jazzy/share/rmw_implementation_cmake/cmake)
[1.341s] -- Found rmw_fastrtps_cpp: 8.4.3 (/opt/ros/jazzy/share/rmw_fastrtps_cpp/cmake)
[1.493s] -- Found OpenSSL: /usr/lib/x86_64-linux-gnu/libcrypto.so (found version "3.0.13")  
[1.522s] -- Found FastRTPS: /opt/ros/jazzy/include (Required is at least version "2.13") 
[1.554s] -- Using RMW implementation 'rmw_fastrtps_cpp' as default
[1.707s] -- Found rviz_common: 14.1.19 (/opt/ros/jazzy/share/rviz_common/cmake)
[1.875s] -- Setting OGRE_DIR to: '/opt/ros/jazzy/share/rviz_ogre_vendor/cmake/../../../opt/rviz_ogre_vendor/lib/OGRE/cmake'
[1.879s] -- Found OGRE
[1.879s] --   static     : OFF
[1.879s] --   components : MeshLodGenerator;Overlay;Paging;Property;RTShaderSystem;Terrain;Volume
[1.879s] --   plugins    : Plugin_BSPSceneManager;Plugin_OctreeSceneManager;Plugin_PCZSceneManager;Plugin_ParticleFX;RenderSystem_GL;RenderSystem_GL3Plus;Codec_STBI
[1.880s] --   media      : /opt/ros/jazzy/opt/rviz_ogre_vendor/share/OGRE/Media
[1.880s] -- OGRE_LIBRARIES: OgreMeshLodGenerator;OgreOverlay;OgrePaging;OgreProperty;OgreRTShaderSystem;OgreTerrain;OgreVolume;OgreMain
[1.880s] -- OGRE_LIBRARY_DIRS: /opt/ros/jazzy/opt/rviz_ogre_vendor/lib
[1.880s] -- OGRE_PLUGINS: Plugin_BSPSceneManager;Plugin_OctreeSceneManager;Plugin_PCZSceneManager;Plugin_ParticleFX;RenderSystem_GL;RenderSystem_GL3Plus;Codec_STBI
[1.880s] -- OGRE_PLUGIN_DIR: /opt/ros/jazzy/opt/rviz_ogre_vendor/lib/OGRE
[1.880s] -- rviz_ogre_vendor::OgreOverlay for IMPORTED_LOCATION_RELEASE: /opt/ros/jazzy/opt/rviz_ogre_vendor/lib/libOgreOverlay.so
[1.880s] -- rviz_ogre_vendor::OgreOverlay for IMPORTED_LOCATION_DEBUG: /opt/ros/jazzy/opt/rviz_ogre_vendor/lib/libOgreOverlay.so
[1.880s] -- rviz_ogre_vendor::OgreMain for IMPORTED_LOCATION_RELEASE: /opt/ros/jazzy/opt/rviz_ogre_vendor/lib/libOgreMain.so
[1.881s] -- rviz_ogre_vendor::OgreMain for IMPORTED_LOCATION_DEBUG: /opt/ros/jazzy/opt/rviz_ogre_vendor/lib/libOgreMain.so
[1.937s] -- Found ZLIB: /usr/lib/x86_64-linux-gnu/libz.so (found version "1.3")  
[1.966s] -- Found OpenGL: /usr/lib/x86_64-linux-gnu/libOpenGL.so   
[2.240s] -- Found X11: /usr/include   
[2.241s] -- Looking for XOpenDisplay in /usr/lib/x86_64-linux-gnu/libX11.so;/usr/lib/x86_64-linux-gnu/libXext.so
[2.374s] -- Looking for XOpenDisplay in /usr/lib/x86_64-linux-gnu/libX11.so;/usr/lib/x86_64-linux-gnu/libXext.so - found
[2.375s] -- Looking for gethostbyname
[2.529s] -- Looking for gethostbyname - found
[2.529s] -- Looking for connect
[2.753s] -- Looking for connect - found
[2.753s] -- Looking for remove
[2.989s] -- Looking for remove - found
[2.989s] -- Looking for shmat
[3.119s] -- Looking for shmat - found
[3.119s] -- Looking for IceConnectionNumber in ICE
[3.258s] -- Looking for IceConnectionNumber in ICE - found
[3.608s] -- Setting yaml-cpp_DIR to: '/opt/ros/jazzy/share/yaml_cpp_vendor/cmake/../../../opt/yaml_cpp_vendor/share/cmake/yaml-cpp'
[3.633s] -- Found rviz_assimp_vendor: 14.1.19 (/opt/ros/jazzy/share/rviz_assimp_vendor/cmake)
[3.633s] -- Setting assimp_DIR to: '/opt/ros/jazzy/share/rviz_assimp_vendor/cmake/../../../opt/rviz_assimp_vendor/lib/cmake/assimp-5.3'
[3.643s] -- Found mesh_msgs: 2.1.1 (/root/Shared/MIAPR_Projekt/install/mesh_msgs/share/mesh_msgs/cmake)
[3.728s] -- Found Boost: /usr/lib/x86_64-linux-gnu/cmake/Boost-1.83.0/BoostConfig.cmake (found version "1.83.0") found components: system filesystem 
[4.917s] -- Found HDF5: /usr/lib/x86_64-linux-gnu/hdf5/serial/libhdf5.so;/usr/lib/x86_64-linux-gnu/libcrypto.so;/usr/lib/x86_64-linux-gnu/libcurl.so;/usr/lib/x86_64-linux-gnu/libpthread.a;/usr/lib/x86_64-linux-gnu/libsz.so;/usr/lib/x86_64-linux-gnu/libz.so;/usr/lib/x86_64-linux-gnu/libdl.a;/usr/lib/x86_64-linux-gnu/libm.so;/usr/lib/x86_64-linux-gnu/hdf5/serial/libhdf5_cpp.so;/usr/lib/x86_64-linux-gnu/hdf5/serial/libhdf5.so;/usr/lib/x86_64-linux-gnu/libcrypto.so;/usr/lib/x86_64-linux-gnu/libcurl.so;/usr/lib/x86_64-linux-gnu/libpthread.a;/usr/lib/x86_64-linux-gnu/libsz.so;/usr/lib/x86_64-linux-gnu/libz.so;/usr/lib/x86_64-linux-gnu/libdl.a;/usr/lib/x86_64-linux-gnu/libm.so (found version "1.10.10") found components: C CXX HL 
[5.201s] -- Found MPI_C: /usr/lib/x86_64-linux-gnu/openmpi/lib/libmpi.so (found version "3.1") 
[6.967s] -- Found MPI_CXX: /usr/lib/x86_64-linux-gnu/openmpi/lib/libmpi_cxx.so (found version "3.1") 
[6.967s] -- Found MPI: TRUE (found version "3.1")  
[7.009s] -- Found TIFF: /usr/lib/x86_64-linux-gnu/libtiff.so (found version "4.5.1")  
[7.024s] -- Found GDAL: /usr/lib/x86_64-linux-gnu/libgdal.so (found version "3.8.4") 
[7.050s] -- Found OpenCV: /usr (found version "4.6.0") 
[7.052s] -- Found FLANN: /usr/include/flann  
[7.052s] -- Try to find LZ4: find_path + find_library
[7.055s] -- Try to find LZ4: FindPackageHandleStandardArgs
[7.056s] -- Found LZ4: /usr/lib/x86_64-linux-gnu/liblz4.so  
[7.204s] -- Found GSL: /usr/include (found version "2.7.1") 
[9.962s] -- Found OpenGL: /usr/lib/x86_64-linux-gnu/libOpenGL.so  found components: OpenGL 
[10.303s] -- Found GLUT: /usr/lib/x86_64-linux-gnu/libglut.so  
[10.638s] -- Configuring done (10.6s)
[10.890s] -- Generating done (0.1s)
[10.906s] -- Build files have been written to: /root/Shared/MIAPR_Projekt/build/rviz_mesh_tools_plugins
[10.967s] Invoked command in '/root/Shared/MIAPR_Projekt/build/rviz_mesh_tools_plugins' returned '0': AMENT_PREFIX_PATH=/root/Shared/MIAPR_Projekt/install/mesh_msgs:${AMENT_PREFIX_PATH} CMAKE_PREFIX_PATH=/root/Shared/MIAPR_Projekt/install/mesh_msgs:/opt/ros/jazzy/opt/gz_sim_vendor:/opt/ros/jazzy/opt/gz_sensors_vendor:/opt/ros/jazzy/opt/gz_physics_vendor:/opt/ros/jazzy/opt/sdformat_vendor:/opt/ros/jazzy/opt/gz_gui_vendor:/opt/ros/jazzy/opt/gz_transport_vendor:/opt/ros/jazzy/opt/gz_rendering_vendor:/opt/ros/jazzy/opt/gz_plugin_vendor:/opt/ros/jazzy/opt/gz_fuel_tools_vendor:/opt/ros/jazzy/opt/gz_msgs_vendor:/opt/ros/jazzy/opt/gz_common_vendor:/opt/ros/jazzy/opt/gz_math_vendor:/opt/ros/jazzy/opt/gz_utils_vendor:/opt/ros/jazzy/opt/gz_tools_vendor:/opt/ros/jazzy/opt/gz_ogre_next_vendor:/opt/ros/jazzy/opt/gz_dartsim_vendor:/opt/ros/jazzy/opt/gz_cmake_vendor:/opt/ros/jazzy LD_LIBRARY_PATH=/root/Shared/MIAPR_Projekt/install/mesh_msgs/lib:${LD_LIBRARY_PATH} PYTHONPATH=/root/Shared/MIAPR_Projekt/install/mesh_msgs/lib/python3.12/site-packages:${PYTHONPATH} /usr/bin/cmake /root/Shared/MIAPR_Projekt/colcon_ws/src/mesh_tools/rviz_mesh_tools_plugins -DCMAKE_INSTALL_PREFIX=/root/Shared/MIAPR_Projekt/install/rviz_mesh_tools_plugins
[10.969s] Invoking command in '/root/Shared/MIAPR_Projekt/build/rviz_mesh_tools_plugins': AMENT_PREFIX_PATH=/root/Shared/MIAPR_Projekt/install/mesh_msgs:${AMENT_PREFIX_PATH} CMAKE_PREFIX_PATH=/root/Shared/MIAPR_Projekt/install/mesh_msgs:/opt/ros/jazzy/opt/gz_sim_vendor:/opt/ros/jazzy/opt/gz_sensors_vendor:/opt/ros/jazzy/opt/gz_physics_vendor:/opt/ros/jazzy/opt/sdformat_vendor:/opt/ros/jazzy/opt/gz_gui_vendor:/opt/ros/jazzy/opt/gz_transport_vendor:/opt/ros/jazzy/opt/gz_rendering_vendor:/opt/ros/jazzy/opt/gz_plugin_vendor:/opt/ros/jazzy/opt/gz_fuel_tools_vendor:/opt/ros/jazzy/opt/gz_msgs_vendor:/opt/ros/jazzy/opt/gz_common_vendor:/opt/ros/jazzy/opt/gz_math_vendor:/opt/ros/jazzy/opt/gz_utils_vendor:/opt/ros/jazzy/opt/gz_tools_vendor:/opt/ros/jazzy/opt/gz_ogre_next_vendor:/opt/ros/jazzy/opt/gz_dartsim_vendor:/opt/ros/jazzy/opt/gz_cmake_vendor:/opt/ros/jazzy LD_LIBRARY_PATH=/root/Shared/MIAPR_Projekt/install/mesh_msgs/lib:${LD_LIBRARY_PATH} PYTHONPATH=/root/Shared/MIAPR_Projekt/install/mesh_msgs/lib/python3.12/site-packages:${PYTHONPATH} /usr/bin/cmake --build /root/Shared/MIAPR_Projekt/build/rviz_mesh_tools_plugins -- -j12 -l12
[11.182s] [  0%] Built target rviz_mesh_tools_plugins_autogen_timestamp_deps
[11.233s] [  6%] [34m[1mAutomatic MOC for target rviz_mesh_tools_plugins[0m
[14.864s] [  6%] Built target rviz_mesh_tools_plugins_autogen
[15.033s] [ 12%] [32mBuilding CXX object CMakeFiles/rviz_mesh_tools_plugins.dir/src/ClusterLabelDisplay.cpp.o[0m
[15.049s] [ 18%] [32mBuilding CXX object CMakeFiles/rviz_mesh_tools_plugins.dir/rviz_mesh_tools_plugins_autogen/mocs_compilation.cpp.o[0m
[15.053s] [ 31%] [32mBuilding CXX object CMakeFiles/rviz_mesh_tools_plugins.dir/src/ClusterLabelTool.cpp.o[0m
[15.061s] [ 31%] [32mBuilding CXX object CMakeFiles/rviz_mesh_tools_plugins.dir/src/ClusterLabelPanel.cpp.o[0m
[15.072s] [ 37%] [32mBuilding CXX object CMakeFiles/rviz_mesh_tools_plugins.dir/src/ClusterLabelVisual.cpp.o[0m
[15.072s] [ 43%] [32mBuilding CXX object CMakeFiles/rviz_mesh_tools_plugins.dir/src/RvizFileProperty.cpp.o[0m
[15.076s] [ 50%] [32mBuilding CXX object CMakeFiles/rviz_mesh_tools_plugins.dir/src/MeshVisual.cpp.o[0m
[15.084s] [ 56%] [32mBuilding CXX object CMakeFiles/rviz_mesh_tools_plugins.dir/src/MapDisplay.cpp.o[0m
[15.085s] [ 62%] [32mBuilding CXX object CMakeFiles/rviz_mesh_tools_plugins.dir/src/MeshDisplay.cpp.o[0m
[15.092s] [ 68%] [32mBuilding CXX object CMakeFiles/rviz_mesh_tools_plugins.dir/src/MeshPoseTool.cpp.o[0m
[15.094s] [ 75%] [32mBuilding CXX object CMakeFiles/rviz_mesh_tools_plugins.dir/src/MeshPoseGuessTool.cpp.o[0m
[15.113s] [ 81%] [32mBuilding CXX object CMakeFiles/rviz_mesh_tools_plugins.dir/src/MeshGoalTool.cpp.o[0m
[26.053s] In file included from [01m[K/root/Shared/MIAPR_Projekt/colcon_ws/src/mesh_tools/rviz_mesh_tools_plugins/include/rviz_mesh_tools_plugins/MeshPoseTool.hpp:48[m[K,
[26.054s]                  from [01m[K/root/Shared/MIAPR_Projekt/colcon_ws/src/mesh_tools/rviz_mesh_tools_plugins/include/rviz_mesh_tools_plugins/MeshGoalTool.hpp:48[m[K,
[26.054s]                  from [01m[K/root/Shared/MIAPR_Projekt/colcon_ws/src/mesh_tools/rviz_mesh_tools_plugins/src/MeshGoalTool.cpp:46[m[K:
[26.054s] [01m[K/opt/ros/jazzy/opt/rviz_ogre_vendor/include/OGRE/OgreVector3.h:2:62:[m[K [01;36m[Knote: [m[K‘[01m[K#pragma message: /opt/ros/jazzy/opt/rviz_ogre_vendor/include/OGRE/OgreVector3.h is deprecated, migrate to Ogre.h[m[K’
[26.054s]     2 | #pragma message( __FILE__ " is deprecated, migrate to Ogre.h"[01;36m[K)[m[K
[26.054s]       |                                                              [01;36m[K^[m[K
[26.102s] In file included from [01m[K/root/Shared/MIAPR_Projekt/colcon_ws/src/mesh_tools/rviz_mesh_tools_plugins/include/rviz_mesh_tools_plugins/MeshPoseTool.hpp:48[m[K,
[26.102s]                  from [01m[K/root/Shared/MIAPR_Projekt/colcon_ws/src/mesh_tools/rviz_mesh_tools_plugins/include/rviz_mesh_tools_plugins/MeshPoseGuessTool.hpp:48[m[K,
[26.103s]                  from [01m[K/root/Shared/MIAPR_Projekt/colcon_ws/src/mesh_tools/rviz_mesh_tools_plugins/src/MeshPoseGuessTool.cpp:46[m[K:
[26.103s] [01m[K/opt/ros/jazzy/opt/rviz_ogre_vendor/include/OGRE/OgreVector3.h:2:62:[m[K [01;36m[Knote: [m[K‘[01m[K#pragma message: /opt/ros/jazzy/opt/rviz_ogre_vendor/include/OGRE/OgreVector3.h is deprecated, migrate to Ogre.h[m[K’
[26.103s]     2 | #pragma message( __FILE__ " is deprecated, migrate to Ogre.h"[01;36m[K)[m[K
[26.103s]       |                                                              [01;36m[K^[m[K
[43.801s] [01m[K/root/Shared/MIAPR_Projekt/colcon_ws/src/mesh_tools/rviz_mesh_tools_plugins/src/RvizFileProperty.cpp:[m[K In member function ‘[01m[Kvirtual QWidget* rviz_common::properties::FileProperty::[01;32m[KcreateEditor[m[K(QWidget*, const QStyleOptionViewItem&)[m[K’:
[43.870s] [01m[K/root/Shared/MIAPR_Projekt/colcon_ws/src/mesh_tools/rviz_mesh_tools_plugins/src/RvizFileProperty.cpp:68:12:[m[K [01;35m[Kwarning: [m[Kunused parameter ‘[01m[Kparent[m[K’ [[01;35m[K-Wunused-parameter[m[K]
[43.870s]    68 |   [01;35m[KQWidget* parent[m[K,
[43.870s]       |   [01;35m[K~~~~~~~~~^~~~~~[m[K
[94.008s] In file included from [01m[K/root/Shared/MIAPR_Projekt/colcon_ws/src/mesh_tools/rviz_mesh_tools_plugins/include/rviz_mesh_tools_plugins/MeshPoseTool.hpp:48[m[K,
[94.464s]                  from [01m[K/root/Shared/MIAPR_Projekt/build/rviz_mesh_tools_plugins/rviz_mesh_tools_plugins_autogen/RHH6IMX7JG/../../../../colcon_ws/src/mesh_tools/rviz_mesh_tools_plugins/include/rviz_mesh_tools_plugins/MeshGoalTool.hpp:48[m[K,
[94.464s]                  from [01m[K/root/Shared/MIAPR_Projekt/build/rviz_mesh_tools_plugins/rviz_mesh_tools_plugins_autogen/RHH6IMX7JG/moc_MeshGoalTool.cpp:10[m[K,
[94.464s]                  from [01m[K/root/Shared/MIAPR_Projekt/build/rviz_mesh_tools_plugins/rviz_mesh_tools_plugins_autogen/mocs_compilation.cpp:7[m[K:
[94.531s] [01m[K/opt/ros/jazzy/opt/rviz_ogre_vendor/include/OGRE/OgreVector3.h:2:62:[m[K [01;36m[Knote: [m[K‘[01m[K#pragma message: /opt/ros/jazzy/opt/rviz_ogre_vendor/include/OGRE/OgreVector3.h is deprecated, migrate to Ogre.h[m[K’
[94.533s]     2 | #pragma message( __FILE__ " is deprecated, migrate to Ogre.h"[01;36m[K)[m[K
[94.533s]       |                                                              [01;36m[K^[m[K
[101.882s] [01m[K/root/Shared/MIAPR_Projekt/colcon_ws/src/mesh_tools/rviz_mesh_tools_plugins/src/MeshDisplay.cpp:[m[K In member function ‘[01m[Kvoid rviz_mesh_tools_plugins::MeshDisplay::[01;32m[KupdateBufferSize[m[K()[m[K’:
[101.887s] [01m[K/root/Shared/MIAPR_Projekt/colcon_ws/src/mesh_tools/rviz_mesh_tools_plugins/src/MeshDisplay.cpp:623:27:[m[K [01;35m[Kwarning: [m[Kcomparison of integer expressions of different signedness: ‘[01m[Kstd::queue<std::shared_ptr<rviz_mesh_tools_plugins::MeshVisual> >::size_type[m[K’ {aka ‘[01m[Klong unsigned int[m[K’} and ‘[01m[Kint[m[K’ [[01;35m[K-Wsign-compare[m[K]
[101.888s]   623 |   while ([01;35m[Km_visuals.size() > m_bufferSize->getInt()[m[K)
[101.888s]       |          [01;35m[K~~~~~~~~~~~~~~~~~^~~~~~~~~~~~~~~~~~~~~~~~[m[K
[102.145s] [01m[K/root/Shared/MIAPR_Projekt/colcon_ws/src/mesh_tools/rviz_mesh_tools_plugins/src/MeshDisplay.cpp:[m[K In member function ‘[01m[Kvoid rviz_mesh_tools_plugins::MeshDisplay::[01;32m[KrequestMaterials[m[K(std::string)[m[K’:
[102.147s] [01m[K/root/Shared/MIAPR_Projekt/colcon_ws/src/mesh_tools/rviz_mesh_tools_plugins/src/MeshDisplay.cpp:1374:23:[m[K [01;35m[Kwarning: [m[Kcomparison of integer expressions of different signedness: ‘[01m[Kint[m[K’ and ‘[01m[Kstd::vector<mesh_msgs::msg::MeshMaterial_<std::allocator<void> >, std::allocator<mesh_msgs::msg::MeshMaterial_<std::allocator<void> > > >::size_type[m[K’ {aka ‘[01m[Klong unsigned int[m[K’} [[01;35m[K-Wsign-compare[m[K]
[102.149s]  1374 |     for (int i = 0; [01;35m[Ki < meshMaterialsStamped.mesh_materials.materials.size()[m[K; i++)
[102.149s]       |                     [01;35m[K~~^~~~~~~~~~~~~~~~~~~~~~~~~~~~~~~~~~~~~~~~~~~~~~~~~~~~~~[m[K
[102.156s] [01m[K/root/Shared/MIAPR_Projekt/colcon_ws/src/mesh_tools/rviz_mesh_tools_plugins/src/MeshDisplay.cpp:1380:23:[m[K [01;35m[Kwarning: [m[Kcomparison of integer expressions of different signedness: ‘[01m[Kint[m[K’ and ‘[01m[Kstd::vector<mesh_msgs::msg::MeshFaceCluster_<std::allocator<void> >, std::allocator<mesh_msgs::msg::MeshFaceCluster_<std::allocator<void> > > >::size_type[m[K’ {aka ‘[01m[Klong unsigned int[m[K’} [[01;35m[K-Wsign-compare[m[K]
[102.156s]  1380 |     for (int i = 0; [01;35m[Ki < meshMaterialsStamped.mesh_materials.clusters.size()[m[K; i++)
[102.156s]       |                     [01;35m[K~~^~~~~~~~~~~~~~~~~~~~~~~~~~~~~~~~~~~~~~~~~~~~~~~~~~~~~[m[K
[102.157s] [01m[K/root/Shared/MIAPR_Projekt/colcon_ws/src/mesh_tools/rviz_mesh_tools_plugins/src/MeshDisplay.cpp:1385:43:[m[K [01;35m[Kwarning: [m[Kunused variable ‘[01m[Kmat[m[K’ [[01;35m[K-Wunused-variable[m[K]
[102.158s]  1385 |       const mesh_msgs::msg::MeshMaterial& [01;35m[Kmat[m[K = meshMaterialsStamped.mesh_materials.materials[materialIndex];
[102.158s]       |                                           [01;35m[K^~~[m[K
[102.169s] [01m[K/root/Shared/MIAPR_Projekt/colcon_ws/src/mesh_tools/rviz_mesh_tools_plugins/src/MeshDisplay.cpp:1356:32:[m[K [01;35m[Kwarning: [m[Kunused variable ‘[01m[Ksrv[m[K’ [[01;35m[K-Wunused-variable[m[K]
[102.169s]  1356 |   mesh_msgs::srv::GetMaterials [01;35m[Ksrv[m[K;
[102.170s]       |                                [01;35m[K^~~[m[K
[102.193s] [01m[K/root/Shared/MIAPR_Projekt/colcon_ws/src/mesh_tools/rviz_mesh_tools_plugins/src/MeshDisplay.cpp:[m[K In member function ‘[01m[Kstd::shared_ptr<rviz_mesh_tools_plugins::MeshVisual> rviz_mesh_tools_plugins::MeshDisplay::[01;32m[KaddNewVisual[m[K()[m[K’:
[102.193s] [01m[K/root/Shared/MIAPR_Projekt/colcon_ws/src/mesh_tools/rviz_mesh_tools_plugins/src/MeshDisplay.cpp:1482:24:[m[K [01;35m[Kwarning: [m[Kcomparison of integer expressions of different signedness: ‘[01m[Kstd::queue<std::shared_ptr<rviz_mesh_tools_plugins::MeshVisual> >::size_type[m[K’ {aka ‘[01m[Klong unsigned int[m[K’} and ‘[01m[Kint[m[K’ [[01;35m[K-Wsign-compare[m[K]
[102.194s]  1482 |   if ([01;35m[Km_visuals.size() > bufferCapacity[m[K)
[102.194s]       |       [01;35m[K~~~~~~~~~~~~~~~~~^~~~~~~~~~~~~~~~[m[K
[134.172s] [01m[K/root/Shared/MIAPR_Projekt/colcon_ws/src/mesh_tools/rviz_mesh_tools_plugins/src/ClusterLabelVisual.cpp:[m[K In constructor ‘[01m[Krviz_mesh_tools_plugins::ClusterLabelVisual::[01;32m[KClusterLabelVisual[m[K(rviz_common::DisplayContext*, std::string, std::shared_ptr<rviz_mesh_tools_plugins::Geometry>)[m[K’:
[134.174s] [01m[K/root/Shared/MIAPR_Projekt/colcon_ws/src/mesh_tools/rviz_mesh_tools_plugins/src/ClusterLabelVisual.cpp:99:19:[m[K [01;35m[Kwarning: [m[K‘[01m[Kbool Ogre::SharedPtr<T>::[01;32m[KisNull[m[K() const [35m[K[with T = Ogre::Mesh][m[K[m[K’ is deprecated [[01;35m[K-Wdeprecated-declarations[m[K]
[134.174s]    99 |   if([01;35m[Km_mesh.isNull()[m[K && geometry)
[134.175s]       |      [01;35m[K~~~~~~~~~~~~~^~[m[K
[134.175s] In file included from [01m[K/opt/ros/jazzy/opt/rviz_ogre_vendor/include/OGRE/OgreHardwareVertexBuffer.h:34[m[K,
[134.175s]                  from [01m[K/opt/ros/jazzy/opt/rviz_ogre_vendor/include/OGRE/OgrePose.h:38[m[K,
[134.175s]                  from [01m[K/opt/ros/jazzy/opt/rviz_ogre_vendor/include/OGRE/OgreAnimationTrack.h:36[m[K,
[134.175s]                  from [01m[K/opt/ros/jazzy/opt/rviz_ogre_vendor/include/OGRE/OgreAnimation.h:34[m[K,
[134.175s]                  from [01m[K/opt/ros/jazzy/opt/rviz_ogre_vendor/include/OGRE/OgreMesh.h:41[m[K,
[134.175s]                  from [01m[K/root/Shared/MIAPR_Projekt/colcon_ws/src/mesh_tools/rviz_mesh_tools_plugins/include/rviz_mesh_tools_plugins/ClusterLabelVisual.hpp:61[m[K,
[134.175s]                  from [01m[K/root/Shared/MIAPR_Projekt/colcon_ws/src/mesh_tools/rviz_mesh_tools_plugins/src/ClusterLabelVisual.cpp:48[m[K:
[134.175s] [01m[K/opt/ros/jazzy/opt/rviz_ogre_vendor/include/OGRE/OgreSharedPtr.h:91:30:[m[K [01;36m[Knote: [m[Kdeclared here
[134.175s]    91 |         OGRE_DEPRECATED bool [01;36m[KisNull[m[K(void) const { return !shared_ptr<T>::operator bool(); }
[134.175s]       |                              [01;36m[K^~~~~~[m[K
[134.175s] [01m[K/root/Shared/MIAPR_Projekt/colcon_ws/src/mesh_tools/rviz_mesh_tools_plugins/src/ClusterLabelVisual.cpp:123:23:[m[K [01;35m[Kwarning: [m[Kcomparison of integer expressions of different signedness: ‘[01m[Kint[m[K’ and ‘[01m[Ksize_t[m[K’ {aka ‘[01m[Klong unsigned int[m[K’} [[01;35m[K-Wsign-compare[m[K]
[134.176s]   123 |     for (int i = 0; [01;35m[Ki < m_mesh->sharedVertexData->vertexCount[m[K; i++)
[134.176s]       |                     [01;35m[K~~^~~~~~~~~~~~~~~~~~~~~~~~~~~~~~~~~~~~~~~[m[K
[134.176s] [01m[K/root/Shared/MIAPR_Projekt/colcon_ws/src/mesh_tools/rviz_mesh_tools_plugins/src/ClusterLabelVisual.cpp:155:20:[m[K [01;35m[Kwarning: [m[K‘[01m[Kbool Ogre::SharedPtr<T>::[01;32m[KisNull[m[K() const [35m[K[with T = Ogre::Mesh][m[K[m[K’ is deprecated [[01;35m[K-Wdeprecated-declarations[m[K]
[134.176s]   155 |   if(![01;35m[Km_mesh.isNull()[m[K)
[134.176s]       |       [01;35m[K~~~~~~~~~~~~~^~[m[K
[134.176s] [01m[K/opt/ros/jazzy/opt/rviz_ogre_vendor/include/OGRE/OgreSharedPtr.h:91:30:[m[K [01;36m[Knote: [m[Kdeclared here
[134.176s]    91 |         OGRE_DEPRECATED bool [01;36m[KisNull[m[K(void) const { return !shared_ptr<T>::operator bool(); }
[134.176s]       |                              [01;36m[K^~~~~~[m[K
[134.176s] [01m[K/root/Shared/MIAPR_Projekt/colcon_ws/src/mesh_tools/rviz_mesh_tools_plugins/src/ClusterLabelVisual.cpp:163:25:[m[K [01;35m[Kwarning: [m[K‘[01m[Kbool Ogre::SharedPtr<T>::[01;32m[KisNull[m[K() const [35m[K[with T = Ogre::Material][m[K[m[K’ is deprecated [[01;35m[K-Wdeprecated-declarations[m[K]
[134.176s]   163 |     if([01;35m[Km_material.isNull()[m[K)
[134.176s]       |        [01;35m[K~~~~~~~~~~~~~~~~~^~[m[K
[134.176s] [01m[K/opt/ros/jazzy/opt/rviz_ogre_vendor/include/OGRE/OgreSharedPtr.h:91:30:[m[K [01;36m[Knote: [m[Kdeclared here
[134.177s]    91 |         OGRE_DEPRECATED bool [01;36m[KisNull[m[K(void) const { return !shared_ptr<T>::operator bool(); }
[134.177s]       |                              [01;36m[K^~~~~~[m[K
[134.177s] [01m[K/root/Shared/MIAPR_Projekt/colcon_ws/src/mesh_tools/rviz_mesh_tools_plugins/src/ClusterLabelVisual.cpp:[m[K In destructor ‘[01m[Kvirtual rviz_mesh_tools_plugins::ClusterLabelVisual::[01;32m[K~ClusterLabelVisual[m[K()[m[K’:
[134.177s] [01m[K/root/Shared/MIAPR_Projekt/colcon_ws/src/mesh_tools/rviz_mesh_tools_plugins/src/ClusterLabelVisual.cpp:183:21:[m[K [01;35m[Kwarning: [m[K‘[01m[Kbool Ogre::SharedPtr<T>::[01;32m[KisNull[m[K() const [35m[K[with T = Ogre::Mesh][m[K[m[K’ is deprecated [[01;35m[K-Wdeprecated-declarations[m[K]
[134.177s]   183 |   if (![01;35m[Km_mesh.isNull()[m[K)
[134.177s]       |        [01;35m[K~~~~~~~~~~~~~^~[m[K
[134.177s] [01m[K/opt/ros/jazzy/opt/rviz_ogre_vendor/include/OGRE/OgreSharedPtr.h:91:30:[m[K [01;36m[Knote: [m[Kdeclared here
[134.177s]    91 |         OGRE_DEPRECATED bool [01;36m[KisNull[m[K(void) const { return !shared_ptr<T>::operator bool(); }
[134.177s]       |                              [01;36m[K^~~~~~[m[K
[134.231s] [01m[K/root/Shared/MIAPR_Projekt/colcon_ws/src/mesh_tools/rviz_mesh_tools_plugins/src/ClusterLabelVisual.cpp:[m[K In member function ‘[01m[Kvoid rviz_mesh_tools_plugins::ClusterLabelVisual::[01;32m[Kreset[m[K()[m[K’:
[134.231s] [01m[K/root/Shared/MIAPR_Projekt/colcon_ws/src/mesh_tools/rviz_mesh_tools_plugins/src/ClusterLabelVisual.cpp:208:24:[m[K [01;35m[Kwarning: [m[K‘[01m[Kbool Ogre::SharedPtr<T>::[01;32m[KisNull[m[K() const [35m[K[with T = Ogre::Material][m[K[m[K’ is deprecated [[01;35m[K-Wdeprecated-declarations[m[K]
[134.231s]   208 |   if(![01;35m[Km_material.isNull()[m[K)
[134.231s]       |       [01;35m[K~~~~~~~~~~~~~~~~~^~[m[K
[134.231s] [01m[K/opt/ros/jazzy/opt/rviz_ogre_vendor/include/OGRE/OgreSharedPtr.h:91:30:[m[K [01;36m[Knote: [m[Kdeclared here
[134.232s]    91 |         OGRE_DEPRECATED bool [01;36m[KisNull[m[K(void) const { return !shared_ptr<T>::operator bool(); }
[134.232s]       |                              [01;36m[K^~~~~~[m[K
[134.232s] [01m[K/root/Shared/MIAPR_Projekt/colcon_ws/src/mesh_tools/rviz_mesh_tools_plugins/src/ClusterLabelVisual.cpp:[m[K In member function ‘[01m[Kvoid rviz_mesh_tools_plugins::ClusterLabelVisual::[01;32m[KsetGeometry[m[K(std::shared_ptr<rviz_mesh_tools_plugins::Geometry>)[m[K’:
[134.232s] [01m[K/root/Shared/MIAPR_Projekt/colcon_ws/src/mesh_tools/rviz_mesh_tools_plugins/src/ClusterLabelVisual.cpp:222:64:[m[K [01;35m[Kwarning: [m[Kunused parameter ‘[01m[Kgeometry[m[K’ [[01;35m[K-Wunused-parameter[m[K]
[134.232s]   222 | void ClusterLabelVisual::setGeometry([01;35m[Kstd::shared_ptr<Geometry> geometry[m[K)
[134.232s]       |                                      [01;35m[K~~~~~~~~~~~~~~~~~~~~~~~~~~^~~~~~~~[m[K
[134.366s] [01m[K/root/Shared/MIAPR_Projekt/colcon_ws/src/mesh_tools/rviz_mesh_tools_plugins/src/ClusterLabelVisual.cpp:[m[K In member function ‘[01m[Kvoid rviz_mesh_tools_plugins::ClusterLabelVisual::[01;32m[KsetFacesInCluster[m[K(const std::vector<unsigned int>&)[m[K’:
[134.366s] [01m[K/root/Shared/MIAPR_Projekt/colcon_ws/src/mesh_tools/rviz_mesh_tools_plugins/src/ClusterLabelVisual.cpp:239:46:[m[K [01;35m[Kwarning: [m[K‘[01m[Kvoid Ogre::SharedPtr<T>::[01;32m[KsetNull[m[K() [35m[K[with T = Ogre::HardwareIndexBuffer][m[K[m[K’ is deprecated [[01;35m[K-Wdeprecated-declarations[m[K]
[134.366s]   239 |     [01;35m[Km_subMesh->indexData->indexBuffer.setNull()[m[K;
[134.366s]       |     [01;35m[K~~~~~~~~~~~~~~~~~~~~~~~~~~~~~~~~~~~~~~~~~^~[m[K
[134.366s] [01m[K/opt/ros/jazzy/opt/rviz_ogre_vendor/include/OGRE/OgreSharedPtr.h:93:30:[m[K [01;36m[Knote: [m[Kdeclared here
[134.366s]    93 |         OGRE_DEPRECATED void [01;36m[KsetNull[m[K() { shared_ptr<T>::reset(); }
[134.366s]       |                              [01;36m[K^~~~~~~[m[K
[134.375s] [01m[K/root/Shared/MIAPR_Projekt/colcon_ws/src/mesh_tools/rviz_mesh_tools_plugins/src/ClusterLabelVisual.cpp:266:21:[m[K [01;35m[Kwarning: [m[Kcomparison of integer expressions of different signedness: ‘[01m[Kint[m[K’ and ‘[01m[Kstd::vector<unsigned int>::size_type[m[K’ {aka ‘[01m[Klong unsigned int[m[K’} [[01;35m[K-Wsign-compare[m[K]
[134.375s]   266 |   for (int i = 0; [01;35m[Ki < faces.size()[m[K; i++)
[134.376s]       |                   [01;35m[K~~^~~~~~~~~~~~~~[m[K
[134.376s] [01m[K/root/Shared/MIAPR_Projekt/colcon_ws/src/mesh_tools/rviz_mesh_tools_plugins/src/ClusterLabelVisual.cpp:[m[K In member function ‘[01m[Kvoid rviz_mesh_tools_plugins::ClusterLabelVisual::[01;32m[KsetColor[m[K(Ogre::ColourValue, float)[m[K’:
[134.377s] [01m[K/root/Shared/MIAPR_Projekt/colcon_ws/src/mesh_tools/rviz_mesh_tools_plugins/src/ClusterLabelVisual.cpp:285:25:[m[K [01;35m[Kwarning: [m[K‘[01m[Kbool Ogre::SharedPtr<T>::[01;32m[KisNull[m[K() const [35m[K[with T = Ogre::Material][m[K[m[K’ is deprecated [[01;35m[K-Wdeprecated-declarations[m[K]
[134.377s]   285 |   if (![01;35m[Km_material.isNull()[m[K)
[134.377s]       |        [01;35m[K~~~~~~~~~~~~~~~~~^~[m[K
[134.377s] [01m[K/opt/ros/jazzy/opt/rviz_ogre_vendor/include/OGRE/OgreSharedPtr.h:91:30:[m[K [01;36m[Knote: [m[Kdeclared here
[134.377s]    91 |         OGRE_DEPRECATED bool [01;36m[KisNull[m[K(void) const { return !shared_ptr<T>::operator bool(); }
[134.377s]       |                              [01;36m[K^~~~~~[m[K
[139.796s] In file included from [01m[K/root/Shared/MIAPR_Projekt/colcon_ws/src/mesh_tools/rviz_mesh_tools_plugins/include/rviz_mesh_tools_plugins/MeshPoseTool.hpp:48[m[K,
[139.797s]                  from [01m[K/root/Shared/MIAPR_Projekt/colcon_ws/src/mesh_tools/rviz_mesh_tools_plugins/src/MeshPoseTool.cpp:73[m[K:
[139.797s] [01m[K/opt/ros/jazzy/opt/rviz_ogre_vendor/include/OGRE/OgreVector3.h:2:62:[m[K [01;36m[Knote: [m[K‘[01m[K#pragma message: /opt/ros/jazzy/opt/rviz_ogre_vendor/include/OGRE/OgreVector3.h is deprecated, migrate to Ogre.h[m[K’
[139.797s]     2 | #pragma message( __FILE__ " is deprecated, migrate to Ogre.h"[01;36m[K)[m[K
[139.797s]       |                                                              [01;36m[K^[m[K
[185.582s] [ 87%] [32mBuilding CXX object CMakeFiles/rviz_mesh_tools_plugins.dir/src/InteractionHelper.cpp.o[0m
[191.327s] [ 93%] [32m[1mLinking CXX shared library librviz_mesh_tools_plugins.so[0m
[194.949s] [100%] Built target rviz_mesh_tools_plugins
[194.992s] Invoked command in '/root/Shared/MIAPR_Projekt/build/rviz_mesh_tools_plugins' returned '0': AMENT_PREFIX_PATH=/root/Shared/MIAPR_Projekt/install/mesh_msgs:${AMENT_PREFIX_PATH} CMAKE_PREFIX_PATH=/root/Shared/MIAPR_Projekt/install/mesh_msgs:/opt/ros/jazzy/opt/gz_sim_vendor:/opt/ros/jazzy/opt/gz_sensors_vendor:/opt/ros/jazzy/opt/gz_physics_vendor:/opt/ros/jazzy/opt/sdformat_vendor:/opt/ros/jazzy/opt/gz_gui_vendor:/opt/ros/jazzy/opt/gz_transport_vendor:/opt/ros/jazzy/opt/gz_rendering_vendor:/opt/ros/jazzy/opt/gz_plugin_vendor:/opt/ros/jazzy/opt/gz_fuel_tools_vendor:/opt/ros/jazzy/opt/gz_msgs_vendor:/opt/ros/jazzy/opt/gz_common_vendor:/opt/ros/jazzy/opt/gz_math_vendor:/opt/ros/jazzy/opt/gz_utils_vendor:/opt/ros/jazzy/opt/gz_tools_vendor:/opt/ros/jazzy/opt/gz_ogre_next_vendor:/opt/ros/jazzy/opt/gz_dartsim_vendor:/opt/ros/jazzy/opt/gz_cmake_vendor:/opt/ros/jazzy LD_LIBRARY_PATH=/root/Shared/MIAPR_Projekt/install/mesh_msgs/lib:${LD_LIBRARY_PATH} PYTHONPATH=/root/Shared/MIAPR_Projekt/install/mesh_msgs/lib/python3.12/site-packages:${PYTHONPATH} /usr/bin/cmake --build /root/Shared/MIAPR_Projekt/build/rviz_mesh_tools_plugins -- -j12 -l12
[194.996s] Invoking command in '/root/Shared/MIAPR_Projekt/build/rviz_mesh_tools_plugins': AMENT_PREFIX_PATH=/root/Shared/MIAPR_Projekt/install/mesh_msgs:${AMENT_PREFIX_PATH} CMAKE_PREFIX_PATH=/root/Shared/MIAPR_Projekt/install/mesh_msgs:/opt/ros/jazzy/opt/gz_sim_vendor:/opt/ros/jazzy/opt/gz_sensors_vendor:/opt/ros/jazzy/opt/gz_physics_vendor:/opt/ros/jazzy/opt/sdformat_vendor:/opt/ros/jazzy/opt/gz_gui_vendor:/opt/ros/jazzy/opt/gz_transport_vendor:/opt/ros/jazzy/opt/gz_rendering_vendor:/opt/ros/jazzy/opt/gz_plugin_vendor:/opt/ros/jazzy/opt/gz_fuel_tools_vendor:/opt/ros/jazzy/opt/gz_msgs_vendor:/opt/ros/jazzy/opt/gz_common_vendor:/opt/ros/jazzy/opt/gz_math_vendor:/opt/ros/jazzy/opt/gz_utils_vendor:/opt/ros/jazzy/opt/gz_tools_vendor:/opt/ros/jazzy/opt/gz_ogre_next_vendor:/opt/ros/jazzy/opt/gz_dartsim_vendor:/opt/ros/jazzy/opt/gz_cmake_vendor:/opt/ros/jazzy LD_LIBRARY_PATH=/root/Shared/MIAPR_Projekt/install/mesh_msgs/lib:${LD_LIBRARY_PATH} PYTHONPATH=/root/Shared/MIAPR_Projekt/install/mesh_msgs/lib/python3.12/site-packages:${PYTHONPATH} /usr/bin/cmake --install /root/Shared/MIAPR_Projekt/build/rviz_mesh_tools_plugins
[195.007s] -- Install configuration: "Release"
[195.007s] -- Installing: /root/Shared/MIAPR_Projekt/install/rviz_mesh_tools_plugins/share/rviz_mesh_tools_plugins/plugins_description.xml
[195.007s] -- Installing: /root/Shared/MIAPR_Projekt/install/rviz_mesh_tools_plugins/share/rviz_mesh_tools_plugins/environment/library_path.sh
[195.008s] -- Installing: /root/Shared/MIAPR_Projekt/install/rviz_mesh_tools_plugins/share/rviz_mesh_tools_plugins/environment/library_path.dsv
[195.008s] -- Installing: /root/Shared/MIAPR_Projekt/install/rviz_mesh_tools_plugins/lib/librviz_mesh_tools_plugins.so
[195.014s] -- Set non-toolchain portion of runtime path of "/root/Shared/MIAPR_Projekt/install/rviz_mesh_tools_plugins/lib/librviz_mesh_tools_plugins.so" to ""
[195.014s] -- Installing: /root/Shared/MIAPR_Projekt/install/rviz_mesh_tools_plugins/include/rviz_mesh_tools_plugins
[195.014s] -- Installing: /root/Shared/MIAPR_Projekt/install/rviz_mesh_tools_plugins/include/rviz_mesh_tools_plugins/rviz_mesh_tools_plugins
[195.014s] -- Installing: /root/Shared/MIAPR_Projekt/install/rviz_mesh_tools_plugins/include/rviz_mesh_tools_plugins/rviz_mesh_tools_plugins/MeshDisplay.hpp
[195.015s] -- Installing: /root/Shared/MIAPR_Projekt/install/rviz_mesh_tools_plugins/include/rviz_mesh_tools_plugins/rviz_mesh_tools_plugins/Types.hpp
[195.015s] -- Installing: /root/Shared/MIAPR_Projekt/install/rviz_mesh_tools_plugins/include/rviz_mesh_tools_plugins/rviz_mesh_tools_plugins/ClusterLabelVisual.hpp
[195.015s] -- Installing: /root/Shared/MIAPR_Projekt/install/rviz_mesh_tools_plugins/include/rviz_mesh_tools_plugins/rviz_mesh_tools_plugins/MapDisplay.hpp
[195.015s] -- Installing: /root/Shared/MIAPR_Projekt/install/rviz_mesh_tools_plugins/include/rviz_mesh_tools_plugins/rviz_mesh_tools_plugins/ClusterLabelTool.hpp
[195.016s] -- Installing: /root/Shared/MIAPR_Projekt/install/rviz_mesh_tools_plugins/include/rviz_mesh_tools_plugins/rviz_mesh_tools_plugins/RVizMessageFilter.hpp
[195.016s] -- Installing: /root/Shared/MIAPR_Projekt/install/rviz_mesh_tools_plugins/include/rviz_mesh_tools_plugins/rviz_mesh_tools_plugins/MeshPoseTool.hpp
[195.016s] -- Installing: /root/Shared/MIAPR_Projekt/install/rviz_mesh_tools_plugins/include/rviz_mesh_tools_plugins/rviz_mesh_tools_plugins/ClusterLabelPanel.hpp
[195.016s] -- Installing: /root/Shared/MIAPR_Projekt/install/rviz_mesh_tools_plugins/include/rviz_mesh_tools_plugins/rviz_mesh_tools_plugins/RvizFileProperty.hpp
[195.017s] -- Installing: /root/Shared/MIAPR_Projekt/install/rviz_mesh_tools_plugins/include/rviz_mesh_tools_plugins/rviz_mesh_tools_plugins/kernels
[195.017s] -- Installing: /root/Shared/MIAPR_Projekt/install/rviz_mesh_tools_plugins/include/rviz_mesh_tools_plugins/rviz_mesh_tools_plugins/kernels/cast_rays.cl
[195.017s] -- Installing: /root/Shared/MIAPR_Projekt/install/rviz_mesh_tools_plugins/include/rviz_mesh_tools_plugins/rviz_mesh_tools_plugins/MeshGoalTool.hpp
[195.017s] -- Installing: /root/Shared/MIAPR_Projekt/install/rviz_mesh_tools_plugins/include/rviz_mesh_tools_plugins/rviz_mesh_tools_plugins/ThreadSafeQueue.hpp
[195.018s] -- Installing: /root/Shared/MIAPR_Projekt/install/rviz_mesh_tools_plugins/include/rviz_mesh_tools_plugins/rviz_mesh_tools_plugins/InteractionHelper.hpp
[195.018s] -- Installing: /root/Shared/MIAPR_Projekt/install/rviz_mesh_tools_plugins/include/rviz_mesh_tools_plugins/rviz_mesh_tools_plugins/MeshVisual.hpp
[195.018s] -- Installing: /root/Shared/MIAPR_Projekt/install/rviz_mesh_tools_plugins/include/rviz_mesh_tools_plugins/rviz_mesh_tools_plugins/MeshPoseGuessTool.hpp
[195.018s] -- Installing: /root/Shared/MIAPR_Projekt/install/rviz_mesh_tools_plugins/include/rviz_mesh_tools_plugins/rviz_mesh_tools_plugins/ClusterLabelDisplay.hpp
[195.019s] -- Installing: /root/Shared/MIAPR_Projekt/install/rviz_mesh_tools_plugins/share/rviz_mesh_tools_plugins/icons
[195.019s] -- Installing: /root/Shared/MIAPR_Projekt/install/rviz_mesh_tools_plugins/share/rviz_mesh_tools_plugins/icons/classes
[195.019s] -- Installing: /root/Shared/MIAPR_Projekt/install/rviz_mesh_tools_plugins/share/rviz_mesh_tools_plugins/icons/classes/Mesh.png
[195.020s] -- Installing: /root/Shared/MIAPR_Projekt/install/rviz_mesh_tools_plugins/share/rviz_mesh_tools_plugins/icons/classes/MeshGoal.png
[195.020s] -- Installing: /root/Shared/MIAPR_Projekt/install/rviz_mesh_tools_plugins/share/rviz_mesh_tools_plugins/icons/classes/MeshPoseGuess.png
[195.020s] -- Installing: /root/Shared/MIAPR_Projekt/install/rviz_mesh_tools_plugins/share/rviz_mesh_tools_plugins/icons/classes/ClusterLabel.png
[195.020s] -- Installing: /root/Shared/MIAPR_Projekt/install/rviz_mesh_tools_plugins/share/rviz_mesh_tools_plugins/icons/classes/Map3D.png
[195.021s] -- Installing: /root/Shared/MIAPR_Projekt/install/rviz_mesh_tools_plugins/share/ament_index/resource_index/package_run_dependencies/rviz_mesh_tools_plugins
[195.022s] -- Installing: /root/Shared/MIAPR_Projekt/install/rviz_mesh_tools_plugins/share/ament_index/resource_index/parent_prefix_path/rviz_mesh_tools_plugins
[195.022s] -- Installing: /root/Shared/MIAPR_Projekt/install/rviz_mesh_tools_plugins/share/rviz_mesh_tools_plugins/environment/ament_prefix_path.sh
[195.022s] -- Installing: /root/Shared/MIAPR_Projekt/install/rviz_mesh_tools_plugins/share/rviz_mesh_tools_plugins/environment/ament_prefix_path.dsv
[195.023s] -- Installing: /root/Shared/MIAPR_Projekt/install/rviz_mesh_tools_plugins/share/rviz_mesh_tools_plugins/environment/path.sh
[195.023s] -- Installing: /root/Shared/MIAPR_Projekt/install/rviz_mesh_tools_plugins/share/rviz_mesh_tools_plugins/environment/path.dsv
[195.023s] -- Installing: /root/Shared/MIAPR_Projekt/install/rviz_mesh_tools_plugins/share/rviz_mesh_tools_plugins/local_setup.bash
[195.023s] -- Installing: /root/Shared/MIAPR_Projekt/install/rviz_mesh_tools_plugins/share/rviz_mesh_tools_plugins/local_setup.sh
[195.024s] -- Installing: /root/Shared/MIAPR_Projekt/install/rviz_mesh_tools_plugins/share/rviz_mesh_tools_plugins/local_setup.zsh
[195.024s] -- Installing: /root/Shared/MIAPR_Projekt/install/rviz_mesh_tools_plugins/share/rviz_mesh_tools_plugins/local_setup.dsv
[195.024s] -- Installing: /root/Shared/MIAPR_Projekt/install/rviz_mesh_tools_plugins/share/rviz_mesh_tools_plugins/package.dsv
[195.024s] -- Installing: /root/Shared/MIAPR_Projekt/install/rviz_mesh_tools_plugins/share/ament_index/resource_index/packages/rviz_mesh_tools_plugins
[195.025s] -- Installing: /root/Shared/MIAPR_Projekt/install/rviz_mesh_tools_plugins/share/ament_index/resource_index/rviz_common__pluginlib__plugin/rviz_mesh_tools_plugins
[195.026s] -- Installing: /root/Shared/MIAPR_Projekt/install/rviz_mesh_tools_plugins/share/rviz_mesh_tools_plugins/cmake/rviz_mesh_tools_pluginsExport.cmake
[195.026s] -- Installing: /root/Shared/MIAPR_Projekt/install/rviz_mesh_tools_plugins/share/rviz_mesh_tools_plugins/cmake/rviz_mesh_tools_pluginsExport-release.cmake
[195.026s] -- Installing: /root/Shared/MIAPR_Projekt/install/rviz_mesh_tools_plugins/share/rviz_mesh_tools_plugins/cmake/rviz_mesh_tools_plugins-extras.cmake
[195.027s] -- Installing: /root/Shared/MIAPR_Projekt/install/rviz_mesh_tools_plugins/share/rviz_mesh_tools_plugins/cmake/ament_cmake_export_include_directories-extras.cmake
[195.027s] -- Installing: /root/Shared/MIAPR_Projekt/install/rviz_mesh_tools_plugins/share/rviz_mesh_tools_plugins/cmake/ament_cmake_export_targets-extras.cmake
[195.028s] -- Installing: /root/Shared/MIAPR_Projekt/install/rviz_mesh_tools_plugins/share/rviz_mesh_tools_plugins/cmake/ament_cmake_export_dependencies-extras.cmake
[195.028s] -- Installing: /root/Shared/MIAPR_Projekt/install/rviz_mesh_tools_plugins/share/rviz_mesh_tools_plugins/cmake/rviz_mesh_tools_pluginsConfig.cmake
[195.028s] -- Installing: /root/Shared/MIAPR_Projekt/install/rviz_mesh_tools_plugins/share/rviz_mesh_tools_plugins/cmake/rviz_mesh_tools_pluginsConfig-version.cmake
[195.029s] -- Installing: /root/Shared/MIAPR_Projekt/install/rviz_mesh_tools_plugins/share/rviz_mesh_tools_plugins/package.xml
[195.032s] Invoked command in '/root/Shared/MIAPR_Projekt/build/rviz_mesh_tools_plugins' returned '0': AMENT_PREFIX_PATH=/root/Shared/MIAPR_Projekt/install/mesh_msgs:${AMENT_PREFIX_PATH} CMAKE_PREFIX_PATH=/root/Shared/MIAPR_Projekt/install/mesh_msgs:/opt/ros/jazzy/opt/gz_sim_vendor:/opt/ros/jazzy/opt/gz_sensors_vendor:/opt/ros/jazzy/opt/gz_physics_vendor:/opt/ros/jazzy/opt/sdformat_vendor:/opt/ros/jazzy/opt/gz_gui_vendor:/opt/ros/jazzy/opt/gz_transport_vendor:/opt/ros/jazzy/opt/gz_rendering_vendor:/opt/ros/jazzy/opt/gz_plugin_vendor:/opt/ros/jazzy/opt/gz_fuel_tools_vendor:/opt/ros/jazzy/opt/gz_msgs_vendor:/opt/ros/jazzy/opt/gz_common_vendor:/opt/ros/jazzy/opt/gz_math_vendor:/opt/ros/jazzy/opt/gz_utils_vendor:/opt/ros/jazzy/opt/gz_tools_vendor:/opt/ros/jazzy/opt/gz_ogre_next_vendor:/opt/ros/jazzy/opt/gz_dartsim_vendor:/opt/ros/jazzy/opt/gz_cmake_vendor:/opt/ros/jazzy LD_LIBRARY_PATH=/root/Shared/MIAPR_Projekt/install/mesh_msgs/lib:${LD_LIBRARY_PATH} PYTHONPATH=/root/Shared/MIAPR_Projekt/install/mesh_msgs/lib/python3.12/site-packages:${PYTHONPATH} /usr/bin/cmake --install /root/Shared/MIAPR_Projekt/build/rviz_mesh_tools_plugins
