[0.015s] Invoking command in '/root/Shared/MIAPR_Projekt/colcon_ws/build/mesh_layers': AMENT_PREFIX_PATH=/root/Shared/MIAPR_Projekt/colcon_ws/install/mesh_map:/root/Shared/MIAPR_Projekt/colcon_ws/install/mesh_msgs_conversions:/root/Shared/MIAPR_Projekt/colcon_ws/install/mesh_msgs:${AMENT_PREFIX_PATH} CMAKE_PREFIX_PATH=/root/Shared/MIAPR_Projekt/colcon_ws/install/mesh_map:/root/Shared/MIAPR_Projekt/colcon_ws/install/mesh_msgs_conversions:/root/Shared/MIAPR_Projekt/colcon_ws/install/mesh_msgs:/opt/ros/jazzy/opt/gz_math_vendor:/opt/ros/jazzy/opt/gz_utils_vendor:/opt/ros/jazzy/opt/gz_cmake_vendor:/opt/ros/jazzy LD_LIBRARY_PATH=/root/Shared/MIAPR_Projekt/colcon_ws/install/mesh_map/lib:/root/Shared/MIAPR_Projekt/colcon_ws/install/mesh_msgs_conversions/lib:/root/Shared/MIAPR_Projekt/colcon_ws/install/mesh_msgs/lib:${LD_LIBRARY_PATH} PYTHONPATH=/root/Shared/MIAPR_Projekt/colcon_ws/install/mesh_msgs/lib/python3.12/site-packages:${PYTHONPATH} /usr/bin/cmake /root/Shared/MIAPR_Projekt/colcon_ws/src/mesh_navigation/mesh_layers -DAMENT_CMAKE_SYMLINK_INSTALL=1 -DCMAKE_INSTALL_PREFIX=/root/Shared/MIAPR_Projekt/colcon_ws/install/mesh_layers
[0.083s] -- The C compiler identification is GNU 13.3.0
[0.151s] -- The CXX compiler identification is GNU 13.3.0
[0.174s] -- Detecting C compiler ABI info
[0.294s] -- Detecting C compiler ABI info - done
[0.303s] -- Check for working C compiler: /usr/bin/cc - skipped
[0.303s] -- Detecting C compile features
[0.303s] -- Detecting C compile features - done
[0.315s] -- Detecting CXX compiler ABI info
[0.438s] -- Detecting CXX compiler ABI info - done
[0.447s] -- Check for working CXX compiler: /usr/bin/c++ - skipped
[0.447s] -- Detecting CXX compile features
[0.448s] -- Detecting CXX compile features - done
[0.451s] -- Found ament_cmake_ros: 0.12.0 (/opt/ros/jazzy/share/ament_cmake_ros/cmake)
[0.632s] -- Found Python3: /usr/bin/python3 (found version "3.12.3") found components: Interpreter 
[0.708s] -- Override CMake install command with custom implementation using symlinks instead of copying resources
[0.754s] -- Found mesh_map: 3.0.1 (/root/Shared/MIAPR_Projekt/colcon_ws/install/mesh_map/share/mesh_map/cmake)
[0.811s] -- Found rosidl_generator_c: 4.6.7 (/opt/ros/jazzy/share/rosidl_generator_c/cmake)
[0.829s] -- Found rosidl_generator_cpp: 4.6.7 (/opt/ros/jazzy/share/rosidl_generator_cpp/cmake)
[0.851s] -- Using all available rosidl_typesupport_c: rosidl_typesupport_fastrtps_c;rosidl_typesupport_introspection_c
[0.875s] -- Using all available rosidl_typesupport_cpp: rosidl_typesupport_fastrtps_cpp;rosidl_typesupport_introspection_cpp
[1.007s] -- Found rmw_implementation_cmake: 7.3.3 (/opt/ros/jazzy/share/rmw_implementation_cmake/cmake)
[1.011s] -- Found rmw_fastrtps_cpp: 8.4.3 (/opt/ros/jazzy/share/rmw_fastrtps_cpp/cmake)
[1.150s] -- Found OpenSSL: /usr/lib/x86_64-linux-gnu/libcrypto.so (found version "3.0.13")  
[1.172s] -- Found FastRTPS: /opt/ros/jazzy/include (Required is at least version "2.13") 
[1.200s] -- Using RMW implementation 'rmw_fastrtps_cpp' as default
[1.408s] -- Found eigen3_cmake_module: 0.3.0 (/opt/ros/jazzy/share/eigen3_cmake_module/cmake)
[1.409s] -- Found Eigen3: TRUE (found version "3.4.0") 
[1.409s] -- Ensuring Eigen3 include directory is part of orocos-kdl CMake target
[1.830s] -- Found MPI_C: /usr/lib/x86_64-linux-gnu/openmpi/lib/libmpi.so (found version "3.1") 
[3.038s] -- Found MPI_CXX: /usr/lib/x86_64-linux-gnu/openmpi/lib/libmpi_cxx.so (found version "3.1") 
[3.038s] -- Found MPI: TRUE (found version "3.1")  
[3.063s] -- Found TIFF: /usr/lib/x86_64-linux-gnu/libtiff.so (found version "4.5.1")  
[3.071s] -- Found GDAL: /usr/lib/x86_64-linux-gnu/libgdal.so (found version "3.8.4") 
[3.083s] -- Found OpenCV: /usr (found version "4.6.0") 
[3.085s] -- Found FLANN: /usr/include/flann  
[3.085s] -- Try to find LZ4: find_path + find_library
[3.086s] -- Try to find LZ4: FindPackageHandleStandardArgs
[3.087s] -- Found LZ4: /usr/lib/x86_64-linux-gnu/liblz4.so  
[3.199s] -- Found GSL: /usr/include (found version "2.7.1") 
[4.195s] -- Found HDF5: /usr/lib/x86_64-linux-gnu/hdf5/serial/libhdf5.so;/usr/lib/x86_64-linux-gnu/libcrypto.so;/usr/lib/x86_64-linux-gnu/libcurl.so;/usr/lib/x86_64-linux-gnu/libpthread.a;/usr/lib/x86_64-linux-gnu/libsz.so;/usr/lib/x86_64-linux-gnu/libz.so;/usr/lib/x86_64-linux-gnu/libdl.a;/usr/lib/x86_64-linux-gnu/libm.so;/usr/lib/x86_64-linux-gnu/hdf5/serial/libhdf5_cpp.so;/usr/lib/x86_64-linux-gnu/hdf5/serial/libhdf5.so;/usr/lib/x86_64-linux-gnu/libcrypto.so;/usr/lib/x86_64-linux-gnu/libcurl.so;/usr/lib/x86_64-linux-gnu/libpthread.a;/usr/lib/x86_64-linux-gnu/libsz.so;/usr/lib/x86_64-linux-gnu/libz.so;/usr/lib/x86_64-linux-gnu/libdl.a;/usr/lib/x86_64-linux-gnu/libm.so (found version "1.10.10") found components: C CXX HL 
[4.206s] -- Found OpenGL: /usr/lib/x86_64-linux-gnu/libOpenGL.so  found components: OpenGL 
[4.319s] -- Found GLUT: /usr/lib/x86_64-linux-gnu/libglut.so  
[4.699s] -- Found OpenMP_C: -fopenmp (found version "4.5") 
[4.825s] -- Found OpenMP_CXX: -fopenmp (found version "4.5") 
[4.825s] -- Found OpenMP: TRUE (found version "4.5")  
[4.842s] -- Found gtest sources under '/opt/ros/jazzy/src/gtest_vendor': C++ tests using 'Google Test' will be built
[4.847s] -- Found Threads: TRUE  
[4.949s] -- Configuring done (4.9s)
[5.081s] -- Generating done (0.1s)
[5.091s] -- Build files have been written to: /root/Shared/MIAPR_Projekt/colcon_ws/build/mesh_layers
[5.107s] Invoked command in '/root/Shared/MIAPR_Projekt/colcon_ws/build/mesh_layers' returned '0': AMENT_PREFIX_PATH=/root/Shared/MIAPR_Projekt/colcon_ws/install/mesh_map:/root/Shared/MIAPR_Projekt/colcon_ws/install/mesh_msgs_conversions:/root/Shared/MIAPR_Projekt/colcon_ws/install/mesh_msgs:${AMENT_PREFIX_PATH} CMAKE_PREFIX_PATH=/root/Shared/MIAPR_Projekt/colcon_ws/install/mesh_map:/root/Shared/MIAPR_Projekt/colcon_ws/install/mesh_msgs_conversions:/root/Shared/MIAPR_Projekt/colcon_ws/install/mesh_msgs:/opt/ros/jazzy/opt/gz_math_vendor:/opt/ros/jazzy/opt/gz_utils_vendor:/opt/ros/jazzy/opt/gz_cmake_vendor:/opt/ros/jazzy LD_LIBRARY_PATH=/root/Shared/MIAPR_Projekt/colcon_ws/install/mesh_map/lib:/root/Shared/MIAPR_Projekt/colcon_ws/install/mesh_msgs_conversions/lib:/root/Shared/MIAPR_Projekt/colcon_ws/install/mesh_msgs/lib:${LD_LIBRARY_PATH} PYTHONPATH=/root/Shared/MIAPR_Projekt/colcon_ws/install/mesh_msgs/lib/python3.12/site-packages:${PYTHONPATH} /usr/bin/cmake /root/Shared/MIAPR_Projekt/colcon_ws/src/mesh_navigation/mesh_layers -DAMENT_CMAKE_SYMLINK_INSTALL=1 -DCMAKE_INSTALL_PREFIX=/root/Shared/MIAPR_Projekt/colcon_ws/install/mesh_layers
[5.110s] Invoking command in '/root/Shared/MIAPR_Projekt/colcon_ws/build/mesh_layers': AMENT_PREFIX_PATH=/root/Shared/MIAPR_Projekt/colcon_ws/install/mesh_map:/root/Shared/MIAPR_Projekt/colcon_ws/install/mesh_msgs_conversions:/root/Shared/MIAPR_Projekt/colcon_ws/install/mesh_msgs:${AMENT_PREFIX_PATH} CMAKE_PREFIX_PATH=/root/Shared/MIAPR_Projekt/colcon_ws/install/mesh_map:/root/Shared/MIAPR_Projekt/colcon_ws/install/mesh_msgs_conversions:/root/Shared/MIAPR_Projekt/colcon_ws/install/mesh_msgs:/opt/ros/jazzy/opt/gz_math_vendor:/opt/ros/jazzy/opt/gz_utils_vendor:/opt/ros/jazzy/opt/gz_cmake_vendor:/opt/ros/jazzy LD_LIBRARY_PATH=/root/Shared/MIAPR_Projekt/colcon_ws/install/mesh_map/lib:/root/Shared/MIAPR_Projekt/colcon_ws/install/mesh_msgs_conversions/lib:/root/Shared/MIAPR_Projekt/colcon_ws/install/mesh_msgs/lib:${LD_LIBRARY_PATH} PYTHONPATH=/root/Shared/MIAPR_Projekt/colcon_ws/install/mesh_msgs/lib/python3.12/site-packages:${PYTHONPATH} /usr/bin/cmake --build /root/Shared/MIAPR_Projekt/colcon_ws/build/mesh_layers -- -j12 -l12
[5.185s] [ 18%] [32mBuilding CXX object gtest/CMakeFiles/gtest_main.dir/src/gtest_main.cc.o[0m
[5.185s] [ 18%] [32mBuilding CXX object gtest/CMakeFiles/gtest.dir/src/gtest-all.cc.o[0m
[5.185s] [ 18%] [32mBuilding CXX object CMakeFiles/mesh_layers.dir/src/border_layer.cpp.o[0m
[5.186s] [ 43%] [32mBuilding CXX object CMakeFiles/mesh_layers.dir/src/roughness_layer.cpp.o[0m
[5.186s] [ 43%] [32mBuilding CXX object CMakeFiles/mesh_layers.dir/src/inflation_layer.cpp.o[0m
[5.186s] [ 43%] [32mBuilding CXX object CMakeFiles/mesh_layers.dir/src/height_diff_layer.cpp.o[0m
[5.186s] [ 43%] [32mBuilding CXX object CMakeFiles/mesh_layers.dir/src/ridge_layer.cpp.o[0m
[5.186s] [ 56%] [32mBuilding CXX object CMakeFiles/mesh_layers.dir/src/steepness_layer.cpp.o[0m
[5.186s] [ 56%] [32mBuilding CXX object CMakeFiles/mesh_layers.dir/src/obstacle_layer.cpp.o[0m
[5.188s] [ 62%] [32mBuilding CXX object CMakeFiles/mesh_layers.dir/src/clearance_layer.cpp.o[0m
[5.188s] [ 68%] [32mBuilding CXX object CMakeFiles/mesh_layers.dir/src/combination_layer.cpp.o[0m
[6.229s] [ 75%] [32m[1mLinking CXX static library libgtest_main.a[0m
[6.278s] [ 75%] Built target gtest_main
[30.379s] [ 81%] [32m[1mLinking CXX static library libgtest.a[0m
[30.428s] [ 81%] Built target gtest
[65.648s] [ 87%] [32m[1mLinking CXX shared library libmesh_layers.so[0m
[66.640s] [ 87%] Built target mesh_layers
[66.678s] [ 93%] [32mBuilding CXX object CMakeFiles/mesh_layers_inflation_layer_test.dir/test/inflation_layer_test.cpp.o[0m
[78.419s] [100%] [32m[1mLinking CXX executable mesh_layers_inflation_layer_test[0m
[79.381s] [100%] Built target mesh_layers_inflation_layer_test
[79.446s] Invoked command in '/root/Shared/MIAPR_Projekt/colcon_ws/build/mesh_layers' returned '0': AMENT_PREFIX_PATH=/root/Shared/MIAPR_Projekt/colcon_ws/install/mesh_map:/root/Shared/MIAPR_Projekt/colcon_ws/install/mesh_msgs_conversions:/root/Shared/MIAPR_Projekt/colcon_ws/install/mesh_msgs:${AMENT_PREFIX_PATH} CMAKE_PREFIX_PATH=/root/Shared/MIAPR_Projekt/colcon_ws/install/mesh_map:/root/Shared/MIAPR_Projekt/colcon_ws/install/mesh_msgs_conversions:/root/Shared/MIAPR_Projekt/colcon_ws/install/mesh_msgs:/opt/ros/jazzy/opt/gz_math_vendor:/opt/ros/jazzy/opt/gz_utils_vendor:/opt/ros/jazzy/opt/gz_cmake_vendor:/opt/ros/jazzy LD_LIBRARY_PATH=/root/Shared/MIAPR_Projekt/colcon_ws/install/mesh_map/lib:/root/Shared/MIAPR_Projekt/colcon_ws/install/mesh_msgs_conversions/lib:/root/Shared/MIAPR_Projekt/colcon_ws/install/mesh_msgs/lib:${LD_LIBRARY_PATH} PYTHONPATH=/root/Shared/MIAPR_Projekt/colcon_ws/install/mesh_msgs/lib/python3.12/site-packages:${PYTHONPATH} /usr/bin/cmake --build /root/Shared/MIAPR_Projekt/colcon_ws/build/mesh_layers -- -j12 -l12
[79.481s] Invoking command in '/root/Shared/MIAPR_Projekt/colcon_ws/build/mesh_layers': AMENT_PREFIX_PATH=/root/Shared/MIAPR_Projekt/colcon_ws/install/mesh_map:/root/Shared/MIAPR_Projekt/colcon_ws/install/mesh_msgs_conversions:/root/Shared/MIAPR_Projekt/colcon_ws/install/mesh_msgs:${AMENT_PREFIX_PATH} CMAKE_PREFIX_PATH=/root/Shared/MIAPR_Projekt/colcon_ws/install/mesh_map:/root/Shared/MIAPR_Projekt/colcon_ws/install/mesh_msgs_conversions:/root/Shared/MIAPR_Projekt/colcon_ws/install/mesh_msgs:/opt/ros/jazzy/opt/gz_math_vendor:/opt/ros/jazzy/opt/gz_utils_vendor:/opt/ros/jazzy/opt/gz_cmake_vendor:/opt/ros/jazzy LD_LIBRARY_PATH=/root/Shared/MIAPR_Projekt/colcon_ws/install/mesh_map/lib:/root/Shared/MIAPR_Projekt/colcon_ws/install/mesh_msgs_conversions/lib:/root/Shared/MIAPR_Projekt/colcon_ws/install/mesh_msgs/lib:${LD_LIBRARY_PATH} PYTHONPATH=/root/Shared/MIAPR_Projekt/colcon_ws/install/mesh_msgs/lib/python3.12/site-packages:${PYTHONPATH} /usr/bin/cmake --install /root/Shared/MIAPR_Projekt/colcon_ws/build/mesh_layers
[79.492s] -- Install configuration: "Release"
[79.493s] -- Execute custom install script
[79.493s] -- Symlinking: /root/Shared/MIAPR_Projekt/colcon_ws/install/mesh_layers/share/mesh_layers//mesh_layers.xml
[79.506s] -- Symlinking: /root/Shared/MIAPR_Projekt/colcon_ws/install/mesh_layers/include/mesh_layers/border_layer.h
[79.518s] -- Symlinking: /root/Shared/MIAPR_Projekt/colcon_ws/install/mesh_layers/include/mesh_layers/clearance_layer.h
[79.530s] -- Symlinking: /root/Shared/MIAPR_Projekt/colcon_ws/install/mesh_layers/include/mesh_layers/combination_layer.h
[79.542s] -- Symlinking: /root/Shared/MIAPR_Projekt/colcon_ws/install/mesh_layers/include/mesh_layers/height_diff_layer.h
[79.553s] -- Symlinking: /root/Shared/MIAPR_Projekt/colcon_ws/install/mesh_layers/include/mesh_layers/inflation_layer.h
[79.567s] -- Symlinking: /root/Shared/MIAPR_Projekt/colcon_ws/install/mesh_layers/include/mesh_layers/obstacle_layer.h
[79.579s] -- Symlinking: /root/Shared/MIAPR_Projekt/colcon_ws/install/mesh_layers/include/mesh_layers/ridge_layer.h
[79.591s] -- Symlinking: /root/Shared/MIAPR_Projekt/colcon_ws/install/mesh_layers/include/mesh_layers/roughness_layer.h
[79.603s] -- Symlinking: /root/Shared/MIAPR_Projekt/colcon_ws/install/mesh_layers/include/mesh_layers/steepness_layer.h
[79.616s] -- Symlinking: /root/Shared/MIAPR_Projekt/colcon_ws/install/mesh_layers/lib/libmesh_layers.so
[79.632s] -- Symlinking: /root/Shared/MIAPR_Projekt/colcon_ws/install/mesh_layers/share/mesh_layers/environment/library_path.sh
[79.645s] -- Symlinking: /root/Shared/MIAPR_Projekt/colcon_ws/install/mesh_layers/share/mesh_layers/environment/library_path.dsv
[79.657s] -- Symlinking: /root/Shared/MIAPR_Projekt/colcon_ws/install/mesh_layers/share/ament_index/resource_index/package_run_dependencies/mesh_layers
[79.670s] -- Symlinking: /root/Shared/MIAPR_Projekt/colcon_ws/install/mesh_layers/share/ament_index/resource_index/parent_prefix_path/mesh_layers
[79.685s] -- Symlinking: /root/Shared/MIAPR_Projekt/colcon_ws/install/mesh_layers/share/mesh_layers/environment/ament_prefix_path.sh
[79.697s] -- Symlinking: /root/Shared/MIAPR_Projekt/colcon_ws/install/mesh_layers/share/mesh_layers/environment/ament_prefix_path.dsv
[79.710s] -- Symlinking: /root/Shared/MIAPR_Projekt/colcon_ws/install/mesh_layers/share/mesh_layers/environment/path.sh
[79.721s] -- Symlinking: /root/Shared/MIAPR_Projekt/colcon_ws/install/mesh_layers/share/mesh_layers/environment/path.dsv
[79.733s] -- Symlinking: /root/Shared/MIAPR_Projekt/colcon_ws/install/mesh_layers/share/mesh_layers/local_setup.bash
[79.745s] -- Symlinking: /root/Shared/MIAPR_Projekt/colcon_ws/install/mesh_layers/share/mesh_layers/local_setup.sh
[79.756s] -- Symlinking: /root/Shared/MIAPR_Projekt/colcon_ws/install/mesh_layers/share/mesh_layers/local_setup.zsh
[79.769s] -- Symlinking: /root/Shared/MIAPR_Projekt/colcon_ws/install/mesh_layers/share/mesh_layers/local_setup.dsv
[79.781s] -- Symlinking: /root/Shared/MIAPR_Projekt/colcon_ws/install/mesh_layers/share/mesh_layers/package.dsv
[79.792s] -- Symlinking: /root/Shared/MIAPR_Projekt/colcon_ws/install/mesh_layers/share/ament_index/resource_index/packages/mesh_layers
[79.804s] -- Symlinking: /root/Shared/MIAPR_Projekt/colcon_ws/install/mesh_layers/share/ament_index/resource_index/mesh_map__pluginlib__plugin/mesh_layers
[79.818s] -- Symlinking: /root/Shared/MIAPR_Projekt/colcon_ws/install/mesh_layers/share/mesh_layers/cmake/ament_cmake_export_include_directories-extras.cmake
[79.830s] -- Symlinking: /root/Shared/MIAPR_Projekt/colcon_ws/install/mesh_layers/share/mesh_layers/cmake/ament_cmake_export_libraries-extras.cmake
[79.844s] -- Symlinking: /root/Shared/MIAPR_Projekt/colcon_ws/install/mesh_layers/share/mesh_layers/cmake/ament_cmake_export_dependencies-extras.cmake
[79.856s] -- Symlinking: /root/Shared/MIAPR_Projekt/colcon_ws/install/mesh_layers/share/mesh_layers/cmake/mesh_layersConfig.cmake
[79.870s] -- Symlinking: /root/Shared/MIAPR_Projekt/colcon_ws/install/mesh_layers/share/mesh_layers/cmake/mesh_layersConfig-version.cmake
[79.881s] -- Symlinking: /root/Shared/MIAPR_Projekt/colcon_ws/install/mesh_layers/share/mesh_layers/package.xml
[79.910s] Invoked command in '/root/Shared/MIAPR_Projekt/colcon_ws/build/mesh_layers' returned '0': AMENT_PREFIX_PATH=/root/Shared/MIAPR_Projekt/colcon_ws/install/mesh_map:/root/Shared/MIAPR_Projekt/colcon_ws/install/mesh_msgs_conversions:/root/Shared/MIAPR_Projekt/colcon_ws/install/mesh_msgs:${AMENT_PREFIX_PATH} CMAKE_PREFIX_PATH=/root/Shared/MIAPR_Projekt/colcon_ws/install/mesh_map:/root/Shared/MIAPR_Projekt/colcon_ws/install/mesh_msgs_conversions:/root/Shared/MIAPR_Projekt/colcon_ws/install/mesh_msgs:/opt/ros/jazzy/opt/gz_math_vendor:/opt/ros/jazzy/opt/gz_utils_vendor:/opt/ros/jazzy/opt/gz_cmake_vendor:/opt/ros/jazzy LD_LIBRARY_PATH=/root/Shared/MIAPR_Projekt/colcon_ws/install/mesh_map/lib:/root/Shared/MIAPR_Projekt/colcon_ws/install/mesh_msgs_conversions/lib:/root/Shared/MIAPR_Projekt/colcon_ws/install/mesh_msgs/lib:${LD_LIBRARY_PATH} PYTHONPATH=/root/Shared/MIAPR_Projekt/colcon_ws/install/mesh_msgs/lib/python3.12/site-packages:${PYTHONPATH} /usr/bin/cmake --install /root/Shared/MIAPR_Projekt/colcon_ws/build/mesh_layers
