[0.029s] Invoking command in '/root/Shared/MIAPR_Projekt/colcon_ws/build/mesh_navigation_tutorials_sim': CMAKE_PREFIX_PATH=${CMAKE_PREFIX_PATH}:/opt/ros/jazzy /usr/bin/cmake --build /root/Shared/MIAPR_Projekt/colcon_ws/build/mesh_navigation_tutorials_sim -- -j12 -l12
[0.159s] [100%] Built target ground_truth_localization
[0.160s] [100%] Built target ground_truth_localization_node
[0.218s] Invoked command in '/root/Shared/MIAPR_Projekt/colcon_ws/build/mesh_navigation_tutorials_sim' returned '0': CMAKE_PREFIX_PATH=${CMAKE_PREFIX_PATH}:/opt/ros/jazzy /usr/bin/cmake --build /root/Shared/MIAPR_Projekt/colcon_ws/build/mesh_navigation_tutorials_sim -- -j12 -l12
[0.218s] Invoking command in '/root/Shared/MIAPR_Projekt/colcon_ws/build/mesh_navigation_tutorials_sim': CMAKE_PREFIX_PATH=${CMAKE_PREFIX_PATH}:/opt/ros/jazzy /usr/bin/cmake --install /root/Shared/MIAPR_Projekt/colcon_ws/build/mesh_navigation_tutorials_sim
[0.245s] -- Install configuration: "Release"
[0.245s] -- Execute custom install script
[0.245s] -- Up-to-date symlink: /root/Shared/MIAPR_Projekt/colcon_ws/install/mesh_navigation_tutorials_sim/share/mesh_navigation_tutorials_sim/environment/mesh_navigation_tutorials_sim.dsv
[0.246s] -- Up-to-date symlink: /root/Shared/MIAPR_Projekt/colcon_ws/install/mesh_navigation_tutorials_sim/share/mesh_navigation_tutorials_sim/environment/mesh_navigation_tutorials_sim.sh
[0.246s] -- Up-to-date symlink: /root/Shared/MIAPR_Projekt/colcon_ws/install/mesh_navigation_tutorials_sim/share/mesh_navigation_tutorials_sim/config/ros_gazebo_bridge.yaml
[0.246s] -- Up-to-date symlink: /root/Shared/MIAPR_Projekt/colcon_ws/install/mesh_navigation_tutorials_sim/share/mesh_navigation_tutorials_sim/launch/base_simulation_launch.py
[0.246s] -- Up-to-date symlink: /root/Shared/MIAPR_Projekt/colcon_ws/install/mesh_navigation_tutorials_sim/share/mesh_navigation_tutorials_sim/launch/simulation_launch.py
[0.247s] -- Up-to-date symlink: /root/Shared/MIAPR_Projekt/colcon_ws/install/mesh_navigation_tutorials_sim/share/mesh_navigation_tutorials_sim/models/floor_is_lava/meshes/floor_is_lava.dae
[0.247s] -- Up-to-date symlink: /root/Shared/MIAPR_Projekt/colcon_ws/install/mesh_navigation_tutorials_sim/share/mesh_navigation_tutorials_sim/models/floor_is_lava/meshes/floor_is_lava.ply
[0.247s] -- Up-to-date symlink: /root/Shared/MIAPR_Projekt/colcon_ws/install/mesh_navigation_tutorials_sim/share/mesh_navigation_tutorials_sim/models/floor_is_lava/model.config
[0.247s] -- Up-to-date symlink: /root/Shared/MIAPR_Projekt/colcon_ws/install/mesh_navigation_tutorials_sim/share/mesh_navigation_tutorials_sim/models/floor_is_lava/model.sdf
[0.248s] -- Up-to-date symlink: /root/Shared/MIAPR_Projekt/colcon_ws/install/mesh_navigation_tutorials_sim/share/mesh_navigation_tutorials_sim/models/parking_garage/meshes/parking_garage.dae
[0.249s] -- Up-to-date symlink: /root/Shared/MIAPR_Projekt/colcon_ws/install/mesh_navigation_tutorials_sim/share/mesh_navigation_tutorials_sim/models/parking_garage/meshes/parking_garage_flipped.dae
[0.249s] -- Up-to-date symlink: /root/Shared/MIAPR_Projekt/colcon_ws/install/mesh_navigation_tutorials_sim/share/mesh_navigation_tutorials_sim/models/parking_garage/model.config
[0.251s] -- Up-to-date symlink: /root/Shared/MIAPR_Projekt/colcon_ws/install/mesh_navigation_tutorials_sim/share/mesh_navigation_tutorials_sim/models/parking_garage/model.sdf
[0.254s] -- Up-to-date symlink: /root/Shared/MIAPR_Projekt/colcon_ws/install/mesh_navigation_tutorials_sim/share/mesh_navigation_tutorials_sim/models/tray/meshes/tray.dae
[0.255s] -- Up-to-date symlink: /root/Shared/MIAPR_Projekt/colcon_ws/install/mesh_navigation_tutorials_sim/share/mesh_navigation_tutorials_sim/models/tray/meshes/tray.ply
[0.255s] -- Up-to-date symlink: /root/Shared/MIAPR_Projekt/colcon_ws/install/mesh_navigation_tutorials_sim/share/mesh_navigation_tutorials_sim/models/tray/model.config
[0.255s] -- Up-to-date symlink: /root/Shared/MIAPR_Projekt/colcon_ws/install/mesh_navigation_tutorials_sim/share/mesh_navigation_tutorials_sim/models/tray/model.sdf
[0.255s] -- Up-to-date symlink: /root/Shared/MIAPR_Projekt/colcon_ws/install/mesh_navigation_tutorials_sim/share/mesh_navigation_tutorials_sim/worlds/floor_is_lava.sdf
[0.255s] -- Up-to-date symlink: /root/Shared/MIAPR_Projekt/colcon_ws/install/mesh_navigation_tutorials_sim/share/mesh_navigation_tutorials_sim/worlds/parking_garage.sdf
[0.255s] -- Up-to-date symlink: /root/Shared/MIAPR_Projekt/colcon_ws/install/mesh_navigation_tutorials_sim/share/mesh_navigation_tutorials_sim/worlds/tray.sdf
[0.255s] -- Up-to-date symlink: /root/Shared/MIAPR_Projekt/colcon_ws/install/mesh_navigation_tutorials_sim/share/mesh_navigation_tutorials_sim/meshes/wheel.stl
[0.256s] -- Up-to-date symlink: /root/Shared/MIAPR_Projekt/colcon_ws/install/mesh_navigation_tutorials_sim/share/mesh_navigation_tutorials_sim/urdf/ceres.urdf.xacro
[0.256s] -- Up-to-date symlink: /root/Shared/MIAPR_Projekt/colcon_ws/install/mesh_navigation_tutorials_sim/share/mesh_navigation_tutorials_sim/urdf/common.urdf.xacro
[0.256s] -- Up-to-date symlink: /root/Shared/MIAPR_Projekt/colcon_ws/install/mesh_navigation_tutorials_sim/share/mesh_navigation_tutorials_sim/urdf/wheel.urdf.xacro
[0.256s] -- Up-to-date symlink: /root/Shared/MIAPR_Projekt/colcon_ws/install/mesh_navigation_tutorials_sim/lib/mesh_navigation_tutorials_sim/ground_truth_localization_node
[0.257s] -- Up-to-date symlink: /root/Shared/MIAPR_Projekt/colcon_ws/install/mesh_navigation_tutorials_sim/lib/libground_truth_localization.so
[0.260s] -- Up-to-date symlink: /root/Shared/MIAPR_Projekt/colcon_ws/install/mesh_navigation_tutorials_sim/share/ament_index/resource_index/package_run_dependencies/mesh_navigation_tutorials_sim
[0.260s] -- Up-to-date symlink: /root/Shared/MIAPR_Projekt/colcon_ws/install/mesh_navigation_tutorials_sim/share/ament_index/resource_index/parent_prefix_path/mesh_navigation_tutorials_sim
[0.261s] -- Up-to-date symlink: /root/Shared/MIAPR_Projekt/colcon_ws/install/mesh_navigation_tutorials_sim/share/mesh_navigation_tutorials_sim/environment/ament_prefix_path.sh
[0.261s] -- Up-to-date symlink: /root/Shared/MIAPR_Projekt/colcon_ws/install/mesh_navigation_tutorials_sim/share/mesh_navigation_tutorials_sim/environment/ament_prefix_path.dsv
[0.261s] -- Up-to-date symlink: /root/Shared/MIAPR_Projekt/colcon_ws/install/mesh_navigation_tutorials_sim/share/mesh_navigation_tutorials_sim/environment/path.sh
[0.261s] -- Up-to-date symlink: /root/Shared/MIAPR_Projekt/colcon_ws/install/mesh_navigation_tutorials_sim/share/mesh_navigation_tutorials_sim/environment/path.dsv
[0.261s] -- Up-to-date symlink: /root/Shared/MIAPR_Projekt/colcon_ws/install/mesh_navigation_tutorials_sim/share/mesh_navigation_tutorials_sim/local_setup.bash
[0.261s] -- Up-to-date symlink: /root/Shared/MIAPR_Projekt/colcon_ws/install/mesh_navigation_tutorials_sim/share/mesh_navigation_tutorials_sim/local_setup.sh
[0.261s] -- Up-to-date symlink: /root/Shared/MIAPR_Projekt/colcon_ws/install/mesh_navigation_tutorials_sim/share/mesh_navigation_tutorials_sim/local_setup.zsh
[0.261s] -- Up-to-date symlink: /root/Shared/MIAPR_Projekt/colcon_ws/install/mesh_navigation_tutorials_sim/share/mesh_navigation_tutorials_sim/local_setup.dsv
[0.261s] -- Symlinking: /root/Shared/MIAPR_Projekt/colcon_ws/install/mesh_navigation_tutorials_sim/share/mesh_navigation_tutorials_sim/package.dsv
[0.296s] -- Up-to-date symlink: /root/Shared/MIAPR_Projekt/colcon_ws/install/mesh_navigation_tutorials_sim/share/ament_index/resource_index/packages/mesh_navigation_tutorials_sim
[0.296s] -- Up-to-date symlink: /root/Shared/MIAPR_Projekt/colcon_ws/install/mesh_navigation_tutorials_sim/share/ament_index/resource_index/rclcpp_components/mesh_navigation_tutorials_sim
[0.296s] -- Up-to-date symlink: /root/Shared/MIAPR_Projekt/colcon_ws/install/mesh_navigation_tutorials_sim/share/mesh_navigation_tutorials_sim/cmake/mesh_navigation_tutorials_simConfig.cmake
[0.297s] -- Up-to-date symlink: /root/Shared/MIAPR_Projekt/colcon_ws/install/mesh_navigation_tutorials_sim/share/mesh_navigation_tutorials_sim/cmake/mesh_navigation_tutorials_simConfig-version.cmake
[0.297s] -- Up-to-date symlink: /root/Shared/MIAPR_Projekt/colcon_ws/install/mesh_navigation_tutorials_sim/share/mesh_navigation_tutorials_sim/package.xml
[0.303s] Invoked command in '/root/Shared/MIAPR_Projekt/colcon_ws/build/mesh_navigation_tutorials_sim' returned '0': CMAKE_PREFIX_PATH=${CMAKE_PREFIX_PATH}:/opt/ros/jazzy /usr/bin/cmake --install /root/Shared/MIAPR_Projekt/colcon_ws/build/mesh_navigation_tutorials_sim
