[0.032s] Invoking command in '/root/Shared/MIAPR_Projekt/build/dijkstra_mesh_planner': AMENT_PREFIX_PATH=/root/Shared/MIAPR_Projekt/install/mbf_mesh_core:/root/Shared/MIAPR_Projekt/install/mesh_map:${AMENT_PREFIX_PATH} CMAKE_PREFIX_PATH=/root/Shared/MIAPR_Projekt/install/mbf_mesh_core:/root/Shared/MIAPR_Projekt/install/mesh_map:/root/Shared/MIAPR_Projekt/install/mesh_msgs_conversions:/root/Shared/MIAPR_Projekt/install/mbf_utility:/root/Shared/MIAPR_Projekt/install/mesh_msgs:/root/Shared/MIAPR_Projekt/install/mbf_msgs:/root/Shared/MIAPR_Projekt/install/mbf_abstract_core:/root/Shared/MIAPR_Projekt/install/mesh_tools:/root/Shared/MIAPR_Projekt/install/rviz_mesh_tools_plugins:/root/Shared/MIAPR_Projekt/install/rviz_mbf_plugins:/root/Shared/MIAPR_Projekt/install/mesh_navigation_pluto_sim:/root/Shared/MIAPR_Projekt/install/mesh_navigation_ceres_sim:/root/Shared/MIAPR_Projekt/install/mesh_navigation_tutorials_sim:/root/Shared/MIAPR_Projekt/install/mesh_msgs_transform:/root/Shared/MIAPR_Projekt/install/label_manager:/root/Shared/MIAPR_Projekt/install/mbf_simple_core:/root/Shared/MIAPR_Projekt/install/mbf_test_utility:/opt/ros/jazzy/opt/gz_sim_vendor:/opt/ros/jazzy/opt/gz_sensors_vendor:/opt/ros/jazzy/opt/gz_physics_vendor:/opt/ros/jazzy/opt/sdformat_vendor:/opt/ros/jazzy/opt/gz_gui_vendor:/opt/ros/jazzy/opt/gz_transport_vendor:/opt/ros/jazzy/opt/gz_rendering_vendor:/opt/ros/jazzy/opt/gz_plugin_vendor:/opt/ros/jazzy/opt/gz_fuel_tools_vendor:/opt/ros/jazzy/opt/gz_msgs_vendor:/opt/ros/jazzy/opt/gz_common_vendor:/opt/ros/jazzy/opt/gz_math_vendor:/opt/ros/jazzy/opt/gz_utils_vendor:/opt/ros/jazzy/opt/gz_tools_vendor:/opt/ros/jazzy/opt/gz_ogre_next_vendor:/opt/ros/jazzy/opt/gz_dartsim_vendor:/opt/ros/jazzy/opt/gz_cmake_vendor:/opt/ros/jazzy LD_LIBRARY_PATH=/root/Shared/MIAPR_Projekt/install/mesh_map/lib:/root/Shared/MIAPR_Projekt/install/mbf_utility/lib:/root/Shared/MIAPR_Projekt/install/mesh_msgs/lib:/root/Shared/MIAPR_Projekt/install/mbf_msgs/lib:/root/Shared/MIAPR_Projekt/install/rviz_mesh_tools_plugins/lib:/root/Shared/MIAPR_Projekt/install/rviz_mbf_plugins/lib:/root/Shared/MIAPR_Projekt/install/mesh_navigation_tutorials_sim/lib:/root/Shared/MIAPR_Projekt/install/mesh_msgs_transform/lib:/root/Shared/MIAPR_Projekt/install/mesh_msgs_conversions/lib:/root/Shared/MIAPR_Projekt/install/label_manager/lib:/root/Shared/MIAPR_Projekt/install/mbf_test_utility/lib:/opt/ros/jazzy/opt/gz_sim_vendor/lib:/opt/ros/jazzy/opt/gz_sensors_vendor/lib:/opt/ros/jazzy/opt/gz_physics_vendor/lib:/opt/ros/jazzy/opt/sdformat_vendor/lib:/opt/ros/jazzy/opt/rviz_ogre_vendor/lib:/opt/ros/jazzy/lib/x86_64-linux-gnu:/opt/ros/jazzy/opt/gz_gui_vendor/lib:/opt/ros/jazzy/opt/gz_transport_vendor/lib:/opt/ros/jazzy/opt/gz_rendering_vendor/lib:/opt/ros/jazzy/opt/gz_plugin_vendor/lib:/opt/ros/jazzy/opt/gz_fuel_tools_vendor/lib:/opt/ros/jazzy/opt/gz_msgs_vendor/lib:/opt/ros/jazzy/opt/gz_common_vendor/lib:/opt/ros/jazzy/opt/gz_math_vendor/lib:/opt/ros/jazzy/opt/gz_utils_vendor/lib:/opt/ros/jazzy/opt/gz_tools_vendor/lib:/opt/ros/jazzy/opt/gz_ogre_next_vendor/lib:/opt/ros/jazzy/opt/gz_dartsim_vendor/lib:/opt/ros/jazzy/opt/gz_cmake_vendor/lib:/opt/ros/jazzy/lib PYTHONPATH=/root/Shared/MIAPR_Projekt/install/mesh_msgs/lib/python3.12/site-packages:/root/Shared/MIAPR_Projekt/install/mbf_msgs/lib/python3.12/site-packages:/root/Shared/MIAPR_Projekt/install/label_manager/lib/python3.12/site-packages:/opt/ros/jazzy/lib/python3.12/site-packages /usr/bin/cmake /root/Shared/MIAPR_Projekt/colcon_ws/src/mesh_navigation/dijkstra_mesh_planner -DCMAKE_INSTALL_PREFIX=/root/Shared/MIAPR_Projekt/install/dijkstra_mesh_planner
[0.107s] -- The C compiler identification is GNU 13.3.0
[0.185s] -- The CXX compiler identification is GNU 13.3.0
[0.208s] -- Detecting C compiler ABI info
[0.346s] -- Detecting C compiler ABI info - done
[0.356s] -- Check for working C compiler: /usr/bin/cc - skipped
[0.356s] -- Detecting C compile features
[0.356s] -- Detecting C compile features - done
[0.371s] -- Detecting CXX compiler ABI info
[0.533s] -- Detecting CXX compiler ABI info - done
[0.546s] -- Check for working CXX compiler: /usr/bin/c++ - skipped
[0.546s] -- Detecting CXX compile features
[0.547s] -- Detecting CXX compile features - done
[0.557s] -- Found ament_cmake_ros: 0.12.0 (/opt/ros/jazzy/share/ament_cmake_ros/cmake)
[0.824s] -- Found Python3: /usr/bin/python3 (found version "3.12.3") found components: Interpreter 
[1.039s] -- Found mbf_mesh_core: 3.0.1 (/root/Shared/MIAPR_Projekt/install/mbf_mesh_core/share/mbf_mesh_core/cmake)
[1.149s] -- Found rosidl_generator_c: 4.6.7 (/opt/ros/jazzy/share/rosidl_generator_c/cmake)
[1.183s] -- Found rosidl_generator_cpp: 4.6.7 (/opt/ros/jazzy/share/rosidl_generator_cpp/cmake)
[1.219s] -- Using all available rosidl_typesupport_c: rosidl_typesupport_fastrtps_c;rosidl_typesupport_introspection_c
[1.258s] -- Using all available rosidl_typesupport_cpp: rosidl_typesupport_fastrtps_cpp;rosidl_typesupport_introspection_cpp
[1.463s] -- Found rmw_implementation_cmake: 7.3.3 (/opt/ros/jazzy/share/rmw_implementation_cmake/cmake)
[1.474s] -- Found rmw_fastrtps_cpp: 8.4.3 (/opt/ros/jazzy/share/rmw_fastrtps_cpp/cmake)
[1.646s] -- Found OpenSSL: /usr/lib/x86_64-linux-gnu/libcrypto.so (found version "3.0.13")  
[1.673s] -- Found FastRTPS: /opt/ros/jazzy/include (Required is at least version "2.13") 
[1.704s] -- Using RMW implementation 'rmw_fastrtps_cpp' as default
[2.014s] -- Found eigen3_cmake_module: 0.3.0 (/opt/ros/jazzy/share/eigen3_cmake_module/cmake)
[2.015s] -- Found Eigen3: TRUE (found version "3.4.0") 
[2.015s] -- Ensuring Eigen3 include directory is part of orocos-kdl CMake target
[2.275s] -- Found mbf_msgs: 1.0.5 (/root/Shared/MIAPR_Projekt/install/mbf_msgs/share/mbf_msgs/cmake)
[2.346s] -- Found mbf_utility: 1.0.5 (/root/Shared/MIAPR_Projekt/install/mbf_utility/share/mbf_utility/cmake)
[2.660s] -- Found MPI_C: /usr/lib/x86_64-linux-gnu/openmpi/lib/libmpi.so (found version "3.1") 
[4.165s] -- Found MPI_CXX: /usr/lib/x86_64-linux-gnu/openmpi/lib/libmpi_cxx.so (found version "3.1") 
[4.165s] -- Found MPI: TRUE (found version "3.1")  
[4.264s] -- Found TIFF: /usr/lib/x86_64-linux-gnu/libtiff.so (found version "4.5.1")  
[4.295s] -- Found GDAL: /usr/lib/x86_64-linux-gnu/libgdal.so (found version "3.8.4") 
[4.349s] -- Found OpenCV: /usr (found version "4.6.0") 
[4.352s] -- Found FLANN: /usr/include/flann  
[4.353s] -- Try to find LZ4: find_path + find_library
[4.359s] -- Try to find LZ4: FindPackageHandleStandardArgs
[4.366s] -- Found LZ4: /usr/lib/x86_64-linux-gnu/liblz4.so  
[4.627s] -- Found GSL: /usr/include (found version "2.7.1") 
[7.706s] -- Found HDF5: /usr/lib/x86_64-linux-gnu/hdf5/serial/libhdf5.so;/usr/lib/x86_64-linux-gnu/libcrypto.so;/usr/lib/x86_64-linux-gnu/libcurl.so;/usr/lib/x86_64-linux-gnu/libpthread.a;/usr/lib/x86_64-linux-gnu/libsz.so;/usr/lib/x86_64-linux-gnu/libz.so;/usr/lib/x86_64-linux-gnu/libdl.a;/usr/lib/x86_64-linux-gnu/libm.so;/usr/lib/x86_64-linux-gnu/hdf5/serial/libhdf5_cpp.so;/usr/lib/x86_64-linux-gnu/hdf5/serial/libhdf5.so;/usr/lib/x86_64-linux-gnu/libcrypto.so;/usr/lib/x86_64-linux-gnu/libcurl.so;/usr/lib/x86_64-linux-gnu/libpthread.a;/usr/lib/x86_64-linux-gnu/libsz.so;/usr/lib/x86_64-linux-gnu/libz.so;/usr/lib/x86_64-linux-gnu/libdl.a;/usr/lib/x86_64-linux-gnu/libm.so (found version "1.10.10") found components: C CXX HL 
[7.762s] -- Found OpenGL: /usr/lib/x86_64-linux-gnu/libOpenGL.so  found components: OpenGL 
[8.038s] -- Found GLUT: /usr/lib/x86_64-linux-gnu/libglut.so  
[8.414s] -- Configuring done (8.4s)
[8.438s] [31mCMake Error at CMakeLists.txt:21 (add_library):
[8.438s]   Cannot find source file:
[8.438s] 
[8.438s]     src/a_star_mesh_planner.cpp
[8.439s] 
[8.439s]   Tried extensions .c .C .c++ .cc .cpp .cxx .cu .mpp .m .M .mm .ixx .cppm
[8.439s]   .ccm .cxxm .c++m .h .hh .h++ .hm .hpp .hxx .in .txx .f .F .for .f77 .f90
[8.439s]   .f95 .f03 .hip .ispc
[8.439s] 
[8.439s] [0m
[8.454s] [31mCMake Error at CMakeLists.txt:21 (add_library):
[8.454s]   No SOURCES given to target: dijkstra_mesh_planner
[8.454s] 
[8.457s] [0m
[8.457s] [0mCMake Generate step failed.  Build files cannot be regenerated correctly.[0m
[8.513s] Invoked command in '/root/Shared/MIAPR_Projekt/build/dijkstra_mesh_planner' returned '1': AMENT_PREFIX_PATH=/root/Shared/MIAPR_Projekt/install/mbf_mesh_core:/root/Shared/MIAPR_Projekt/install/mesh_map:${AMENT_PREFIX_PATH} CMAKE_PREFIX_PATH=/root/Shared/MIAPR_Projekt/install/mbf_mesh_core:/root/Shared/MIAPR_Projekt/install/mesh_map:/root/Shared/MIAPR_Projekt/install/mesh_msgs_conversions:/root/Shared/MIAPR_Projekt/install/mbf_utility:/root/Shared/MIAPR_Projekt/install/mesh_msgs:/root/Shared/MIAPR_Projekt/install/mbf_msgs:/root/Shared/MIAPR_Projekt/install/mbf_abstract_core:/root/Shared/MIAPR_Projekt/install/mesh_tools:/root/Shared/MIAPR_Projekt/install/rviz_mesh_tools_plugins:/root/Shared/MIAPR_Projekt/install/rviz_mbf_plugins:/root/Shared/MIAPR_Projekt/install/mesh_navigation_pluto_sim:/root/Shared/MIAPR_Projekt/install/mesh_navigation_ceres_sim:/root/Shared/MIAPR_Projekt/install/mesh_navigation_tutorials_sim:/root/Shared/MIAPR_Projekt/install/mesh_msgs_transform:/root/Shared/MIAPR_Projekt/install/label_manager:/root/Shared/MIAPR_Projekt/install/mbf_simple_core:/root/Shared/MIAPR_Projekt/install/mbf_test_utility:/opt/ros/jazzy/opt/gz_sim_vendor:/opt/ros/jazzy/opt/gz_sensors_vendor:/opt/ros/jazzy/opt/gz_physics_vendor:/opt/ros/jazzy/opt/sdformat_vendor:/opt/ros/jazzy/opt/gz_gui_vendor:/opt/ros/jazzy/opt/gz_transport_vendor:/opt/ros/jazzy/opt/gz_rendering_vendor:/opt/ros/jazzy/opt/gz_plugin_vendor:/opt/ros/jazzy/opt/gz_fuel_tools_vendor:/opt/ros/jazzy/opt/gz_msgs_vendor:/opt/ros/jazzy/opt/gz_common_vendor:/opt/ros/jazzy/opt/gz_math_vendor:/opt/ros/jazzy/opt/gz_utils_vendor:/opt/ros/jazzy/opt/gz_tools_vendor:/opt/ros/jazzy/opt/gz_ogre_next_vendor:/opt/ros/jazzy/opt/gz_dartsim_vendor:/opt/ros/jazzy/opt/gz_cmake_vendor:/opt/ros/jazzy LD_LIBRARY_PATH=/root/Shared/MIAPR_Projekt/install/mesh_map/lib:/root/Shared/MIAPR_Projekt/install/mbf_utility/lib:/root/Shared/MIAPR_Projekt/install/mesh_msgs/lib:/root/Shared/MIAPR_Projekt/install/mbf_msgs/lib:/root/Shared/MIAPR_Projekt/install/rviz_mesh_tools_plugins/lib:/root/Shared/MIAPR_Projekt/install/rviz_mbf_plugins/lib:/root/Shared/MIAPR_Projekt/install/mesh_navigation_tutorials_sim/lib:/root/Shared/MIAPR_Projekt/install/mesh_msgs_transform/lib:/root/Shared/MIAPR_Projekt/install/mesh_msgs_conversions/lib:/root/Shared/MIAPR_Projekt/install/label_manager/lib:/root/Shared/MIAPR_Projekt/install/mbf_test_utility/lib:/opt/ros/jazzy/opt/gz_sim_vendor/lib:/opt/ros/jazzy/opt/gz_sensors_vendor/lib:/opt/ros/jazzy/opt/gz_physics_vendor/lib:/opt/ros/jazzy/opt/sdformat_vendor/lib:/opt/ros/jazzy/opt/rviz_ogre_vendor/lib:/opt/ros/jazzy/lib/x86_64-linux-gnu:/opt/ros/jazzy/opt/gz_gui_vendor/lib:/opt/ros/jazzy/opt/gz_transport_vendor/lib:/opt/ros/jazzy/opt/gz_rendering_vendor/lib:/opt/ros/jazzy/opt/gz_plugin_vendor/lib:/opt/ros/jazzy/opt/gz_fuel_tools_vendor/lib:/opt/ros/jazzy/opt/gz_msgs_vendor/lib:/opt/ros/jazzy/opt/gz_common_vendor/lib:/opt/ros/jazzy/opt/gz_math_vendor/lib:/opt/ros/jazzy/opt/gz_utils_vendor/lib:/opt/ros/jazzy/opt/gz_tools_vendor/lib:/opt/ros/jazzy/opt/gz_ogre_next_vendor/lib:/opt/ros/jazzy/opt/gz_dartsim_vendor/lib:/opt/ros/jazzy/opt/gz_cmake_vendor/lib:/opt/ros/jazzy/lib PYTHONPATH=/root/Shared/MIAPR_Projekt/install/mesh_msgs/lib/python3.12/site-packages:/root/Shared/MIAPR_Projekt/install/mbf_msgs/lib/python3.12/site-packages:/root/Shared/MIAPR_Projekt/install/label_manager/lib/python3.12/site-packages:/opt/ros/jazzy/lib/python3.12/site-packages /usr/bin/cmake /root/Shared/MIAPR_Projekt/colcon_ws/src/mesh_navigation/dijkstra_mesh_planner -DCMAKE_INSTALL_PREFIX=/root/Shared/MIAPR_Projekt/install/dijkstra_mesh_planner
