[0.016s] Invoking command in '/root/Shared/MIAPR_Projekt/colcon_ws/build/mesh_msgs_conversions': AMENT_PREFIX_PATH=/root/Shared/MIAPR_Projekt/colcon_ws/install/mesh_msgs:${AMENT_PREFIX_PATH} CMAKE_PREFIX_PATH=/root/Shared/MIAPR_Projekt/colcon_ws/install/mesh_msgs:/opt/ros/jazzy/opt/gz_math_vendor:/opt/ros/jazzy/opt/gz_utils_vendor:/opt/ros/jazzy/opt/gz_cmake_vendor:/opt/ros/jazzy LD_LIBRARY_PATH=/root/Shared/MIAPR_Projekt/colcon_ws/install/mesh_msgs/lib:${LD_LIBRARY_PATH} PYTHONPATH=/root/Shared/MIAPR_Projekt/colcon_ws/install/mesh_msgs/lib/python3.12/site-packages:${PYTHONPATH} /usr/bin/cmake /root/Shared/MIAPR_Projekt/colcon_ws/src/mesh_tools/mesh_msgs_conversions -DAMENT_CMAKE_SYMLINK_INSTALL=1 -DCMAKE_INSTALL_PREFIX=/root/Shared/MIAPR_Projekt/colcon_ws/install/mesh_msgs_conversions
[0.085s] -- The C compiler identification is GNU 13.3.0
[0.155s] -- The CXX compiler identification is GNU 13.3.0
[0.176s] -- Detecting C compiler ABI info
[0.288s] -- Detecting C compiler ABI info - done
[0.302s] -- Check for working C compiler: /usr/bin/cc - skipped
[0.302s] -- Detecting C compile features
[0.303s] -- Detecting C compile features - done
[0.312s] -- Detecting CXX compiler ABI info
[0.433s] -- Detecting CXX compiler ABI info - done
[0.443s] -- Check for working CXX compiler: /usr/bin/c++ - skipped
[0.443s] -- Detecting CXX compile features
[0.444s] -- Detecting CXX compile features - done
[0.448s] -- Found ament_cmake: 2.5.5 (/opt/ros/jazzy/share/ament_cmake/cmake)
[0.619s] -- Found Python3: /usr/bin/python3 (found version "3.12.3") found components: Interpreter 
[0.711s] -- Override CMake install command with custom implementation using symlinks instead of copying resources
[0.762s] -- Found rclcpp: 28.1.16 (/opt/ros/jazzy/share/rclcpp/cmake)
[0.817s] -- Found rosidl_generator_c: 4.6.7 (/opt/ros/jazzy/share/rosidl_generator_c/cmake)
[0.835s] -- Found rosidl_generator_cpp: 4.6.7 (/opt/ros/jazzy/share/rosidl_generator_cpp/cmake)
[0.856s] -- Using all available rosidl_typesupport_c: rosidl_typesupport_fastrtps_c;rosidl_typesupport_introspection_c
[0.879s] -- Using all available rosidl_typesupport_cpp: rosidl_typesupport_fastrtps_cpp;rosidl_typesupport_introspection_cpp
[0.987s] -- Found rmw_implementation_cmake: 7.3.3 (/opt/ros/jazzy/share/rmw_implementation_cmake/cmake)
[0.993s] -- Found rmw_fastrtps_cpp: 8.4.3 (/opt/ros/jazzy/share/rmw_fastrtps_cpp/cmake)
[1.118s] -- Found OpenSSL: /usr/lib/x86_64-linux-gnu/libcrypto.so (found version "3.0.13")  
[1.140s] -- Found FastRTPS: /opt/ros/jazzy/include (Required is at least version "2.13") 
[1.167s] -- Using RMW implementation 'rmw_fastrtps_cpp' as default
[1.275s] -- Found mesh_msgs: 2.1.1 (/root/Shared/MIAPR_Projekt/colcon_ws/install/mesh_msgs/share/mesh_msgs/cmake)
[1.621s] -- Found MPI_C: /usr/lib/x86_64-linux-gnu/openmpi/lib/libmpi.so (found version "3.1") 
[2.917s] -- Found MPI_CXX: /usr/lib/x86_64-linux-gnu/openmpi/lib/libmpi_cxx.so (found version "3.1") 
[2.918s] -- Found MPI: TRUE (found version "3.1")  
[2.946s] -- Found TIFF: /usr/lib/x86_64-linux-gnu/libtiff.so (found version "4.5.1")  
[2.956s] -- Found GDAL: /usr/lib/x86_64-linux-gnu/libgdal.so (found version "3.8.4") 
[2.970s] -- Found OpenCV: /usr (found version "4.6.0") 
[2.972s] -- Found FLANN: /usr/include/flann  
[2.973s] -- Try to find LZ4: find_path + find_library
[2.974s] -- Try to find LZ4: FindPackageHandleStandardArgs
[2.975s] -- Found LZ4: /usr/lib/x86_64-linux-gnu/liblz4.so  
[3.078s] -- Found GSL: /usr/include (found version "2.7.1") 
[4.122s] -- Found HDF5: /usr/lib/x86_64-linux-gnu/hdf5/serial/libhdf5.so;/usr/lib/x86_64-linux-gnu/libcrypto.so;/usr/lib/x86_64-linux-gnu/libcurl.so;/usr/lib/x86_64-linux-gnu/libpthread.a;/usr/lib/x86_64-linux-gnu/libsz.so;/usr/lib/x86_64-linux-gnu/libz.so;/usr/lib/x86_64-linux-gnu/libdl.a;/usr/lib/x86_64-linux-gnu/libm.so;/usr/lib/x86_64-linux-gnu/hdf5/serial/libhdf5_cpp.so;/usr/lib/x86_64-linux-gnu/hdf5/serial/libhdf5.so;/usr/lib/x86_64-linux-gnu/libcrypto.so;/usr/lib/x86_64-linux-gnu/libcurl.so;/usr/lib/x86_64-linux-gnu/libpthread.a;/usr/lib/x86_64-linux-gnu/libsz.so;/usr/lib/x86_64-linux-gnu/libz.so;/usr/lib/x86_64-linux-gnu/libdl.a;/usr/lib/x86_64-linux-gnu/libm.so (found version "1.10.10") found components: C CXX HL 
[4.131s] -- Found OpenGL: /usr/lib/x86_64-linux-gnu/libOpenGL.so  found components: OpenGL 
[4.233s] -- Found GLUT: /usr/lib/x86_64-linux-gnu/libglut.so  
[4.261s] -- Found PkgConfig: /usr/bin/pkg-config (found version "1.8.1") 
[4.384s] -- Configuring done (4.4s)
[4.419s] -- Generating done (0.0s)
[4.424s] -- Build files have been written to: /root/Shared/MIAPR_Projekt/colcon_ws/build/mesh_msgs_conversions
[4.440s] Invoked command in '/root/Shared/MIAPR_Projekt/colcon_ws/build/mesh_msgs_conversions' returned '0': AMENT_PREFIX_PATH=/root/Shared/MIAPR_Projekt/colcon_ws/install/mesh_msgs:${AMENT_PREFIX_PATH} CMAKE_PREFIX_PATH=/root/Shared/MIAPR_Projekt/colcon_ws/install/mesh_msgs:/opt/ros/jazzy/opt/gz_math_vendor:/opt/ros/jazzy/opt/gz_utils_vendor:/opt/ros/jazzy/opt/gz_cmake_vendor:/opt/ros/jazzy LD_LIBRARY_PATH=/root/Shared/MIAPR_Projekt/colcon_ws/install/mesh_msgs/lib:${LD_LIBRARY_PATH} PYTHONPATH=/root/Shared/MIAPR_Projekt/colcon_ws/install/mesh_msgs/lib/python3.12/site-packages:${PYTHONPATH} /usr/bin/cmake /root/Shared/MIAPR_Projekt/colcon_ws/src/mesh_tools/mesh_msgs_conversions -DAMENT_CMAKE_SYMLINK_INSTALL=1 -DCMAKE_INSTALL_PREFIX=/root/Shared/MIAPR_Projekt/colcon_ws/install/mesh_msgs_conversions
[4.442s] Invoking command in '/root/Shared/MIAPR_Projekt/colcon_ws/build/mesh_msgs_conversions': AMENT_PREFIX_PATH=/root/Shared/MIAPR_Projekt/colcon_ws/install/mesh_msgs:${AMENT_PREFIX_PATH} CMAKE_PREFIX_PATH=/root/Shared/MIAPR_Projekt/colcon_ws/install/mesh_msgs:/opt/ros/jazzy/opt/gz_math_vendor:/opt/ros/jazzy/opt/gz_utils_vendor:/opt/ros/jazzy/opt/gz_cmake_vendor:/opt/ros/jazzy LD_LIBRARY_PATH=/root/Shared/MIAPR_Projekt/colcon_ws/install/mesh_msgs/lib:${LD_LIBRARY_PATH} PYTHONPATH=/root/Shared/MIAPR_Projekt/colcon_ws/install/mesh_msgs/lib/python3.12/site-packages:${PYTHONPATH} /usr/bin/cmake --build /root/Shared/MIAPR_Projekt/colcon_ws/build/mesh_msgs_conversions -- -j12 -l12
[4.509s] [ 50%] [32mBuilding CXX object CMakeFiles/mesh_msgs_conversions.dir/src/conversions.cpp.o[0m
[17.860s] [01m[K/root/Shared/MIAPR_Projekt/colcon_ws/src/mesh_tools/mesh_msgs_conversions/src/conversions.cpp:[m[K In function ‘[01m[Kbool mesh_msgs_conversions::[01;32m[KfromMeshBufferToMeshMessages[m[K(const lvr2::MeshBufferPtr&, mesh_msgs::msg::MeshGeometry&, mesh_msgs::msg::MeshMaterials&, mesh_msgs::msg::MeshVertexColors&, boost::optional<std::vector<mesh_msgs::msg::MeshTexture_<std::allocator<void> > >&>, std::string)[m[K’:
[17.860s] [01m[K/root/Shared/MIAPR_Projekt/colcon_ws/src/mesh_tools/mesh_msgs_conversions/src/conversions.cpp:99:12:[m[K [01;35m[Kwarning: [m[Kunused variable ‘[01m[Kn_faces[m[K’ [[01;35m[K-Wunused-variable[m[K]
[17.861s]    99 |     size_t [01;35m[Kn_faces[m[K = buffer->numFaces();
[17.861s]       |            [01;35m[K^~~~~~~[m[K
[17.948s] [01m[K/root/Shared/MIAPR_Projekt/colcon_ws/src/mesh_tools/mesh_msgs_conversions/src/conversions.cpp:[m[K In function ‘[01m[Kvoid mesh_msgs_conversions::[01;32m[KPointBufferToPointCloud2[m[K(const lvr2::PointBufferPtr&, std::string, std::shared_ptr<sensor_msgs::msg::PointCloud2_<std::allocator<void> > >&)[m[K’:
[17.948s] [01m[K/root/Shared/MIAPR_Projekt/colcon_ws/src/mesh_tools/mesh_msgs_conversions/src/conversions.cpp:589:7:[m[K [01;35m[Kwarning: [m[Kunused variable ‘[01m[KucharType[m[K’ [[01;35m[K-Wunused-variable[m[K]
[17.948s]   589 |   int [01;35m[KucharType[m[K = buffer->getAllChannelsOfType<unsigned char>(uCharChannels);
[17.948s]       |       [01;35m[K^~~~~~~~~[m[K
