-- The C compiler identification is GNU 13.3.0
-- The CXX compiler identification is GNU 13.3.0
-- Detecting C compiler ABI info
-- Detecting C compiler ABI info - done
-- Check for working C compiler: /usr/bin/cc - skipped
-- Detecting C compile features
-- Detecting C compile features - done
-- Detecting CXX compiler ABI info
-- Detecting CXX compiler ABI info - done
-- Check for working CXX compiler: /usr/bin/c++ - skipped
-- Detecting CXX compile features
-- Detecting CXX compile features - done
-- Found ament_cmake: 2.5.5 (/opt/ros/jazzy/share/ament_cmake/cmake)
-- Found Python3: /usr/bin/python3 (found version "3.12.3") found components: Interpreter 
-- Override CMake install command with custom implementation using symlinks instead of copying resources
-- Configuring done (0.9s)
-- Generating done (0.0s)
-- Build files have been written to: /root/Shared/MIAPR_Projekt/colcon_ws/build/move_base_flex
-- Install configuration: ""
-- Execute custom install script
-- Symlinking: /root/Shared/MIAPR_Projekt/colcon_ws/install/move_base_flex/share/ament_index/resource_index/package_run_dependencies/move_base_flex
-- Symlinking: /root/Shared/MIAPR_Projekt/colcon_ws/install/move_base_flex/share/ament_index/resource_index/parent_prefix_path/move_base_flex
-- Symlinking: /root/Shared/MIAPR_Projekt/colcon_ws/install/move_base_flex/share/move_base_flex/environment/ament_prefix_path.sh
-- Symlinking: /root/Shared/MIAPR_Projekt/colcon_ws/install/move_base_flex/share/move_base_flex/environment/ament_prefix_path.dsv
-- Symlinking: /root/Shared/MIAPR_Projekt/colcon_ws/install/move_base_flex/share/move_base_flex/environment/path.sh
-- Symlinking: /root/Shared/MIAPR_Projekt/colcon_ws/install/move_base_flex/share/move_base_flex/environment/path.dsv
-- Symlinking: /root/Shared/MIAPR_Projekt/colcon_ws/install/move_base_flex/share/move_base_flex/local_setup.bash
-- Symlinking: /root/Shared/MIAPR_Projekt/colcon_ws/install/move_base_flex/share/move_base_flex/local_setup.sh
-- Symlinking: /root/Shared/MIAPR_Projekt/colcon_ws/install/move_base_flex/share/move_base_flex/local_setup.zsh
-- Symlinking: /root/Shared/MIAPR_Projekt/colcon_ws/install/move_base_flex/share/move_base_flex/local_setup.dsv
-- Symlinking: /root/Shared/MIAPR_Projekt/colcon_ws/install/move_base_flex/share/move_base_flex/package.dsv
-- Symlinking: /root/Shared/MIAPR_Projekt/colcon_ws/install/move_base_flex/share/ament_index/resource_index/packages/move_base_flex
-- Symlinking: /root/Shared/MIAPR_Projekt/colcon_ws/install/move_base_flex/share/move_base_flex/cmake/move_base_flexConfig.cmake
-- Symlinking: /root/Shared/MIAPR_Projekt/colcon_ws/install/move_base_flex/share/move_base_flex/cmake/move_base_flexConfig-version.cmake
-- Symlinking: /root/Shared/MIAPR_Projekt/colcon_ws/install/move_base_flex/share/move_base_flex/package.xml
