[100%] Built target dijkstra_mesh_planner
-- Install configuration: "Release"
-- Execute custom install script
-- Up-to-date symlink: /root/Shared/MIAPR_Projekt/colcon_ws/install/dijkstra_mesh_planner/share/dijkstra_mesh_planner//dijkstra_mesh_planner.xml
-- Up-to-date symlink: /root/Shared/MIAPR_Projekt/colcon_ws/install/dijkstra_mesh_planner/include/dijkstra_mesh_planner/dijkstra_mesh_planner.h
-- Up-to-date symlink: /root/Shared/MIAPR_Projekt/colcon_ws/install/dijkstra_mesh_planner/share/dijkstra_mesh_planner/environment/library_path.sh
-- Up-to-date symlink: /root/Shared/MIAPR_Projekt/colcon_ws/install/dijkstra_mesh_planner/share/dijkstra_mesh_planner/environment/library_path.dsv
-- Up-to-date symlink: /root/Shared/MIAPR_Projekt/colcon_ws/install/dijkstra_mesh_planner/share/ament_index/resource_index/package_run_dependencies/dijkstra_mesh_planner
-- Up-to-date symlink: /root/Shared/MIAPR_Projekt/colcon_ws/install/dijkstra_mesh_planner/share/ament_index/resource_index/parent_prefix_path/dijkstra_mesh_planner
-- Up-to-date symlink: /root/Shared/MIAPR_Projekt/colcon_ws/install/dijkstra_mesh_planner/share/dijkstra_mesh_planner/environment/ament_prefix_path.sh
-- Up-to-date symlink: /root/Shared/MIAPR_Projekt/colcon_ws/install/dijkstra_mesh_planner/share/dijkstra_mesh_planner/environment/ament_prefix_path.dsv
-- Up-to-date symlink: /root/Shared/MIAPR_Projekt/colcon_ws/install/dijkstra_mesh_planner/share/dijkstra_mesh_planner/environment/path.sh
-- Up-to-date symlink: /root/Shared/MIAPR_Projekt/colcon_ws/install/dijkstra_mesh_planner/share/dijkstra_mesh_planner/environment/path.dsv
-- Up-to-date symlink: /root/Shared/MIAPR_Projekt/colcon_ws/install/dijkstra_mesh_planner/share/dijkstra_mesh_planner/local_setup.bash
-- Up-to-date symlink: /root/Shared/MIAPR_Projekt/colcon_ws/install/dijkstra_mesh_planner/share/dijkstra_mesh_planner/local_setup.sh
-- Up-to-date symlink: /root/Shared/MIAPR_Projekt/colcon_ws/install/dijkstra_mesh_planner/share/dijkstra_mesh_planner/local_setup.zsh
-- Up-to-date symlink: /root/Shared/MIAPR_Projekt/colcon_ws/install/dijkstra_mesh_planner/share/dijkstra_mesh_planner/local_setup.dsv
-- Symlinking: /root/Shared/MIAPR_Projekt/colcon_ws/install/dijkstra_mesh_planner/share/dijkstra_mesh_planner/package.dsv
-- Up-to-date symlink: /root/Shared/MIAPR_Projekt/colcon_ws/install/dijkstra_mesh_planner/share/ament_index/resource_index/packages/dijkstra_mesh_planner
-- Up-to-date symlink: /root/Shared/MIAPR_Projekt/colcon_ws/install/dijkstra_mesh_planner/share/ament_index/resource_index/mbf_mesh_core__pluginlib__plugin/dijkstra_mesh_planner
-- Up-to-date symlink: /root/Shared/MIAPR_Projekt/colcon_ws/install/dijkstra_mesh_planner/share/dijkstra_mesh_planner/cmake/ament_cmake_export_include_directories-extras.cmake
-- Up-to-date symlink: /root/Shared/MIAPR_Projekt/colcon_ws/install/dijkstra_mesh_planner/share/dijkstra_mesh_planner/cmake/ament_cmake_export_libraries-extras.cmake
-- Up-to-date symlink: /root/Shared/MIAPR_Projekt/colcon_ws/install/dijkstra_mesh_planner/share/dijkstra_mesh_planner/cmake/ament_cmake_export_targets-extras.cmake
-- Up-to-date symlink: /root/Shared/MIAPR_Projekt/colcon_ws/install/dijkstra_mesh_planner/share/dijkstra_mesh_planner/cmake/ament_cmake_export_dependencies-extras.cmake
-- Up-to-date symlink: /root/Shared/MIAPR_Projekt/colcon_ws/install/dijkstra_mesh_planner/share/dijkstra_mesh_planner/cmake/dijkstra_mesh_plannerConfig.cmake
-- Up-to-date symlink: /root/Shared/MIAPR_Projekt/colcon_ws/install/dijkstra_mesh_planner/share/dijkstra_mesh_planner/cmake/dijkstra_mesh_plannerConfig-version.cmake
-- Up-to-date symlink: /root/Shared/MIAPR_Projekt/colcon_ws/install/dijkstra_mesh_planner/share/dijkstra_mesh_planner/package.xml
-- Up-to-date: /root/Shared/MIAPR_Projekt/colcon_ws/install/dijkstra_mesh_planner/lib/libdijkstra_mesh_planner.so
-- Up-to-date: /root/Shared/MIAPR_Projekt/colcon_ws/install/dijkstra_mesh_planner/share/dijkstra_mesh_planner/cmake/export_dijkstra_mesh_plannerExport.cmake
-- Up-to-date: /root/Shared/MIAPR_Projekt/colcon_ws/install/dijkstra_mesh_planner/share/dijkstra_mesh_planner/cmake/export_dijkstra_mesh_plannerExport-release.cmake
