[0.033s] Invoking command in '/root/Shared/MIAPR_Projekt/build/mesh_msgs': CMAKE_PREFIX_PATH=${CMAKE_PREFIX_PATH}:/opt/ros/jazzy /usr/bin/cmake --build /root/Shared/MIAPR_Projekt/build/mesh_msgs -- -j12 -l12
[0.146s] [  0%] Built target mesh_msgs__rosidl_generator_type_description
[0.194s] [  0%] Built target ament_cmake_python_copy_mesh_msgs
[0.210s] [  0%] Built target mesh_msgs__cpp
[0.266s] [ 28%] Built target mesh_msgs__rosidl_generator_c
[0.354s] [ 38%] Built target mesh_msgs__rosidl_typesupport_c
[0.358s] [ 48%] Built target mesh_msgs__rosidl_typesupport_introspection_c
[0.370s] [ 58%] Built target mesh_msgs__rosidl_typesupport_fastrtps_c
[0.375s] [ 68%] Built target mesh_msgs__rosidl_typesupport_cpp
[0.386s] [ 78%] Built target mesh_msgs__rosidl_typesupport_fastrtps_cpp
[0.443s] [ 87%] Built target mesh_msgs__rosidl_typesupport_introspection_cpp
[0.479s] running egg_info
[0.480s] [ 87%] Built target mesh_msgs
[0.497s] writing mesh_msgs.egg-info/PKG-INFO
[0.498s] writing dependency_links to mesh_msgs.egg-info/dependency_links.txt
[0.498s] writing top-level names to mesh_msgs.egg-info/top_level.txt
[0.523s] [ 87%] Built target mesh_msgs__py
[0.558s] reading manifest file 'mesh_msgs.egg-info/SOURCES.txt'
[0.559s] writing manifest file 'mesh_msgs.egg-info/SOURCES.txt'
[0.605s] [ 97%] Built target mesh_msgs__rosidl_generator_py
[0.610s] [ 97%] Built target ament_cmake_python_build_mesh_msgs_egg
[0.651s] [100%] Built target mesh_msgs_s__rosidl_typesupport_fastrtps_c
[0.651s] [100%] Built target mesh_msgs_s__rosidl_typesupport_introspection_c
[0.651s] [100%] Built target mesh_msgs_s__rosidl_typesupport_c
[0.679s] Invoked command in '/root/Shared/MIAPR_Projekt/build/mesh_msgs' returned '0': CMAKE_PREFIX_PATH=${CMAKE_PREFIX_PATH}:/opt/ros/jazzy /usr/bin/cmake --build /root/Shared/MIAPR_Projekt/build/mesh_msgs -- -j12 -l12
[0.680s] Invoking command in '/root/Shared/MIAPR_Projekt/build/mesh_msgs': CMAKE_PREFIX_PATH=${CMAKE_PREFIX_PATH}:/opt/ros/jazzy /usr/bin/cmake --install /root/Shared/MIAPR_Projekt/build/mesh_msgs
[0.693s] -- Install configuration: ""
[0.694s] -- Up-to-date: /root/Shared/MIAPR_Projekt/install/mesh_msgs/share/ament_index/resource_index/rosidl_interfaces/mesh_msgs
[0.694s] -- Up-to-date: /root/Shared/MIAPR_Projekt/install/mesh_msgs/share/mesh_msgs/msg/MeshFaceCluster.json
[0.694s] -- Up-to-date: /root/Shared/MIAPR_Projekt/install/mesh_msgs/share/mesh_msgs/msg/MeshFaceClusterStamped.json
[0.694s] -- Up-to-date: /root/Shared/MIAPR_Projekt/install/mesh_msgs/share/mesh_msgs/msg/MeshMaterial.json
[0.694s] -- Up-to-date: /root/Shared/MIAPR_Projekt/install/mesh_msgs/share/mesh_msgs/msg/MeshGeometry.json
[0.695s] -- Up-to-date: /root/Shared/MIAPR_Projekt/install/mesh_msgs/share/mesh_msgs/msg/MeshGeometryStamped.json
[0.695s] -- Up-to-date: /root/Shared/MIAPR_Projekt/install/mesh_msgs/share/mesh_msgs/msg/MeshMaterials.json
[0.695s] -- Up-to-date: /root/Shared/MIAPR_Projekt/install/mesh_msgs/share/mesh_msgs/msg/MeshMaterialsStamped.json
[0.695s] -- Up-to-date: /root/Shared/MIAPR_Projekt/install/mesh_msgs/share/mesh_msgs/msg/MeshVertexColors.json
[0.695s] -- Up-to-date: /root/Shared/MIAPR_Projekt/install/mesh_msgs/share/mesh_msgs/msg/MeshVertexColorsStamped.json
[0.695s] -- Up-to-date: /root/Shared/MIAPR_Projekt/install/mesh_msgs/share/mesh_msgs/msg/MeshVertexCosts.json
[0.695s] -- Up-to-date: /root/Shared/MIAPR_Projekt/install/mesh_msgs/share/mesh_msgs/msg/MeshVertexCostsStamped.json
[0.695s] -- Up-to-date: /root/Shared/MIAPR_Projekt/install/mesh_msgs/share/mesh_msgs/msg/MeshVertexCostsSparse.json
[0.695s] -- Up-to-date: /root/Shared/MIAPR_Projekt/install/mesh_msgs/share/mesh_msgs/msg/MeshVertexCostsSparseStamped.json
[0.696s] -- Up-to-date: /root/Shared/MIAPR_Projekt/install/mesh_msgs/share/mesh_msgs/msg/MeshTexture.json
[0.696s] -- Up-to-date: /root/Shared/MIAPR_Projekt/install/mesh_msgs/share/mesh_msgs/msg/MeshTriangleIndices.json
[0.696s] -- Up-to-date: /root/Shared/MIAPR_Projekt/install/mesh_msgs/share/mesh_msgs/msg/VectorField.json
[0.696s] -- Up-to-date: /root/Shared/MIAPR_Projekt/install/mesh_msgs/share/mesh_msgs/msg/VectorFieldStamped.json
[0.696s] -- Up-to-date: /root/Shared/MIAPR_Projekt/install/mesh_msgs/share/mesh_msgs/msg/MeshVertexTexCoords.json
[0.696s] -- Up-to-date: /root/Shared/MIAPR_Projekt/install/mesh_msgs/share/mesh_msgs/srv/GetGeometry.json
[0.696s] -- Up-to-date: /root/Shared/MIAPR_Projekt/install/mesh_msgs/share/mesh_msgs/srv/GetLabeledClusters.json
[0.696s] -- Up-to-date: /root/Shared/MIAPR_Projekt/install/mesh_msgs/share/mesh_msgs/srv/GetMaterials.json
[0.696s] -- Up-to-date: /root/Shared/MIAPR_Projekt/install/mesh_msgs/share/mesh_msgs/srv/GetTexture.json
[0.696s] -- Up-to-date: /root/Shared/MIAPR_Projekt/install/mesh_msgs/share/mesh_msgs/srv/GetUUIDs.json
[0.696s] -- Up-to-date: /root/Shared/MIAPR_Projekt/install/mesh_msgs/share/mesh_msgs/srv/GetVertexColors.json
[0.697s] -- Up-to-date: /root/Shared/MIAPR_Projekt/install/mesh_msgs/share/mesh_msgs/srv/GetVertexCosts.json
[0.697s] -- Up-to-date: /root/Shared/MIAPR_Projekt/install/mesh_msgs/share/mesh_msgs/srv/GetVertexCostLayers.json
[0.697s] -- Up-to-date: /root/Shared/MIAPR_Projekt/install/mesh_msgs/include/mesh_msgs/mesh_msgs
[0.697s] -- Up-to-date: /root/Shared/MIAPR_Projekt/install/mesh_msgs/include/mesh_msgs/mesh_msgs/msg
[0.697s] -- Up-to-date: /root/Shared/MIAPR_Projekt/install/mesh_msgs/include/mesh_msgs/mesh_msgs/msg/mesh_geometry.h
[0.697s] -- Up-to-date: /root/Shared/MIAPR_Projekt/install/mesh_msgs/include/mesh_msgs/mesh_msgs/msg/mesh_vertex_costs_sparse_stamped.h
[0.697s] -- Up-to-date: /root/Shared/MIAPR_Projekt/install/mesh_msgs/include/mesh_msgs/mesh_msgs/msg/mesh_texture.h
[0.697s] -- Up-to-date: /root/Shared/MIAPR_Projekt/install/mesh_msgs/include/mesh_msgs/mesh_msgs/msg/vector_field.h
[0.697s] -- Up-to-date: /root/Shared/MIAPR_Projekt/install/mesh_msgs/include/mesh_msgs/mesh_msgs/msg/mesh_material.h
[0.697s] -- Up-to-date: /root/Shared/MIAPR_Projekt/install/mesh_msgs/include/mesh_msgs/mesh_msgs/msg/mesh_vertex_colors_stamped.h
[0.698s] -- Up-to-date: /root/Shared/MIAPR_Projekt/install/mesh_msgs/include/mesh_msgs/mesh_msgs/msg/mesh_materials_stamped.h
[0.698s] -- Up-to-date: /root/Shared/MIAPR_Projekt/install/mesh_msgs/include/mesh_msgs/mesh_msgs/msg/vector_field_stamped.h
[0.698s] -- Up-to-date: /root/Shared/MIAPR_Projekt/install/mesh_msgs/include/mesh_msgs/mesh_msgs/msg/mesh_vertex_costs_sparse.h
[0.698s] -- Up-to-date: /root/Shared/MIAPR_Projekt/install/mesh_msgs/include/mesh_msgs/mesh_msgs/msg/mesh_vertex_costs_stamped.h
[0.698s] -- Up-to-date: /root/Shared/MIAPR_Projekt/install/mesh_msgs/include/mesh_msgs/mesh_msgs/msg/mesh_face_cluster.h
[0.698s] -- Up-to-date: /root/Shared/MIAPR_Projekt/install/mesh_msgs/include/mesh_msgs/mesh_msgs/msg/mesh_materials.h
[0.698s] -- Up-to-date: /root/Shared/MIAPR_Projekt/install/mesh_msgs/include/mesh_msgs/mesh_msgs/msg/detail
[0.698s] -- Up-to-date: /root/Shared/MIAPR_Projekt/install/mesh_msgs/include/mesh_msgs/mesh_msgs/msg/detail/mesh_materials__functions.h
[0.698s] -- Installing: /root/Shared/MIAPR_Projekt/install/mesh_msgs/include/mesh_msgs/mesh_msgs/msg/detail/mesh_vertex_tex_coords__type_support.c
[0.698s] -- Up-to-date: /root/Shared/MIAPR_Projekt/install/mesh_msgs/include/mesh_msgs/mesh_msgs/msg/detail/mesh_materials_stamped__struct.h
[0.699s] -- Installing: /root/Shared/MIAPR_Projekt/install/mesh_msgs/include/mesh_msgs/mesh_msgs/msg/detail/mesh_materials__type_support.c
[0.699s] -- Up-to-date: /root/Shared/MIAPR_Projekt/install/mesh_msgs/include/mesh_msgs/mesh_msgs/msg/detail/mesh_texture__functions.h
[0.699s] -- Installing: /root/Shared/MIAPR_Projekt/install/mesh_msgs/include/mesh_msgs/mesh_msgs/msg/detail/mesh_vertex_costs_sparse__type_support.c
[0.699s] -- Up-to-date: /root/Shared/MIAPR_Projekt/install/mesh_msgs/include/mesh_msgs/mesh_msgs/msg/detail/mesh_material__struct.h
[0.699s] -- Up-to-date: /root/Shared/MIAPR_Projekt/install/mesh_msgs/include/mesh_msgs/mesh_msgs/msg/detail/mesh_face_cluster_stamped__struct.h
[0.699s] -- Up-to-date: /root/Shared/MIAPR_Projekt/install/mesh_msgs/include/mesh_msgs/mesh_msgs/msg/detail/mesh_vertex_costs_sparse__description.c
[0.699s] -- Installing: /root/Shared/MIAPR_Projekt/install/mesh_msgs/include/mesh_msgs/mesh_msgs/msg/detail/vector_field__type_support.c
[0.699s] -- Up-to-date: /root/Shared/MIAPR_Projekt/install/mesh_msgs/include/mesh_msgs/mesh_msgs/msg/detail/mesh_texture__description.c
[0.699s] -- Up-to-date: /root/Shared/MIAPR_Projekt/install/mesh_msgs/include/mesh_msgs/mesh_msgs/msg/detail/mesh_vertex_colors_stamped__description.c
[0.700s] -- Up-to-date: /root/Shared/MIAPR_Projekt/install/mesh_msgs/include/mesh_msgs/mesh_msgs/msg/detail/mesh_vertex_costs_sparse_stamped__functions.c
[0.700s] -- Up-to-date: /root/Shared/MIAPR_Projekt/install/mesh_msgs/include/mesh_msgs/mesh_msgs/msg/detail/mesh_materials_stamped__functions.h
[0.700s] -- Up-to-date: /root/Shared/MIAPR_Projekt/install/mesh_msgs/include/mesh_msgs/mesh_msgs/msg/detail/mesh_vertex_costs__type_support.h
[0.700s] -- Up-to-date: /root/Shared/MIAPR_Projekt/install/mesh_msgs/include/mesh_msgs/mesh_msgs/msg/detail/mesh_face_cluster__functions.c
[0.700s] -- Up-to-date: /root/Shared/MIAPR_Projekt/install/mesh_msgs/include/mesh_msgs/mesh_msgs/msg/detail/mesh_vertex_costs_sparse_stamped__struct.h
[0.700s] -- Up-to-date: /root/Shared/MIAPR_Projekt/install/mesh_msgs/include/mesh_msgs/mesh_msgs/msg/detail/mesh_face_cluster_stamped__functions.h
[0.700s] -- Up-to-date: /root/Shared/MIAPR_Projekt/install/mesh_msgs/include/mesh_msgs/mesh_msgs/msg/detail/mesh_materials__type_support.h
[0.700s] -- Up-to-date: /root/Shared/MIAPR_Projekt/install/mesh_msgs/include/mesh_msgs/mesh_msgs/msg/detail/vector_field_stamped__struct.h
[0.700s] -- Installing: /root/Shared/MIAPR_Projekt/install/mesh_msgs/include/mesh_msgs/mesh_msgs/msg/detail/mesh_triangle_indices__type_support.c
[0.700s] -- Up-to-date: /root/Shared/MIAPR_Projekt/install/mesh_msgs/include/mesh_msgs/mesh_msgs/msg/detail/mesh_geometry__description.c
[0.701s] -- Up-to-date: /root/Shared/MIAPR_Projekt/install/mesh_msgs/include/mesh_msgs/mesh_msgs/msg/detail/mesh_geometry__functions.h
[0.701s] -- Installing: /root/Shared/MIAPR_Projekt/install/mesh_msgs/include/mesh_msgs/mesh_msgs/msg/detail/mesh_vertex_costs__type_support.c
[0.701s] -- Up-to-date: /root/Shared/MIAPR_Projekt/install/mesh_msgs/include/mesh_msgs/mesh_msgs/msg/detail/mesh_vertex_colors_stamped__functions.h
[0.701s] -- Up-to-date: /root/Shared/MIAPR_Projekt/install/mesh_msgs/include/mesh_msgs/mesh_msgs/msg/detail/mesh_vertex_costs_sparse_stamped__functions.h
[0.701s] -- Up-to-date: /root/Shared/MIAPR_Projekt/install/mesh_msgs/include/mesh_msgs/mesh_msgs/msg/detail/mesh_material__functions.h
[0.701s] -- Up-to-date: /root/Shared/MIAPR_Projekt/install/mesh_msgs/include/mesh_msgs/mesh_msgs/msg/detail/vector_field_stamped__description.c
[0.701s] -- Up-to-date: /root/Shared/MIAPR_Projekt/install/mesh_msgs/include/mesh_msgs/mesh_msgs/msg/detail/mesh_materials__functions.c
[0.701s] -- Up-to-date: /root/Shared/MIAPR_Projekt/install/mesh_msgs/include/mesh_msgs/mesh_msgs/msg/detail/mesh_vertex_costs_sparse_stamped__description.c
[0.701s] -- Up-to-date: /root/Shared/MIAPR_Projekt/install/mesh_msgs/include/mesh_msgs/mesh_msgs/msg/detail/mesh_vertex_costs_stamped__struct.h
[0.701s] -- Up-to-date: /root/Shared/MIAPR_Projekt/install/mesh_msgs/include/mesh_msgs/mesh_msgs/msg/detail/mesh_face_cluster__functions.h
[0.701s] -- Installing: /root/Shared/MIAPR_Projekt/install/mesh_msgs/include/mesh_msgs/mesh_msgs/msg/detail/mesh_material__type_support.c
[0.702s] -- Up-to-date: /root/Shared/MIAPR_Projekt/install/mesh_msgs/include/mesh_msgs/mesh_msgs/msg/detail/vector_field__type_support.h
[0.702s] -- Installing: /root/Shared/MIAPR_Projekt/install/mesh_msgs/include/mesh_msgs/mesh_msgs/msg/detail/mesh_geometry_stamped__type_support.c
[0.702s] -- Up-to-date: /root/Shared/MIAPR_Projekt/install/mesh_msgs/include/mesh_msgs/mesh_msgs/msg/detail/mesh_vertex_costs_stamped__type_support.h
[0.702s] -- Up-to-date: /root/Shared/MIAPR_Projekt/install/mesh_msgs/include/mesh_msgs/mesh_msgs/msg/detail/mesh_vertex_colors__description.c
[0.702s] -- Up-to-date: /root/Shared/MIAPR_Projekt/install/mesh_msgs/include/mesh_msgs/mesh_msgs/msg/detail/mesh_geometry__type_support.h
[0.702s] -- Up-to-date: /root/Shared/MIAPR_Projekt/install/mesh_msgs/include/mesh_msgs/mesh_msgs/msg/detail/mesh_vertex_colors__functions.c
[0.702s] -- Up-to-date: /root/Shared/MIAPR_Projekt/install/mesh_msgs/include/mesh_msgs/mesh_msgs/msg/detail/mesh_vertex_tex_coords__functions.h
[0.702s] -- Up-to-date: /root/Shared/MIAPR_Projekt/install/mesh_msgs/include/mesh_msgs/mesh_msgs/msg/detail/mesh_vertex_costs_sparse__struct.h
[0.702s] -- Up-to-date: /root/Shared/MIAPR_Projekt/install/mesh_msgs/include/mesh_msgs/mesh_msgs/msg/detail/mesh_materials_stamped__functions.c
[0.702s] -- Up-to-date: /root/Shared/MIAPR_Projekt/install/mesh_msgs/include/mesh_msgs/mesh_msgs/msg/detail/mesh_face_cluster__type_support.h
[0.702s] -- Up-to-date: /root/Shared/MIAPR_Projekt/install/mesh_msgs/include/mesh_msgs/mesh_msgs/msg/detail/mesh_geometry__functions.c
[0.703s] -- Up-to-date: /root/Shared/MIAPR_Projekt/install/mesh_msgs/include/mesh_msgs/mesh_msgs/msg/detail/mesh_texture__struct.h
[0.703s] -- Up-to-date: /root/Shared/MIAPR_Projekt/install/mesh_msgs/include/mesh_msgs/mesh_msgs/msg/detail/vector_field__functions.h
[0.703s] -- Up-to-date: /root/Shared/MIAPR_Projekt/install/mesh_msgs/include/mesh_msgs/mesh_msgs/msg/detail/mesh_materials_stamped__type_support.h
[0.703s] -- Up-to-date: /root/Shared/MIAPR_Projekt/install/mesh_msgs/include/mesh_msgs/mesh_msgs/msg/detail/mesh_vertex_tex_coords__description.c
[0.703s] -- Up-to-date: /root/Shared/MIAPR_Projekt/install/mesh_msgs/include/mesh_msgs/mesh_msgs/msg/detail/mesh_vertex_tex_coords__type_support.h
[0.703s] -- Up-to-date: /root/Shared/MIAPR_Projekt/install/mesh_msgs/include/mesh_msgs/mesh_msgs/msg/detail/mesh_vertex_costs_stamped__functions.h
[0.703s] -- Up-to-date: /root/Shared/MIAPR_Projekt/install/mesh_msgs/include/mesh_msgs/mesh_msgs/msg/detail/mesh_vertex_colors_stamped__functions.c
[0.703s] -- Up-to-date: /root/Shared/MIAPR_Projekt/install/mesh_msgs/include/mesh_msgs/mesh_msgs/msg/detail/mesh_material__functions.c
[0.703s] -- Up-to-date: /root/Shared/MIAPR_Projekt/install/mesh_msgs/include/mesh_msgs/mesh_msgs/msg/detail/mesh_vertex_costs_stamped__functions.c
[0.703s] -- Up-to-date: /root/Shared/MIAPR_Projekt/install/mesh_msgs/include/mesh_msgs/mesh_msgs/msg/detail/vector_field__description.c
[0.703s] -- Up-to-date: /root/Shared/MIAPR_Projekt/install/mesh_msgs/include/mesh_msgs/mesh_msgs/msg/detail/mesh_texture__type_support.h
[0.703s] -- Up-to-date: /root/Shared/MIAPR_Projekt/install/mesh_msgs/include/mesh_msgs/mesh_msgs/msg/detail/mesh_vertex_colors__type_support.h
[0.704s] -- Up-to-date: /root/Shared/MIAPR_Projekt/install/mesh_msgs/include/mesh_msgs/mesh_msgs/msg/detail/mesh_vertex_costs__struct.h
[0.704s] -- Up-to-date: /root/Shared/MIAPR_Projekt/install/mesh_msgs/include/mesh_msgs/mesh_msgs/msg/detail/vector_field_stamped__type_support.h
[0.704s] -- Up-to-date: /root/Shared/MIAPR_Projekt/install/mesh_msgs/include/mesh_msgs/mesh_msgs/msg/detail/mesh_vertex_tex_coords__functions.c
[0.704s] -- Up-to-date: /root/Shared/MIAPR_Projekt/install/mesh_msgs/include/mesh_msgs/mesh_msgs/msg/detail/mesh_vertex_costs__functions.h
[0.704s] -- Up-to-date: /root/Shared/MIAPR_Projekt/install/mesh_msgs/include/mesh_msgs/mesh_msgs/msg/detail/mesh_geometry_stamped__functions.c
[0.704s] -- Up-to-date: /root/Shared/MIAPR_Projekt/install/mesh_msgs/include/mesh_msgs/mesh_msgs/msg/detail/mesh_vertex_colors_stamped__struct.h
[0.704s] -- Up-to-date: /root/Shared/MIAPR_Projekt/install/mesh_msgs/include/mesh_msgs/mesh_msgs/msg/detail/mesh_vertex_colors_stamped__type_support.h
[0.704s] -- Up-to-date: /root/Shared/MIAPR_Projekt/install/mesh_msgs/include/mesh_msgs/mesh_msgs/msg/detail/mesh_face_cluster_stamped__type_support.h
[0.704s] -- Up-to-date: /root/Shared/MIAPR_Projekt/install/mesh_msgs/include/mesh_msgs/mesh_msgs/msg/detail/mesh_triangle_indices__type_support.h
[0.704s] -- Up-to-date: /root/Shared/MIAPR_Projekt/install/mesh_msgs/include/mesh_msgs/mesh_msgs/msg/detail/mesh_triangle_indices__description.c
[0.704s] -- Installing: /root/Shared/MIAPR_Projekt/install/mesh_msgs/include/mesh_msgs/mesh_msgs/msg/detail/mesh_vertex_colors_stamped__type_support.c
[0.705s] -- Up-to-date: /root/Shared/MIAPR_Projekt/install/mesh_msgs/include/mesh_msgs/mesh_msgs/msg/detail/mesh_texture__functions.c
[0.705s] -- Up-to-date: /root/Shared/MIAPR_Projekt/install/mesh_msgs/include/mesh_msgs/mesh_msgs/msg/detail/mesh_face_cluster_stamped__functions.c
[0.705s] -- Up-to-date: /root/Shared/MIAPR_Projekt/install/mesh_msgs/include/mesh_msgs/mesh_msgs/msg/detail/mesh_materials_stamped__description.c
[0.705s] -- Up-to-date: /root/Shared/MIAPR_Projekt/install/mesh_msgs/include/mesh_msgs/mesh_msgs/msg/detail/mesh_vertex_costs_sparse__type_support.h
[0.705s] -- Up-to-date: /root/Shared/MIAPR_Projekt/install/mesh_msgs/include/mesh_msgs/mesh_msgs/msg/detail/mesh_vertex_costs_sparse__functions.c
[0.705s] -- Installing: /root/Shared/MIAPR_Projekt/install/mesh_msgs/include/mesh_msgs/mesh_msgs/msg/detail/vector_field_stamped__type_support.c
[0.705s] -- Up-to-date: /root/Shared/MIAPR_Projekt/install/mesh_msgs/include/mesh_msgs/mesh_msgs/msg/detail/mesh_triangle_indices__functions.c
[0.705s] -- Installing: /root/Shared/MIAPR_Projekt/install/mesh_msgs/include/mesh_msgs/mesh_msgs/msg/detail/mesh_geometry__type_support.c
[0.705s] -- Installing: /root/Shared/MIAPR_Projekt/install/mesh_msgs/include/mesh_msgs/mesh_msgs/msg/detail/mesh_texture__type_support.c
[0.705s] -- Up-to-date: /root/Shared/MIAPR_Projekt/install/mesh_msgs/include/mesh_msgs/mesh_msgs/msg/detail/mesh_vertex_colors__functions.h
[0.706s] -- Up-to-date: /root/Shared/MIAPR_Projekt/install/mesh_msgs/include/mesh_msgs/mesh_msgs/msg/detail/mesh_geometry_stamped__description.c
[0.706s] -- Up-to-date: /root/Shared/MIAPR_Projekt/install/mesh_msgs/include/mesh_msgs/mesh_msgs/msg/detail/mesh_materials__description.c
[0.706s] -- Up-to-date: /root/Shared/MIAPR_Projekt/install/mesh_msgs/include/mesh_msgs/mesh_msgs/msg/detail/vector_field__struct.h
[0.706s] -- Installing: /root/Shared/MIAPR_Projekt/install/mesh_msgs/include/mesh_msgs/mesh_msgs/msg/detail/mesh_vertex_costs_stamped__type_support.c
[0.706s] -- Up-to-date: /root/Shared/MIAPR_Projekt/install/mesh_msgs/include/mesh_msgs/mesh_msgs/msg/detail/mesh_triangle_indices__struct.h
[0.706s] -- Up-to-date: /root/Shared/MIAPR_Projekt/install/mesh_msgs/include/mesh_msgs/mesh_msgs/msg/detail/mesh_vertex_costs_sparse_stamped__type_support.h
[0.706s] -- Up-to-date: /root/Shared/MIAPR_Projekt/install/mesh_msgs/include/mesh_msgs/mesh_msgs/msg/detail/mesh_vertex_costs_sparse__functions.h
[0.706s] -- Up-to-date: /root/Shared/MIAPR_Projekt/install/mesh_msgs/include/mesh_msgs/mesh_msgs/msg/detail/vector_field__functions.c
[0.706s] -- Up-to-date: /root/Shared/MIAPR_Projekt/install/mesh_msgs/include/mesh_msgs/mesh_msgs/msg/detail/mesh_face_cluster_stamped__description.c
[0.707s] -- Up-to-date: /root/Shared/MIAPR_Projekt/install/mesh_msgs/include/mesh_msgs/mesh_msgs/msg/detail/mesh_materials__struct.h
[0.707s] -- Up-to-date: /root/Shared/MIAPR_Projekt/install/mesh_msgs/include/mesh_msgs/mesh_msgs/msg/detail/mesh_face_cluster__struct.h
[0.707s] -- Up-to-date: /root/Shared/MIAPR_Projekt/install/mesh_msgs/include/mesh_msgs/mesh_msgs/msg/detail/vector_field_stamped__functions.c
[0.707s] -- Up-to-date: /root/Shared/MIAPR_Projekt/install/mesh_msgs/include/mesh_msgs/mesh_msgs/msg/detail/mesh_geometry_stamped__type_support.h
[0.707s] -- Up-to-date: /root/Shared/MIAPR_Projekt/install/mesh_msgs/include/mesh_msgs/mesh_msgs/msg/detail/mesh_vertex_costs__functions.c
[0.707s] -- Installing: /root/Shared/MIAPR_Projekt/install/mesh_msgs/include/mesh_msgs/mesh_msgs/msg/detail/mesh_vertex_costs_sparse_stamped__type_support.c
[0.707s] -- Up-to-date: /root/Shared/MIAPR_Projekt/install/mesh_msgs/include/mesh_msgs/mesh_msgs/msg/detail/mesh_vertex_costs__description.c
[0.707s] -- Up-to-date: /root/Shared/MIAPR_Projekt/install/mesh_msgs/include/mesh_msgs/mesh_msgs/msg/detail/mesh_material__description.c
[0.707s] -- Up-to-date: /root/Shared/MIAPR_Projekt/install/mesh_msgs/include/mesh_msgs/mesh_msgs/msg/detail/vector_field_stamped__functions.h
[0.707s] -- Up-to-date: /root/Shared/MIAPR_Projekt/install/mesh_msgs/include/mesh_msgs/mesh_msgs/msg/detail/mesh_vertex_costs_stamped__description.c
[0.707s] -- Up-to-date: /root/Shared/MIAPR_Projekt/install/mesh_msgs/include/mesh_msgs/mesh_msgs/msg/detail/mesh_vertex_tex_coords__struct.h
[0.708s] -- Up-to-date: /root/Shared/MIAPR_Projekt/install/mesh_msgs/include/mesh_msgs/mesh_msgs/msg/detail/mesh_geometry_stamped__struct.h
[0.708s] -- Up-to-date: /root/Shared/MIAPR_Projekt/install/mesh_msgs/include/mesh_msgs/mesh_msgs/msg/detail/mesh_face_cluster__description.c
[0.708s] -- Up-to-date: /root/Shared/MIAPR_Projekt/install/mesh_msgs/include/mesh_msgs/mesh_msgs/msg/detail/mesh_geometry__struct.h
[0.708s] -- Installing: /root/Shared/MIAPR_Projekt/install/mesh_msgs/include/mesh_msgs/mesh_msgs/msg/detail/mesh_face_cluster_stamped__type_support.c
[0.708s] -- Installing: /root/Shared/MIAPR_Projekt/install/mesh_msgs/include/mesh_msgs/mesh_msgs/msg/detail/mesh_vertex_colors__type_support.c
[0.708s] -- Up-to-date: /root/Shared/MIAPR_Projekt/install/mesh_msgs/include/mesh_msgs/mesh_msgs/msg/detail/mesh_material__type_support.h
[0.708s] -- Installing: /root/Shared/MIAPR_Projekt/install/mesh_msgs/include/mesh_msgs/mesh_msgs/msg/detail/mesh_materials_stamped__type_support.c
[0.708s] -- Up-to-date: /root/Shared/MIAPR_Projekt/install/mesh_msgs/include/mesh_msgs/mesh_msgs/msg/detail/mesh_vertex_colors__struct.h
[0.709s] -- Up-to-date: /root/Shared/MIAPR_Projekt/install/mesh_msgs/include/mesh_msgs/mesh_msgs/msg/detail/mesh_triangle_indices__functions.h
[0.709s] -- Installing: /root/Shared/MIAPR_Projekt/install/mesh_msgs/include/mesh_msgs/mesh_msgs/msg/detail/mesh_face_cluster__type_support.c
[0.709s] -- Up-to-date: /root/Shared/MIAPR_Projekt/install/mesh_msgs/include/mesh_msgs/mesh_msgs/msg/detail/mesh_geometry_stamped__functions.h
[0.709s] -- Up-to-date: /root/Shared/MIAPR_Projekt/install/mesh_msgs/include/mesh_msgs/mesh_msgs/msg/mesh_face_cluster_stamped.h
[0.709s] -- Up-to-date: /root/Shared/MIAPR_Projekt/install/mesh_msgs/include/mesh_msgs/mesh_msgs/msg/mesh_vertex_costs.h
[0.709s] -- Up-to-date: /root/Shared/MIAPR_Projekt/install/mesh_msgs/include/mesh_msgs/mesh_msgs/msg/mesh_triangle_indices.h
[0.709s] -- Up-to-date: /root/Shared/MIAPR_Projekt/install/mesh_msgs/include/mesh_msgs/mesh_msgs/msg/mesh_geometry_stamped.h
[0.709s] -- Up-to-date: /root/Shared/MIAPR_Projekt/install/mesh_msgs/include/mesh_msgs/mesh_msgs/msg/mesh_vertex_tex_coords.h
[0.710s] -- Up-to-date: /root/Shared/MIAPR_Projekt/install/mesh_msgs/include/mesh_msgs/mesh_msgs/msg/mesh_vertex_colors.h
[0.710s] -- Up-to-date: /root/Shared/MIAPR_Projekt/install/mesh_msgs/include/mesh_msgs/mesh_msgs/msg/rosidl_generator_c__visibility_control.h
[0.710s] -- Up-to-date: /root/Shared/MIAPR_Projekt/install/mesh_msgs/include/mesh_msgs/mesh_msgs/srv
[0.710s] -- Up-to-date: /root/Shared/MIAPR_Projekt/install/mesh_msgs/include/mesh_msgs/mesh_msgs/srv/get_texture.h
[0.710s] -- Up-to-date: /root/Shared/MIAPR_Projekt/install/mesh_msgs/include/mesh_msgs/mesh_msgs/srv/get_uui_ds.h
[0.710s] -- Up-to-date: /root/Shared/MIAPR_Projekt/install/mesh_msgs/include/mesh_msgs/mesh_msgs/srv/get_geometry.h
[0.710s] -- Up-to-date: /root/Shared/MIAPR_Projekt/install/mesh_msgs/include/mesh_msgs/mesh_msgs/srv/get_vertex_cost_layers.h
[0.710s] -- Up-to-date: /root/Shared/MIAPR_Projekt/install/mesh_msgs/include/mesh_msgs/mesh_msgs/srv/get_vertex_costs.h
[0.710s] -- Up-to-date: /root/Shared/MIAPR_Projekt/install/mesh_msgs/include/mesh_msgs/mesh_msgs/srv/detail
[0.711s] -- Up-to-date: /root/Shared/MIAPR_Projekt/install/mesh_msgs/include/mesh_msgs/mesh_msgs/srv/detail/get_geometry__type_support.h
[0.711s] -- Up-to-date: /root/Shared/MIAPR_Projekt/install/mesh_msgs/include/mesh_msgs/mesh_msgs/srv/detail/get_vertex_costs__functions.h
[0.711s] -- Up-to-date: /root/Shared/MIAPR_Projekt/install/mesh_msgs/include/mesh_msgs/mesh_msgs/srv/detail/get_uui_ds__type_support.h
[0.711s] -- Up-to-date: /root/Shared/MIAPR_Projekt/install/mesh_msgs/include/mesh_msgs/mesh_msgs/srv/detail/get_vertex_colors__functions.h
[0.711s] -- Up-to-date: /root/Shared/MIAPR_Projekt/install/mesh_msgs/include/mesh_msgs/mesh_msgs/srv/detail/get_geometry__description.c
[0.711s] -- Up-to-date: /root/Shared/MIAPR_Projekt/install/mesh_msgs/include/mesh_msgs/mesh_msgs/srv/detail/get_uui_ds__description.c
[0.711s] -- Up-to-date: /root/Shared/MIAPR_Projekt/install/mesh_msgs/include/mesh_msgs/mesh_msgs/srv/detail/get_vertex_colors__functions.c
[0.712s] -- Installing: /root/Shared/MIAPR_Projekt/install/mesh_msgs/include/mesh_msgs/mesh_msgs/srv/detail/get_texture__type_support.c
[0.712s] -- Up-to-date: /root/Shared/MIAPR_Projekt/install/mesh_msgs/include/mesh_msgs/mesh_msgs/srv/detail/get_vertex_costs__functions.c
[0.712s] -- Up-to-date: /root/Shared/MIAPR_Projekt/install/mesh_msgs/include/mesh_msgs/mesh_msgs/srv/detail/get_texture__description.c
[0.712s] -- Up-to-date: /root/Shared/MIAPR_Projekt/install/mesh_msgs/include/mesh_msgs/mesh_msgs/srv/detail/get_uui_ds__functions.c
[0.712s] -- Installing: /root/Shared/MIAPR_Projekt/install/mesh_msgs/include/mesh_msgs/mesh_msgs/srv/detail/get_vertex_costs__type_support.c
[0.712s] -- Up-to-date: /root/Shared/MIAPR_Projekt/install/mesh_msgs/include/mesh_msgs/mesh_msgs/srv/detail/get_vertex_colors__type_support.h
[0.712s] -- Up-to-date: /root/Shared/MIAPR_Projekt/install/mesh_msgs/include/mesh_msgs/mesh_msgs/srv/detail/get_vertex_cost_layers__description.c
[0.712s] -- Up-to-date: /root/Shared/MIAPR_Projekt/install/mesh_msgs/include/mesh_msgs/mesh_msgs/srv/detail/get_materials__functions.c
[0.712s] -- Up-to-date: /root/Shared/MIAPR_Projekt/install/mesh_msgs/include/mesh_msgs/mesh_msgs/srv/detail/get_labeled_clusters__description.c
[0.713s] -- Up-to-date: /root/Shared/MIAPR_Projekt/install/mesh_msgs/include/mesh_msgs/mesh_msgs/srv/detail/get_texture__struct.h
[0.713s] -- Up-to-date: /root/Shared/MIAPR_Projekt/install/mesh_msgs/include/mesh_msgs/mesh_msgs/srv/detail/get_materials__type_support.h
[0.713s] -- Up-to-date: /root/Shared/MIAPR_Projekt/install/mesh_msgs/include/mesh_msgs/mesh_msgs/srv/detail/get_vertex_costs__type_support.h
[0.713s] -- Installing: /root/Shared/MIAPR_Projekt/install/mesh_msgs/include/mesh_msgs/mesh_msgs/srv/detail/get_labeled_clusters__type_support.c
[0.713s] -- Up-to-date: /root/Shared/MIAPR_Projekt/install/mesh_msgs/include/mesh_msgs/mesh_msgs/srv/detail/get_vertex_colors__description.c
[0.713s] -- Up-to-date: /root/Shared/MIAPR_Projekt/install/mesh_msgs/include/mesh_msgs/mesh_msgs/srv/detail/get_labeled_clusters__type_support.h
[0.713s] -- Installing: /root/Shared/MIAPR_Projekt/install/mesh_msgs/include/mesh_msgs/mesh_msgs/srv/detail/get_materials__type_support.c
[0.714s] -- Installing: /root/Shared/MIAPR_Projekt/install/mesh_msgs/include/mesh_msgs/mesh_msgs/srv/detail/get_uui_ds__type_support.c
[0.714s] -- Up-to-date: /root/Shared/MIAPR_Projekt/install/mesh_msgs/include/mesh_msgs/mesh_msgs/srv/detail/get_vertex_colors__struct.h
[0.714s] -- Up-to-date: /root/Shared/MIAPR_Projekt/install/mesh_msgs/include/mesh_msgs/mesh_msgs/srv/detail/get_geometry__functions.c
[0.714s] -- Up-to-date: /root/Shared/MIAPR_Projekt/install/mesh_msgs/include/mesh_msgs/mesh_msgs/srv/detail/get_labeled_clusters__functions.h
[0.714s] -- Up-to-date: /root/Shared/MIAPR_Projekt/install/mesh_msgs/include/mesh_msgs/mesh_msgs/srv/detail/get_geometry__functions.h
[0.714s] -- Up-to-date: /root/Shared/MIAPR_Projekt/install/mesh_msgs/include/mesh_msgs/mesh_msgs/srv/detail/get_vertex_cost_layers__type_support.h
[0.714s] -- Up-to-date: /root/Shared/MIAPR_Projekt/install/mesh_msgs/include/mesh_msgs/mesh_msgs/srv/detail/get_texture__functions.c
[0.715s] -- Up-to-date: /root/Shared/MIAPR_Projekt/install/mesh_msgs/include/mesh_msgs/mesh_msgs/srv/detail/get_materials__functions.h
[0.715s] -- Up-to-date: /root/Shared/MIAPR_Projekt/install/mesh_msgs/include/mesh_msgs/mesh_msgs/srv/detail/get_vertex_costs__description.c
[0.715s] -- Up-to-date: /root/Shared/MIAPR_Projekt/install/mesh_msgs/include/mesh_msgs/mesh_msgs/srv/detail/get_vertex_cost_layers__struct.h
[0.715s] -- Installing: /root/Shared/MIAPR_Projekt/install/mesh_msgs/include/mesh_msgs/mesh_msgs/srv/detail/get_geometry__type_support.c
[0.715s] -- Up-to-date: /root/Shared/MIAPR_Projekt/install/mesh_msgs/include/mesh_msgs/mesh_msgs/srv/detail/get_texture__type_support.h
[0.715s] -- Installing: /root/Shared/MIAPR_Projekt/install/mesh_msgs/include/mesh_msgs/mesh_msgs/srv/detail/get_vertex_colors__type_support.c
[0.715s] -- Up-to-date: /root/Shared/MIAPR_Projekt/install/mesh_msgs/include/mesh_msgs/mesh_msgs/srv/detail/get_materials__description.c
[0.716s] -- Up-to-date: /root/Shared/MIAPR_Projekt/install/mesh_msgs/include/mesh_msgs/mesh_msgs/srv/detail/get_materials__struct.h
[0.716s] -- Up-to-date: /root/Shared/MIAPR_Projekt/install/mesh_msgs/include/mesh_msgs/mesh_msgs/srv/detail/get_vertex_cost_layers__functions.h
[0.716s] -- Up-to-date: /root/Shared/MIAPR_Projekt/install/mesh_msgs/include/mesh_msgs/mesh_msgs/srv/detail/get_uui_ds__functions.h
[0.716s] -- Up-to-date: /root/Shared/MIAPR_Projekt/install/mesh_msgs/include/mesh_msgs/mesh_msgs/srv/detail/get_texture__functions.h
[0.716s] -- Up-to-date: /root/Shared/MIAPR_Projekt/install/mesh_msgs/include/mesh_msgs/mesh_msgs/srv/detail/get_labeled_clusters__struct.h
[0.716s] -- Up-to-date: /root/Shared/MIAPR_Projekt/install/mesh_msgs/include/mesh_msgs/mesh_msgs/srv/detail/get_uui_ds__struct.h
[0.716s] -- Up-to-date: /root/Shared/MIAPR_Projekt/install/mesh_msgs/include/mesh_msgs/mesh_msgs/srv/detail/get_vertex_cost_layers__functions.c
[0.716s] -- Up-to-date: /root/Shared/MIAPR_Projekt/install/mesh_msgs/include/mesh_msgs/mesh_msgs/srv/detail/get_geometry__struct.h
[0.716s] -- Up-to-date: /root/Shared/MIAPR_Projekt/install/mesh_msgs/include/mesh_msgs/mesh_msgs/srv/detail/get_labeled_clusters__functions.c
[0.716s] -- Up-to-date: /root/Shared/MIAPR_Projekt/install/mesh_msgs/include/mesh_msgs/mesh_msgs/srv/detail/get_vertex_costs__struct.h
[0.717s] -- Installing: /root/Shared/MIAPR_Projekt/install/mesh_msgs/include/mesh_msgs/mesh_msgs/srv/detail/get_vertex_cost_layers__type_support.c
[0.717s] -- Up-to-date: /root/Shared/MIAPR_Projekt/install/mesh_msgs/include/mesh_msgs/mesh_msgs/srv/get_labeled_clusters.h
[0.717s] -- Up-to-date: /root/Shared/MIAPR_Projekt/install/mesh_msgs/include/mesh_msgs/mesh_msgs/srv/get_materials.h
[0.717s] -- Up-to-date: /root/Shared/MIAPR_Projekt/install/mesh_msgs/include/mesh_msgs/mesh_msgs/srv/get_vertex_colors.h
[0.717s] -- Up-to-date: /root/Shared/MIAPR_Projekt/install/mesh_msgs/share/mesh_msgs/environment/library_path.sh
[0.717s] -- Up-to-date: /root/Shared/MIAPR_Projekt/install/mesh_msgs/share/mesh_msgs/environment/library_path.dsv
[0.717s] -- Up-to-date: /root/Shared/MIAPR_Projekt/install/mesh_msgs/lib/libmesh_msgs__rosidl_generator_c.so
[0.717s] -- Up-to-date: /root/Shared/MIAPR_Projekt/install/mesh_msgs/include/mesh_msgs/mesh_msgs
[0.717s] -- Up-to-date: /root/Shared/MIAPR_Projekt/install/mesh_msgs/include/mesh_msgs/mesh_msgs/msg
[0.718s] -- Up-to-date: /root/Shared/MIAPR_Projekt/install/mesh_msgs/include/mesh_msgs/mesh_msgs/msg/detail
[0.718s] -- Up-to-date: /root/Shared/MIAPR_Projekt/install/mesh_msgs/include/mesh_msgs/mesh_msgs/msg/detail/mesh_texture__rosidl_typesupport_fastrtps_c.h
[0.718s] -- Up-to-date: /root/Shared/MIAPR_Projekt/install/mesh_msgs/include/mesh_msgs/mesh_msgs/msg/detail/mesh_face_cluster__rosidl_typesupport_fastrtps_c.h
[0.718s] -- Up-to-date: /root/Shared/MIAPR_Projekt/install/mesh_msgs/include/mesh_msgs/mesh_msgs/msg/detail/mesh_vertex_costs_sparse__rosidl_typesupport_fastrtps_c.h
[0.718s] -- Up-to-date: /root/Shared/MIAPR_Projekt/install/mesh_msgs/include/mesh_msgs/mesh_msgs/msg/detail/vector_field__rosidl_typesupport_fastrtps_c.h
[0.718s] -- Up-to-date: /root/Shared/MIAPR_Projekt/install/mesh_msgs/include/mesh_msgs/mesh_msgs/msg/detail/mesh_face_cluster_stamped__rosidl_typesupport_fastrtps_c.h
[0.718s] -- Up-to-date: /root/Shared/MIAPR_Projekt/install/mesh_msgs/include/mesh_msgs/mesh_msgs/msg/detail/mesh_vertex_costs__rosidl_typesupport_fastrtps_c.h
[0.718s] -- Up-to-date: /root/Shared/MIAPR_Projekt/install/mesh_msgs/include/mesh_msgs/mesh_msgs/msg/detail/mesh_vertex_costs_sparse_stamped__rosidl_typesupport_fastrtps_c.h
[0.719s] -- Up-to-date: /root/Shared/MIAPR_Projekt/install/mesh_msgs/include/mesh_msgs/mesh_msgs/msg/detail/mesh_materials_stamped__rosidl_typesupport_fastrtps_c.h
[0.719s] -- Up-to-date: /root/Shared/MIAPR_Projekt/install/mesh_msgs/include/mesh_msgs/mesh_msgs/msg/detail/mesh_geometry_stamped__rosidl_typesupport_fastrtps_c.h
[0.719s] -- Up-to-date: /root/Shared/MIAPR_Projekt/install/mesh_msgs/include/mesh_msgs/mesh_msgs/msg/detail/mesh_vertex_colors__rosidl_typesupport_fastrtps_c.h
[0.719s] -- Up-to-date: /root/Shared/MIAPR_Projekt/install/mesh_msgs/include/mesh_msgs/mesh_msgs/msg/detail/mesh_geometry__rosidl_typesupport_fastrtps_c.h
[0.719s] -- Up-to-date: /root/Shared/MIAPR_Projekt/install/mesh_msgs/include/mesh_msgs/mesh_msgs/msg/detail/mesh_triangle_indices__rosidl_typesupport_fastrtps_c.h
[0.719s] -- Up-to-date: /root/Shared/MIAPR_Projekt/install/mesh_msgs/include/mesh_msgs/mesh_msgs/msg/detail/mesh_vertex_tex_coords__rosidl_typesupport_fastrtps_c.h
[0.719s] -- Up-to-date: /root/Shared/MIAPR_Projekt/install/mesh_msgs/include/mesh_msgs/mesh_msgs/msg/detail/mesh_materials__rosidl_typesupport_fastrtps_c.h
[0.719s] -- Up-to-date: /root/Shared/MIAPR_Projekt/install/mesh_msgs/include/mesh_msgs/mesh_msgs/msg/detail/mesh_material__rosidl_typesupport_fastrtps_c.h
[0.720s] -- Up-to-date: /root/Shared/MIAPR_Projekt/install/mesh_msgs/include/mesh_msgs/mesh_msgs/msg/detail/mesh_vertex_colors_stamped__rosidl_typesupport_fastrtps_c.h
[0.720s] -- Up-to-date: /root/Shared/MIAPR_Projekt/install/mesh_msgs/include/mesh_msgs/mesh_msgs/msg/detail/mesh_vertex_costs_stamped__rosidl_typesupport_fastrtps_c.h
[0.720s] -- Up-to-date: /root/Shared/MIAPR_Projekt/install/mesh_msgs/include/mesh_msgs/mesh_msgs/msg/detail/vector_field_stamped__rosidl_typesupport_fastrtps_c.h
[0.720s] -- Up-to-date: /root/Shared/MIAPR_Projekt/install/mesh_msgs/include/mesh_msgs/mesh_msgs/msg/rosidl_typesupport_fastrtps_c__visibility_control.h
[0.720s] -- Up-to-date: /root/Shared/MIAPR_Projekt/install/mesh_msgs/include/mesh_msgs/mesh_msgs/srv
[0.720s] -- Up-to-date: /root/Shared/MIAPR_Projekt/install/mesh_msgs/include/mesh_msgs/mesh_msgs/srv/detail
[0.720s] -- Up-to-date: /root/Shared/MIAPR_Projekt/install/mesh_msgs/include/mesh_msgs/mesh_msgs/srv/detail/get_geometry__rosidl_typesupport_fastrtps_c.h
[0.721s] -- Up-to-date: /root/Shared/MIAPR_Projekt/install/mesh_msgs/include/mesh_msgs/mesh_msgs/srv/detail/get_uui_ds__rosidl_typesupport_fastrtps_c.h
[0.721s] -- Up-to-date: /root/Shared/MIAPR_Projekt/install/mesh_msgs/include/mesh_msgs/mesh_msgs/srv/detail/get_materials__rosidl_typesupport_fastrtps_c.h
[0.721s] -- Up-to-date: /root/Shared/MIAPR_Projekt/install/mesh_msgs/include/mesh_msgs/mesh_msgs/srv/detail/get_labeled_clusters__rosidl_typesupport_fastrtps_c.h
[0.721s] -- Up-to-date: /root/Shared/MIAPR_Projekt/install/mesh_msgs/include/mesh_msgs/mesh_msgs/srv/detail/get_texture__rosidl_typesupport_fastrtps_c.h
[0.721s] -- Up-to-date: /root/Shared/MIAPR_Projekt/install/mesh_msgs/include/mesh_msgs/mesh_msgs/srv/detail/get_vertex_cost_layers__rosidl_typesupport_fastrtps_c.h
[0.721s] -- Up-to-date: /root/Shared/MIAPR_Projekt/install/mesh_msgs/include/mesh_msgs/mesh_msgs/srv/detail/get_vertex_colors__rosidl_typesupport_fastrtps_c.h
[0.721s] -- Up-to-date: /root/Shared/MIAPR_Projekt/install/mesh_msgs/include/mesh_msgs/mesh_msgs/srv/detail/get_vertex_costs__rosidl_typesupport_fastrtps_c.h
[0.722s] -- Up-to-date: /root/Shared/MIAPR_Projekt/install/mesh_msgs/lib/libmesh_msgs__rosidl_typesupport_fastrtps_c.so
[0.722s] -- Up-to-date: /root/Shared/MIAPR_Projekt/install/mesh_msgs/include/mesh_msgs/mesh_msgs
[0.722s] -- Up-to-date: /root/Shared/MIAPR_Projekt/install/mesh_msgs/include/mesh_msgs/mesh_msgs/msg
[0.722s] -- Up-to-date: /root/Shared/MIAPR_Projekt/install/mesh_msgs/include/mesh_msgs/mesh_msgs/msg/rosidl_typesupport_introspection_c__visibility_control.h
[0.722s] -- Up-to-date: /root/Shared/MIAPR_Projekt/install/mesh_msgs/include/mesh_msgs/mesh_msgs/msg/detail
[0.722s] -- Up-to-date: /root/Shared/MIAPR_Projekt/install/mesh_msgs/include/mesh_msgs/mesh_msgs/msg/detail/mesh_vertex_costs_sparse__rosidl_typesupport_introspection_c.h
[0.722s] -- Installing: /root/Shared/MIAPR_Projekt/install/mesh_msgs/include/mesh_msgs/mesh_msgs/msg/detail/mesh_vertex_tex_coords__type_support.c
[0.722s] -- Up-to-date: /root/Shared/MIAPR_Projekt/install/mesh_msgs/include/mesh_msgs/mesh_msgs/msg/detail/mesh_face_cluster_stamped__rosidl_typesupport_introspection_c.h
[0.722s] -- Up-to-date: /root/Shared/MIAPR_Projekt/install/mesh_msgs/include/mesh_msgs/mesh_msgs/msg/detail/mesh_texture__rosidl_typesupport_introspection_c.h
[0.723s] -- Installing: /root/Shared/MIAPR_Projekt/install/mesh_msgs/include/mesh_msgs/mesh_msgs/msg/detail/mesh_materials__type_support.c
[0.723s] -- Installing: /root/Shared/MIAPR_Projekt/install/mesh_msgs/include/mesh_msgs/mesh_msgs/msg/detail/mesh_vertex_costs_sparse__type_support.c
[0.723s] -- Installing: /root/Shared/MIAPR_Projekt/install/mesh_msgs/include/mesh_msgs/mesh_msgs/msg/detail/vector_field__type_support.c
[0.723s] -- Up-to-date: /root/Shared/MIAPR_Projekt/install/mesh_msgs/include/mesh_msgs/mesh_msgs/msg/detail/mesh_vertex_costs__rosidl_typesupport_introspection_c.h
[0.723s] -- Up-to-date: /root/Shared/MIAPR_Projekt/install/mesh_msgs/include/mesh_msgs/mesh_msgs/msg/detail/mesh_geometry__rosidl_typesupport_introspection_c.h
[0.723s] -- Installing: /root/Shared/MIAPR_Projekt/install/mesh_msgs/include/mesh_msgs/mesh_msgs/msg/detail/mesh_triangle_indices__type_support.c
[0.723s] -- Installing: /root/Shared/MIAPR_Projekt/install/mesh_msgs/include/mesh_msgs/mesh_msgs/msg/detail/mesh_vertex_costs__type_support.c
[0.723s] -- Installing: /root/Shared/MIAPR_Projekt/install/mesh_msgs/include/mesh_msgs/mesh_msgs/msg/detail/mesh_material__type_support.c
[0.724s] -- Installing: /root/Shared/MIAPR_Projekt/install/mesh_msgs/include/mesh_msgs/mesh_msgs/msg/detail/mesh_geometry_stamped__type_support.c
[0.724s] -- Up-to-date: /root/Shared/MIAPR_Projekt/install/mesh_msgs/include/mesh_msgs/mesh_msgs/msg/detail/mesh_material__rosidl_typesupport_introspection_c.h
[0.724s] -- Up-to-date: /root/Shared/MIAPR_Projekt/install/mesh_msgs/include/mesh_msgs/mesh_msgs/msg/detail/mesh_triangle_indices__rosidl_typesupport_introspection_c.h
[0.724s] -- Up-to-date: /root/Shared/MIAPR_Projekt/install/mesh_msgs/include/mesh_msgs/mesh_msgs/msg/detail/mesh_vertex_colors_stamped__rosidl_typesupport_introspection_c.h
[0.724s] -- Up-to-date: /root/Shared/MIAPR_Projekt/install/mesh_msgs/include/mesh_msgs/mesh_msgs/msg/detail/mesh_materials_stamped__rosidl_typesupport_introspection_c.h
[0.724s] -- Up-to-date: /root/Shared/MIAPR_Projekt/install/mesh_msgs/include/mesh_msgs/mesh_msgs/msg/detail/mesh_vertex_costs_stamped__rosidl_typesupport_introspection_c.h
[0.724s] -- Up-to-date: /root/Shared/MIAPR_Projekt/install/mesh_msgs/include/mesh_msgs/mesh_msgs/msg/detail/mesh_vertex_costs_sparse_stamped__rosidl_typesupport_introspection_c.h
[0.724s] -- Installing: /root/Shared/MIAPR_Projekt/install/mesh_msgs/include/mesh_msgs/mesh_msgs/msg/detail/mesh_vertex_colors_stamped__type_support.c
[0.724s] -- Up-to-date: /root/Shared/MIAPR_Projekt/install/mesh_msgs/include/mesh_msgs/mesh_msgs/msg/detail/vector_field__rosidl_typesupport_introspection_c.h
[0.725s] -- Installing: /root/Shared/MIAPR_Projekt/install/mesh_msgs/include/mesh_msgs/mesh_msgs/msg/detail/vector_field_stamped__type_support.c
[0.725s] -- Installing: /root/Shared/MIAPR_Projekt/install/mesh_msgs/include/mesh_msgs/mesh_msgs/msg/detail/mesh_geometry__type_support.c
[0.725s] -- Installing: /root/Shared/MIAPR_Projekt/install/mesh_msgs/include/mesh_msgs/mesh_msgs/msg/detail/mesh_texture__type_support.c
[0.725s] -- Installing: /root/Shared/MIAPR_Projekt/install/mesh_msgs/include/mesh_msgs/mesh_msgs/msg/detail/mesh_vertex_costs_stamped__type_support.c
[0.725s] -- Up-to-date: /root/Shared/MIAPR_Projekt/install/mesh_msgs/include/mesh_msgs/mesh_msgs/msg/detail/mesh_materials__rosidl_typesupport_introspection_c.h
[0.725s] -- Up-to-date: /root/Shared/MIAPR_Projekt/install/mesh_msgs/include/mesh_msgs/mesh_msgs/msg/detail/mesh_geometry_stamped__rosidl_typesupport_introspection_c.h
[0.725s] -- Up-to-date: /root/Shared/MIAPR_Projekt/install/mesh_msgs/include/mesh_msgs/mesh_msgs/msg/detail/mesh_vertex_colors__rosidl_typesupport_introspection_c.h
[0.726s] -- Installing: /root/Shared/MIAPR_Projekt/install/mesh_msgs/include/mesh_msgs/mesh_msgs/msg/detail/mesh_vertex_costs_sparse_stamped__type_support.c
[0.726s] -- Up-to-date: /root/Shared/MIAPR_Projekt/install/mesh_msgs/include/mesh_msgs/mesh_msgs/msg/detail/vector_field_stamped__rosidl_typesupport_introspection_c.h
[0.726s] -- Installing: /root/Shared/MIAPR_Projekt/install/mesh_msgs/include/mesh_msgs/mesh_msgs/msg/detail/mesh_face_cluster_stamped__type_support.c
[0.726s] -- Installing: /root/Shared/MIAPR_Projekt/install/mesh_msgs/include/mesh_msgs/mesh_msgs/msg/detail/mesh_vertex_colors__type_support.c
[0.726s] -- Installing: /root/Shared/MIAPR_Projekt/install/mesh_msgs/include/mesh_msgs/mesh_msgs/msg/detail/mesh_materials_stamped__type_support.c
[0.726s] -- Up-to-date: /root/Shared/MIAPR_Projekt/install/mesh_msgs/include/mesh_msgs/mesh_msgs/msg/detail/mesh_face_cluster__rosidl_typesupport_introspection_c.h
[0.726s] -- Up-to-date: /root/Shared/MIAPR_Projekt/install/mesh_msgs/include/mesh_msgs/mesh_msgs/msg/detail/mesh_vertex_tex_coords__rosidl_typesupport_introspection_c.h
[0.726s] -- Installing: /root/Shared/MIAPR_Projekt/install/mesh_msgs/include/mesh_msgs/mesh_msgs/msg/detail/mesh_face_cluster__type_support.c
[0.727s] -- Up-to-date: /root/Shared/MIAPR_Projekt/install/mesh_msgs/include/mesh_msgs/mesh_msgs/srv
[0.727s] -- Up-to-date: /root/Shared/MIAPR_Projekt/install/mesh_msgs/include/mesh_msgs/mesh_msgs/srv/detail
[0.727s] -- Up-to-date: /root/Shared/MIAPR_Projekt/install/mesh_msgs/include/mesh_msgs/mesh_msgs/srv/detail/get_vertex_costs__rosidl_typesupport_introspection_c.h
[0.727s] -- Installing: /root/Shared/MIAPR_Projekt/install/mesh_msgs/include/mesh_msgs/mesh_msgs/srv/detail/get_texture__type_support.c
[0.728s] -- Installing: /root/Shared/MIAPR_Projekt/install/mesh_msgs/include/mesh_msgs/mesh_msgs/srv/detail/get_vertex_costs__type_support.c
[0.728s] -- Installing: /root/Shared/MIAPR_Projekt/install/mesh_msgs/include/mesh_msgs/mesh_msgs/srv/detail/get_labeled_clusters__type_support.c
[0.730s] -- Installing: /root/Shared/MIAPR_Projekt/install/mesh_msgs/include/mesh_msgs/mesh_msgs/srv/detail/get_materials__type_support.c
[0.730s] -- Installing: /root/Shared/MIAPR_Projekt/install/mesh_msgs/include/mesh_msgs/mesh_msgs/srv/detail/get_uui_ds__type_support.c
[0.730s] -- Up-to-date: /root/Shared/MIAPR_Projekt/install/mesh_msgs/include/mesh_msgs/mesh_msgs/srv/detail/get_labeled_clusters__rosidl_typesupport_introspection_c.h
[0.730s] -- Up-to-date: /root/Shared/MIAPR_Projekt/install/mesh_msgs/include/mesh_msgs/mesh_msgs/srv/detail/get_geometry__rosidl_typesupport_introspection_c.h
[0.730s] -- Up-to-date: /root/Shared/MIAPR_Projekt/install/mesh_msgs/include/mesh_msgs/mesh_msgs/srv/detail/get_vertex_colors__rosidl_typesupport_introspection_c.h
[0.730s] -- Installing: /root/Shared/MIAPR_Projekt/install/mesh_msgs/include/mesh_msgs/mesh_msgs/srv/detail/get_geometry__type_support.c
[0.731s] -- Installing: /root/Shared/MIAPR_Projekt/install/mesh_msgs/include/mesh_msgs/mesh_msgs/srv/detail/get_vertex_colors__type_support.c
[0.731s] -- Up-to-date: /root/Shared/MIAPR_Projekt/install/mesh_msgs/include/mesh_msgs/mesh_msgs/srv/detail/get_uui_ds__rosidl_typesupport_introspection_c.h
[0.731s] -- Up-to-date: /root/Shared/MIAPR_Projekt/install/mesh_msgs/include/mesh_msgs/mesh_msgs/srv/detail/get_texture__rosidl_typesupport_introspection_c.h
[0.732s] -- Up-to-date: /root/Shared/MIAPR_Projekt/install/mesh_msgs/include/mesh_msgs/mesh_msgs/srv/detail/get_vertex_cost_layers__rosidl_typesupport_introspection_c.h
[0.732s] -- Up-to-date: /root/Shared/MIAPR_Projekt/install/mesh_msgs/include/mesh_msgs/mesh_msgs/srv/detail/get_materials__rosidl_typesupport_introspection_c.h
[0.732s] -- Installing: /root/Shared/MIAPR_Projekt/install/mesh_msgs/include/mesh_msgs/mesh_msgs/srv/detail/get_vertex_cost_layers__type_support.c
[0.732s] -- Up-to-date: /root/Shared/MIAPR_Projekt/install/mesh_msgs/lib/libmesh_msgs__rosidl_typesupport_introspection_c.so
[0.732s] -- Up-to-date: /root/Shared/MIAPR_Projekt/install/mesh_msgs/lib/libmesh_msgs__rosidl_typesupport_c.so
[0.732s] -- Up-to-date: /root/Shared/MIAPR_Projekt/install/mesh_msgs/include/mesh_msgs/mesh_msgs
[0.732s] -- Up-to-date: /root/Shared/MIAPR_Projekt/install/mesh_msgs/include/mesh_msgs/mesh_msgs/msg
[0.732s] -- Up-to-date: /root/Shared/MIAPR_Projekt/install/mesh_msgs/include/mesh_msgs/mesh_msgs/msg/mesh_vertex_costs.hpp
[0.732s] -- Up-to-date: /root/Shared/MIAPR_Projekt/install/mesh_msgs/include/mesh_msgs/mesh_msgs/msg/vector_field.hpp
[0.733s] -- Up-to-date: /root/Shared/MIAPR_Projekt/install/mesh_msgs/include/mesh_msgs/mesh_msgs/msg/mesh_face_cluster_stamped.hpp
[0.733s] -- Up-to-date: /root/Shared/MIAPR_Projekt/install/mesh_msgs/include/mesh_msgs/mesh_msgs/msg/mesh_vertex_colors.hpp
[0.733s] -- Up-to-date: /root/Shared/MIAPR_Projekt/install/mesh_msgs/include/mesh_msgs/mesh_msgs/msg/mesh_texture.hpp
[0.733s] -- Up-to-date: /root/Shared/MIAPR_Projekt/install/mesh_msgs/include/mesh_msgs/mesh_msgs/msg/mesh_geometry.hpp
[0.733s] -- Up-to-date: /root/Shared/MIAPR_Projekt/install/mesh_msgs/include/mesh_msgs/mesh_msgs/msg/mesh_vertex_costs_sparse_stamped.hpp
[0.733s] -- Up-to-date: /root/Shared/MIAPR_Projekt/install/mesh_msgs/include/mesh_msgs/mesh_msgs/msg/mesh_materials_stamped.hpp
[0.733s] -- Up-to-date: /root/Shared/MIAPR_Projekt/install/mesh_msgs/include/mesh_msgs/mesh_msgs/msg/vector_field_stamped.hpp
[0.733s] -- Up-to-date: /root/Shared/MIAPR_Projekt/install/mesh_msgs/include/mesh_msgs/mesh_msgs/msg/mesh_materials.hpp
[0.733s] -- Up-to-date: /root/Shared/MIAPR_Projekt/install/mesh_msgs/include/mesh_msgs/mesh_msgs/msg/mesh_face_cluster.hpp
[0.733s] -- Up-to-date: /root/Shared/MIAPR_Projekt/install/mesh_msgs/include/mesh_msgs/mesh_msgs/msg/mesh_geometry_stamped.hpp
[0.733s] -- Up-to-date: /root/Shared/MIAPR_Projekt/install/mesh_msgs/include/mesh_msgs/mesh_msgs/msg/mesh_vertex_costs_stamped.hpp
[0.734s] -- Up-to-date: /root/Shared/MIAPR_Projekt/install/mesh_msgs/include/mesh_msgs/mesh_msgs/msg/detail
[0.734s] -- Up-to-date: /root/Shared/MIAPR_Projekt/install/mesh_msgs/include/mesh_msgs/mesh_msgs/msg/detail/mesh_material__struct.hpp
[0.735s] -- Up-to-date: /root/Shared/MIAPR_Projekt/install/mesh_msgs/include/mesh_msgs/mesh_msgs/msg/detail/mesh_geometry_stamped__traits.hpp
[0.735s] -- Up-to-date: /root/Shared/MIAPR_Projekt/install/mesh_msgs/include/mesh_msgs/mesh_msgs/msg/detail/mesh_material__type_support.hpp
[0.735s] -- Up-to-date: /root/Shared/MIAPR_Projekt/install/mesh_msgs/include/mesh_msgs/mesh_msgs/msg/detail/mesh_face_cluster__builder.hpp
[0.735s] -- Up-to-date: /root/Shared/MIAPR_Projekt/install/mesh_msgs/include/mesh_msgs/mesh_msgs/msg/detail/mesh_vertex_colors_stamped__builder.hpp
[0.735s] -- Up-to-date: /root/Shared/MIAPR_Projekt/install/mesh_msgs/include/mesh_msgs/mesh_msgs/msg/detail/mesh_triangle_indices__struct.hpp
[0.735s] -- Up-to-date: /root/Shared/MIAPR_Projekt/install/mesh_msgs/include/mesh_msgs/mesh_msgs/msg/detail/mesh_material__builder.hpp
[0.735s] -- Up-to-date: /root/Shared/MIAPR_Projekt/install/mesh_msgs/include/mesh_msgs/mesh_msgs/msg/detail/mesh_face_cluster_stamped__traits.hpp
[0.736s] -- Up-to-date: /root/Shared/MIAPR_Projekt/install/mesh_msgs/include/mesh_msgs/mesh_msgs/msg/detail/mesh_vertex_colors_stamped__struct.hpp
[0.736s] -- Up-to-date: /root/Shared/MIAPR_Projekt/install/mesh_msgs/include/mesh_msgs/mesh_msgs/msg/detail/mesh_geometry__traits.hpp
[0.736s] -- Up-to-date: /root/Shared/MIAPR_Projekt/install/mesh_msgs/include/mesh_msgs/mesh_msgs/msg/detail/mesh_geometry__builder.hpp
[0.736s] -- Up-to-date: /root/Shared/MIAPR_Projekt/install/mesh_msgs/include/mesh_msgs/mesh_msgs/msg/detail/vector_field_stamped__type_support.hpp
[0.736s] -- Up-to-date: /root/Shared/MIAPR_Projekt/install/mesh_msgs/include/mesh_msgs/mesh_msgs/msg/detail/mesh_materials__struct.hpp
[0.736s] -- Up-to-date: /root/Shared/MIAPR_Projekt/install/mesh_msgs/include/mesh_msgs/mesh_msgs/msg/detail/mesh_vertex_costs__struct.hpp
[0.737s] -- Up-to-date: /root/Shared/MIAPR_Projekt/install/mesh_msgs/include/mesh_msgs/mesh_msgs/msg/detail/mesh_face_cluster_stamped__builder.hpp
[0.737s] -- Up-to-date: /root/Shared/MIAPR_Projekt/install/mesh_msgs/include/mesh_msgs/mesh_msgs/msg/detail/mesh_face_cluster__type_support.hpp
[0.737s] -- Up-to-date: /root/Shared/MIAPR_Projekt/install/mesh_msgs/include/mesh_msgs/mesh_msgs/msg/detail/mesh_vertex_tex_coords__traits.hpp
[0.737s] -- Up-to-date: /root/Shared/MIAPR_Projekt/install/mesh_msgs/include/mesh_msgs/mesh_msgs/msg/detail/mesh_texture__type_support.hpp
[0.737s] -- Up-to-date: /root/Shared/MIAPR_Projekt/install/mesh_msgs/include/mesh_msgs/mesh_msgs/msg/detail/mesh_triangle_indices__traits.hpp
[0.737s] -- Up-to-date: /root/Shared/MIAPR_Projekt/install/mesh_msgs/include/mesh_msgs/mesh_msgs/msg/detail/mesh_geometry_stamped__builder.hpp
[0.737s] -- Up-to-date: /root/Shared/MIAPR_Projekt/install/mesh_msgs/include/mesh_msgs/mesh_msgs/msg/detail/mesh_vertex_costs_sparse__traits.hpp
[0.737s] -- Up-to-date: /root/Shared/MIAPR_Projekt/install/mesh_msgs/include/mesh_msgs/mesh_msgs/msg/detail/mesh_geometry_stamped__type_support.hpp
[0.737s] -- Up-to-date: /root/Shared/MIAPR_Projekt/install/mesh_msgs/include/mesh_msgs/mesh_msgs/msg/detail/mesh_materials__type_support.hpp
[0.738s] -- Up-to-date: /root/Shared/MIAPR_Projekt/install/mesh_msgs/include/mesh_msgs/mesh_msgs/msg/detail/mesh_materials_stamped__struct.hpp
[0.738s] -- Up-to-date: /root/Shared/MIAPR_Projekt/install/mesh_msgs/include/mesh_msgs/mesh_msgs/msg/detail/mesh_vertex_costs_stamped__builder.hpp
[0.738s] -- Up-to-date: /root/Shared/MIAPR_Projekt/install/mesh_msgs/include/mesh_msgs/mesh_msgs/msg/detail/mesh_vertex_costs__traits.hpp
[0.738s] -- Up-to-date: /root/Shared/MIAPR_Projekt/install/mesh_msgs/include/mesh_msgs/mesh_msgs/msg/detail/mesh_texture__traits.hpp
[0.738s] -- Up-to-date: /root/Shared/MIAPR_Projekt/install/mesh_msgs/include/mesh_msgs/mesh_msgs/msg/detail/vector_field_stamped__struct.hpp
[0.738s] -- Up-to-date: /root/Shared/MIAPR_Projekt/install/mesh_msgs/include/mesh_msgs/mesh_msgs/msg/detail/vector_field__struct.hpp
[0.738s] -- Up-to-date: /root/Shared/MIAPR_Projekt/install/mesh_msgs/include/mesh_msgs/mesh_msgs/msg/detail/mesh_vertex_tex_coords__struct.hpp
[0.738s] -- Up-to-date: /root/Shared/MIAPR_Projekt/install/mesh_msgs/include/mesh_msgs/mesh_msgs/msg/detail/mesh_vertex_costs_sparse_stamped__struct.hpp
[0.738s] -- Up-to-date: /root/Shared/MIAPR_Projekt/install/mesh_msgs/include/mesh_msgs/mesh_msgs/msg/detail/mesh_vertex_colors__builder.hpp
[0.738s] -- Up-to-date: /root/Shared/MIAPR_Projekt/install/mesh_msgs/include/mesh_msgs/mesh_msgs/msg/detail/mesh_vertex_colors__type_support.hpp
[0.738s] -- Up-to-date: /root/Shared/MIAPR_Projekt/install/mesh_msgs/include/mesh_msgs/mesh_msgs/msg/detail/mesh_texture__struct.hpp
[0.738s] -- Up-to-date: /root/Shared/MIAPR_Projekt/install/mesh_msgs/include/mesh_msgs/mesh_msgs/msg/detail/mesh_vertex_costs_sparse__builder.hpp
[0.739s] -- Up-to-date: /root/Shared/MIAPR_Projekt/install/mesh_msgs/include/mesh_msgs/mesh_msgs/msg/detail/mesh_vertex_costs_stamped__struct.hpp
[0.739s] -- Up-to-date: /root/Shared/MIAPR_Projekt/install/mesh_msgs/include/mesh_msgs/mesh_msgs/msg/detail/mesh_vertex_costs_sparse__type_support.hpp
[0.739s] -- Up-to-date: /root/Shared/MIAPR_Projekt/install/mesh_msgs/include/mesh_msgs/mesh_msgs/msg/detail/mesh_vertex_costs_sparse_stamped__traits.hpp
[0.739s] -- Up-to-date: /root/Shared/MIAPR_Projekt/install/mesh_msgs/include/mesh_msgs/mesh_msgs/msg/detail/mesh_vertex_colors_stamped__type_support.hpp
[0.739s] -- Up-to-date: /root/Shared/MIAPR_Projekt/install/mesh_msgs/include/mesh_msgs/mesh_msgs/msg/detail/mesh_vertex_colors_stamped__traits.hpp
[0.739s] -- Up-to-date: /root/Shared/MIAPR_Projekt/install/mesh_msgs/include/mesh_msgs/mesh_msgs/msg/detail/mesh_materials__traits.hpp
[0.739s] -- Up-to-date: /root/Shared/MIAPR_Projekt/install/mesh_msgs/include/mesh_msgs/mesh_msgs/msg/detail/mesh_materials_stamped__builder.hpp
[0.739s] -- Up-to-date: /root/Shared/MIAPR_Projekt/install/mesh_msgs/include/mesh_msgs/mesh_msgs/msg/detail/mesh_vertex_costs_stamped__type_support.hpp
[0.739s] -- Up-to-date: /root/Shared/MIAPR_Projekt/install/mesh_msgs/include/mesh_msgs/mesh_msgs/msg/detail/mesh_vertex_tex_coords__builder.hpp
[0.739s] -- Up-to-date: /root/Shared/MIAPR_Projekt/install/mesh_msgs/include/mesh_msgs/mesh_msgs/msg/detail/vector_field__builder.hpp
[0.740s] -- Up-to-date: /root/Shared/MIAPR_Projekt/install/mesh_msgs/include/mesh_msgs/mesh_msgs/msg/detail/mesh_vertex_costs__builder.hpp
[0.740s] -- Up-to-date: /root/Shared/MIAPR_Projekt/install/mesh_msgs/include/mesh_msgs/mesh_msgs/msg/detail/mesh_triangle_indices__type_support.hpp
[0.740s] -- Up-to-date: /root/Shared/MIAPR_Projekt/install/mesh_msgs/include/mesh_msgs/mesh_msgs/msg/detail/mesh_materials__builder.hpp
[0.740s] -- Up-to-date: /root/Shared/MIAPR_Projekt/install/mesh_msgs/include/mesh_msgs/mesh_msgs/msg/detail/mesh_triangle_indices__builder.hpp
[0.740s] -- Up-to-date: /root/Shared/MIAPR_Projekt/install/mesh_msgs/include/mesh_msgs/mesh_msgs/msg/detail/vector_field_stamped__traits.hpp
[0.740s] -- Up-to-date: /root/Shared/MIAPR_Projekt/install/mesh_msgs/include/mesh_msgs/mesh_msgs/msg/detail/mesh_geometry_stamped__struct.hpp
[0.740s] -- Up-to-date: /root/Shared/MIAPR_Projekt/install/mesh_msgs/include/mesh_msgs/mesh_msgs/msg/detail/vector_field_stamped__builder.hpp
[0.740s] -- Up-to-date: /root/Shared/MIAPR_Projekt/install/mesh_msgs/include/mesh_msgs/mesh_msgs/msg/detail/vector_field__type_support.hpp
[0.740s] -- Up-to-date: /root/Shared/MIAPR_Projekt/install/mesh_msgs/include/mesh_msgs/mesh_msgs/msg/detail/mesh_vertex_costs_sparse_stamped__builder.hpp
[0.740s] -- Up-to-date: /root/Shared/MIAPR_Projekt/install/mesh_msgs/include/mesh_msgs/mesh_msgs/msg/detail/vector_field__traits.hpp
[0.740s] -- Up-to-date: /root/Shared/MIAPR_Projekt/install/mesh_msgs/include/mesh_msgs/mesh_msgs/msg/detail/mesh_geometry__struct.hpp
[0.741s] -- Up-to-date: /root/Shared/MIAPR_Projekt/install/mesh_msgs/include/mesh_msgs/mesh_msgs/msg/detail/mesh_vertex_costs_sparse__struct.hpp
[0.741s] -- Up-to-date: /root/Shared/MIAPR_Projekt/install/mesh_msgs/include/mesh_msgs/mesh_msgs/msg/detail/mesh_vertex_tex_coords__type_support.hpp
[0.741s] -- Up-to-date: /root/Shared/MIAPR_Projekt/install/mesh_msgs/include/mesh_msgs/mesh_msgs/msg/detail/mesh_materials_stamped__traits.hpp
[0.741s] -- Up-to-date: /root/Shared/MIAPR_Projekt/install/mesh_msgs/include/mesh_msgs/mesh_msgs/msg/detail/mesh_face_cluster_stamped__struct.hpp
[0.741s] -- Up-to-date: /root/Shared/MIAPR_Projekt/install/mesh_msgs/include/mesh_msgs/mesh_msgs/msg/detail/mesh_geometry__type_support.hpp
[0.741s] -- Up-to-date: /root/Shared/MIAPR_Projekt/install/mesh_msgs/include/mesh_msgs/mesh_msgs/msg/detail/mesh_face_cluster__struct.hpp
[0.741s] -- Up-to-date: /root/Shared/MIAPR_Projekt/install/mesh_msgs/include/mesh_msgs/mesh_msgs/msg/detail/mesh_texture__builder.hpp
[0.741s] -- Up-to-date: /root/Shared/MIAPR_Projekt/install/mesh_msgs/include/mesh_msgs/mesh_msgs/msg/detail/mesh_vertex_colors__traits.hpp
[0.741s] -- Up-to-date: /root/Shared/MIAPR_Projekt/install/mesh_msgs/include/mesh_msgs/mesh_msgs/msg/detail/mesh_vertex_costs_sparse_stamped__type_support.hpp
[0.741s] -- Up-to-date: /root/Shared/MIAPR_Projekt/install/mesh_msgs/include/mesh_msgs/mesh_msgs/msg/detail/mesh_vertex_costs_stamped__traits.hpp
[0.741s] -- Up-to-date: /root/Shared/MIAPR_Projekt/install/mesh_msgs/include/mesh_msgs/mesh_msgs/msg/detail/mesh_vertex_colors__struct.hpp
[0.741s] -- Up-to-date: /root/Shared/MIAPR_Projekt/install/mesh_msgs/include/mesh_msgs/mesh_msgs/msg/detail/mesh_vertex_costs__type_support.hpp
[0.742s] -- Up-to-date: /root/Shared/MIAPR_Projekt/install/mesh_msgs/include/mesh_msgs/mesh_msgs/msg/detail/mesh_face_cluster__traits.hpp
[0.742s] -- Up-to-date: /root/Shared/MIAPR_Projekt/install/mesh_msgs/include/mesh_msgs/mesh_msgs/msg/detail/mesh_materials_stamped__type_support.hpp
[0.742s] -- Up-to-date: /root/Shared/MIAPR_Projekt/install/mesh_msgs/include/mesh_msgs/mesh_msgs/msg/detail/mesh_material__traits.hpp
[0.742s] -- Up-to-date: /root/Shared/MIAPR_Projekt/install/mesh_msgs/include/mesh_msgs/mesh_msgs/msg/detail/mesh_face_cluster_stamped__type_support.hpp
[0.742s] -- Up-to-date: /root/Shared/MIAPR_Projekt/install/mesh_msgs/include/mesh_msgs/mesh_msgs/msg/mesh_material.hpp
[0.743s] -- Up-to-date: /root/Shared/MIAPR_Projekt/install/mesh_msgs/include/mesh_msgs/mesh_msgs/msg/mesh_vertex_costs_sparse.hpp
[0.743s] -- Up-to-date: /root/Shared/MIAPR_Projekt/install/mesh_msgs/include/mesh_msgs/mesh_msgs/msg/mesh_vertex_colors_stamped.hpp
[0.743s] -- Up-to-date: /root/Shared/MIAPR_Projekt/install/mesh_msgs/include/mesh_msgs/mesh_msgs/msg/mesh_triangle_indices.hpp
[0.743s] -- Up-to-date: /root/Shared/MIAPR_Projekt/install/mesh_msgs/include/mesh_msgs/mesh_msgs/msg/rosidl_generator_cpp__visibility_control.hpp
[0.743s] -- Up-to-date: /root/Shared/MIAPR_Projekt/install/mesh_msgs/include/mesh_msgs/mesh_msgs/msg/mesh_vertex_tex_coords.hpp
[0.744s] -- Up-to-date: /root/Shared/MIAPR_Projekt/install/mesh_msgs/include/mesh_msgs/mesh_msgs/srv
[0.744s] -- Up-to-date: /root/Shared/MIAPR_Projekt/install/mesh_msgs/include/mesh_msgs/mesh_msgs/srv/get_vertex_costs.hpp
[0.744s] -- Up-to-date: /root/Shared/MIAPR_Projekt/install/mesh_msgs/include/mesh_msgs/mesh_msgs/srv/get_geometry.hpp
[0.744s] -- Up-to-date: /root/Shared/MIAPR_Projekt/install/mesh_msgs/include/mesh_msgs/mesh_msgs/srv/get_vertex_cost_layers.hpp
[0.744s] -- Up-to-date: /root/Shared/MIAPR_Projekt/install/mesh_msgs/include/mesh_msgs/mesh_msgs/srv/get_texture.hpp
[0.744s] -- Up-to-date: /root/Shared/MIAPR_Projekt/install/mesh_msgs/include/mesh_msgs/mesh_msgs/srv/get_materials.hpp
[0.744s] -- Up-to-date: /root/Shared/MIAPR_Projekt/install/mesh_msgs/include/mesh_msgs/mesh_msgs/srv/get_vertex_colors.hpp
[0.744s] -- Up-to-date: /root/Shared/MIAPR_Projekt/install/mesh_msgs/include/mesh_msgs/mesh_msgs/srv/get_labeled_clusters.hpp
[0.744s] -- Up-to-date: /root/Shared/MIAPR_Projekt/install/mesh_msgs/include/mesh_msgs/mesh_msgs/srv/detail
[0.745s] -- Up-to-date: /root/Shared/MIAPR_Projekt/install/mesh_msgs/include/mesh_msgs/mesh_msgs/srv/detail/get_vertex_cost_layers__struct.hpp
[0.745s] -- Up-to-date: /root/Shared/MIAPR_Projekt/install/mesh_msgs/include/mesh_msgs/mesh_msgs/srv/detail/get_uui_ds__builder.hpp
[0.746s] -- Up-to-date: /root/Shared/MIAPR_Projekt/install/mesh_msgs/include/mesh_msgs/mesh_msgs/srv/detail/get_labeled_clusters__traits.hpp
[0.746s] -- Up-to-date: /root/Shared/MIAPR_Projekt/install/mesh_msgs/include/mesh_msgs/mesh_msgs/srv/detail/get_geometry__builder.hpp
[0.747s] -- Up-to-date: /root/Shared/MIAPR_Projekt/install/mesh_msgs/include/mesh_msgs/mesh_msgs/srv/detail/get_materials__type_support.hpp
[0.747s] -- Up-to-date: /root/Shared/MIAPR_Projekt/install/mesh_msgs/include/mesh_msgs/mesh_msgs/srv/detail/get_vertex_costs__traits.hpp
[0.747s] -- Up-to-date: /root/Shared/MIAPR_Projekt/install/mesh_msgs/include/mesh_msgs/mesh_msgs/srv/detail/get_labeled_clusters__struct.hpp
[0.747s] -- Up-to-date: /root/Shared/MIAPR_Projekt/install/mesh_msgs/include/mesh_msgs/mesh_msgs/srv/detail/get_texture__traits.hpp
[0.747s] -- Up-to-date: /root/Shared/MIAPR_Projekt/install/mesh_msgs/include/mesh_msgs/mesh_msgs/srv/detail/get_vertex_cost_layers__builder.hpp
[0.747s] -- Up-to-date: /root/Shared/MIAPR_Projekt/install/mesh_msgs/include/mesh_msgs/mesh_msgs/srv/detail/get_materials__builder.hpp
[0.747s] -- Up-to-date: /root/Shared/MIAPR_Projekt/install/mesh_msgs/include/mesh_msgs/mesh_msgs/srv/detail/get_materials__traits.hpp
[0.747s] -- Up-to-date: /root/Shared/MIAPR_Projekt/install/mesh_msgs/include/mesh_msgs/mesh_msgs/srv/detail/get_vertex_costs__type_support.hpp
[0.747s] -- Up-to-date: /root/Shared/MIAPR_Projekt/install/mesh_msgs/include/mesh_msgs/mesh_msgs/srv/detail/get_labeled_clusters__builder.hpp
[0.747s] -- Up-to-date: /root/Shared/MIAPR_Projekt/install/mesh_msgs/include/mesh_msgs/mesh_msgs/srv/detail/get_vertex_cost_layers__traits.hpp
[0.748s] -- Up-to-date: /root/Shared/MIAPR_Projekt/install/mesh_msgs/include/mesh_msgs/mesh_msgs/srv/detail/get_labeled_clusters__type_support.hpp
[0.748s] -- Up-to-date: /root/Shared/MIAPR_Projekt/install/mesh_msgs/include/mesh_msgs/mesh_msgs/srv/detail/get_materials__struct.hpp
[0.748s] -- Up-to-date: /root/Shared/MIAPR_Projekt/install/mesh_msgs/include/mesh_msgs/mesh_msgs/srv/detail/get_geometry__type_support.hpp
[0.748s] -- Up-to-date: /root/Shared/MIAPR_Projekt/install/mesh_msgs/include/mesh_msgs/mesh_msgs/srv/detail/get_vertex_colors__traits.hpp
[0.748s] -- Up-to-date: /root/Shared/MIAPR_Projekt/install/mesh_msgs/include/mesh_msgs/mesh_msgs/srv/detail/get_texture__type_support.hpp
[0.748s] -- Up-to-date: /root/Shared/MIAPR_Projekt/install/mesh_msgs/include/mesh_msgs/mesh_msgs/srv/detail/get_vertex_colors__type_support.hpp
[0.749s] -- Up-to-date: /root/Shared/MIAPR_Projekt/install/mesh_msgs/include/mesh_msgs/mesh_msgs/srv/detail/get_vertex_costs__builder.hpp
[0.749s] -- Up-to-date: /root/Shared/MIAPR_Projekt/install/mesh_msgs/include/mesh_msgs/mesh_msgs/srv/detail/get_vertex_costs__struct.hpp
[0.749s] -- Up-to-date: /root/Shared/MIAPR_Projekt/install/mesh_msgs/include/mesh_msgs/mesh_msgs/srv/detail/get_vertex_cost_layers__type_support.hpp
[0.750s] -- Up-to-date: /root/Shared/MIAPR_Projekt/install/mesh_msgs/include/mesh_msgs/mesh_msgs/srv/detail/get_vertex_colors__builder.hpp
[0.750s] -- Up-to-date: /root/Shared/MIAPR_Projekt/install/mesh_msgs/include/mesh_msgs/mesh_msgs/srv/detail/get_vertex_colors__struct.hpp
[0.750s] -- Up-to-date: /root/Shared/MIAPR_Projekt/install/mesh_msgs/include/mesh_msgs/mesh_msgs/srv/detail/get_texture__struct.hpp
[0.750s] -- Up-to-date: /root/Shared/MIAPR_Projekt/install/mesh_msgs/include/mesh_msgs/mesh_msgs/srv/detail/get_uui_ds__traits.hpp
[0.750s] -- Up-to-date: /root/Shared/MIAPR_Projekt/install/mesh_msgs/include/mesh_msgs/mesh_msgs/srv/detail/get_uui_ds__struct.hpp
[0.750s] -- Up-to-date: /root/Shared/MIAPR_Projekt/install/mesh_msgs/include/mesh_msgs/mesh_msgs/srv/detail/get_texture__builder.hpp
[0.750s] -- Up-to-date: /root/Shared/MIAPR_Projekt/install/mesh_msgs/include/mesh_msgs/mesh_msgs/srv/detail/get_uui_ds__type_support.hpp
[0.750s] -- Up-to-date: /root/Shared/MIAPR_Projekt/install/mesh_msgs/include/mesh_msgs/mesh_msgs/srv/detail/get_geometry__struct.hpp
[0.750s] -- Up-to-date: /root/Shared/MIAPR_Projekt/install/mesh_msgs/include/mesh_msgs/mesh_msgs/srv/detail/get_geometry__traits.hpp
[0.750s] -- Up-to-date: /root/Shared/MIAPR_Projekt/install/mesh_msgs/include/mesh_msgs/mesh_msgs/srv/get_uui_ds.hpp
[0.750s] -- Up-to-date: /root/Shared/MIAPR_Projekt/install/mesh_msgs/include/mesh_msgs/mesh_msgs
[0.750s] -- Up-to-date: /root/Shared/MIAPR_Projekt/install/mesh_msgs/include/mesh_msgs/mesh_msgs/msg
[0.751s] -- Up-to-date: /root/Shared/MIAPR_Projekt/install/mesh_msgs/include/mesh_msgs/mesh_msgs/msg/rosidl_typesupport_fastrtps_cpp__visibility_control.h
[0.751s] -- Up-to-date: /root/Shared/MIAPR_Projekt/install/mesh_msgs/include/mesh_msgs/mesh_msgs/msg/detail
[0.751s] -- Up-to-date: /root/Shared/MIAPR_Projekt/install/mesh_msgs/include/mesh_msgs/mesh_msgs/msg/detail/mesh_vertex_costs_stamped__rosidl_typesupport_fastrtps_cpp.hpp
[0.751s] -- Up-to-date: /root/Shared/MIAPR_Projekt/install/mesh_msgs/include/mesh_msgs/mesh_msgs/msg/detail/mesh_materials_stamped__rosidl_typesupport_fastrtps_cpp.hpp
[0.751s] -- Up-to-date: /root/Shared/MIAPR_Projekt/install/mesh_msgs/include/mesh_msgs/mesh_msgs/msg/detail/mesh_vertex_colors__rosidl_typesupport_fastrtps_cpp.hpp
[0.751s] -- Up-to-date: /root/Shared/MIAPR_Projekt/install/mesh_msgs/include/mesh_msgs/mesh_msgs/msg/detail/mesh_vertex_costs_sparse__rosidl_typesupport_fastrtps_cpp.hpp
[0.751s] -- Up-to-date: /root/Shared/MIAPR_Projekt/install/mesh_msgs/include/mesh_msgs/mesh_msgs/msg/detail/mesh_vertex_costs__rosidl_typesupport_fastrtps_cpp.hpp
[0.751s] -- Up-to-date: /root/Shared/MIAPR_Projekt/install/mesh_msgs/include/mesh_msgs/mesh_msgs/msg/detail/vector_field__rosidl_typesupport_fastrtps_cpp.hpp
[0.752s] -- Up-to-date: /root/Shared/MIAPR_Projekt/install/mesh_msgs/include/mesh_msgs/mesh_msgs/msg/detail/vector_field_stamped__rosidl_typesupport_fastrtps_cpp.hpp
[0.752s] -- Up-to-date: /root/Shared/MIAPR_Projekt/install/mesh_msgs/include/mesh_msgs/mesh_msgs/msg/detail/mesh_vertex_colors_stamped__rosidl_typesupport_fastrtps_cpp.hpp
[0.752s] -- Up-to-date: /root/Shared/MIAPR_Projekt/install/mesh_msgs/include/mesh_msgs/mesh_msgs/msg/detail/mesh_face_cluster_stamped__rosidl_typesupport_fastrtps_cpp.hpp
[0.752s] -- Up-to-date: /root/Shared/MIAPR_Projekt/install/mesh_msgs/include/mesh_msgs/mesh_msgs/msg/detail/mesh_vertex_tex_coords__rosidl_typesupport_fastrtps_cpp.hpp
[0.752s] -- Up-to-date: /root/Shared/MIAPR_Projekt/install/mesh_msgs/include/mesh_msgs/mesh_msgs/msg/detail/mesh_face_cluster__rosidl_typesupport_fastrtps_cpp.hpp
[0.752s] -- Up-to-date: /root/Shared/MIAPR_Projekt/install/mesh_msgs/include/mesh_msgs/mesh_msgs/msg/detail/mesh_geometry_stamped__rosidl_typesupport_fastrtps_cpp.hpp
[0.752s] -- Up-to-date: /root/Shared/MIAPR_Projekt/install/mesh_msgs/include/mesh_msgs/mesh_msgs/msg/detail/mesh_geometry__rosidl_typesupport_fastrtps_cpp.hpp
[0.752s] -- Up-to-date: /root/Shared/MIAPR_Projekt/install/mesh_msgs/include/mesh_msgs/mesh_msgs/msg/detail/mesh_vertex_costs_sparse_stamped__rosidl_typesupport_fastrtps_cpp.hpp
[0.752s] -- Up-to-date: /root/Shared/MIAPR_Projekt/install/mesh_msgs/include/mesh_msgs/mesh_msgs/msg/detail/mesh_triangle_indices__rosidl_typesupport_fastrtps_cpp.hpp
[0.752s] -- Up-to-date: /root/Shared/MIAPR_Projekt/install/mesh_msgs/include/mesh_msgs/mesh_msgs/msg/detail/mesh_material__rosidl_typesupport_fastrtps_cpp.hpp
[0.752s] -- Up-to-date: /root/Shared/MIAPR_Projekt/install/mesh_msgs/include/mesh_msgs/mesh_msgs/msg/detail/dds_fastrtps
[0.753s] -- Up-to-date: /root/Shared/MIAPR_Projekt/install/mesh_msgs/include/mesh_msgs/mesh_msgs/msg/detail/mesh_materials__rosidl_typesupport_fastrtps_cpp.hpp
[0.753s] -- Up-to-date: /root/Shared/MIAPR_Projekt/install/mesh_msgs/include/mesh_msgs/mesh_msgs/msg/detail/mesh_texture__rosidl_typesupport_fastrtps_cpp.hpp
[0.753s] -- Up-to-date: /root/Shared/MIAPR_Projekt/install/mesh_msgs/include/mesh_msgs/mesh_msgs/srv
[0.753s] -- Up-to-date: /root/Shared/MIAPR_Projekt/install/mesh_msgs/include/mesh_msgs/mesh_msgs/srv/detail
[0.753s] -- Up-to-date: /root/Shared/MIAPR_Projekt/install/mesh_msgs/include/mesh_msgs/mesh_msgs/srv/detail/get_texture__rosidl_typesupport_fastrtps_cpp.hpp
[0.753s] -- Up-to-date: /root/Shared/MIAPR_Projekt/install/mesh_msgs/include/mesh_msgs/mesh_msgs/srv/detail/get_vertex_costs__rosidl_typesupport_fastrtps_cpp.hpp
[0.753s] -- Up-to-date: /root/Shared/MIAPR_Projekt/install/mesh_msgs/include/mesh_msgs/mesh_msgs/srv/detail/get_uui_ds__rosidl_typesupport_fastrtps_cpp.hpp
[0.753s] -- Up-to-date: /root/Shared/MIAPR_Projekt/install/mesh_msgs/include/mesh_msgs/mesh_msgs/srv/detail/get_vertex_colors__rosidl_typesupport_fastrtps_cpp.hpp
[0.753s] -- Up-to-date: /root/Shared/MIAPR_Projekt/install/mesh_msgs/include/mesh_msgs/mesh_msgs/srv/detail/get_geometry__rosidl_typesupport_fastrtps_cpp.hpp
[0.753s] -- Up-to-date: /root/Shared/MIAPR_Projekt/install/mesh_msgs/include/mesh_msgs/mesh_msgs/srv/detail/get_materials__rosidl_typesupport_fastrtps_cpp.hpp
[0.753s] -- Up-to-date: /root/Shared/MIAPR_Projekt/install/mesh_msgs/include/mesh_msgs/mesh_msgs/srv/detail/get_vertex_cost_layers__rosidl_typesupport_fastrtps_cpp.hpp
[0.753s] -- Up-to-date: /root/Shared/MIAPR_Projekt/install/mesh_msgs/include/mesh_msgs/mesh_msgs/srv/detail/dds_fastrtps
[0.753s] -- Up-to-date: /root/Shared/MIAPR_Projekt/install/mesh_msgs/include/mesh_msgs/mesh_msgs/srv/detail/get_labeled_clusters__rosidl_typesupport_fastrtps_cpp.hpp
[0.754s] -- Up-to-date: /root/Shared/MIAPR_Projekt/install/mesh_msgs/lib/libmesh_msgs__rosidl_typesupport_fastrtps_cpp.so
[0.754s] -- Up-to-date: /root/Shared/MIAPR_Projekt/install/mesh_msgs/include/mesh_msgs/mesh_msgs
[0.754s] -- Up-to-date: /root/Shared/MIAPR_Projekt/install/mesh_msgs/include/mesh_msgs/mesh_msgs/msg
[0.754s] -- Up-to-date: /root/Shared/MIAPR_Projekt/install/mesh_msgs/include/mesh_msgs/mesh_msgs/msg/detail
[0.754s] -- Up-to-date: /root/Shared/MIAPR_Projekt/install/mesh_msgs/include/mesh_msgs/mesh_msgs/msg/detail/mesh_geometry__rosidl_typesupport_introspection_cpp.hpp
[0.754s] -- Up-to-date: /root/Shared/MIAPR_Projekt/install/mesh_msgs/include/mesh_msgs/mesh_msgs/msg/detail/mesh_texture__type_support.cpp
[0.754s] -- Up-to-date: /root/Shared/MIAPR_Projekt/install/mesh_msgs/include/mesh_msgs/mesh_msgs/msg/detail/mesh_triangle_indices__type_support.cpp
[0.754s] -- Up-to-date: /root/Shared/MIAPR_Projekt/install/mesh_msgs/include/mesh_msgs/mesh_msgs/msg/detail/mesh_texture__rosidl_typesupport_introspection_cpp.hpp
[0.754s] -- Up-to-date: /root/Shared/MIAPR_Projekt/install/mesh_msgs/include/mesh_msgs/mesh_msgs/msg/detail/vector_field__type_support.cpp
[0.754s] -- Up-to-date: /root/Shared/MIAPR_Projekt/install/mesh_msgs/include/mesh_msgs/mesh_msgs/msg/detail/mesh_vertex_colors__type_support.cpp
[0.754s] -- Up-to-date: /root/Shared/MIAPR_Projekt/install/mesh_msgs/include/mesh_msgs/mesh_msgs/msg/detail/mesh_face_cluster__rosidl_typesupport_introspection_cpp.hpp
[0.755s] -- Up-to-date: /root/Shared/MIAPR_Projekt/install/mesh_msgs/include/mesh_msgs/mesh_msgs/msg/detail/mesh_materials_stamped__rosidl_typesupport_introspection_cpp.hpp
[0.755s] -- Up-to-date: /root/Shared/MIAPR_Projekt/install/mesh_msgs/include/mesh_msgs/mesh_msgs/msg/detail/mesh_face_cluster_stamped__type_support.cpp
[0.755s] -- Up-to-date: /root/Shared/MIAPR_Projekt/install/mesh_msgs/include/mesh_msgs/mesh_msgs/msg/detail/mesh_face_cluster__type_support.cpp
[0.755s] -- Up-to-date: /root/Shared/MIAPR_Projekt/install/mesh_msgs/include/mesh_msgs/mesh_msgs/msg/detail/mesh_vertex_costs_sparse_stamped__type_support.cpp
[0.755s] -- Up-to-date: /root/Shared/MIAPR_Projekt/install/mesh_msgs/include/mesh_msgs/mesh_msgs/msg/detail/mesh_geometry_stamped__type_support.cpp
[0.755s] -- Up-to-date: /root/Shared/MIAPR_Projekt/install/mesh_msgs/include/mesh_msgs/mesh_msgs/msg/detail/mesh_material__type_support.cpp
[0.755s] -- Up-to-date: /root/Shared/MIAPR_Projekt/install/mesh_msgs/include/mesh_msgs/mesh_msgs/msg/detail/mesh_vertex_costs_sparse_stamped__rosidl_typesupport_introspection_cpp.hpp
[0.755s] -- Up-to-date: /root/Shared/MIAPR_Projekt/install/mesh_msgs/include/mesh_msgs/mesh_msgs/msg/detail/mesh_vertex_costs__rosidl_typesupport_introspection_cpp.hpp
[0.755s] -- Up-to-date: /root/Shared/MIAPR_Projekt/install/mesh_msgs/include/mesh_msgs/mesh_msgs/msg/detail/mesh_materials_stamped__type_support.cpp
[0.755s] -- Up-to-date: /root/Shared/MIAPR_Projekt/install/mesh_msgs/include/mesh_msgs/mesh_msgs/msg/detail/mesh_geometry__type_support.cpp
[0.755s] -- Up-to-date: /root/Shared/MIAPR_Projekt/install/mesh_msgs/include/mesh_msgs/mesh_msgs/msg/detail/mesh_material__rosidl_typesupport_introspection_cpp.hpp
[0.755s] -- Up-to-date: /root/Shared/MIAPR_Projekt/install/mesh_msgs/include/mesh_msgs/mesh_msgs/msg/detail/mesh_vertex_costs_stamped__type_support.cpp
[0.756s] -- Up-to-date: /root/Shared/MIAPR_Projekt/install/mesh_msgs/include/mesh_msgs/mesh_msgs/msg/detail/mesh_triangle_indices__rosidl_typesupport_introspection_cpp.hpp
[0.756s] -- Up-to-date: /root/Shared/MIAPR_Projekt/install/mesh_msgs/include/mesh_msgs/mesh_msgs/msg/detail/mesh_materials__type_support.cpp
[0.756s] -- Up-to-date: /root/Shared/MIAPR_Projekt/install/mesh_msgs/include/mesh_msgs/mesh_msgs/msg/detail/mesh_vertex_costs_stamped__rosidl_typesupport_introspection_cpp.hpp
[0.756s] -- Up-to-date: /root/Shared/MIAPR_Projekt/install/mesh_msgs/include/mesh_msgs/mesh_msgs/msg/detail/mesh_vertex_costs_sparse__rosidl_typesupport_introspection_cpp.hpp
[0.756s] -- Up-to-date: /root/Shared/MIAPR_Projekt/install/mesh_msgs/include/mesh_msgs/mesh_msgs/msg/detail/mesh_vertex_colors_stamped__rosidl_typesupport_introspection_cpp.hpp
[0.756s] -- Up-to-date: /root/Shared/MIAPR_Projekt/install/mesh_msgs/include/mesh_msgs/mesh_msgs/msg/detail/mesh_vertex_tex_coords__rosidl_typesupport_introspection_cpp.hpp
[0.756s] -- Up-to-date: /root/Shared/MIAPR_Projekt/install/mesh_msgs/include/mesh_msgs/mesh_msgs/msg/detail/vector_field_stamped__rosidl_typesupport_introspection_cpp.hpp
[0.756s] -- Up-to-date: /root/Shared/MIAPR_Projekt/install/mesh_msgs/include/mesh_msgs/mesh_msgs/msg/detail/mesh_vertex_tex_coords__type_support.cpp
[0.756s] -- Up-to-date: /root/Shared/MIAPR_Projekt/install/mesh_msgs/include/mesh_msgs/mesh_msgs/msg/detail/mesh_vertex_costs__type_support.cpp
[0.756s] -- Up-to-date: /root/Shared/MIAPR_Projekt/install/mesh_msgs/include/mesh_msgs/mesh_msgs/msg/detail/vector_field_stamped__type_support.cpp
[0.756s] -- Up-to-date: /root/Shared/MIAPR_Projekt/install/mesh_msgs/include/mesh_msgs/mesh_msgs/msg/detail/mesh_geometry_stamped__rosidl_typesupport_introspection_cpp.hpp
[0.756s] -- Up-to-date: /root/Shared/MIAPR_Projekt/install/mesh_msgs/include/mesh_msgs/mesh_msgs/msg/detail/mesh_vertex_colors_stamped__type_support.cpp
[0.757s] -- Up-to-date: /root/Shared/MIAPR_Projekt/install/mesh_msgs/include/mesh_msgs/mesh_msgs/msg/detail/mesh_materials__rosidl_typesupport_introspection_cpp.hpp
[0.757s] -- Up-to-date: /root/Shared/MIAPR_Projekt/install/mesh_msgs/include/mesh_msgs/mesh_msgs/msg/detail/mesh_face_cluster_stamped__rosidl_typesupport_introspection_cpp.hpp
[0.757s] -- Up-to-date: /root/Shared/MIAPR_Projekt/install/mesh_msgs/include/mesh_msgs/mesh_msgs/msg/detail/mesh_vertex_costs_sparse__type_support.cpp
[0.757s] -- Up-to-date: /root/Shared/MIAPR_Projekt/install/mesh_msgs/include/mesh_msgs/mesh_msgs/msg/detail/mesh_vertex_colors__rosidl_typesupport_introspection_cpp.hpp
[0.757s] -- Up-to-date: /root/Shared/MIAPR_Projekt/install/mesh_msgs/include/mesh_msgs/mesh_msgs/msg/detail/vector_field__rosidl_typesupport_introspection_cpp.hpp
[0.757s] -- Up-to-date: /root/Shared/MIAPR_Projekt/install/mesh_msgs/include/mesh_msgs/mesh_msgs/srv
[0.757s] -- Up-to-date: /root/Shared/MIAPR_Projekt/install/mesh_msgs/include/mesh_msgs/mesh_msgs/srv/detail
[0.757s] -- Up-to-date: /root/Shared/MIAPR_Projekt/install/mesh_msgs/include/mesh_msgs/mesh_msgs/srv/detail/get_texture__rosidl_typesupport_introspection_cpp.hpp
[0.757s] -- Up-to-date: /root/Shared/MIAPR_Projekt/install/mesh_msgs/include/mesh_msgs/mesh_msgs/srv/detail/get_vertex_cost_layers__rosidl_typesupport_introspection_cpp.hpp
[0.757s] -- Up-to-date: /root/Shared/MIAPR_Projekt/install/mesh_msgs/include/mesh_msgs/mesh_msgs/srv/detail/get_geometry__type_support.cpp
[0.757s] -- Up-to-date: /root/Shared/MIAPR_Projekt/install/mesh_msgs/include/mesh_msgs/mesh_msgs/srv/detail/get_materials__rosidl_typesupport_introspection_cpp.hpp
[0.757s] -- Up-to-date: /root/Shared/MIAPR_Projekt/install/mesh_msgs/include/mesh_msgs/mesh_msgs/srv/detail/get_labeled_clusters__type_support.cpp
[0.758s] -- Up-to-date: /root/Shared/MIAPR_Projekt/install/mesh_msgs/include/mesh_msgs/mesh_msgs/srv/detail/get_geometry__rosidl_typesupport_introspection_cpp.hpp
[0.758s] -- Up-to-date: /root/Shared/MIAPR_Projekt/install/mesh_msgs/include/mesh_msgs/mesh_msgs/srv/detail/get_uui_ds__rosidl_typesupport_introspection_cpp.hpp
[0.758s] -- Up-to-date: /root/Shared/MIAPR_Projekt/install/mesh_msgs/include/mesh_msgs/mesh_msgs/srv/detail/get_materials__type_support.cpp
[0.758s] -- Up-to-date: /root/Shared/MIAPR_Projekt/install/mesh_msgs/include/mesh_msgs/mesh_msgs/srv/detail/get_texture__type_support.cpp
[0.758s] -- Up-to-date: /root/Shared/MIAPR_Projekt/install/mesh_msgs/include/mesh_msgs/mesh_msgs/srv/detail/get_vertex_cost_layers__type_support.cpp
[0.758s] -- Up-to-date: /root/Shared/MIAPR_Projekt/install/mesh_msgs/include/mesh_msgs/mesh_msgs/srv/detail/get_vertex_costs__rosidl_typesupport_introspection_cpp.hpp
[0.758s] -- Up-to-date: /root/Shared/MIAPR_Projekt/install/mesh_msgs/include/mesh_msgs/mesh_msgs/srv/detail/get_uui_ds__type_support.cpp
[0.758s] -- Up-to-date: /root/Shared/MIAPR_Projekt/install/mesh_msgs/include/mesh_msgs/mesh_msgs/srv/detail/get_vertex_colors__rosidl_typesupport_introspection_cpp.hpp
[0.759s] -- Up-to-date: /root/Shared/MIAPR_Projekt/install/mesh_msgs/include/mesh_msgs/mesh_msgs/srv/detail/get_labeled_clusters__rosidl_typesupport_introspection_cpp.hpp
[0.759s] -- Up-to-date: /root/Shared/MIAPR_Projekt/install/mesh_msgs/include/mesh_msgs/mesh_msgs/srv/detail/get_vertex_costs__type_support.cpp
[0.759s] -- Up-to-date: /root/Shared/MIAPR_Projekt/install/mesh_msgs/include/mesh_msgs/mesh_msgs/srv/detail/get_vertex_colors__type_support.cpp
[0.759s] -- Up-to-date: /root/Shared/MIAPR_Projekt/install/mesh_msgs/lib/libmesh_msgs__rosidl_typesupport_introspection_cpp.so
[0.759s] -- Up-to-date: /root/Shared/MIAPR_Projekt/install/mesh_msgs/lib/libmesh_msgs__rosidl_typesupport_cpp.so
[0.759s] -- Up-to-date: /root/Shared/MIAPR_Projekt/install/mesh_msgs/share/mesh_msgs/environment/pythonpath.sh
[0.759s] -- Up-to-date: /root/Shared/MIAPR_Projekt/install/mesh_msgs/share/mesh_msgs/environment/pythonpath.dsv
[0.759s] -- Up-to-date: /root/Shared/MIAPR_Projekt/install/mesh_msgs/lib/python3.12/site-packages/mesh_msgs-2.1.1-py3.12.egg-info
[0.759s] -- Installing: /root/Shared/MIAPR_Projekt/install/mesh_msgs/lib/python3.12/site-packages/mesh_msgs-2.1.1-py3.12.egg-info/dependency_links.txt
[0.759s] -- Installing: /root/Shared/MIAPR_Projekt/install/mesh_msgs/lib/python3.12/site-packages/mesh_msgs-2.1.1-py3.12.egg-info/top_level.txt
[0.760s] -- Installing: /root/Shared/MIAPR_Projekt/install/mesh_msgs/lib/python3.12/site-packages/mesh_msgs-2.1.1-py3.12.egg-info/SOURCES.txt
[0.760s] -- Installing: /root/Shared/MIAPR_Projekt/install/mesh_msgs/lib/python3.12/site-packages/mesh_msgs-2.1.1-py3.12.egg-info/PKG-INFO
[0.760s] -- Up-to-date: /root/Shared/MIAPR_Projekt/install/mesh_msgs/lib/python3.12/site-packages/mesh_msgs
[0.760s] -- Up-to-date: /root/Shared/MIAPR_Projekt/install/mesh_msgs/lib/python3.12/site-packages/mesh_msgs/_mesh_msgs_s.ep.rosidl_typesupport_c.c
[0.760s] -- Up-to-date: /root/Shared/MIAPR_Projekt/install/mesh_msgs/lib/python3.12/site-packages/mesh_msgs/__init__.py
[0.760s] -- Up-to-date: /root/Shared/MIAPR_Projekt/install/mesh_msgs/lib/python3.12/site-packages/mesh_msgs/msg
[0.760s] -- Up-to-date: /root/Shared/MIAPR_Projekt/install/mesh_msgs/lib/python3.12/site-packages/mesh_msgs/msg/_mesh_vertex_costs_stamped_s.c
[0.760s] -- Up-to-date: /root/Shared/MIAPR_Projekt/install/mesh_msgs/lib/python3.12/site-packages/mesh_msgs/msg/_vector_field_stamped_s.c
[0.760s] -- Up-to-date: /root/Shared/MIAPR_Projekt/install/mesh_msgs/lib/python3.12/site-packages/mesh_msgs/msg/_mesh_vertex_colors_stamped.py
[0.761s] -- Up-to-date: /root/Shared/MIAPR_Projekt/install/mesh_msgs/lib/python3.12/site-packages/mesh_msgs/msg/_mesh_vertex_costs_stamped.py
[0.761s] -- Up-to-date: /root/Shared/MIAPR_Projekt/install/mesh_msgs/lib/python3.12/site-packages/mesh_msgs/msg/_mesh_materials_s.c
[0.761s] -- Up-to-date: /root/Shared/MIAPR_Projekt/install/mesh_msgs/lib/python3.12/site-packages/mesh_msgs/msg/_mesh_geometry_s.c
[0.761s] -- Up-to-date: /root/Shared/MIAPR_Projekt/install/mesh_msgs/lib/python3.12/site-packages/mesh_msgs/msg/_mesh_geometry.py
[0.761s] -- Up-to-date: /root/Shared/MIAPR_Projekt/install/mesh_msgs/lib/python3.12/site-packages/mesh_msgs/msg/_vector_field_s.c
[0.761s] -- Up-to-date: /root/Shared/MIAPR_Projekt/install/mesh_msgs/lib/python3.12/site-packages/mesh_msgs/msg/_mesh_vertex_costs_s.c
[0.761s] -- Up-to-date: /root/Shared/MIAPR_Projekt/install/mesh_msgs/lib/python3.12/site-packages/mesh_msgs/msg/__init__.py
[0.761s] -- Up-to-date: /root/Shared/MIAPR_Projekt/install/mesh_msgs/lib/python3.12/site-packages/mesh_msgs/msg/_mesh_materials.py
[0.761s] -- Up-to-date: /root/Shared/MIAPR_Projekt/install/mesh_msgs/lib/python3.12/site-packages/mesh_msgs/msg/_vector_field.py
[0.761s] -- Up-to-date: /root/Shared/MIAPR_Projekt/install/mesh_msgs/lib/python3.12/site-packages/mesh_msgs/msg/_mesh_materials_stamped.py
[0.762s] -- Up-to-date: /root/Shared/MIAPR_Projekt/install/mesh_msgs/lib/python3.12/site-packages/mesh_msgs/msg/_mesh_materials_stamped_s.c
[0.762s] -- Up-to-date: /root/Shared/MIAPR_Projekt/install/mesh_msgs/lib/python3.12/site-packages/mesh_msgs/msg/_mesh_face_cluster_s.c
[0.762s] -- Up-to-date: /root/Shared/MIAPR_Projekt/install/mesh_msgs/lib/python3.12/site-packages/mesh_msgs/msg/_mesh_vertex_colors.py
[0.762s] -- Up-to-date: /root/Shared/MIAPR_Projekt/install/mesh_msgs/lib/python3.12/site-packages/mesh_msgs/msg/_mesh_vertex_costs_sparse_stamped.py
[0.762s] -- Up-to-date: /root/Shared/MIAPR_Projekt/install/mesh_msgs/lib/python3.12/site-packages/mesh_msgs/msg/_mesh_face_cluster.py
[0.762s] -- Up-to-date: /root/Shared/MIAPR_Projekt/install/mesh_msgs/lib/python3.12/site-packages/mesh_msgs/msg/_mesh_vertex_costs.py
[0.763s] -- Up-to-date: /root/Shared/MIAPR_Projekt/install/mesh_msgs/lib/python3.12/site-packages/mesh_msgs/msg/_mesh_texture.py
[0.763s] -- Up-to-date: /root/Shared/MIAPR_Projekt/install/mesh_msgs/lib/python3.12/site-packages/mesh_msgs/msg/_mesh_triangle_indices.py
[0.763s] -- Up-to-date: /root/Shared/MIAPR_Projekt/install/mesh_msgs/lib/python3.12/site-packages/mesh_msgs/msg/_mesh_material_s.c
[0.763s] -- Up-to-date: /root/Shared/MIAPR_Projekt/install/mesh_msgs/lib/python3.12/site-packages/mesh_msgs/msg/_mesh_face_cluster_stamped_s.c
[0.763s] -- Up-to-date: /root/Shared/MIAPR_Projekt/install/mesh_msgs/lib/python3.12/site-packages/mesh_msgs/msg/_mesh_material.py
[0.763s] -- Up-to-date: /root/Shared/MIAPR_Projekt/install/mesh_msgs/lib/python3.12/site-packages/mesh_msgs/msg/_mesh_face_cluster_stamped.py
[0.763s] -- Up-to-date: /root/Shared/MIAPR_Projekt/install/mesh_msgs/lib/python3.12/site-packages/mesh_msgs/msg/_mesh_vertex_colors_s.c
[0.763s] -- Up-to-date: /root/Shared/MIAPR_Projekt/install/mesh_msgs/lib/python3.12/site-packages/mesh_msgs/msg/_vector_field_stamped.py
[0.763s] -- Up-to-date: /root/Shared/MIAPR_Projekt/install/mesh_msgs/lib/python3.12/site-packages/mesh_msgs/msg/_mesh_vertex_costs_sparse.py
[0.764s] -- Up-to-date: /root/Shared/MIAPR_Projekt/install/mesh_msgs/lib/python3.12/site-packages/mesh_msgs/msg/_mesh_geometry_stamped.py
[0.764s] -- Up-to-date: /root/Shared/MIAPR_Projekt/install/mesh_msgs/lib/python3.12/site-packages/mesh_msgs/msg/_mesh_geometry_stamped_s.c
[0.764s] -- Up-to-date: /root/Shared/MIAPR_Projekt/install/mesh_msgs/lib/python3.12/site-packages/mesh_msgs/msg/_mesh_triangle_indices_s.c
[0.764s] -- Up-to-date: /root/Shared/MIAPR_Projekt/install/mesh_msgs/lib/python3.12/site-packages/mesh_msgs/msg/_mesh_vertex_costs_sparse_s.c
[0.764s] -- Up-to-date: /root/Shared/MIAPR_Projekt/install/mesh_msgs/lib/python3.12/site-packages/mesh_msgs/msg/_mesh_vertex_colors_stamped_s.c
[0.764s] -- Up-to-date: /root/Shared/MIAPR_Projekt/install/mesh_msgs/lib/python3.12/site-packages/mesh_msgs/msg/_mesh_vertex_costs_sparse_stamped_s.c
[0.764s] -- Up-to-date: /root/Shared/MIAPR_Projekt/install/mesh_msgs/lib/python3.12/site-packages/mesh_msgs/msg/_mesh_texture_s.c
[0.764s] -- Up-to-date: /root/Shared/MIAPR_Projekt/install/mesh_msgs/lib/python3.12/site-packages/mesh_msgs/msg/_mesh_vertex_tex_coords.py
[0.765s] -- Up-to-date: /root/Shared/MIAPR_Projekt/install/mesh_msgs/lib/python3.12/site-packages/mesh_msgs/msg/_mesh_vertex_tex_coords_s.c
[0.765s] -- Up-to-date: /root/Shared/MIAPR_Projekt/install/mesh_msgs/lib/python3.12/site-packages/mesh_msgs/mesh_msgs_s__rosidl_typesupport_fastrtps_c.so
[0.765s] -- Up-to-date: /root/Shared/MIAPR_Projekt/install/mesh_msgs/lib/python3.12/site-packages/mesh_msgs/_mesh_msgs_s.ep.rosidl_typesupport_introspection_c.c
[0.765s] -- Up-to-date: /root/Shared/MIAPR_Projekt/install/mesh_msgs/lib/python3.12/site-packages/mesh_msgs/_mesh_msgs_s.ep.rosidl_typesupport_fastrtps_c.c
[0.765s] -- Up-to-date: /root/Shared/MIAPR_Projekt/install/mesh_msgs/lib/python3.12/site-packages/mesh_msgs/srv
[0.765s] -- Up-to-date: /root/Shared/MIAPR_Projekt/install/mesh_msgs/lib/python3.12/site-packages/mesh_msgs/srv/_get_vertex_cost_layers.py
[0.765s] -- Up-to-date: /root/Shared/MIAPR_Projekt/install/mesh_msgs/lib/python3.12/site-packages/mesh_msgs/srv/__init__.py
[0.765s] -- Up-to-date: /root/Shared/MIAPR_Projekt/install/mesh_msgs/lib/python3.12/site-packages/mesh_msgs/srv/_get_texture_s.c
[0.765s] -- Up-to-date: /root/Shared/MIAPR_Projekt/install/mesh_msgs/lib/python3.12/site-packages/mesh_msgs/srv/_get_geometry_s.c
[0.765s] -- Up-to-date: /root/Shared/MIAPR_Projekt/install/mesh_msgs/lib/python3.12/site-packages/mesh_msgs/srv/_get_texture.py
[0.766s] -- Up-to-date: /root/Shared/MIAPR_Projekt/install/mesh_msgs/lib/python3.12/site-packages/mesh_msgs/srv/_get_vertex_cost_layers_s.c
[0.766s] -- Up-to-date: /root/Shared/MIAPR_Projekt/install/mesh_msgs/lib/python3.12/site-packages/mesh_msgs/srv/_get_vertex_costs.py
[0.766s] -- Up-to-date: /root/Shared/MIAPR_Projekt/install/mesh_msgs/lib/python3.12/site-packages/mesh_msgs/srv/_get_labeled_clusters_s.c
[0.766s] -- Up-to-date: /root/Shared/MIAPR_Projekt/install/mesh_msgs/lib/python3.12/site-packages/mesh_msgs/srv/_get_materials.py
[0.766s] -- Up-to-date: /root/Shared/MIAPR_Projekt/install/mesh_msgs/lib/python3.12/site-packages/mesh_msgs/srv/_get_labeled_clusters.py
[0.766s] -- Up-to-date: /root/Shared/MIAPR_Projekt/install/mesh_msgs/lib/python3.12/site-packages/mesh_msgs/srv/_get_vertex_colors_s.c
[0.766s] -- Up-to-date: /root/Shared/MIAPR_Projekt/install/mesh_msgs/lib/python3.12/site-packages/mesh_msgs/srv/_get_uui_ds_s.c
[0.766s] -- Up-to-date: /root/Shared/MIAPR_Projekt/install/mesh_msgs/lib/python3.12/site-packages/mesh_msgs/srv/_get_vertex_colors.py
[0.766s] -- Up-to-date: /root/Shared/MIAPR_Projekt/install/mesh_msgs/lib/python3.12/site-packages/mesh_msgs/srv/_get_vertex_costs_s.c
[0.767s] -- Up-to-date: /root/Shared/MIAPR_Projekt/install/mesh_msgs/lib/python3.12/site-packages/mesh_msgs/srv/_get_materials_s.c
[0.767s] -- Up-to-date: /root/Shared/MIAPR_Projekt/install/mesh_msgs/lib/python3.12/site-packages/mesh_msgs/srv/_get_geometry.py
[0.767s] -- Up-to-date: /root/Shared/MIAPR_Projekt/install/mesh_msgs/lib/python3.12/site-packages/mesh_msgs/srv/_get_uui_ds.py
[0.767s] -- Up-to-date: /root/Shared/MIAPR_Projekt/install/mesh_msgs/lib/python3.12/site-packages/mesh_msgs/mesh_msgs_s__rosidl_typesupport_introspection_c.so
[0.767s] -- Up-to-date: /root/Shared/MIAPR_Projekt/install/mesh_msgs/lib/python3.12/site-packages/mesh_msgs/mesh_msgs_s__rosidl_typesupport_c.so
[0.799s] Listing '/root/Shared/MIAPR_Projekt/install/mesh_msgs/lib/python3.12/site-packages/mesh_msgs'...
[0.799s] Listing '/root/Shared/MIAPR_Projekt/install/mesh_msgs/lib/python3.12/site-packages/mesh_msgs/msg'...
[0.799s] Listing '/root/Shared/MIAPR_Projekt/install/mesh_msgs/lib/python3.12/site-packages/mesh_msgs/srv'...
[0.808s] -- Up-to-date: /root/Shared/MIAPR_Projekt/install/mesh_msgs/lib/python3.12/site-packages/mesh_msgs/mesh_msgs_s__rosidl_typesupport_fastrtps_c.so
[0.809s] -- Up-to-date: /root/Shared/MIAPR_Projekt/install/mesh_msgs/lib/python3.12/site-packages/mesh_msgs/mesh_msgs_s__rosidl_typesupport_introspection_c.so
[0.810s] -- Up-to-date: /root/Shared/MIAPR_Projekt/install/mesh_msgs/lib/python3.12/site-packages/mesh_msgs/mesh_msgs_s__rosidl_typesupport_c.so
[0.811s] -- Up-to-date: /root/Shared/MIAPR_Projekt/install/mesh_msgs/lib/libmesh_msgs__rosidl_generator_py.so
[0.811s] -- Up-to-date: /root/Shared/MIAPR_Projekt/install/mesh_msgs/share/mesh_msgs/msg/MeshFaceCluster.idl
[0.812s] -- Up-to-date: /root/Shared/MIAPR_Projekt/install/mesh_msgs/share/mesh_msgs/msg/MeshFaceClusterStamped.idl
[0.812s] -- Up-to-date: /root/Shared/MIAPR_Projekt/install/mesh_msgs/share/mesh_msgs/msg/MeshMaterial.idl
[0.812s] -- Up-to-date: /root/Shared/MIAPR_Projekt/install/mesh_msgs/share/mesh_msgs/msg/MeshGeometry.idl
[0.812s] -- Up-to-date: /root/Shared/MIAPR_Projekt/install/mesh_msgs/share/mesh_msgs/msg/MeshGeometryStamped.idl
[0.812s] -- Up-to-date: /root/Shared/MIAPR_Projekt/install/mesh_msgs/share/mesh_msgs/msg/MeshMaterials.idl
[0.812s] -- Up-to-date: /root/Shared/MIAPR_Projekt/install/mesh_msgs/share/mesh_msgs/msg/MeshMaterialsStamped.idl
[0.813s] -- Up-to-date: /root/Shared/MIAPR_Projekt/install/mesh_msgs/share/mesh_msgs/msg/MeshVertexColors.idl
[0.813s] -- Up-to-date: /root/Shared/MIAPR_Projekt/install/mesh_msgs/share/mesh_msgs/msg/MeshVertexColorsStamped.idl
[0.813s] -- Up-to-date: /root/Shared/MIAPR_Projekt/install/mesh_msgs/share/mesh_msgs/msg/MeshVertexCosts.idl
[0.813s] -- Up-to-date: /root/Shared/MIAPR_Projekt/install/mesh_msgs/share/mesh_msgs/msg/MeshVertexCostsStamped.idl
[0.813s] -- Up-to-date: /root/Shared/MIAPR_Projekt/install/mesh_msgs/share/mesh_msgs/msg/MeshVertexCostsSparse.idl
[0.813s] -- Up-to-date: /root/Shared/MIAPR_Projekt/install/mesh_msgs/share/mesh_msgs/msg/MeshVertexCostsSparseStamped.idl
[0.814s] -- Up-to-date: /root/Shared/MIAPR_Projekt/install/mesh_msgs/share/mesh_msgs/msg/MeshTexture.idl
[0.814s] -- Up-to-date: /root/Shared/MIAPR_Projekt/install/mesh_msgs/share/mesh_msgs/msg/MeshTriangleIndices.idl
[0.814s] -- Up-to-date: /root/Shared/MIAPR_Projekt/install/mesh_msgs/share/mesh_msgs/msg/VectorField.idl
[0.814s] -- Up-to-date: /root/Shared/MIAPR_Projekt/install/mesh_msgs/share/mesh_msgs/msg/VectorFieldStamped.idl
[0.814s] -- Up-to-date: /root/Shared/MIAPR_Projekt/install/mesh_msgs/share/mesh_msgs/msg/MeshVertexTexCoords.idl
[0.814s] -- Up-to-date: /root/Shared/MIAPR_Projekt/install/mesh_msgs/share/mesh_msgs/srv/GetGeometry.idl
[0.814s] -- Up-to-date: /root/Shared/MIAPR_Projekt/install/mesh_msgs/share/mesh_msgs/srv/GetLabeledClusters.idl
[0.814s] -- Up-to-date: /root/Shared/MIAPR_Projekt/install/mesh_msgs/share/mesh_msgs/srv/GetMaterials.idl
[0.815s] -- Up-to-date: /root/Shared/MIAPR_Projekt/install/mesh_msgs/share/mesh_msgs/srv/GetTexture.idl
[0.815s] -- Up-to-date: /root/Shared/MIAPR_Projekt/install/mesh_msgs/share/mesh_msgs/srv/GetUUIDs.idl
[0.815s] -- Up-to-date: /root/Shared/MIAPR_Projekt/install/mesh_msgs/share/mesh_msgs/srv/GetVertexColors.idl
[0.815s] -- Up-to-date: /root/Shared/MIAPR_Projekt/install/mesh_msgs/share/mesh_msgs/srv/GetVertexCosts.idl
[0.815s] -- Up-to-date: /root/Shared/MIAPR_Projekt/install/mesh_msgs/share/mesh_msgs/srv/GetVertexCostLayers.idl
[0.815s] -- Up-to-date: /root/Shared/MIAPR_Projekt/install/mesh_msgs/share/mesh_msgs/msg/MeshFaceCluster.msg
[0.815s] -- Up-to-date: /root/Shared/MIAPR_Projekt/install/mesh_msgs/share/mesh_msgs/msg/MeshFaceClusterStamped.msg
[0.816s] -- Up-to-date: /root/Shared/MIAPR_Projekt/install/mesh_msgs/share/mesh_msgs/msg/MeshMaterial.msg
[0.816s] -- Up-to-date: /root/Shared/MIAPR_Projekt/install/mesh_msgs/share/mesh_msgs/msg/MeshGeometry.msg
[0.816s] -- Up-to-date: /root/Shared/MIAPR_Projekt/install/mesh_msgs/share/mesh_msgs/msg/MeshGeometryStamped.msg
[0.816s] -- Up-to-date: /root/Shared/MIAPR_Projekt/install/mesh_msgs/share/mesh_msgs/msg/MeshMaterials.msg
[0.816s] -- Up-to-date: /root/Shared/MIAPR_Projekt/install/mesh_msgs/share/mesh_msgs/msg/MeshMaterialsStamped.msg
[0.816s] -- Up-to-date: /root/Shared/MIAPR_Projekt/install/mesh_msgs/share/mesh_msgs/msg/MeshVertexColors.msg
[0.816s] -- Up-to-date: /root/Shared/MIAPR_Projekt/install/mesh_msgs/share/mesh_msgs/msg/MeshVertexColorsStamped.msg
[0.816s] -- Up-to-date: /root/Shared/MIAPR_Projekt/install/mesh_msgs/share/mesh_msgs/msg/MeshVertexCosts.msg
[0.817s] -- Up-to-date: /root/Shared/MIAPR_Projekt/install/mesh_msgs/share/mesh_msgs/msg/MeshVertexCostsStamped.msg
[0.817s] -- Up-to-date: /root/Shared/MIAPR_Projekt/install/mesh_msgs/share/mesh_msgs/msg/MeshVertexCostsSparse.msg
[0.817s] -- Up-to-date: /root/Shared/MIAPR_Projekt/install/mesh_msgs/share/mesh_msgs/msg/MeshVertexCostsSparseStamped.msg
[0.817s] -- Up-to-date: /root/Shared/MIAPR_Projekt/install/mesh_msgs/share/mesh_msgs/msg/MeshTexture.msg
[0.817s] -- Up-to-date: /root/Shared/MIAPR_Projekt/install/mesh_msgs/share/mesh_msgs/msg/MeshTriangleIndices.msg
[0.817s] -- Up-to-date: /root/Shared/MIAPR_Projekt/install/mesh_msgs/share/mesh_msgs/msg/VectorField.msg
[0.818s] -- Up-to-date: /root/Shared/MIAPR_Projekt/install/mesh_msgs/share/mesh_msgs/msg/VectorFieldStamped.msg
[0.818s] -- Up-to-date: /root/Shared/MIAPR_Projekt/install/mesh_msgs/share/mesh_msgs/msg/MeshVertexTexCoords.msg
[0.818s] -- Up-to-date: /root/Shared/MIAPR_Projekt/install/mesh_msgs/share/mesh_msgs/srv/GetGeometry.srv
[0.818s] -- Up-to-date: /root/Shared/MIAPR_Projekt/install/mesh_msgs/share/mesh_msgs/srv/GetLabeledClusters.srv
[0.818s] -- Up-to-date: /root/Shared/MIAPR_Projekt/install/mesh_msgs/share/mesh_msgs/srv/GetMaterials.srv
[0.818s] -- Up-to-date: /root/Shared/MIAPR_Projekt/install/mesh_msgs/share/mesh_msgs/srv/GetTexture.srv
[0.818s] -- Up-to-date: /root/Shared/MIAPR_Projekt/install/mesh_msgs/share/mesh_msgs/srv/GetUUIDs.srv
[0.818s] -- Up-to-date: /root/Shared/MIAPR_Projekt/install/mesh_msgs/share/mesh_msgs/srv/GetVertexColors.srv
[0.819s] -- Up-to-date: /root/Shared/MIAPR_Projekt/install/mesh_msgs/share/mesh_msgs/srv/GetVertexCosts.srv
[0.819s] -- Up-to-date: /root/Shared/MIAPR_Projekt/install/mesh_msgs/share/mesh_msgs/srv/GetVertexCostLayers.srv
[0.819s] -- Up-to-date: /root/Shared/MIAPR_Projekt/install/mesh_msgs/share/ament_index/resource_index/package_run_dependencies/mesh_msgs
[0.819s] -- Up-to-date: /root/Shared/MIAPR_Projekt/install/mesh_msgs/share/ament_index/resource_index/parent_prefix_path/mesh_msgs
[0.819s] -- Up-to-date: /root/Shared/MIAPR_Projekt/install/mesh_msgs/share/mesh_msgs/environment/ament_prefix_path.sh
[0.819s] -- Up-to-date: /root/Shared/MIAPR_Projekt/install/mesh_msgs/share/mesh_msgs/environment/ament_prefix_path.dsv
[0.820s] -- Up-to-date: /root/Shared/MIAPR_Projekt/install/mesh_msgs/share/mesh_msgs/environment/path.sh
[0.820s] -- Up-to-date: /root/Shared/MIAPR_Projekt/install/mesh_msgs/share/mesh_msgs/environment/path.dsv
[0.820s] -- Up-to-date: /root/Shared/MIAPR_Projekt/install/mesh_msgs/share/mesh_msgs/local_setup.bash
[0.820s] -- Up-to-date: /root/Shared/MIAPR_Projekt/install/mesh_msgs/share/mesh_msgs/local_setup.sh
[0.820s] -- Up-to-date: /root/Shared/MIAPR_Projekt/install/mesh_msgs/share/mesh_msgs/local_setup.zsh
[0.820s] -- Up-to-date: /root/Shared/MIAPR_Projekt/install/mesh_msgs/share/mesh_msgs/local_setup.dsv
[0.820s] -- Installing: /root/Shared/MIAPR_Projekt/install/mesh_msgs/share/mesh_msgs/package.dsv
[0.821s] -- Up-to-date: /root/Shared/MIAPR_Projekt/install/mesh_msgs/share/ament_index/resource_index/packages/mesh_msgs
[0.822s] -- Up-to-date: /root/Shared/MIAPR_Projekt/install/mesh_msgs/share/mesh_msgs/cmake/export_mesh_msgs__rosidl_generator_cExport.cmake
[0.822s] -- Up-to-date: /root/Shared/MIAPR_Projekt/install/mesh_msgs/share/mesh_msgs/cmake/export_mesh_msgs__rosidl_generator_cExport-noconfig.cmake
[0.822s] -- Up-to-date: /root/Shared/MIAPR_Projekt/install/mesh_msgs/share/mesh_msgs/cmake/export_mesh_msgs__rosidl_typesupport_fastrtps_cExport.cmake
[0.823s] -- Up-to-date: /root/Shared/MIAPR_Projekt/install/mesh_msgs/share/mesh_msgs/cmake/export_mesh_msgs__rosidl_typesupport_fastrtps_cExport-noconfig.cmake
[0.823s] -- Up-to-date: /root/Shared/MIAPR_Projekt/install/mesh_msgs/share/mesh_msgs/cmake/mesh_msgs__rosidl_typesupport_introspection_cExport.cmake
[0.824s] -- Up-to-date: /root/Shared/MIAPR_Projekt/install/mesh_msgs/share/mesh_msgs/cmake/mesh_msgs__rosidl_typesupport_introspection_cExport-noconfig.cmake
[0.824s] -- Up-to-date: /root/Shared/MIAPR_Projekt/install/mesh_msgs/share/mesh_msgs/cmake/mesh_msgs__rosidl_typesupport_cExport.cmake
[0.824s] -- Up-to-date: /root/Shared/MIAPR_Projekt/install/mesh_msgs/share/mesh_msgs/cmake/mesh_msgs__rosidl_typesupport_cExport-noconfig.cmake
[0.824s] -- Up-to-date: /root/Shared/MIAPR_Projekt/install/mesh_msgs/share/mesh_msgs/cmake/export_mesh_msgs__rosidl_generator_cppExport.cmake
[0.825s] -- Up-to-date: /root/Shared/MIAPR_Projekt/install/mesh_msgs/share/mesh_msgs/cmake/export_mesh_msgs__rosidl_typesupport_fastrtps_cppExport.cmake
[0.825s] -- Up-to-date: /root/Shared/MIAPR_Projekt/install/mesh_msgs/share/mesh_msgs/cmake/export_mesh_msgs__rosidl_typesupport_fastrtps_cppExport-noconfig.cmake
[0.826s] -- Up-to-date: /root/Shared/MIAPR_Projekt/install/mesh_msgs/share/mesh_msgs/cmake/mesh_msgs__rosidl_typesupport_introspection_cppExport.cmake
[0.826s] -- Up-to-date: /root/Shared/MIAPR_Projekt/install/mesh_msgs/share/mesh_msgs/cmake/mesh_msgs__rosidl_typesupport_introspection_cppExport-noconfig.cmake
[0.829s] -- Up-to-date: /root/Shared/MIAPR_Projekt/install/mesh_msgs/share/mesh_msgs/cmake/mesh_msgs__rosidl_typesupport_cppExport.cmake
[0.829s] -- Up-to-date: /root/Shared/MIAPR_Projekt/install/mesh_msgs/share/mesh_msgs/cmake/mesh_msgs__rosidl_typesupport_cppExport-noconfig.cmake
[0.829s] -- Up-to-date: /root/Shared/MIAPR_Projekt/install/mesh_msgs/share/mesh_msgs/cmake/export_mesh_msgs__rosidl_generator_pyExport.cmake
[0.829s] -- Up-to-date: /root/Shared/MIAPR_Projekt/install/mesh_msgs/share/mesh_msgs/cmake/export_mesh_msgs__rosidl_generator_pyExport-noconfig.cmake
[0.829s] -- Up-to-date: /root/Shared/MIAPR_Projekt/install/mesh_msgs/share/mesh_msgs/cmake/rosidl_cmake-extras.cmake
[0.829s] -- Up-to-date: /root/Shared/MIAPR_Projekt/install/mesh_msgs/share/mesh_msgs/cmake/ament_cmake_export_dependencies-extras.cmake
[0.829s] -- Up-to-date: /root/Shared/MIAPR_Projekt/install/mesh_msgs/share/mesh_msgs/cmake/ament_cmake_export_include_directories-extras.cmake
[0.829s] -- Up-to-date: /root/Shared/MIAPR_Projekt/install/mesh_msgs/share/mesh_msgs/cmake/ament_cmake_export_libraries-extras.cmake
[0.830s] -- Up-to-date: /root/Shared/MIAPR_Projekt/install/mesh_msgs/share/mesh_msgs/cmake/ament_cmake_export_targets-extras.cmake
[0.830s] -- Up-to-date: /root/Shared/MIAPR_Projekt/install/mesh_msgs/share/mesh_msgs/cmake/rosidl_cmake_export_typesupport_targets-extras.cmake
[0.830s] -- Up-to-date: /root/Shared/MIAPR_Projekt/install/mesh_msgs/share/mesh_msgs/cmake/rosidl_cmake_export_typesupport_libraries-extras.cmake
[0.830s] -- Up-to-date: /root/Shared/MIAPR_Projekt/install/mesh_msgs/share/mesh_msgs/cmake/mesh_msgsConfig.cmake
[0.830s] -- Up-to-date: /root/Shared/MIAPR_Projekt/install/mesh_msgs/share/mesh_msgs/cmake/mesh_msgsConfig-version.cmake
[0.830s] -- Up-to-date: /root/Shared/MIAPR_Projekt/install/mesh_msgs/share/mesh_msgs/package.xml
[0.836s] Invoked command in '/root/Shared/MIAPR_Projekt/build/mesh_msgs' returned '0': CMAKE_PREFIX_PATH=${CMAKE_PREFIX_PATH}:/opt/ros/jazzy /usr/bin/cmake --install /root/Shared/MIAPR_Projekt/build/mesh_msgs
