[0.030s] Invoking command in '/root/Shared/MIAPR_Projekt/colcon_ws/build/mbf_msgs': CMAKE_PREFIX_PATH=${CMAKE_PREFIX_PATH}:/opt/ros/jazzy /usr/bin/cmake --build /root/Shared/MIAPR_Projekt/colcon_ws/build/mbf_msgs -- -j12 -l12
[0.181s] [  1%] Built target mbf_msgs__rosidl_generator_type_description
[0.198s] [  1%] Built target ament_cmake_python_symlink_mbf_msgs
[0.232s] [  1%] Built target mbf_msgs__cpp
[0.252s] [ 27%] Built target mbf_msgs__rosidl_generator_c
[0.334s] [ 37%] Built target mbf_msgs__rosidl_typesupport_c
[0.338s] [ 47%] Built target mbf_msgs__rosidl_typesupport_introspection_c
[0.341s] [ 57%] Built target mbf_msgs__rosidl_typesupport_cpp
[0.344s] [ 67%] Built target mbf_msgs__rosidl_typesupport_fastrtps_cpp
[0.345s] [ 76%] Built target mbf_msgs__rosidl_typesupport_fastrtps_c
[0.350s] [ 85%] Built target mbf_msgs__rosidl_typesupport_introspection_cpp
[0.399s] [ 85%] Built target mbf_msgs
[0.448s] [ 86%] Built target mbf_msgs__py
[0.516s] running egg_info
[0.544s] writing mbf_msgs.egg-info/PKG-INFO
[0.545s] writing dependency_links to mbf_msgs.egg-info/dependency_links.txt
[0.545s] writing top-level names to mbf_msgs.egg-info/top_level.txt
[0.547s] [ 94%] Built target mbf_msgs__rosidl_generator_py
[0.611s] [ 98%] Built target mbf_msgs_s__rosidl_typesupport_introspection_c
[0.615s] [ 98%] Built target mbf_msgs_s__rosidl_typesupport_fastrtps_c
[0.618s] [100%] Built target mbf_msgs_s__rosidl_typesupport_c
[0.631s] reading manifest file 'mbf_msgs.egg-info/SOURCES.txt'
[0.631s] writing manifest file 'mbf_msgs.egg-info/SOURCES.txt'
[0.675s] [100%] Built target ament_cmake_python_build_mbf_msgs_egg
[0.696s] Invoked command in '/root/Shared/MIAPR_Projekt/colcon_ws/build/mbf_msgs' returned '0': CMAKE_PREFIX_PATH=${CMAKE_PREFIX_PATH}:/opt/ros/jazzy /usr/bin/cmake --build /root/Shared/MIAPR_Projekt/colcon_ws/build/mbf_msgs -- -j12 -l12
[0.698s] Invoking command in '/root/Shared/MIAPR_Projekt/colcon_ws/build/mbf_msgs': CMAKE_PREFIX_PATH=${CMAKE_PREFIX_PATH}:/opt/ros/jazzy /usr/bin/cmake --install /root/Shared/MIAPR_Projekt/colcon_ws/build/mbf_msgs
[0.712s] -- Install configuration: ""
[0.713s] -- Execute custom install script
[0.713s] -- Up-to-date symlink: /root/Shared/MIAPR_Projekt/colcon_ws/install/mbf_msgs/share/ament_index/resource_index/rosidl_interfaces/mbf_msgs
[0.714s] -- Up-to-date symlink: /root/Shared/MIAPR_Projekt/colcon_ws/install/mbf_msgs/share/mbf_msgs/action/ExePath.json
[0.714s] -- Up-to-date symlink: /root/Shared/MIAPR_Projekt/colcon_ws/install/mbf_msgs/share/mbf_msgs/action/GetPath.json
[0.714s] -- Up-to-date symlink: /root/Shared/MIAPR_Projekt/colcon_ws/install/mbf_msgs/share/mbf_msgs/action/MoveBase.json
[0.714s] -- Up-to-date symlink: /root/Shared/MIAPR_Projekt/colcon_ws/install/mbf_msgs/share/mbf_msgs/action/Recovery.json
[0.715s] -- Up-to-date symlink: /root/Shared/MIAPR_Projekt/colcon_ws/install/mbf_msgs/share/mbf_msgs/srv/CheckPath.json
[0.715s] -- Up-to-date symlink: /root/Shared/MIAPR_Projekt/colcon_ws/install/mbf_msgs/share/mbf_msgs/srv/CheckPoint.json
[0.715s] -- Up-to-date symlink: /root/Shared/MIAPR_Projekt/colcon_ws/install/mbf_msgs/share/mbf_msgs/srv/CheckPose.json
[0.716s] -- Up-to-date symlink: /root/Shared/MIAPR_Projekt/colcon_ws/install/mbf_msgs/share/mbf_msgs/srv/FindValidPose.json
[0.716s] -- Up-to-date symlink: /root/Shared/MIAPR_Projekt/colcon_ws/install/mbf_msgs/share/mbf_msgs/srv/SetTestRobotState.json
[0.717s] -- Up-to-date symlink: /root/Shared/MIAPR_Projekt/colcon_ws/install/mbf_msgs/include/mbf_msgs/mbf_msgs/action/detail/exe_path__functions.h
[0.717s] -- Up-to-date symlink: /root/Shared/MIAPR_Projekt/colcon_ws/install/mbf_msgs/include/mbf_msgs/mbf_msgs/action/detail/exe_path__struct.h
[0.718s] -- Up-to-date symlink: /root/Shared/MIAPR_Projekt/colcon_ws/install/mbf_msgs/include/mbf_msgs/mbf_msgs/action/detail/exe_path__type_support.h
[0.718s] -- Up-to-date symlink: /root/Shared/MIAPR_Projekt/colcon_ws/install/mbf_msgs/include/mbf_msgs/mbf_msgs/action/detail/get_path__functions.h
[0.718s] -- Up-to-date symlink: /root/Shared/MIAPR_Projekt/colcon_ws/install/mbf_msgs/include/mbf_msgs/mbf_msgs/action/detail/get_path__struct.h
[0.718s] -- Up-to-date symlink: /root/Shared/MIAPR_Projekt/colcon_ws/install/mbf_msgs/include/mbf_msgs/mbf_msgs/action/detail/get_path__type_support.h
[0.719s] -- Up-to-date symlink: /root/Shared/MIAPR_Projekt/colcon_ws/install/mbf_msgs/include/mbf_msgs/mbf_msgs/action/detail/move_base__functions.h
[0.719s] -- Up-to-date symlink: /root/Shared/MIAPR_Projekt/colcon_ws/install/mbf_msgs/include/mbf_msgs/mbf_msgs/action/detail/move_base__struct.h
[0.720s] -- Up-to-date symlink: /root/Shared/MIAPR_Projekt/colcon_ws/install/mbf_msgs/include/mbf_msgs/mbf_msgs/action/detail/move_base__type_support.h
[0.720s] -- Up-to-date symlink: /root/Shared/MIAPR_Projekt/colcon_ws/install/mbf_msgs/include/mbf_msgs/mbf_msgs/action/detail/recovery__functions.h
[0.720s] -- Up-to-date symlink: /root/Shared/MIAPR_Projekt/colcon_ws/install/mbf_msgs/include/mbf_msgs/mbf_msgs/action/detail/recovery__struct.h
[0.720s] -- Up-to-date symlink: /root/Shared/MIAPR_Projekt/colcon_ws/install/mbf_msgs/include/mbf_msgs/mbf_msgs/action/detail/recovery__type_support.h
[0.720s] -- Up-to-date symlink: /root/Shared/MIAPR_Projekt/colcon_ws/install/mbf_msgs/include/mbf_msgs/mbf_msgs/action/exe_path.h
[0.721s] -- Up-to-date symlink: /root/Shared/MIAPR_Projekt/colcon_ws/install/mbf_msgs/include/mbf_msgs/mbf_msgs/action/get_path.h
[0.721s] -- Up-to-date symlink: /root/Shared/MIAPR_Projekt/colcon_ws/install/mbf_msgs/include/mbf_msgs/mbf_msgs/action/move_base.h
[0.721s] -- Up-to-date symlink: /root/Shared/MIAPR_Projekt/colcon_ws/install/mbf_msgs/include/mbf_msgs/mbf_msgs/action/recovery.h
[0.721s] -- Up-to-date symlink: /root/Shared/MIAPR_Projekt/colcon_ws/install/mbf_msgs/include/mbf_msgs/mbf_msgs/msg/rosidl_generator_c__visibility_control.h
[0.722s] -- Up-to-date symlink: /root/Shared/MIAPR_Projekt/colcon_ws/install/mbf_msgs/include/mbf_msgs/mbf_msgs/srv/check_path.h
[0.722s] -- Up-to-date symlink: /root/Shared/MIAPR_Projekt/colcon_ws/install/mbf_msgs/include/mbf_msgs/mbf_msgs/srv/check_point.h
[0.723s] -- Up-to-date symlink: /root/Shared/MIAPR_Projekt/colcon_ws/install/mbf_msgs/include/mbf_msgs/mbf_msgs/srv/check_pose.h
[0.723s] -- Up-to-date symlink: /root/Shared/MIAPR_Projekt/colcon_ws/install/mbf_msgs/include/mbf_msgs/mbf_msgs/srv/detail/check_path__functions.h
[0.723s] -- Up-to-date symlink: /root/Shared/MIAPR_Projekt/colcon_ws/install/mbf_msgs/include/mbf_msgs/mbf_msgs/srv/detail/check_path__struct.h
[0.724s] -- Up-to-date symlink: /root/Shared/MIAPR_Projekt/colcon_ws/install/mbf_msgs/include/mbf_msgs/mbf_msgs/srv/detail/check_path__type_support.h
[0.724s] -- Up-to-date symlink: /root/Shared/MIAPR_Projekt/colcon_ws/install/mbf_msgs/include/mbf_msgs/mbf_msgs/srv/detail/check_point__functions.h
[0.725s] -- Up-to-date symlink: /root/Shared/MIAPR_Projekt/colcon_ws/install/mbf_msgs/include/mbf_msgs/mbf_msgs/srv/detail/check_point__struct.h
[0.725s] -- Up-to-date symlink: /root/Shared/MIAPR_Projekt/colcon_ws/install/mbf_msgs/include/mbf_msgs/mbf_msgs/srv/detail/check_point__type_support.h
[0.725s] -- Up-to-date symlink: /root/Shared/MIAPR_Projekt/colcon_ws/install/mbf_msgs/include/mbf_msgs/mbf_msgs/srv/detail/check_pose__functions.h
[0.726s] -- Up-to-date symlink: /root/Shared/MIAPR_Projekt/colcon_ws/install/mbf_msgs/include/mbf_msgs/mbf_msgs/srv/detail/check_pose__struct.h
[0.726s] -- Up-to-date symlink: /root/Shared/MIAPR_Projekt/colcon_ws/install/mbf_msgs/include/mbf_msgs/mbf_msgs/srv/detail/check_pose__type_support.h
[0.727s] -- Up-to-date symlink: /root/Shared/MIAPR_Projekt/colcon_ws/install/mbf_msgs/include/mbf_msgs/mbf_msgs/srv/detail/find_valid_pose__functions.h
[0.727s] -- Up-to-date symlink: /root/Shared/MIAPR_Projekt/colcon_ws/install/mbf_msgs/include/mbf_msgs/mbf_msgs/srv/detail/find_valid_pose__struct.h
[0.727s] -- Up-to-date symlink: /root/Shared/MIAPR_Projekt/colcon_ws/install/mbf_msgs/include/mbf_msgs/mbf_msgs/srv/detail/find_valid_pose__type_support.h
[0.728s] -- Up-to-date symlink: /root/Shared/MIAPR_Projekt/colcon_ws/install/mbf_msgs/include/mbf_msgs/mbf_msgs/srv/detail/set_test_robot_state__functions.h
[0.728s] -- Up-to-date symlink: /root/Shared/MIAPR_Projekt/colcon_ws/install/mbf_msgs/include/mbf_msgs/mbf_msgs/srv/detail/set_test_robot_state__struct.h
[0.728s] -- Up-to-date symlink: /root/Shared/MIAPR_Projekt/colcon_ws/install/mbf_msgs/include/mbf_msgs/mbf_msgs/srv/detail/set_test_robot_state__type_support.h
[0.728s] -- Up-to-date symlink: /root/Shared/MIAPR_Projekt/colcon_ws/install/mbf_msgs/include/mbf_msgs/mbf_msgs/srv/find_valid_pose.h
[0.729s] -- Up-to-date symlink: /root/Shared/MIAPR_Projekt/colcon_ws/install/mbf_msgs/include/mbf_msgs/mbf_msgs/srv/set_test_robot_state.h
[0.729s] -- Up-to-date symlink: /root/Shared/MIAPR_Projekt/colcon_ws/install/mbf_msgs/share/mbf_msgs/environment/library_path.sh
[0.730s] -- Up-to-date symlink: /root/Shared/MIAPR_Projekt/colcon_ws/install/mbf_msgs/share/mbf_msgs/environment/library_path.dsv
[0.731s] -- Up-to-date symlink: /root/Shared/MIAPR_Projekt/colcon_ws/install/mbf_msgs/include/mbf_msgs/mbf_msgs/action/detail/exe_path__rosidl_typesupport_fastrtps_c.h
[0.731s] -- Up-to-date symlink: /root/Shared/MIAPR_Projekt/colcon_ws/install/mbf_msgs/include/mbf_msgs/mbf_msgs/action/detail/get_path__rosidl_typesupport_fastrtps_c.h
[0.732s] -- Up-to-date symlink: /root/Shared/MIAPR_Projekt/colcon_ws/install/mbf_msgs/include/mbf_msgs/mbf_msgs/action/detail/move_base__rosidl_typesupport_fastrtps_c.h
[0.732s] -- Up-to-date symlink: /root/Shared/MIAPR_Projekt/colcon_ws/install/mbf_msgs/include/mbf_msgs/mbf_msgs/action/detail/recovery__rosidl_typesupport_fastrtps_c.h
[0.732s] -- Up-to-date symlink: /root/Shared/MIAPR_Projekt/colcon_ws/install/mbf_msgs/include/mbf_msgs/mbf_msgs/msg/rosidl_typesupport_fastrtps_c__visibility_control.h
[0.733s] -- Up-to-date symlink: /root/Shared/MIAPR_Projekt/colcon_ws/install/mbf_msgs/include/mbf_msgs/mbf_msgs/srv/detail/check_path__rosidl_typesupport_fastrtps_c.h
[0.733s] -- Up-to-date symlink: /root/Shared/MIAPR_Projekt/colcon_ws/install/mbf_msgs/include/mbf_msgs/mbf_msgs/srv/detail/check_point__rosidl_typesupport_fastrtps_c.h
[0.734s] -- Up-to-date symlink: /root/Shared/MIAPR_Projekt/colcon_ws/install/mbf_msgs/include/mbf_msgs/mbf_msgs/srv/detail/check_pose__rosidl_typesupport_fastrtps_c.h
[0.734s] -- Up-to-date symlink: /root/Shared/MIAPR_Projekt/colcon_ws/install/mbf_msgs/include/mbf_msgs/mbf_msgs/srv/detail/find_valid_pose__rosidl_typesupport_fastrtps_c.h
[0.734s] -- Up-to-date symlink: /root/Shared/MIAPR_Projekt/colcon_ws/install/mbf_msgs/include/mbf_msgs/mbf_msgs/srv/detail/set_test_robot_state__rosidl_typesupport_fastrtps_c.h
[0.735s] -- Up-to-date symlink: /root/Shared/MIAPR_Projekt/colcon_ws/install/mbf_msgs/include/mbf_msgs/mbf_msgs/action/detail/exe_path__rosidl_typesupport_introspection_c.h
[0.736s] -- Up-to-date symlink: /root/Shared/MIAPR_Projekt/colcon_ws/install/mbf_msgs/include/mbf_msgs/mbf_msgs/action/detail/get_path__rosidl_typesupport_introspection_c.h
[0.736s] -- Up-to-date symlink: /root/Shared/MIAPR_Projekt/colcon_ws/install/mbf_msgs/include/mbf_msgs/mbf_msgs/action/detail/move_base__rosidl_typesupport_introspection_c.h
[0.736s] -- Up-to-date symlink: /root/Shared/MIAPR_Projekt/colcon_ws/install/mbf_msgs/include/mbf_msgs/mbf_msgs/action/detail/recovery__rosidl_typesupport_introspection_c.h
[0.737s] -- Up-to-date symlink: /root/Shared/MIAPR_Projekt/colcon_ws/install/mbf_msgs/include/mbf_msgs/mbf_msgs/msg/rosidl_typesupport_introspection_c__visibility_control.h
[0.737s] -- Up-to-date symlink: /root/Shared/MIAPR_Projekt/colcon_ws/install/mbf_msgs/include/mbf_msgs/mbf_msgs/srv/detail/check_path__rosidl_typesupport_introspection_c.h
[0.738s] -- Up-to-date symlink: /root/Shared/MIAPR_Projekt/colcon_ws/install/mbf_msgs/include/mbf_msgs/mbf_msgs/srv/detail/check_point__rosidl_typesupport_introspection_c.h
[0.738s] -- Up-to-date symlink: /root/Shared/MIAPR_Projekt/colcon_ws/install/mbf_msgs/include/mbf_msgs/mbf_msgs/srv/detail/check_pose__rosidl_typesupport_introspection_c.h
[0.738s] -- Up-to-date symlink: /root/Shared/MIAPR_Projekt/colcon_ws/install/mbf_msgs/include/mbf_msgs/mbf_msgs/srv/detail/find_valid_pose__rosidl_typesupport_introspection_c.h
[0.739s] -- Up-to-date symlink: /root/Shared/MIAPR_Projekt/colcon_ws/install/mbf_msgs/include/mbf_msgs/mbf_msgs/srv/detail/set_test_robot_state__rosidl_typesupport_introspection_c.h
[0.740s] -- Up-to-date symlink: /root/Shared/MIAPR_Projekt/colcon_ws/install/mbf_msgs/include/mbf_msgs/mbf_msgs/action/detail/exe_path__builder.hpp
[0.740s] -- Up-to-date symlink: /root/Shared/MIAPR_Projekt/colcon_ws/install/mbf_msgs/include/mbf_msgs/mbf_msgs/action/detail/exe_path__struct.hpp
[0.741s] -- Up-to-date symlink: /root/Shared/MIAPR_Projekt/colcon_ws/install/mbf_msgs/include/mbf_msgs/mbf_msgs/action/detail/exe_path__traits.hpp
[0.741s] -- Up-to-date symlink: /root/Shared/MIAPR_Projekt/colcon_ws/install/mbf_msgs/include/mbf_msgs/mbf_msgs/action/detail/exe_path__type_support.hpp
[0.742s] -- Up-to-date symlink: /root/Shared/MIAPR_Projekt/colcon_ws/install/mbf_msgs/include/mbf_msgs/mbf_msgs/action/detail/get_path__builder.hpp
[0.742s] -- Up-to-date symlink: /root/Shared/MIAPR_Projekt/colcon_ws/install/mbf_msgs/include/mbf_msgs/mbf_msgs/action/detail/get_path__struct.hpp
[0.743s] -- Up-to-date symlink: /root/Shared/MIAPR_Projekt/colcon_ws/install/mbf_msgs/include/mbf_msgs/mbf_msgs/action/detail/get_path__traits.hpp
[0.743s] -- Up-to-date symlink: /root/Shared/MIAPR_Projekt/colcon_ws/install/mbf_msgs/include/mbf_msgs/mbf_msgs/action/detail/get_path__type_support.hpp
[0.743s] -- Up-to-date symlink: /root/Shared/MIAPR_Projekt/colcon_ws/install/mbf_msgs/include/mbf_msgs/mbf_msgs/action/detail/move_base__builder.hpp
[0.744s] -- Up-to-date symlink: /root/Shared/MIAPR_Projekt/colcon_ws/install/mbf_msgs/include/mbf_msgs/mbf_msgs/action/detail/move_base__struct.hpp
[0.744s] -- Up-to-date symlink: /root/Shared/MIAPR_Projekt/colcon_ws/install/mbf_msgs/include/mbf_msgs/mbf_msgs/action/detail/move_base__traits.hpp
[0.744s] -- Up-to-date symlink: /root/Shared/MIAPR_Projekt/colcon_ws/install/mbf_msgs/include/mbf_msgs/mbf_msgs/action/detail/move_base__type_support.hpp
[0.745s] -- Up-to-date symlink: /root/Shared/MIAPR_Projekt/colcon_ws/install/mbf_msgs/include/mbf_msgs/mbf_msgs/action/detail/recovery__builder.hpp
[0.745s] -- Up-to-date symlink: /root/Shared/MIAPR_Projekt/colcon_ws/install/mbf_msgs/include/mbf_msgs/mbf_msgs/action/detail/recovery__struct.hpp
[0.746s] -- Up-to-date symlink: /root/Shared/MIAPR_Projekt/colcon_ws/install/mbf_msgs/include/mbf_msgs/mbf_msgs/action/detail/recovery__traits.hpp
[0.746s] -- Up-to-date symlink: /root/Shared/MIAPR_Projekt/colcon_ws/install/mbf_msgs/include/mbf_msgs/mbf_msgs/action/detail/recovery__type_support.hpp
[0.747s] -- Up-to-date symlink: /root/Shared/MIAPR_Projekt/colcon_ws/install/mbf_msgs/include/mbf_msgs/mbf_msgs/action/exe_path.hpp
[0.747s] -- Up-to-date symlink: /root/Shared/MIAPR_Projekt/colcon_ws/install/mbf_msgs/include/mbf_msgs/mbf_msgs/action/get_path.hpp
[0.747s] -- Up-to-date symlink: /root/Shared/MIAPR_Projekt/colcon_ws/install/mbf_msgs/include/mbf_msgs/mbf_msgs/action/move_base.hpp
[0.748s] -- Up-to-date symlink: /root/Shared/MIAPR_Projekt/colcon_ws/install/mbf_msgs/include/mbf_msgs/mbf_msgs/action/recovery.hpp
[0.748s] -- Up-to-date symlink: /root/Shared/MIAPR_Projekt/colcon_ws/install/mbf_msgs/include/mbf_msgs/mbf_msgs/msg/rosidl_generator_cpp__visibility_control.hpp
[0.749s] -- Up-to-date symlink: /root/Shared/MIAPR_Projekt/colcon_ws/install/mbf_msgs/include/mbf_msgs/mbf_msgs/srv/check_path.hpp
[0.749s] -- Up-to-date symlink: /root/Shared/MIAPR_Projekt/colcon_ws/install/mbf_msgs/include/mbf_msgs/mbf_msgs/srv/check_point.hpp
[0.750s] -- Up-to-date symlink: /root/Shared/MIAPR_Projekt/colcon_ws/install/mbf_msgs/include/mbf_msgs/mbf_msgs/srv/check_pose.hpp
[0.750s] -- Up-to-date symlink: /root/Shared/MIAPR_Projekt/colcon_ws/install/mbf_msgs/include/mbf_msgs/mbf_msgs/srv/detail/check_path__builder.hpp
[0.751s] -- Up-to-date symlink: /root/Shared/MIAPR_Projekt/colcon_ws/install/mbf_msgs/include/mbf_msgs/mbf_msgs/srv/detail/check_path__struct.hpp
[0.751s] -- Up-to-date symlink: /root/Shared/MIAPR_Projekt/colcon_ws/install/mbf_msgs/include/mbf_msgs/mbf_msgs/srv/detail/check_path__traits.hpp
[0.751s] -- Up-to-date symlink: /root/Shared/MIAPR_Projekt/colcon_ws/install/mbf_msgs/include/mbf_msgs/mbf_msgs/srv/detail/check_path__type_support.hpp
[0.752s] -- Up-to-date symlink: /root/Shared/MIAPR_Projekt/colcon_ws/install/mbf_msgs/include/mbf_msgs/mbf_msgs/srv/detail/check_point__builder.hpp
[0.752s] -- Up-to-date symlink: /root/Shared/MIAPR_Projekt/colcon_ws/install/mbf_msgs/include/mbf_msgs/mbf_msgs/srv/detail/check_point__struct.hpp
[0.753s] -- Up-to-date symlink: /root/Shared/MIAPR_Projekt/colcon_ws/install/mbf_msgs/include/mbf_msgs/mbf_msgs/srv/detail/check_point__traits.hpp
[0.753s] -- Up-to-date symlink: /root/Shared/MIAPR_Projekt/colcon_ws/install/mbf_msgs/include/mbf_msgs/mbf_msgs/srv/detail/check_point__type_support.hpp
[0.753s] -- Up-to-date symlink: /root/Shared/MIAPR_Projekt/colcon_ws/install/mbf_msgs/include/mbf_msgs/mbf_msgs/srv/detail/check_pose__builder.hpp
[0.754s] -- Up-to-date symlink: /root/Shared/MIAPR_Projekt/colcon_ws/install/mbf_msgs/include/mbf_msgs/mbf_msgs/srv/detail/check_pose__struct.hpp
[0.754s] -- Up-to-date symlink: /root/Shared/MIAPR_Projekt/colcon_ws/install/mbf_msgs/include/mbf_msgs/mbf_msgs/srv/detail/check_pose__traits.hpp
[0.754s] -- Up-to-date symlink: /root/Shared/MIAPR_Projekt/colcon_ws/install/mbf_msgs/include/mbf_msgs/mbf_msgs/srv/detail/check_pose__type_support.hpp
[0.755s] -- Up-to-date symlink: /root/Shared/MIAPR_Projekt/colcon_ws/install/mbf_msgs/include/mbf_msgs/mbf_msgs/srv/detail/find_valid_pose__builder.hpp
[0.755s] -- Up-to-date symlink: /root/Shared/MIAPR_Projekt/colcon_ws/install/mbf_msgs/include/mbf_msgs/mbf_msgs/srv/detail/find_valid_pose__struct.hpp
[0.755s] -- Up-to-date symlink: /root/Shared/MIAPR_Projekt/colcon_ws/install/mbf_msgs/include/mbf_msgs/mbf_msgs/srv/detail/find_valid_pose__traits.hpp
[0.756s] -- Up-to-date symlink: /root/Shared/MIAPR_Projekt/colcon_ws/install/mbf_msgs/include/mbf_msgs/mbf_msgs/srv/detail/find_valid_pose__type_support.hpp
[0.756s] -- Up-to-date symlink: /root/Shared/MIAPR_Projekt/colcon_ws/install/mbf_msgs/include/mbf_msgs/mbf_msgs/srv/detail/set_test_robot_state__builder.hpp
[0.756s] -- Up-to-date symlink: /root/Shared/MIAPR_Projekt/colcon_ws/install/mbf_msgs/include/mbf_msgs/mbf_msgs/srv/detail/set_test_robot_state__struct.hpp
[0.757s] -- Up-to-date symlink: /root/Shared/MIAPR_Projekt/colcon_ws/install/mbf_msgs/include/mbf_msgs/mbf_msgs/srv/detail/set_test_robot_state__traits.hpp
[0.757s] -- Up-to-date symlink: /root/Shared/MIAPR_Projekt/colcon_ws/install/mbf_msgs/include/mbf_msgs/mbf_msgs/srv/detail/set_test_robot_state__type_support.hpp
[0.758s] -- Up-to-date symlink: /root/Shared/MIAPR_Projekt/colcon_ws/install/mbf_msgs/include/mbf_msgs/mbf_msgs/srv/find_valid_pose.hpp
[0.758s] -- Up-to-date symlink: /root/Shared/MIAPR_Projekt/colcon_ws/install/mbf_msgs/include/mbf_msgs/mbf_msgs/srv/set_test_robot_state.hpp
[0.759s] -- Up-to-date symlink: /root/Shared/MIAPR_Projekt/colcon_ws/install/mbf_msgs/include/mbf_msgs/mbf_msgs/action/detail/exe_path__rosidl_typesupport_fastrtps_cpp.hpp
[0.760s] -- Up-to-date symlink: /root/Shared/MIAPR_Projekt/colcon_ws/install/mbf_msgs/include/mbf_msgs/mbf_msgs/action/detail/get_path__rosidl_typesupport_fastrtps_cpp.hpp
[0.760s] -- Up-to-date symlink: /root/Shared/MIAPR_Projekt/colcon_ws/install/mbf_msgs/include/mbf_msgs/mbf_msgs/action/detail/move_base__rosidl_typesupport_fastrtps_cpp.hpp
[0.760s] -- Up-to-date symlink: /root/Shared/MIAPR_Projekt/colcon_ws/install/mbf_msgs/include/mbf_msgs/mbf_msgs/action/detail/recovery__rosidl_typesupport_fastrtps_cpp.hpp
[0.760s] -- Up-to-date symlink: /root/Shared/MIAPR_Projekt/colcon_ws/install/mbf_msgs/include/mbf_msgs/mbf_msgs/msg/rosidl_typesupport_fastrtps_cpp__visibility_control.h
[0.760s] -- Up-to-date symlink: /root/Shared/MIAPR_Projekt/colcon_ws/install/mbf_msgs/include/mbf_msgs/mbf_msgs/srv/detail/check_path__rosidl_typesupport_fastrtps_cpp.hpp
[0.761s] -- Up-to-date symlink: /root/Shared/MIAPR_Projekt/colcon_ws/install/mbf_msgs/include/mbf_msgs/mbf_msgs/srv/detail/check_point__rosidl_typesupport_fastrtps_cpp.hpp
[0.761s] -- Up-to-date symlink: /root/Shared/MIAPR_Projekt/colcon_ws/install/mbf_msgs/include/mbf_msgs/mbf_msgs/srv/detail/check_pose__rosidl_typesupport_fastrtps_cpp.hpp
[0.762s] -- Up-to-date symlink: /root/Shared/MIAPR_Projekt/colcon_ws/install/mbf_msgs/include/mbf_msgs/mbf_msgs/srv/detail/find_valid_pose__rosidl_typesupport_fastrtps_cpp.hpp
[0.762s] -- Up-to-date symlink: /root/Shared/MIAPR_Projekt/colcon_ws/install/mbf_msgs/include/mbf_msgs/mbf_msgs/srv/detail/set_test_robot_state__rosidl_typesupport_fastrtps_cpp.hpp
[0.763s] -- Up-to-date symlink: /root/Shared/MIAPR_Projekt/colcon_ws/install/mbf_msgs/include/mbf_msgs/mbf_msgs/action/detail/exe_path__rosidl_typesupport_introspection_cpp.hpp
[0.763s] -- Up-to-date symlink: /root/Shared/MIAPR_Projekt/colcon_ws/install/mbf_msgs/include/mbf_msgs/mbf_msgs/action/detail/get_path__rosidl_typesupport_introspection_cpp.hpp
[0.763s] -- Up-to-date symlink: /root/Shared/MIAPR_Projekt/colcon_ws/install/mbf_msgs/include/mbf_msgs/mbf_msgs/action/detail/move_base__rosidl_typesupport_introspection_cpp.hpp
[0.764s] -- Up-to-date symlink: /root/Shared/MIAPR_Projekt/colcon_ws/install/mbf_msgs/include/mbf_msgs/mbf_msgs/action/detail/recovery__rosidl_typesupport_introspection_cpp.hpp
[0.764s] -- Up-to-date symlink: /root/Shared/MIAPR_Projekt/colcon_ws/install/mbf_msgs/include/mbf_msgs/mbf_msgs/srv/detail/check_path__rosidl_typesupport_introspection_cpp.hpp
[0.764s] -- Up-to-date symlink: /root/Shared/MIAPR_Projekt/colcon_ws/install/mbf_msgs/include/mbf_msgs/mbf_msgs/srv/detail/check_point__rosidl_typesupport_introspection_cpp.hpp
[0.765s] -- Up-to-date symlink: /root/Shared/MIAPR_Projekt/colcon_ws/install/mbf_msgs/include/mbf_msgs/mbf_msgs/srv/detail/check_pose__rosidl_typesupport_introspection_cpp.hpp
[0.765s] -- Up-to-date symlink: /root/Shared/MIAPR_Projekt/colcon_ws/install/mbf_msgs/include/mbf_msgs/mbf_msgs/srv/detail/find_valid_pose__rosidl_typesupport_introspection_cpp.hpp
[0.765s] -- Up-to-date symlink: /root/Shared/MIAPR_Projekt/colcon_ws/install/mbf_msgs/include/mbf_msgs/mbf_msgs/srv/detail/set_test_robot_state__rosidl_typesupport_introspection_cpp.hpp
[0.766s] -- Up-to-date symlink: /root/Shared/MIAPR_Projekt/colcon_ws/install/mbf_msgs/share/mbf_msgs/environment/pythonpath.sh
[0.766s] -- Up-to-date symlink: /root/Shared/MIAPR_Projekt/colcon_ws/install/mbf_msgs/share/mbf_msgs/environment/pythonpath.dsv
[0.767s] -- Up-to-date symlink: /root/Shared/MIAPR_Projekt/colcon_ws/install/mbf_msgs/lib/python3.12/site-packages/mbf_msgs-1.0.5-py3.12.egg-info/PKG-INFO
[0.767s] -- Up-to-date symlink: /root/Shared/MIAPR_Projekt/colcon_ws/install/mbf_msgs/lib/python3.12/site-packages/mbf_msgs-1.0.5-py3.12.egg-info/SOURCES.txt
[0.767s] -- Up-to-date symlink: /root/Shared/MIAPR_Projekt/colcon_ws/install/mbf_msgs/lib/python3.12/site-packages/mbf_msgs-1.0.5-py3.12.egg-info/dependency_links.txt
[0.768s] -- Up-to-date symlink: /root/Shared/MIAPR_Projekt/colcon_ws/install/mbf_msgs/lib/python3.12/site-packages/mbf_msgs-1.0.5-py3.12.egg-info/top_level.txt
[0.769s] -- Up-to-date symlink: /root/Shared/MIAPR_Projekt/colcon_ws/install/mbf_msgs/lib/python3.12/site-packages/mbf_msgs/__init__.py
[0.770s] -- Up-to-date symlink: /root/Shared/MIAPR_Projekt/colcon_ws/install/mbf_msgs/lib/python3.12/site-packages/mbf_msgs/_mbf_msgs_s.ep.rosidl_typesupport_c.c
[0.770s] -- Up-to-date symlink: /root/Shared/MIAPR_Projekt/colcon_ws/install/mbf_msgs/lib/python3.12/site-packages/mbf_msgs/_mbf_msgs_s.ep.rosidl_typesupport_fastrtps_c.c
[0.770s] -- Up-to-date symlink: /root/Shared/MIAPR_Projekt/colcon_ws/install/mbf_msgs/lib/python3.12/site-packages/mbf_msgs/_mbf_msgs_s.ep.rosidl_typesupport_introspection_c.c
[0.771s] -- Up-to-date symlink: /root/Shared/MIAPR_Projekt/colcon_ws/install/mbf_msgs/lib/python3.12/site-packages/mbf_msgs/action/__init__.py
[0.771s] -- Up-to-date symlink: /root/Shared/MIAPR_Projekt/colcon_ws/install/mbf_msgs/lib/python3.12/site-packages/mbf_msgs/action/_exe_path.py
[0.772s] -- Up-to-date symlink: /root/Shared/MIAPR_Projekt/colcon_ws/install/mbf_msgs/lib/python3.12/site-packages/mbf_msgs/action/_exe_path_s.c
[0.772s] -- Up-to-date symlink: /root/Shared/MIAPR_Projekt/colcon_ws/install/mbf_msgs/lib/python3.12/site-packages/mbf_msgs/action/_get_path.py
[0.772s] -- Up-to-date symlink: /root/Shared/MIAPR_Projekt/colcon_ws/install/mbf_msgs/lib/python3.12/site-packages/mbf_msgs/action/_get_path_s.c
[0.773s] -- Up-to-date symlink: /root/Shared/MIAPR_Projekt/colcon_ws/install/mbf_msgs/lib/python3.12/site-packages/mbf_msgs/action/_move_base.py
[0.773s] -- Up-to-date symlink: /root/Shared/MIAPR_Projekt/colcon_ws/install/mbf_msgs/lib/python3.12/site-packages/mbf_msgs/action/_move_base_s.c
[0.773s] -- Up-to-date symlink: /root/Shared/MIAPR_Projekt/colcon_ws/install/mbf_msgs/lib/python3.12/site-packages/mbf_msgs/action/_recovery.py
[0.774s] -- Up-to-date symlink: /root/Shared/MIAPR_Projekt/colcon_ws/install/mbf_msgs/lib/python3.12/site-packages/mbf_msgs/action/_recovery_s.c
[0.774s] -- Up-to-date symlink: /root/Shared/MIAPR_Projekt/colcon_ws/install/mbf_msgs/lib/python3.12/site-packages/mbf_msgs/mbf_msgs_s__rosidl_typesupport_c.so
[0.774s] -- Up-to-date symlink: /root/Shared/MIAPR_Projekt/colcon_ws/install/mbf_msgs/lib/python3.12/site-packages/mbf_msgs/mbf_msgs_s__rosidl_typesupport_fastrtps_c.so
[0.775s] -- Up-to-date symlink: /root/Shared/MIAPR_Projekt/colcon_ws/install/mbf_msgs/lib/python3.12/site-packages/mbf_msgs/mbf_msgs_s__rosidl_typesupport_introspection_c.so
[0.775s] -- Up-to-date symlink: /root/Shared/MIAPR_Projekt/colcon_ws/install/mbf_msgs/lib/python3.12/site-packages/mbf_msgs/srv/__init__.py
[0.776s] -- Up-to-date symlink: /root/Shared/MIAPR_Projekt/colcon_ws/install/mbf_msgs/lib/python3.12/site-packages/mbf_msgs/srv/_check_path.py
[0.776s] -- Up-to-date symlink: /root/Shared/MIAPR_Projekt/colcon_ws/install/mbf_msgs/lib/python3.12/site-packages/mbf_msgs/srv/_check_path_s.c
[0.776s] -- Up-to-date symlink: /root/Shared/MIAPR_Projekt/colcon_ws/install/mbf_msgs/lib/python3.12/site-packages/mbf_msgs/srv/_check_point.py
[0.777s] -- Up-to-date symlink: /root/Shared/MIAPR_Projekt/colcon_ws/install/mbf_msgs/lib/python3.12/site-packages/mbf_msgs/srv/_check_point_s.c
[0.777s] -- Up-to-date symlink: /root/Shared/MIAPR_Projekt/colcon_ws/install/mbf_msgs/lib/python3.12/site-packages/mbf_msgs/srv/_check_pose.py
[0.778s] -- Up-to-date symlink: /root/Shared/MIAPR_Projekt/colcon_ws/install/mbf_msgs/lib/python3.12/site-packages/mbf_msgs/srv/_check_pose_s.c
[0.778s] -- Up-to-date symlink: /root/Shared/MIAPR_Projekt/colcon_ws/install/mbf_msgs/lib/python3.12/site-packages/mbf_msgs/srv/_find_valid_pose.py
[0.778s] -- Up-to-date symlink: /root/Shared/MIAPR_Projekt/colcon_ws/install/mbf_msgs/lib/python3.12/site-packages/mbf_msgs/srv/_find_valid_pose_s.c
[0.779s] -- Up-to-date symlink: /root/Shared/MIAPR_Projekt/colcon_ws/install/mbf_msgs/lib/python3.12/site-packages/mbf_msgs/srv/_set_test_robot_state.py
[0.779s] -- Up-to-date symlink: /root/Shared/MIAPR_Projekt/colcon_ws/install/mbf_msgs/lib/python3.12/site-packages/mbf_msgs/srv/_set_test_robot_state_s.c
[0.780s] -- Up-to-date symlink: /root/Shared/MIAPR_Projekt/colcon_ws/install/mbf_msgs/lib/python3.12/site-packages/mbf_msgs/mbf_msgs_s__rosidl_typesupport_fastrtps_c.so
[0.780s] -- Up-to-date symlink: /root/Shared/MIAPR_Projekt/colcon_ws/install/mbf_msgs/lib/python3.12/site-packages/mbf_msgs/mbf_msgs_s__rosidl_typesupport_introspection_c.so
[0.781s] -- Up-to-date symlink: /root/Shared/MIAPR_Projekt/colcon_ws/install/mbf_msgs/lib/python3.12/site-packages/mbf_msgs/mbf_msgs_s__rosidl_typesupport_c.so
[0.781s] -- Up-to-date symlink: /root/Shared/MIAPR_Projekt/colcon_ws/install/mbf_msgs/share/mbf_msgs/action/ExePath.idl
[0.781s] -- Up-to-date symlink: /root/Shared/MIAPR_Projekt/colcon_ws/install/mbf_msgs/share/mbf_msgs/action/GetPath.idl
[0.782s] -- Up-to-date symlink: /root/Shared/MIAPR_Projekt/colcon_ws/install/mbf_msgs/share/mbf_msgs/action/MoveBase.idl
[0.782s] -- Up-to-date symlink: /root/Shared/MIAPR_Projekt/colcon_ws/install/mbf_msgs/share/mbf_msgs/action/Recovery.idl
[0.782s] -- Up-to-date symlink: /root/Shared/MIAPR_Projekt/colcon_ws/install/mbf_msgs/share/mbf_msgs/srv/CheckPath.idl
[0.783s] -- Up-to-date symlink: /root/Shared/MIAPR_Projekt/colcon_ws/install/mbf_msgs/share/mbf_msgs/srv/CheckPoint.idl
[0.783s] -- Up-to-date symlink: /root/Shared/MIAPR_Projekt/colcon_ws/install/mbf_msgs/share/mbf_msgs/srv/CheckPose.idl
[0.784s] -- Up-to-date symlink: /root/Shared/MIAPR_Projekt/colcon_ws/install/mbf_msgs/share/mbf_msgs/srv/FindValidPose.idl
[0.784s] -- Up-to-date symlink: /root/Shared/MIAPR_Projekt/colcon_ws/install/mbf_msgs/share/mbf_msgs/srv/SetTestRobotState.idl
[0.784s] -- Up-to-date symlink: /root/Shared/MIAPR_Projekt/colcon_ws/install/mbf_msgs/share/mbf_msgs/action/ExePath.action
[0.785s] -- Up-to-date symlink: /root/Shared/MIAPR_Projekt/colcon_ws/install/mbf_msgs/share/mbf_msgs/action/GetPath.action
[0.785s] -- Up-to-date symlink: /root/Shared/MIAPR_Projekt/colcon_ws/install/mbf_msgs/share/mbf_msgs/action/MoveBase.action
[0.786s] -- Up-to-date symlink: /root/Shared/MIAPR_Projekt/colcon_ws/install/mbf_msgs/share/mbf_msgs/action/Recovery.action
[0.786s] -- Up-to-date symlink: /root/Shared/MIAPR_Projekt/colcon_ws/install/mbf_msgs/share/mbf_msgs/srv/CheckPath.srv
[0.786s] -- Up-to-date symlink: /root/Shared/MIAPR_Projekt/colcon_ws/install/mbf_msgs/share/mbf_msgs/srv/CheckPoint.srv
[0.787s] -- Up-to-date symlink: /root/Shared/MIAPR_Projekt/colcon_ws/install/mbf_msgs/share/mbf_msgs/srv/CheckPose.srv
[0.787s] -- Up-to-date symlink: /root/Shared/MIAPR_Projekt/colcon_ws/install/mbf_msgs/share/mbf_msgs/srv/FindValidPose.srv
[0.787s] -- Up-to-date symlink: /root/Shared/MIAPR_Projekt/colcon_ws/install/mbf_msgs/share/mbf_msgs/srv/SetTestRobotState.srv
[0.788s] -- Up-to-date symlink: /root/Shared/MIAPR_Projekt/colcon_ws/install/mbf_msgs/share/ament_index/resource_index/package_run_dependencies/mbf_msgs
[0.788s] -- Up-to-date symlink: /root/Shared/MIAPR_Projekt/colcon_ws/install/mbf_msgs/share/ament_index/resource_index/parent_prefix_path/mbf_msgs
[0.789s] -- Up-to-date symlink: /root/Shared/MIAPR_Projekt/colcon_ws/install/mbf_msgs/share/mbf_msgs/environment/ament_prefix_path.sh
[0.789s] -- Up-to-date symlink: /root/Shared/MIAPR_Projekt/colcon_ws/install/mbf_msgs/share/mbf_msgs/environment/ament_prefix_path.dsv
[0.789s] -- Up-to-date symlink: /root/Shared/MIAPR_Projekt/colcon_ws/install/mbf_msgs/share/mbf_msgs/environment/path.sh
[0.790s] -- Up-to-date symlink: /root/Shared/MIAPR_Projekt/colcon_ws/install/mbf_msgs/share/mbf_msgs/environment/path.dsv
[0.790s] -- Up-to-date symlink: /root/Shared/MIAPR_Projekt/colcon_ws/install/mbf_msgs/share/mbf_msgs/local_setup.bash
[0.790s] -- Up-to-date symlink: /root/Shared/MIAPR_Projekt/colcon_ws/install/mbf_msgs/share/mbf_msgs/local_setup.sh
[0.791s] -- Up-to-date symlink: /root/Shared/MIAPR_Projekt/colcon_ws/install/mbf_msgs/share/mbf_msgs/local_setup.zsh
[0.791s] -- Up-to-date symlink: /root/Shared/MIAPR_Projekt/colcon_ws/install/mbf_msgs/share/mbf_msgs/local_setup.dsv
[0.791s] -- Symlinking: /root/Shared/MIAPR_Projekt/colcon_ws/install/mbf_msgs/share/mbf_msgs/package.dsv
[0.807s] -- Up-to-date symlink: /root/Shared/MIAPR_Projekt/colcon_ws/install/mbf_msgs/share/ament_index/resource_index/packages/mbf_msgs
[0.807s] -- Up-to-date symlink: /root/Shared/MIAPR_Projekt/colcon_ws/install/mbf_msgs/share/mbf_msgs/cmake/rosidl_cmake-extras.cmake
[0.808s] -- Up-to-date symlink: /root/Shared/MIAPR_Projekt/colcon_ws/install/mbf_msgs/share/mbf_msgs/cmake/ament_cmake_export_dependencies-extras.cmake
[0.808s] -- Up-to-date symlink: /root/Shared/MIAPR_Projekt/colcon_ws/install/mbf_msgs/share/mbf_msgs/cmake/ament_cmake_export_include_directories-extras.cmake
[0.809s] -- Up-to-date symlink: /root/Shared/MIAPR_Projekt/colcon_ws/install/mbf_msgs/share/mbf_msgs/cmake/ament_cmake_export_libraries-extras.cmake
[0.809s] -- Up-to-date symlink: /root/Shared/MIAPR_Projekt/colcon_ws/install/mbf_msgs/share/mbf_msgs/cmake/ament_cmake_export_targets-extras.cmake
[0.809s] -- Up-to-date symlink: /root/Shared/MIAPR_Projekt/colcon_ws/install/mbf_msgs/share/mbf_msgs/cmake/rosidl_cmake_export_typesupport_targets-extras.cmake
[0.810s] -- Up-to-date symlink: /root/Shared/MIAPR_Projekt/colcon_ws/install/mbf_msgs/share/mbf_msgs/cmake/rosidl_cmake_export_typesupport_libraries-extras.cmake
[0.810s] -- Up-to-date symlink: /root/Shared/MIAPR_Projekt/colcon_ws/install/mbf_msgs/share/mbf_msgs/cmake/mbf_msgsConfig.cmake
[0.810s] -- Up-to-date symlink: /root/Shared/MIAPR_Projekt/colcon_ws/install/mbf_msgs/share/mbf_msgs/cmake/mbf_msgsConfig-version.cmake
[0.811s] -- Up-to-date symlink: /root/Shared/MIAPR_Projekt/colcon_ws/install/mbf_msgs/share/mbf_msgs/package.xml
[0.812s] -- Up-to-date: /root/Shared/MIAPR_Projekt/colcon_ws/install/mbf_msgs/lib/libmbf_msgs__rosidl_generator_c.so
[0.813s] -- Up-to-date: /root/Shared/MIAPR_Projekt/colcon_ws/install/mbf_msgs/lib/libmbf_msgs__rosidl_typesupport_fastrtps_c.so
[0.814s] -- Up-to-date: /root/Shared/MIAPR_Projekt/colcon_ws/install/mbf_msgs/lib/libmbf_msgs__rosidl_typesupport_introspection_c.so
[0.814s] -- Up-to-date: /root/Shared/MIAPR_Projekt/colcon_ws/install/mbf_msgs/lib/libmbf_msgs__rosidl_typesupport_c.so
[0.815s] -- Up-to-date: /root/Shared/MIAPR_Projekt/colcon_ws/install/mbf_msgs/lib/libmbf_msgs__rosidl_typesupport_fastrtps_cpp.so
[0.816s] -- Up-to-date: /root/Shared/MIAPR_Projekt/colcon_ws/install/mbf_msgs/lib/libmbf_msgs__rosidl_typesupport_introspection_cpp.so
[0.816s] -- Up-to-date: /root/Shared/MIAPR_Projekt/colcon_ws/install/mbf_msgs/lib/libmbf_msgs__rosidl_typesupport_cpp.so
[0.859s] Listing '/root/Shared/MIAPR_Projekt/colcon_ws/install/mbf_msgs/lib/python3.12/site-packages/mbf_msgs'...
[0.859s] Listing '/root/Shared/MIAPR_Projekt/colcon_ws/install/mbf_msgs/lib/python3.12/site-packages/mbf_msgs/action'...
[0.859s] Listing '/root/Shared/MIAPR_Projekt/colcon_ws/install/mbf_msgs/lib/python3.12/site-packages/mbf_msgs/srv'...
[0.866s] -- Up-to-date: /root/Shared/MIAPR_Projekt/colcon_ws/install/mbf_msgs/lib/libmbf_msgs__rosidl_generator_py.so
[0.867s] -- Up-to-date: /root/Shared/MIAPR_Projekt/colcon_ws/install/mbf_msgs/share/mbf_msgs/cmake/export_mbf_msgs__rosidl_generator_cExport.cmake
[0.867s] -- Up-to-date: /root/Shared/MIAPR_Projekt/colcon_ws/install/mbf_msgs/share/mbf_msgs/cmake/export_mbf_msgs__rosidl_generator_cExport-noconfig.cmake
[0.867s] -- Up-to-date: /root/Shared/MIAPR_Projekt/colcon_ws/install/mbf_msgs/share/mbf_msgs/cmake/export_mbf_msgs__rosidl_typesupport_fastrtps_cExport.cmake
[0.868s] -- Up-to-date: /root/Shared/MIAPR_Projekt/colcon_ws/install/mbf_msgs/share/mbf_msgs/cmake/export_mbf_msgs__rosidl_typesupport_fastrtps_cExport-noconfig.cmake
[0.868s] -- Up-to-date: /root/Shared/MIAPR_Projekt/colcon_ws/install/mbf_msgs/share/mbf_msgs/cmake/mbf_msgs__rosidl_typesupport_introspection_cExport.cmake
[0.868s] -- Up-to-date: /root/Shared/MIAPR_Projekt/colcon_ws/install/mbf_msgs/share/mbf_msgs/cmake/mbf_msgs__rosidl_typesupport_introspection_cExport-noconfig.cmake
[0.868s] -- Up-to-date: /root/Shared/MIAPR_Projekt/colcon_ws/install/mbf_msgs/share/mbf_msgs/cmake/mbf_msgs__rosidl_typesupport_cExport.cmake
[0.868s] -- Up-to-date: /root/Shared/MIAPR_Projekt/colcon_ws/install/mbf_msgs/share/mbf_msgs/cmake/mbf_msgs__rosidl_typesupport_cExport-noconfig.cmake
[0.869s] -- Up-to-date: /root/Shared/MIAPR_Projekt/colcon_ws/install/mbf_msgs/share/mbf_msgs/cmake/export_mbf_msgs__rosidl_generator_cppExport.cmake
[0.869s] -- Up-to-date: /root/Shared/MIAPR_Projekt/colcon_ws/install/mbf_msgs/share/mbf_msgs/cmake/export_mbf_msgs__rosidl_typesupport_fastrtps_cppExport.cmake
[0.869s] -- Up-to-date: /root/Shared/MIAPR_Projekt/colcon_ws/install/mbf_msgs/share/mbf_msgs/cmake/export_mbf_msgs__rosidl_typesupport_fastrtps_cppExport-noconfig.cmake
[0.869s] -- Up-to-date: /root/Shared/MIAPR_Projekt/colcon_ws/install/mbf_msgs/share/mbf_msgs/cmake/mbf_msgs__rosidl_typesupport_introspection_cppExport.cmake
[0.869s] -- Up-to-date: /root/Shared/MIAPR_Projekt/colcon_ws/install/mbf_msgs/share/mbf_msgs/cmake/mbf_msgs__rosidl_typesupport_introspection_cppExport-noconfig.cmake
[0.870s] -- Up-to-date: /root/Shared/MIAPR_Projekt/colcon_ws/install/mbf_msgs/share/mbf_msgs/cmake/mbf_msgs__rosidl_typesupport_cppExport.cmake
[0.870s] -- Up-to-date: /root/Shared/MIAPR_Projekt/colcon_ws/install/mbf_msgs/share/mbf_msgs/cmake/mbf_msgs__rosidl_typesupport_cppExport-noconfig.cmake
[0.870s] -- Up-to-date: /root/Shared/MIAPR_Projekt/colcon_ws/install/mbf_msgs/share/mbf_msgs/cmake/export_mbf_msgs__rosidl_generator_pyExport.cmake
[0.870s] -- Up-to-date: /root/Shared/MIAPR_Projekt/colcon_ws/install/mbf_msgs/share/mbf_msgs/cmake/export_mbf_msgs__rosidl_generator_pyExport-noconfig.cmake
[0.873s] Invoked command in '/root/Shared/MIAPR_Projekt/colcon_ws/build/mbf_msgs' returned '0': CMAKE_PREFIX_PATH=${CMAKE_PREFIX_PATH}:/opt/ros/jazzy /usr/bin/cmake --install /root/Shared/MIAPR_Projekt/colcon_ws/build/mbf_msgs
