[0.031s] Invoking command in '/root/Shared/MIAPR_Projekt/build/cvp_mesh_planner': AMENT_PREFIX_PATH=/root/Shared/MIAPR_Projekt/install/mbf_mesh_core:/root/Shared/MIAPR_Projekt/install/mesh_map:${AMENT_PREFIX_PATH} CMAKE_PREFIX_PATH=/root/Shared/MIAPR_Projekt/install/mbf_mesh_core:/root/Shared/MIAPR_Projekt/install/mesh_map:/root/Shared/MIAPR_Projekt/install/mesh_msgs_conversions:/root/Shared/MIAPR_Projekt/install/mbf_utility:/root/Shared/MIAPR_Projekt/install/mesh_msgs:/root/Shared/MIAPR_Projekt/install/mbf_msgs:/root/Shared/MIAPR_Projekt/install/mbf_abstract_core:/root/Shared/MIAPR_Projekt/install/mesh_tools:/root/Shared/MIAPR_Projekt/install/rviz_mesh_tools_plugins:/root/Shared/MIAPR_Projekt/install/rviz_mbf_plugins:/root/Shared/MIAPR_Projekt/install/mesh_navigation_pluto_sim:/root/Shared/MIAPR_Projekt/install/mesh_navigation_ceres_sim:/root/Shared/MIAPR_Projekt/install/mesh_navigation_tutorials_sim:/root/Shared/MIAPR_Projekt/install/mesh_msgs_transform:/root/Shared/MIAPR_Projekt/install/label_manager:/root/Shared/MIAPR_Projekt/install/mbf_simple_core:/root/Shared/MIAPR_Projekt/install/mbf_test_utility:/opt/ros/jazzy/opt/gz_sim_vendor:/opt/ros/jazzy/opt/gz_sensors_vendor:/opt/ros/jazzy/opt/gz_physics_vendor:/opt/ros/jazzy/opt/sdformat_vendor:/opt/ros/jazzy/opt/gz_gui_vendor:/opt/ros/jazzy/opt/gz_transport_vendor:/opt/ros/jazzy/opt/gz_rendering_vendor:/opt/ros/jazzy/opt/gz_plugin_vendor:/opt/ros/jazzy/opt/gz_fuel_tools_vendor:/opt/ros/jazzy/opt/gz_msgs_vendor:/opt/ros/jazzy/opt/gz_common_vendor:/opt/ros/jazzy/opt/gz_math_vendor:/opt/ros/jazzy/opt/gz_utils_vendor:/opt/ros/jazzy/opt/gz_tools_vendor:/opt/ros/jazzy/opt/gz_ogre_next_vendor:/opt/ros/jazzy/opt/gz_dartsim_vendor:/opt/ros/jazzy/opt/gz_cmake_vendor:/opt/ros/jazzy LD_LIBRARY_PATH=/root/Shared/MIAPR_Projekt/install/mesh_map/lib:/root/Shared/MIAPR_Projekt/install/mbf_utility/lib:/root/Shared/MIAPR_Projekt/install/mesh_msgs/lib:/root/Shared/MIAPR_Projekt/install/mbf_msgs/lib:/root/Shared/MIAPR_Projekt/install/rviz_mesh_tools_plugins/lib:/root/Shared/MIAPR_Projekt/install/rviz_mbf_plugins/lib:/root/Shared/MIAPR_Projekt/install/mesh_navigation_tutorials_sim/lib:/root/Shared/MIAPR_Projekt/install/mesh_msgs_transform/lib:/root/Shared/MIAPR_Projekt/install/mesh_msgs_conversions/lib:/root/Shared/MIAPR_Projekt/install/label_manager/lib:/root/Shared/MIAPR_Projekt/install/mbf_test_utility/lib:/opt/ros/jazzy/opt/gz_sim_vendor/lib:/opt/ros/jazzy/opt/gz_sensors_vendor/lib:/opt/ros/jazzy/opt/gz_physics_vendor/lib:/opt/ros/jazzy/opt/sdformat_vendor/lib:/opt/ros/jazzy/opt/rviz_ogre_vendor/lib:/opt/ros/jazzy/lib/x86_64-linux-gnu:/opt/ros/jazzy/opt/gz_gui_vendor/lib:/opt/ros/jazzy/opt/gz_transport_vendor/lib:/opt/ros/jazzy/opt/gz_rendering_vendor/lib:/opt/ros/jazzy/opt/gz_plugin_vendor/lib:/opt/ros/jazzy/opt/gz_fuel_tools_vendor/lib:/opt/ros/jazzy/opt/gz_msgs_vendor/lib:/opt/ros/jazzy/opt/gz_common_vendor/lib:/opt/ros/jazzy/opt/gz_math_vendor/lib:/opt/ros/jazzy/opt/gz_utils_vendor/lib:/opt/ros/jazzy/opt/gz_tools_vendor/lib:/opt/ros/jazzy/opt/gz_ogre_next_vendor/lib:/opt/ros/jazzy/opt/gz_dartsim_vendor/lib:/opt/ros/jazzy/opt/gz_cmake_vendor/lib:/opt/ros/jazzy/lib PYTHONPATH=/root/Shared/MIAPR_Projekt/install/mesh_msgs/lib/python3.12/site-packages:/root/Shared/MIAPR_Projekt/install/mbf_msgs/lib/python3.12/site-packages:/root/Shared/MIAPR_Projekt/install/label_manager/lib/python3.12/site-packages:/opt/ros/jazzy/lib/python3.12/site-packages /usr/bin/cmake /root/Shared/MIAPR_Projekt/colcon_ws/src/mesh_navigation/cvp_mesh_planner -DCMAKE_INSTALL_PREFIX=/root/Shared/MIAPR_Projekt/install/cvp_mesh_planner
[0.107s] -- The C compiler identification is GNU 13.3.0
[0.187s] -- The CXX compiler identification is GNU 13.3.0
[0.214s] -- Detecting C compiler ABI info
[0.353s] -- Detecting C compiler ABI info - done
[0.363s] -- Check for working C compiler: /usr/bin/cc - skipped
[0.363s] -- Detecting C compile features
[0.364s] -- Detecting C compile features - done
[0.377s] -- Detecting CXX compiler ABI info
[0.528s] -- Detecting CXX compiler ABI info - done
[0.541s] -- Check for working CXX compiler: /usr/bin/c++ - skipped
[0.541s] -- Detecting CXX compile features
[0.542s] -- Detecting CXX compile features - done
[0.551s] -- Found ament_cmake_ros: 0.12.0 (/opt/ros/jazzy/share/ament_cmake_ros/cmake)
[0.816s] -- Found Python3: /usr/bin/python3 (found version "3.12.3") found components: Interpreter 
[1.043s] -- Found mbf_mesh_core: 3.0.1 (/root/Shared/MIAPR_Projekt/install/mbf_mesh_core/share/mbf_mesh_core/cmake)
[1.147s] -- Found rosidl_generator_c: 4.6.7 (/opt/ros/jazzy/share/rosidl_generator_c/cmake)
[1.178s] -- Found rosidl_generator_cpp: 4.6.7 (/opt/ros/jazzy/share/rosidl_generator_cpp/cmake)
[1.215s] -- Using all available rosidl_typesupport_c: rosidl_typesupport_fastrtps_c;rosidl_typesupport_introspection_c
[1.252s] -- Using all available rosidl_typesupport_cpp: rosidl_typesupport_fastrtps_cpp;rosidl_typesupport_introspection_cpp
[1.460s] -- Found rmw_implementation_cmake: 7.3.3 (/opt/ros/jazzy/share/rmw_implementation_cmake/cmake)
[1.472s] -- Found rmw_fastrtps_cpp: 8.4.3 (/opt/ros/jazzy/share/rmw_fastrtps_cpp/cmake)
[1.646s] -- Found OpenSSL: /usr/lib/x86_64-linux-gnu/libcrypto.so (found version "3.0.13")  
[1.674s] -- Found FastRTPS: /opt/ros/jazzy/include (Required is at least version "2.13") 
[1.707s] -- Using RMW implementation 'rmw_fastrtps_cpp' as default
[2.017s] -- Found eigen3_cmake_module: 0.3.0 (/opt/ros/jazzy/share/eigen3_cmake_module/cmake)
[2.018s] -- Found Eigen3: TRUE (found version "3.4.0") 
[2.018s] -- Ensuring Eigen3 include directory is part of orocos-kdl CMake target
[2.275s] -- Found mbf_msgs: 1.0.5 (/root/Shared/MIAPR_Projekt/install/mbf_msgs/share/mbf_msgs/cmake)
[2.348s] -- Found mbf_utility: 1.0.5 (/root/Shared/MIAPR_Projekt/install/mbf_utility/share/mbf_utility/cmake)
[2.669s] -- Found MPI_C: /usr/lib/x86_64-linux-gnu/openmpi/lib/libmpi.so (found version "3.1") 
[4.144s] -- Found MPI_CXX: /usr/lib/x86_64-linux-gnu/openmpi/lib/libmpi_cxx.so (found version "3.1") 
[4.144s] -- Found MPI: TRUE (found version "3.1")  
[4.239s] -- Found TIFF: /usr/lib/x86_64-linux-gnu/libtiff.so (found version "4.5.1")  
[4.259s] -- Found GDAL: /usr/lib/x86_64-linux-gnu/libgdal.so (found version "3.8.4") 
[4.308s] -- Found OpenCV: /usr (found version "4.6.0") 
[4.317s] -- Found FLANN: /usr/include/flann  
[4.318s] -- Try to find LZ4: find_path + find_library
[4.325s] -- Try to find LZ4: FindPackageHandleStandardArgs
[4.328s] -- Found LZ4: /usr/lib/x86_64-linux-gnu/liblz4.so  
[4.597s] -- Found GSL: /usr/include (found version "2.7.1") 
[7.432s] -- Found HDF5: /usr/lib/x86_64-linux-gnu/hdf5/serial/libhdf5.so;/usr/lib/x86_64-linux-gnu/libcrypto.so;/usr/lib/x86_64-linux-gnu/libcurl.so;/usr/lib/x86_64-linux-gnu/libpthread.a;/usr/lib/x86_64-linux-gnu/libsz.so;/usr/lib/x86_64-linux-gnu/libz.so;/usr/lib/x86_64-linux-gnu/libdl.a;/usr/lib/x86_64-linux-gnu/libm.so;/usr/lib/x86_64-linux-gnu/hdf5/serial/libhdf5_cpp.so;/usr/lib/x86_64-linux-gnu/hdf5/serial/libhdf5.so;/usr/lib/x86_64-linux-gnu/libcrypto.so;/usr/lib/x86_64-linux-gnu/libcurl.so;/usr/lib/x86_64-linux-gnu/libpthread.a;/usr/lib/x86_64-linux-gnu/libsz.so;/usr/lib/x86_64-linux-gnu/libz.so;/usr/lib/x86_64-linux-gnu/libdl.a;/usr/lib/x86_64-linux-gnu/libm.so (found version "1.10.10") found components: C CXX HL 
[7.490s] -- Found OpenGL: /usr/lib/x86_64-linux-gnu/libOpenGL.so  found components: OpenGL 
[7.750s] -- Found GLUT: /usr/lib/x86_64-linux-gnu/libglut.so  
[8.142s] -- Configuring done (8.1s)
[8.313s] -- Generating done (0.1s)
[8.340s] -- Build files have been written to: /root/Shared/MIAPR_Projekt/build/cvp_mesh_planner
[8.403s] Invoked command in '/root/Shared/MIAPR_Projekt/build/cvp_mesh_planner' returned '0': AMENT_PREFIX_PATH=/root/Shared/MIAPR_Projekt/install/mbf_mesh_core:/root/Shared/MIAPR_Projekt/install/mesh_map:${AMENT_PREFIX_PATH} CMAKE_PREFIX_PATH=/root/Shared/MIAPR_Projekt/install/mbf_mesh_core:/root/Shared/MIAPR_Projekt/install/mesh_map:/root/Shared/MIAPR_Projekt/install/mesh_msgs_conversions:/root/Shared/MIAPR_Projekt/install/mbf_utility:/root/Shared/MIAPR_Projekt/install/mesh_msgs:/root/Shared/MIAPR_Projekt/install/mbf_msgs:/root/Shared/MIAPR_Projekt/install/mbf_abstract_core:/root/Shared/MIAPR_Projekt/install/mesh_tools:/root/Shared/MIAPR_Projekt/install/rviz_mesh_tools_plugins:/root/Shared/MIAPR_Projekt/install/rviz_mbf_plugins:/root/Shared/MIAPR_Projekt/install/mesh_navigation_pluto_sim:/root/Shared/MIAPR_Projekt/install/mesh_navigation_ceres_sim:/root/Shared/MIAPR_Projekt/install/mesh_navigation_tutorials_sim:/root/Shared/MIAPR_Projekt/install/mesh_msgs_transform:/root/Shared/MIAPR_Projekt/install/label_manager:/root/Shared/MIAPR_Projekt/install/mbf_simple_core:/root/Shared/MIAPR_Projekt/install/mbf_test_utility:/opt/ros/jazzy/opt/gz_sim_vendor:/opt/ros/jazzy/opt/gz_sensors_vendor:/opt/ros/jazzy/opt/gz_physics_vendor:/opt/ros/jazzy/opt/sdformat_vendor:/opt/ros/jazzy/opt/gz_gui_vendor:/opt/ros/jazzy/opt/gz_transport_vendor:/opt/ros/jazzy/opt/gz_rendering_vendor:/opt/ros/jazzy/opt/gz_plugin_vendor:/opt/ros/jazzy/opt/gz_fuel_tools_vendor:/opt/ros/jazzy/opt/gz_msgs_vendor:/opt/ros/jazzy/opt/gz_common_vendor:/opt/ros/jazzy/opt/gz_math_vendor:/opt/ros/jazzy/opt/gz_utils_vendor:/opt/ros/jazzy/opt/gz_tools_vendor:/opt/ros/jazzy/opt/gz_ogre_next_vendor:/opt/ros/jazzy/opt/gz_dartsim_vendor:/opt/ros/jazzy/opt/gz_cmake_vendor:/opt/ros/jazzy LD_LIBRARY_PATH=/root/Shared/MIAPR_Projekt/install/mesh_map/lib:/root/Shared/MIAPR_Projekt/install/mbf_utility/lib:/root/Shared/MIAPR_Projekt/install/mesh_msgs/lib:/root/Shared/MIAPR_Projekt/install/mbf_msgs/lib:/root/Shared/MIAPR_Projekt/install/rviz_mesh_tools_plugins/lib:/root/Shared/MIAPR_Projekt/install/rviz_mbf_plugins/lib:/root/Shared/MIAPR_Projekt/install/mesh_navigation_tutorials_sim/lib:/root/Shared/MIAPR_Projekt/install/mesh_msgs_transform/lib:/root/Shared/MIAPR_Projekt/install/mesh_msgs_conversions/lib:/root/Shared/MIAPR_Projekt/install/label_manager/lib:/root/Shared/MIAPR_Projekt/install/mbf_test_utility/lib:/opt/ros/jazzy/opt/gz_sim_vendor/lib:/opt/ros/jazzy/opt/gz_sensors_vendor/lib:/opt/ros/jazzy/opt/gz_physics_vendor/lib:/opt/ros/jazzy/opt/sdformat_vendor/lib:/opt/ros/jazzy/opt/rviz_ogre_vendor/lib:/opt/ros/jazzy/lib/x86_64-linux-gnu:/opt/ros/jazzy/opt/gz_gui_vendor/lib:/opt/ros/jazzy/opt/gz_transport_vendor/lib:/opt/ros/jazzy/opt/gz_rendering_vendor/lib:/opt/ros/jazzy/opt/gz_plugin_vendor/lib:/opt/ros/jazzy/opt/gz_fuel_tools_vendor/lib:/opt/ros/jazzy/opt/gz_msgs_vendor/lib:/opt/ros/jazzy/opt/gz_common_vendor/lib:/opt/ros/jazzy/opt/gz_math_vendor/lib:/opt/ros/jazzy/opt/gz_utils_vendor/lib:/opt/ros/jazzy/opt/gz_tools_vendor/lib:/opt/ros/jazzy/opt/gz_ogre_next_vendor/lib:/opt/ros/jazzy/opt/gz_dartsim_vendor/lib:/opt/ros/jazzy/opt/gz_cmake_vendor/lib:/opt/ros/jazzy/lib PYTHONPATH=/root/Shared/MIAPR_Projekt/install/mesh_msgs/lib/python3.12/site-packages:/root/Shared/MIAPR_Projekt/install/mbf_msgs/lib/python3.12/site-packages:/root/Shared/MIAPR_Projekt/install/label_manager/lib/python3.12/site-packages:/opt/ros/jazzy/lib/python3.12/site-packages /usr/bin/cmake /root/Shared/MIAPR_Projekt/colcon_ws/src/mesh_navigation/cvp_mesh_planner -DCMAKE_INSTALL_PREFIX=/root/Shared/MIAPR_Projekt/install/cvp_mesh_planner
[8.403s] Invoking command in '/root/Shared/MIAPR_Projekt/build/cvp_mesh_planner': AMENT_PREFIX_PATH=/root/Shared/MIAPR_Projekt/install/mbf_mesh_core:/root/Shared/MIAPR_Projekt/install/mesh_map:${AMENT_PREFIX_PATH} CMAKE_PREFIX_PATH=/root/Shared/MIAPR_Projekt/install/mbf_mesh_core:/root/Shared/MIAPR_Projekt/install/mesh_map:/root/Shared/MIAPR_Projekt/install/mesh_msgs_conversions:/root/Shared/MIAPR_Projekt/install/mbf_utility:/root/Shared/MIAPR_Projekt/install/mesh_msgs:/root/Shared/MIAPR_Projekt/install/mbf_msgs:/root/Shared/MIAPR_Projekt/install/mbf_abstract_core:/root/Shared/MIAPR_Projekt/install/mesh_tools:/root/Shared/MIAPR_Projekt/install/rviz_mesh_tools_plugins:/root/Shared/MIAPR_Projekt/install/rviz_mbf_plugins:/root/Shared/MIAPR_Projekt/install/mesh_navigation_pluto_sim:/root/Shared/MIAPR_Projekt/install/mesh_navigation_ceres_sim:/root/Shared/MIAPR_Projekt/install/mesh_navigation_tutorials_sim:/root/Shared/MIAPR_Projekt/install/mesh_msgs_transform:/root/Shared/MIAPR_Projekt/install/label_manager:/root/Shared/MIAPR_Projekt/install/mbf_simple_core:/root/Shared/MIAPR_Projekt/install/mbf_test_utility:/opt/ros/jazzy/opt/gz_sim_vendor:/opt/ros/jazzy/opt/gz_sensors_vendor:/opt/ros/jazzy/opt/gz_physics_vendor:/opt/ros/jazzy/opt/sdformat_vendor:/opt/ros/jazzy/opt/gz_gui_vendor:/opt/ros/jazzy/opt/gz_transport_vendor:/opt/ros/jazzy/opt/gz_rendering_vendor:/opt/ros/jazzy/opt/gz_plugin_vendor:/opt/ros/jazzy/opt/gz_fuel_tools_vendor:/opt/ros/jazzy/opt/gz_msgs_vendor:/opt/ros/jazzy/opt/gz_common_vendor:/opt/ros/jazzy/opt/gz_math_vendor:/opt/ros/jazzy/opt/gz_utils_vendor:/opt/ros/jazzy/opt/gz_tools_vendor:/opt/ros/jazzy/opt/gz_ogre_next_vendor:/opt/ros/jazzy/opt/gz_dartsim_vendor:/opt/ros/jazzy/opt/gz_cmake_vendor:/opt/ros/jazzy LD_LIBRARY_PATH=/root/Shared/MIAPR_Projekt/install/mesh_map/lib:/root/Shared/MIAPR_Projekt/install/mbf_utility/lib:/root/Shared/MIAPR_Projekt/install/mesh_msgs/lib:/root/Shared/MIAPR_Projekt/install/mbf_msgs/lib:/root/Shared/MIAPR_Projekt/install/rviz_mesh_tools_plugins/lib:/root/Shared/MIAPR_Projekt/install/rviz_mbf_plugins/lib:/root/Shared/MIAPR_Projekt/install/mesh_navigation_tutorials_sim/lib:/root/Shared/MIAPR_Projekt/install/mesh_msgs_transform/lib:/root/Shared/MIAPR_Projekt/install/mesh_msgs_conversions/lib:/root/Shared/MIAPR_Projekt/install/label_manager/lib:/root/Shared/MIAPR_Projekt/install/mbf_test_utility/lib:/opt/ros/jazzy/opt/gz_sim_vendor/lib:/opt/ros/jazzy/opt/gz_sensors_vendor/lib:/opt/ros/jazzy/opt/gz_physics_vendor/lib:/opt/ros/jazzy/opt/sdformat_vendor/lib:/opt/ros/jazzy/opt/rviz_ogre_vendor/lib:/opt/ros/jazzy/lib/x86_64-linux-gnu:/opt/ros/jazzy/opt/gz_gui_vendor/lib:/opt/ros/jazzy/opt/gz_transport_vendor/lib:/opt/ros/jazzy/opt/gz_rendering_vendor/lib:/opt/ros/jazzy/opt/gz_plugin_vendor/lib:/opt/ros/jazzy/opt/gz_fuel_tools_vendor/lib:/opt/ros/jazzy/opt/gz_msgs_vendor/lib:/opt/ros/jazzy/opt/gz_common_vendor/lib:/opt/ros/jazzy/opt/gz_math_vendor/lib:/opt/ros/jazzy/opt/gz_utils_vendor/lib:/opt/ros/jazzy/opt/gz_tools_vendor/lib:/opt/ros/jazzy/opt/gz_ogre_next_vendor/lib:/opt/ros/jazzy/opt/gz_dartsim_vendor/lib:/opt/ros/jazzy/opt/gz_cmake_vendor/lib:/opt/ros/jazzy/lib PYTHONPATH=/root/Shared/MIAPR_Projekt/install/mesh_msgs/lib/python3.12/site-packages:/root/Shared/MIAPR_Projekt/install/mbf_msgs/lib/python3.12/site-packages:/root/Shared/MIAPR_Projekt/install/label_manager/lib/python3.12/site-packages:/opt/ros/jazzy/lib/python3.12/site-packages /usr/bin/cmake --build /root/Shared/MIAPR_Projekt/build/cvp_mesh_planner -- -j12 -l12
[8.606s] [ 25%] [32mBuilding CXX object CMakeFiles/cvp_mesh_planner.dir/src/thetastar_mesh_planner.cpp.o[0m
[8.612s] [ 50%] [32mBuilding CXX object CMakeFiles/cvp_mesh_planner.dir/src/cvp_mesh_planner.cpp.o[0m
[8.617s] [ 75%] [32mBuilding CXX object CMakeFiles/cvp_mesh_planner.dir/src/astar_mesh_planner.cpp.o[0m
[60.101s] [100%] [32m[1mLinking CXX shared library libcvp_mesh_planner.so[0m
[61.344s] [100%] Built target cvp_mesh_planner
