-- Found ament_cmake_ros: 0.12.0 (/opt/ros/jazzy/share/ament_cmake_ros/cmake)
-- Override CMake install command with custom implementation using symlinks instead of copying resources
-- Found example_interfaces: 0.12.0 (/opt/ros/jazzy/share/example_interfaces/cmake)
-- Found rosidl_generator_c: 4.6.7 (/opt/ros/jazzy/share/rosidl_generator_c/cmake)
-- Found rosidl_generator_cpp: 4.6.7 (/opt/ros/jazzy/share/rosidl_generator_cpp/cmake)
-- Using all available rosidl_typesupport_c: rosidl_typesupport_fastrtps_c;rosidl_typesupport_introspection_c
-- Using all available rosidl_typesupport_cpp: rosidl_typesupport_fastrtps_cpp;rosidl_typesupport_introspection_cpp
-- Found mbf_mesh_core: 3.0.1 (/root/Shared/MIAPR_Projekt/colcon_ws/install/mbf_mesh_core/share/mbf_mesh_core/cmake)
-- Found rmw_implementation_cmake: 7.3.3 (/opt/ros/jazzy/share/rmw_implementation_cmake/cmake)
-- Found rmw_fastrtps_cpp: 8.4.3 (/opt/ros/jazzy/share/rmw_fastrtps_cpp/cmake)
-- Using RMW implementation 'rmw_fastrtps_cpp' as default
-- Found eigen3_cmake_module: 0.3.0 (/opt/ros/jazzy/share/eigen3_cmake_module/cmake)
-- Ensuring Eigen3 include directory is part of orocos-kdl CMake target
-- Found mbf_msgs: 1.0.5 (/root/Shared/MIAPR_Projekt/colcon_ws/install/mbf_msgs/share/mbf_msgs/cmake)
-- Found mbf_utility: 1.0.5 (/root/Shared/MIAPR_Projekt/colcon_ws/install/mbf_utility/share/mbf_utility/cmake)
-- Try to find LZ4: find_path + find_library
-- Try to find LZ4: FindPackageHandleStandardArgs
-- Configuring done (3.9s)
-- Generating done (0.1s)
-- Build files have been written to: /root/Shared/MIAPR_Projekt/colcon_ws/build/mesh_controller
[ 50%] [32mBuilding CXX object CMakeFiles/mesh_controller.dir/src/mesh_controller.cpp.o[0m
[100%] [32m[1mLinking CXX shared library libmesh_controller.so[0m
[100%] Built target mesh_controller
-- Install configuration: "Release"
-- Execute custom install script
-- Up-to-date symlink: /root/Shared/MIAPR_Projekt/colcon_ws/install/mesh_controller/share/mesh_controller//mesh_controller.xml
-- Up-to-date symlink: /root/Shared/MIAPR_Projekt/colcon_ws/install/mesh_controller/include/include/mesh_controller/mesh_controller.h
-- Up-to-date symlink: /root/Shared/MIAPR_Projekt/colcon_ws/install/mesh_controller/share/mesh_controller/environment/library_path.sh
-- Up-to-date symlink: /root/Shared/MIAPR_Projekt/colcon_ws/install/mesh_controller/share/mesh_controller/environment/library_path.dsv
-- Up-to-date symlink: /root/Shared/MIAPR_Projekt/colcon_ws/install/mesh_controller/share/ament_index/resource_index/package_run_dependencies/mesh_controller
-- Up-to-date symlink: /root/Shared/MIAPR_Projekt/colcon_ws/install/mesh_controller/share/ament_index/resource_index/parent_prefix_path/mesh_controller
-- Up-to-date symlink: /root/Shared/MIAPR_Projekt/colcon_ws/install/mesh_controller/share/mesh_controller/environment/ament_prefix_path.sh
-- Up-to-date symlink: /root/Shared/MIAPR_Projekt/colcon_ws/install/mesh_controller/share/mesh_controller/environment/ament_prefix_path.dsv
-- Up-to-date symlink: /root/Shared/MIAPR_Projekt/colcon_ws/install/mesh_controller/share/mesh_controller/environment/path.sh
-- Up-to-date symlink: /root/Shared/MIAPR_Projekt/colcon_ws/install/mesh_controller/share/mesh_controller/environment/path.dsv
-- Up-to-date symlink: /root/Shared/MIAPR_Projekt/colcon_ws/install/mesh_controller/share/mesh_controller/local_setup.bash
-- Up-to-date symlink: /root/Shared/MIAPR_Projekt/colcon_ws/install/mesh_controller/share/mesh_controller/local_setup.sh
-- Up-to-date symlink: /root/Shared/MIAPR_Projekt/colcon_ws/install/mesh_controller/share/mesh_controller/local_setup.zsh
-- Up-to-date symlink: /root/Shared/MIAPR_Projekt/colcon_ws/install/mesh_controller/share/mesh_controller/local_setup.dsv
-- Symlinking: /root/Shared/MIAPR_Projekt/colcon_ws/install/mesh_controller/share/mesh_controller/package.dsv
-- Up-to-date symlink: /root/Shared/MIAPR_Projekt/colcon_ws/install/mesh_controller/share/ament_index/resource_index/packages/mesh_controller
-- Up-to-date symlink: /root/Shared/MIAPR_Projekt/colcon_ws/install/mesh_controller/share/ament_index/resource_index/mbf_mesh_core__pluginlib__plugin/mesh_controller
-- Up-to-date symlink: /root/Shared/MIAPR_Projekt/colcon_ws/install/mesh_controller/share/mesh_controller/cmake/ament_cmake_export_include_directories-extras.cmake
-- Up-to-date symlink: /root/Shared/MIAPR_Projekt/colcon_ws/install/mesh_controller/share/mesh_controller/cmake/ament_cmake_export_libraries-extras.cmake
-- Up-to-date symlink: /root/Shared/MIAPR_Projekt/colcon_ws/install/mesh_controller/share/mesh_controller/cmake/ament_cmake_export_targets-extras.cmake
-- Up-to-date symlink: /root/Shared/MIAPR_Projekt/colcon_ws/install/mesh_controller/share/mesh_controller/cmake/ament_cmake_export_dependencies-extras.cmake
-- Up-to-date symlink: /root/Shared/MIAPR_Projekt/colcon_ws/install/mesh_controller/share/mesh_controller/cmake/mesh_controllerConfig.cmake
-- Up-to-date symlink: /root/Shared/MIAPR_Projekt/colcon_ws/install/mesh_controller/share/mesh_controller/cmake/mesh_controllerConfig-version.cmake
-- Up-to-date symlink: /root/Shared/MIAPR_Projekt/colcon_ws/install/mesh_controller/share/mesh_controller/package.xml
-- Installing: /root/Shared/MIAPR_Projekt/colcon_ws/install/mesh_controller/lib/libmesh_controller.so
-- Set non-toolchain portion of runtime path of "/root/Shared/MIAPR_Projekt/colcon_ws/install/mesh_controller/lib/libmesh_controller.so" to ""
-- Old export file "/root/Shared/MIAPR_Projekt/colcon_ws/install/mesh_controller/share/mesh_controller/cmake/export_mesh_controllerExport.cmake" will be replaced.  Removing files [/root/Shared/MIAPR_Projekt/colcon_ws/install/mesh_controller/share/mesh_controller/cmake/export_mesh_controllerExport-release.cmake].
-- Installing: /root/Shared/MIAPR_Projekt/colcon_ws/install/mesh_controller/share/mesh_controller/cmake/export_mesh_controllerExport.cmake
-- Installing: /root/Shared/MIAPR_Projekt/colcon_ws/install/mesh_controller/share/mesh_controller/cmake/export_mesh_controllerExport-release.cmake
