[0.016s] Invoking command in '/root/Shared/MIAPR_Projekt/build/mesh_navigation_ceres_sim': AMENT_PREFIX_PATH=/root/Shared/MIAPR_Projekt/install/mesh_navigation_tutorials_sim:${AMENT_PREFIX_PATH} CMAKE_PREFIX_PATH=/root/Shared/MIAPR_Projekt/install/mesh_navigation_tutorials_sim:/opt/ros/jazzy/opt/gz_sim_vendor:/opt/ros/jazzy/opt/gz_sensors_vendor:/opt/ros/jazzy/opt/gz_physics_vendor:/opt/ros/jazzy/opt/sdformat_vendor:/opt/ros/jazzy/opt/gz_gui_vendor:/opt/ros/jazzy/opt/gz_transport_vendor:/opt/ros/jazzy/opt/gz_rendering_vendor:/opt/ros/jazzy/opt/gz_plugin_vendor:/opt/ros/jazzy/opt/gz_fuel_tools_vendor:/opt/ros/jazzy/opt/gz_msgs_vendor:/opt/ros/jazzy/opt/gz_common_vendor:/opt/ros/jazzy/opt/gz_math_vendor:/opt/ros/jazzy/opt/gz_utils_vendor:/opt/ros/jazzy/opt/gz_tools_vendor:/opt/ros/jazzy/opt/gz_ogre_next_vendor:/opt/ros/jazzy/opt/gz_dartsim_vendor:/opt/ros/jazzy/opt/gz_cmake_vendor:/opt/ros/jazzy GZ_SIM_RESOURCE_PATH=/root/Shared/MIAPR_Projekt/install/mesh_navigation_tutorials_sim/share/mesh_navigation_tutorials_sim/models LD_LIBRARY_PATH=/root/Shared/MIAPR_Projekt/install/mesh_navigation_tutorials_sim/lib:${LD_LIBRARY_PATH} /usr/bin/cmake /root/Shared/MIAPR_Projekt/colcon_ws/src/mesh_navigation_tutorials/mesh_navigation_ceres_sim -DCMAKE_INSTALL_PREFIX=/root/Shared/MIAPR_Projekt/install/mesh_navigation_ceres_sim
[0.134s] -- The C compiler identification is GNU 13.3.0
[0.220s] -- The CXX compiler identification is GNU 13.3.0
[0.245s] -- Detecting C compiler ABI info
[0.375s] -- Detecting C compiler ABI info - done
[0.385s] -- Check for working C compiler: /usr/bin/cc - skipped
[0.385s] -- Detecting C compile features
[0.386s] -- Detecting C compile features - done
[0.402s] -- Detecting CXX compiler ABI info
[0.556s] -- Detecting CXX compiler ABI info - done
[0.568s] -- Check for working CXX compiler: /usr/bin/c++ - skipped
[0.568s] -- Detecting CXX compile features
[0.568s] -- Detecting CXX compile features - done
[0.588s] -- Found ament_cmake: 2.5.5 (/opt/ros/jazzy/share/ament_cmake/cmake)
[0.847s] -- Found Python3: /usr/bin/python3 (found version "3.12.3") found components: Interpreter 
[1.098s] -- Found rclcpp: 28.1.16 (/opt/ros/jazzy/share/rclcpp/cmake)
[1.210s] -- Found rosidl_generator_c: 4.6.7 (/opt/ros/jazzy/share/rosidl_generator_c/cmake)
[1.243s] -- Found rosidl_generator_cpp: 4.6.7 (/opt/ros/jazzy/share/rosidl_generator_cpp/cmake)
[1.276s] -- Using all available rosidl_typesupport_c: rosidl_typesupport_fastrtps_c;rosidl_typesupport_introspection_c
[1.314s] -- Using all available rosidl_typesupport_cpp: rosidl_typesupport_fastrtps_cpp;rosidl_typesupport_introspection_cpp
[1.495s] -- Found rmw_implementation_cmake: 7.3.3 (/opt/ros/jazzy/share/rmw_implementation_cmake/cmake)
[1.505s] -- Found rmw_fastrtps_cpp: 8.4.3 (/opt/ros/jazzy/share/rmw_fastrtps_cpp/cmake)
[1.679s] -- Found OpenSSL: /usr/lib/x86_64-linux-gnu/libcrypto.so (found version "3.0.13")  
[1.707s] -- Found FastRTPS: /opt/ros/jazzy/include (Required is at least version "2.13") 
[1.742s] -- Using RMW implementation 'rmw_fastrtps_cpp' as default
[1.885s] -- Found rclcpp_components: 28.1.16 (/opt/ros/jazzy/share/rclcpp_components/cmake)
[1.964s] -- Found geometry_msgs: 5.3.6 (/opt/ros/jazzy/share/geometry_msgs/cmake)
[2.025s] -- Found tf2_ros: 0.36.19 (/opt/ros/jazzy/share/tf2_ros/cmake)
[2.206s] -- Found tf2_eigen: 0.36.19 (/opt/ros/jazzy/share/tf2_eigen/cmake)
[2.232s] -- Found tf2_geometry_msgs: 0.36.19 (/opt/ros/jazzy/share/tf2_geometry_msgs/cmake)
[2.258s] -- Found eigen3_cmake_module: 0.3.0 (/opt/ros/jazzy/share/eigen3_cmake_module/cmake)
[2.259s] -- Found Eigen3: TRUE (found version "3.4.0") 
[2.259s] -- Ensuring Eigen3 include directory is part of orocos-kdl CMake target
[2.270s] -- Found ament_lint_auto: 0.17.4 (/opt/ros/jazzy/share/ament_lint_auto/cmake)
[2.439s] -- Added test 'copyright' to check source files copyright and LICENSE
[2.445s] -- Added test 'pep257' to check Python code against some of the docstring style conventions in PEP 257
[2.450s] -- Configuring done (2.4s)
[2.461s] -- Generating done (0.0s)
[2.464s] -- Build files have been written to: /root/Shared/MIAPR_Projekt/build/mesh_navigation_ceres_sim
[2.480s] Invoked command in '/root/Shared/MIAPR_Projekt/build/mesh_navigation_ceres_sim' returned '0': AMENT_PREFIX_PATH=/root/Shared/MIAPR_Projekt/install/mesh_navigation_tutorials_sim:${AMENT_PREFIX_PATH} CMAKE_PREFIX_PATH=/root/Shared/MIAPR_Projekt/install/mesh_navigation_tutorials_sim:/opt/ros/jazzy/opt/gz_sim_vendor:/opt/ros/jazzy/opt/gz_sensors_vendor:/opt/ros/jazzy/opt/gz_physics_vendor:/opt/ros/jazzy/opt/sdformat_vendor:/opt/ros/jazzy/opt/gz_gui_vendor:/opt/ros/jazzy/opt/gz_transport_vendor:/opt/ros/jazzy/opt/gz_rendering_vendor:/opt/ros/jazzy/opt/gz_plugin_vendor:/opt/ros/jazzy/opt/gz_fuel_tools_vendor:/opt/ros/jazzy/opt/gz_msgs_vendor:/opt/ros/jazzy/opt/gz_common_vendor:/opt/ros/jazzy/opt/gz_math_vendor:/opt/ros/jazzy/opt/gz_utils_vendor:/opt/ros/jazzy/opt/gz_tools_vendor:/opt/ros/jazzy/opt/gz_ogre_next_vendor:/opt/ros/jazzy/opt/gz_dartsim_vendor:/opt/ros/jazzy/opt/gz_cmake_vendor:/opt/ros/jazzy GZ_SIM_RESOURCE_PATH=/root/Shared/MIAPR_Projekt/install/mesh_navigation_tutorials_sim/share/mesh_navigation_tutorials_sim/models LD_LIBRARY_PATH=/root/Shared/MIAPR_Projekt/install/mesh_navigation_tutorials_sim/lib:${LD_LIBRARY_PATH} /usr/bin/cmake /root/Shared/MIAPR_Projekt/colcon_ws/src/mesh_navigation_tutorials/mesh_navigation_ceres_sim -DCMAKE_INSTALL_PREFIX=/root/Shared/MIAPR_Projekt/install/mesh_navigation_ceres_sim
[2.481s] Invoking command in '/root/Shared/MIAPR_Projekt/build/mesh_navigation_ceres_sim': AMENT_PREFIX_PATH=/root/Shared/MIAPR_Projekt/install/mesh_navigation_tutorials_sim:${AMENT_PREFIX_PATH} CMAKE_PREFIX_PATH=/root/Shared/MIAPR_Projekt/install/mesh_navigation_tutorials_sim:/opt/ros/jazzy/opt/gz_sim_vendor:/opt/ros/jazzy/opt/gz_sensors_vendor:/opt/ros/jazzy/opt/gz_physics_vendor:/opt/ros/jazzy/opt/sdformat_vendor:/opt/ros/jazzy/opt/gz_gui_vendor:/opt/ros/jazzy/opt/gz_transport_vendor:/opt/ros/jazzy/opt/gz_rendering_vendor:/opt/ros/jazzy/opt/gz_plugin_vendor:/opt/ros/jazzy/opt/gz_fuel_tools_vendor:/opt/ros/jazzy/opt/gz_msgs_vendor:/opt/ros/jazzy/opt/gz_common_vendor:/opt/ros/jazzy/opt/gz_math_vendor:/opt/ros/jazzy/opt/gz_utils_vendor:/opt/ros/jazzy/opt/gz_tools_vendor:/opt/ros/jazzy/opt/gz_ogre_next_vendor:/opt/ros/jazzy/opt/gz_dartsim_vendor:/opt/ros/jazzy/opt/gz_cmake_vendor:/opt/ros/jazzy GZ_SIM_RESOURCE_PATH=/root/Shared/MIAPR_Projekt/install/mesh_navigation_tutorials_sim/share/mesh_navigation_tutorials_sim/models LD_LIBRARY_PATH=/root/Shared/MIAPR_Projekt/install/mesh_navigation_tutorials_sim/lib:${LD_LIBRARY_PATH} /usr/bin/cmake --build /root/Shared/MIAPR_Projekt/build/mesh_navigation_ceres_sim -- -j12 -l12
[2.551s] Invoked command in '/root/Shared/MIAPR_Projekt/build/mesh_navigation_ceres_sim' returned '0': AMENT_PREFIX_PATH=/root/Shared/MIAPR_Projekt/install/mesh_navigation_tutorials_sim:${AMENT_PREFIX_PATH} CMAKE_PREFIX_PATH=/root/Shared/MIAPR_Projekt/install/mesh_navigation_tutorials_sim:/opt/ros/jazzy/opt/gz_sim_vendor:/opt/ros/jazzy/opt/gz_sensors_vendor:/opt/ros/jazzy/opt/gz_physics_vendor:/opt/ros/jazzy/opt/sdformat_vendor:/opt/ros/jazzy/opt/gz_gui_vendor:/opt/ros/jazzy/opt/gz_transport_vendor:/opt/ros/jazzy/opt/gz_rendering_vendor:/opt/ros/jazzy/opt/gz_plugin_vendor:/opt/ros/jazzy/opt/gz_fuel_tools_vendor:/opt/ros/jazzy/opt/gz_msgs_vendor:/opt/ros/jazzy/opt/gz_common_vendor:/opt/ros/jazzy/opt/gz_math_vendor:/opt/ros/jazzy/opt/gz_utils_vendor:/opt/ros/jazzy/opt/gz_tools_vendor:/opt/ros/jazzy/opt/gz_ogre_next_vendor:/opt/ros/jazzy/opt/gz_dartsim_vendor:/opt/ros/jazzy/opt/gz_cmake_vendor:/opt/ros/jazzy GZ_SIM_RESOURCE_PATH=/root/Shared/MIAPR_Projekt/install/mesh_navigation_tutorials_sim/share/mesh_navigation_tutorials_sim/models LD_LIBRARY_PATH=/root/Shared/MIAPR_Projekt/install/mesh_navigation_tutorials_sim/lib:${LD_LIBRARY_PATH} /usr/bin/cmake --build /root/Shared/MIAPR_Projekt/build/mesh_navigation_ceres_sim -- -j12 -l12
[2.553s] Invoking command in '/root/Shared/MIAPR_Projekt/build/mesh_navigation_ceres_sim': AMENT_PREFIX_PATH=/root/Shared/MIAPR_Projekt/install/mesh_navigation_tutorials_sim:${AMENT_PREFIX_PATH} CMAKE_PREFIX_PATH=/root/Shared/MIAPR_Projekt/install/mesh_navigation_tutorials_sim:/opt/ros/jazzy/opt/gz_sim_vendor:/opt/ros/jazzy/opt/gz_sensors_vendor:/opt/ros/jazzy/opt/gz_physics_vendor:/opt/ros/jazzy/opt/sdformat_vendor:/opt/ros/jazzy/opt/gz_gui_vendor:/opt/ros/jazzy/opt/gz_transport_vendor:/opt/ros/jazzy/opt/gz_rendering_vendor:/opt/ros/jazzy/opt/gz_plugin_vendor:/opt/ros/jazzy/opt/gz_fuel_tools_vendor:/opt/ros/jazzy/opt/gz_msgs_vendor:/opt/ros/jazzy/opt/gz_common_vendor:/opt/ros/jazzy/opt/gz_math_vendor:/opt/ros/jazzy/opt/gz_utils_vendor:/opt/ros/jazzy/opt/gz_tools_vendor:/opt/ros/jazzy/opt/gz_ogre_next_vendor:/opt/ros/jazzy/opt/gz_dartsim_vendor:/opt/ros/jazzy/opt/gz_cmake_vendor:/opt/ros/jazzy GZ_SIM_RESOURCE_PATH=/root/Shared/MIAPR_Projekt/install/mesh_navigation_tutorials_sim/share/mesh_navigation_tutorials_sim/models LD_LIBRARY_PATH=/root/Shared/MIAPR_Projekt/install/mesh_navigation_tutorials_sim/lib:${LD_LIBRARY_PATH} /usr/bin/cmake --install /root/Shared/MIAPR_Projekt/build/mesh_navigation_ceres_sim
[2.569s] -- Install configuration: "Release"
[2.569s] -- Installing: /root/Shared/MIAPR_Projekt/install/mesh_navigation_ceres_sim/share/mesh_navigation_ceres_sim/environment/mesh_navigation_ceres_sim.dsv
[2.569s] -- Installing: /root/Shared/MIAPR_Projekt/install/mesh_navigation_ceres_sim/share/mesh_navigation_ceres_sim/environment/mesh_navigation_ceres_sim.sh
[2.570s] -- Installing: /root/Shared/MIAPR_Projekt/install/mesh_navigation_ceres_sim/share/mesh_navigation_ceres_sim/launch
[2.570s] -- Installing: /root/Shared/MIAPR_Projekt/install/mesh_navigation_ceres_sim/share/mesh_navigation_ceres_sim/launch/simulation_launch.py
[2.570s] -- Installing: /root/Shared/MIAPR_Projekt/install/mesh_navigation_ceres_sim/share/mesh_navigation_ceres_sim/models
[2.570s] -- Installing: /root/Shared/MIAPR_Projekt/install/mesh_navigation_ceres_sim/share/mesh_navigation_ceres_sim/models/README.md
[2.570s] -- Installing: /root/Shared/MIAPR_Projekt/install/mesh_navigation_ceres_sim/share/mesh_navigation_ceres_sim/models/fh_aachen
[2.571s] -- Installing: /root/Shared/MIAPR_Projekt/install/mesh_navigation_ceres_sim/share/mesh_navigation_ceres_sim/models/fh_aachen/meshes
[2.571s] -- Installing: /root/Shared/MIAPR_Projekt/install/mesh_navigation_ceres_sim/share/mesh_navigation_ceres_sim/models/fh_aachen/meshes/fh_aachen.obj
[2.571s] -- Installing: /root/Shared/MIAPR_Projekt/install/mesh_navigation_ceres_sim/share/mesh_navigation_ceres_sim/models/fh_aachen/model.sdf
[2.572s] -- Installing: /root/Shared/MIAPR_Projekt/install/mesh_navigation_ceres_sim/share/mesh_navigation_ceres_sim/models/fh_aachen/model.config
[2.572s] -- Installing: /root/Shared/MIAPR_Projekt/install/mesh_navigation_ceres_sim/share/mesh_navigation_ceres_sim/models/cic_outdoor
[2.572s] -- Installing: /root/Shared/MIAPR_Projekt/install/mesh_navigation_ceres_sim/share/mesh_navigation_ceres_sim/models/cic_outdoor/meshes
[2.573s] -- Installing: /root/Shared/MIAPR_Projekt/install/mesh_navigation_ceres_sim/share/mesh_navigation_ceres_sim/models/cic_outdoor/meshes/cic_outdoor.dae
[2.573s] -- Installing: /root/Shared/MIAPR_Projekt/install/mesh_navigation_ceres_sim/share/mesh_navigation_ceres_sim/models/cic_outdoor/model.sdf
[2.573s] -- Installing: /root/Shared/MIAPR_Projekt/install/mesh_navigation_ceres_sim/share/mesh_navigation_ceres_sim/models/cic_outdoor/model.config
[2.576s] -- Installing: /root/Shared/MIAPR_Projekt/install/mesh_navigation_ceres_sim/share/mesh_navigation_ceres_sim/models/agrotechnicum
[2.576s] -- Installing: /root/Shared/MIAPR_Projekt/install/mesh_navigation_ceres_sim/share/mesh_navigation_ceres_sim/models/agrotechnicum/meshes
[2.577s] -- Installing: /root/Shared/MIAPR_Projekt/install/mesh_navigation_ceres_sim/share/mesh_navigation_ceres_sim/models/agrotechnicum/meshes/agrotechnicum.dae
[2.577s] -- Installing: /root/Shared/MIAPR_Projekt/install/mesh_navigation_ceres_sim/share/mesh_navigation_ceres_sim/models/agrotechnicum/model.sdf
[2.578s] -- Installing: /root/Shared/MIAPR_Projekt/install/mesh_navigation_ceres_sim/share/mesh_navigation_ceres_sim/models/agrotechnicum/model.config
[2.578s] -- Installing: /root/Shared/MIAPR_Projekt/install/mesh_navigation_ceres_sim/share/mesh_navigation_ceres_sim/worlds
[2.578s] -- Installing: /root/Shared/MIAPR_Projekt/install/mesh_navigation_ceres_sim/share/mesh_navigation_ceres_sim/worlds/README.md
[2.578s] -- Installing: /root/Shared/MIAPR_Projekt/install/mesh_navigation_ceres_sim/share/mesh_navigation_ceres_sim/worlds/cic_outdoor.sdf
[2.579s] -- Installing: /root/Shared/MIAPR_Projekt/install/mesh_navigation_ceres_sim/share/mesh_navigation_ceres_sim/worlds/fh_aachen.sdf
[2.579s] -- Installing: /root/Shared/MIAPR_Projekt/install/mesh_navigation_ceres_sim/share/mesh_navigation_ceres_sim/worlds/agrotechnicum.sdf
[2.579s] -- Installing: /root/Shared/MIAPR_Projekt/install/mesh_navigation_ceres_sim/share/ament_index/resource_index/package_run_dependencies/mesh_navigation_ceres_sim
[2.579s] -- Installing: /root/Shared/MIAPR_Projekt/install/mesh_navigation_ceres_sim/share/ament_index/resource_index/parent_prefix_path/mesh_navigation_ceres_sim
[2.579s] -- Installing: /root/Shared/MIAPR_Projekt/install/mesh_navigation_ceres_sim/share/mesh_navigation_ceres_sim/environment/ament_prefix_path.sh
[2.579s] -- Installing: /root/Shared/MIAPR_Projekt/install/mesh_navigation_ceres_sim/share/mesh_navigation_ceres_sim/environment/ament_prefix_path.dsv
[2.579s] -- Installing: /root/Shared/MIAPR_Projekt/install/mesh_navigation_ceres_sim/share/mesh_navigation_ceres_sim/environment/path.sh
[2.579s] -- Installing: /root/Shared/MIAPR_Projekt/install/mesh_navigation_ceres_sim/share/mesh_navigation_ceres_sim/environment/path.dsv
[2.580s] -- Installing: /root/Shared/MIAPR_Projekt/install/mesh_navigation_ceres_sim/share/mesh_navigation_ceres_sim/local_setup.bash
[2.582s] -- Installing: /root/Shared/MIAPR_Projekt/install/mesh_navigation_ceres_sim/share/mesh_navigation_ceres_sim/local_setup.sh
[2.582s] -- Installing: /root/Shared/MIAPR_Projekt/install/mesh_navigation_ceres_sim/share/mesh_navigation_ceres_sim/local_setup.zsh
[2.582s] -- Installing: /root/Shared/MIAPR_Projekt/install/mesh_navigation_ceres_sim/share/mesh_navigation_ceres_sim/local_setup.dsv
[2.582s] -- Installing: /root/Shared/MIAPR_Projekt/install/mesh_navigation_ceres_sim/share/mesh_navigation_ceres_sim/package.dsv
[2.582s] -- Installing: /root/Shared/MIAPR_Projekt/install/mesh_navigation_ceres_sim/share/ament_index/resource_index/packages/mesh_navigation_ceres_sim
[2.583s] -- Installing: /root/Shared/MIAPR_Projekt/install/mesh_navigation_ceres_sim/share/mesh_navigation_ceres_sim/cmake/mesh_navigation_ceres_simConfig.cmake
[2.583s] -- Installing: /root/Shared/MIAPR_Projekt/install/mesh_navigation_ceres_sim/share/mesh_navigation_ceres_sim/cmake/mesh_navigation_ceres_simConfig-version.cmake
[2.583s] -- Installing: /root/Shared/MIAPR_Projekt/install/mesh_navigation_ceres_sim/share/mesh_navigation_ceres_sim/package.xml
[2.586s] Invoked command in '/root/Shared/MIAPR_Projekt/build/mesh_navigation_ceres_sim' returned '0': AMENT_PREFIX_PATH=/root/Shared/MIAPR_Projekt/install/mesh_navigation_tutorials_sim:${AMENT_PREFIX_PATH} CMAKE_PREFIX_PATH=/root/Shared/MIAPR_Projekt/install/mesh_navigation_tutorials_sim:/opt/ros/jazzy/opt/gz_sim_vendor:/opt/ros/jazzy/opt/gz_sensors_vendor:/opt/ros/jazzy/opt/gz_physics_vendor:/opt/ros/jazzy/opt/sdformat_vendor:/opt/ros/jazzy/opt/gz_gui_vendor:/opt/ros/jazzy/opt/gz_transport_vendor:/opt/ros/jazzy/opt/gz_rendering_vendor:/opt/ros/jazzy/opt/gz_plugin_vendor:/opt/ros/jazzy/opt/gz_fuel_tools_vendor:/opt/ros/jazzy/opt/gz_msgs_vendor:/opt/ros/jazzy/opt/gz_common_vendor:/opt/ros/jazzy/opt/gz_math_vendor:/opt/ros/jazzy/opt/gz_utils_vendor:/opt/ros/jazzy/opt/gz_tools_vendor:/opt/ros/jazzy/opt/gz_ogre_next_vendor:/opt/ros/jazzy/opt/gz_dartsim_vendor:/opt/ros/jazzy/opt/gz_cmake_vendor:/opt/ros/jazzy GZ_SIM_RESOURCE_PATH=/root/Shared/MIAPR_Projekt/install/mesh_navigation_tutorials_sim/share/mesh_navigation_tutorials_sim/models LD_LIBRARY_PATH=/root/Shared/MIAPR_Projekt/install/mesh_navigation_tutorials_sim/lib:${LD_LIBRARY_PATH} /usr/bin/cmake --install /root/Shared/MIAPR_Projekt/build/mesh_navigation_ceres_sim
