[ 20%] Built target gmock
[ 33%] Built target gmock_main
[ 46%] Built target mbf_simple_nav_lib
[ 73%] Built target mbf_simple_nav_test_plugins
[ 86%] Built target mbf_simple_nav_node
[100%] Built target mbf_simple_nav_integration_test
-- Install configuration: ""
-- Execute custom install script
-- Up-to-date symlink: /root/Shared/MIAPR_Projekt/colcon_ws/install/mbf_simple_nav/include/mbf_simple_nav/simple_navigation_server.h
-- Up-to-date symlink: /root/Shared/MIAPR_Projekt/colcon_ws/install/mbf_simple_nav/lib/mbf_simple_nav/mbf_simple_nav_node
-- Up-to-date symlink: /root/Shared/MIAPR_Projekt/colcon_ws/install/mbf_simple_nav/share/mbf_simple_nav/test/plugins/mbf_simple_nav_test_plugins.xml
-- Up-to-date symlink: /root/Shared/MIAPR_Projekt/colcon_ws/install/mbf_simple_nav/lib/libmbf_simple_nav_test_plugins.so
-- Up-to-date symlink: /root/Shared/MIAPR_Projekt/colcon_ws/install/mbf_simple_nav/share/mbf_simple_nav/environment/library_path.sh
-- Up-to-date symlink: /root/Shared/MIAPR_Projekt/colcon_ws/install/mbf_simple_nav/share/mbf_simple_nav/environment/library_path.dsv
-- Up-to-date symlink: /root/Shared/MIAPR_Projekt/colcon_ws/install/mbf_simple_nav/share/ament_index/resource_index/package_run_dependencies/mbf_simple_nav
-- Up-to-date symlink: /root/Shared/MIAPR_Projekt/colcon_ws/install/mbf_simple_nav/share/ament_index/resource_index/parent_prefix_path/mbf_simple_nav
-- Up-to-date symlink: /root/Shared/MIAPR_Projekt/colcon_ws/install/mbf_simple_nav/share/mbf_simple_nav/environment/ament_prefix_path.sh
-- Up-to-date symlink: /root/Shared/MIAPR_Projekt/colcon_ws/install/mbf_simple_nav/share/mbf_simple_nav/environment/ament_prefix_path.dsv
-- Up-to-date symlink: /root/Shared/MIAPR_Projekt/colcon_ws/install/mbf_simple_nav/share/mbf_simple_nav/environment/path.sh
-- Up-to-date symlink: /root/Shared/MIAPR_Projekt/colcon_ws/install/mbf_simple_nav/share/mbf_simple_nav/environment/path.dsv
-- Up-to-date symlink: /root/Shared/MIAPR_Projekt/colcon_ws/install/mbf_simple_nav/share/mbf_simple_nav/local_setup.bash
-- Up-to-date symlink: /root/Shared/MIAPR_Projekt/colcon_ws/install/mbf_simple_nav/share/mbf_simple_nav/local_setup.sh
-- Up-to-date symlink: /root/Shared/MIAPR_Projekt/colcon_ws/install/mbf_simple_nav/share/mbf_simple_nav/local_setup.zsh
-- Up-to-date symlink: /root/Shared/MIAPR_Projekt/colcon_ws/install/mbf_simple_nav/share/mbf_simple_nav/local_setup.dsv
-- Symlinking: /root/Shared/MIAPR_Projekt/colcon_ws/install/mbf_simple_nav/share/mbf_simple_nav/package.dsv
-- Up-to-date symlink: /root/Shared/MIAPR_Projekt/colcon_ws/install/mbf_simple_nav/share/ament_index/resource_index/packages/mbf_simple_nav
-- Up-to-date symlink: /root/Shared/MIAPR_Projekt/colcon_ws/install/mbf_simple_nav/share/ament_index/resource_index/mbf_simple_core__pluginlib__plugin/mbf_simple_nav
-- Up-to-date symlink: /root/Shared/MIAPR_Projekt/colcon_ws/install/mbf_simple_nav/share/mbf_simple_nav/cmake/ament_cmake_export_targets-extras.cmake
-- Up-to-date symlink: /root/Shared/MIAPR_Projekt/colcon_ws/install/mbf_simple_nav/share/mbf_simple_nav/cmake/ament_cmake_export_dependencies-extras.cmake
-- Up-to-date symlink: /root/Shared/MIAPR_Projekt/colcon_ws/install/mbf_simple_nav/share/mbf_simple_nav/cmake/mbf_simple_navConfig.cmake
-- Up-to-date symlink: /root/Shared/MIAPR_Projekt/colcon_ws/install/mbf_simple_nav/share/mbf_simple_nav/cmake/mbf_simple_navConfig-version.cmake
-- Up-to-date symlink: /root/Shared/MIAPR_Projekt/colcon_ws/install/mbf_simple_nav/share/mbf_simple_nav/package.xml
-- Up-to-date: /root/Shared/MIAPR_Projekt/colcon_ws/install/mbf_simple_nav/lib/libmbf_simple_nav_lib.so
-- Up-to-date: /root/Shared/MIAPR_Projekt/colcon_ws/install/mbf_simple_nav/share/mbf_simple_nav/cmake/export_mbf_simple_navExport.cmake
-- Up-to-date: /root/Shared/MIAPR_Projekt/colcon_ws/install/mbf_simple_nav/share/mbf_simple_nav/cmake/export_mbf_simple_navExport-noconfig.cmake
