-- The C compiler identification is GNU 13.3.0
-- The CXX compiler identification is GNU 13.3.0
-- Detecting C compiler ABI info
-- Detecting C compiler ABI info - done
-- Check for working C compiler: /usr/bin/cc - skipped
-- Detecting C compile features
-- Detecting C compile features - done
-- Detecting CXX compiler ABI info
-- Detecting CXX compiler ABI info - done
-- Check for working CXX compiler: /usr/bin/c++ - skipped
-- Detecting CXX compile features
-- Detecting CXX compile features - done
-- Found ament_cmake: 2.5.5 (/opt/ros/jazzy/share/ament_cmake/cmake)
-- Found Python3: /usr/bin/python3 (found version "3.12.3") found components: Interpreter 
-- Override CMake install command with custom implementation using symlinks instead of copying resources
-- Found ament_lint_auto: 0.17.4 (/opt/ros/jazzy/share/ament_lint_auto/cmake)
-- Added test 'copyright' to check source files copyright and LICENSE
-- Added test 'pep257' to check Python code against some of the docstring style conventions in PEP 257
-- Configuring done (0.9s)
-- Generating done (0.0s)
-- Build files have been written to: /root/Shared/MIAPR_Projekt/colcon_ws/build/mesh_navigation_tutorials
-- Install configuration: ""
-- Execute custom install script
-- Symlinking: /root/Shared/MIAPR_Projekt/colcon_ws/install/mesh_navigation_tutorials/share/mesh_navigation_tutorials/config/ekf.yaml
-- Symlinking: /root/Shared/MIAPR_Projekt/colcon_ws/install/mesh_navigation_tutorials/share/mesh_navigation_tutorials/config/mbf_mesh_nav.yaml
-- Symlinking: /root/Shared/MIAPR_Projekt/colcon_ws/install/mesh_navigation_tutorials/share/mesh_navigation_tutorials/config/rmcl.yaml
-- Symlinking: /root/Shared/MIAPR_Projekt/colcon_ws/install/mesh_navigation_tutorials/share/mesh_navigation_tutorials/launch/mbf_mesh_navigation_server_launch.py
-- Symlinking: /root/Shared/MIAPR_Projekt/colcon_ws/install/mesh_navigation_tutorials/share/mesh_navigation_tutorials/launch/mesh_navigation_tutorials_launch.py
-- Symlinking: /root/Shared/MIAPR_Projekt/colcon_ws/install/mesh_navigation_tutorials/share/mesh_navigation_tutorials/launch/rmcl_launch.py
-- Symlinking: /root/Shared/MIAPR_Projekt/colcon_ws/install/mesh_navigation_tutorials/share/mesh_navigation_tutorials/rviz/default.rviz
-- Symlinking: /root/Shared/MIAPR_Projekt/colcon_ws/install/mesh_navigation_tutorials/share/mesh_navigation_tutorials/maps/floor_is_lava.ply
-- Symlinking: /root/Shared/MIAPR_Projekt/colcon_ws/install/mesh_navigation_tutorials/share/mesh_navigation_tutorials/maps/parking_garage.ply
-- Symlinking: /root/Shared/MIAPR_Projekt/colcon_ws/install/mesh_navigation_tutorials/share/mesh_navigation_tutorials/maps/tray.ply
-- Symlinking: /root/Shared/MIAPR_Projekt/colcon_ws/install/mesh_navigation_tutorials/share/ament_index/resource_index/package_run_dependencies/mesh_navigation_tutorials
-- Symlinking: /root/Shared/MIAPR_Projekt/colcon_ws/install/mesh_navigation_tutorials/share/ament_index/resource_index/parent_prefix_path/mesh_navigation_tutorials
-- Symlinking: /root/Shared/MIAPR_Projekt/colcon_ws/install/mesh_navigation_tutorials/share/mesh_navigation_tutorials/environment/ament_prefix_path.sh
-- Symlinking: /root/Shared/MIAPR_Projekt/colcon_ws/install/mesh_navigation_tutorials/share/mesh_navigation_tutorials/environment/ament_prefix_path.dsv
-- Symlinking: /root/Shared/MIAPR_Projekt/colcon_ws/install/mesh_navigation_tutorials/share/mesh_navigation_tutorials/environment/path.sh
-- Symlinking: /root/Shared/MIAPR_Projekt/colcon_ws/install/mesh_navigation_tutorials/share/mesh_navigation_tutorials/environment/path.dsv
-- Symlinking: /root/Shared/MIAPR_Projekt/colcon_ws/install/mesh_navigation_tutorials/share/mesh_navigation_tutorials/local_setup.bash
-- Symlinking: /root/Shared/MIAPR_Projekt/colcon_ws/install/mesh_navigation_tutorials/share/mesh_navigation_tutorials/local_setup.sh
-- Symlinking: /root/Shared/MIAPR_Projekt/colcon_ws/install/mesh_navigation_tutorials/share/mesh_navigation_tutorials/local_setup.zsh
-- Symlinking: /root/Shared/MIAPR_Projekt/colcon_ws/install/mesh_navigation_tutorials/share/mesh_navigation_tutorials/local_setup.dsv
-- Symlinking: /root/Shared/MIAPR_Projekt/colcon_ws/install/mesh_navigation_tutorials/share/mesh_navigation_tutorials/package.dsv
-- Symlinking: /root/Shared/MIAPR_Projekt/colcon_ws/install/mesh_navigation_tutorials/share/ament_index/resource_index/packages/mesh_navigation_tutorials
-- Symlinking: /root/Shared/MIAPR_Projekt/colcon_ws/install/mesh_navigation_tutorials/share/mesh_navigation_tutorials/cmake/mesh_navigation_tutorialsConfig.cmake
-- Symlinking: /root/Shared/MIAPR_Projekt/colcon_ws/install/mesh_navigation_tutorials/share/mesh_navigation_tutorials/cmake/mesh_navigation_tutorialsConfig-version.cmake
-- Symlinking: /root/Shared/MIAPR_Projekt/colcon_ws/install/mesh_navigation_tutorials/share/mesh_navigation_tutorials/package.xml
