In file included from [01m[K/root/Shared/MIAPR_Projekt/colcon_ws/src/mesh_tools/rviz_mesh_tools_plugins/include/rviz_mesh_tools_plugins/MeshPoseTool.hpp:48[m[K,
                 from [01m[K/root/Shared/MIAPR_Projekt/colcon_ws/build/rviz_mesh_tools_plugins/rviz_mesh_tools_plugins_autogen/RHH6IMX7JG/../../../../src/mesh_tools/rviz_mesh_tools_plugins/include/rviz_mesh_tools_plugins/MeshGoalTool.hpp:48[m[K,
                 from [01m[K/root/Shared/MIAPR_Projekt/colcon_ws/build/rviz_mesh_tools_plugins/rviz_mesh_tools_plugins_autogen/RHH6IMX7JG/moc_MeshGoalTool.cpp:10[m[K,
                 from [01m[K/root/Shared/MIAPR_Projekt/colcon_ws/build/rviz_mesh_tools_plugins/rviz_mesh_tools_plugins_autogen/mocs_compilation.cpp:7[m[K:
[01m[K/opt/ros/jazzy/opt/rviz_ogre_vendor/include/OGRE/OgreVector3.h:2:62:[m[K [01;36m[Knote: [m[K‘[01m[K#pragma message: /opt/ros/jazzy/opt/rviz_ogre_vendor/include/OGRE/OgreVector3.h is deprecated, migrate to Ogre.h[m[K’
    2 | #pragma message( __FILE__ " is deprecated, migrate to Ogre.h"[01;36m[K)[m[K
      |                                                              [01;36m[K^[m[K
[01m[K/root/Shared/MIAPR_Projekt/colcon_ws/src/mesh_tools/rviz_mesh_tools_plugins/src/MeshDisplay.cpp:[m[K In member function ‘[01m[Kvoid rviz_mesh_tools_plugins::MeshDisplay::[01;32m[KupdateBufferSize[m[K()[m[K’:
[01m[K/root/Shared/MIAPR_Projekt/colcon_ws/src/mesh_tools/rviz_mesh_tools_plugins/src/MeshDisplay.cpp:623:27:[m[K [01;35m[Kwarning: [m[Kcomparison of integer expressions of different signedness: ‘[01m[Kstd::queue<std::shared_ptr<rviz_mesh_tools_plugins::MeshVisual> >::size_type[m[K’ {aka ‘[01m[Klong unsigned int[m[K’} and ‘[01m[Kint[m[K’ [[01;35m[K-Wsign-compare[m[K]
  623 |   while ([01;35m[Km_visuals.size() > m_bufferSize->getInt()[m[K)
      |          [01;35m[K~~~~~~~~~~~~~~~~~^~~~~~~~~~~~~~~~~~~~~~~~[m[K
[01m[K/root/Shared/MIAPR_Projekt/colcon_ws/src/mesh_tools/rviz_mesh_tools_plugins/src/MeshDisplay.cpp:[m[K In member function ‘[01m[Kvoid rviz_mesh_tools_plugins::MeshDisplay::[01;32m[KrequestMaterials[m[K(std::string)[m[K’:
[01m[K/root/Shared/MIAPR_Projekt/colcon_ws/src/mesh_tools/rviz_mesh_tools_plugins/src/MeshDisplay.cpp:1374:23:[m[K [01;35m[Kwarning: [m[Kcomparison of integer expressions of different signedness: ‘[01m[Kint[m[K’ and ‘[01m[Kstd::vector<mesh_msgs::msg::MeshMaterial_<std::allocator<void> >, std::allocator<mesh_msgs::msg::MeshMaterial_<std::allocator<void> > > >::size_type[m[K’ {aka ‘[01m[Klong unsigned int[m[K’} [[01;35m[K-Wsign-compare[m[K]
 1374 |     for (int i = 0; [01;35m[Ki < meshMaterialsStamped.mesh_materials.materials.size()[m[K; i++)
      |                     [01;35m[K~~^~~~~~~~~~~~~~~~~~~~~~~~~~~~~~~~~~~~~~~~~~~~~~~~~~~~~~[m[K
[01m[K/root/Shared/MIAPR_Projekt/colcon_ws/src/mesh_tools/rviz_mesh_tools_plugins/src/MeshDisplay.cpp:1380:23:[m[K [01;35m[Kwarning: [m[Kcomparison of integer expressions of different signedness: ‘[01m[Kint[m[K’ and ‘[01m[Kstd::vector<mesh_msgs::msg::MeshFaceCluster_<std::allocator<void> >, std::allocator<mesh_msgs::msg::MeshFaceCluster_<std::allocator<void> > > >::size_type[m[K’ {aka ‘[01m[Klong unsigned int[m[K’} [[01;35m[K-Wsign-compare[m[K]
 1380 |     for (int i = 0; [01;35m[Ki < meshMaterialsStamped.mesh_materials.clusters.size()[m[K; i++)
      |                     [01;35m[K~~^~~~~~~~~~~~~~~~~~~~~~~~~~~~~~~~~~~~~~~~~~~~~~~~~~~~~[m[K
[01m[K/root/Shared/MIAPR_Projekt/colcon_ws/src/mesh_tools/rviz_mesh_tools_plugins/src/MeshDisplay.cpp:1385:43:[m[K [01;35m[Kwarning: [m[Kunused variable ‘[01m[Kmat[m[K’ [[01;35m[K-Wunused-variable[m[K]
 1385 |       const mesh_msgs::msg::MeshMaterial& [01;35m[Kmat[m[K = meshMaterialsStamped.mesh_materials.materials[materialIndex];
      |                                           [01;35m[K^~~[m[K
[01m[K/root/Shared/MIAPR_Projekt/colcon_ws/src/mesh_tools/rviz_mesh_tools_plugins/src/MeshDisplay.cpp:1356:32:[m[K [01;35m[Kwarning: [m[Kunused variable ‘[01m[Ksrv[m[K’ [[01;35m[K-Wunused-variable[m[K]
 1356 |   mesh_msgs::srv::GetMaterials [01;35m[Ksrv[m[K;
      |                                [01;35m[K^~~[m[K
[01m[K/root/Shared/MIAPR_Projekt/colcon_ws/src/mesh_tools/rviz_mesh_tools_plugins/src/MeshDisplay.cpp:[m[K In member function ‘[01m[Kstd::shared_ptr<rviz_mesh_tools_plugins::MeshVisual> rviz_mesh_tools_plugins::MeshDisplay::[01;32m[KaddNewVisual[m[K()[m[K’:
[01m[K/root/Shared/MIAPR_Projekt/colcon_ws/src/mesh_tools/rviz_mesh_tools_plugins/src/MeshDisplay.cpp:1482:24:[m[K [01;35m[Kwarning: [m[Kcomparison of integer expressions of different signedness: ‘[01m[Kstd::queue<std::shared_ptr<rviz_mesh_tools_plugins::MeshVisual> >::size_type[m[K’ {aka ‘[01m[Klong unsigned int[m[K’} and ‘[01m[Kint[m[K’ [[01;35m[K-Wsign-compare[m[K]
 1482 |   if ([01;35m[Km_visuals.size() > bufferCapacity[m[K)
      |       [01;35m[K~~~~~~~~~~~~~~~~~^~~~~~~~~~~~~~~~[m[K
