-- Install configuration: "Release"
-- Up-to-date: /root/Shared/MIAPR_Projekt/install/mesh_navigation_pluto_sim/share/mesh_navigation_pluto_sim/environment/mesh_navigation_pluto_sim.dsv
-- Up-to-date: /root/Shared/MIAPR_Projekt/install/mesh_navigation_pluto_sim/share/mesh_navigation_pluto_sim/environment/mesh_navigation_pluto_sim.sh
-- Up-to-date: /root/Shared/MIAPR_Projekt/install/mesh_navigation_pluto_sim/share/mesh_navigation_pluto_sim/launch
-- Up-to-date: /root/Shared/MIAPR_Projekt/install/mesh_navigation_pluto_sim/share/mesh_navigation_pluto_sim/launch/simulation_launch.py
-- Up-to-date: /root/Shared/MIAPR_Projekt/install/mesh_navigation_pluto_sim/share/mesh_navigation_pluto_sim/models
-- Up-to-date: /root/Shared/MIAPR_Projekt/install/mesh_navigation_pluto_sim/share/mesh_navigation_pluto_sim/models/botanical_garden_osnabrueck
-- Up-to-date: /root/Shared/MIAPR_Projekt/install/mesh_navigation_pluto_sim/share/mesh_navigation_pluto_sim/models/botanical_garden_osnabrueck/meshes
-- Up-to-date: /root/Shared/MIAPR_Projekt/install/mesh_navigation_pluto_sim/share/mesh_navigation_pluto_sim/models/botanical_garden_osnabrueck/meshes/botanical_garden_osnabrueck.dae
-- Up-to-date: /root/Shared/MIAPR_Projekt/install/mesh_navigation_pluto_sim/share/mesh_navigation_pluto_sim/models/botanical_garden_osnabrueck/model.sdf
-- Up-to-date: /root/Shared/MIAPR_Projekt/install/mesh_navigation_pluto_sim/share/mesh_navigation_pluto_sim/models/botanical_garden_osnabrueck/model.config
-- Up-to-date: /root/Shared/MIAPR_Projekt/install/mesh_navigation_pluto_sim/share/mesh_navigation_pluto_sim/models/README.md
-- Up-to-date: /root/Shared/MIAPR_Projekt/install/mesh_navigation_pluto_sim/share/mesh_navigation_pluto_sim/models/stone_quarry_brockum
-- Up-to-date: /root/Shared/MIAPR_Projekt/install/mesh_navigation_pluto_sim/share/mesh_navigation_pluto_sim/models/stone_quarry_brockum/meshes
-- Up-to-date: /root/Shared/MIAPR_Projekt/install/mesh_navigation_pluto_sim/share/mesh_navigation_pluto_sim/models/stone_quarry_brockum/meshes/stone_quarry_brockum.dae
-- Up-to-date: /root/Shared/MIAPR_Projekt/install/mesh_navigation_pluto_sim/share/mesh_navigation_pluto_sim/models/stone_quarry_brockum/model.sdf
-- Up-to-date: /root/Shared/MIAPR_Projekt/install/mesh_navigation_pluto_sim/share/mesh_navigation_pluto_sim/models/stone_quarry_brockum/model.config
-- Up-to-date: /root/Shared/MIAPR_Projekt/install/mesh_navigation_pluto_sim/share/mesh_navigation_pluto_sim/models/physics_campus_uos
-- Up-to-date: /root/Shared/MIAPR_Projekt/install/mesh_navigation_pluto_sim/share/mesh_navigation_pluto_sim/models/physics_campus_uos/meshes
-- Up-to-date: /root/Shared/MIAPR_Projekt/install/mesh_navigation_pluto_sim/share/mesh_navigation_pluto_sim/models/physics_campus_uos/meshes/physics_campus_uos.dae
-- Up-to-date: /root/Shared/MIAPR_Projekt/install/mesh_navigation_pluto_sim/share/mesh_navigation_pluto_sim/models/physics_campus_uos/model.sdf
-- Up-to-date: /root/Shared/MIAPR_Projekt/install/mesh_navigation_pluto_sim/share/mesh_navigation_pluto_sim/models/physics_campus_uos/model.config
-- Up-to-date: /root/Shared/MIAPR_Projekt/install/mesh_navigation_pluto_sim/share/mesh_navigation_pluto_sim/worlds
-- Up-to-date: /root/Shared/MIAPR_Projekt/install/mesh_navigation_pluto_sim/share/mesh_navigation_pluto_sim/worlds/physics_campus_uos.sdf
-- Up-to-date: /root/Shared/MIAPR_Projekt/install/mesh_navigation_pluto_sim/share/mesh_navigation_pluto_sim/worlds/README.md
-- Up-to-date: /root/Shared/MIAPR_Projekt/install/mesh_navigation_pluto_sim/share/mesh_navigation_pluto_sim/worlds/stone_quarry_brockum.sdf
-- Up-to-date: /root/Shared/MIAPR_Projekt/install/mesh_navigation_pluto_sim/share/mesh_navigation_pluto_sim/worlds/botanical_garden_osnabrueck.sdf
-- Up-to-date: /root/Shared/MIAPR_Projekt/install/mesh_navigation_pluto_sim/share/ament_index/resource_index/package_run_dependencies/mesh_navigation_pluto_sim
-- Up-to-date: /root/Shared/MIAPR_Projekt/install/mesh_navigation_pluto_sim/share/ament_index/resource_index/parent_prefix_path/mesh_navigation_pluto_sim
-- Up-to-date: /root/Shared/MIAPR_Projekt/install/mesh_navigation_pluto_sim/share/mesh_navigation_pluto_sim/environment/ament_prefix_path.sh
-- Up-to-date: /root/Shared/MIAPR_Projekt/install/mesh_navigation_pluto_sim/share/mesh_navigation_pluto_sim/environment/ament_prefix_path.dsv
-- Up-to-date: /root/Shared/MIAPR_Projekt/install/mesh_navigation_pluto_sim/share/mesh_navigation_pluto_sim/environment/path.sh
-- Up-to-date: /root/Shared/MIAPR_Projekt/install/mesh_navigation_pluto_sim/share/mesh_navigation_pluto_sim/environment/path.dsv
-- Up-to-date: /root/Shared/MIAPR_Projekt/install/mesh_navigation_pluto_sim/share/mesh_navigation_pluto_sim/local_setup.bash
-- Up-to-date: /root/Shared/MIAPR_Projekt/install/mesh_navigation_pluto_sim/share/mesh_navigation_pluto_sim/local_setup.sh
-- Up-to-date: /root/Shared/MIAPR_Projekt/install/mesh_navigation_pluto_sim/share/mesh_navigation_pluto_sim/local_setup.zsh
-- Up-to-date: /root/Shared/MIAPR_Projekt/install/mesh_navigation_pluto_sim/share/mesh_navigation_pluto_sim/local_setup.dsv
-- Up-to-date: /root/Shared/MIAPR_Projekt/install/mesh_navigation_pluto_sim/share/mesh_navigation_pluto_sim/package.dsv
-- Up-to-date: /root/Shared/MIAPR_Projekt/install/mesh_navigation_pluto_sim/share/ament_index/resource_index/packages/mesh_navigation_pluto_sim
-- Up-to-date: /root/Shared/MIAPR_Projekt/install/mesh_navigation_pluto_sim/share/mesh_navigation_pluto_sim/cmake/mesh_navigation_pluto_simConfig.cmake
-- Up-to-date: /root/Shared/MIAPR_Projekt/install/mesh_navigation_pluto_sim/share/mesh_navigation_pluto_sim/cmake/mesh_navigation_pluto_simConfig-version.cmake
-- Up-to-date: /root/Shared/MIAPR_Projekt/install/mesh_navigation_pluto_sim/share/mesh_navigation_pluto_sim/package.xml
