[0.000000] (-) TimerEvent: {}
[0.001030] (-) JobUnselected: {'identifier': 'dijkstra_mesh_planner'}
[0.001142] (-) JobUnselected: {'identifier': 'label_manager'}
[0.001174] (-) JobUnselected: {'identifier': 'mbf_abstract_core'}
[0.001199] (-) JobUnselected: {'identifier': 'mbf_abstract_nav'}
[0.001230] (-) JobUnselected: {'identifier': 'mbf_mesh_core'}
[0.001253] (-) JobUnselected: {'identifier': 'mbf_mesh_nav'}
[0.001278] (-) JobUnselected: {'identifier': 'mbf_msgs'}
[0.001301] (-) JobUnselected: {'identifier': 'mbf_simple_core'}
[0.001322] (-) JobUnselected: {'identifier': 'mbf_simple_nav'}
[0.001343] (-) JobUnselected: {'identifier': 'mbf_test_utility'}
[0.001379] (-) JobUnselected: {'identifier': 'mbf_utility'}
[0.001487] (-) JobUnselected: {'identifier': 'mesh_controller'}
[0.001511] (-) JobUnselected: {'identifier': 'mesh_layers'}
[0.001532] (-) JobUnselected: {'identifier': 'mesh_map'}
[0.001553] (-) JobUnselected: {'identifier': 'mesh_msgs'}
[0.001574] (-) JobUnselected: {'identifier': 'mesh_msgs_conversions'}
[0.001595] (-) JobUnselected: {'identifier': 'mesh_msgs_transform'}
[0.001616] (-) JobUnselected: {'identifier': 'mesh_navigation'}
[0.001637] (-) JobUnselected: {'identifier': 'mesh_navigation_ceres'}
[0.001671] (-) JobUnselected: {'identifier': 'mesh_navigation_ceres_sim'}
[0.001694] (-) JobUnselected: {'identifier': 'mesh_navigation_pluto'}
[0.001721] (-) JobUnselected: {'identifier': 'mesh_navigation_pluto_sim'}
[0.001746] (-) JobUnselected: {'identifier': 'mesh_navigation_tutorials'}
[0.001768] (-) JobUnselected: {'identifier': 'mesh_navigation_tutorials_sim'}
[0.001789] (-) JobUnselected: {'identifier': 'mesh_tools'}
[0.001809] (-) JobUnselected: {'identifier': 'move_base_flex'}
[0.001830] (-) JobUnselected: {'identifier': 'rviz_mbf_plugins'}
[0.001850] (-) JobUnselected: {'identifier': 'rviz_mesh_tools_plugins'}
[0.001875] (cvp_mesh_planner) JobQueued: {'identifier': 'cvp_mesh_planner', 'dependencies': OrderedDict({'mbf_abstract_core': '/root/Shared/MIAPR_Projekt/install/mbf_abstract_core', 'mbf_msgs': '/root/Shared/MIAPR_Projekt/install/mbf_msgs', 'mesh_msgs': '/root/Shared/MIAPR_Projekt/install/mesh_msgs', 'mbf_utility': '/root/Shared/MIAPR_Projekt/install/mbf_utility', 'mesh_msgs_conversions': '/root/Shared/MIAPR_Projekt/install/mesh_msgs_conversions', 'mesh_map': '/root/Shared/MIAPR_Projekt/install/mesh_map', 'mbf_mesh_core': '/root/Shared/MIAPR_Projekt/install/mbf_mesh_core'})}
[0.001929] (cvp_mesh_planner) JobStarted: {'identifier': 'cvp_mesh_planner'}
[0.036409] (cvp_mesh_planner) JobEnded: {'identifier': 'cvp_mesh_planner', 'rc': 1}
[0.047019] (-) EventReactorShutdown: {}
