[0.285s] DEBUG:colcon:Command line arguments: ['/usr/bin/colcon', 'build', '--symlink-install', '--packages-select', 'cvp_mesh_planner']
[0.286s] DEBUG:colcon:Parsed command line arguments: Namespace(log_base=None, log_level=None, verb_name='build', build_base='build', install_base='install', merge_install=False, symlink_install=True, test_result_base=None, continue_on_error=False, executor='parallel', parallel_workers=12, event_handlers=None, ignore_user_meta=False, metas=['./colcon.meta'], base_paths=['.'], packages_ignore=None, packages_ignore_regex=None, paths=None, packages_up_to=None, packages_up_to_regex=None, packages_above=None, packages_above_and_dependencies=None, packages_above_depth=None, packages_select_by_dep=None, packages_skip_by_dep=None, packages_skip_up_to=None, packages_select_build_failed=False, packages_skip_build_finished=False, packages_select_test_failures=False, packages_skip_test_passed=False, packages_select=['cvp_mesh_planner'], packages_skip=None, packages_select_regex=None, packages_skip_regex=None, packages_start=None, packages_end=None, cmake_args=None, cmake_target=None, cmake_target_skip_unavailable=False, cmake_clean_cache=False, cmake_clean_first=False, cmake_force_configure=False, ament_cmake_args=None, catkin_cmake_args=None, catkin_skip_building_tests=False, mixin_files=None, mixin=None, verb_parser=<colcon_mixin.mixin.mixin_argument.MixinArgumentDecorator object at 0x799b1c795fa0>, verb_extension=<colcon_core.verb.build.BuildVerb object at 0x799b1c52c500>, main=<bound method BuildVerb.main of <colcon_core.verb.build.BuildVerb object at 0x799b1c52c500>>, mixin_verb=('build',))
[0.379s] Level 1:colcon.colcon_core.package_discovery:discover_packages(colcon_meta) check parameters
[0.380s] INFO:colcon.colcon_metadata.package_discovery.colcon_meta:Using configuration from '/root/.colcon/metadata/default/Gazebo.meta'
[0.381s] INFO:colcon.colcon_metadata.package_discovery.colcon_meta:Using configuration from '/root/.colcon/metadata/default/fastdds.meta'
[0.382s] INFO:colcon.colcon_metadata.package_discovery.colcon_meta:Using configuration from '/root/.colcon/metadata/default/fastrtps.meta'
[0.382s] Level 1:colcon.colcon_core.package_discovery:discover_packages(recursive) check parameters
[0.382s] Level 1:colcon.colcon_core.package_discovery:discover_packages(ignore) check parameters
[0.382s] Level 1:colcon.colcon_core.package_discovery:discover_packages(path) check parameters
[0.382s] Level 1:colcon.colcon_core.package_discovery:discover_packages(colcon_meta) discover
[0.382s] Level 1:colcon.colcon_core.package_discovery:discover_packages(recursive) discover
[0.382s] INFO:colcon.colcon_core.package_discovery:Crawling recursively for packages in '/root/Shared/MIAPR_Projekt'
[0.382s] Level 1:colcon.colcon_core.package_identification:_identify(.) by extensions ['ignore', 'ignore_ament_install']
[0.382s] Level 1:colcon.colcon_core.package_identification:_identify(.) by extension 'ignore'
[0.383s] Level 1:colcon.colcon_core.package_identification:_identify(.) by extension 'ignore_ament_install'
[0.383s] Level 1:colcon.colcon_core.package_identification:_identify(.) by extensions ['colcon_pkg']
[0.383s] Level 1:colcon.colcon_core.package_identification:_identify(.) by extension 'colcon_pkg'
[0.383s] Level 1:colcon.colcon_core.package_identification:_identify(.) by extensions ['colcon_meta']
[0.383s] Level 1:colcon.colcon_core.package_identification:_identify(.) by extension 'colcon_meta'
[0.383s] Level 1:colcon.colcon_core.package_identification:_identify(.) by extensions ['ros']
[0.383s] Level 1:colcon.colcon_core.package_identification:_identify(.) by extension 'ros'
[0.423s] Level 1:colcon.colcon_core.package_identification:_identify(.) by extensions ['cmake', 'python']
[0.424s] Level 1:colcon.colcon_core.package_identification:_identify(.) by extension 'cmake'
[0.424s] Level 1:colcon.colcon_core.package_identification:_identify(.) by extension 'python'
[0.424s] Level 1:colcon.colcon_core.package_identification:_identify(.) by extensions ['python_setup_py']
[0.424s] Level 1:colcon.colcon_core.package_identification:_identify(.) by extension 'python_setup_py'
[0.424s] Level 1:colcon.colcon_core.package_identification:_identify(build) by extensions ['ignore', 'ignore_ament_install']
[0.424s] Level 1:colcon.colcon_core.package_identification:_identify(build) by extension 'ignore'
[0.424s] Level 1:colcon.colcon_core.package_identification:_identify(build) ignored
[0.424s] Level 1:colcon.colcon_core.package_identification:_identify(colcon_ws) by extensions ['ignore', 'ignore_ament_install']
[0.424s] Level 1:colcon.colcon_core.package_identification:_identify(colcon_ws) by extension 'ignore'
[0.424s] Level 1:colcon.colcon_core.package_identification:_identify(colcon_ws) by extension 'ignore_ament_install'
[0.424s] Level 1:colcon.colcon_core.package_identification:_identify(colcon_ws) by extensions ['colcon_pkg']
[0.424s] Level 1:colcon.colcon_core.package_identification:_identify(colcon_ws) by extension 'colcon_pkg'
[0.424s] Level 1:colcon.colcon_core.package_identification:_identify(colcon_ws) by extensions ['colcon_meta']
[0.424s] Level 1:colcon.colcon_core.package_identification:_identify(colcon_ws) by extension 'colcon_meta'
[0.424s] Level 1:colcon.colcon_core.package_identification:_identify(colcon_ws) by extensions ['ros']
[0.424s] Level 1:colcon.colcon_core.package_identification:_identify(colcon_ws) by extension 'ros'
[0.425s] Level 1:colcon.colcon_core.package_identification:_identify(colcon_ws) by extensions ['cmake', 'python']
[0.425s] Level 1:colcon.colcon_core.package_identification:_identify(colcon_ws) by extension 'cmake'
[0.425s] Level 1:colcon.colcon_core.package_identification:_identify(colcon_ws) by extension 'python'
[0.425s] Level 1:colcon.colcon_core.package_identification:_identify(colcon_ws) by extensions ['python_setup_py']
[0.425s] Level 1:colcon.colcon_core.package_identification:_identify(colcon_ws) by extension 'python_setup_py'
[0.425s] Level 1:colcon.colcon_core.package_identification:_identify(colcon_ws/build) by extensions ['ignore', 'ignore_ament_install']
[0.425s] Level 1:colcon.colcon_core.package_identification:_identify(colcon_ws/build) by extension 'ignore'
[0.425s] Level 1:colcon.colcon_core.package_identification:_identify(colcon_ws/build) ignored
[0.426s] Level 1:colcon.colcon_core.package_identification:_identify(colcon_ws/install) by extensions ['ignore', 'ignore_ament_install']
[0.426s] Level 1:colcon.colcon_core.package_identification:_identify(colcon_ws/install) by extension 'ignore'
[0.426s] Level 1:colcon.colcon_core.package_identification:_identify(colcon_ws/install) ignored
[0.427s] Level 1:colcon.colcon_core.package_identification:_identify(colcon_ws/log) by extensions ['ignore', 'ignore_ament_install']
[0.427s] Level 1:colcon.colcon_core.package_identification:_identify(colcon_ws/log) by extension 'ignore'
[0.427s] Level 1:colcon.colcon_core.package_identification:_identify(colcon_ws/log) ignored
[0.427s] Level 1:colcon.colcon_core.package_identification:_identify(colcon_ws/src) by extensions ['ignore', 'ignore_ament_install']
[0.427s] Level 1:colcon.colcon_core.package_identification:_identify(colcon_ws/src) by extension 'ignore'
[0.427s] Level 1:colcon.colcon_core.package_identification:_identify(colcon_ws/src) by extension 'ignore_ament_install'
[0.427s] Level 1:colcon.colcon_core.package_identification:_identify(colcon_ws/src) by extensions ['colcon_pkg']
[0.427s] Level 1:colcon.colcon_core.package_identification:_identify(colcon_ws/src) by extension 'colcon_pkg'
[0.427s] Level 1:colcon.colcon_core.package_identification:_identify(colcon_ws/src) by extensions ['colcon_meta']
[0.427s] Level 1:colcon.colcon_core.package_identification:_identify(colcon_ws/src) by extension 'colcon_meta'
[0.427s] Level 1:colcon.colcon_core.package_identification:_identify(colcon_ws/src) by extensions ['ros']
[0.427s] Level 1:colcon.colcon_core.package_identification:_identify(colcon_ws/src) by extension 'ros'
[0.427s] Level 1:colcon.colcon_core.package_identification:_identify(colcon_ws/src) by extensions ['cmake', 'python']
[0.427s] Level 1:colcon.colcon_core.package_identification:_identify(colcon_ws/src) by extension 'cmake'
[0.427s] Level 1:colcon.colcon_core.package_identification:_identify(colcon_ws/src) by extension 'python'
[0.428s] Level 1:colcon.colcon_core.package_identification:_identify(colcon_ws/src) by extensions ['python_setup_py']
[0.428s] Level 1:colcon.colcon_core.package_identification:_identify(colcon_ws/src) by extension 'python_setup_py'
[0.428s] Level 1:colcon.colcon_core.package_identification:_identify(colcon_ws/src/lvr2) by extensions ['ignore', 'ignore_ament_install']
[0.428s] Level 1:colcon.colcon_core.package_identification:_identify(colcon_ws/src/lvr2) by extension 'ignore'
[0.428s] Level 1:colcon.colcon_core.package_identification:_identify(colcon_ws/src/lvr2) by extension 'ignore_ament_install'
[0.428s] Level 1:colcon.colcon_core.package_identification:_identify(colcon_ws/src/lvr2) by extensions ['colcon_pkg']
[0.428s] Level 1:colcon.colcon_core.package_identification:_identify(colcon_ws/src/lvr2) by extension 'colcon_pkg'
[0.428s] Level 1:colcon.colcon_core.package_identification:_identify(colcon_ws/src/lvr2) by extensions ['colcon_meta']
[0.428s] Level 1:colcon.colcon_core.package_identification:_identify(colcon_ws/src/lvr2) by extension 'colcon_meta'
[0.428s] Level 1:colcon.colcon_core.package_identification:_identify(colcon_ws/src/lvr2) by extensions ['ros']
[0.428s] Level 1:colcon.colcon_core.package_identification:_identify(colcon_ws/src/lvr2) by extension 'ros'
[0.428s] Level 1:colcon.colcon_core.package_identification:_identify(colcon_ws/src/lvr2) by extensions ['cmake', 'python']
[0.428s] Level 1:colcon.colcon_core.package_identification:_identify(colcon_ws/src/lvr2) by extension 'cmake'
[0.428s] Level 1:colcon.colcon_core.package_identification:_identify(colcon_ws/src/lvr2) by extension 'python'
[0.428s] Level 1:colcon.colcon_core.package_identification:_identify(colcon_ws/src/lvr2) by extensions ['python_setup_py']
[0.428s] Level 1:colcon.colcon_core.package_identification:_identify(colcon_ws/src/lvr2) by extension 'python_setup_py'
[0.429s] Level 1:colcon.colcon_core.package_identification:_identify(colcon_ws/src/mesh_navigation) by extensions ['ignore', 'ignore_ament_install']
[0.429s] Level 1:colcon.colcon_core.package_identification:_identify(colcon_ws/src/mesh_navigation) by extension 'ignore'
[0.429s] Level 1:colcon.colcon_core.package_identification:_identify(colcon_ws/src/mesh_navigation) by extension 'ignore_ament_install'
[0.429s] Level 1:colcon.colcon_core.package_identification:_identify(colcon_ws/src/mesh_navigation) by extensions ['colcon_pkg']
[0.429s] Level 1:colcon.colcon_core.package_identification:_identify(colcon_ws/src/mesh_navigation) by extension 'colcon_pkg'
[0.429s] Level 1:colcon.colcon_core.package_identification:_identify(colcon_ws/src/mesh_navigation) by extensions ['colcon_meta']
[0.429s] Level 1:colcon.colcon_core.package_identification:_identify(colcon_ws/src/mesh_navigation) by extension 'colcon_meta'
[0.429s] Level 1:colcon.colcon_core.package_identification:_identify(colcon_ws/src/mesh_navigation) by extensions ['ros']
[0.429s] Level 1:colcon.colcon_core.package_identification:_identify(colcon_ws/src/mesh_navigation) by extension 'ros'
[0.429s] Level 1:colcon.colcon_core.package_identification:_identify(colcon_ws/src/mesh_navigation) by extensions ['cmake', 'python']
[0.429s] Level 1:colcon.colcon_core.package_identification:_identify(colcon_ws/src/mesh_navigation) by extension 'cmake'
[0.429s] Level 1:colcon.colcon_core.package_identification:_identify(colcon_ws/src/mesh_navigation) by extension 'python'
[0.429s] Level 1:colcon.colcon_core.package_identification:_identify(colcon_ws/src/mesh_navigation) by extensions ['python_setup_py']
[0.429s] Level 1:colcon.colcon_core.package_identification:_identify(colcon_ws/src/mesh_navigation) by extension 'python_setup_py'
[0.429s] Level 1:colcon.colcon_core.package_identification:_identify(colcon_ws/src/mesh_navigation/cvp_mesh_planner) by extensions ['ignore', 'ignore_ament_install']
[0.429s] Level 1:colcon.colcon_core.package_identification:_identify(colcon_ws/src/mesh_navigation/cvp_mesh_planner) by extension 'ignore'
[0.430s] Level 1:colcon.colcon_core.package_identification:_identify(colcon_ws/src/mesh_navigation/cvp_mesh_planner) by extension 'ignore_ament_install'
[0.430s] Level 1:colcon.colcon_core.package_identification:_identify(colcon_ws/src/mesh_navigation/cvp_mesh_planner) by extensions ['colcon_pkg']
[0.430s] Level 1:colcon.colcon_core.package_identification:_identify(colcon_ws/src/mesh_navigation/cvp_mesh_planner) by extension 'colcon_pkg'
[0.430s] Level 1:colcon.colcon_core.package_identification:_identify(colcon_ws/src/mesh_navigation/cvp_mesh_planner) by extensions ['colcon_meta']
[0.430s] Level 1:colcon.colcon_core.package_identification:_identify(colcon_ws/src/mesh_navigation/cvp_mesh_planner) by extension 'colcon_meta'
[0.430s] Level 1:colcon.colcon_core.package_identification:_identify(colcon_ws/src/mesh_navigation/cvp_mesh_planner) by extensions ['ros']
[0.430s] Level 1:colcon.colcon_core.package_identification:_identify(colcon_ws/src/mesh_navigation/cvp_mesh_planner) by extension 'ros'
[0.433s] DEBUG:colcon.colcon_core.package_identification:Package 'colcon_ws/src/mesh_navigation/cvp_mesh_planner' with type 'ros.ament_cmake' and name 'cvp_mesh_planner'
[0.433s] Level 1:colcon.colcon_core.package_identification:_identify(colcon_ws/src/mesh_navigation/dijkstra_mesh_planner) by extensions ['ignore', 'ignore_ament_install']
[0.433s] Level 1:colcon.colcon_core.package_identification:_identify(colcon_ws/src/mesh_navigation/dijkstra_mesh_planner) by extension 'ignore'
[0.434s] Level 1:colcon.colcon_core.package_identification:_identify(colcon_ws/src/mesh_navigation/dijkstra_mesh_planner) by extension 'ignore_ament_install'
[0.434s] Level 1:colcon.colcon_core.package_identification:_identify(colcon_ws/src/mesh_navigation/dijkstra_mesh_planner) by extensions ['colcon_pkg']
[0.434s] Level 1:colcon.colcon_core.package_identification:_identify(colcon_ws/src/mesh_navigation/dijkstra_mesh_planner) by extension 'colcon_pkg'
[0.434s] Level 1:colcon.colcon_core.package_identification:_identify(colcon_ws/src/mesh_navigation/dijkstra_mesh_planner) by extensions ['colcon_meta']
[0.434s] Level 1:colcon.colcon_core.package_identification:_identify(colcon_ws/src/mesh_navigation/dijkstra_mesh_planner) by extension 'colcon_meta'
[0.434s] Level 1:colcon.colcon_core.package_identification:_identify(colcon_ws/src/mesh_navigation/dijkstra_mesh_planner) by extensions ['ros']
[0.434s] Level 1:colcon.colcon_core.package_identification:_identify(colcon_ws/src/mesh_navigation/dijkstra_mesh_planner) by extension 'ros'
[0.436s] DEBUG:colcon.colcon_core.package_identification:Package 'colcon_ws/src/mesh_navigation/dijkstra_mesh_planner' with type 'ros.ament_cmake' and name 'dijkstra_mesh_planner'
[0.436s] Level 1:colcon.colcon_core.package_identification:_identify(colcon_ws/src/mesh_navigation/docs) by extensions ['ignore', 'ignore_ament_install']
[0.436s] Level 1:colcon.colcon_core.package_identification:_identify(colcon_ws/src/mesh_navigation/docs) by extension 'ignore'
[0.436s] Level 1:colcon.colcon_core.package_identification:_identify(colcon_ws/src/mesh_navigation/docs) by extension 'ignore_ament_install'
[0.436s] Level 1:colcon.colcon_core.package_identification:_identify(colcon_ws/src/mesh_navigation/docs) by extensions ['colcon_pkg']
[0.436s] Level 1:colcon.colcon_core.package_identification:_identify(colcon_ws/src/mesh_navigation/docs) by extension 'colcon_pkg'
[0.436s] Level 1:colcon.colcon_core.package_identification:_identify(colcon_ws/src/mesh_navigation/docs) by extensions ['colcon_meta']
[0.436s] Level 1:colcon.colcon_core.package_identification:_identify(colcon_ws/src/mesh_navigation/docs) by extension 'colcon_meta'
[0.436s] Level 1:colcon.colcon_core.package_identification:_identify(colcon_ws/src/mesh_navigation/docs) by extensions ['ros']
[0.436s] Level 1:colcon.colcon_core.package_identification:_identify(colcon_ws/src/mesh_navigation/docs) by extension 'ros'
[0.437s] Level 1:colcon.colcon_core.package_identification:_identify(colcon_ws/src/mesh_navigation/docs) by extensions ['cmake', 'python']
[0.437s] Level 1:colcon.colcon_core.package_identification:_identify(colcon_ws/src/mesh_navigation/docs) by extension 'cmake'
[0.437s] Level 1:colcon.colcon_core.package_identification:_identify(colcon_ws/src/mesh_navigation/docs) by extension 'python'
[0.437s] Level 1:colcon.colcon_core.package_identification:_identify(colcon_ws/src/mesh_navigation/docs) by extensions ['python_setup_py']
[0.437s] Level 1:colcon.colcon_core.package_identification:_identify(colcon_ws/src/mesh_navigation/docs) by extension 'python_setup_py'
[0.437s] Level 1:colcon.colcon_core.package_identification:_identify(colcon_ws/src/mesh_navigation/docs/images) by extensions ['ignore', 'ignore_ament_install']
[0.437s] Level 1:colcon.colcon_core.package_identification:_identify(colcon_ws/src/mesh_navigation/docs/images) by extension 'ignore'
[0.437s] Level 1:colcon.colcon_core.package_identification:_identify(colcon_ws/src/mesh_navigation/docs/images) by extension 'ignore_ament_install'
[0.437s] Level 1:colcon.colcon_core.package_identification:_identify(colcon_ws/src/mesh_navigation/docs/images) by extensions ['colcon_pkg']
[0.437s] Level 1:colcon.colcon_core.package_identification:_identify(colcon_ws/src/mesh_navigation/docs/images) by extension 'colcon_pkg'
[0.437s] Level 1:colcon.colcon_core.package_identification:_identify(colcon_ws/src/mesh_navigation/docs/images) by extensions ['colcon_meta']
[0.437s] Level 1:colcon.colcon_core.package_identification:_identify(colcon_ws/src/mesh_navigation/docs/images) by extension 'colcon_meta'
[0.437s] Level 1:colcon.colcon_core.package_identification:_identify(colcon_ws/src/mesh_navigation/docs/images) by extensions ['ros']
[0.437s] Level 1:colcon.colcon_core.package_identification:_identify(colcon_ws/src/mesh_navigation/docs/images) by extension 'ros'
[0.438s] Level 1:colcon.colcon_core.package_identification:_identify(colcon_ws/src/mesh_navigation/docs/images) by extensions ['cmake', 'python']
[0.438s] Level 1:colcon.colcon_core.package_identification:_identify(colcon_ws/src/mesh_navigation/docs/images) by extension 'cmake'
[0.438s] Level 1:colcon.colcon_core.package_identification:_identify(colcon_ws/src/mesh_navigation/docs/images) by extension 'python'
[0.438s] Level 1:colcon.colcon_core.package_identification:_identify(colcon_ws/src/mesh_navigation/docs/images) by extensions ['python_setup_py']
[0.438s] Level 1:colcon.colcon_core.package_identification:_identify(colcon_ws/src/mesh_navigation/docs/images) by extension 'python_setup_py'
[0.438s] Level 1:colcon.colcon_core.package_identification:_identify(colcon_ws/src/mesh_navigation/docs/images/controllers) by extensions ['ignore', 'ignore_ament_install']
[0.438s] Level 1:colcon.colcon_core.package_identification:_identify(colcon_ws/src/mesh_navigation/docs/images/controllers) by extension 'ignore'
[0.438s] Level 1:colcon.colcon_core.package_identification:_identify(colcon_ws/src/mesh_navigation/docs/images/controllers) by extension 'ignore_ament_install'
[0.438s] Level 1:colcon.colcon_core.package_identification:_identify(colcon_ws/src/mesh_navigation/docs/images/controllers) by extensions ['colcon_pkg']
[0.438s] Level 1:colcon.colcon_core.package_identification:_identify(colcon_ws/src/mesh_navigation/docs/images/controllers) by extension 'colcon_pkg'
[0.438s] Level 1:colcon.colcon_core.package_identification:_identify(colcon_ws/src/mesh_navigation/docs/images/controllers) by extensions ['colcon_meta']
[0.438s] Level 1:colcon.colcon_core.package_identification:_identify(colcon_ws/src/mesh_navigation/docs/images/controllers) by extension 'colcon_meta'
[0.438s] Level 1:colcon.colcon_core.package_identification:_identify(colcon_ws/src/mesh_navigation/docs/images/controllers) by extensions ['ros']
[0.438s] Level 1:colcon.colcon_core.package_identification:_identify(colcon_ws/src/mesh_navigation/docs/images/controllers) by extension 'ros'
[0.438s] Level 1:colcon.colcon_core.package_identification:_identify(colcon_ws/src/mesh_navigation/docs/images/controllers) by extensions ['cmake', 'python']
[0.438s] Level 1:colcon.colcon_core.package_identification:_identify(colcon_ws/src/mesh_navigation/docs/images/controllers) by extension 'cmake'
[0.438s] Level 1:colcon.colcon_core.package_identification:_identify(colcon_ws/src/mesh_navigation/docs/images/controllers) by extension 'python'
[0.438s] Level 1:colcon.colcon_core.package_identification:_identify(colcon_ws/src/mesh_navigation/docs/images/controllers) by extensions ['python_setup_py']
[0.438s] Level 1:colcon.colcon_core.package_identification:_identify(colcon_ws/src/mesh_navigation/docs/images/controllers) by extension 'python_setup_py'
[0.439s] Level 1:colcon.colcon_core.package_identification:_identify(colcon_ws/src/mesh_navigation/docs/images/costlayers) by extensions ['ignore', 'ignore_ament_install']
[0.439s] Level 1:colcon.colcon_core.package_identification:_identify(colcon_ws/src/mesh_navigation/docs/images/costlayers) by extension 'ignore'
[0.439s] Level 1:colcon.colcon_core.package_identification:_identify(colcon_ws/src/mesh_navigation/docs/images/costlayers) by extension 'ignore_ament_install'
[0.439s] Level 1:colcon.colcon_core.package_identification:_identify(colcon_ws/src/mesh_navigation/docs/images/costlayers) by extensions ['colcon_pkg']
[0.439s] Level 1:colcon.colcon_core.package_identification:_identify(colcon_ws/src/mesh_navigation/docs/images/costlayers) by extension 'colcon_pkg'
[0.439s] Level 1:colcon.colcon_core.package_identification:_identify(colcon_ws/src/mesh_navigation/docs/images/costlayers) by extensions ['colcon_meta']
[0.439s] Level 1:colcon.colcon_core.package_identification:_identify(colcon_ws/src/mesh_navigation/docs/images/costlayers) by extension 'colcon_meta'
[0.439s] Level 1:colcon.colcon_core.package_identification:_identify(colcon_ws/src/mesh_navigation/docs/images/costlayers) by extensions ['ros']
[0.439s] Level 1:colcon.colcon_core.package_identification:_identify(colcon_ws/src/mesh_navigation/docs/images/costlayers) by extension 'ros'
[0.439s] Level 1:colcon.colcon_core.package_identification:_identify(colcon_ws/src/mesh_navigation/docs/images/costlayers) by extensions ['cmake', 'python']
[0.439s] Level 1:colcon.colcon_core.package_identification:_identify(colcon_ws/src/mesh_navigation/docs/images/costlayers) by extension 'cmake'
[0.439s] Level 1:colcon.colcon_core.package_identification:_identify(colcon_ws/src/mesh_navigation/docs/images/costlayers) by extension 'python'
[0.439s] Level 1:colcon.colcon_core.package_identification:_identify(colcon_ws/src/mesh_navigation/docs/images/costlayers) by extensions ['python_setup_py']
[0.439s] Level 1:colcon.colcon_core.package_identification:_identify(colcon_ws/src/mesh_navigation/docs/images/costlayers) by extension 'python_setup_py'
[0.439s] Level 1:colcon.colcon_core.package_identification:_identify(colcon_ws/src/mesh_navigation/docs/images/planners) by extensions ['ignore', 'ignore_ament_install']
[0.439s] Level 1:colcon.colcon_core.package_identification:_identify(colcon_ws/src/mesh_navigation/docs/images/planners) by extension 'ignore'
[0.439s] Level 1:colcon.colcon_core.package_identification:_identify(colcon_ws/src/mesh_navigation/docs/images/planners) by extension 'ignore_ament_install'
[0.440s] Level 1:colcon.colcon_core.package_identification:_identify(colcon_ws/src/mesh_navigation/docs/images/planners) by extensions ['colcon_pkg']
[0.440s] Level 1:colcon.colcon_core.package_identification:_identify(colcon_ws/src/mesh_navigation/docs/images/planners) by extension 'colcon_pkg'
[0.440s] Level 1:colcon.colcon_core.package_identification:_identify(colcon_ws/src/mesh_navigation/docs/images/planners) by extensions ['colcon_meta']
[0.440s] Level 1:colcon.colcon_core.package_identification:_identify(colcon_ws/src/mesh_navigation/docs/images/planners) by extension 'colcon_meta'
[0.440s] Level 1:colcon.colcon_core.package_identification:_identify(colcon_ws/src/mesh_navigation/docs/images/planners) by extensions ['ros']
[0.440s] Level 1:colcon.colcon_core.package_identification:_identify(colcon_ws/src/mesh_navigation/docs/images/planners) by extension 'ros'
[0.440s] Level 1:colcon.colcon_core.package_identification:_identify(colcon_ws/src/mesh_navigation/docs/images/planners) by extensions ['cmake', 'python']
[0.440s] Level 1:colcon.colcon_core.package_identification:_identify(colcon_ws/src/mesh_navigation/docs/images/planners) by extension 'cmake'
[0.440s] Level 1:colcon.colcon_core.package_identification:_identify(colcon_ws/src/mesh_navigation/docs/images/planners) by extension 'python'
[0.440s] Level 1:colcon.colcon_core.package_identification:_identify(colcon_ws/src/mesh_navigation/docs/images/planners) by extensions ['python_setup_py']
[0.440s] Level 1:colcon.colcon_core.package_identification:_identify(colcon_ws/src/mesh_navigation/docs/images/planners) by extension 'python_setup_py'
[0.440s] Level 1:colcon.colcon_core.package_identification:_identify(colcon_ws/src/mesh_navigation/mbf_mesh_core) by extensions ['ignore', 'ignore_ament_install']
[0.440s] Level 1:colcon.colcon_core.package_identification:_identify(colcon_ws/src/mesh_navigation/mbf_mesh_core) by extension 'ignore'
[0.440s] Level 1:colcon.colcon_core.package_identification:_identify(colcon_ws/src/mesh_navigation/mbf_mesh_core) by extension 'ignore_ament_install'
[0.440s] Level 1:colcon.colcon_core.package_identification:_identify(colcon_ws/src/mesh_navigation/mbf_mesh_core) by extensions ['colcon_pkg']
[0.440s] Level 1:colcon.colcon_core.package_identification:_identify(colcon_ws/src/mesh_navigation/mbf_mesh_core) by extension 'colcon_pkg'
[0.440s] Level 1:colcon.colcon_core.package_identification:_identify(colcon_ws/src/mesh_navigation/mbf_mesh_core) by extensions ['colcon_meta']
[0.440s] Level 1:colcon.colcon_core.package_identification:_identify(colcon_ws/src/mesh_navigation/mbf_mesh_core) by extension 'colcon_meta'
[0.440s] Level 1:colcon.colcon_core.package_identification:_identify(colcon_ws/src/mesh_navigation/mbf_mesh_core) by extensions ['ros']
[0.441s] Level 1:colcon.colcon_core.package_identification:_identify(colcon_ws/src/mesh_navigation/mbf_mesh_core) by extension 'ros'
[0.441s] DEBUG:colcon.colcon_core.package_identification:Package 'colcon_ws/src/mesh_navigation/mbf_mesh_core' with type 'ros.ament_cmake' and name 'mbf_mesh_core'
[0.441s] Level 1:colcon.colcon_core.package_identification:_identify(colcon_ws/src/mesh_navigation/mbf_mesh_nav) by extensions ['ignore', 'ignore_ament_install']
[0.442s] Level 1:colcon.colcon_core.package_identification:_identify(colcon_ws/src/mesh_navigation/mbf_mesh_nav) by extension 'ignore'
[0.442s] Level 1:colcon.colcon_core.package_identification:_identify(colcon_ws/src/mesh_navigation/mbf_mesh_nav) by extension 'ignore_ament_install'
[0.442s] Level 1:colcon.colcon_core.package_identification:_identify(colcon_ws/src/mesh_navigation/mbf_mesh_nav) by extensions ['colcon_pkg']
[0.442s] Level 1:colcon.colcon_core.package_identification:_identify(colcon_ws/src/mesh_navigation/mbf_mesh_nav) by extension 'colcon_pkg'
[0.442s] Level 1:colcon.colcon_core.package_identification:_identify(colcon_ws/src/mesh_navigation/mbf_mesh_nav) by extensions ['colcon_meta']
[0.442s] Level 1:colcon.colcon_core.package_identification:_identify(colcon_ws/src/mesh_navigation/mbf_mesh_nav) by extension 'colcon_meta'
[0.442s] Level 1:colcon.colcon_core.package_identification:_identify(colcon_ws/src/mesh_navigation/mbf_mesh_nav) by extensions ['ros']
[0.442s] Level 1:colcon.colcon_core.package_identification:_identify(colcon_ws/src/mesh_navigation/mbf_mesh_nav) by extension 'ros'
[0.443s] DEBUG:colcon.colcon_core.package_identification:Package 'colcon_ws/src/mesh_navigation/mbf_mesh_nav' with type 'ros.ament_cmake' and name 'mbf_mesh_nav'
[0.443s] Level 1:colcon.colcon_core.package_identification:_identify(colcon_ws/src/mesh_navigation/mesh_controller) by extensions ['ignore', 'ignore_ament_install']
[0.443s] Level 1:colcon.colcon_core.package_identification:_identify(colcon_ws/src/mesh_navigation/mesh_controller) by extension 'ignore'
[0.443s] Level 1:colcon.colcon_core.package_identification:_identify(colcon_ws/src/mesh_navigation/mesh_controller) by extension 'ignore_ament_install'
[0.443s] Level 1:colcon.colcon_core.package_identification:_identify(colcon_ws/src/mesh_navigation/mesh_controller) by extensions ['colcon_pkg']
[0.443s] Level 1:colcon.colcon_core.package_identification:_identify(colcon_ws/src/mesh_navigation/mesh_controller) by extension 'colcon_pkg'
[0.443s] Level 1:colcon.colcon_core.package_identification:_identify(colcon_ws/src/mesh_navigation/mesh_controller) by extensions ['colcon_meta']
[0.443s] Level 1:colcon.colcon_core.package_identification:_identify(colcon_ws/src/mesh_navigation/mesh_controller) by extension 'colcon_meta'
[0.443s] Level 1:colcon.colcon_core.package_identification:_identify(colcon_ws/src/mesh_navigation/mesh_controller) by extensions ['ros']
[0.444s] Level 1:colcon.colcon_core.package_identification:_identify(colcon_ws/src/mesh_navigation/mesh_controller) by extension 'ros'
[0.444s] DEBUG:colcon.colcon_core.package_identification:Package 'colcon_ws/src/mesh_navigation/mesh_controller' with type 'ros.ament_cmake' and name 'mesh_controller'
[0.445s] Level 1:colcon.colcon_core.package_identification:_identify(colcon_ws/src/mesh_navigation/mesh_layers) by extensions ['ignore', 'ignore_ament_install']
[0.445s] Level 1:colcon.colcon_core.package_identification:_identify(colcon_ws/src/mesh_navigation/mesh_layers) by extension 'ignore'
[0.445s] Level 1:colcon.colcon_core.package_identification:_identify(colcon_ws/src/mesh_navigation/mesh_layers) by extension 'ignore_ament_install'
[0.445s] Level 1:colcon.colcon_core.package_identification:_identify(colcon_ws/src/mesh_navigation/mesh_layers) by extensions ['colcon_pkg']
[0.445s] Level 1:colcon.colcon_core.package_identification:_identify(colcon_ws/src/mesh_navigation/mesh_layers) by extension 'colcon_pkg'
[0.445s] Level 1:colcon.colcon_core.package_identification:_identify(colcon_ws/src/mesh_navigation/mesh_layers) by extensions ['colcon_meta']
[0.445s] Level 1:colcon.colcon_core.package_identification:_identify(colcon_ws/src/mesh_navigation/mesh_layers) by extension 'colcon_meta'
[0.445s] Level 1:colcon.colcon_core.package_identification:_identify(colcon_ws/src/mesh_navigation/mesh_layers) by extensions ['ros']
[0.445s] Level 1:colcon.colcon_core.package_identification:_identify(colcon_ws/src/mesh_navigation/mesh_layers) by extension 'ros'
[0.446s] DEBUG:colcon.colcon_core.package_identification:Package 'colcon_ws/src/mesh_navigation/mesh_layers' with type 'ros.ament_cmake' and name 'mesh_layers'
[0.446s] Level 1:colcon.colcon_core.package_identification:_identify(colcon_ws/src/mesh_navigation/mesh_map) by extensions ['ignore', 'ignore_ament_install']
[0.446s] Level 1:colcon.colcon_core.package_identification:_identify(colcon_ws/src/mesh_navigation/mesh_map) by extension 'ignore'
[0.446s] Level 1:colcon.colcon_core.package_identification:_identify(colcon_ws/src/mesh_navigation/mesh_map) by extension 'ignore_ament_install'
[0.446s] Level 1:colcon.colcon_core.package_identification:_identify(colcon_ws/src/mesh_navigation/mesh_map) by extensions ['colcon_pkg']
[0.446s] Level 1:colcon.colcon_core.package_identification:_identify(colcon_ws/src/mesh_navigation/mesh_map) by extension 'colcon_pkg'
[0.446s] Level 1:colcon.colcon_core.package_identification:_identify(colcon_ws/src/mesh_navigation/mesh_map) by extensions ['colcon_meta']
[0.446s] Level 1:colcon.colcon_core.package_identification:_identify(colcon_ws/src/mesh_navigation/mesh_map) by extension 'colcon_meta'
[0.446s] Level 1:colcon.colcon_core.package_identification:_identify(colcon_ws/src/mesh_navigation/mesh_map) by extensions ['ros']
[0.446s] Level 1:colcon.colcon_core.package_identification:_identify(colcon_ws/src/mesh_navigation/mesh_map) by extension 'ros'
[0.448s] DEBUG:colcon.colcon_core.package_identification:Package 'colcon_ws/src/mesh_navigation/mesh_map' with type 'ros.ament_cmake' and name 'mesh_map'
[0.448s] Level 1:colcon.colcon_core.package_identification:_identify(colcon_ws/src/mesh_navigation/mesh_navigation) by extensions ['ignore', 'ignore_ament_install']
[0.448s] Level 1:colcon.colcon_core.package_identification:_identify(colcon_ws/src/mesh_navigation/mesh_navigation) by extension 'ignore'
[0.448s] Level 1:colcon.colcon_core.package_identification:_identify(colcon_ws/src/mesh_navigation/mesh_navigation) by extension 'ignore_ament_install'
[0.448s] Level 1:colcon.colcon_core.package_identification:_identify(colcon_ws/src/mesh_navigation/mesh_navigation) by extensions ['colcon_pkg']
[0.448s] Level 1:colcon.colcon_core.package_identification:_identify(colcon_ws/src/mesh_navigation/mesh_navigation) by extension 'colcon_pkg'
[0.448s] Level 1:colcon.colcon_core.package_identification:_identify(colcon_ws/src/mesh_navigation/mesh_navigation) by extensions ['colcon_meta']
[0.448s] Level 1:colcon.colcon_core.package_identification:_identify(colcon_ws/src/mesh_navigation/mesh_navigation) by extension 'colcon_meta'
[0.448s] Level 1:colcon.colcon_core.package_identification:_identify(colcon_ws/src/mesh_navigation/mesh_navigation) by extensions ['ros']
[0.448s] Level 1:colcon.colcon_core.package_identification:_identify(colcon_ws/src/mesh_navigation/mesh_navigation) by extension 'ros'
[0.449s] DEBUG:colcon.colcon_core.package_identification:Package 'colcon_ws/src/mesh_navigation/mesh_navigation' with type 'ros.ament_cmake' and name 'mesh_navigation'
[0.449s] Level 1:colcon.colcon_core.package_identification:_identify(colcon_ws/src/mesh_navigation_tutorials) by extensions ['ignore', 'ignore_ament_install']
[0.449s] Level 1:colcon.colcon_core.package_identification:_identify(colcon_ws/src/mesh_navigation_tutorials) by extension 'ignore'
[0.449s] Level 1:colcon.colcon_core.package_identification:_identify(colcon_ws/src/mesh_navigation_tutorials) by extension 'ignore_ament_install'
[0.450s] Level 1:colcon.colcon_core.package_identification:_identify(colcon_ws/src/mesh_navigation_tutorials) by extensions ['colcon_pkg']
[0.450s] Level 1:colcon.colcon_core.package_identification:_identify(colcon_ws/src/mesh_navigation_tutorials) by extension 'colcon_pkg'
[0.450s] Level 1:colcon.colcon_core.package_identification:_identify(colcon_ws/src/mesh_navigation_tutorials) by extensions ['colcon_meta']
[0.450s] Level 1:colcon.colcon_core.package_identification:_identify(colcon_ws/src/mesh_navigation_tutorials) by extension 'colcon_meta'
[0.450s] Level 1:colcon.colcon_core.package_identification:_identify(colcon_ws/src/mesh_navigation_tutorials) by extensions ['ros']
[0.450s] Level 1:colcon.colcon_core.package_identification:_identify(colcon_ws/src/mesh_navigation_tutorials) by extension 'ros'
[0.450s] Level 1:colcon.colcon_core.package_identification:_identify(colcon_ws/src/mesh_navigation_tutorials) by extensions ['cmake', 'python']
[0.450s] Level 1:colcon.colcon_core.package_identification:_identify(colcon_ws/src/mesh_navigation_tutorials) by extension 'cmake'
[0.450s] Level 1:colcon.colcon_core.package_identification:_identify(colcon_ws/src/mesh_navigation_tutorials) by extension 'python'
[0.450s] Level 1:colcon.colcon_core.package_identification:_identify(colcon_ws/src/mesh_navigation_tutorials) by extensions ['python_setup_py']
[0.450s] Level 1:colcon.colcon_core.package_identification:_identify(colcon_ws/src/mesh_navigation_tutorials) by extension 'python_setup_py'
[0.450s] Level 1:colcon.colcon_core.package_identification:_identify(colcon_ws/src/mesh_navigation_tutorials/mesh_navigation_ceres) by extensions ['ignore', 'ignore_ament_install']
[0.450s] Level 1:colcon.colcon_core.package_identification:_identify(colcon_ws/src/mesh_navigation_tutorials/mesh_navigation_ceres) by extension 'ignore'
[0.450s] Level 1:colcon.colcon_core.package_identification:_identify(colcon_ws/src/mesh_navigation_tutorials/mesh_navigation_ceres) by extension 'ignore_ament_install'
[0.451s] Level 1:colcon.colcon_core.package_identification:_identify(colcon_ws/src/mesh_navigation_tutorials/mesh_navigation_ceres) by extensions ['colcon_pkg']
[0.451s] Level 1:colcon.colcon_core.package_identification:_identify(colcon_ws/src/mesh_navigation_tutorials/mesh_navigation_ceres) by extension 'colcon_pkg'
[0.451s] Level 1:colcon.colcon_core.package_identification:_identify(colcon_ws/src/mesh_navigation_tutorials/mesh_navigation_ceres) by extensions ['colcon_meta']
[0.451s] Level 1:colcon.colcon_core.package_identification:_identify(colcon_ws/src/mesh_navigation_tutorials/mesh_navigation_ceres) by extension 'colcon_meta'
[0.451s] Level 1:colcon.colcon_core.package_identification:_identify(colcon_ws/src/mesh_navigation_tutorials/mesh_navigation_ceres) by extensions ['ros']
[0.451s] Level 1:colcon.colcon_core.package_identification:_identify(colcon_ws/src/mesh_navigation_tutorials/mesh_navigation_ceres) by extension 'ros'
[0.451s] DEBUG:colcon.colcon_core.package_identification:Package 'colcon_ws/src/mesh_navigation_tutorials/mesh_navigation_ceres' with type 'ros.ament_cmake' and name 'mesh_navigation_ceres'
[0.452s] Level 1:colcon.colcon_core.package_identification:_identify(colcon_ws/src/mesh_navigation_tutorials/mesh_navigation_ceres_sim) by extensions ['ignore', 'ignore_ament_install']
[0.452s] Level 1:colcon.colcon_core.package_identification:_identify(colcon_ws/src/mesh_navigation_tutorials/mesh_navigation_ceres_sim) by extension 'ignore'
[0.452s] Level 1:colcon.colcon_core.package_identification:_identify(colcon_ws/src/mesh_navigation_tutorials/mesh_navigation_ceres_sim) by extension 'ignore_ament_install'
[0.452s] Level 1:colcon.colcon_core.package_identification:_identify(colcon_ws/src/mesh_navigation_tutorials/mesh_navigation_ceres_sim) by extensions ['colcon_pkg']
[0.452s] Level 1:colcon.colcon_core.package_identification:_identify(colcon_ws/src/mesh_navigation_tutorials/mesh_navigation_ceres_sim) by extension 'colcon_pkg'
[0.452s] Level 1:colcon.colcon_core.package_identification:_identify(colcon_ws/src/mesh_navigation_tutorials/mesh_navigation_ceres_sim) by extensions ['colcon_meta']
[0.452s] Level 1:colcon.colcon_core.package_identification:_identify(colcon_ws/src/mesh_navigation_tutorials/mesh_navigation_ceres_sim) by extension 'colcon_meta'
[0.452s] Level 1:colcon.colcon_core.package_identification:_identify(colcon_ws/src/mesh_navigation_tutorials/mesh_navigation_ceres_sim) by extensions ['ros']
[0.452s] Level 1:colcon.colcon_core.package_identification:_identify(colcon_ws/src/mesh_navigation_tutorials/mesh_navigation_ceres_sim) by extension 'ros'
[0.453s] DEBUG:colcon.colcon_core.package_identification:Package 'colcon_ws/src/mesh_navigation_tutorials/mesh_navigation_ceres_sim' with type 'ros.ament_cmake' and name 'mesh_navigation_ceres_sim'
[0.453s] Level 1:colcon.colcon_core.package_identification:_identify(colcon_ws/src/mesh_navigation_tutorials/mesh_navigation_pluto) by extensions ['ignore', 'ignore_ament_install']
[0.453s] Level 1:colcon.colcon_core.package_identification:_identify(colcon_ws/src/mesh_navigation_tutorials/mesh_navigation_pluto) by extension 'ignore'
[0.453s] Level 1:colcon.colcon_core.package_identification:_identify(colcon_ws/src/mesh_navigation_tutorials/mesh_navigation_pluto) by extension 'ignore_ament_install'
[0.454s] Level 1:colcon.colcon_core.package_identification:_identify(colcon_ws/src/mesh_navigation_tutorials/mesh_navigation_pluto) by extensions ['colcon_pkg']
[0.454s] Level 1:colcon.colcon_core.package_identification:_identify(colcon_ws/src/mesh_navigation_tutorials/mesh_navigation_pluto) by extension 'colcon_pkg'
[0.454s] Level 1:colcon.colcon_core.package_identification:_identify(colcon_ws/src/mesh_navigation_tutorials/mesh_navigation_pluto) by extensions ['colcon_meta']
[0.454s] Level 1:colcon.colcon_core.package_identification:_identify(colcon_ws/src/mesh_navigation_tutorials/mesh_navigation_pluto) by extension 'colcon_meta'
[0.454s] Level 1:colcon.colcon_core.package_identification:_identify(colcon_ws/src/mesh_navigation_tutorials/mesh_navigation_pluto) by extensions ['ros']
[0.454s] Level 1:colcon.colcon_core.package_identification:_identify(colcon_ws/src/mesh_navigation_tutorials/mesh_navigation_pluto) by extension 'ros'
[0.454s] DEBUG:colcon.colcon_core.package_identification:Package 'colcon_ws/src/mesh_navigation_tutorials/mesh_navigation_pluto' with type 'ros.ament_cmake' and name 'mesh_navigation_pluto'
[0.455s] Level 1:colcon.colcon_core.package_identification:_identify(colcon_ws/src/mesh_navigation_tutorials/mesh_navigation_pluto_sim) by extensions ['ignore', 'ignore_ament_install']
[0.455s] Level 1:colcon.colcon_core.package_identification:_identify(colcon_ws/src/mesh_navigation_tutorials/mesh_navigation_pluto_sim) by extension 'ignore'
[0.455s] Level 1:colcon.colcon_core.package_identification:_identify(colcon_ws/src/mesh_navigation_tutorials/mesh_navigation_pluto_sim) by extension 'ignore_ament_install'
[0.455s] Level 1:colcon.colcon_core.package_identification:_identify(colcon_ws/src/mesh_navigation_tutorials/mesh_navigation_pluto_sim) by extensions ['colcon_pkg']
[0.455s] Level 1:colcon.colcon_core.package_identification:_identify(colcon_ws/src/mesh_navigation_tutorials/mesh_navigation_pluto_sim) by extension 'colcon_pkg'
[0.455s] Level 1:colcon.colcon_core.package_identification:_identify(colcon_ws/src/mesh_navigation_tutorials/mesh_navigation_pluto_sim) by extensions ['colcon_meta']
[0.455s] Level 1:colcon.colcon_core.package_identification:_identify(colcon_ws/src/mesh_navigation_tutorials/mesh_navigation_pluto_sim) by extension 'colcon_meta'
[0.455s] Level 1:colcon.colcon_core.package_identification:_identify(colcon_ws/src/mesh_navigation_tutorials/mesh_navigation_pluto_sim) by extensions ['ros']
[0.455s] Level 1:colcon.colcon_core.package_identification:_identify(colcon_ws/src/mesh_navigation_tutorials/mesh_navigation_pluto_sim) by extension 'ros'
[0.456s] DEBUG:colcon.colcon_core.package_identification:Package 'colcon_ws/src/mesh_navigation_tutorials/mesh_navigation_pluto_sim' with type 'ros.ament_cmake' and name 'mesh_navigation_pluto_sim'
[0.456s] Level 1:colcon.colcon_core.package_identification:_identify(colcon_ws/src/mesh_navigation_tutorials/mesh_navigation_tutorials) by extensions ['ignore', 'ignore_ament_install']
[0.456s] Level 1:colcon.colcon_core.package_identification:_identify(colcon_ws/src/mesh_navigation_tutorials/mesh_navigation_tutorials) by extension 'ignore'
[0.456s] Level 1:colcon.colcon_core.package_identification:_identify(colcon_ws/src/mesh_navigation_tutorials/mesh_navigation_tutorials) by extension 'ignore_ament_install'
[0.456s] Level 1:colcon.colcon_core.package_identification:_identify(colcon_ws/src/mesh_navigation_tutorials/mesh_navigation_tutorials) by extensions ['colcon_pkg']
[0.456s] Level 1:colcon.colcon_core.package_identification:_identify(colcon_ws/src/mesh_navigation_tutorials/mesh_navigation_tutorials) by extension 'colcon_pkg'
[0.456s] Level 1:colcon.colcon_core.package_identification:_identify(colcon_ws/src/mesh_navigation_tutorials/mesh_navigation_tutorials) by extensions ['colcon_meta']
[0.456s] Level 1:colcon.colcon_core.package_identification:_identify(colcon_ws/src/mesh_navigation_tutorials/mesh_navigation_tutorials) by extension 'colcon_meta'
[0.456s] Level 1:colcon.colcon_core.package_identification:_identify(colcon_ws/src/mesh_navigation_tutorials/mesh_navigation_tutorials) by extensions ['ros']
[0.456s] Level 1:colcon.colcon_core.package_identification:_identify(colcon_ws/src/mesh_navigation_tutorials/mesh_navigation_tutorials) by extension 'ros'
[0.457s] DEBUG:colcon.colcon_core.package_identification:Package 'colcon_ws/src/mesh_navigation_tutorials/mesh_navigation_tutorials' with type 'ros.ament_cmake' and name 'mesh_navigation_tutorials'
[0.457s] Level 1:colcon.colcon_core.package_identification:_identify(colcon_ws/src/mesh_navigation_tutorials/mesh_navigation_tutorials_sim) by extensions ['ignore', 'ignore_ament_install']
[0.457s] Level 1:colcon.colcon_core.package_identification:_identify(colcon_ws/src/mesh_navigation_tutorials/mesh_navigation_tutorials_sim) by extension 'ignore'
[0.457s] Level 1:colcon.colcon_core.package_identification:_identify(colcon_ws/src/mesh_navigation_tutorials/mesh_navigation_tutorials_sim) by extension 'ignore_ament_install'
[0.458s] Level 1:colcon.colcon_core.package_identification:_identify(colcon_ws/src/mesh_navigation_tutorials/mesh_navigation_tutorials_sim) by extensions ['colcon_pkg']
[0.458s] Level 1:colcon.colcon_core.package_identification:_identify(colcon_ws/src/mesh_navigation_tutorials/mesh_navigation_tutorials_sim) by extension 'colcon_pkg'
[0.458s] Level 1:colcon.colcon_core.package_identification:_identify(colcon_ws/src/mesh_navigation_tutorials/mesh_navigation_tutorials_sim) by extensions ['colcon_meta']
[0.458s] Level 1:colcon.colcon_core.package_identification:_identify(colcon_ws/src/mesh_navigation_tutorials/mesh_navigation_tutorials_sim) by extension 'colcon_meta'
[0.458s] Level 1:colcon.colcon_core.package_identification:_identify(colcon_ws/src/mesh_navigation_tutorials/mesh_navigation_tutorials_sim) by extensions ['ros']
[0.458s] Level 1:colcon.colcon_core.package_identification:_identify(colcon_ws/src/mesh_navigation_tutorials/mesh_navigation_tutorials_sim) by extension 'ros'
[0.459s] DEBUG:colcon.colcon_core.package_identification:Package 'colcon_ws/src/mesh_navigation_tutorials/mesh_navigation_tutorials_sim' with type 'ros.ament_cmake' and name 'mesh_navigation_tutorials_sim'
[0.459s] Level 1:colcon.colcon_core.package_identification:_identify(colcon_ws/src/mesh_tools) by extensions ['ignore', 'ignore_ament_install']
[0.459s] Level 1:colcon.colcon_core.package_identification:_identify(colcon_ws/src/mesh_tools) by extension 'ignore'
[0.459s] Level 1:colcon.colcon_core.package_identification:_identify(colcon_ws/src/mesh_tools) by extension 'ignore_ament_install'
[0.459s] Level 1:colcon.colcon_core.package_identification:_identify(colcon_ws/src/mesh_tools) by extensions ['colcon_pkg']
[0.459s] Level 1:colcon.colcon_core.package_identification:_identify(colcon_ws/src/mesh_tools) by extension 'colcon_pkg'
[0.459s] Level 1:colcon.colcon_core.package_identification:_identify(colcon_ws/src/mesh_tools) by extensions ['colcon_meta']
[0.459s] Level 1:colcon.colcon_core.package_identification:_identify(colcon_ws/src/mesh_tools) by extension 'colcon_meta'
[0.459s] Level 1:colcon.colcon_core.package_identification:_identify(colcon_ws/src/mesh_tools) by extensions ['ros']
[0.459s] Level 1:colcon.colcon_core.package_identification:_identify(colcon_ws/src/mesh_tools) by extension 'ros'
[0.460s] Level 1:colcon.colcon_core.package_identification:_identify(colcon_ws/src/mesh_tools) by extensions ['cmake', 'python']
[0.460s] Level 1:colcon.colcon_core.package_identification:_identify(colcon_ws/src/mesh_tools) by extension 'cmake'
[0.460s] Level 1:colcon.colcon_core.package_identification:_identify(colcon_ws/src/mesh_tools) by extension 'python'
[0.460s] Level 1:colcon.colcon_core.package_identification:_identify(colcon_ws/src/mesh_tools) by extensions ['python_setup_py']
[0.460s] Level 1:colcon.colcon_core.package_identification:_identify(colcon_ws/src/mesh_tools) by extension 'python_setup_py'
[0.460s] Level 1:colcon.colcon_core.package_identification:_identify(colcon_ws/src/mesh_tools/label_manager) by extensions ['ignore', 'ignore_ament_install']
[0.460s] Level 1:colcon.colcon_core.package_identification:_identify(colcon_ws/src/mesh_tools/label_manager) by extension 'ignore'
[0.460s] Level 1:colcon.colcon_core.package_identification:_identify(colcon_ws/src/mesh_tools/label_manager) by extension 'ignore_ament_install'
[0.460s] Level 1:colcon.colcon_core.package_identification:_identify(colcon_ws/src/mesh_tools/label_manager) by extensions ['colcon_pkg']
[0.460s] Level 1:colcon.colcon_core.package_identification:_identify(colcon_ws/src/mesh_tools/label_manager) by extension 'colcon_pkg'
[0.460s] Level 1:colcon.colcon_core.package_identification:_identify(colcon_ws/src/mesh_tools/label_manager) by extensions ['colcon_meta']
[0.460s] Level 1:colcon.colcon_core.package_identification:_identify(colcon_ws/src/mesh_tools/label_manager) by extension 'colcon_meta'
[0.460s] Level 1:colcon.colcon_core.package_identification:_identify(colcon_ws/src/mesh_tools/label_manager) by extensions ['ros']
[0.460s] Level 1:colcon.colcon_core.package_identification:_identify(colcon_ws/src/mesh_tools/label_manager) by extension 'ros'
[0.461s] DEBUG:colcon.colcon_core.package_identification:Package 'colcon_ws/src/mesh_tools/label_manager' with type 'ros.ament_cmake' and name 'label_manager'
[0.462s] Level 1:colcon.colcon_core.package_identification:_identify(colcon_ws/src/mesh_tools/mesh_msgs) by extensions ['ignore', 'ignore_ament_install']
[0.462s] Level 1:colcon.colcon_core.package_identification:_identify(colcon_ws/src/mesh_tools/mesh_msgs) by extension 'ignore'
[0.462s] Level 1:colcon.colcon_core.package_identification:_identify(colcon_ws/src/mesh_tools/mesh_msgs) by extension 'ignore_ament_install'
[0.462s] Level 1:colcon.colcon_core.package_identification:_identify(colcon_ws/src/mesh_tools/mesh_msgs) by extensions ['colcon_pkg']
[0.462s] Level 1:colcon.colcon_core.package_identification:_identify(colcon_ws/src/mesh_tools/mesh_msgs) by extension 'colcon_pkg'
[0.462s] Level 1:colcon.colcon_core.package_identification:_identify(colcon_ws/src/mesh_tools/mesh_msgs) by extensions ['colcon_meta']
[0.462s] Level 1:colcon.colcon_core.package_identification:_identify(colcon_ws/src/mesh_tools/mesh_msgs) by extension 'colcon_meta'
[0.462s] Level 1:colcon.colcon_core.package_identification:_identify(colcon_ws/src/mesh_tools/mesh_msgs) by extensions ['ros']
[0.462s] Level 1:colcon.colcon_core.package_identification:_identify(colcon_ws/src/mesh_tools/mesh_msgs) by extension 'ros'
[0.463s] DEBUG:colcon.colcon_core.package_identification:Package 'colcon_ws/src/mesh_tools/mesh_msgs' with type 'ros.ament_cmake' and name 'mesh_msgs'
[0.463s] Level 1:colcon.colcon_core.package_identification:_identify(colcon_ws/src/mesh_tools/mesh_msgs_conversions) by extensions ['ignore', 'ignore_ament_install']
[0.463s] Level 1:colcon.colcon_core.package_identification:_identify(colcon_ws/src/mesh_tools/mesh_msgs_conversions) by extension 'ignore'
[0.463s] Level 1:colcon.colcon_core.package_identification:_identify(colcon_ws/src/mesh_tools/mesh_msgs_conversions) by extension 'ignore_ament_install'
[0.464s] Level 1:colcon.colcon_core.package_identification:_identify(colcon_ws/src/mesh_tools/mesh_msgs_conversions) by extensions ['colcon_pkg']
[0.464s] Level 1:colcon.colcon_core.package_identification:_identify(colcon_ws/src/mesh_tools/mesh_msgs_conversions) by extension 'colcon_pkg'
[0.464s] Level 1:colcon.colcon_core.package_identification:_identify(colcon_ws/src/mesh_tools/mesh_msgs_conversions) by extensions ['colcon_meta']
[0.464s] Level 1:colcon.colcon_core.package_identification:_identify(colcon_ws/src/mesh_tools/mesh_msgs_conversions) by extension 'colcon_meta'
[0.464s] Level 1:colcon.colcon_core.package_identification:_identify(colcon_ws/src/mesh_tools/mesh_msgs_conversions) by extensions ['ros']
[0.464s] Level 1:colcon.colcon_core.package_identification:_identify(colcon_ws/src/mesh_tools/mesh_msgs_conversions) by extension 'ros'
[0.465s] DEBUG:colcon.colcon_core.package_identification:Package 'colcon_ws/src/mesh_tools/mesh_msgs_conversions' with type 'ros.ament_cmake' and name 'mesh_msgs_conversions'
[0.465s] Level 1:colcon.colcon_core.package_identification:_identify(colcon_ws/src/mesh_tools/mesh_msgs_transform) by extensions ['ignore', 'ignore_ament_install']
[0.465s] Level 1:colcon.colcon_core.package_identification:_identify(colcon_ws/src/mesh_tools/mesh_msgs_transform) by extension 'ignore'
[0.465s] Level 1:colcon.colcon_core.package_identification:_identify(colcon_ws/src/mesh_tools/mesh_msgs_transform) by extension 'ignore_ament_install'
[0.466s] Level 1:colcon.colcon_core.package_identification:_identify(colcon_ws/src/mesh_tools/mesh_msgs_transform) by extensions ['colcon_pkg']
[0.466s] Level 1:colcon.colcon_core.package_identification:_identify(colcon_ws/src/mesh_tools/mesh_msgs_transform) by extension 'colcon_pkg'
[0.466s] Level 1:colcon.colcon_core.package_identification:_identify(colcon_ws/src/mesh_tools/mesh_msgs_transform) by extensions ['colcon_meta']
[0.466s] Level 1:colcon.colcon_core.package_identification:_identify(colcon_ws/src/mesh_tools/mesh_msgs_transform) by extension 'colcon_meta'
[0.466s] Level 1:colcon.colcon_core.package_identification:_identify(colcon_ws/src/mesh_tools/mesh_msgs_transform) by extensions ['ros']
[0.466s] Level 1:colcon.colcon_core.package_identification:_identify(colcon_ws/src/mesh_tools/mesh_msgs_transform) by extension 'ros'
[0.467s] DEBUG:colcon.colcon_core.package_identification:Package 'colcon_ws/src/mesh_tools/mesh_msgs_transform' with type 'ros.ament_cmake' and name 'mesh_msgs_transform'
[0.468s] Level 1:colcon.colcon_core.package_identification:_identify(colcon_ws/src/mesh_tools/mesh_tools) by extensions ['ignore', 'ignore_ament_install']
[0.468s] Level 1:colcon.colcon_core.package_identification:_identify(colcon_ws/src/mesh_tools/mesh_tools) by extension 'ignore'
[0.468s] Level 1:colcon.colcon_core.package_identification:_identify(colcon_ws/src/mesh_tools/mesh_tools) by extension 'ignore_ament_install'
[0.468s] Level 1:colcon.colcon_core.package_identification:_identify(colcon_ws/src/mesh_tools/mesh_tools) by extensions ['colcon_pkg']
[0.468s] Level 1:colcon.colcon_core.package_identification:_identify(colcon_ws/src/mesh_tools/mesh_tools) by extension 'colcon_pkg'
[0.468s] Level 1:colcon.colcon_core.package_identification:_identify(colcon_ws/src/mesh_tools/mesh_tools) by extensions ['colcon_meta']
[0.468s] Level 1:colcon.colcon_core.package_identification:_identify(colcon_ws/src/mesh_tools/mesh_tools) by extension 'colcon_meta'
[0.468s] Level 1:colcon.colcon_core.package_identification:_identify(colcon_ws/src/mesh_tools/mesh_tools) by extensions ['ros']
[0.468s] Level 1:colcon.colcon_core.package_identification:_identify(colcon_ws/src/mesh_tools/mesh_tools) by extension 'ros'
[0.469s] DEBUG:colcon.colcon_core.package_identification:Package 'colcon_ws/src/mesh_tools/mesh_tools' with type 'ros.ament_cmake' and name 'mesh_tools'
[0.470s] Level 1:colcon.colcon_core.package_identification:_identify(colcon_ws/src/mesh_tools/rviz_mesh_tools_plugins) by extensions ['ignore', 'ignore_ament_install']
[0.470s] Level 1:colcon.colcon_core.package_identification:_identify(colcon_ws/src/mesh_tools/rviz_mesh_tools_plugins) by extension 'ignore'
[0.470s] Level 1:colcon.colcon_core.package_identification:_identify(colcon_ws/src/mesh_tools/rviz_mesh_tools_plugins) by extension 'ignore_ament_install'
[0.470s] Level 1:colcon.colcon_core.package_identification:_identify(colcon_ws/src/mesh_tools/rviz_mesh_tools_plugins) by extensions ['colcon_pkg']
[0.470s] Level 1:colcon.colcon_core.package_identification:_identify(colcon_ws/src/mesh_tools/rviz_mesh_tools_plugins) by extension 'colcon_pkg'
[0.470s] Level 1:colcon.colcon_core.package_identification:_identify(colcon_ws/src/mesh_tools/rviz_mesh_tools_plugins) by extensions ['colcon_meta']
[0.470s] Level 1:colcon.colcon_core.package_identification:_identify(colcon_ws/src/mesh_tools/rviz_mesh_tools_plugins) by extension 'colcon_meta'
[0.470s] Level 1:colcon.colcon_core.package_identification:_identify(colcon_ws/src/mesh_tools/rviz_mesh_tools_plugins) by extensions ['ros']
[0.470s] Level 1:colcon.colcon_core.package_identification:_identify(colcon_ws/src/mesh_tools/rviz_mesh_tools_plugins) by extension 'ros'
[0.472s] DEBUG:colcon.colcon_core.package_identification:Package 'colcon_ws/src/mesh_tools/rviz_mesh_tools_plugins' with type 'ros.ament_cmake' and name 'rviz_mesh_tools_plugins'
[0.472s] Level 1:colcon.colcon_core.package_identification:_identify(colcon_ws/src/move_base_flex) by extensions ['ignore', 'ignore_ament_install']
[0.472s] Level 1:colcon.colcon_core.package_identification:_identify(colcon_ws/src/move_base_flex) by extension 'ignore'
[0.472s] Level 1:colcon.colcon_core.package_identification:_identify(colcon_ws/src/move_base_flex) by extension 'ignore_ament_install'
[0.472s] Level 1:colcon.colcon_core.package_identification:_identify(colcon_ws/src/move_base_flex) by extensions ['colcon_pkg']
[0.472s] Level 1:colcon.colcon_core.package_identification:_identify(colcon_ws/src/move_base_flex) by extension 'colcon_pkg'
[0.472s] Level 1:colcon.colcon_core.package_identification:_identify(colcon_ws/src/move_base_flex) by extensions ['colcon_meta']
[0.472s] Level 1:colcon.colcon_core.package_identification:_identify(colcon_ws/src/move_base_flex) by extension 'colcon_meta'
[0.472s] Level 1:colcon.colcon_core.package_identification:_identify(colcon_ws/src/move_base_flex) by extensions ['ros']
[0.472s] Level 1:colcon.colcon_core.package_identification:_identify(colcon_ws/src/move_base_flex) by extension 'ros'
[0.473s] Level 1:colcon.colcon_core.package_identification:_identify(colcon_ws/src/move_base_flex) by extensions ['cmake', 'python']
[0.473s] Level 1:colcon.colcon_core.package_identification:_identify(colcon_ws/src/move_base_flex) by extension 'cmake'
[0.473s] Level 1:colcon.colcon_core.package_identification:_identify(colcon_ws/src/move_base_flex) by extension 'python'
[0.473s] Level 1:colcon.colcon_core.package_identification:_identify(colcon_ws/src/move_base_flex) by extensions ['python_setup_py']
[0.473s] Level 1:colcon.colcon_core.package_identification:_identify(colcon_ws/src/move_base_flex) by extension 'python_setup_py'
[0.473s] Level 1:colcon.colcon_core.package_identification:_identify(colcon_ws/src/move_base_flex/doc) by extensions ['ignore', 'ignore_ament_install']
[0.473s] Level 1:colcon.colcon_core.package_identification:_identify(colcon_ws/src/move_base_flex/doc) by extension 'ignore'
[0.473s] Level 1:colcon.colcon_core.package_identification:_identify(colcon_ws/src/move_base_flex/doc) by extension 'ignore_ament_install'
[0.473s] Level 1:colcon.colcon_core.package_identification:_identify(colcon_ws/src/move_base_flex/doc) by extensions ['colcon_pkg']
[0.473s] Level 1:colcon.colcon_core.package_identification:_identify(colcon_ws/src/move_base_flex/doc) by extension 'colcon_pkg'
[0.473s] Level 1:colcon.colcon_core.package_identification:_identify(colcon_ws/src/move_base_flex/doc) by extensions ['colcon_meta']
[0.473s] Level 1:colcon.colcon_core.package_identification:_identify(colcon_ws/src/move_base_flex/doc) by extension 'colcon_meta'
[0.474s] Level 1:colcon.colcon_core.package_identification:_identify(colcon_ws/src/move_base_flex/doc) by extensions ['ros']
[0.474s] Level 1:colcon.colcon_core.package_identification:_identify(colcon_ws/src/move_base_flex/doc) by extension 'ros'
[0.474s] Level 1:colcon.colcon_core.package_identification:_identify(colcon_ws/src/move_base_flex/doc) by extensions ['cmake', 'python']
[0.474s] Level 1:colcon.colcon_core.package_identification:_identify(colcon_ws/src/move_base_flex/doc) by extension 'cmake'
[0.474s] Level 1:colcon.colcon_core.package_identification:_identify(colcon_ws/src/move_base_flex/doc) by extension 'python'
[0.474s] Level 1:colcon.colcon_core.package_identification:_identify(colcon_ws/src/move_base_flex/doc) by extensions ['python_setup_py']
[0.474s] Level 1:colcon.colcon_core.package_identification:_identify(colcon_ws/src/move_base_flex/doc) by extension 'python_setup_py'
[0.474s] Level 1:colcon.colcon_core.package_identification:_identify(colcon_ws/src/move_base_flex/doc/images) by extensions ['ignore', 'ignore_ament_install']
[0.475s] Level 1:colcon.colcon_core.package_identification:_identify(colcon_ws/src/move_base_flex/doc/images) by extension 'ignore'
[0.475s] Level 1:colcon.colcon_core.package_identification:_identify(colcon_ws/src/move_base_flex/doc/images) by extension 'ignore_ament_install'
[0.475s] Level 1:colcon.colcon_core.package_identification:_identify(colcon_ws/src/move_base_flex/doc/images) by extensions ['colcon_pkg']
[0.475s] Level 1:colcon.colcon_core.package_identification:_identify(colcon_ws/src/move_base_flex/doc/images) by extension 'colcon_pkg'
[0.475s] Level 1:colcon.colcon_core.package_identification:_identify(colcon_ws/src/move_base_flex/doc/images) by extensions ['colcon_meta']
[0.475s] Level 1:colcon.colcon_core.package_identification:_identify(colcon_ws/src/move_base_flex/doc/images) by extension 'colcon_meta'
[0.475s] Level 1:colcon.colcon_core.package_identification:_identify(colcon_ws/src/move_base_flex/doc/images) by extensions ['ros']
[0.475s] Level 1:colcon.colcon_core.package_identification:_identify(colcon_ws/src/move_base_flex/doc/images) by extension 'ros'
[0.475s] Level 1:colcon.colcon_core.package_identification:_identify(colcon_ws/src/move_base_flex/doc/images) by extensions ['cmake', 'python']
[0.475s] Level 1:colcon.colcon_core.package_identification:_identify(colcon_ws/src/move_base_flex/doc/images) by extension 'cmake'
[0.475s] Level 1:colcon.colcon_core.package_identification:_identify(colcon_ws/src/move_base_flex/doc/images) by extension 'python'
[0.475s] Level 1:colcon.colcon_core.package_identification:_identify(colcon_ws/src/move_base_flex/doc/images) by extensions ['python_setup_py']
[0.475s] Level 1:colcon.colcon_core.package_identification:_identify(colcon_ws/src/move_base_flex/doc/images) by extension 'python_setup_py'
[0.475s] Level 1:colcon.colcon_core.package_identification:_identify(colcon_ws/src/move_base_flex/doc/images/logos) by extensions ['ignore', 'ignore_ament_install']
[0.476s] Level 1:colcon.colcon_core.package_identification:_identify(colcon_ws/src/move_base_flex/doc/images/logos) by extension 'ignore'
[0.476s] Level 1:colcon.colcon_core.package_identification:_identify(colcon_ws/src/move_base_flex/doc/images/logos) by extension 'ignore_ament_install'
[0.476s] Level 1:colcon.colcon_core.package_identification:_identify(colcon_ws/src/move_base_flex/doc/images/logos) by extensions ['colcon_pkg']
[0.476s] Level 1:colcon.colcon_core.package_identification:_identify(colcon_ws/src/move_base_flex/doc/images/logos) by extension 'colcon_pkg'
[0.476s] Level 1:colcon.colcon_core.package_identification:_identify(colcon_ws/src/move_base_flex/doc/images/logos) by extensions ['colcon_meta']
[0.476s] Level 1:colcon.colcon_core.package_identification:_identify(colcon_ws/src/move_base_flex/doc/images/logos) by extension 'colcon_meta'
[0.476s] Level 1:colcon.colcon_core.package_identification:_identify(colcon_ws/src/move_base_flex/doc/images/logos) by extensions ['ros']
[0.476s] Level 1:colcon.colcon_core.package_identification:_identify(colcon_ws/src/move_base_flex/doc/images/logos) by extension 'ros'
[0.476s] Level 1:colcon.colcon_core.package_identification:_identify(colcon_ws/src/move_base_flex/doc/images/logos) by extensions ['cmake', 'python']
[0.476s] Level 1:colcon.colcon_core.package_identification:_identify(colcon_ws/src/move_base_flex/doc/images/logos) by extension 'cmake'
[0.476s] Level 1:colcon.colcon_core.package_identification:_identify(colcon_ws/src/move_base_flex/doc/images/logos) by extension 'python'
[0.476s] Level 1:colcon.colcon_core.package_identification:_identify(colcon_ws/src/move_base_flex/doc/images/logos) by extensions ['python_setup_py']
[0.476s] Level 1:colcon.colcon_core.package_identification:_identify(colcon_ws/src/move_base_flex/doc/images/logos) by extension 'python_setup_py'
[0.477s] Level 1:colcon.colcon_core.package_identification:_identify(colcon_ws/src/move_base_flex/mbf_abstract_core) by extensions ['ignore', 'ignore_ament_install']
[0.477s] Level 1:colcon.colcon_core.package_identification:_identify(colcon_ws/src/move_base_flex/mbf_abstract_core) by extension 'ignore'
[0.477s] Level 1:colcon.colcon_core.package_identification:_identify(colcon_ws/src/move_base_flex/mbf_abstract_core) by extension 'ignore_ament_install'
[0.477s] Level 1:colcon.colcon_core.package_identification:_identify(colcon_ws/src/move_base_flex/mbf_abstract_core) by extensions ['colcon_pkg']
[0.477s] Level 1:colcon.colcon_core.package_identification:_identify(colcon_ws/src/move_base_flex/mbf_abstract_core) by extension 'colcon_pkg'
[0.477s] Level 1:colcon.colcon_core.package_identification:_identify(colcon_ws/src/move_base_flex/mbf_abstract_core) by extensions ['colcon_meta']
[0.477s] Level 1:colcon.colcon_core.package_identification:_identify(colcon_ws/src/move_base_flex/mbf_abstract_core) by extension 'colcon_meta'
[0.477s] Level 1:colcon.colcon_core.package_identification:_identify(colcon_ws/src/move_base_flex/mbf_abstract_core) by extensions ['ros']
[0.477s] Level 1:colcon.colcon_core.package_identification:_identify(colcon_ws/src/move_base_flex/mbf_abstract_core) by extension 'ros'
[0.478s] DEBUG:colcon.colcon_core.package_identification:Package 'colcon_ws/src/move_base_flex/mbf_abstract_core' with type 'ros.ament_cmake' and name 'mbf_abstract_core'
[0.478s] Level 1:colcon.colcon_core.package_identification:_identify(colcon_ws/src/move_base_flex/mbf_abstract_nav) by extensions ['ignore', 'ignore_ament_install']
[0.478s] Level 1:colcon.colcon_core.package_identification:_identify(colcon_ws/src/move_base_flex/mbf_abstract_nav) by extension 'ignore'
[0.478s] Level 1:colcon.colcon_core.package_identification:_identify(colcon_ws/src/move_base_flex/mbf_abstract_nav) by extension 'ignore_ament_install'
[0.479s] Level 1:colcon.colcon_core.package_identification:_identify(colcon_ws/src/move_base_flex/mbf_abstract_nav) by extensions ['colcon_pkg']
[0.479s] Level 1:colcon.colcon_core.package_identification:_identify(colcon_ws/src/move_base_flex/mbf_abstract_nav) by extension 'colcon_pkg'
[0.479s] Level 1:colcon.colcon_core.package_identification:_identify(colcon_ws/src/move_base_flex/mbf_abstract_nav) by extensions ['colcon_meta']
[0.479s] Level 1:colcon.colcon_core.package_identification:_identify(colcon_ws/src/move_base_flex/mbf_abstract_nav) by extension 'colcon_meta'
[0.479s] Level 1:colcon.colcon_core.package_identification:_identify(colcon_ws/src/move_base_flex/mbf_abstract_nav) by extensions ['ros']
[0.479s] Level 1:colcon.colcon_core.package_identification:_identify(colcon_ws/src/move_base_flex/mbf_abstract_nav) by extension 'ros'
[0.480s] DEBUG:colcon.colcon_core.package_identification:Package 'colcon_ws/src/move_base_flex/mbf_abstract_nav' with type 'ros.ament_cmake' and name 'mbf_abstract_nav'
[0.481s] Level 1:colcon.colcon_core.package_identification:_identify(colcon_ws/src/move_base_flex/mbf_msgs) by extensions ['ignore', 'ignore_ament_install']
[0.481s] Level 1:colcon.colcon_core.package_identification:_identify(colcon_ws/src/move_base_flex/mbf_msgs) by extension 'ignore'
[0.481s] Level 1:colcon.colcon_core.package_identification:_identify(colcon_ws/src/move_base_flex/mbf_msgs) by extension 'ignore_ament_install'
[0.481s] Level 1:colcon.colcon_core.package_identification:_identify(colcon_ws/src/move_base_flex/mbf_msgs) by extensions ['colcon_pkg']
[0.481s] Level 1:colcon.colcon_core.package_identification:_identify(colcon_ws/src/move_base_flex/mbf_msgs) by extension 'colcon_pkg'
[0.481s] Level 1:colcon.colcon_core.package_identification:_identify(colcon_ws/src/move_base_flex/mbf_msgs) by extensions ['colcon_meta']
[0.481s] Level 1:colcon.colcon_core.package_identification:_identify(colcon_ws/src/move_base_flex/mbf_msgs) by extension 'colcon_meta'
[0.481s] Level 1:colcon.colcon_core.package_identification:_identify(colcon_ws/src/move_base_flex/mbf_msgs) by extensions ['ros']
[0.481s] Level 1:colcon.colcon_core.package_identification:_identify(colcon_ws/src/move_base_flex/mbf_msgs) by extension 'ros'
[0.482s] DEBUG:colcon.colcon_core.package_identification:Package 'colcon_ws/src/move_base_flex/mbf_msgs' with type 'ros.ament_cmake' and name 'mbf_msgs'
[0.483s] Level 1:colcon.colcon_core.package_identification:_identify(colcon_ws/src/move_base_flex/mbf_simple_core) by extensions ['ignore', 'ignore_ament_install']
[0.483s] Level 1:colcon.colcon_core.package_identification:_identify(colcon_ws/src/move_base_flex/mbf_simple_core) by extension 'ignore'
[0.483s] Level 1:colcon.colcon_core.package_identification:_identify(colcon_ws/src/move_base_flex/mbf_simple_core) by extension 'ignore_ament_install'
[0.483s] Level 1:colcon.colcon_core.package_identification:_identify(colcon_ws/src/move_base_flex/mbf_simple_core) by extensions ['colcon_pkg']
[0.483s] Level 1:colcon.colcon_core.package_identification:_identify(colcon_ws/src/move_base_flex/mbf_simple_core) by extension 'colcon_pkg'
[0.483s] Level 1:colcon.colcon_core.package_identification:_identify(colcon_ws/src/move_base_flex/mbf_simple_core) by extensions ['colcon_meta']
[0.483s] Level 1:colcon.colcon_core.package_identification:_identify(colcon_ws/src/move_base_flex/mbf_simple_core) by extension 'colcon_meta'
[0.483s] Level 1:colcon.colcon_core.package_identification:_identify(colcon_ws/src/move_base_flex/mbf_simple_core) by extensions ['ros']
[0.483s] Level 1:colcon.colcon_core.package_identification:_identify(colcon_ws/src/move_base_flex/mbf_simple_core) by extension 'ros'
[0.484s] DEBUG:colcon.colcon_core.package_identification:Package 'colcon_ws/src/move_base_flex/mbf_simple_core' with type 'ros.ament_cmake' and name 'mbf_simple_core'
[0.485s] Level 1:colcon.colcon_core.package_identification:_identify(colcon_ws/src/move_base_flex/mbf_simple_nav) by extensions ['ignore', 'ignore_ament_install']
[0.485s] Level 1:colcon.colcon_core.package_identification:_identify(colcon_ws/src/move_base_flex/mbf_simple_nav) by extension 'ignore'
[0.485s] Level 1:colcon.colcon_core.package_identification:_identify(colcon_ws/src/move_base_flex/mbf_simple_nav) by extension 'ignore_ament_install'
[0.485s] Level 1:colcon.colcon_core.package_identification:_identify(colcon_ws/src/move_base_flex/mbf_simple_nav) by extensions ['colcon_pkg']
[0.485s] Level 1:colcon.colcon_core.package_identification:_identify(colcon_ws/src/move_base_flex/mbf_simple_nav) by extension 'colcon_pkg'
[0.485s] Level 1:colcon.colcon_core.package_identification:_identify(colcon_ws/src/move_base_flex/mbf_simple_nav) by extensions ['colcon_meta']
[0.485s] Level 1:colcon.colcon_core.package_identification:_identify(colcon_ws/src/move_base_flex/mbf_simple_nav) by extension 'colcon_meta'
[0.485s] Level 1:colcon.colcon_core.package_identification:_identify(colcon_ws/src/move_base_flex/mbf_simple_nav) by extensions ['ros']
[0.485s] Level 1:colcon.colcon_core.package_identification:_identify(colcon_ws/src/move_base_flex/mbf_simple_nav) by extension 'ros'
[0.488s] DEBUG:colcon.colcon_core.package_identification:Package 'colcon_ws/src/move_base_flex/mbf_simple_nav' with type 'ros.ament_cmake' and name 'mbf_simple_nav'
[0.488s] Level 1:colcon.colcon_core.package_identification:_identify(colcon_ws/src/move_base_flex/mbf_test_utility) by extensions ['ignore', 'ignore_ament_install']
[0.489s] Level 1:colcon.colcon_core.package_identification:_identify(colcon_ws/src/move_base_flex/mbf_test_utility) by extension 'ignore'
[0.489s] Level 1:colcon.colcon_core.package_identification:_identify(colcon_ws/src/move_base_flex/mbf_test_utility) by extension 'ignore_ament_install'
[0.489s] Level 1:colcon.colcon_core.package_identification:_identify(colcon_ws/src/move_base_flex/mbf_test_utility) by extensions ['colcon_pkg']
[0.489s] Level 1:colcon.colcon_core.package_identification:_identify(colcon_ws/src/move_base_flex/mbf_test_utility) by extension 'colcon_pkg'
[0.489s] Level 1:colcon.colcon_core.package_identification:_identify(colcon_ws/src/move_base_flex/mbf_test_utility) by extensions ['colcon_meta']
[0.489s] Level 1:colcon.colcon_core.package_identification:_identify(colcon_ws/src/move_base_flex/mbf_test_utility) by extension 'colcon_meta'
[0.489s] Level 1:colcon.colcon_core.package_identification:_identify(colcon_ws/src/move_base_flex/mbf_test_utility) by extensions ['ros']
[0.489s] Level 1:colcon.colcon_core.package_identification:_identify(colcon_ws/src/move_base_flex/mbf_test_utility) by extension 'ros'
[0.490s] DEBUG:colcon.colcon_core.package_identification:Package 'colcon_ws/src/move_base_flex/mbf_test_utility' with type 'ros.ament_cmake' and name 'mbf_test_utility'
[0.491s] Level 1:colcon.colcon_core.package_identification:_identify(colcon_ws/src/move_base_flex/mbf_utility) by extensions ['ignore', 'ignore_ament_install']
[0.491s] Level 1:colcon.colcon_core.package_identification:_identify(colcon_ws/src/move_base_flex/mbf_utility) by extension 'ignore'
[0.491s] Level 1:colcon.colcon_core.package_identification:_identify(colcon_ws/src/move_base_flex/mbf_utility) by extension 'ignore_ament_install'
[0.491s] Level 1:colcon.colcon_core.package_identification:_identify(colcon_ws/src/move_base_flex/mbf_utility) by extensions ['colcon_pkg']
[0.491s] Level 1:colcon.colcon_core.package_identification:_identify(colcon_ws/src/move_base_flex/mbf_utility) by extension 'colcon_pkg'
[0.491s] Level 1:colcon.colcon_core.package_identification:_identify(colcon_ws/src/move_base_flex/mbf_utility) by extensions ['colcon_meta']
[0.491s] Level 1:colcon.colcon_core.package_identification:_identify(colcon_ws/src/move_base_flex/mbf_utility) by extension 'colcon_meta'
[0.491s] Level 1:colcon.colcon_core.package_identification:_identify(colcon_ws/src/move_base_flex/mbf_utility) by extensions ['ros']
[0.491s] Level 1:colcon.colcon_core.package_identification:_identify(colcon_ws/src/move_base_flex/mbf_utility) by extension 'ros'
[0.492s] DEBUG:colcon.colcon_core.package_identification:Package 'colcon_ws/src/move_base_flex/mbf_utility' with type 'ros.ament_cmake' and name 'mbf_utility'
[0.492s] Level 1:colcon.colcon_core.package_identification:_identify(colcon_ws/src/move_base_flex/move_base_flex) by extensions ['ignore', 'ignore_ament_install']
[0.492s] Level 1:colcon.colcon_core.package_identification:_identify(colcon_ws/src/move_base_flex/move_base_flex) by extension 'ignore'
[0.492s] Level 1:colcon.colcon_core.package_identification:_identify(colcon_ws/src/move_base_flex/move_base_flex) by extension 'ignore_ament_install'
[0.492s] Level 1:colcon.colcon_core.package_identification:_identify(colcon_ws/src/move_base_flex/move_base_flex) by extensions ['colcon_pkg']
[0.492s] Level 1:colcon.colcon_core.package_identification:_identify(colcon_ws/src/move_base_flex/move_base_flex) by extension 'colcon_pkg'
[0.492s] Level 1:colcon.colcon_core.package_identification:_identify(colcon_ws/src/move_base_flex/move_base_flex) by extensions ['colcon_meta']
[0.492s] Level 1:colcon.colcon_core.package_identification:_identify(colcon_ws/src/move_base_flex/move_base_flex) by extension 'colcon_meta'
[0.493s] Level 1:colcon.colcon_core.package_identification:_identify(colcon_ws/src/move_base_flex/move_base_flex) by extensions ['ros']
[0.493s] Level 1:colcon.colcon_core.package_identification:_identify(colcon_ws/src/move_base_flex/move_base_flex) by extension 'ros'
[0.494s] DEBUG:colcon.colcon_core.package_identification:Package 'colcon_ws/src/move_base_flex/move_base_flex' with type 'ros.ament_cmake' and name 'move_base_flex'
[0.494s] Level 1:colcon.colcon_core.package_identification:_identify(colcon_ws/src/move_base_flex/rviz_mbf_plugins) by extensions ['ignore', 'ignore_ament_install']
[0.494s] Level 1:colcon.colcon_core.package_identification:_identify(colcon_ws/src/move_base_flex/rviz_mbf_plugins) by extension 'ignore'
[0.494s] Level 1:colcon.colcon_core.package_identification:_identify(colcon_ws/src/move_base_flex/rviz_mbf_plugins) by extension 'ignore_ament_install'
[0.495s] Level 1:colcon.colcon_core.package_identification:_identify(colcon_ws/src/move_base_flex/rviz_mbf_plugins) by extensions ['colcon_pkg']
[0.495s] Level 1:colcon.colcon_core.package_identification:_identify(colcon_ws/src/move_base_flex/rviz_mbf_plugins) by extension 'colcon_pkg'
[0.495s] Level 1:colcon.colcon_core.package_identification:_identify(colcon_ws/src/move_base_flex/rviz_mbf_plugins) by extensions ['colcon_meta']
[0.495s] Level 1:colcon.colcon_core.package_identification:_identify(colcon_ws/src/move_base_flex/rviz_mbf_plugins) by extension 'colcon_meta'
[0.495s] Level 1:colcon.colcon_core.package_identification:_identify(colcon_ws/src/move_base_flex/rviz_mbf_plugins) by extensions ['ros']
[0.495s] Level 1:colcon.colcon_core.package_identification:_identify(colcon_ws/src/move_base_flex/rviz_mbf_plugins) by extension 'ros'
[0.496s] DEBUG:colcon.colcon_core.package_identification:Package 'colcon_ws/src/move_base_flex/rviz_mbf_plugins' with type 'ros.ament_cmake' and name 'rviz_mbf_plugins'
[0.496s] Level 1:colcon.colcon_core.package_identification:_identify(install) by extensions ['ignore', 'ignore_ament_install']
[0.496s] Level 1:colcon.colcon_core.package_identification:_identify(install) by extension 'ignore'
[0.496s] Level 1:colcon.colcon_core.package_identification:_identify(install) ignored
[0.496s] Level 1:colcon.colcon_core.package_identification:_identify(log) by extensions ['ignore', 'ignore_ament_install']
[0.496s] Level 1:colcon.colcon_core.package_identification:_identify(log) by extension 'ignore'
[0.496s] Level 1:colcon.colcon_core.package_identification:_identify(log) ignored
[0.496s] Level 1:colcon.colcon_core.package_discovery:discover_packages(recursive) using defaults
[0.497s] Level 1:colcon.colcon_core.package_discovery:discover_packages(ignore) discover
[0.497s] Level 1:colcon.colcon_core.package_discovery:discover_packages(ignore) using defaults
[0.497s] Level 1:colcon.colcon_core.package_discovery:discover_packages(path) discover
[0.497s] Level 1:colcon.colcon_core.package_discovery:discover_packages(path) using defaults
[0.544s] INFO:colcon.colcon_core.package_selection:Skipping not selected package 'mbf_abstract_core' in 'colcon_ws/src/move_base_flex/mbf_abstract_core'
[0.545s] INFO:colcon.colcon_core.package_selection:Skipping not selected package 'mbf_msgs' in 'colcon_ws/src/move_base_flex/mbf_msgs'
[0.545s] INFO:colcon.colcon_core.package_selection:Skipping not selected package 'mesh_msgs' in 'colcon_ws/src/mesh_tools/mesh_msgs'
[0.545s] INFO:colcon.colcon_core.package_selection:Skipping not selected package 'mesh_navigation_tutorials_sim' in 'colcon_ws/src/mesh_navigation_tutorials/mesh_navigation_tutorials_sim'
[0.545s] INFO:colcon.colcon_core.package_selection:Skipping not selected package 'label_manager' in 'colcon_ws/src/mesh_tools/label_manager'
[0.545s] INFO:colcon.colcon_core.package_selection:Skipping not selected package 'mbf_test_utility' in 'colcon_ws/src/move_base_flex/mbf_test_utility'
[0.545s] INFO:colcon.colcon_core.package_selection:Skipping not selected package 'mbf_utility' in 'colcon_ws/src/move_base_flex/mbf_utility'
[0.545s] INFO:colcon.colcon_core.package_selection:Skipping not selected package 'mesh_msgs_conversions' in 'colcon_ws/src/mesh_tools/mesh_msgs_conversions'
[0.545s] INFO:colcon.colcon_core.package_selection:Skipping not selected package 'mesh_msgs_transform' in 'colcon_ws/src/mesh_tools/mesh_msgs_transform'
[0.545s] INFO:colcon.colcon_core.package_selection:Skipping not selected package 'mesh_navigation_ceres_sim' in 'colcon_ws/src/mesh_navigation_tutorials/mesh_navigation_ceres_sim'
[0.545s] INFO:colcon.colcon_core.package_selection:Skipping not selected package 'mesh_navigation_pluto_sim' in 'colcon_ws/src/mesh_navigation_tutorials/mesh_navigation_pluto_sim'
[0.545s] INFO:colcon.colcon_core.package_selection:Skipping not selected package 'rviz_mbf_plugins' in 'colcon_ws/src/move_base_flex/rviz_mbf_plugins'
[0.545s] INFO:colcon.colcon_core.package_selection:Skipping not selected package 'rviz_mesh_tools_plugins' in 'colcon_ws/src/mesh_tools/rviz_mesh_tools_plugins'
[0.545s] INFO:colcon.colcon_core.package_selection:Skipping not selected package 'mbf_abstract_nav' in 'colcon_ws/src/move_base_flex/mbf_abstract_nav'
[0.545s] INFO:colcon.colcon_core.package_selection:Skipping not selected package 'mbf_simple_core' in 'colcon_ws/src/move_base_flex/mbf_simple_core'
[0.545s] INFO:colcon.colcon_core.package_selection:Skipping not selected package 'mesh_map' in 'colcon_ws/src/mesh_navigation/mesh_map'
[0.545s] INFO:colcon.colcon_core.package_selection:Skipping not selected package 'mesh_tools' in 'colcon_ws/src/mesh_tools/mesh_tools'
[0.545s] INFO:colcon.colcon_core.package_selection:Skipping not selected package 'mbf_mesh_core' in 'colcon_ws/src/mesh_navigation/mbf_mesh_core'
[0.545s] INFO:colcon.colcon_core.package_selection:Skipping not selected package 'mbf_simple_nav' in 'colcon_ws/src/move_base_flex/mbf_simple_nav'
[0.545s] INFO:colcon.colcon_core.package_selection:Skipping not selected package 'mesh_layers' in 'colcon_ws/src/mesh_navigation/mesh_layers'
[0.545s] INFO:colcon.colcon_core.package_selection:Skipping not selected package 'dijkstra_mesh_planner' in 'colcon_ws/src/mesh_navigation/dijkstra_mesh_planner'
[0.545s] INFO:colcon.colcon_core.package_selection:Skipping not selected package 'mbf_mesh_nav' in 'colcon_ws/src/mesh_navigation/mbf_mesh_nav'
[0.545s] INFO:colcon.colcon_core.package_selection:Skipping not selected package 'mesh_controller' in 'colcon_ws/src/mesh_navigation/mesh_controller'
[0.545s] INFO:colcon.colcon_core.package_selection:Skipping not selected package 'move_base_flex' in 'colcon_ws/src/move_base_flex/move_base_flex'
[0.545s] INFO:colcon.colcon_core.package_selection:Skipping not selected package 'mesh_navigation' in 'colcon_ws/src/mesh_navigation/mesh_navigation'
[0.545s] INFO:colcon.colcon_core.package_selection:Skipping not selected package 'mesh_navigation_tutorials' in 'colcon_ws/src/mesh_navigation_tutorials/mesh_navigation_tutorials'
[0.545s] INFO:colcon.colcon_core.package_selection:Skipping not selected package 'mesh_navigation_ceres' in 'colcon_ws/src/mesh_navigation_tutorials/mesh_navigation_ceres'
[0.545s] INFO:colcon.colcon_core.package_selection:Skipping not selected package 'mesh_navigation_pluto' in 'colcon_ws/src/mesh_navigation_tutorials/mesh_navigation_pluto'
[0.546s] Level 5:colcon.colcon_core.verb:set package 'cvp_mesh_planner' build argument 'cmake_args' from command line to 'None'
[0.546s] Level 5:colcon.colcon_core.verb:set package 'cvp_mesh_planner' build argument 'cmake_target' from command line to 'None'
[0.546s] Level 5:colcon.colcon_core.verb:set package 'cvp_mesh_planner' build argument 'cmake_target_skip_unavailable' from command line to 'False'
[0.546s] Level 5:colcon.colcon_core.verb:set package 'cvp_mesh_planner' build argument 'cmake_clean_cache' from command line to 'False'
[0.546s] Level 5:colcon.colcon_core.verb:set package 'cvp_mesh_planner' build argument 'cmake_clean_first' from command line to 'False'
[0.546s] Level 5:colcon.colcon_core.verb:set package 'cvp_mesh_planner' build argument 'cmake_force_configure' from command line to 'False'
[0.546s] Level 5:colcon.colcon_core.verb:set package 'cvp_mesh_planner' build argument 'ament_cmake_args' from command line to 'None'
[0.546s] Level 5:colcon.colcon_core.verb:set package 'cvp_mesh_planner' build argument 'catkin_cmake_args' from command line to 'None'
[0.546s] Level 5:colcon.colcon_core.verb:set package 'cvp_mesh_planner' build argument 'catkin_skip_building_tests' from command line to 'False'
[0.546s] DEBUG:colcon.colcon_core.verb:Building package 'cvp_mesh_planner' with the following arguments: {'ament_cmake_args': None, 'build_base': '/root/Shared/MIAPR_Projekt/build/cvp_mesh_planner', 'catkin_cmake_args': None, 'catkin_skip_building_tests': False, 'cmake_args': None, 'cmake_clean_cache': False, 'cmake_clean_first': False, 'cmake_force_configure': False, 'cmake_target': None, 'cmake_target_skip_unavailable': False, 'install_base': '/root/Shared/MIAPR_Projekt/install/cvp_mesh_planner', 'merge_install': False, 'path': '/root/Shared/MIAPR_Projekt/colcon_ws/src/mesh_navigation/cvp_mesh_planner', 'symlink_install': True, 'test_result_base': None}
[0.546s] INFO:colcon.colcon_core.executor:Executing jobs using 'parallel' executor
[0.547s] DEBUG:colcon.colcon_parallel_executor.executor.parallel:run_until_complete
[0.548s] INFO:colcon.colcon_ros.task.ament_cmake.build:Building ROS package in '/root/Shared/MIAPR_Projekt/colcon_ws/src/mesh_navigation/cvp_mesh_planner' with build type 'ament_cmake'
[0.548s] INFO:colcon.colcon_cmake.task.cmake.build:Building CMake package in '/root/Shared/MIAPR_Projekt/colcon_ws/src/mesh_navigation/cvp_mesh_planner'
[0.555s] INFO:colcon.colcon_core.plugin_system:Skipping extension 'colcon_core.shell.bat': Not used on non-Windows systems
[0.556s] INFO:colcon.colcon_core.shell:Skip shell extension 'powershell' for command environment: Not usable outside of PowerShell
[0.556s] DEBUG:colcon.colcon_core.shell:Skip shell extension 'dsv' for command environment
[0.564s] ERROR:colcon.colcon_cmake.task.cmake.build:Failed to find the following files:
- /root/Shared/MIAPR_Projekt/install/mbf_abstract_core/share/mbf_abstract_core/package.sh
- /root/Shared/MIAPR_Projekt/install/mbf_msgs/share/mbf_msgs/package.sh
- /root/Shared/MIAPR_Projekt/install/mesh_msgs/share/mesh_msgs/package.sh
- /root/Shared/MIAPR_Projekt/install/mbf_utility/share/mbf_utility/package.sh
- /root/Shared/MIAPR_Projekt/install/mesh_msgs_conversions/share/mesh_msgs_conversions/package.sh
- /root/Shared/MIAPR_Projekt/install/mesh_map/share/mesh_map/package.sh
- /root/Shared/MIAPR_Projekt/install/mbf_mesh_core/share/mbf_mesh_core/package.sh
Check that the following packages have been built:
- mbf_abstract_core
- mbf_msgs
- mesh_msgs
- mbf_utility
- mesh_msgs_conversions
- mesh_map
- mbf_mesh_core
[0.565s] Level 1:colcon.colcon_core.environment:create_environment_scripts_only(cvp_mesh_planner)
[0.573s] Level 1:colcon.colcon_core.environment:checking '/root/Shared/MIAPR_Projekt/install/cvp_mesh_planner' for CMake module files
[0.574s] Level 1:colcon.colcon_core.environment:checking '/root/Shared/MIAPR_Projekt/install/cvp_mesh_planner' for CMake config files
[0.574s] Level 1:colcon.colcon_core.environment:checking '/root/Shared/MIAPR_Projekt/install/cvp_mesh_planner/bin'
[0.574s] Level 1:colcon.colcon_core.environment:checking '/root/Shared/MIAPR_Projekt/install/cvp_mesh_planner/lib/pkgconfig/cvp_mesh_planner.pc'
[0.576s] Level 1:colcon.colcon_core.environment:checking '/root/Shared/MIAPR_Projekt/install/cvp_mesh_planner/lib/python3.12/site-packages'
[0.577s] Level 1:colcon.colcon_core.environment:checking '/root/Shared/MIAPR_Projekt/install/cvp_mesh_planner/bin'
[0.577s] INFO:colcon.colcon_core.shell:Creating package script '/root/Shared/MIAPR_Projekt/install/cvp_mesh_planner/share/cvp_mesh_planner/package.ps1'
[0.579s] INFO:colcon.colcon_core.shell:Creating package descriptor '/root/Shared/MIAPR_Projekt/install/cvp_mesh_planner/share/cvp_mesh_planner/package.dsv'
[0.580s] INFO:colcon.colcon_core.shell:Creating package script '/root/Shared/MIAPR_Projekt/install/cvp_mesh_planner/share/cvp_mesh_planner/package.sh'
[0.581s] INFO:colcon.colcon_core.shell:Creating package script '/root/Shared/MIAPR_Projekt/install/cvp_mesh_planner/share/cvp_mesh_planner/package.bash'
[0.582s] INFO:colcon.colcon_core.shell:Creating package script '/root/Shared/MIAPR_Projekt/install/cvp_mesh_planner/share/cvp_mesh_planner/package.zsh'
[0.583s] Level 1:colcon.colcon_core.environment:create_file_with_runtime_dependencies(/root/Shared/MIAPR_Projekt/install/cvp_mesh_planner/share/colcon-core/packages/cvp_mesh_planner)
[0.594s] DEBUG:colcon.colcon_parallel_executor.executor.parallel:closing loop
[0.594s] DEBUG:colcon.colcon_parallel_executor.executor.parallel:loop closed
[0.594s] DEBUG:colcon.colcon_parallel_executor.executor.parallel:run_until_complete finished with '1'
[0.594s] DEBUG:colcon.colcon_core.event_reactor:joining thread
[0.608s] INFO:colcon.colcon_core.plugin_system:Skipping extension 'colcon_notification.desktop_notification.notify_send': Could not find 'notify-send'
[0.608s] INFO:colcon.colcon_core.plugin_system:Skipping extension 'colcon_notification.desktop_notification.terminal_notifier': Not used on non-Darwin systems
[0.608s] INFO:colcon.colcon_core.plugin_system:Skipping extension 'colcon_notification.desktop_notification.win32': Not used on non-Windows systems
[0.608s] INFO:colcon.colcon_notification.desktop_notification:Sending desktop notification using 'notify2'
[0.612s] DEBUG:colcon.colcon_notification.desktop_notification.notify2:Failed to initialize notify2: org.freedesktop.DBus.Error.Spawn.ExecFailed: /usr/bin/dbus-launch terminated abnormally without any error message
[0.612s] DEBUG:colcon.colcon_core.event_reactor:joined thread
[0.613s] INFO:colcon.colcon_core.shell:Creating prefix script '/root/Shared/MIAPR_Projekt/install/local_setup.ps1'
[0.615s] INFO:colcon.colcon_core.shell:Creating prefix util module '/root/Shared/MIAPR_Projekt/install/_local_setup_util_ps1.py'
[0.617s] INFO:colcon.colcon_core.shell:Creating prefix chain script '/root/Shared/MIAPR_Projekt/install/setup.ps1'
[0.618s] INFO:colcon.colcon_core.shell:Creating prefix script '/root/Shared/MIAPR_Projekt/install/local_setup.sh'
[0.620s] INFO:colcon.colcon_core.shell:Creating prefix util module '/root/Shared/MIAPR_Projekt/install/_local_setup_util_sh.py'
[0.621s] INFO:colcon.colcon_core.shell:Creating prefix chain script '/root/Shared/MIAPR_Projekt/install/setup.sh'
[0.622s] INFO:colcon.colcon_core.shell:Creating prefix script '/root/Shared/MIAPR_Projekt/install/local_setup.bash'
[0.623s] INFO:colcon.colcon_core.shell:Creating prefix chain script '/root/Shared/MIAPR_Projekt/install/setup.bash'
[0.625s] INFO:colcon.colcon_core.shell:Creating prefix script '/root/Shared/MIAPR_Projekt/install/local_setup.zsh'
[0.627s] INFO:colcon.colcon_core.shell:Creating prefix chain script '/root/Shared/MIAPR_Projekt/install/setup.zsh'
