-- The C compiler identification is GNU 13.3.0
-- The CXX compiler identification is GNU 13.3.0
-- Detecting C compiler ABI info
-- Detecting C compiler ABI info - done
-- Check for working C compiler: /usr/bin/cc - skipped
-- Detecting C compile features
-- Detecting C compile features - done
-- Detecting CXX compiler ABI info
-- Detecting CXX compiler ABI info - done
-- Check for working CXX compiler: /usr/bin/c++ - skipped
-- Detecting CXX compile features
-- Detecting CXX compile features - done
-- Found ament_cmake: 2.5.5 (/opt/ros/jazzy/share/ament_cmake/cmake)
-- Found Python3: /usr/bin/python3 (found version "3.12.3") found components: Interpreter 
-- Override CMake install command with custom implementation using symlinks instead of copying resources
-- Found rclcpp: 28.1.16 (/opt/ros/jazzy/share/rclcpp/cmake)
-- Found rosidl_generator_c: 4.6.7 (/opt/ros/jazzy/share/rosidl_generator_c/cmake)
-- Found rosidl_generator_cpp: 4.6.7 (/opt/ros/jazzy/share/rosidl_generator_cpp/cmake)
-- Using all available rosidl_typesupport_c: rosidl_typesupport_fastrtps_c;rosidl_typesupport_introspection_c
-- Using all available rosidl_typesupport_cpp: rosidl_typesupport_fastrtps_cpp;rosidl_typesupport_introspection_cpp
-- Found rmw_implementation_cmake: 7.3.3 (/opt/ros/jazzy/share/rmw_implementation_cmake/cmake)
-- Found rmw_fastrtps_cpp: 8.4.3 (/opt/ros/jazzy/share/rmw_fastrtps_cpp/cmake)
-- Found OpenSSL: /usr/lib/x86_64-linux-gnu/libcrypto.so (found version "3.0.13")  
-- Found FastRTPS: /opt/ros/jazzy/include (Required is at least version "2.13") 
-- Using RMW implementation 'rmw_fastrtps_cpp' as default
-- Found mesh_msgs: 2.1.1 (/root/Shared/MIAPR_Projekt/colcon_ws/install/mesh_msgs/share/mesh_msgs/cmake)
-- Found tf2: 0.36.19 (/opt/ros/jazzy/share/tf2/cmake)
-- Found tf2_ros: 0.36.19 (/opt/ros/jazzy/share/tf2_ros/cmake)
-- Configuring done (1.7s)
-- Generating done (0.0s)
-- Build files have been written to: /root/Shared/MIAPR_Projekt/colcon_ws/build/mesh_msgs_transform
[ 50%] [32mBuilding CXX object CMakeFiles/mesh_msgs_transform.dir/src/transforms.cpp.o[0m
[100%] [32m[1mLinking CXX static library libmesh_msgs_transform.a[0m
[100%] Built target mesh_msgs_transform
-- Install configuration: ""
-- Execute custom install script
-- Symlinking: /root/Shared/MIAPR_Projekt/colcon_ws/install/mesh_msgs_transform/share/mesh_msgs_transform/environment/library_path.sh
-- Symlinking: /root/Shared/MIAPR_Projekt/colcon_ws/install/mesh_msgs_transform/share/mesh_msgs_transform/environment/library_path.dsv
-- Symlinking: /root/Shared/MIAPR_Projekt/colcon_ws/install/mesh_msgs_transform/include/mesh_msgs_transform/mesh_msgs_transform/transforms.h
-- Symlinking: /root/Shared/MIAPR_Projekt/colcon_ws/install/mesh_msgs_transform/share/ament_index/resource_index/package_run_dependencies/mesh_msgs_transform
-- Symlinking: /root/Shared/MIAPR_Projekt/colcon_ws/install/mesh_msgs_transform/share/ament_index/resource_index/parent_prefix_path/mesh_msgs_transform
-- Symlinking: /root/Shared/MIAPR_Projekt/colcon_ws/install/mesh_msgs_transform/share/mesh_msgs_transform/environment/ament_prefix_path.sh
-- Symlinking: /root/Shared/MIAPR_Projekt/colcon_ws/install/mesh_msgs_transform/share/mesh_msgs_transform/environment/ament_prefix_path.dsv
-- Symlinking: /root/Shared/MIAPR_Projekt/colcon_ws/install/mesh_msgs_transform/share/mesh_msgs_transform/environment/path.sh
-- Symlinking: /root/Shared/MIAPR_Projekt/colcon_ws/install/mesh_msgs_transform/share/mesh_msgs_transform/environment/path.dsv
-- Symlinking: /root/Shared/MIAPR_Projekt/colcon_ws/install/mesh_msgs_transform/share/mesh_msgs_transform/local_setup.bash
-- Symlinking: /root/Shared/MIAPR_Projekt/colcon_ws/install/mesh_msgs_transform/share/mesh_msgs_transform/local_setup.sh
-- Symlinking: /root/Shared/MIAPR_Projekt/colcon_ws/install/mesh_msgs_transform/share/mesh_msgs_transform/local_setup.zsh
-- Symlinking: /root/Shared/MIAPR_Projekt/colcon_ws/install/mesh_msgs_transform/share/mesh_msgs_transform/local_setup.dsv
-- Symlinking: /root/Shared/MIAPR_Projekt/colcon_ws/install/mesh_msgs_transform/share/mesh_msgs_transform/package.dsv
-- Symlinking: /root/Shared/MIAPR_Projekt/colcon_ws/install/mesh_msgs_transform/share/ament_index/resource_index/packages/mesh_msgs_transform
-- Symlinking: /root/Shared/MIAPR_Projekt/colcon_ws/install/mesh_msgs_transform/share/mesh_msgs_transform/cmake/ament_cmake_export_include_directories-extras.cmake
-- Symlinking: /root/Shared/MIAPR_Projekt/colcon_ws/install/mesh_msgs_transform/share/mesh_msgs_transform/cmake/ament_cmake_export_targets-extras.cmake
-- Symlinking: /root/Shared/MIAPR_Projekt/colcon_ws/install/mesh_msgs_transform/share/mesh_msgs_transform/cmake/ament_cmake_export_dependencies-extras.cmake
-- Symlinking: /root/Shared/MIAPR_Projekt/colcon_ws/install/mesh_msgs_transform/share/mesh_msgs_transform/cmake/mesh_msgs_transformConfig.cmake
-- Symlinking: /root/Shared/MIAPR_Projekt/colcon_ws/install/mesh_msgs_transform/share/mesh_msgs_transform/cmake/mesh_msgs_transformConfig-version.cmake
-- Symlinking: /root/Shared/MIAPR_Projekt/colcon_ws/install/mesh_msgs_transform/share/mesh_msgs_transform/package.xml
-- Installing: /root/Shared/MIAPR_Projekt/colcon_ws/install/mesh_msgs_transform/lib/libmesh_msgs_transform.a
-- Installing: /root/Shared/MIAPR_Projekt/colcon_ws/install/mesh_msgs_transform/share/mesh_msgs_transform/cmake/mesh_msgs_transformExport.cmake
-- Installing: /root/Shared/MIAPR_Projekt/colcon_ws/install/mesh_msgs_transform/share/mesh_msgs_transform/cmake/mesh_msgs_transformExport-noconfig.cmake
