[0.014s] Invoking command in '/root/Shared/MIAPR_Projekt/colcon_ws/build/mesh_msgs_transform': AMENT_PREFIX_PATH=/root/Shared/MIAPR_Projekt/colcon_ws/install/mesh_msgs:${AMENT_PREFIX_PATH} CMAKE_PREFIX_PATH=/root/Shared/MIAPR_Projekt/colcon_ws/install/mesh_msgs:/opt/ros/jazzy/opt/gz_math_vendor:/opt/ros/jazzy/opt/gz_utils_vendor:/opt/ros/jazzy/opt/gz_cmake_vendor:/opt/ros/jazzy LD_LIBRARY_PATH=/root/Shared/MIAPR_Projekt/colcon_ws/install/mesh_msgs/lib:${LD_LIBRARY_PATH} PYTHONPATH=/root/Shared/MIAPR_Projekt/colcon_ws/install/mesh_msgs/lib/python3.12/site-packages:${PYTHONPATH} /usr/bin/cmake /root/Shared/MIAPR_Projekt/colcon_ws/src/mesh_tools/mesh_msgs_transform -DAMENT_CMAKE_SYMLINK_INSTALL=1 -DCMAKE_INSTALL_PREFIX=/root/Shared/MIAPR_Projekt/colcon_ws/install/mesh_msgs_transform
[0.082s] -- The C compiler identification is GNU 13.3.0
[0.152s] -- The CXX compiler identification is GNU 13.3.0
[0.172s] -- Detecting C compiler ABI info
[0.285s] -- Detecting C compiler ABI info - done
[0.298s] -- Check for working C compiler: /usr/bin/cc - skipped
[0.298s] -- Detecting C compile features
[0.298s] -- Detecting C compile features - done
[0.309s] -- Detecting CXX compiler ABI info
[0.431s] -- Detecting CXX compiler ABI info - done
[0.441s] -- Check for working CXX compiler: /usr/bin/c++ - skipped
[0.441s] -- Detecting CXX compile features
[0.441s] -- Detecting CXX compile features - done
[0.446s] -- Found ament_cmake: 2.5.5 (/opt/ros/jazzy/share/ament_cmake/cmake)
[0.615s] -- Found Python3: /usr/bin/python3 (found version "3.12.3") found components: Interpreter 
[0.707s] -- Override CMake install command with custom implementation using symlinks instead of copying resources
[0.759s] -- Found rclcpp: 28.1.16 (/opt/ros/jazzy/share/rclcpp/cmake)
[0.814s] -- Found rosidl_generator_c: 4.6.7 (/opt/ros/jazzy/share/rosidl_generator_c/cmake)
[0.833s] -- Found rosidl_generator_cpp: 4.6.7 (/opt/ros/jazzy/share/rosidl_generator_cpp/cmake)
[0.854s] -- Using all available rosidl_typesupport_c: rosidl_typesupport_fastrtps_c;rosidl_typesupport_introspection_c
[0.875s] -- Using all available rosidl_typesupport_cpp: rosidl_typesupport_fastrtps_cpp;rosidl_typesupport_introspection_cpp
[0.983s] -- Found rmw_implementation_cmake: 7.3.3 (/opt/ros/jazzy/share/rmw_implementation_cmake/cmake)
[0.989s] -- Found rmw_fastrtps_cpp: 8.4.3 (/opt/ros/jazzy/share/rmw_fastrtps_cpp/cmake)
[1.115s] -- Found OpenSSL: /usr/lib/x86_64-linux-gnu/libcrypto.so (found version "3.0.13")  
[1.137s] -- Found FastRTPS: /opt/ros/jazzy/include (Required is at least version "2.13") 
[1.164s] -- Using RMW implementation 'rmw_fastrtps_cpp' as default
[1.271s] -- Found mesh_msgs: 2.1.1 (/root/Shared/MIAPR_Projekt/colcon_ws/install/mesh_msgs/share/mesh_msgs/cmake)
[1.382s] -- Found tf2: 0.36.19 (/opt/ros/jazzy/share/tf2/cmake)
[1.391s] -- Found tf2_ros: 0.36.19 (/opt/ros/jazzy/share/tf2_ros/cmake)
[1.674s] -- Configuring done (1.7s)
[1.693s] -- Generating done (0.0s)
[1.697s] -- Build files have been written to: /root/Shared/MIAPR_Projekt/colcon_ws/build/mesh_msgs_transform
[1.711s] Invoked command in '/root/Shared/MIAPR_Projekt/colcon_ws/build/mesh_msgs_transform' returned '0': AMENT_PREFIX_PATH=/root/Shared/MIAPR_Projekt/colcon_ws/install/mesh_msgs:${AMENT_PREFIX_PATH} CMAKE_PREFIX_PATH=/root/Shared/MIAPR_Projekt/colcon_ws/install/mesh_msgs:/opt/ros/jazzy/opt/gz_math_vendor:/opt/ros/jazzy/opt/gz_utils_vendor:/opt/ros/jazzy/opt/gz_cmake_vendor:/opt/ros/jazzy LD_LIBRARY_PATH=/root/Shared/MIAPR_Projekt/colcon_ws/install/mesh_msgs/lib:${LD_LIBRARY_PATH} PYTHONPATH=/root/Shared/MIAPR_Projekt/colcon_ws/install/mesh_msgs/lib/python3.12/site-packages:${PYTHONPATH} /usr/bin/cmake /root/Shared/MIAPR_Projekt/colcon_ws/src/mesh_tools/mesh_msgs_transform -DAMENT_CMAKE_SYMLINK_INSTALL=1 -DCMAKE_INSTALL_PREFIX=/root/Shared/MIAPR_Projekt/colcon_ws/install/mesh_msgs_transform
[1.712s] Invoking command in '/root/Shared/MIAPR_Projekt/colcon_ws/build/mesh_msgs_transform': AMENT_PREFIX_PATH=/root/Shared/MIAPR_Projekt/colcon_ws/install/mesh_msgs:${AMENT_PREFIX_PATH} CMAKE_PREFIX_PATH=/root/Shared/MIAPR_Projekt/colcon_ws/install/mesh_msgs:/opt/ros/jazzy/opt/gz_math_vendor:/opt/ros/jazzy/opt/gz_utils_vendor:/opt/ros/jazzy/opt/gz_cmake_vendor:/opt/ros/jazzy LD_LIBRARY_PATH=/root/Shared/MIAPR_Projekt/colcon_ws/install/mesh_msgs/lib:${LD_LIBRARY_PATH} PYTHONPATH=/root/Shared/MIAPR_Projekt/colcon_ws/install/mesh_msgs/lib/python3.12/site-packages:${PYTHONPATH} /usr/bin/cmake --build /root/Shared/MIAPR_Projekt/colcon_ws/build/mesh_msgs_transform -- -j12 -l12
[1.780s] [ 50%] [32mBuilding CXX object CMakeFiles/mesh_msgs_transform.dir/src/transforms.cpp.o[0m
[11.979s] [100%] [32m[1mLinking CXX static library libmesh_msgs_transform.a[0m
[12.176s] [100%] Built target mesh_msgs_transform
[12.225s] Invoked command in '/root/Shared/MIAPR_Projekt/colcon_ws/build/mesh_msgs_transform' returned '0': AMENT_PREFIX_PATH=/root/Shared/MIAPR_Projekt/colcon_ws/install/mesh_msgs:${AMENT_PREFIX_PATH} CMAKE_PREFIX_PATH=/root/Shared/MIAPR_Projekt/colcon_ws/install/mesh_msgs:/opt/ros/jazzy/opt/gz_math_vendor:/opt/ros/jazzy/opt/gz_utils_vendor:/opt/ros/jazzy/opt/gz_cmake_vendor:/opt/ros/jazzy LD_LIBRARY_PATH=/root/Shared/MIAPR_Projekt/colcon_ws/install/mesh_msgs/lib:${LD_LIBRARY_PATH} PYTHONPATH=/root/Shared/MIAPR_Projekt/colcon_ws/install/mesh_msgs/lib/python3.12/site-packages:${PYTHONPATH} /usr/bin/cmake --build /root/Shared/MIAPR_Projekt/colcon_ws/build/mesh_msgs_transform -- -j12 -l12
[12.231s] Invoking command in '/root/Shared/MIAPR_Projekt/colcon_ws/build/mesh_msgs_transform': AMENT_PREFIX_PATH=/root/Shared/MIAPR_Projekt/colcon_ws/install/mesh_msgs:${AMENT_PREFIX_PATH} CMAKE_PREFIX_PATH=/root/Shared/MIAPR_Projekt/colcon_ws/install/mesh_msgs:/opt/ros/jazzy/opt/gz_math_vendor:/opt/ros/jazzy/opt/gz_utils_vendor:/opt/ros/jazzy/opt/gz_cmake_vendor:/opt/ros/jazzy LD_LIBRARY_PATH=/root/Shared/MIAPR_Projekt/colcon_ws/install/mesh_msgs/lib:${LD_LIBRARY_PATH} PYTHONPATH=/root/Shared/MIAPR_Projekt/colcon_ws/install/mesh_msgs/lib/python3.12/site-packages:${PYTHONPATH} /usr/bin/cmake --install /root/Shared/MIAPR_Projekt/colcon_ws/build/mesh_msgs_transform
[12.261s] -- Install configuration: ""
[12.264s] -- Execute custom install script
[12.264s] -- Symlinking: /root/Shared/MIAPR_Projekt/colcon_ws/install/mesh_msgs_transform/share/mesh_msgs_transform/environment/library_path.sh
[12.307s] -- Symlinking: /root/Shared/MIAPR_Projekt/colcon_ws/install/mesh_msgs_transform/share/mesh_msgs_transform/environment/library_path.dsv
[12.343s] -- Symlinking: /root/Shared/MIAPR_Projekt/colcon_ws/install/mesh_msgs_transform/include/mesh_msgs_transform/mesh_msgs_transform/transforms.h
[12.383s] -- Symlinking: /root/Shared/MIAPR_Projekt/colcon_ws/install/mesh_msgs_transform/share/ament_index/resource_index/package_run_dependencies/mesh_msgs_transform
[12.404s] -- Symlinking: /root/Shared/MIAPR_Projekt/colcon_ws/install/mesh_msgs_transform/share/ament_index/resource_index/parent_prefix_path/mesh_msgs_transform
[12.443s] -- Symlinking: /root/Shared/MIAPR_Projekt/colcon_ws/install/mesh_msgs_transform/share/mesh_msgs_transform/environment/ament_prefix_path.sh
[12.483s] -- Symlinking: /root/Shared/MIAPR_Projekt/colcon_ws/install/mesh_msgs_transform/share/mesh_msgs_transform/environment/ament_prefix_path.dsv
[12.524s] -- Symlinking: /root/Shared/MIAPR_Projekt/colcon_ws/install/mesh_msgs_transform/share/mesh_msgs_transform/environment/path.sh
[12.566s] -- Symlinking: /root/Shared/MIAPR_Projekt/colcon_ws/install/mesh_msgs_transform/share/mesh_msgs_transform/environment/path.dsv
[12.606s] -- Symlinking: /root/Shared/MIAPR_Projekt/colcon_ws/install/mesh_msgs_transform/share/mesh_msgs_transform/local_setup.bash
[12.632s] -- Symlinking: /root/Shared/MIAPR_Projekt/colcon_ws/install/mesh_msgs_transform/share/mesh_msgs_transform/local_setup.sh
[12.750s] -- Symlinking: /root/Shared/MIAPR_Projekt/colcon_ws/install/mesh_msgs_transform/share/mesh_msgs_transform/local_setup.zsh
[12.789s] -- Symlinking: /root/Shared/MIAPR_Projekt/colcon_ws/install/mesh_msgs_transform/share/mesh_msgs_transform/local_setup.dsv
[12.870s] -- Symlinking: /root/Shared/MIAPR_Projekt/colcon_ws/install/mesh_msgs_transform/share/mesh_msgs_transform/package.dsv
[12.898s] -- Symlinking: /root/Shared/MIAPR_Projekt/colcon_ws/install/mesh_msgs_transform/share/ament_index/resource_index/packages/mesh_msgs_transform
[12.933s] -- Symlinking: /root/Shared/MIAPR_Projekt/colcon_ws/install/mesh_msgs_transform/share/mesh_msgs_transform/cmake/ament_cmake_export_include_directories-extras.cmake
[13.026s] -- Symlinking: /root/Shared/MIAPR_Projekt/colcon_ws/install/mesh_msgs_transform/share/mesh_msgs_transform/cmake/ament_cmake_export_targets-extras.cmake
[13.041s] -- Symlinking: /root/Shared/MIAPR_Projekt/colcon_ws/install/mesh_msgs_transform/share/mesh_msgs_transform/cmake/ament_cmake_export_dependencies-extras.cmake
[13.163s] -- Symlinking: /root/Shared/MIAPR_Projekt/colcon_ws/install/mesh_msgs_transform/share/mesh_msgs_transform/cmake/mesh_msgs_transformConfig.cmake
[13.207s] -- Symlinking: /root/Shared/MIAPR_Projekt/colcon_ws/install/mesh_msgs_transform/share/mesh_msgs_transform/cmake/mesh_msgs_transformConfig-version.cmake
[13.244s] -- Symlinking: /root/Shared/MIAPR_Projekt/colcon_ws/install/mesh_msgs_transform/share/mesh_msgs_transform/package.xml
[13.292s] -- Installing: /root/Shared/MIAPR_Projekt/colcon_ws/install/mesh_msgs_transform/lib/libmesh_msgs_transform.a
[13.308s] -- Installing: /root/Shared/MIAPR_Projekt/colcon_ws/install/mesh_msgs_transform/share/mesh_msgs_transform/cmake/mesh_msgs_transformExport.cmake
[13.308s] -- Installing: /root/Shared/MIAPR_Projekt/colcon_ws/install/mesh_msgs_transform/share/mesh_msgs_transform/cmake/mesh_msgs_transformExport-noconfig.cmake
[13.316s] Invoked command in '/root/Shared/MIAPR_Projekt/colcon_ws/build/mesh_msgs_transform' returned '0': AMENT_PREFIX_PATH=/root/Shared/MIAPR_Projekt/colcon_ws/install/mesh_msgs:${AMENT_PREFIX_PATH} CMAKE_PREFIX_PATH=/root/Shared/MIAPR_Projekt/colcon_ws/install/mesh_msgs:/opt/ros/jazzy/opt/gz_math_vendor:/opt/ros/jazzy/opt/gz_utils_vendor:/opt/ros/jazzy/opt/gz_cmake_vendor:/opt/ros/jazzy LD_LIBRARY_PATH=/root/Shared/MIAPR_Projekt/colcon_ws/install/mesh_msgs/lib:${LD_LIBRARY_PATH} PYTHONPATH=/root/Shared/MIAPR_Projekt/colcon_ws/install/mesh_msgs/lib/python3.12/site-packages:${PYTHONPATH} /usr/bin/cmake --install /root/Shared/MIAPR_Projekt/colcon_ws/build/mesh_msgs_transform
