-- The C compiler identification is GNU 13.3.0
-- The CXX compiler identification is GNU 13.3.0
-- Detecting C compiler ABI info
-- Detecting C compiler ABI info - done
-- Check for working C compiler: /usr/bin/cc - skipped
-- Detecting C compile features
-- Detecting C compile features - done
-- Detecting CXX compiler ABI info
-- Detecting CXX compiler ABI info - done
-- Check for working CXX compiler: /usr/bin/c++ - skipped
-- Detecting CXX compile features
-- Detecting CXX compile features - done
-- Found ament_cmake_ros: 0.12.0 (/opt/ros/jazzy/share/ament_cmake_ros/cmake)
-- Found Python3: /usr/bin/python3 (found version "3.12.3") found components: Interpreter 
-- Found mbf_mesh_core: 3.0.1 (/root/Shared/MIAPR_Projekt/colcon_ws/install/mbf_mesh_core/share/mbf_mesh_core/cmake)
-- Found rosidl_generator_c: 4.6.7 (/opt/ros/jazzy/share/rosidl_generator_c/cmake)
-- Found rosidl_generator_cpp: 4.6.7 (/opt/ros/jazzy/share/rosidl_generator_cpp/cmake)
-- Using all available rosidl_typesupport_c: rosidl_typesupport_fastrtps_c;rosidl_typesupport_introspection_c
-- Using all available rosidl_typesupport_cpp: rosidl_typesupport_fastrtps_cpp;rosidl_typesupport_introspection_cpp
-- Found rmw_implementation_cmake: 7.3.3 (/opt/ros/jazzy/share/rmw_implementation_cmake/cmake)
-- Found rmw_fastrtps_cpp: 8.4.3 (/opt/ros/jazzy/share/rmw_fastrtps_cpp/cmake)
-- Found OpenSSL: /usr/lib/x86_64-linux-gnu/libcrypto.so (found version "3.0.13")  
-- Found FastRTPS: /opt/ros/jazzy/include (Required is at least version "2.13") 
-- Using RMW implementation 'rmw_fastrtps_cpp' as default
-- Found eigen3_cmake_module: 0.3.0 (/opt/ros/jazzy/share/eigen3_cmake_module/cmake)
-- Found Eigen3: TRUE (found version "3.4.0") 
-- Ensuring Eigen3 include directory is part of orocos-kdl CMake target
-- Found mbf_msgs: 1.0.5 (/root/Shared/MIAPR_Projekt/colcon_ws/install/mbf_msgs/share/mbf_msgs/cmake)
-- Found mbf_utility: 1.0.5 (/root/Shared/MIAPR_Projekt/colcon_ws/install/mbf_utility/share/mbf_utility/cmake)
-- Found MPI_C: /usr/lib/x86_64-linux-gnu/openmpi/lib/libmpi.so (found version "3.1") 
-- Found MPI_CXX: /usr/lib/x86_64-linux-gnu/openmpi/lib/libmpi_cxx.so (found version "3.1") 
-- Found MPI: TRUE (found version "3.1")  
-- Found TIFF: /usr/lib/x86_64-linux-gnu/libtiff.so (found version "4.5.1")  
-- Found GDAL: /usr/lib/x86_64-linux-gnu/libgdal.so (found version "3.8.4") 
-- Found OpenCV: /usr (found version "4.6.0") 
-- Found FLANN: /usr/include/flann  
-- Try to find LZ4: find_path + find_library
-- Try to find LZ4: FindPackageHandleStandardArgs
-- Found LZ4: /usr/lib/x86_64-linux-gnu/liblz4.so  
-- Found GSL: /usr/include (found version "2.7.1") 
-- Found HDF5: /usr/lib/x86_64-linux-gnu/hdf5/serial/libhdf5.so;/usr/lib/x86_64-linux-gnu/libcrypto.so;/usr/lib/x86_64-linux-gnu/libcurl.so;/usr/lib/x86_64-linux-gnu/libpthread.a;/usr/lib/x86_64-linux-gnu/libsz.so;/usr/lib/x86_64-linux-gnu/libz.so;/usr/lib/x86_64-linux-gnu/libdl.a;/usr/lib/x86_64-linux-gnu/libm.so;/usr/lib/x86_64-linux-gnu/hdf5/serial/libhdf5_cpp.so;/usr/lib/x86_64-linux-gnu/hdf5/serial/libhdf5.so;/usr/lib/x86_64-linux-gnu/libcrypto.so;/usr/lib/x86_64-linux-gnu/libcurl.so;/usr/lib/x86_64-linux-gnu/libpthread.a;/usr/lib/x86_64-linux-gnu/libsz.so;/usr/lib/x86_64-linux-gnu/libz.so;/usr/lib/x86_64-linux-gnu/libdl.a;/usr/lib/x86_64-linux-gnu/libm.so (found version "1.10.10") found components: C CXX HL 
-- Found OpenGL: /usr/lib/x86_64-linux-gnu/libOpenGL.so  found components: OpenGL 
-- Found GLUT: /usr/lib/x86_64-linux-gnu/libglut.so  
-- Configuring done (6.4s)
-- Generating done (0.1s)
-- Build files have been written to: /root/Shared/MIAPR_Projekt/colcon_ws/build/cvp_mesh_planner
[ 50%] [32mBuilding CXX object CMakeFiles/cvp_mesh_planner.dir/src/cvp_mesh_planner.cpp.o[0m
[01m[K/root/Shared/MIAPR_Projekt/colcon_ws/src/mesh_navigation/cvp_mesh_planner/src/cvp_mesh_planner.cpp:[m[K In member function ‘[01m[Kvirtual uint32_t cvp_mesh_planner::CVPMeshPlanner::[01;32m[KmakePlan[m[K(const geometry_msgs::msg::PoseStamped&, const geometry_msgs::msg::PoseStamped&, double, std::vector<geometry_msgs::msg::PoseStamped_<std::allocator<void> > >&, double&, std::string&)[m[K’:
[01m[K/root/Shared/MIAPR_Projekt/colcon_ws/src/mesh_navigation/cvp_mesh_planner/src/cvp_mesh_planner.cpp:52:8:[m[K [01;31m[Kerror: [m[K‘[01m[Kstd::msgs[m[K’ has not been declared
   52 |   std::[01;31m[Kmsgs[m[K::msg::Header header;
      |        [01;31m[K^~~~[m[K
[01m[K/root/Shared/MIAPR_Projekt/colcon_ws/src/mesh_navigation/cvp_mesh_planner/src/cvp_mesh_planner.cpp:53:3:[m[K [01;31m[Kerror: [m[K‘[01m[Kheader[m[K’ was not declared in this scope
   53 |   [01;31m[Kheader[m[K.stamp = node_->now();
      |   [01;31m[K^~~~~~[m[K
[01m[K/root/Shared/MIAPR_Projekt/colcon_ws/src/mesh_navigation/cvp_mesh_planner/src/cvp_mesh_planner.cpp:[m[K In member function ‘[01m[Kuint32_t cvp_mesh_planner::CVPMeshPlanner::[01;32m[KrunAStar[m[K(const mesh_map::Vector&, const mesh_map::Vector&, std::__cxx11::list<pmp::Vertex>&, std::string&)[m[K’:
[01m[K/root/Shared/MIAPR_Projekt/colcon_ws/src/mesh_navigation/cvp_mesh_planner/src/cvp_mesh_planner.cpp:112:75:[m[K [01;31m[Kerror: [m[Kbinding reference of type ‘[01m[Kmesh_map::Vector&[m[K’ {aka ‘[01m[Klvr2::BaseVector<float>&[m[K’} to ‘[01m[Kconst mesh_map::Vector[m[K’ {aka ‘[01m[Kconst lvr2::BaseVector<float>[m[K’} discards qualifiers
  112 |   const lvr2::OptionalFaceHandle start_opt = mesh_map_->getContainingFace([01;31m[Kstart[m[K, 0.4);
      |                                                                           [01;31m[K^~~~~[m[K
In file included from [01m[K/root/Shared/MIAPR_Projekt/colcon_ws/install/mbf_mesh_core/include/mbf_mesh_core/mesh_planner.h:46[m[K,
                 from [01m[K/root/Shared/MIAPR_Projekt/colcon_ws/src/mesh_navigation/cvp_mesh_planner/include/cvp_mesh_planner/cvp_mesh_planner.h:9[m[K,
                 from [01m[K/root/Shared/MIAPR_Projekt/colcon_ws/src/mesh_navigation/cvp_mesh_planner/src/cvp_mesh_planner.cpp:12[m[K:
[01m[K/root/Shared/MIAPR_Projekt/colcon_ws/install/mesh_map/include/mesh_map/mesh_map.h:114:54:[m[K [01;36m[Knote: [m[K  initializing argument 1 of ‘[01m[Klvr2::OptionalFaceHandle mesh_map::MeshMap::[01;32m[KgetContainingFace[m[K(mesh_map::Vector&, const float&)[m[K’
  114 |   lvr2::OptionalFaceHandle getContainingFace([01;36m[KVector& position[m[K, const float& max_dist);
      |                                              [01;36m[K~~~~~~~~^~~~~~~~[m[K
[01m[K/root/Shared/MIAPR_Projekt/colcon_ws/src/mesh_navigation/cvp_mesh_planner/src/cvp_mesh_planner.cpp:113:74:[m[K [01;31m[Kerror: [m[Kbinding reference of type ‘[01m[Kmesh_map::Vector&[m[K’ {aka ‘[01m[Klvr2::BaseVector<float>&[m[K’} to ‘[01m[Kconst mesh_map::Vector[m[K’ {aka ‘[01m[Kconst lvr2::BaseVector<float>[m[K’} discards qualifiers
  113 |   const lvr2::OptionalFaceHandle goal_opt = mesh_map_->getContainingFace([01;31m[Kgoal[m[K, 0.4);
      |                                                                          [01;31m[K^~~~[m[K
[01m[K/root/Shared/MIAPR_Projekt/colcon_ws/install/mesh_map/include/mesh_map/mesh_map.h:114:54:[m[K [01;36m[Knote: [m[K  initializing argument 1 of ‘[01m[Klvr2::OptionalFaceHandle mesh_map::MeshMap::[01;32m[KgetContainingFace[m[K(mesh_map::Vector&, const float&)[m[K’
  114 |   lvr2::OptionalFaceHandle getContainingFace([01;36m[KVector& position[m[K, const float& max_dist);
      |                                              [01;36m[K~~~~~~~~^~~~~~~~[m[K
gmake[2]: *** [CMakeFiles/cvp_mesh_planner.dir/build.make:76: CMakeFiles/cvp_mesh_planner.dir/src/cvp_mesh_planner.cpp.o] Error 1
gmake[1]: *** [CMakeFiles/Makefile2:137: CMakeFiles/cvp_mesh_planner.dir/all] Error 2
gmake: *** [Makefile:146: all] Error 2
