-- The C compiler identification is GNU 13.3.0
-- The CXX compiler identification is GNU 13.3.0
-- Detecting C compiler ABI info
-- Detecting C compiler ABI info - done
-- Check for working C compiler: /usr/bin/cc - skipped
-- Detecting C compile features
-- Detecting C compile features - done
-- Detecting CXX compiler ABI info
-- Detecting CXX compiler ABI info - done
-- Check for working CXX compiler: /usr/bin/c++ - skipped
-- Detecting CXX compile features
-- Detecting CXX compile features - done
-- Found ament_cmake: 2.5.5 (/opt/ros/jazzy/share/ament_cmake/cmake)
-- Found Python3: /usr/bin/python3 (found version "3.12.3") found components: Interpreter 
-- Found geometry_msgs: 5.3.6 (/opt/ros/jazzy/share/geometry_msgs/cmake)
-- Found rosidl_generator_c: 4.6.7 (/opt/ros/jazzy/share/rosidl_generator_c/cmake)
-- Found rosidl_generator_cpp: 4.6.7 (/opt/ros/jazzy/share/rosidl_generator_cpp/cmake)
-- Using all available rosidl_typesupport_c: rosidl_typesupport_fastrtps_c;rosidl_typesupport_introspection_c
-- Using all available rosidl_typesupport_cpp: rosidl_typesupport_fastrtps_cpp;rosidl_typesupport_introspection_cpp
-- Found mbf_abstract_core: 1.0.5 (/root/Shared/MIAPR_Projekt/install/mbf_abstract_core/share/mbf_abstract_core/cmake)
-- Found mbf_msgs: 1.0.5 (/root/Shared/MIAPR_Projekt/install/mbf_msgs/share/mbf_msgs/cmake)
-- Found mbf_utility: 1.0.5 (/root/Shared/MIAPR_Projekt/install/mbf_utility/share/mbf_utility/cmake)
-- Found rmw_implementation_cmake: 7.3.3 (/opt/ros/jazzy/share/rmw_implementation_cmake/cmake)
-- Found rmw_fastrtps_cpp: 8.4.3 (/opt/ros/jazzy/share/rmw_fastrtps_cpp/cmake)
-- Found OpenSSL: /usr/lib/x86_64-linux-gnu/libcrypto.so (found version "3.0.13")  
-- Found FastRTPS: /opt/ros/jazzy/include (Required is at least version "2.13") 
-- Using RMW implementation 'rmw_fastrtps_cpp' as default
-- Found eigen3_cmake_module: 0.3.0 (/opt/ros/jazzy/share/eigen3_cmake_module/cmake)
-- Found Eigen3: TRUE (found version "3.4.0") 
-- Ensuring Eigen3 include directory is part of orocos-kdl CMake target
-- Found std_srvs: 5.3.6 (/opt/ros/jazzy/share/std_srvs/cmake)
-- Found ament_cmake_gtest: 2.5.5 (/opt/ros/jazzy/share/ament_cmake_gtest/cmake)
-- Found gtest sources under '/opt/ros/jazzy/src/gtest_vendor': C++ tests using 'Google Test' will be built
-- Performing Test CMAKE_HAVE_LIBC_PTHREAD
-- Performing Test CMAKE_HAVE_LIBC_PTHREAD - Success
-- Found Threads: TRUE  
-- Found ament_cmake_gmock: 2.5.5 (/opt/ros/jazzy/share/ament_cmake_gmock/cmake)
-- Found gmock sources under '/opt/ros/jazzy/src/gmock_vendor': C++ tests using 'Google Mock' will be built
-- Configuring done (4.8s)
-- Generating done (0.3s)
-- Build files have been written to: /root/Shared/MIAPR_Projekt/build/mbf_abstract_nav
[  3%] [32mBuilding CXX object CMakeFiles/mbf_abstract_server.dir/src/controller_action.cpp.o[0m
[  6%] [32mBuilding CXX object CMakeFiles/mbf_abstract_server.dir/src/abstract_controller_execution.cpp.o[0m
[  9%] [32mBuilding CXX object CMakeFiles/mbf_abstract_server.dir/src/abstract_recovery_execution.cpp.o[0m
[ 12%] [32mBuilding CXX object CMakeFiles/mbf_abstract_server.dir/src/abstract_planner_execution.cpp.o[0m
[ 16%] [32mBuilding CXX object CMakeFiles/mbf_abstract_server.dir/src/abstract_navigation_server.cpp.o[0m
[ 19%] [32mBuilding CXX object CMakeFiles/mbf_abstract_server.dir/src/abstract_execution_base.cpp.o[0m
[ 22%] [32mBuilding CXX object CMakeFiles/mbf_abstract_server.dir/src/move_base_action.cpp.o[0m
[ 25%] [32mBuilding CXX object CMakeFiles/mbf_abstract_server.dir/src/recovery_action.cpp.o[0m
[ 29%] [32mBuilding CXX object CMakeFiles/mbf_abstract_server.dir/src/planner_action.cpp.o[0m
[ 32%] [32m[1mLinking CXX shared library libmbf_abstract_server.so[0m
[ 32%] Built target mbf_abstract_server
[ 35%] [32mBuilding CXX object gmock/CMakeFiles/gmock.dir/opt/ros/jazzy/src/gtest_vendor/src/gtest-all.cc.o[0m
[ 38%] [32mBuilding CXX object gmock/CMakeFiles/gmock.dir/src/gmock-all.cc.o[0m
[ 41%] [32m[1mLinking CXX static library libgmock.a[0m
[ 41%] Built target gmock
[ 45%] [32mBuilding CXX object gmock/CMakeFiles/gmock_main.dir/src/gmock_main.cc.o[0m
[ 48%] [32m[1mLinking CXX static library libgmock_main.a[0m
[ 48%] Built target gmock_main
[ 51%] [32mBuilding CXX object gtest/CMakeFiles/gtest.dir/src/gtest-all.cc.o[0m
[ 54%] [32m[1mLinking CXX static library libgtest.a[0m
[ 54%] Built target gtest
[ 58%] [32mBuilding CXX object CMakeFiles/abstract_plugin_manager_test.dir/test/abstract_plugin_manager.cpp.o[0m
[ 61%] [32m[1mLinking CXX executable abstract_plugin_manager_test[0m
[ 61%] Built target abstract_plugin_manager_test
[ 64%] [32mBuilding CXX object CMakeFiles/planner_action_test.dir/test/planner_action.cpp.o[0m
