[0.014s] Invoking command in '/root/Shared/MIAPR_Projekt/build/mesh_navigation_pluto_sim': AMENT_PREFIX_PATH=/root/Shared/MIAPR_Projekt/install/mesh_navigation_tutorials_sim:${AMENT_PREFIX_PATH} CMAKE_PREFIX_PATH=/root/Shared/MIAPR_Projekt/install/mesh_navigation_tutorials_sim:/opt/ros/jazzy/opt/gz_sim_vendor:/opt/ros/jazzy/opt/gz_sensors_vendor:/opt/ros/jazzy/opt/gz_physics_vendor:/opt/ros/jazzy/opt/sdformat_vendor:/opt/ros/jazzy/opt/gz_gui_vendor:/opt/ros/jazzy/opt/gz_transport_vendor:/opt/ros/jazzy/opt/gz_rendering_vendor:/opt/ros/jazzy/opt/gz_plugin_vendor:/opt/ros/jazzy/opt/gz_fuel_tools_vendor:/opt/ros/jazzy/opt/gz_msgs_vendor:/opt/ros/jazzy/opt/gz_common_vendor:/opt/ros/jazzy/opt/gz_math_vendor:/opt/ros/jazzy/opt/gz_utils_vendor:/opt/ros/jazzy/opt/gz_tools_vendor:/opt/ros/jazzy/opt/gz_ogre_next_vendor:/opt/ros/jazzy/opt/gz_dartsim_vendor:/opt/ros/jazzy/opt/gz_cmake_vendor:/opt/ros/jazzy GZ_SIM_RESOURCE_PATH=/root/Shared/MIAPR_Projekt/install/mesh_navigation_tutorials_sim/share/mesh_navigation_tutorials_sim/models LD_LIBRARY_PATH=/root/Shared/MIAPR_Projekt/install/mesh_navigation_tutorials_sim/lib:${LD_LIBRARY_PATH} /usr/bin/cmake /root/Shared/MIAPR_Projekt/colcon_ws/src/mesh_navigation_tutorials/mesh_navigation_pluto_sim -DCMAKE_INSTALL_PREFIX=/root/Shared/MIAPR_Projekt/install/mesh_navigation_pluto_sim
[0.127s] -- The C compiler identification is GNU 13.3.0
[0.213s] -- The CXX compiler identification is GNU 13.3.0
[0.240s] -- Detecting C compiler ABI info
[0.371s] -- Detecting C compiler ABI info - done
[0.386s] -- Check for working C compiler: /usr/bin/cc - skipped
[0.386s] -- Detecting C compile features
[0.387s] -- Detecting C compile features - done
[0.401s] -- Detecting CXX compiler ABI info
[0.551s] -- Detecting CXX compiler ABI info - done
[0.566s] -- Check for working CXX compiler: /usr/bin/c++ - skipped
[0.566s] -- Detecting CXX compile features
[0.567s] -- Detecting CXX compile features - done
[0.583s] -- Found ament_cmake: 2.5.5 (/opt/ros/jazzy/share/ament_cmake/cmake)
[0.839s] -- Found Python3: /usr/bin/python3 (found version "3.12.3") found components: Interpreter 
[1.075s] -- Found rclcpp: 28.1.16 (/opt/ros/jazzy/share/rclcpp/cmake)
[1.181s] -- Found rosidl_generator_c: 4.6.7 (/opt/ros/jazzy/share/rosidl_generator_c/cmake)
[1.220s] -- Found rosidl_generator_cpp: 4.6.7 (/opt/ros/jazzy/share/rosidl_generator_cpp/cmake)
[1.266s] -- Using all available rosidl_typesupport_c: rosidl_typesupport_fastrtps_c;rosidl_typesupport_introspection_c
[1.310s] -- Using all available rosidl_typesupport_cpp: rosidl_typesupport_fastrtps_cpp;rosidl_typesupport_introspection_cpp
[1.491s] -- Found rmw_implementation_cmake: 7.3.3 (/opt/ros/jazzy/share/rmw_implementation_cmake/cmake)
[1.500s] -- Found rmw_fastrtps_cpp: 8.4.3 (/opt/ros/jazzy/share/rmw_fastrtps_cpp/cmake)
[1.675s] -- Found OpenSSL: /usr/lib/x86_64-linux-gnu/libcrypto.so (found version "3.0.13")  
[1.706s] -- Found FastRTPS: /opt/ros/jazzy/include (Required is at least version "2.13") 
[1.740s] -- Using RMW implementation 'rmw_fastrtps_cpp' as default
[1.902s] -- Found rclcpp_components: 28.1.16 (/opt/ros/jazzy/share/rclcpp_components/cmake)
[1.992s] -- Found geometry_msgs: 5.3.6 (/opt/ros/jazzy/share/geometry_msgs/cmake)
[2.061s] -- Found tf2_ros: 0.36.19 (/opt/ros/jazzy/share/tf2_ros/cmake)
[2.216s] -- Found tf2_eigen: 0.36.19 (/opt/ros/jazzy/share/tf2_eigen/cmake)
[2.241s] -- Found tf2_geometry_msgs: 0.36.19 (/opt/ros/jazzy/share/tf2_geometry_msgs/cmake)
[2.264s] -- Found eigen3_cmake_module: 0.3.0 (/opt/ros/jazzy/share/eigen3_cmake_module/cmake)
[2.266s] -- Found Eigen3: TRUE (found version "3.4.0") 
[2.266s] -- Ensuring Eigen3 include directory is part of orocos-kdl CMake target
[2.277s] -- Found ament_lint_auto: 0.17.4 (/opt/ros/jazzy/share/ament_lint_auto/cmake)
[2.434s] -- Added test 'copyright' to check source files copyright and LICENSE
[2.441s] -- Added test 'pep257' to check Python code against some of the docstring style conventions in PEP 257
[2.445s] -- Configuring done (2.4s)
[2.454s] -- Generating done (0.0s)
[2.458s] -- Build files have been written to: /root/Shared/MIAPR_Projekt/build/mesh_navigation_pluto_sim
[2.472s] Invoked command in '/root/Shared/MIAPR_Projekt/build/mesh_navigation_pluto_sim' returned '0': AMENT_PREFIX_PATH=/root/Shared/MIAPR_Projekt/install/mesh_navigation_tutorials_sim:${AMENT_PREFIX_PATH} CMAKE_PREFIX_PATH=/root/Shared/MIAPR_Projekt/install/mesh_navigation_tutorials_sim:/opt/ros/jazzy/opt/gz_sim_vendor:/opt/ros/jazzy/opt/gz_sensors_vendor:/opt/ros/jazzy/opt/gz_physics_vendor:/opt/ros/jazzy/opt/sdformat_vendor:/opt/ros/jazzy/opt/gz_gui_vendor:/opt/ros/jazzy/opt/gz_transport_vendor:/opt/ros/jazzy/opt/gz_rendering_vendor:/opt/ros/jazzy/opt/gz_plugin_vendor:/opt/ros/jazzy/opt/gz_fuel_tools_vendor:/opt/ros/jazzy/opt/gz_msgs_vendor:/opt/ros/jazzy/opt/gz_common_vendor:/opt/ros/jazzy/opt/gz_math_vendor:/opt/ros/jazzy/opt/gz_utils_vendor:/opt/ros/jazzy/opt/gz_tools_vendor:/opt/ros/jazzy/opt/gz_ogre_next_vendor:/opt/ros/jazzy/opt/gz_dartsim_vendor:/opt/ros/jazzy/opt/gz_cmake_vendor:/opt/ros/jazzy GZ_SIM_RESOURCE_PATH=/root/Shared/MIAPR_Projekt/install/mesh_navigation_tutorials_sim/share/mesh_navigation_tutorials_sim/models LD_LIBRARY_PATH=/root/Shared/MIAPR_Projekt/install/mesh_navigation_tutorials_sim/lib:${LD_LIBRARY_PATH} /usr/bin/cmake /root/Shared/MIAPR_Projekt/colcon_ws/src/mesh_navigation_tutorials/mesh_navigation_pluto_sim -DCMAKE_INSTALL_PREFIX=/root/Shared/MIAPR_Projekt/install/mesh_navigation_pluto_sim
[2.473s] Invoking command in '/root/Shared/MIAPR_Projekt/build/mesh_navigation_pluto_sim': AMENT_PREFIX_PATH=/root/Shared/MIAPR_Projekt/install/mesh_navigation_tutorials_sim:${AMENT_PREFIX_PATH} CMAKE_PREFIX_PATH=/root/Shared/MIAPR_Projekt/install/mesh_navigation_tutorials_sim:/opt/ros/jazzy/opt/gz_sim_vendor:/opt/ros/jazzy/opt/gz_sensors_vendor:/opt/ros/jazzy/opt/gz_physics_vendor:/opt/ros/jazzy/opt/sdformat_vendor:/opt/ros/jazzy/opt/gz_gui_vendor:/opt/ros/jazzy/opt/gz_transport_vendor:/opt/ros/jazzy/opt/gz_rendering_vendor:/opt/ros/jazzy/opt/gz_plugin_vendor:/opt/ros/jazzy/opt/gz_fuel_tools_vendor:/opt/ros/jazzy/opt/gz_msgs_vendor:/opt/ros/jazzy/opt/gz_common_vendor:/opt/ros/jazzy/opt/gz_math_vendor:/opt/ros/jazzy/opt/gz_utils_vendor:/opt/ros/jazzy/opt/gz_tools_vendor:/opt/ros/jazzy/opt/gz_ogre_next_vendor:/opt/ros/jazzy/opt/gz_dartsim_vendor:/opt/ros/jazzy/opt/gz_cmake_vendor:/opt/ros/jazzy GZ_SIM_RESOURCE_PATH=/root/Shared/MIAPR_Projekt/install/mesh_navigation_tutorials_sim/share/mesh_navigation_tutorials_sim/models LD_LIBRARY_PATH=/root/Shared/MIAPR_Projekt/install/mesh_navigation_tutorials_sim/lib:${LD_LIBRARY_PATH} /usr/bin/cmake --build /root/Shared/MIAPR_Projekt/build/mesh_navigation_pluto_sim -- -j12 -l12
[2.549s] Invoked command in '/root/Shared/MIAPR_Projekt/build/mesh_navigation_pluto_sim' returned '0': AMENT_PREFIX_PATH=/root/Shared/MIAPR_Projekt/install/mesh_navigation_tutorials_sim:${AMENT_PREFIX_PATH} CMAKE_PREFIX_PATH=/root/Shared/MIAPR_Projekt/install/mesh_navigation_tutorials_sim:/opt/ros/jazzy/opt/gz_sim_vendor:/opt/ros/jazzy/opt/gz_sensors_vendor:/opt/ros/jazzy/opt/gz_physics_vendor:/opt/ros/jazzy/opt/sdformat_vendor:/opt/ros/jazzy/opt/gz_gui_vendor:/opt/ros/jazzy/opt/gz_transport_vendor:/opt/ros/jazzy/opt/gz_rendering_vendor:/opt/ros/jazzy/opt/gz_plugin_vendor:/opt/ros/jazzy/opt/gz_fuel_tools_vendor:/opt/ros/jazzy/opt/gz_msgs_vendor:/opt/ros/jazzy/opt/gz_common_vendor:/opt/ros/jazzy/opt/gz_math_vendor:/opt/ros/jazzy/opt/gz_utils_vendor:/opt/ros/jazzy/opt/gz_tools_vendor:/opt/ros/jazzy/opt/gz_ogre_next_vendor:/opt/ros/jazzy/opt/gz_dartsim_vendor:/opt/ros/jazzy/opt/gz_cmake_vendor:/opt/ros/jazzy GZ_SIM_RESOURCE_PATH=/root/Shared/MIAPR_Projekt/install/mesh_navigation_tutorials_sim/share/mesh_navigation_tutorials_sim/models LD_LIBRARY_PATH=/root/Shared/MIAPR_Projekt/install/mesh_navigation_tutorials_sim/lib:${LD_LIBRARY_PATH} /usr/bin/cmake --build /root/Shared/MIAPR_Projekt/build/mesh_navigation_pluto_sim -- -j12 -l12
[2.550s] Invoking command in '/root/Shared/MIAPR_Projekt/build/mesh_navigation_pluto_sim': AMENT_PREFIX_PATH=/root/Shared/MIAPR_Projekt/install/mesh_navigation_tutorials_sim:${AMENT_PREFIX_PATH} CMAKE_PREFIX_PATH=/root/Shared/MIAPR_Projekt/install/mesh_navigation_tutorials_sim:/opt/ros/jazzy/opt/gz_sim_vendor:/opt/ros/jazzy/opt/gz_sensors_vendor:/opt/ros/jazzy/opt/gz_physics_vendor:/opt/ros/jazzy/opt/sdformat_vendor:/opt/ros/jazzy/opt/gz_gui_vendor:/opt/ros/jazzy/opt/gz_transport_vendor:/opt/ros/jazzy/opt/gz_rendering_vendor:/opt/ros/jazzy/opt/gz_plugin_vendor:/opt/ros/jazzy/opt/gz_fuel_tools_vendor:/opt/ros/jazzy/opt/gz_msgs_vendor:/opt/ros/jazzy/opt/gz_common_vendor:/opt/ros/jazzy/opt/gz_math_vendor:/opt/ros/jazzy/opt/gz_utils_vendor:/opt/ros/jazzy/opt/gz_tools_vendor:/opt/ros/jazzy/opt/gz_ogre_next_vendor:/opt/ros/jazzy/opt/gz_dartsim_vendor:/opt/ros/jazzy/opt/gz_cmake_vendor:/opt/ros/jazzy GZ_SIM_RESOURCE_PATH=/root/Shared/MIAPR_Projekt/install/mesh_navigation_tutorials_sim/share/mesh_navigation_tutorials_sim/models LD_LIBRARY_PATH=/root/Shared/MIAPR_Projekt/install/mesh_navigation_tutorials_sim/lib:${LD_LIBRARY_PATH} /usr/bin/cmake --install /root/Shared/MIAPR_Projekt/build/mesh_navigation_pluto_sim
[2.566s] -- Install configuration: "Release"
[2.567s] -- Installing: /root/Shared/MIAPR_Projekt/install/mesh_navigation_pluto_sim/share/mesh_navigation_pluto_sim/environment/mesh_navigation_pluto_sim.dsv
[2.567s] -- Installing: /root/Shared/MIAPR_Projekt/install/mesh_navigation_pluto_sim/share/mesh_navigation_pluto_sim/environment/mesh_navigation_pluto_sim.sh
[2.567s] -- Installing: /root/Shared/MIAPR_Projekt/install/mesh_navigation_pluto_sim/share/mesh_navigation_pluto_sim/launch
[2.567s] -- Installing: /root/Shared/MIAPR_Projekt/install/mesh_navigation_pluto_sim/share/mesh_navigation_pluto_sim/launch/simulation_launch.py
[2.568s] -- Installing: /root/Shared/MIAPR_Projekt/install/mesh_navigation_pluto_sim/share/mesh_navigation_pluto_sim/models
[2.568s] -- Installing: /root/Shared/MIAPR_Projekt/install/mesh_navigation_pluto_sim/share/mesh_navigation_pluto_sim/models/botanical_garden_osnabrueck
[2.568s] -- Installing: /root/Shared/MIAPR_Projekt/install/mesh_navigation_pluto_sim/share/mesh_navigation_pluto_sim/models/botanical_garden_osnabrueck/meshes
[2.568s] -- Installing: /root/Shared/MIAPR_Projekt/install/mesh_navigation_pluto_sim/share/mesh_navigation_pluto_sim/models/botanical_garden_osnabrueck/meshes/botanical_garden_osnabrueck.dae
[2.568s] -- Installing: /root/Shared/MIAPR_Projekt/install/mesh_navigation_pluto_sim/share/mesh_navigation_pluto_sim/models/botanical_garden_osnabrueck/model.sdf
[2.568s] -- Installing: /root/Shared/MIAPR_Projekt/install/mesh_navigation_pluto_sim/share/mesh_navigation_pluto_sim/models/botanical_garden_osnabrueck/model.config
[2.572s] -- Installing: /root/Shared/MIAPR_Projekt/install/mesh_navigation_pluto_sim/share/mesh_navigation_pluto_sim/models/README.md
[2.572s] -- Installing: /root/Shared/MIAPR_Projekt/install/mesh_navigation_pluto_sim/share/mesh_navigation_pluto_sim/models/stone_quarry_brockum
[2.572s] -- Installing: /root/Shared/MIAPR_Projekt/install/mesh_navigation_pluto_sim/share/mesh_navigation_pluto_sim/models/stone_quarry_brockum/meshes
[2.573s] -- Installing: /root/Shared/MIAPR_Projekt/install/mesh_navigation_pluto_sim/share/mesh_navigation_pluto_sim/models/stone_quarry_brockum/meshes/stone_quarry_brockum.dae
[2.573s] -- Installing: /root/Shared/MIAPR_Projekt/install/mesh_navigation_pluto_sim/share/mesh_navigation_pluto_sim/models/stone_quarry_brockum/model.sdf
[2.573s] -- Installing: /root/Shared/MIAPR_Projekt/install/mesh_navigation_pluto_sim/share/mesh_navigation_pluto_sim/models/stone_quarry_brockum/model.config
[2.573s] -- Installing: /root/Shared/MIAPR_Projekt/install/mesh_navigation_pluto_sim/share/mesh_navigation_pluto_sim/models/physics_campus_uos
[2.575s] -- Installing: /root/Shared/MIAPR_Projekt/install/mesh_navigation_pluto_sim/share/mesh_navigation_pluto_sim/models/physics_campus_uos/meshes
[2.575s] -- Installing: /root/Shared/MIAPR_Projekt/install/mesh_navigation_pluto_sim/share/mesh_navigation_pluto_sim/models/physics_campus_uos/meshes/physics_campus_uos.dae
[2.575s] -- Installing: /root/Shared/MIAPR_Projekt/install/mesh_navigation_pluto_sim/share/mesh_navigation_pluto_sim/models/physics_campus_uos/model.sdf
[2.575s] -- Installing: /root/Shared/MIAPR_Projekt/install/mesh_navigation_pluto_sim/share/mesh_navigation_pluto_sim/models/physics_campus_uos/model.config
[2.575s] -- Installing: /root/Shared/MIAPR_Projekt/install/mesh_navigation_pluto_sim/share/mesh_navigation_pluto_sim/worlds
[2.575s] -- Installing: /root/Shared/MIAPR_Projekt/install/mesh_navigation_pluto_sim/share/mesh_navigation_pluto_sim/worlds/physics_campus_uos.sdf
[2.575s] -- Installing: /root/Shared/MIAPR_Projekt/install/mesh_navigation_pluto_sim/share/mesh_navigation_pluto_sim/worlds/README.md
[2.575s] -- Installing: /root/Shared/MIAPR_Projekt/install/mesh_navigation_pluto_sim/share/mesh_navigation_pluto_sim/worlds/stone_quarry_brockum.sdf
[2.576s] -- Installing: /root/Shared/MIAPR_Projekt/install/mesh_navigation_pluto_sim/share/mesh_navigation_pluto_sim/worlds/botanical_garden_osnabrueck.sdf
[2.577s] -- Installing: /root/Shared/MIAPR_Projekt/install/mesh_navigation_pluto_sim/share/ament_index/resource_index/package_run_dependencies/mesh_navigation_pluto_sim
[2.577s] -- Installing: /root/Shared/MIAPR_Projekt/install/mesh_navigation_pluto_sim/share/ament_index/resource_index/parent_prefix_path/mesh_navigation_pluto_sim
[2.577s] -- Installing: /root/Shared/MIAPR_Projekt/install/mesh_navigation_pluto_sim/share/mesh_navigation_pluto_sim/environment/ament_prefix_path.sh
[2.578s] -- Installing: /root/Shared/MIAPR_Projekt/install/mesh_navigation_pluto_sim/share/mesh_navigation_pluto_sim/environment/ament_prefix_path.dsv
[2.578s] -- Installing: /root/Shared/MIAPR_Projekt/install/mesh_navigation_pluto_sim/share/mesh_navigation_pluto_sim/environment/path.sh
[2.578s] -- Installing: /root/Shared/MIAPR_Projekt/install/mesh_navigation_pluto_sim/share/mesh_navigation_pluto_sim/environment/path.dsv
[2.578s] -- Installing: /root/Shared/MIAPR_Projekt/install/mesh_navigation_pluto_sim/share/mesh_navigation_pluto_sim/local_setup.bash
[2.578s] -- Installing: /root/Shared/MIAPR_Projekt/install/mesh_navigation_pluto_sim/share/mesh_navigation_pluto_sim/local_setup.sh
[2.579s] -- Installing: /root/Shared/MIAPR_Projekt/install/mesh_navigation_pluto_sim/share/mesh_navigation_pluto_sim/local_setup.zsh
[2.579s] -- Installing: /root/Shared/MIAPR_Projekt/install/mesh_navigation_pluto_sim/share/mesh_navigation_pluto_sim/local_setup.dsv
[2.579s] -- Installing: /root/Shared/MIAPR_Projekt/install/mesh_navigation_pluto_sim/share/mesh_navigation_pluto_sim/package.dsv
[2.580s] -- Installing: /root/Shared/MIAPR_Projekt/install/mesh_navigation_pluto_sim/share/ament_index/resource_index/packages/mesh_navigation_pluto_sim
[2.580s] -- Installing: /root/Shared/MIAPR_Projekt/install/mesh_navigation_pluto_sim/share/mesh_navigation_pluto_sim/cmake/mesh_navigation_pluto_simConfig.cmake
[2.580s] -- Installing: /root/Shared/MIAPR_Projekt/install/mesh_navigation_pluto_sim/share/mesh_navigation_pluto_sim/cmake/mesh_navigation_pluto_simConfig-version.cmake
[2.581s] -- Installing: /root/Shared/MIAPR_Projekt/install/mesh_navigation_pluto_sim/share/mesh_navigation_pluto_sim/package.xml
[2.596s] Invoked command in '/root/Shared/MIAPR_Projekt/build/mesh_navigation_pluto_sim' returned '0': AMENT_PREFIX_PATH=/root/Shared/MIAPR_Projekt/install/mesh_navigation_tutorials_sim:${AMENT_PREFIX_PATH} CMAKE_PREFIX_PATH=/root/Shared/MIAPR_Projekt/install/mesh_navigation_tutorials_sim:/opt/ros/jazzy/opt/gz_sim_vendor:/opt/ros/jazzy/opt/gz_sensors_vendor:/opt/ros/jazzy/opt/gz_physics_vendor:/opt/ros/jazzy/opt/sdformat_vendor:/opt/ros/jazzy/opt/gz_gui_vendor:/opt/ros/jazzy/opt/gz_transport_vendor:/opt/ros/jazzy/opt/gz_rendering_vendor:/opt/ros/jazzy/opt/gz_plugin_vendor:/opt/ros/jazzy/opt/gz_fuel_tools_vendor:/opt/ros/jazzy/opt/gz_msgs_vendor:/opt/ros/jazzy/opt/gz_common_vendor:/opt/ros/jazzy/opt/gz_math_vendor:/opt/ros/jazzy/opt/gz_utils_vendor:/opt/ros/jazzy/opt/gz_tools_vendor:/opt/ros/jazzy/opt/gz_ogre_next_vendor:/opt/ros/jazzy/opt/gz_dartsim_vendor:/opt/ros/jazzy/opt/gz_cmake_vendor:/opt/ros/jazzy GZ_SIM_RESOURCE_PATH=/root/Shared/MIAPR_Projekt/install/mesh_navigation_tutorials_sim/share/mesh_navigation_tutorials_sim/models LD_LIBRARY_PATH=/root/Shared/MIAPR_Projekt/install/mesh_navigation_tutorials_sim/lib:${LD_LIBRARY_PATH} /usr/bin/cmake --install /root/Shared/MIAPR_Projekt/build/mesh_navigation_pluto_sim
