[100%] Built target rviz_mbf_plugins
-- Install configuration: ""
-- Execute custom install script
-- Up-to-date symlink: /root/Shared/MIAPR_Projekt/colcon_ws/install/rviz_mbf_plugins/share/rviz_mbf_plugins//plugins_description.xml
-- Up-to-date symlink: /root/Shared/MIAPR_Projekt/colcon_ws/install/rviz_mbf_plugins/include/rviz_mbf_plugins/mbf_goal_actions_panel.hpp
-- Up-to-date symlink: /root/Shared/MIAPR_Projekt/colcon_ws/install/rviz_mbf_plugins/share/rviz_mbf_plugins/plugins_description.xml
-- Up-to-date symlink: /root/Shared/MIAPR_Projekt/colcon_ws/install/rviz_mbf_plugins/share/rviz_mbf_plugins/environment/library_path.sh
-- Up-to-date symlink: /root/Shared/MIAPR_Projekt/colcon_ws/install/rviz_mbf_plugins/share/rviz_mbf_plugins/environment/library_path.dsv
-- Up-to-date symlink: /root/Shared/MIAPR_Projekt/colcon_ws/install/rviz_mbf_plugins/share/ament_index/resource_index/package_run_dependencies/rviz_mbf_plugins
-- Up-to-date symlink: /root/Shared/MIAPR_Projekt/colcon_ws/install/rviz_mbf_plugins/share/ament_index/resource_index/parent_prefix_path/rviz_mbf_plugins
-- Up-to-date symlink: /root/Shared/MIAPR_Projekt/colcon_ws/install/rviz_mbf_plugins/share/rviz_mbf_plugins/environment/ament_prefix_path.sh
-- Up-to-date symlink: /root/Shared/MIAPR_Projekt/colcon_ws/install/rviz_mbf_plugins/share/rviz_mbf_plugins/environment/ament_prefix_path.dsv
-- Up-to-date symlink: /root/Shared/MIAPR_Projekt/colcon_ws/install/rviz_mbf_plugins/share/rviz_mbf_plugins/environment/path.sh
-- Up-to-date symlink: /root/Shared/MIAPR_Projekt/colcon_ws/install/rviz_mbf_plugins/share/rviz_mbf_plugins/environment/path.dsv
-- Up-to-date symlink: /root/Shared/MIAPR_Projekt/colcon_ws/install/rviz_mbf_plugins/share/rviz_mbf_plugins/local_setup.bash
-- Up-to-date symlink: /root/Shared/MIAPR_Projekt/colcon_ws/install/rviz_mbf_plugins/share/rviz_mbf_plugins/local_setup.sh
-- Up-to-date symlink: /root/Shared/MIAPR_Projekt/colcon_ws/install/rviz_mbf_plugins/share/rviz_mbf_plugins/local_setup.zsh
-- Up-to-date symlink: /root/Shared/MIAPR_Projekt/colcon_ws/install/rviz_mbf_plugins/share/rviz_mbf_plugins/local_setup.dsv
-- Symlinking: /root/Shared/MIAPR_Projekt/colcon_ws/install/rviz_mbf_plugins/share/rviz_mbf_plugins/package.dsv
-- Up-to-date symlink: /root/Shared/MIAPR_Projekt/colcon_ws/install/rviz_mbf_plugins/share/ament_index/resource_index/packages/rviz_mbf_plugins
-- Up-to-date symlink: /root/Shared/MIAPR_Projekt/colcon_ws/install/rviz_mbf_plugins/share/ament_index/resource_index/rviz_common__pluginlib__plugin/rviz_mbf_plugins
-- Up-to-date symlink: /root/Shared/MIAPR_Projekt/colcon_ws/install/rviz_mbf_plugins/share/rviz_mbf_plugins/cmake/ament_cmake_export_include_directories-extras.cmake
-- Up-to-date symlink: /root/Shared/MIAPR_Projekt/colcon_ws/install/rviz_mbf_plugins/share/rviz_mbf_plugins/cmake/ament_cmake_export_targets-extras.cmake
-- Up-to-date symlink: /root/Shared/MIAPR_Projekt/colcon_ws/install/rviz_mbf_plugins/share/rviz_mbf_plugins/cmake/rviz_mbf_pluginsConfig.cmake
-- Up-to-date symlink: /root/Shared/MIAPR_Projekt/colcon_ws/install/rviz_mbf_plugins/share/rviz_mbf_plugins/cmake/rviz_mbf_pluginsConfig-version.cmake
-- Up-to-date symlink: /root/Shared/MIAPR_Projekt/colcon_ws/install/rviz_mbf_plugins/share/rviz_mbf_plugins/package.xml
-- Up-to-date: /root/Shared/MIAPR_Projekt/colcon_ws/install/rviz_mbf_plugins/lib/librviz_mbf_plugins.so
-- Up-to-date: /root/Shared/MIAPR_Projekt/colcon_ws/install/rviz_mbf_plugins/share/rviz_mbf_plugins/cmake/export_rviz_mbf_pluginsExport.cmake
-- Up-to-date: /root/Shared/MIAPR_Projekt/colcon_ws/install/rviz_mbf_plugins/share/rviz_mbf_plugins/cmake/export_rviz_mbf_pluginsExport-noconfig.cmake
