[100%] Built target mesh_msgs_conversions
-- Install configuration: "Release"
-- Execute custom install script
-- Up-to-date symlink: /root/Shared/MIAPR_Projekt/colcon_ws/install/mesh_msgs_conversions/include/mesh_msgs_conversions/conversions.h
-- Up-to-date symlink: /root/Shared/MIAPR_Projekt/colcon_ws/install/mesh_msgs_conversions/share/mesh_msgs_conversions/environment/library_path.sh
-- Up-to-date symlink: /root/Shared/MIAPR_Projekt/colcon_ws/install/mesh_msgs_conversions/share/mesh_msgs_conversions/environment/library_path.dsv
-- Up-to-date symlink: /root/Shared/MIAPR_Projekt/colcon_ws/install/mesh_msgs_conversions/share/ament_index/resource_index/package_run_dependencies/mesh_msgs_conversions
-- Up-to-date symlink: /root/Shared/MIAPR_Projekt/colcon_ws/install/mesh_msgs_conversions/share/ament_index/resource_index/parent_prefix_path/mesh_msgs_conversions
-- Up-to-date symlink: /root/Shared/MIAPR_Projekt/colcon_ws/install/mesh_msgs_conversions/share/mesh_msgs_conversions/environment/ament_prefix_path.sh
-- Up-to-date symlink: /root/Shared/MIAPR_Projekt/colcon_ws/install/mesh_msgs_conversions/share/mesh_msgs_conversions/environment/ament_prefix_path.dsv
-- Up-to-date symlink: /root/Shared/MIAPR_Projekt/colcon_ws/install/mesh_msgs_conversions/share/mesh_msgs_conversions/environment/path.sh
-- Up-to-date symlink: /root/Shared/MIAPR_Projekt/colcon_ws/install/mesh_msgs_conversions/share/mesh_msgs_conversions/environment/path.dsv
-- Up-to-date symlink: /root/Shared/MIAPR_Projekt/colcon_ws/install/mesh_msgs_conversions/share/mesh_msgs_conversions/local_setup.bash
-- Up-to-date symlink: /root/Shared/MIAPR_Projekt/colcon_ws/install/mesh_msgs_conversions/share/mesh_msgs_conversions/local_setup.sh
-- Up-to-date symlink: /root/Shared/MIAPR_Projekt/colcon_ws/install/mesh_msgs_conversions/share/mesh_msgs_conversions/local_setup.zsh
-- Up-to-date symlink: /root/Shared/MIAPR_Projekt/colcon_ws/install/mesh_msgs_conversions/share/mesh_msgs_conversions/local_setup.dsv
-- Symlinking: /root/Shared/MIAPR_Projekt/colcon_ws/install/mesh_msgs_conversions/share/mesh_msgs_conversions/package.dsv
-- Up-to-date symlink: /root/Shared/MIAPR_Projekt/colcon_ws/install/mesh_msgs_conversions/share/ament_index/resource_index/packages/mesh_msgs_conversions
-- Up-to-date symlink: /root/Shared/MIAPR_Projekt/colcon_ws/install/mesh_msgs_conversions/share/mesh_msgs_conversions/cmake/ament_cmake_export_include_directories-extras.cmake
-- Up-to-date symlink: /root/Shared/MIAPR_Projekt/colcon_ws/install/mesh_msgs_conversions/share/mesh_msgs_conversions/cmake/ament_cmake_export_libraries-extras.cmake
-- Up-to-date symlink: /root/Shared/MIAPR_Projekt/colcon_ws/install/mesh_msgs_conversions/share/mesh_msgs_conversions/cmake/ament_cmake_export_targets-extras.cmake
-- Up-to-date symlink: /root/Shared/MIAPR_Projekt/colcon_ws/install/mesh_msgs_conversions/share/mesh_msgs_conversions/cmake/ament_cmake_export_dependencies-extras.cmake
-- Up-to-date symlink: /root/Shared/MIAPR_Projekt/colcon_ws/install/mesh_msgs_conversions/share/mesh_msgs_conversions/cmake/mesh_msgs_conversionsConfig.cmake
-- Up-to-date symlink: /root/Shared/MIAPR_Projekt/colcon_ws/install/mesh_msgs_conversions/share/mesh_msgs_conversions/cmake/mesh_msgs_conversionsConfig-version.cmake
-- Up-to-date symlink: /root/Shared/MIAPR_Projekt/colcon_ws/install/mesh_msgs_conversions/share/mesh_msgs_conversions/package.xml
-- Up-to-date: /root/Shared/MIAPR_Projekt/colcon_ws/install/mesh_msgs_conversions/lib/libmesh_msgs_conversions.a
-- Up-to-date: /root/Shared/MIAPR_Projekt/colcon_ws/install/mesh_msgs_conversions/share/mesh_msgs_conversions/cmake/export_mesh_msgs_conversionsExport.cmake
-- Up-to-date: /root/Shared/MIAPR_Projekt/colcon_ws/install/mesh_msgs_conversions/share/mesh_msgs_conversions/cmake/export_mesh_msgs_conversionsExport-release.cmake
