[0.029s] Invoking command in '/root/Shared/MIAPR_Projekt/build/mesh_map': AMENT_PREFIX_PATH=/root/Shared/MIAPR_Projekt/install/mesh_msgs_conversions:/root/Shared/MIAPR_Projekt/install/mesh_msgs:${AMENT_PREFIX_PATH} CMAKE_PREFIX_PATH=/root/Shared/MIAPR_Projekt/install/mesh_msgs_conversions:/root/Shared/MIAPR_Projekt/install/mesh_msgs:/opt/ros/jazzy/opt/gz_sim_vendor:/opt/ros/jazzy/opt/gz_sensors_vendor:/opt/ros/jazzy/opt/gz_physics_vendor:/opt/ros/jazzy/opt/sdformat_vendor:/opt/ros/jazzy/opt/gz_gui_vendor:/opt/ros/jazzy/opt/gz_transport_vendor:/opt/ros/jazzy/opt/gz_rendering_vendor:/opt/ros/jazzy/opt/gz_plugin_vendor:/opt/ros/jazzy/opt/gz_fuel_tools_vendor:/opt/ros/jazzy/opt/gz_msgs_vendor:/opt/ros/jazzy/opt/gz_common_vendor:/opt/ros/jazzy/opt/gz_math_vendor:/opt/ros/jazzy/opt/gz_utils_vendor:/opt/ros/jazzy/opt/gz_tools_vendor:/opt/ros/jazzy/opt/gz_ogre_next_vendor:/opt/ros/jazzy/opt/gz_dartsim_vendor:/opt/ros/jazzy/opt/gz_cmake_vendor:/opt/ros/jazzy LD_LIBRARY_PATH=/root/Shared/MIAPR_Projekt/install/mesh_msgs_conversions/lib:/root/Shared/MIAPR_Projekt/install/mesh_msgs/lib:${LD_LIBRARY_PATH} PYTHONPATH=/root/Shared/MIAPR_Projekt/install/mesh_msgs/lib/python3.12/site-packages:${PYTHONPATH} /usr/bin/cmake /root/Shared/MIAPR_Projekt/colcon_ws/src/mesh_navigation/mesh_map -DCMAKE_INSTALL_PREFIX=/root/Shared/MIAPR_Projekt/install/mesh_map
[0.198s] -- The C compiler identification is GNU 13.3.0
[0.296s] -- The CXX compiler identification is GNU 13.3.0
[0.331s] -- Detecting C compiler ABI info
[0.512s] -- Detecting C compiler ABI info - done
[0.524s] -- Check for working C compiler: /usr/bin/cc - skipped
[0.525s] -- Detecting C compile features
[0.525s] -- Detecting C compile features - done
[0.542s] -- Detecting CXX compiler ABI info
[0.712s] -- Detecting CXX compiler ABI info - done
[0.722s] -- Check for working CXX compiler: /usr/bin/c++ - skipped
[0.722s] -- Detecting CXX compile features
[0.723s] -- Detecting CXX compile features - done
[0.746s] -- Found ament_cmake_ros: 0.12.0 (/opt/ros/jazzy/share/ament_cmake_ros/cmake)
[1.023s] -- Found Python3: /usr/bin/python3 (found version "3.12.3") found components: Interpreter 
[1.304s] -- Found geometry_msgs: 5.3.6 (/opt/ros/jazzy/share/geometry_msgs/cmake)
[1.421s] -- Found rosidl_generator_c: 4.6.7 (/opt/ros/jazzy/share/rosidl_generator_c/cmake)
[1.454s] -- Found rosidl_generator_cpp: 4.6.7 (/opt/ros/jazzy/share/rosidl_generator_cpp/cmake)
[1.497s] -- Using all available rosidl_typesupport_c: rosidl_typesupport_fastrtps_c;rosidl_typesupport_introspection_c
[1.536s] -- Using all available rosidl_typesupport_cpp: rosidl_typesupport_fastrtps_cpp;rosidl_typesupport_introspection_cpp
[1.619s] -- Found mesh_msgs_conversions: 2.1.1 (/root/Shared/MIAPR_Projekt/install/mesh_msgs_conversions/share/mesh_msgs_conversions/cmake)
[1.756s] -- Found rmw_implementation_cmake: 7.3.3 (/opt/ros/jazzy/share/rmw_implementation_cmake/cmake)
[1.765s] -- Found rmw_fastrtps_cpp: 8.4.3 (/opt/ros/jazzy/share/rmw_fastrtps_cpp/cmake)
[1.945s] -- Found OpenSSL: /usr/lib/x86_64-linux-gnu/libcrypto.so (found version "3.0.13")  
[1.972s] -- Found FastRTPS: /opt/ros/jazzy/include (Required is at least version "2.13") 
[2.002s] -- Using RMW implementation 'rmw_fastrtps_cpp' as default
[2.232s] -- Found pluginlib: 5.4.4 (/opt/ros/jazzy/share/pluginlib/cmake)
[2.284s] -- Found tf2: 0.36.19 (/opt/ros/jazzy/share/tf2/cmake)
[2.296s] -- Found tf2_geometry_msgs: 0.36.19 (/opt/ros/jazzy/share/tf2_geometry_msgs/cmake)
[2.338s] -- Found eigen3_cmake_module: 0.3.0 (/opt/ros/jazzy/share/eigen3_cmake_module/cmake)
[2.340s] -- Found Eigen3: TRUE (found version "3.4.0") 
[2.340s] -- Ensuring Eigen3 include directory is part of orocos-kdl CMake target
[2.549s] -- Found visualization_msgs: 5.3.6 (/opt/ros/jazzy/share/visualization_msgs/cmake)
[2.590s] -- Found std_srvs: 5.3.6 (/opt/ros/jazzy/share/std_srvs/cmake)
[2.886s] -- Found MPI_C: /usr/lib/x86_64-linux-gnu/openmpi/lib/libmpi.so (found version "3.1") 
[4.180s] -- Found MPI_CXX: /usr/lib/x86_64-linux-gnu/openmpi/lib/libmpi_cxx.so (found version "3.1") 
[4.181s] -- Found MPI: TRUE (found version "3.1")  
[4.211s] -- Found TIFF: /usr/lib/x86_64-linux-gnu/libtiff.so (found version "4.5.1")  
[4.223s] -- Found GDAL: /usr/lib/x86_64-linux-gnu/libgdal.so (found version "3.8.4") 
[4.239s] -- Found OpenCV: /usr (found version "4.6.0") 
[4.242s] -- Found FLANN: /usr/include/flann  
[4.243s] -- Try to find LZ4: find_path + find_library
[4.245s] -- Try to find LZ4: FindPackageHandleStandardArgs
[4.246s] -- Found LZ4: /usr/lib/x86_64-linux-gnu/liblz4.so  
[4.359s] -- Found GSL: /usr/include (found version "2.7.1") 
[5.486s] -- Found HDF5: /usr/lib/x86_64-linux-gnu/hdf5/serial/libhdf5.so;/usr/lib/x86_64-linux-gnu/libcrypto.so;/usr/lib/x86_64-linux-gnu/libcurl.so;/usr/lib/x86_64-linux-gnu/libpthread.a;/usr/lib/x86_64-linux-gnu/libsz.so;/usr/lib/x86_64-linux-gnu/libz.so;/usr/lib/x86_64-linux-gnu/libdl.a;/usr/lib/x86_64-linux-gnu/libm.so;/usr/lib/x86_64-linux-gnu/hdf5/serial/libhdf5_cpp.so;/usr/lib/x86_64-linux-gnu/hdf5/serial/libhdf5.so;/usr/lib/x86_64-linux-gnu/libcrypto.so;/usr/lib/x86_64-linux-gnu/libcurl.so;/usr/lib/x86_64-linux-gnu/libpthread.a;/usr/lib/x86_64-linux-gnu/libsz.so;/usr/lib/x86_64-linux-gnu/libz.so;/usr/lib/x86_64-linux-gnu/libdl.a;/usr/lib/x86_64-linux-gnu/libm.so (found version "1.10.10") found components: C CXX HL 
[5.503s] -- Found OpenGL: /usr/lib/x86_64-linux-gnu/libOpenGL.so  found components: OpenGL 
[5.607s] -- Found GLUT: /usr/lib/x86_64-linux-gnu/libglut.so  
[5.642s] -- Found PkgConfig: /usr/bin/pkg-config (found version "1.8.1") 
[5.643s] -- Checking for module 'jsoncpp'
[5.670s] --   Found jsoncpp, version 1.9.5
[5.743s] -- Found gtest sources under '/opt/ros/jazzy/src/gtest_vendor': C++ tests using 'Google Test' will be built
[5.748s] -- Found Threads: TRUE  
[5.871s] -- Configuring done (5.8s)
[5.984s] -- Generating done (0.1s)
[5.998s] -- Build files have been written to: /root/Shared/MIAPR_Projekt/build/mesh_map
[6.019s] Invoked command in '/root/Shared/MIAPR_Projekt/build/mesh_map' returned '0': AMENT_PREFIX_PATH=/root/Shared/MIAPR_Projekt/install/mesh_msgs_conversions:/root/Shared/MIAPR_Projekt/install/mesh_msgs:${AMENT_PREFIX_PATH} CMAKE_PREFIX_PATH=/root/Shared/MIAPR_Projekt/install/mesh_msgs_conversions:/root/Shared/MIAPR_Projekt/install/mesh_msgs:/opt/ros/jazzy/opt/gz_sim_vendor:/opt/ros/jazzy/opt/gz_sensors_vendor:/opt/ros/jazzy/opt/gz_physics_vendor:/opt/ros/jazzy/opt/sdformat_vendor:/opt/ros/jazzy/opt/gz_gui_vendor:/opt/ros/jazzy/opt/gz_transport_vendor:/opt/ros/jazzy/opt/gz_rendering_vendor:/opt/ros/jazzy/opt/gz_plugin_vendor:/opt/ros/jazzy/opt/gz_fuel_tools_vendor:/opt/ros/jazzy/opt/gz_msgs_vendor:/opt/ros/jazzy/opt/gz_common_vendor:/opt/ros/jazzy/opt/gz_math_vendor:/opt/ros/jazzy/opt/gz_utils_vendor:/opt/ros/jazzy/opt/gz_tools_vendor:/opt/ros/jazzy/opt/gz_ogre_next_vendor:/opt/ros/jazzy/opt/gz_dartsim_vendor:/opt/ros/jazzy/opt/gz_cmake_vendor:/opt/ros/jazzy LD_LIBRARY_PATH=/root/Shared/MIAPR_Projekt/install/mesh_msgs_conversions/lib:/root/Shared/MIAPR_Projekt/install/mesh_msgs/lib:${LD_LIBRARY_PATH} PYTHONPATH=/root/Shared/MIAPR_Projekt/install/mesh_msgs/lib/python3.12/site-packages:${PYTHONPATH} /usr/bin/cmake /root/Shared/MIAPR_Projekt/colcon_ws/src/mesh_navigation/mesh_map -DCMAKE_INSTALL_PREFIX=/root/Shared/MIAPR_Projekt/install/mesh_map
[6.021s] Invoking command in '/root/Shared/MIAPR_Projekt/build/mesh_map': AMENT_PREFIX_PATH=/root/Shared/MIAPR_Projekt/install/mesh_msgs_conversions:/root/Shared/MIAPR_Projekt/install/mesh_msgs:${AMENT_PREFIX_PATH} CMAKE_PREFIX_PATH=/root/Shared/MIAPR_Projekt/install/mesh_msgs_conversions:/root/Shared/MIAPR_Projekt/install/mesh_msgs:/opt/ros/jazzy/opt/gz_sim_vendor:/opt/ros/jazzy/opt/gz_sensors_vendor:/opt/ros/jazzy/opt/gz_physics_vendor:/opt/ros/jazzy/opt/sdformat_vendor:/opt/ros/jazzy/opt/gz_gui_vendor:/opt/ros/jazzy/opt/gz_transport_vendor:/opt/ros/jazzy/opt/gz_rendering_vendor:/opt/ros/jazzy/opt/gz_plugin_vendor:/opt/ros/jazzy/opt/gz_fuel_tools_vendor:/opt/ros/jazzy/opt/gz_msgs_vendor:/opt/ros/jazzy/opt/gz_common_vendor:/opt/ros/jazzy/opt/gz_math_vendor:/opt/ros/jazzy/opt/gz_utils_vendor:/opt/ros/jazzy/opt/gz_tools_vendor:/opt/ros/jazzy/opt/gz_ogre_next_vendor:/opt/ros/jazzy/opt/gz_dartsim_vendor:/opt/ros/jazzy/opt/gz_cmake_vendor:/opt/ros/jazzy LD_LIBRARY_PATH=/root/Shared/MIAPR_Projekt/install/mesh_msgs_conversions/lib:/root/Shared/MIAPR_Projekt/install/mesh_msgs/lib:${LD_LIBRARY_PATH} PYTHONPATH=/root/Shared/MIAPR_Projekt/install/mesh_msgs/lib/python3.12/site-packages:${PYTHONPATH} /usr/bin/cmake --build /root/Shared/MIAPR_Projekt/build/mesh_map -- -j12 -l12
[6.109s] [  7%] [32mBuilding CXX object CMakeFiles/mesh_map.dir/src/abstract_layer.cpp.o[0m
[18.041s] [ 14%] [32mBuilding CXX object CMakeFiles/mesh_map.dir/src/timer.cpp.o[0m
[18.812s] [ 21%] [32mBuilding CXX object CMakeFiles/mesh_map.dir/src/layer_manager.cpp.o[0m
[39.830s] [ 28%] [32mBuilding CXX object CMakeFiles/mesh_map.dir/src/util.cpp.o[0m
[46.883s] [ 35%] [32mBuilding CXX object CMakeFiles/mesh_map.dir/src/mesh_map.cpp.o[0m
[53.369s] gmake[2]: *** [CMakeFiles/mesh_map.dir/build.make:90: CMakeFiles/mesh_map.dir/src/mesh_map.cpp.o] Interrupt
[53.369s] gmake[1]: *** [CMakeFiles/Makefile2:159: CMakeFiles/mesh_map.dir/all] Interrupt
[53.369s] gmake: *** [Makefile:146: all] Interrupt
