-- The C compiler identification is GNU 13.3.0
-- The CXX compiler identification is GNU 13.3.0
-- Detecting C compiler ABI info
-- Detecting C compiler ABI info - done
-- Check for working C compiler: /usr/bin/cc - skipped
-- Detecting C compile features
-- Detecting C compile features - done
-- Detecting CXX compiler ABI info
-- Detecting CXX compiler ABI info - done
-- Check for working CXX compiler: /usr/bin/c++ - skipped
-- Detecting CXX compile features
-- Detecting CXX compile features - done
-- Found ament_cmake: 2.5.5 (/opt/ros/jazzy/share/ament_cmake/cmake)
-- Found Python3: /usr/bin/python3 (found version "3.12.3") found components: Interpreter 
-- Found geometry_msgs: 5.3.6 (/opt/ros/jazzy/share/geometry_msgs/cmake)
-- Found rosidl_generator_c: 4.6.7 (/opt/ros/jazzy/share/rosidl_generator_c/cmake)
-- Found rosidl_generator_cpp: 4.6.7 (/opt/ros/jazzy/share/rosidl_generator_cpp/cmake)
-- Using all available rosidl_typesupport_c: rosidl_typesupport_fastrtps_c;rosidl_typesupport_introspection_c
-- Using all available rosidl_typesupport_cpp: rosidl_typesupport_fastrtps_cpp;rosidl_typesupport_introspection_cpp
-- Found mbf_msgs: 1.0.5 (/root/Shared/MIAPR_Projekt/install/mbf_msgs/share/mbf_msgs/cmake)
-- Found rclcpp: 28.1.16 (/opt/ros/jazzy/share/rclcpp/cmake)
-- Found rmw_implementation_cmake: 7.3.3 (/opt/ros/jazzy/share/rmw_implementation_cmake/cmake)
-- Found rmw_fastrtps_cpp: 8.4.3 (/opt/ros/jazzy/share/rmw_fastrtps_cpp/cmake)
-- Found OpenSSL: /usr/lib/x86_64-linux-gnu/libcrypto.so (found version "3.0.13")  
-- Found FastRTPS: /opt/ros/jazzy/include (Required is at least version "2.13") 
-- Using RMW implementation 'rmw_fastrtps_cpp' as default
-- Found tf2: 0.36.19 (/opt/ros/jazzy/share/tf2/cmake)
-- Found tf2_ros: 0.36.19 (/opt/ros/jazzy/share/tf2_ros/cmake)
-- Found tf2_geometry_msgs: 0.36.19 (/opt/ros/jazzy/share/tf2_geometry_msgs/cmake)
-- Found eigen3_cmake_module: 0.3.0 (/opt/ros/jazzy/share/eigen3_cmake_module/cmake)
-- Found Eigen3: TRUE (found version "3.4.0") 
-- Ensuring Eigen3 include directory is part of orocos-kdl CMake target
-- Configuring done (2.5s)
-- Generating done (0.0s)
-- Build files have been written to: /root/Shared/MIAPR_Projekt/build/mbf_utility
[ 25%] [32mBuilding CXX object CMakeFiles/mbf_utility.dir/src/robot_information.cpp.o[0m
[ 75%] [32mBuilding CXX object CMakeFiles/mbf_utility.dir/src/odometry_helper.cpp.o[0m
[ 75%] [32mBuilding CXX object CMakeFiles/mbf_utility.dir/src/navigation_utility.cpp.o[0m
[100%] [32m[1mLinking CXX shared library libmbf_utility.so[0m
[100%] Built target mbf_utility
-- Install configuration: ""
-- Installing: /root/Shared/MIAPR_Projekt/install/mbf_utility/lib/libmbf_utility.so
-- Set non-toolchain portion of runtime path of "/root/Shared/MIAPR_Projekt/install/mbf_utility/lib/libmbf_utility.so" to ""
-- Installing: /root/Shared/MIAPR_Projekt/install/mbf_utility/include
-- Installing: /root/Shared/MIAPR_Projekt/install/mbf_utility/include/mbf_utility
-- Installing: /root/Shared/MIAPR_Projekt/install/mbf_utility/include/mbf_utility/exe_path_exception.h
-- Installing: /root/Shared/MIAPR_Projekt/install/mbf_utility/include/mbf_utility/get_path_exception.h
-- Installing: /root/Shared/MIAPR_Projekt/install/mbf_utility/include/mbf_utility/odometry_helper.h
-- Installing: /root/Shared/MIAPR_Projekt/install/mbf_utility/include/mbf_utility/navigation_utility.h
-- Installing: /root/Shared/MIAPR_Projekt/install/mbf_utility/include/mbf_utility/types.h
-- Installing: /root/Shared/MIAPR_Projekt/install/mbf_utility/include/mbf_utility/recovery_exception.h
-- Installing: /root/Shared/MIAPR_Projekt/install/mbf_utility/include/mbf_utility/robot_information.h
-- Installing: /root/Shared/MIAPR_Projekt/install/mbf_utility/share/mbf_utility/environment/library_path.sh
-- Installing: /root/Shared/MIAPR_Projekt/install/mbf_utility/share/mbf_utility/environment/library_path.dsv
-- Installing: /root/Shared/MIAPR_Projekt/install/mbf_utility/share/ament_index/resource_index/package_run_dependencies/mbf_utility
-- Installing: /root/Shared/MIAPR_Projekt/install/mbf_utility/share/ament_index/resource_index/parent_prefix_path/mbf_utility
-- Installing: /root/Shared/MIAPR_Projekt/install/mbf_utility/share/mbf_utility/environment/ament_prefix_path.sh
-- Installing: /root/Shared/MIAPR_Projekt/install/mbf_utility/share/mbf_utility/environment/ament_prefix_path.dsv
-- Installing: /root/Shared/MIAPR_Projekt/install/mbf_utility/share/mbf_utility/environment/path.sh
-- Installing: /root/Shared/MIAPR_Projekt/install/mbf_utility/share/mbf_utility/environment/path.dsv
-- Installing: /root/Shared/MIAPR_Projekt/install/mbf_utility/share/mbf_utility/local_setup.bash
-- Installing: /root/Shared/MIAPR_Projekt/install/mbf_utility/share/mbf_utility/local_setup.sh
-- Installing: /root/Shared/MIAPR_Projekt/install/mbf_utility/share/mbf_utility/local_setup.zsh
-- Installing: /root/Shared/MIAPR_Projekt/install/mbf_utility/share/mbf_utility/local_setup.dsv
-- Installing: /root/Shared/MIAPR_Projekt/install/mbf_utility/share/mbf_utility/package.dsv
-- Installing: /root/Shared/MIAPR_Projekt/install/mbf_utility/share/ament_index/resource_index/packages/mbf_utility
-- Installing: /root/Shared/MIAPR_Projekt/install/mbf_utility/share/mbf_utility/cmake/ament_cmake_export_include_directories-extras.cmake
-- Installing: /root/Shared/MIAPR_Projekt/install/mbf_utility/share/mbf_utility/cmake/ament_cmake_export_libraries-extras.cmake
-- Installing: /root/Shared/MIAPR_Projekt/install/mbf_utility/share/mbf_utility/cmake/ament_cmake_export_dependencies-extras.cmake
-- Installing: /root/Shared/MIAPR_Projekt/install/mbf_utility/share/mbf_utility/cmake/mbf_utilityConfig.cmake
-- Installing: /root/Shared/MIAPR_Projekt/install/mbf_utility/share/mbf_utility/cmake/mbf_utilityConfig-version.cmake
-- Installing: /root/Shared/MIAPR_Projekt/install/mbf_utility/share/mbf_utility/package.xml
