[0.018s] Invoking command in '/root/Shared/MIAPR_Projekt/build/mbf_utility': AMENT_PREFIX_PATH=/root/Shared/MIAPR_Projekt/install/mbf_msgs:${AMENT_PREFIX_PATH} CMAKE_PREFIX_PATH=/root/Shared/MIAPR_Projekt/install/mbf_msgs:/opt/ros/jazzy/opt/gz_sim_vendor:/opt/ros/jazzy/opt/gz_sensors_vendor:/opt/ros/jazzy/opt/gz_physics_vendor:/opt/ros/jazzy/opt/sdformat_vendor:/opt/ros/jazzy/opt/gz_gui_vendor:/opt/ros/jazzy/opt/gz_transport_vendor:/opt/ros/jazzy/opt/gz_rendering_vendor:/opt/ros/jazzy/opt/gz_plugin_vendor:/opt/ros/jazzy/opt/gz_fuel_tools_vendor:/opt/ros/jazzy/opt/gz_msgs_vendor:/opt/ros/jazzy/opt/gz_common_vendor:/opt/ros/jazzy/opt/gz_math_vendor:/opt/ros/jazzy/opt/gz_utils_vendor:/opt/ros/jazzy/opt/gz_tools_vendor:/opt/ros/jazzy/opt/gz_ogre_next_vendor:/opt/ros/jazzy/opt/gz_dartsim_vendor:/opt/ros/jazzy/opt/gz_cmake_vendor:/opt/ros/jazzy LD_LIBRARY_PATH=/root/Shared/MIAPR_Projekt/install/mbf_msgs/lib:${LD_LIBRARY_PATH} PYTHONPATH=/root/Shared/MIAPR_Projekt/install/mbf_msgs/lib/python3.12/site-packages:${PYTHONPATH} /usr/bin/cmake /root/Shared/MIAPR_Projekt/colcon_ws/src/move_base_flex/mbf_utility -DCMAKE_INSTALL_PREFIX=/root/Shared/MIAPR_Projekt/install/mbf_utility
[0.119s] -- The C compiler identification is GNU 13.3.0
[0.217s] -- The CXX compiler identification is GNU 13.3.0
[0.243s] -- Detecting C compiler ABI info
[0.386s] -- Detecting C compiler ABI info - done
[0.396s] -- Check for working C compiler: /usr/bin/cc - skipped
[0.397s] -- Detecting C compile features
[0.397s] -- Detecting C compile features - done
[0.412s] -- Detecting CXX compiler ABI info
[0.577s] -- Detecting CXX compiler ABI info - done
[0.592s] -- Check for working CXX compiler: /usr/bin/c++ - skipped
[0.592s] -- Detecting CXX compile features
[0.593s] -- Detecting CXX compile features - done
[0.604s] -- Found ament_cmake: 2.5.5 (/opt/ros/jazzy/share/ament_cmake/cmake)
[0.861s] -- Found Python3: /usr/bin/python3 (found version "3.12.3") found components: Interpreter 
[1.106s] -- Found geometry_msgs: 5.3.6 (/opt/ros/jazzy/share/geometry_msgs/cmake)
[1.233s] -- Found rosidl_generator_c: 4.6.7 (/opt/ros/jazzy/share/rosidl_generator_c/cmake)
[1.274s] -- Found rosidl_generator_cpp: 4.6.7 (/opt/ros/jazzy/share/rosidl_generator_cpp/cmake)
[1.314s] -- Using all available rosidl_typesupport_c: rosidl_typesupport_fastrtps_c;rosidl_typesupport_introspection_c
[1.351s] -- Using all available rosidl_typesupport_cpp: rosidl_typesupport_fastrtps_cpp;rosidl_typesupport_introspection_cpp
[1.428s] -- Found mbf_msgs: 1.0.5 (/root/Shared/MIAPR_Projekt/install/mbf_msgs/share/mbf_msgs/cmake)
[1.608s] -- Found rclcpp: 28.1.16 (/opt/ros/jazzy/share/rclcpp/cmake)
[1.736s] -- Found rmw_implementation_cmake: 7.3.3 (/opt/ros/jazzy/share/rmw_implementation_cmake/cmake)
[1.747s] -- Found rmw_fastrtps_cpp: 8.4.3 (/opt/ros/jazzy/share/rmw_fastrtps_cpp/cmake)
[1.952s] -- Found OpenSSL: /usr/lib/x86_64-linux-gnu/libcrypto.so (found version "3.0.13")  
[1.978s] -- Found FastRTPS: /opt/ros/jazzy/include (Required is at least version "2.13") 
[2.009s] -- Using RMW implementation 'rmw_fastrtps_cpp' as default
[2.142s] -- Found tf2: 0.36.19 (/opt/ros/jazzy/share/tf2/cmake)
[2.155s] -- Found tf2_ros: 0.36.19 (/opt/ros/jazzy/share/tf2_ros/cmake)
[2.329s] -- Found tf2_geometry_msgs: 0.36.19 (/opt/ros/jazzy/share/tf2_geometry_msgs/cmake)
[2.366s] -- Found eigen3_cmake_module: 0.3.0 (/opt/ros/jazzy/share/eigen3_cmake_module/cmake)
[2.368s] -- Found Eigen3: TRUE (found version "3.4.0") 
[2.368s] -- Ensuring Eigen3 include directory is part of orocos-kdl CMake target
[2.517s] -- Configuring done (2.5s)
[2.544s] -- Generating done (0.0s)
[2.549s] -- Build files have been written to: /root/Shared/MIAPR_Projekt/build/mbf_utility
[2.567s] Invoked command in '/root/Shared/MIAPR_Projekt/build/mbf_utility' returned '0': AMENT_PREFIX_PATH=/root/Shared/MIAPR_Projekt/install/mbf_msgs:${AMENT_PREFIX_PATH} CMAKE_PREFIX_PATH=/root/Shared/MIAPR_Projekt/install/mbf_msgs:/opt/ros/jazzy/opt/gz_sim_vendor:/opt/ros/jazzy/opt/gz_sensors_vendor:/opt/ros/jazzy/opt/gz_physics_vendor:/opt/ros/jazzy/opt/sdformat_vendor:/opt/ros/jazzy/opt/gz_gui_vendor:/opt/ros/jazzy/opt/gz_transport_vendor:/opt/ros/jazzy/opt/gz_rendering_vendor:/opt/ros/jazzy/opt/gz_plugin_vendor:/opt/ros/jazzy/opt/gz_fuel_tools_vendor:/opt/ros/jazzy/opt/gz_msgs_vendor:/opt/ros/jazzy/opt/gz_common_vendor:/opt/ros/jazzy/opt/gz_math_vendor:/opt/ros/jazzy/opt/gz_utils_vendor:/opt/ros/jazzy/opt/gz_tools_vendor:/opt/ros/jazzy/opt/gz_ogre_next_vendor:/opt/ros/jazzy/opt/gz_dartsim_vendor:/opt/ros/jazzy/opt/gz_cmake_vendor:/opt/ros/jazzy LD_LIBRARY_PATH=/root/Shared/MIAPR_Projekt/install/mbf_msgs/lib:${LD_LIBRARY_PATH} PYTHONPATH=/root/Shared/MIAPR_Projekt/install/mbf_msgs/lib/python3.12/site-packages:${PYTHONPATH} /usr/bin/cmake /root/Shared/MIAPR_Projekt/colcon_ws/src/move_base_flex/mbf_utility -DCMAKE_INSTALL_PREFIX=/root/Shared/MIAPR_Projekt/install/mbf_utility
[2.568s] Invoking command in '/root/Shared/MIAPR_Projekt/build/mbf_utility': AMENT_PREFIX_PATH=/root/Shared/MIAPR_Projekt/install/mbf_msgs:${AMENT_PREFIX_PATH} CMAKE_PREFIX_PATH=/root/Shared/MIAPR_Projekt/install/mbf_msgs:/opt/ros/jazzy/opt/gz_sim_vendor:/opt/ros/jazzy/opt/gz_sensors_vendor:/opt/ros/jazzy/opt/gz_physics_vendor:/opt/ros/jazzy/opt/sdformat_vendor:/opt/ros/jazzy/opt/gz_gui_vendor:/opt/ros/jazzy/opt/gz_transport_vendor:/opt/ros/jazzy/opt/gz_rendering_vendor:/opt/ros/jazzy/opt/gz_plugin_vendor:/opt/ros/jazzy/opt/gz_fuel_tools_vendor:/opt/ros/jazzy/opt/gz_msgs_vendor:/opt/ros/jazzy/opt/gz_common_vendor:/opt/ros/jazzy/opt/gz_math_vendor:/opt/ros/jazzy/opt/gz_utils_vendor:/opt/ros/jazzy/opt/gz_tools_vendor:/opt/ros/jazzy/opt/gz_ogre_next_vendor:/opt/ros/jazzy/opt/gz_dartsim_vendor:/opt/ros/jazzy/opt/gz_cmake_vendor:/opt/ros/jazzy LD_LIBRARY_PATH=/root/Shared/MIAPR_Projekt/install/mbf_msgs/lib:${LD_LIBRARY_PATH} PYTHONPATH=/root/Shared/MIAPR_Projekt/install/mbf_msgs/lib/python3.12/site-packages:${PYTHONPATH} /usr/bin/cmake --build /root/Shared/MIAPR_Projekt/build/mbf_utility -- -j12 -l12
[2.673s] [ 25%] [32mBuilding CXX object CMakeFiles/mbf_utility.dir/src/robot_information.cpp.o[0m
[2.673s] [ 75%] [32mBuilding CXX object CMakeFiles/mbf_utility.dir/src/odometry_helper.cpp.o[0m
[2.673s] [ 75%] [32mBuilding CXX object CMakeFiles/mbf_utility.dir/src/navigation_utility.cpp.o[0m
[122.027s] [100%] [32m[1mLinking CXX shared library libmbf_utility.so[0m
[125.227s] [100%] Built target mbf_utility
[126.303s] Invoked command in '/root/Shared/MIAPR_Projekt/build/mbf_utility' returned '0': AMENT_PREFIX_PATH=/root/Shared/MIAPR_Projekt/install/mbf_msgs:${AMENT_PREFIX_PATH} CMAKE_PREFIX_PATH=/root/Shared/MIAPR_Projekt/install/mbf_msgs:/opt/ros/jazzy/opt/gz_sim_vendor:/opt/ros/jazzy/opt/gz_sensors_vendor:/opt/ros/jazzy/opt/gz_physics_vendor:/opt/ros/jazzy/opt/sdformat_vendor:/opt/ros/jazzy/opt/gz_gui_vendor:/opt/ros/jazzy/opt/gz_transport_vendor:/opt/ros/jazzy/opt/gz_rendering_vendor:/opt/ros/jazzy/opt/gz_plugin_vendor:/opt/ros/jazzy/opt/gz_fuel_tools_vendor:/opt/ros/jazzy/opt/gz_msgs_vendor:/opt/ros/jazzy/opt/gz_common_vendor:/opt/ros/jazzy/opt/gz_math_vendor:/opt/ros/jazzy/opt/gz_utils_vendor:/opt/ros/jazzy/opt/gz_tools_vendor:/opt/ros/jazzy/opt/gz_ogre_next_vendor:/opt/ros/jazzy/opt/gz_dartsim_vendor:/opt/ros/jazzy/opt/gz_cmake_vendor:/opt/ros/jazzy LD_LIBRARY_PATH=/root/Shared/MIAPR_Projekt/install/mbf_msgs/lib:${LD_LIBRARY_PATH} PYTHONPATH=/root/Shared/MIAPR_Projekt/install/mbf_msgs/lib/python3.12/site-packages:${PYTHONPATH} /usr/bin/cmake --build /root/Shared/MIAPR_Projekt/build/mbf_utility -- -j12 -l12
[127.078s] Invoking command in '/root/Shared/MIAPR_Projekt/build/mbf_utility': AMENT_PREFIX_PATH=/root/Shared/MIAPR_Projekt/install/mbf_msgs:${AMENT_PREFIX_PATH} CMAKE_PREFIX_PATH=/root/Shared/MIAPR_Projekt/install/mbf_msgs:/opt/ros/jazzy/opt/gz_sim_vendor:/opt/ros/jazzy/opt/gz_sensors_vendor:/opt/ros/jazzy/opt/gz_physics_vendor:/opt/ros/jazzy/opt/sdformat_vendor:/opt/ros/jazzy/opt/gz_gui_vendor:/opt/ros/jazzy/opt/gz_transport_vendor:/opt/ros/jazzy/opt/gz_rendering_vendor:/opt/ros/jazzy/opt/gz_plugin_vendor:/opt/ros/jazzy/opt/gz_fuel_tools_vendor:/opt/ros/jazzy/opt/gz_msgs_vendor:/opt/ros/jazzy/opt/gz_common_vendor:/opt/ros/jazzy/opt/gz_math_vendor:/opt/ros/jazzy/opt/gz_utils_vendor:/opt/ros/jazzy/opt/gz_tools_vendor:/opt/ros/jazzy/opt/gz_ogre_next_vendor:/opt/ros/jazzy/opt/gz_dartsim_vendor:/opt/ros/jazzy/opt/gz_cmake_vendor:/opt/ros/jazzy LD_LIBRARY_PATH=/root/Shared/MIAPR_Projekt/install/mbf_msgs/lib:${LD_LIBRARY_PATH} PYTHONPATH=/root/Shared/MIAPR_Projekt/install/mbf_msgs/lib/python3.12/site-packages:${PYTHONPATH} /usr/bin/cmake --install /root/Shared/MIAPR_Projekt/build/mbf_utility
[127.102s] -- Install configuration: ""
[127.105s] -- Installing: /root/Shared/MIAPR_Projekt/install/mbf_utility/lib/libmbf_utility.so
[127.116s] -- Set non-toolchain portion of runtime path of "/root/Shared/MIAPR_Projekt/install/mbf_utility/lib/libmbf_utility.so" to ""
[127.119s] -- Installing: /root/Shared/MIAPR_Projekt/install/mbf_utility/include
[127.119s] -- Installing: /root/Shared/MIAPR_Projekt/install/mbf_utility/include/mbf_utility
[127.120s] -- Installing: /root/Shared/MIAPR_Projekt/install/mbf_utility/include/mbf_utility/exe_path_exception.h
[127.120s] -- Installing: /root/Shared/MIAPR_Projekt/install/mbf_utility/include/mbf_utility/get_path_exception.h
[127.120s] -- Installing: /root/Shared/MIAPR_Projekt/install/mbf_utility/include/mbf_utility/odometry_helper.h
[127.121s] -- Installing: /root/Shared/MIAPR_Projekt/install/mbf_utility/include/mbf_utility/navigation_utility.h
[127.121s] -- Installing: /root/Shared/MIAPR_Projekt/install/mbf_utility/include/mbf_utility/types.h
[127.123s] -- Installing: /root/Shared/MIAPR_Projekt/install/mbf_utility/include/mbf_utility/recovery_exception.h
[127.123s] -- Installing: /root/Shared/MIAPR_Projekt/install/mbf_utility/include/mbf_utility/robot_information.h
[127.134s] -- Installing: /root/Shared/MIAPR_Projekt/install/mbf_utility/share/mbf_utility/environment/library_path.sh
[127.134s] -- Installing: /root/Shared/MIAPR_Projekt/install/mbf_utility/share/mbf_utility/environment/library_path.dsv
[127.136s] -- Installing: /root/Shared/MIAPR_Projekt/install/mbf_utility/share/ament_index/resource_index/package_run_dependencies/mbf_utility
[127.136s] -- Installing: /root/Shared/MIAPR_Projekt/install/mbf_utility/share/ament_index/resource_index/parent_prefix_path/mbf_utility
[127.143s] -- Installing: /root/Shared/MIAPR_Projekt/install/mbf_utility/share/mbf_utility/environment/ament_prefix_path.sh
[127.144s] -- Installing: /root/Shared/MIAPR_Projekt/install/mbf_utility/share/mbf_utility/environment/ament_prefix_path.dsv
[127.144s] -- Installing: /root/Shared/MIAPR_Projekt/install/mbf_utility/share/mbf_utility/environment/path.sh
[127.145s] -- Installing: /root/Shared/MIAPR_Projekt/install/mbf_utility/share/mbf_utility/environment/path.dsv
[127.145s] -- Installing: /root/Shared/MIAPR_Projekt/install/mbf_utility/share/mbf_utility/local_setup.bash
[127.146s] -- Installing: /root/Shared/MIAPR_Projekt/install/mbf_utility/share/mbf_utility/local_setup.sh
[127.147s] -- Installing: /root/Shared/MIAPR_Projekt/install/mbf_utility/share/mbf_utility/local_setup.zsh
[127.147s] -- Installing: /root/Shared/MIAPR_Projekt/install/mbf_utility/share/mbf_utility/local_setup.dsv
[127.148s] -- Installing: /root/Shared/MIAPR_Projekt/install/mbf_utility/share/mbf_utility/package.dsv
[127.149s] -- Installing: /root/Shared/MIAPR_Projekt/install/mbf_utility/share/ament_index/resource_index/packages/mbf_utility
[127.149s] -- Installing: /root/Shared/MIAPR_Projekt/install/mbf_utility/share/mbf_utility/cmake/ament_cmake_export_include_directories-extras.cmake
[127.150s] -- Installing: /root/Shared/MIAPR_Projekt/install/mbf_utility/share/mbf_utility/cmake/ament_cmake_export_libraries-extras.cmake
[127.151s] -- Installing: /root/Shared/MIAPR_Projekt/install/mbf_utility/share/mbf_utility/cmake/ament_cmake_export_dependencies-extras.cmake
[127.154s] -- Installing: /root/Shared/MIAPR_Projekt/install/mbf_utility/share/mbf_utility/cmake/mbf_utilityConfig.cmake
[127.155s] -- Installing: /root/Shared/MIAPR_Projekt/install/mbf_utility/share/mbf_utility/cmake/mbf_utilityConfig-version.cmake
[127.158s] -- Installing: /root/Shared/MIAPR_Projekt/install/mbf_utility/share/mbf_utility/package.xml
[127.444s] Invoked command in '/root/Shared/MIAPR_Projekt/build/mbf_utility' returned '0': AMENT_PREFIX_PATH=/root/Shared/MIAPR_Projekt/install/mbf_msgs:${AMENT_PREFIX_PATH} CMAKE_PREFIX_PATH=/root/Shared/MIAPR_Projekt/install/mbf_msgs:/opt/ros/jazzy/opt/gz_sim_vendor:/opt/ros/jazzy/opt/gz_sensors_vendor:/opt/ros/jazzy/opt/gz_physics_vendor:/opt/ros/jazzy/opt/sdformat_vendor:/opt/ros/jazzy/opt/gz_gui_vendor:/opt/ros/jazzy/opt/gz_transport_vendor:/opt/ros/jazzy/opt/gz_rendering_vendor:/opt/ros/jazzy/opt/gz_plugin_vendor:/opt/ros/jazzy/opt/gz_fuel_tools_vendor:/opt/ros/jazzy/opt/gz_msgs_vendor:/opt/ros/jazzy/opt/gz_common_vendor:/opt/ros/jazzy/opt/gz_math_vendor:/opt/ros/jazzy/opt/gz_utils_vendor:/opt/ros/jazzy/opt/gz_tools_vendor:/opt/ros/jazzy/opt/gz_ogre_next_vendor:/opt/ros/jazzy/opt/gz_dartsim_vendor:/opt/ros/jazzy/opt/gz_cmake_vendor:/opt/ros/jazzy LD_LIBRARY_PATH=/root/Shared/MIAPR_Projekt/install/mbf_msgs/lib:${LD_LIBRARY_PATH} PYTHONPATH=/root/Shared/MIAPR_Projekt/install/mbf_msgs/lib/python3.12/site-packages:${PYTHONPATH} /usr/bin/cmake --install /root/Shared/MIAPR_Projekt/build/mbf_utility
