[0.262s] DEBUG:colcon:Command line arguments: ['/usr/bin/colcon', 'build', '--packages-select', 'mesh_navigation_ceres']
[0.262s] DEBUG:colcon:Parsed command line arguments: Namespace(log_base=None, log_level=None, verb_name='build', build_base='build', install_base='install', merge_install=False, symlink_install=False, test_result_base=None, continue_on_error=False, executor='parallel', parallel_workers=12, event_handlers=None, ignore_user_meta=False, metas=['./colcon.meta'], base_paths=['.'], packages_ignore=None, packages_ignore_regex=None, paths=None, packages_up_to=None, packages_up_to_regex=None, packages_above=None, packages_above_and_dependencies=None, packages_above_depth=None, packages_select_by_dep=None, packages_skip_by_dep=None, packages_skip_up_to=None, packages_select_build_failed=False, packages_skip_build_finished=False, packages_select_test_failures=False, packages_skip_test_passed=False, packages_select=['mesh_navigation_ceres'], packages_skip=None, packages_select_regex=None, packages_skip_regex=None, packages_start=None, packages_end=None, cmake_args=None, cmake_target=None, cmake_target_skip_unavailable=False, cmake_clean_cache=False, cmake_clean_first=False, cmake_force_configure=False, ament_cmake_args=None, catkin_cmake_args=None, catkin_skip_building_tests=False, mixin_files=None, mixin=None, verb_parser=<colcon_mixin.mixin.mixin_argument.MixinArgumentDecorator object at 0x72a94b310650>, verb_extension=<colcon_core.verb.build.BuildVerb object at 0x72a94b3100b0>, main=<bound method BuildVerb.main of <colcon_core.verb.build.BuildVerb object at 0x72a94b3100b0>>, mixin_verb=('build',))
[0.327s] Level 1:colcon.colcon_core.package_discovery:discover_packages(colcon_meta) check parameters
[0.328s] INFO:colcon.colcon_metadata.package_discovery.colcon_meta:Using configuration from '/root/.colcon/metadata/default/Gazebo.meta'
[0.328s] INFO:colcon.colcon_metadata.package_discovery.colcon_meta:Using configuration from '/root/.colcon/metadata/default/fastdds.meta'
[0.329s] INFO:colcon.colcon_metadata.package_discovery.colcon_meta:Using configuration from '/root/.colcon/metadata/default/fastrtps.meta'
[0.329s] Level 1:colcon.colcon_core.package_discovery:discover_packages(recursive) check parameters
[0.329s] Level 1:colcon.colcon_core.package_discovery:discover_packages(ignore) check parameters
[0.329s] Level 1:colcon.colcon_core.package_discovery:discover_packages(path) check parameters
[0.329s] Level 1:colcon.colcon_core.package_discovery:discover_packages(colcon_meta) discover
[0.329s] Level 1:colcon.colcon_core.package_discovery:discover_packages(recursive) discover
[0.329s] INFO:colcon.colcon_core.package_discovery:Crawling recursively for packages in '/root/Shared/MIAPR_Projekt'
[0.329s] Level 1:colcon.colcon_core.package_identification:_identify(.) by extensions ['ignore', 'ignore_ament_install']
[0.329s] Level 1:colcon.colcon_core.package_identification:_identify(.) by extension 'ignore'
[0.329s] Level 1:colcon.colcon_core.package_identification:_identify(.) by extension 'ignore_ament_install'
[0.329s] Level 1:colcon.colcon_core.package_identification:_identify(.) by extensions ['colcon_pkg']
[0.329s] Level 1:colcon.colcon_core.package_identification:_identify(.) by extension 'colcon_pkg'
[0.329s] Level 1:colcon.colcon_core.package_identification:_identify(.) by extensions ['colcon_meta']
[0.329s] Level 1:colcon.colcon_core.package_identification:_identify(.) by extension 'colcon_meta'
[0.329s] Level 1:colcon.colcon_core.package_identification:_identify(.) by extensions ['ros']
[0.330s] Level 1:colcon.colcon_core.package_identification:_identify(.) by extension 'ros'
[0.363s] Level 1:colcon.colcon_core.package_identification:_identify(.) by extensions ['cmake', 'python']
[0.363s] Level 1:colcon.colcon_core.package_identification:_identify(.) by extension 'cmake'
[0.363s] Level 1:colcon.colcon_core.package_identification:_identify(.) by extension 'python'
[0.363s] Level 1:colcon.colcon_core.package_identification:_identify(.) by extensions ['python_setup_py']
[0.363s] Level 1:colcon.colcon_core.package_identification:_identify(.) by extension 'python_setup_py'
[0.363s] Level 1:colcon.colcon_core.package_identification:_identify(build) by extensions ['ignore', 'ignore_ament_install']
[0.363s] Level 1:colcon.colcon_core.package_identification:_identify(build) by extension 'ignore'
[0.364s] Level 1:colcon.colcon_core.package_identification:_identify(build) ignored
[0.364s] Level 1:colcon.colcon_core.package_identification:_identify(colcon_ws) by extensions ['ignore', 'ignore_ament_install']
[0.364s] Level 1:colcon.colcon_core.package_identification:_identify(colcon_ws) by extension 'ignore'
[0.364s] Level 1:colcon.colcon_core.package_identification:_identify(colcon_ws) by extension 'ignore_ament_install'
[0.364s] Level 1:colcon.colcon_core.package_identification:_identify(colcon_ws) by extensions ['colcon_pkg']
[0.364s] Level 1:colcon.colcon_core.package_identification:_identify(colcon_ws) by extension 'colcon_pkg'
[0.364s] Level 1:colcon.colcon_core.package_identification:_identify(colcon_ws) by extensions ['colcon_meta']
[0.364s] Level 1:colcon.colcon_core.package_identification:_identify(colcon_ws) by extension 'colcon_meta'
[0.364s] Level 1:colcon.colcon_core.package_identification:_identify(colcon_ws) by extensions ['ros']
[0.364s] Level 1:colcon.colcon_core.package_identification:_identify(colcon_ws) by extension 'ros'
[0.364s] Level 1:colcon.colcon_core.package_identification:_identify(colcon_ws) by extensions ['cmake', 'python']
[0.364s] Level 1:colcon.colcon_core.package_identification:_identify(colcon_ws) by extension 'cmake'
[0.364s] Level 1:colcon.colcon_core.package_identification:_identify(colcon_ws) by extension 'python'
[0.364s] Level 1:colcon.colcon_core.package_identification:_identify(colcon_ws) by extensions ['python_setup_py']
[0.364s] Level 1:colcon.colcon_core.package_identification:_identify(colcon_ws) by extension 'python_setup_py'
[0.364s] Level 1:colcon.colcon_core.package_identification:_identify(colcon_ws/build) by extensions ['ignore', 'ignore_ament_install']
[0.364s] Level 1:colcon.colcon_core.package_identification:_identify(colcon_ws/build) by extension 'ignore'
[0.364s] Level 1:colcon.colcon_core.package_identification:_identify(colcon_ws/build) ignored
[0.365s] Level 1:colcon.colcon_core.package_identification:_identify(colcon_ws/install) by extensions ['ignore', 'ignore_ament_install']
[0.365s] Level 1:colcon.colcon_core.package_identification:_identify(colcon_ws/install) by extension 'ignore'
[0.365s] Level 1:colcon.colcon_core.package_identification:_identify(colcon_ws/install) ignored
[0.365s] Level 1:colcon.colcon_core.package_identification:_identify(colcon_ws/log) by extensions ['ignore', 'ignore_ament_install']
[0.365s] Level 1:colcon.colcon_core.package_identification:_identify(colcon_ws/log) by extension 'ignore'
[0.365s] Level 1:colcon.colcon_core.package_identification:_identify(colcon_ws/log) ignored
[0.365s] Level 1:colcon.colcon_core.package_identification:_identify(colcon_ws/src) by extensions ['ignore', 'ignore_ament_install']
[0.365s] Level 1:colcon.colcon_core.package_identification:_identify(colcon_ws/src) by extension 'ignore'
[0.365s] Level 1:colcon.colcon_core.package_identification:_identify(colcon_ws/src) by extension 'ignore_ament_install'
[0.365s] Level 1:colcon.colcon_core.package_identification:_identify(colcon_ws/src) by extensions ['colcon_pkg']
[0.365s] Level 1:colcon.colcon_core.package_identification:_identify(colcon_ws/src) by extension 'colcon_pkg'
[0.365s] Level 1:colcon.colcon_core.package_identification:_identify(colcon_ws/src) by extensions ['colcon_meta']
[0.365s] Level 1:colcon.colcon_core.package_identification:_identify(colcon_ws/src) by extension 'colcon_meta'
[0.365s] Level 1:colcon.colcon_core.package_identification:_identify(colcon_ws/src) by extensions ['ros']
[0.365s] Level 1:colcon.colcon_core.package_identification:_identify(colcon_ws/src) by extension 'ros'
[0.365s] Level 1:colcon.colcon_core.package_identification:_identify(colcon_ws/src) by extensions ['cmake', 'python']
[0.365s] Level 1:colcon.colcon_core.package_identification:_identify(colcon_ws/src) by extension 'cmake'
[0.365s] Level 1:colcon.colcon_core.package_identification:_identify(colcon_ws/src) by extension 'python'
[0.365s] Level 1:colcon.colcon_core.package_identification:_identify(colcon_ws/src) by extensions ['python_setup_py']
[0.365s] Level 1:colcon.colcon_core.package_identification:_identify(colcon_ws/src) by extension 'python_setup_py'
[0.366s] Level 1:colcon.colcon_core.package_identification:_identify(colcon_ws/src/lvr2) by extensions ['ignore', 'ignore_ament_install']
[0.366s] Level 1:colcon.colcon_core.package_identification:_identify(colcon_ws/src/lvr2) by extension 'ignore'
[0.366s] Level 1:colcon.colcon_core.package_identification:_identify(colcon_ws/src/lvr2) by extension 'ignore_ament_install'
[0.366s] Level 1:colcon.colcon_core.package_identification:_identify(colcon_ws/src/lvr2) by extensions ['colcon_pkg']
[0.366s] Level 1:colcon.colcon_core.package_identification:_identify(colcon_ws/src/lvr2) by extension 'colcon_pkg'
[0.366s] Level 1:colcon.colcon_core.package_identification:_identify(colcon_ws/src/lvr2) by extensions ['colcon_meta']
[0.366s] Level 1:colcon.colcon_core.package_identification:_identify(colcon_ws/src/lvr2) by extension 'colcon_meta'
[0.366s] Level 1:colcon.colcon_core.package_identification:_identify(colcon_ws/src/lvr2) by extensions ['ros']
[0.366s] Level 1:colcon.colcon_core.package_identification:_identify(colcon_ws/src/lvr2) by extension 'ros'
[0.366s] Level 1:colcon.colcon_core.package_identification:_identify(colcon_ws/src/lvr2) by extensions ['cmake', 'python']
[0.366s] Level 1:colcon.colcon_core.package_identification:_identify(colcon_ws/src/lvr2) by extension 'cmake'
[0.366s] Level 1:colcon.colcon_core.package_identification:_identify(colcon_ws/src/lvr2) by extension 'python'
[0.366s] Level 1:colcon.colcon_core.package_identification:_identify(colcon_ws/src/lvr2) by extensions ['python_setup_py']
[0.366s] Level 1:colcon.colcon_core.package_identification:_identify(colcon_ws/src/lvr2) by extension 'python_setup_py'
[0.366s] Level 1:colcon.colcon_core.package_identification:_identify(colcon_ws/src/mesh_navigation) by extensions ['ignore', 'ignore_ament_install']
[0.366s] Level 1:colcon.colcon_core.package_identification:_identify(colcon_ws/src/mesh_navigation) by extension 'ignore'
[0.366s] Level 1:colcon.colcon_core.package_identification:_identify(colcon_ws/src/mesh_navigation) by extension 'ignore_ament_install'
[0.366s] Level 1:colcon.colcon_core.package_identification:_identify(colcon_ws/src/mesh_navigation) by extensions ['colcon_pkg']
[0.366s] Level 1:colcon.colcon_core.package_identification:_identify(colcon_ws/src/mesh_navigation) by extension 'colcon_pkg'
[0.366s] Level 1:colcon.colcon_core.package_identification:_identify(colcon_ws/src/mesh_navigation) by extensions ['colcon_meta']
[0.366s] Level 1:colcon.colcon_core.package_identification:_identify(colcon_ws/src/mesh_navigation) by extension 'colcon_meta'
[0.367s] Level 1:colcon.colcon_core.package_identification:_identify(colcon_ws/src/mesh_navigation) by extensions ['ros']
[0.367s] Level 1:colcon.colcon_core.package_identification:_identify(colcon_ws/src/mesh_navigation) by extension 'ros'
[0.367s] Level 1:colcon.colcon_core.package_identification:_identify(colcon_ws/src/mesh_navigation) by extensions ['cmake', 'python']
[0.367s] Level 1:colcon.colcon_core.package_identification:_identify(colcon_ws/src/mesh_navigation) by extension 'cmake'
[0.367s] Level 1:colcon.colcon_core.package_identification:_identify(colcon_ws/src/mesh_navigation) by extension 'python'
[0.367s] Level 1:colcon.colcon_core.package_identification:_identify(colcon_ws/src/mesh_navigation) by extensions ['python_setup_py']
[0.367s] Level 1:colcon.colcon_core.package_identification:_identify(colcon_ws/src/mesh_navigation) by extension 'python_setup_py'
[0.367s] Level 1:colcon.colcon_core.package_identification:_identify(colcon_ws/src/mesh_navigation/cvp_mesh_planner) by extensions ['ignore', 'ignore_ament_install']
[0.367s] Level 1:colcon.colcon_core.package_identification:_identify(colcon_ws/src/mesh_navigation/cvp_mesh_planner) by extension 'ignore'
[0.367s] Level 1:colcon.colcon_core.package_identification:_identify(colcon_ws/src/mesh_navigation/cvp_mesh_planner) by extension 'ignore_ament_install'
[0.367s] Level 1:colcon.colcon_core.package_identification:_identify(colcon_ws/src/mesh_navigation/cvp_mesh_planner) by extensions ['colcon_pkg']
[0.367s] Level 1:colcon.colcon_core.package_identification:_identify(colcon_ws/src/mesh_navigation/cvp_mesh_planner) by extension 'colcon_pkg'
[0.367s] Level 1:colcon.colcon_core.package_identification:_identify(colcon_ws/src/mesh_navigation/cvp_mesh_planner) by extensions ['colcon_meta']
[0.367s] Level 1:colcon.colcon_core.package_identification:_identify(colcon_ws/src/mesh_navigation/cvp_mesh_planner) by extension 'colcon_meta'
[0.367s] Level 1:colcon.colcon_core.package_identification:_identify(colcon_ws/src/mesh_navigation/cvp_mesh_planner) by extensions ['ros']
[0.367s] Level 1:colcon.colcon_core.package_identification:_identify(colcon_ws/src/mesh_navigation/cvp_mesh_planner) by extension 'ros'
[0.371s] DEBUG:colcon.colcon_core.package_identification:Package 'colcon_ws/src/mesh_navigation/cvp_mesh_planner' with type 'ros.ament_cmake' and name 'cvp_mesh_planner'
[0.371s] Level 1:colcon.colcon_core.package_identification:_identify(colcon_ws/src/mesh_navigation/dijkstra_mesh_planner) by extensions ['ignore', 'ignore_ament_install']
[0.372s] Level 1:colcon.colcon_core.package_identification:_identify(colcon_ws/src/mesh_navigation/dijkstra_mesh_planner) by extension 'ignore'
[0.372s] Level 1:colcon.colcon_core.package_identification:_identify(colcon_ws/src/mesh_navigation/dijkstra_mesh_planner) by extension 'ignore_ament_install'
[0.372s] Level 1:colcon.colcon_core.package_identification:_identify(colcon_ws/src/mesh_navigation/dijkstra_mesh_planner) by extensions ['colcon_pkg']
[0.372s] Level 1:colcon.colcon_core.package_identification:_identify(colcon_ws/src/mesh_navigation/dijkstra_mesh_planner) by extension 'colcon_pkg'
[0.372s] Level 1:colcon.colcon_core.package_identification:_identify(colcon_ws/src/mesh_navigation/dijkstra_mesh_planner) by extensions ['colcon_meta']
[0.372s] Level 1:colcon.colcon_core.package_identification:_identify(colcon_ws/src/mesh_navigation/dijkstra_mesh_planner) by extension 'colcon_meta'
[0.372s] Level 1:colcon.colcon_core.package_identification:_identify(colcon_ws/src/mesh_navigation/dijkstra_mesh_planner) by extensions ['ros']
[0.372s] Level 1:colcon.colcon_core.package_identification:_identify(colcon_ws/src/mesh_navigation/dijkstra_mesh_planner) by extension 'ros'
[0.373s] DEBUG:colcon.colcon_core.package_identification:Package 'colcon_ws/src/mesh_navigation/dijkstra_mesh_planner' with type 'ros.ament_cmake' and name 'dijkstra_mesh_planner'
[0.373s] Level 1:colcon.colcon_core.package_identification:_identify(colcon_ws/src/mesh_navigation/docs) by extensions ['ignore', 'ignore_ament_install']
[0.373s] Level 1:colcon.colcon_core.package_identification:_identify(colcon_ws/src/mesh_navigation/docs) by extension 'ignore'
[0.373s] Level 1:colcon.colcon_core.package_identification:_identify(colcon_ws/src/mesh_navigation/docs) by extension 'ignore_ament_install'
[0.373s] Level 1:colcon.colcon_core.package_identification:_identify(colcon_ws/src/mesh_navigation/docs) by extensions ['colcon_pkg']
[0.373s] Level 1:colcon.colcon_core.package_identification:_identify(colcon_ws/src/mesh_navigation/docs) by extension 'colcon_pkg'
[0.373s] Level 1:colcon.colcon_core.package_identification:_identify(colcon_ws/src/mesh_navigation/docs) by extensions ['colcon_meta']
[0.373s] Level 1:colcon.colcon_core.package_identification:_identify(colcon_ws/src/mesh_navigation/docs) by extension 'colcon_meta'
[0.373s] Level 1:colcon.colcon_core.package_identification:_identify(colcon_ws/src/mesh_navigation/docs) by extensions ['ros']
[0.373s] Level 1:colcon.colcon_core.package_identification:_identify(colcon_ws/src/mesh_navigation/docs) by extension 'ros'
[0.373s] Level 1:colcon.colcon_core.package_identification:_identify(colcon_ws/src/mesh_navigation/docs) by extensions ['cmake', 'python']
[0.373s] Level 1:colcon.colcon_core.package_identification:_identify(colcon_ws/src/mesh_navigation/docs) by extension 'cmake'
[0.373s] Level 1:colcon.colcon_core.package_identification:_identify(colcon_ws/src/mesh_navigation/docs) by extension 'python'
[0.373s] Level 1:colcon.colcon_core.package_identification:_identify(colcon_ws/src/mesh_navigation/docs) by extensions ['python_setup_py']
[0.373s] Level 1:colcon.colcon_core.package_identification:_identify(colcon_ws/src/mesh_navigation/docs) by extension 'python_setup_py'
[0.374s] Level 1:colcon.colcon_core.package_identification:_identify(colcon_ws/src/mesh_navigation/docs/images) by extensions ['ignore', 'ignore_ament_install']
[0.374s] Level 1:colcon.colcon_core.package_identification:_identify(colcon_ws/src/mesh_navigation/docs/images) by extension 'ignore'
[0.374s] Level 1:colcon.colcon_core.package_identification:_identify(colcon_ws/src/mesh_navigation/docs/images) by extension 'ignore_ament_install'
[0.374s] Level 1:colcon.colcon_core.package_identification:_identify(colcon_ws/src/mesh_navigation/docs/images) by extensions ['colcon_pkg']
[0.374s] Level 1:colcon.colcon_core.package_identification:_identify(colcon_ws/src/mesh_navigation/docs/images) by extension 'colcon_pkg'
[0.374s] Level 1:colcon.colcon_core.package_identification:_identify(colcon_ws/src/mesh_navigation/docs/images) by extensions ['colcon_meta']
[0.374s] Level 1:colcon.colcon_core.package_identification:_identify(colcon_ws/src/mesh_navigation/docs/images) by extension 'colcon_meta'
[0.374s] Level 1:colcon.colcon_core.package_identification:_identify(colcon_ws/src/mesh_navigation/docs/images) by extensions ['ros']
[0.374s] Level 1:colcon.colcon_core.package_identification:_identify(colcon_ws/src/mesh_navigation/docs/images) by extension 'ros'
[0.374s] Level 1:colcon.colcon_core.package_identification:_identify(colcon_ws/src/mesh_navigation/docs/images) by extensions ['cmake', 'python']
[0.374s] Level 1:colcon.colcon_core.package_identification:_identify(colcon_ws/src/mesh_navigation/docs/images) by extension 'cmake'
[0.374s] Level 1:colcon.colcon_core.package_identification:_identify(colcon_ws/src/mesh_navigation/docs/images) by extension 'python'
[0.374s] Level 1:colcon.colcon_core.package_identification:_identify(colcon_ws/src/mesh_navigation/docs/images) by extensions ['python_setup_py']
[0.374s] Level 1:colcon.colcon_core.package_identification:_identify(colcon_ws/src/mesh_navigation/docs/images) by extension 'python_setup_py'
[0.374s] Level 1:colcon.colcon_core.package_identification:_identify(colcon_ws/src/mesh_navigation/docs/images/controllers) by extensions ['ignore', 'ignore_ament_install']
[0.374s] Level 1:colcon.colcon_core.package_identification:_identify(colcon_ws/src/mesh_navigation/docs/images/controllers) by extension 'ignore'
[0.374s] Level 1:colcon.colcon_core.package_identification:_identify(colcon_ws/src/mesh_navigation/docs/images/controllers) by extension 'ignore_ament_install'
[0.374s] Level 1:colcon.colcon_core.package_identification:_identify(colcon_ws/src/mesh_navigation/docs/images/controllers) by extensions ['colcon_pkg']
[0.374s] Level 1:colcon.colcon_core.package_identification:_identify(colcon_ws/src/mesh_navigation/docs/images/controllers) by extension 'colcon_pkg'
[0.374s] Level 1:colcon.colcon_core.package_identification:_identify(colcon_ws/src/mesh_navigation/docs/images/controllers) by extensions ['colcon_meta']
[0.374s] Level 1:colcon.colcon_core.package_identification:_identify(colcon_ws/src/mesh_navigation/docs/images/controllers) by extension 'colcon_meta'
[0.375s] Level 1:colcon.colcon_core.package_identification:_identify(colcon_ws/src/mesh_navigation/docs/images/controllers) by extensions ['ros']
[0.375s] Level 1:colcon.colcon_core.package_identification:_identify(colcon_ws/src/mesh_navigation/docs/images/controllers) by extension 'ros'
[0.375s] Level 1:colcon.colcon_core.package_identification:_identify(colcon_ws/src/mesh_navigation/docs/images/controllers) by extensions ['cmake', 'python']
[0.375s] Level 1:colcon.colcon_core.package_identification:_identify(colcon_ws/src/mesh_navigation/docs/images/controllers) by extension 'cmake'
[0.375s] Level 1:colcon.colcon_core.package_identification:_identify(colcon_ws/src/mesh_navigation/docs/images/controllers) by extension 'python'
[0.375s] Level 1:colcon.colcon_core.package_identification:_identify(colcon_ws/src/mesh_navigation/docs/images/controllers) by extensions ['python_setup_py']
[0.375s] Level 1:colcon.colcon_core.package_identification:_identify(colcon_ws/src/mesh_navigation/docs/images/controllers) by extension 'python_setup_py'
[0.375s] Level 1:colcon.colcon_core.package_identification:_identify(colcon_ws/src/mesh_navigation/docs/images/costlayers) by extensions ['ignore', 'ignore_ament_install']
[0.375s] Level 1:colcon.colcon_core.package_identification:_identify(colcon_ws/src/mesh_navigation/docs/images/costlayers) by extension 'ignore'
[0.375s] Level 1:colcon.colcon_core.package_identification:_identify(colcon_ws/src/mesh_navigation/docs/images/costlayers) by extension 'ignore_ament_install'
[0.375s] Level 1:colcon.colcon_core.package_identification:_identify(colcon_ws/src/mesh_navigation/docs/images/costlayers) by extensions ['colcon_pkg']
[0.375s] Level 1:colcon.colcon_core.package_identification:_identify(colcon_ws/src/mesh_navigation/docs/images/costlayers) by extension 'colcon_pkg'
[0.375s] Level 1:colcon.colcon_core.package_identification:_identify(colcon_ws/src/mesh_navigation/docs/images/costlayers) by extensions ['colcon_meta']
[0.375s] Level 1:colcon.colcon_core.package_identification:_identify(colcon_ws/src/mesh_navigation/docs/images/costlayers) by extension 'colcon_meta'
[0.375s] Level 1:colcon.colcon_core.package_identification:_identify(colcon_ws/src/mesh_navigation/docs/images/costlayers) by extensions ['ros']
[0.375s] Level 1:colcon.colcon_core.package_identification:_identify(colcon_ws/src/mesh_navigation/docs/images/costlayers) by extension 'ros'
[0.375s] Level 1:colcon.colcon_core.package_identification:_identify(colcon_ws/src/mesh_navigation/docs/images/costlayers) by extensions ['cmake', 'python']
[0.375s] Level 1:colcon.colcon_core.package_identification:_identify(colcon_ws/src/mesh_navigation/docs/images/costlayers) by extension 'cmake'
[0.375s] Level 1:colcon.colcon_core.package_identification:_identify(colcon_ws/src/mesh_navigation/docs/images/costlayers) by extension 'python'
[0.375s] Level 1:colcon.colcon_core.package_identification:_identify(colcon_ws/src/mesh_navigation/docs/images/costlayers) by extensions ['python_setup_py']
[0.375s] Level 1:colcon.colcon_core.package_identification:_identify(colcon_ws/src/mesh_navigation/docs/images/costlayers) by extension 'python_setup_py'
[0.376s] Level 1:colcon.colcon_core.package_identification:_identify(colcon_ws/src/mesh_navigation/docs/images/planners) by extensions ['ignore', 'ignore_ament_install']
[0.376s] Level 1:colcon.colcon_core.package_identification:_identify(colcon_ws/src/mesh_navigation/docs/images/planners) by extension 'ignore'
[0.376s] Level 1:colcon.colcon_core.package_identification:_identify(colcon_ws/src/mesh_navigation/docs/images/planners) by extension 'ignore_ament_install'
[0.376s] Level 1:colcon.colcon_core.package_identification:_identify(colcon_ws/src/mesh_navigation/docs/images/planners) by extensions ['colcon_pkg']
[0.376s] Level 1:colcon.colcon_core.package_identification:_identify(colcon_ws/src/mesh_navigation/docs/images/planners) by extension 'colcon_pkg'
[0.376s] Level 1:colcon.colcon_core.package_identification:_identify(colcon_ws/src/mesh_navigation/docs/images/planners) by extensions ['colcon_meta']
[0.376s] Level 1:colcon.colcon_core.package_identification:_identify(colcon_ws/src/mesh_navigation/docs/images/planners) by extension 'colcon_meta'
[0.376s] Level 1:colcon.colcon_core.package_identification:_identify(colcon_ws/src/mesh_navigation/docs/images/planners) by extensions ['ros']
[0.376s] Level 1:colcon.colcon_core.package_identification:_identify(colcon_ws/src/mesh_navigation/docs/images/planners) by extension 'ros'
[0.376s] Level 1:colcon.colcon_core.package_identification:_identify(colcon_ws/src/mesh_navigation/docs/images/planners) by extensions ['cmake', 'python']
[0.376s] Level 1:colcon.colcon_core.package_identification:_identify(colcon_ws/src/mesh_navigation/docs/images/planners) by extension 'cmake'
[0.376s] Level 1:colcon.colcon_core.package_identification:_identify(colcon_ws/src/mesh_navigation/docs/images/planners) by extension 'python'
[0.376s] Level 1:colcon.colcon_core.package_identification:_identify(colcon_ws/src/mesh_navigation/docs/images/planners) by extensions ['python_setup_py']
[0.376s] Level 1:colcon.colcon_core.package_identification:_identify(colcon_ws/src/mesh_navigation/docs/images/planners) by extension 'python_setup_py'
[0.376s] Level 1:colcon.colcon_core.package_identification:_identify(colcon_ws/src/mesh_navigation/mbf_mesh_core) by extensions ['ignore', 'ignore_ament_install']
[0.376s] Level 1:colcon.colcon_core.package_identification:_identify(colcon_ws/src/mesh_navigation/mbf_mesh_core) by extension 'ignore'
[0.376s] Level 1:colcon.colcon_core.package_identification:_identify(colcon_ws/src/mesh_navigation/mbf_mesh_core) by extension 'ignore_ament_install'
[0.376s] Level 1:colcon.colcon_core.package_identification:_identify(colcon_ws/src/mesh_navigation/mbf_mesh_core) by extensions ['colcon_pkg']
[0.376s] Level 1:colcon.colcon_core.package_identification:_identify(colcon_ws/src/mesh_navigation/mbf_mesh_core) by extension 'colcon_pkg'
[0.376s] Level 1:colcon.colcon_core.package_identification:_identify(colcon_ws/src/mesh_navigation/mbf_mesh_core) by extensions ['colcon_meta']
[0.376s] Level 1:colcon.colcon_core.package_identification:_identify(colcon_ws/src/mesh_navigation/mbf_mesh_core) by extension 'colcon_meta'
[0.377s] Level 1:colcon.colcon_core.package_identification:_identify(colcon_ws/src/mesh_navigation/mbf_mesh_core) by extensions ['ros']
[0.377s] Level 1:colcon.colcon_core.package_identification:_identify(colcon_ws/src/mesh_navigation/mbf_mesh_core) by extension 'ros'
[0.378s] DEBUG:colcon.colcon_core.package_identification:Package 'colcon_ws/src/mesh_navigation/mbf_mesh_core' with type 'ros.ament_cmake' and name 'mbf_mesh_core'
[0.378s] Level 1:colcon.colcon_core.package_identification:_identify(colcon_ws/src/mesh_navigation/mbf_mesh_nav) by extensions ['ignore', 'ignore_ament_install']
[0.378s] Level 1:colcon.colcon_core.package_identification:_identify(colcon_ws/src/mesh_navigation/mbf_mesh_nav) by extension 'ignore'
[0.378s] Level 1:colcon.colcon_core.package_identification:_identify(colcon_ws/src/mesh_navigation/mbf_mesh_nav) by extension 'ignore_ament_install'
[0.378s] Level 1:colcon.colcon_core.package_identification:_identify(colcon_ws/src/mesh_navigation/mbf_mesh_nav) by extensions ['colcon_pkg']
[0.378s] Level 1:colcon.colcon_core.package_identification:_identify(colcon_ws/src/mesh_navigation/mbf_mesh_nav) by extension 'colcon_pkg'
[0.378s] Level 1:colcon.colcon_core.package_identification:_identify(colcon_ws/src/mesh_navigation/mbf_mesh_nav) by extensions ['colcon_meta']
[0.378s] Level 1:colcon.colcon_core.package_identification:_identify(colcon_ws/src/mesh_navigation/mbf_mesh_nav) by extension 'colcon_meta'
[0.378s] Level 1:colcon.colcon_core.package_identification:_identify(colcon_ws/src/mesh_navigation/mbf_mesh_nav) by extensions ['ros']
[0.378s] Level 1:colcon.colcon_core.package_identification:_identify(colcon_ws/src/mesh_navigation/mbf_mesh_nav) by extension 'ros'
[0.379s] DEBUG:colcon.colcon_core.package_identification:Package 'colcon_ws/src/mesh_navigation/mbf_mesh_nav' with type 'ros.ament_cmake' and name 'mbf_mesh_nav'
[0.379s] Level 1:colcon.colcon_core.package_identification:_identify(colcon_ws/src/mesh_navigation/mesh_controller) by extensions ['ignore', 'ignore_ament_install']
[0.379s] Level 1:colcon.colcon_core.package_identification:_identify(colcon_ws/src/mesh_navigation/mesh_controller) by extension 'ignore'
[0.379s] Level 1:colcon.colcon_core.package_identification:_identify(colcon_ws/src/mesh_navigation/mesh_controller) by extension 'ignore_ament_install'
[0.379s] Level 1:colcon.colcon_core.package_identification:_identify(colcon_ws/src/mesh_navigation/mesh_controller) by extensions ['colcon_pkg']
[0.379s] Level 1:colcon.colcon_core.package_identification:_identify(colcon_ws/src/mesh_navigation/mesh_controller) by extension 'colcon_pkg'
[0.379s] Level 1:colcon.colcon_core.package_identification:_identify(colcon_ws/src/mesh_navigation/mesh_controller) by extensions ['colcon_meta']
[0.379s] Level 1:colcon.colcon_core.package_identification:_identify(colcon_ws/src/mesh_navigation/mesh_controller) by extension 'colcon_meta'
[0.379s] Level 1:colcon.colcon_core.package_identification:_identify(colcon_ws/src/mesh_navigation/mesh_controller) by extensions ['ros']
[0.379s] Level 1:colcon.colcon_core.package_identification:_identify(colcon_ws/src/mesh_navigation/mesh_controller) by extension 'ros'
[0.380s] DEBUG:colcon.colcon_core.package_identification:Package 'colcon_ws/src/mesh_navigation/mesh_controller' with type 'ros.ament_cmake' and name 'mesh_controller'
[0.380s] Level 1:colcon.colcon_core.package_identification:_identify(colcon_ws/src/mesh_navigation/mesh_layers) by extensions ['ignore', 'ignore_ament_install']
[0.380s] Level 1:colcon.colcon_core.package_identification:_identify(colcon_ws/src/mesh_navigation/mesh_layers) by extension 'ignore'
[0.380s] Level 1:colcon.colcon_core.package_identification:_identify(colcon_ws/src/mesh_navigation/mesh_layers) by extension 'ignore_ament_install'
[0.380s] Level 1:colcon.colcon_core.package_identification:_identify(colcon_ws/src/mesh_navigation/mesh_layers) by extensions ['colcon_pkg']
[0.380s] Level 1:colcon.colcon_core.package_identification:_identify(colcon_ws/src/mesh_navigation/mesh_layers) by extension 'colcon_pkg'
[0.380s] Level 1:colcon.colcon_core.package_identification:_identify(colcon_ws/src/mesh_navigation/mesh_layers) by extensions ['colcon_meta']
[0.381s] Level 1:colcon.colcon_core.package_identification:_identify(colcon_ws/src/mesh_navigation/mesh_layers) by extension 'colcon_meta'
[0.381s] Level 1:colcon.colcon_core.package_identification:_identify(colcon_ws/src/mesh_navigation/mesh_layers) by extensions ['ros']
[0.381s] Level 1:colcon.colcon_core.package_identification:_identify(colcon_ws/src/mesh_navigation/mesh_layers) by extension 'ros'
[0.381s] DEBUG:colcon.colcon_core.package_identification:Package 'colcon_ws/src/mesh_navigation/mesh_layers' with type 'ros.ament_cmake' and name 'mesh_layers'
[0.381s] Level 1:colcon.colcon_core.package_identification:_identify(colcon_ws/src/mesh_navigation/mesh_map) by extensions ['ignore', 'ignore_ament_install']
[0.381s] Level 1:colcon.colcon_core.package_identification:_identify(colcon_ws/src/mesh_navigation/mesh_map) by extension 'ignore'
[0.382s] Level 1:colcon.colcon_core.package_identification:_identify(colcon_ws/src/mesh_navigation/mesh_map) by extension 'ignore_ament_install'
[0.382s] Level 1:colcon.colcon_core.package_identification:_identify(colcon_ws/src/mesh_navigation/mesh_map) by extensions ['colcon_pkg']
[0.382s] Level 1:colcon.colcon_core.package_identification:_identify(colcon_ws/src/mesh_navigation/mesh_map) by extension 'colcon_pkg'
[0.382s] Level 1:colcon.colcon_core.package_identification:_identify(colcon_ws/src/mesh_navigation/mesh_map) by extensions ['colcon_meta']
[0.382s] Level 1:colcon.colcon_core.package_identification:_identify(colcon_ws/src/mesh_navigation/mesh_map) by extension 'colcon_meta'
[0.382s] Level 1:colcon.colcon_core.package_identification:_identify(colcon_ws/src/mesh_navigation/mesh_map) by extensions ['ros']
[0.382s] Level 1:colcon.colcon_core.package_identification:_identify(colcon_ws/src/mesh_navigation/mesh_map) by extension 'ros'
[0.383s] DEBUG:colcon.colcon_core.package_identification:Package 'colcon_ws/src/mesh_navigation/mesh_map' with type 'ros.ament_cmake' and name 'mesh_map'
[0.383s] Level 1:colcon.colcon_core.package_identification:_identify(colcon_ws/src/mesh_navigation/mesh_navigation) by extensions ['ignore', 'ignore_ament_install']
[0.383s] Level 1:colcon.colcon_core.package_identification:_identify(colcon_ws/src/mesh_navigation/mesh_navigation) by extension 'ignore'
[0.383s] Level 1:colcon.colcon_core.package_identification:_identify(colcon_ws/src/mesh_navigation/mesh_navigation) by extension 'ignore_ament_install'
[0.383s] Level 1:colcon.colcon_core.package_identification:_identify(colcon_ws/src/mesh_navigation/mesh_navigation) by extensions ['colcon_pkg']
[0.383s] Level 1:colcon.colcon_core.package_identification:_identify(colcon_ws/src/mesh_navigation/mesh_navigation) by extension 'colcon_pkg'
[0.383s] Level 1:colcon.colcon_core.package_identification:_identify(colcon_ws/src/mesh_navigation/mesh_navigation) by extensions ['colcon_meta']
[0.384s] Level 1:colcon.colcon_core.package_identification:_identify(colcon_ws/src/mesh_navigation/mesh_navigation) by extension 'colcon_meta'
[0.384s] Level 1:colcon.colcon_core.package_identification:_identify(colcon_ws/src/mesh_navigation/mesh_navigation) by extensions ['ros']
[0.384s] Level 1:colcon.colcon_core.package_identification:_identify(colcon_ws/src/mesh_navigation/mesh_navigation) by extension 'ros'
[0.384s] DEBUG:colcon.colcon_core.package_identification:Package 'colcon_ws/src/mesh_navigation/mesh_navigation' with type 'ros.ament_cmake' and name 'mesh_navigation'
[0.384s] Level 1:colcon.colcon_core.package_identification:_identify(colcon_ws/src/mesh_navigation_tutorials) by extensions ['ignore', 'ignore_ament_install']
[0.385s] Level 1:colcon.colcon_core.package_identification:_identify(colcon_ws/src/mesh_navigation_tutorials) by extension 'ignore'
[0.385s] Level 1:colcon.colcon_core.package_identification:_identify(colcon_ws/src/mesh_navigation_tutorials) by extension 'ignore_ament_install'
[0.385s] Level 1:colcon.colcon_core.package_identification:_identify(colcon_ws/src/mesh_navigation_tutorials) by extensions ['colcon_pkg']
[0.385s] Level 1:colcon.colcon_core.package_identification:_identify(colcon_ws/src/mesh_navigation_tutorials) by extension 'colcon_pkg'
[0.385s] Level 1:colcon.colcon_core.package_identification:_identify(colcon_ws/src/mesh_navigation_tutorials) by extensions ['colcon_meta']
[0.385s] Level 1:colcon.colcon_core.package_identification:_identify(colcon_ws/src/mesh_navigation_tutorials) by extension 'colcon_meta'
[0.385s] Level 1:colcon.colcon_core.package_identification:_identify(colcon_ws/src/mesh_navigation_tutorials) by extensions ['ros']
[0.385s] Level 1:colcon.colcon_core.package_identification:_identify(colcon_ws/src/mesh_navigation_tutorials) by extension 'ros'
[0.385s] Level 1:colcon.colcon_core.package_identification:_identify(colcon_ws/src/mesh_navigation_tutorials) by extensions ['cmake', 'python']
[0.385s] Level 1:colcon.colcon_core.package_identification:_identify(colcon_ws/src/mesh_navigation_tutorials) by extension 'cmake'
[0.385s] Level 1:colcon.colcon_core.package_identification:_identify(colcon_ws/src/mesh_navigation_tutorials) by extension 'python'
[0.385s] Level 1:colcon.colcon_core.package_identification:_identify(colcon_ws/src/mesh_navigation_tutorials) by extensions ['python_setup_py']
[0.385s] Level 1:colcon.colcon_core.package_identification:_identify(colcon_ws/src/mesh_navigation_tutorials) by extension 'python_setup_py'
[0.385s] Level 1:colcon.colcon_core.package_identification:_identify(colcon_ws/src/mesh_navigation_tutorials/mesh_navigation_ceres) by extensions ['ignore', 'ignore_ament_install']
[0.385s] Level 1:colcon.colcon_core.package_identification:_identify(colcon_ws/src/mesh_navigation_tutorials/mesh_navigation_ceres) by extension 'ignore'
[0.385s] Level 1:colcon.colcon_core.package_identification:_identify(colcon_ws/src/mesh_navigation_tutorials/mesh_navigation_ceres) by extension 'ignore_ament_install'
[0.385s] Level 1:colcon.colcon_core.package_identification:_identify(colcon_ws/src/mesh_navigation_tutorials/mesh_navigation_ceres) by extensions ['colcon_pkg']
[0.385s] Level 1:colcon.colcon_core.package_identification:_identify(colcon_ws/src/mesh_navigation_tutorials/mesh_navigation_ceres) by extension 'colcon_pkg'
[0.386s] Level 1:colcon.colcon_core.package_identification:_identify(colcon_ws/src/mesh_navigation_tutorials/mesh_navigation_ceres) by extensions ['colcon_meta']
[0.386s] Level 1:colcon.colcon_core.package_identification:_identify(colcon_ws/src/mesh_navigation_tutorials/mesh_navigation_ceres) by extension 'colcon_meta'
[0.386s] Level 1:colcon.colcon_core.package_identification:_identify(colcon_ws/src/mesh_navigation_tutorials/mesh_navigation_ceres) by extensions ['ros']
[0.386s] Level 1:colcon.colcon_core.package_identification:_identify(colcon_ws/src/mesh_navigation_tutorials/mesh_navigation_ceres) by extension 'ros'
[0.386s] DEBUG:colcon.colcon_core.package_identification:Package 'colcon_ws/src/mesh_navigation_tutorials/mesh_navigation_ceres' with type 'ros.ament_cmake' and name 'mesh_navigation_ceres'
[0.387s] Level 1:colcon.colcon_core.package_identification:_identify(colcon_ws/src/mesh_navigation_tutorials/mesh_navigation_ceres_sim) by extensions ['ignore', 'ignore_ament_install']
[0.387s] Level 1:colcon.colcon_core.package_identification:_identify(colcon_ws/src/mesh_navigation_tutorials/mesh_navigation_ceres_sim) by extension 'ignore'
[0.387s] Level 1:colcon.colcon_core.package_identification:_identify(colcon_ws/src/mesh_navigation_tutorials/mesh_navigation_ceres_sim) by extension 'ignore_ament_install'
[0.387s] Level 1:colcon.colcon_core.package_identification:_identify(colcon_ws/src/mesh_navigation_tutorials/mesh_navigation_ceres_sim) by extensions ['colcon_pkg']
[0.387s] Level 1:colcon.colcon_core.package_identification:_identify(colcon_ws/src/mesh_navigation_tutorials/mesh_navigation_ceres_sim) by extension 'colcon_pkg'
[0.387s] Level 1:colcon.colcon_core.package_identification:_identify(colcon_ws/src/mesh_navigation_tutorials/mesh_navigation_ceres_sim) by extensions ['colcon_meta']
[0.387s] Level 1:colcon.colcon_core.package_identification:_identify(colcon_ws/src/mesh_navigation_tutorials/mesh_navigation_ceres_sim) by extension 'colcon_meta'
[0.387s] Level 1:colcon.colcon_core.package_identification:_identify(colcon_ws/src/mesh_navigation_tutorials/mesh_navigation_ceres_sim) by extensions ['ros']
[0.387s] Level 1:colcon.colcon_core.package_identification:_identify(colcon_ws/src/mesh_navigation_tutorials/mesh_navigation_ceres_sim) by extension 'ros'
[0.388s] DEBUG:colcon.colcon_core.package_identification:Package 'colcon_ws/src/mesh_navigation_tutorials/mesh_navigation_ceres_sim' with type 'ros.ament_cmake' and name 'mesh_navigation_ceres_sim'
[0.388s] Level 1:colcon.colcon_core.package_identification:_identify(colcon_ws/src/mesh_navigation_tutorials/mesh_navigation_pluto) by extensions ['ignore', 'ignore_ament_install']
[0.388s] Level 1:colcon.colcon_core.package_identification:_identify(colcon_ws/src/mesh_navigation_tutorials/mesh_navigation_pluto) by extension 'ignore'
[0.388s] Level 1:colcon.colcon_core.package_identification:_identify(colcon_ws/src/mesh_navigation_tutorials/mesh_navigation_pluto) by extension 'ignore_ament_install'
[0.388s] Level 1:colcon.colcon_core.package_identification:_identify(colcon_ws/src/mesh_navigation_tutorials/mesh_navigation_pluto) by extensions ['colcon_pkg']
[0.388s] Level 1:colcon.colcon_core.package_identification:_identify(colcon_ws/src/mesh_navigation_tutorials/mesh_navigation_pluto) by extension 'colcon_pkg'
[0.388s] Level 1:colcon.colcon_core.package_identification:_identify(colcon_ws/src/mesh_navigation_tutorials/mesh_navigation_pluto) by extensions ['colcon_meta']
[0.388s] Level 1:colcon.colcon_core.package_identification:_identify(colcon_ws/src/mesh_navigation_tutorials/mesh_navigation_pluto) by extension 'colcon_meta'
[0.388s] Level 1:colcon.colcon_core.package_identification:_identify(colcon_ws/src/mesh_navigation_tutorials/mesh_navigation_pluto) by extensions ['ros']
[0.388s] Level 1:colcon.colcon_core.package_identification:_identify(colcon_ws/src/mesh_navigation_tutorials/mesh_navigation_pluto) by extension 'ros'
[0.389s] DEBUG:colcon.colcon_core.package_identification:Package 'colcon_ws/src/mesh_navigation_tutorials/mesh_navigation_pluto' with type 'ros.ament_cmake' and name 'mesh_navigation_pluto'
[0.389s] Level 1:colcon.colcon_core.package_identification:_identify(colcon_ws/src/mesh_navigation_tutorials/mesh_navigation_pluto_sim) by extensions ['ignore', 'ignore_ament_install']
[0.390s] Level 1:colcon.colcon_core.package_identification:_identify(colcon_ws/src/mesh_navigation_tutorials/mesh_navigation_pluto_sim) by extension 'ignore'
[0.390s] Level 1:colcon.colcon_core.package_identification:_identify(colcon_ws/src/mesh_navigation_tutorials/mesh_navigation_pluto_sim) by extension 'ignore_ament_install'
[0.390s] Level 1:colcon.colcon_core.package_identification:_identify(colcon_ws/src/mesh_navigation_tutorials/mesh_navigation_pluto_sim) by extensions ['colcon_pkg']
[0.390s] Level 1:colcon.colcon_core.package_identification:_identify(colcon_ws/src/mesh_navigation_tutorials/mesh_navigation_pluto_sim) by extension 'colcon_pkg'
[0.390s] Level 1:colcon.colcon_core.package_identification:_identify(colcon_ws/src/mesh_navigation_tutorials/mesh_navigation_pluto_sim) by extensions ['colcon_meta']
[0.390s] Level 1:colcon.colcon_core.package_identification:_identify(colcon_ws/src/mesh_navigation_tutorials/mesh_navigation_pluto_sim) by extension 'colcon_meta'
[0.390s] Level 1:colcon.colcon_core.package_identification:_identify(colcon_ws/src/mesh_navigation_tutorials/mesh_navigation_pluto_sim) by extensions ['ros']
[0.390s] Level 1:colcon.colcon_core.package_identification:_identify(colcon_ws/src/mesh_navigation_tutorials/mesh_navigation_pluto_sim) by extension 'ros'
[0.391s] DEBUG:colcon.colcon_core.package_identification:Package 'colcon_ws/src/mesh_navigation_tutorials/mesh_navigation_pluto_sim' with type 'ros.ament_cmake' and name 'mesh_navigation_pluto_sim'
[0.391s] Level 1:colcon.colcon_core.package_identification:_identify(colcon_ws/src/mesh_navigation_tutorials/mesh_navigation_tutorials) by extensions ['ignore', 'ignore_ament_install']
[0.391s] Level 1:colcon.colcon_core.package_identification:_identify(colcon_ws/src/mesh_navigation_tutorials/mesh_navigation_tutorials) by extension 'ignore'
[0.391s] Level 1:colcon.colcon_core.package_identification:_identify(colcon_ws/src/mesh_navigation_tutorials/mesh_navigation_tutorials) by extension 'ignore_ament_install'
[0.391s] Level 1:colcon.colcon_core.package_identification:_identify(colcon_ws/src/mesh_navigation_tutorials/mesh_navigation_tutorials) by extensions ['colcon_pkg']
[0.391s] Level 1:colcon.colcon_core.package_identification:_identify(colcon_ws/src/mesh_navigation_tutorials/mesh_navigation_tutorials) by extension 'colcon_pkg'
[0.392s] Level 1:colcon.colcon_core.package_identification:_identify(colcon_ws/src/mesh_navigation_tutorials/mesh_navigation_tutorials) by extensions ['colcon_meta']
[0.392s] Level 1:colcon.colcon_core.package_identification:_identify(colcon_ws/src/mesh_navigation_tutorials/mesh_navigation_tutorials) by extension 'colcon_meta'
[0.392s] Level 1:colcon.colcon_core.package_identification:_identify(colcon_ws/src/mesh_navigation_tutorials/mesh_navigation_tutorials) by extensions ['ros']
[0.392s] Level 1:colcon.colcon_core.package_identification:_identify(colcon_ws/src/mesh_navigation_tutorials/mesh_navigation_tutorials) by extension 'ros'
[0.393s] DEBUG:colcon.colcon_core.package_identification:Package 'colcon_ws/src/mesh_navigation_tutorials/mesh_navigation_tutorials' with type 'ros.ament_cmake' and name 'mesh_navigation_tutorials'
[0.393s] Level 1:colcon.colcon_core.package_identification:_identify(colcon_ws/src/mesh_navigation_tutorials/mesh_navigation_tutorials_sim) by extensions ['ignore', 'ignore_ament_install']
[0.393s] Level 1:colcon.colcon_core.package_identification:_identify(colcon_ws/src/mesh_navigation_tutorials/mesh_navigation_tutorials_sim) by extension 'ignore'
[0.393s] Level 1:colcon.colcon_core.package_identification:_identify(colcon_ws/src/mesh_navigation_tutorials/mesh_navigation_tutorials_sim) by extension 'ignore_ament_install'
[0.393s] Level 1:colcon.colcon_core.package_identification:_identify(colcon_ws/src/mesh_navigation_tutorials/mesh_navigation_tutorials_sim) by extensions ['colcon_pkg']
[0.393s] Level 1:colcon.colcon_core.package_identification:_identify(colcon_ws/src/mesh_navigation_tutorials/mesh_navigation_tutorials_sim) by extension 'colcon_pkg'
[0.393s] Level 1:colcon.colcon_core.package_identification:_identify(colcon_ws/src/mesh_navigation_tutorials/mesh_navigation_tutorials_sim) by extensions ['colcon_meta']
[0.393s] Level 1:colcon.colcon_core.package_identification:_identify(colcon_ws/src/mesh_navigation_tutorials/mesh_navigation_tutorials_sim) by extension 'colcon_meta'
[0.393s] Level 1:colcon.colcon_core.package_identification:_identify(colcon_ws/src/mesh_navigation_tutorials/mesh_navigation_tutorials_sim) by extensions ['ros']
[0.393s] Level 1:colcon.colcon_core.package_identification:_identify(colcon_ws/src/mesh_navigation_tutorials/mesh_navigation_tutorials_sim) by extension 'ros'
[0.394s] DEBUG:colcon.colcon_core.package_identification:Package 'colcon_ws/src/mesh_navigation_tutorials/mesh_navigation_tutorials_sim' with type 'ros.ament_cmake' and name 'mesh_navigation_tutorials_sim'
[0.394s] Level 1:colcon.colcon_core.package_identification:_identify(colcon_ws/src/mesh_tools) by extensions ['ignore', 'ignore_ament_install']
[0.394s] Level 1:colcon.colcon_core.package_identification:_identify(colcon_ws/src/mesh_tools) by extension 'ignore'
[0.394s] Level 1:colcon.colcon_core.package_identification:_identify(colcon_ws/src/mesh_tools) by extension 'ignore_ament_install'
[0.394s] Level 1:colcon.colcon_core.package_identification:_identify(colcon_ws/src/mesh_tools) by extensions ['colcon_pkg']
[0.394s] Level 1:colcon.colcon_core.package_identification:_identify(colcon_ws/src/mesh_tools) by extension 'colcon_pkg'
[0.394s] Level 1:colcon.colcon_core.package_identification:_identify(colcon_ws/src/mesh_tools) by extensions ['colcon_meta']
[0.394s] Level 1:colcon.colcon_core.package_identification:_identify(colcon_ws/src/mesh_tools) by extension 'colcon_meta'
[0.394s] Level 1:colcon.colcon_core.package_identification:_identify(colcon_ws/src/mesh_tools) by extensions ['ros']
[0.394s] Level 1:colcon.colcon_core.package_identification:_identify(colcon_ws/src/mesh_tools) by extension 'ros'
[0.394s] Level 1:colcon.colcon_core.package_identification:_identify(colcon_ws/src/mesh_tools) by extensions ['cmake', 'python']
[0.394s] Level 1:colcon.colcon_core.package_identification:_identify(colcon_ws/src/mesh_tools) by extension 'cmake'
[0.394s] Level 1:colcon.colcon_core.package_identification:_identify(colcon_ws/src/mesh_tools) by extension 'python'
[0.395s] Level 1:colcon.colcon_core.package_identification:_identify(colcon_ws/src/mesh_tools) by extensions ['python_setup_py']
[0.395s] Level 1:colcon.colcon_core.package_identification:_identify(colcon_ws/src/mesh_tools) by extension 'python_setup_py'
[0.395s] Level 1:colcon.colcon_core.package_identification:_identify(colcon_ws/src/mesh_tools/label_manager) by extensions ['ignore', 'ignore_ament_install']
[0.395s] Level 1:colcon.colcon_core.package_identification:_identify(colcon_ws/src/mesh_tools/label_manager) by extension 'ignore'
[0.395s] Level 1:colcon.colcon_core.package_identification:_identify(colcon_ws/src/mesh_tools/label_manager) by extension 'ignore_ament_install'
[0.395s] Level 1:colcon.colcon_core.package_identification:_identify(colcon_ws/src/mesh_tools/label_manager) by extensions ['colcon_pkg']
[0.395s] Level 1:colcon.colcon_core.package_identification:_identify(colcon_ws/src/mesh_tools/label_manager) by extension 'colcon_pkg'
[0.395s] Level 1:colcon.colcon_core.package_identification:_identify(colcon_ws/src/mesh_tools/label_manager) by extensions ['colcon_meta']
[0.395s] Level 1:colcon.colcon_core.package_identification:_identify(colcon_ws/src/mesh_tools/label_manager) by extension 'colcon_meta'
[0.395s] Level 1:colcon.colcon_core.package_identification:_identify(colcon_ws/src/mesh_tools/label_manager) by extensions ['ros']
[0.395s] Level 1:colcon.colcon_core.package_identification:_identify(colcon_ws/src/mesh_tools/label_manager) by extension 'ros'
[0.396s] DEBUG:colcon.colcon_core.package_identification:Package 'colcon_ws/src/mesh_tools/label_manager' with type 'ros.ament_cmake' and name 'label_manager'
[0.396s] Level 1:colcon.colcon_core.package_identification:_identify(colcon_ws/src/mesh_tools/mesh_msgs) by extensions ['ignore', 'ignore_ament_install']
[0.396s] Level 1:colcon.colcon_core.package_identification:_identify(colcon_ws/src/mesh_tools/mesh_msgs) by extension 'ignore'
[0.396s] Level 1:colcon.colcon_core.package_identification:_identify(colcon_ws/src/mesh_tools/mesh_msgs) by extension 'ignore_ament_install'
[0.396s] Level 1:colcon.colcon_core.package_identification:_identify(colcon_ws/src/mesh_tools/mesh_msgs) by extensions ['colcon_pkg']
[0.396s] Level 1:colcon.colcon_core.package_identification:_identify(colcon_ws/src/mesh_tools/mesh_msgs) by extension 'colcon_pkg'
[0.396s] Level 1:colcon.colcon_core.package_identification:_identify(colcon_ws/src/mesh_tools/mesh_msgs) by extensions ['colcon_meta']
[0.396s] Level 1:colcon.colcon_core.package_identification:_identify(colcon_ws/src/mesh_tools/mesh_msgs) by extension 'colcon_meta'
[0.396s] Level 1:colcon.colcon_core.package_identification:_identify(colcon_ws/src/mesh_tools/mesh_msgs) by extensions ['ros']
[0.396s] Level 1:colcon.colcon_core.package_identification:_identify(colcon_ws/src/mesh_tools/mesh_msgs) by extension 'ros'
[0.397s] DEBUG:colcon.colcon_core.package_identification:Package 'colcon_ws/src/mesh_tools/mesh_msgs' with type 'ros.ament_cmake' and name 'mesh_msgs'
[0.397s] Level 1:colcon.colcon_core.package_identification:_identify(colcon_ws/src/mesh_tools/mesh_msgs_conversions) by extensions ['ignore', 'ignore_ament_install']
[0.397s] Level 1:colcon.colcon_core.package_identification:_identify(colcon_ws/src/mesh_tools/mesh_msgs_conversions) by extension 'ignore'
[0.397s] Level 1:colcon.colcon_core.package_identification:_identify(colcon_ws/src/mesh_tools/mesh_msgs_conversions) by extension 'ignore_ament_install'
[0.397s] Level 1:colcon.colcon_core.package_identification:_identify(colcon_ws/src/mesh_tools/mesh_msgs_conversions) by extensions ['colcon_pkg']
[0.397s] Level 1:colcon.colcon_core.package_identification:_identify(colcon_ws/src/mesh_tools/mesh_msgs_conversions) by extension 'colcon_pkg'
[0.397s] Level 1:colcon.colcon_core.package_identification:_identify(colcon_ws/src/mesh_tools/mesh_msgs_conversions) by extensions ['colcon_meta']
[0.397s] Level 1:colcon.colcon_core.package_identification:_identify(colcon_ws/src/mesh_tools/mesh_msgs_conversions) by extension 'colcon_meta'
[0.397s] Level 1:colcon.colcon_core.package_identification:_identify(colcon_ws/src/mesh_tools/mesh_msgs_conversions) by extensions ['ros']
[0.397s] Level 1:colcon.colcon_core.package_identification:_identify(colcon_ws/src/mesh_tools/mesh_msgs_conversions) by extension 'ros'
[0.398s] DEBUG:colcon.colcon_core.package_identification:Package 'colcon_ws/src/mesh_tools/mesh_msgs_conversions' with type 'ros.ament_cmake' and name 'mesh_msgs_conversions'
[0.398s] Level 1:colcon.colcon_core.package_identification:_identify(colcon_ws/src/mesh_tools/mesh_msgs_transform) by extensions ['ignore', 'ignore_ament_install']
[0.398s] Level 1:colcon.colcon_core.package_identification:_identify(colcon_ws/src/mesh_tools/mesh_msgs_transform) by extension 'ignore'
[0.399s] Level 1:colcon.colcon_core.package_identification:_identify(colcon_ws/src/mesh_tools/mesh_msgs_transform) by extension 'ignore_ament_install'
[0.399s] Level 1:colcon.colcon_core.package_identification:_identify(colcon_ws/src/mesh_tools/mesh_msgs_transform) by extensions ['colcon_pkg']
[0.399s] Level 1:colcon.colcon_core.package_identification:_identify(colcon_ws/src/mesh_tools/mesh_msgs_transform) by extension 'colcon_pkg'
[0.399s] Level 1:colcon.colcon_core.package_identification:_identify(colcon_ws/src/mesh_tools/mesh_msgs_transform) by extensions ['colcon_meta']
[0.399s] Level 1:colcon.colcon_core.package_identification:_identify(colcon_ws/src/mesh_tools/mesh_msgs_transform) by extension 'colcon_meta'
[0.399s] Level 1:colcon.colcon_core.package_identification:_identify(colcon_ws/src/mesh_tools/mesh_msgs_transform) by extensions ['ros']
[0.399s] Level 1:colcon.colcon_core.package_identification:_identify(colcon_ws/src/mesh_tools/mesh_msgs_transform) by extension 'ros'
[0.400s] DEBUG:colcon.colcon_core.package_identification:Package 'colcon_ws/src/mesh_tools/mesh_msgs_transform' with type 'ros.ament_cmake' and name 'mesh_msgs_transform'
[0.400s] Level 1:colcon.colcon_core.package_identification:_identify(colcon_ws/src/mesh_tools/mesh_tools) by extensions ['ignore', 'ignore_ament_install']
[0.400s] Level 1:colcon.colcon_core.package_identification:_identify(colcon_ws/src/mesh_tools/mesh_tools) by extension 'ignore'
[0.400s] Level 1:colcon.colcon_core.package_identification:_identify(colcon_ws/src/mesh_tools/mesh_tools) by extension 'ignore_ament_install'
[0.400s] Level 1:colcon.colcon_core.package_identification:_identify(colcon_ws/src/mesh_tools/mesh_tools) by extensions ['colcon_pkg']
[0.400s] Level 1:colcon.colcon_core.package_identification:_identify(colcon_ws/src/mesh_tools/mesh_tools) by extension 'colcon_pkg'
[0.400s] Level 1:colcon.colcon_core.package_identification:_identify(colcon_ws/src/mesh_tools/mesh_tools) by extensions ['colcon_meta']
[0.400s] Level 1:colcon.colcon_core.package_identification:_identify(colcon_ws/src/mesh_tools/mesh_tools) by extension 'colcon_meta'
[0.400s] Level 1:colcon.colcon_core.package_identification:_identify(colcon_ws/src/mesh_tools/mesh_tools) by extensions ['ros']
[0.400s] Level 1:colcon.colcon_core.package_identification:_identify(colcon_ws/src/mesh_tools/mesh_tools) by extension 'ros'
[0.401s] DEBUG:colcon.colcon_core.package_identification:Package 'colcon_ws/src/mesh_tools/mesh_tools' with type 'ros.ament_cmake' and name 'mesh_tools'
[0.401s] Level 1:colcon.colcon_core.package_identification:_identify(colcon_ws/src/mesh_tools/rviz_mesh_tools_plugins) by extensions ['ignore', 'ignore_ament_install']
[0.401s] Level 1:colcon.colcon_core.package_identification:_identify(colcon_ws/src/mesh_tools/rviz_mesh_tools_plugins) by extension 'ignore'
[0.401s] Level 1:colcon.colcon_core.package_identification:_identify(colcon_ws/src/mesh_tools/rviz_mesh_tools_plugins) by extension 'ignore_ament_install'
[0.401s] Level 1:colcon.colcon_core.package_identification:_identify(colcon_ws/src/mesh_tools/rviz_mesh_tools_plugins) by extensions ['colcon_pkg']
[0.401s] Level 1:colcon.colcon_core.package_identification:_identify(colcon_ws/src/mesh_tools/rviz_mesh_tools_plugins) by extension 'colcon_pkg'
[0.401s] Level 1:colcon.colcon_core.package_identification:_identify(colcon_ws/src/mesh_tools/rviz_mesh_tools_plugins) by extensions ['colcon_meta']
[0.401s] Level 1:colcon.colcon_core.package_identification:_identify(colcon_ws/src/mesh_tools/rviz_mesh_tools_plugins) by extension 'colcon_meta'
[0.401s] Level 1:colcon.colcon_core.package_identification:_identify(colcon_ws/src/mesh_tools/rviz_mesh_tools_plugins) by extensions ['ros']
[0.401s] Level 1:colcon.colcon_core.package_identification:_identify(colcon_ws/src/mesh_tools/rviz_mesh_tools_plugins) by extension 'ros'
[0.403s] DEBUG:colcon.colcon_core.package_identification:Package 'colcon_ws/src/mesh_tools/rviz_mesh_tools_plugins' with type 'ros.ament_cmake' and name 'rviz_mesh_tools_plugins'
[0.403s] Level 1:colcon.colcon_core.package_identification:_identify(colcon_ws/src/move_base_flex) by extensions ['ignore', 'ignore_ament_install']
[0.403s] Level 1:colcon.colcon_core.package_identification:_identify(colcon_ws/src/move_base_flex) by extension 'ignore'
[0.403s] Level 1:colcon.colcon_core.package_identification:_identify(colcon_ws/src/move_base_flex) by extension 'ignore_ament_install'
[0.403s] Level 1:colcon.colcon_core.package_identification:_identify(colcon_ws/src/move_base_flex) by extensions ['colcon_pkg']
[0.403s] Level 1:colcon.colcon_core.package_identification:_identify(colcon_ws/src/move_base_flex) by extension 'colcon_pkg'
[0.403s] Level 1:colcon.colcon_core.package_identification:_identify(colcon_ws/src/move_base_flex) by extensions ['colcon_meta']
[0.403s] Level 1:colcon.colcon_core.package_identification:_identify(colcon_ws/src/move_base_flex) by extension 'colcon_meta'
[0.403s] Level 1:colcon.colcon_core.package_identification:_identify(colcon_ws/src/move_base_flex) by extensions ['ros']
[0.403s] Level 1:colcon.colcon_core.package_identification:_identify(colcon_ws/src/move_base_flex) by extension 'ros'
[0.403s] Level 1:colcon.colcon_core.package_identification:_identify(colcon_ws/src/move_base_flex) by extensions ['cmake', 'python']
[0.403s] Level 1:colcon.colcon_core.package_identification:_identify(colcon_ws/src/move_base_flex) by extension 'cmake'
[0.403s] Level 1:colcon.colcon_core.package_identification:_identify(colcon_ws/src/move_base_flex) by extension 'python'
[0.403s] Level 1:colcon.colcon_core.package_identification:_identify(colcon_ws/src/move_base_flex) by extensions ['python_setup_py']
[0.403s] Level 1:colcon.colcon_core.package_identification:_identify(colcon_ws/src/move_base_flex) by extension 'python_setup_py'
[0.404s] Level 1:colcon.colcon_core.package_identification:_identify(colcon_ws/src/move_base_flex/doc) by extensions ['ignore', 'ignore_ament_install']
[0.404s] Level 1:colcon.colcon_core.package_identification:_identify(colcon_ws/src/move_base_flex/doc) by extension 'ignore'
[0.404s] Level 1:colcon.colcon_core.package_identification:_identify(colcon_ws/src/move_base_flex/doc) by extension 'ignore_ament_install'
[0.404s] Level 1:colcon.colcon_core.package_identification:_identify(colcon_ws/src/move_base_flex/doc) by extensions ['colcon_pkg']
[0.404s] Level 1:colcon.colcon_core.package_identification:_identify(colcon_ws/src/move_base_flex/doc) by extension 'colcon_pkg'
[0.404s] Level 1:colcon.colcon_core.package_identification:_identify(colcon_ws/src/move_base_flex/doc) by extensions ['colcon_meta']
[0.404s] Level 1:colcon.colcon_core.package_identification:_identify(colcon_ws/src/move_base_flex/doc) by extension 'colcon_meta'
[0.404s] Level 1:colcon.colcon_core.package_identification:_identify(colcon_ws/src/move_base_flex/doc) by extensions ['ros']
[0.404s] Level 1:colcon.colcon_core.package_identification:_identify(colcon_ws/src/move_base_flex/doc) by extension 'ros'
[0.404s] Level 1:colcon.colcon_core.package_identification:_identify(colcon_ws/src/move_base_flex/doc) by extensions ['cmake', 'python']
[0.404s] Level 1:colcon.colcon_core.package_identification:_identify(colcon_ws/src/move_base_flex/doc) by extension 'cmake'
[0.404s] Level 1:colcon.colcon_core.package_identification:_identify(colcon_ws/src/move_base_flex/doc) by extension 'python'
[0.404s] Level 1:colcon.colcon_core.package_identification:_identify(colcon_ws/src/move_base_flex/doc) by extensions ['python_setup_py']
[0.404s] Level 1:colcon.colcon_core.package_identification:_identify(colcon_ws/src/move_base_flex/doc) by extension 'python_setup_py'
[0.404s] Level 1:colcon.colcon_core.package_identification:_identify(colcon_ws/src/move_base_flex/doc/images) by extensions ['ignore', 'ignore_ament_install']
[0.404s] Level 1:colcon.colcon_core.package_identification:_identify(colcon_ws/src/move_base_flex/doc/images) by extension 'ignore'
[0.404s] Level 1:colcon.colcon_core.package_identification:_identify(colcon_ws/src/move_base_flex/doc/images) by extension 'ignore_ament_install'
[0.404s] Level 1:colcon.colcon_core.package_identification:_identify(colcon_ws/src/move_base_flex/doc/images) by extensions ['colcon_pkg']
[0.404s] Level 1:colcon.colcon_core.package_identification:_identify(colcon_ws/src/move_base_flex/doc/images) by extension 'colcon_pkg'
[0.404s] Level 1:colcon.colcon_core.package_identification:_identify(colcon_ws/src/move_base_flex/doc/images) by extensions ['colcon_meta']
[0.404s] Level 1:colcon.colcon_core.package_identification:_identify(colcon_ws/src/move_base_flex/doc/images) by extension 'colcon_meta'
[0.405s] Level 1:colcon.colcon_core.package_identification:_identify(colcon_ws/src/move_base_flex/doc/images) by extensions ['ros']
[0.405s] Level 1:colcon.colcon_core.package_identification:_identify(colcon_ws/src/move_base_flex/doc/images) by extension 'ros'
[0.405s] Level 1:colcon.colcon_core.package_identification:_identify(colcon_ws/src/move_base_flex/doc/images) by extensions ['cmake', 'python']
[0.405s] Level 1:colcon.colcon_core.package_identification:_identify(colcon_ws/src/move_base_flex/doc/images) by extension 'cmake'
[0.405s] Level 1:colcon.colcon_core.package_identification:_identify(colcon_ws/src/move_base_flex/doc/images) by extension 'python'
[0.405s] Level 1:colcon.colcon_core.package_identification:_identify(colcon_ws/src/move_base_flex/doc/images) by extensions ['python_setup_py']
[0.405s] Level 1:colcon.colcon_core.package_identification:_identify(colcon_ws/src/move_base_flex/doc/images) by extension 'python_setup_py'
[0.405s] Level 1:colcon.colcon_core.package_identification:_identify(colcon_ws/src/move_base_flex/doc/images/logos) by extensions ['ignore', 'ignore_ament_install']
[0.405s] Level 1:colcon.colcon_core.package_identification:_identify(colcon_ws/src/move_base_flex/doc/images/logos) by extension 'ignore'
[0.405s] Level 1:colcon.colcon_core.package_identification:_identify(colcon_ws/src/move_base_flex/doc/images/logos) by extension 'ignore_ament_install'
[0.405s] Level 1:colcon.colcon_core.package_identification:_identify(colcon_ws/src/move_base_flex/doc/images/logos) by extensions ['colcon_pkg']
[0.405s] Level 1:colcon.colcon_core.package_identification:_identify(colcon_ws/src/move_base_flex/doc/images/logos) by extension 'colcon_pkg'
[0.405s] Level 1:colcon.colcon_core.package_identification:_identify(colcon_ws/src/move_base_flex/doc/images/logos) by extensions ['colcon_meta']
[0.405s] Level 1:colcon.colcon_core.package_identification:_identify(colcon_ws/src/move_base_flex/doc/images/logos) by extension 'colcon_meta'
[0.405s] Level 1:colcon.colcon_core.package_identification:_identify(colcon_ws/src/move_base_flex/doc/images/logos) by extensions ['ros']
[0.405s] Level 1:colcon.colcon_core.package_identification:_identify(colcon_ws/src/move_base_flex/doc/images/logos) by extension 'ros'
[0.405s] Level 1:colcon.colcon_core.package_identification:_identify(colcon_ws/src/move_base_flex/doc/images/logos) by extensions ['cmake', 'python']
[0.405s] Level 1:colcon.colcon_core.package_identification:_identify(colcon_ws/src/move_base_flex/doc/images/logos) by extension 'cmake'
[0.405s] Level 1:colcon.colcon_core.package_identification:_identify(colcon_ws/src/move_base_flex/doc/images/logos) by extension 'python'
[0.405s] Level 1:colcon.colcon_core.package_identification:_identify(colcon_ws/src/move_base_flex/doc/images/logos) by extensions ['python_setup_py']
[0.405s] Level 1:colcon.colcon_core.package_identification:_identify(colcon_ws/src/move_base_flex/doc/images/logos) by extension 'python_setup_py'
[0.406s] Level 1:colcon.colcon_core.package_identification:_identify(colcon_ws/src/move_base_flex/mbf_abstract_core) by extensions ['ignore', 'ignore_ament_install']
[0.406s] Level 1:colcon.colcon_core.package_identification:_identify(colcon_ws/src/move_base_flex/mbf_abstract_core) by extension 'ignore'
[0.406s] Level 1:colcon.colcon_core.package_identification:_identify(colcon_ws/src/move_base_flex/mbf_abstract_core) by extension 'ignore_ament_install'
[0.406s] Level 1:colcon.colcon_core.package_identification:_identify(colcon_ws/src/move_base_flex/mbf_abstract_core) by extensions ['colcon_pkg']
[0.406s] Level 1:colcon.colcon_core.package_identification:_identify(colcon_ws/src/move_base_flex/mbf_abstract_core) by extension 'colcon_pkg'
[0.406s] Level 1:colcon.colcon_core.package_identification:_identify(colcon_ws/src/move_base_flex/mbf_abstract_core) by extensions ['colcon_meta']
[0.406s] Level 1:colcon.colcon_core.package_identification:_identify(colcon_ws/src/move_base_flex/mbf_abstract_core) by extension 'colcon_meta'
[0.406s] Level 1:colcon.colcon_core.package_identification:_identify(colcon_ws/src/move_base_flex/mbf_abstract_core) by extensions ['ros']
[0.406s] Level 1:colcon.colcon_core.package_identification:_identify(colcon_ws/src/move_base_flex/mbf_abstract_core) by extension 'ros'
[0.406s] DEBUG:colcon.colcon_core.package_identification:Package 'colcon_ws/src/move_base_flex/mbf_abstract_core' with type 'ros.ament_cmake' and name 'mbf_abstract_core'
[0.407s] Level 1:colcon.colcon_core.package_identification:_identify(colcon_ws/src/move_base_flex/mbf_abstract_nav) by extensions ['ignore', 'ignore_ament_install']
[0.407s] Level 1:colcon.colcon_core.package_identification:_identify(colcon_ws/src/move_base_flex/mbf_abstract_nav) by extension 'ignore'
[0.407s] Level 1:colcon.colcon_core.package_identification:_identify(colcon_ws/src/move_base_flex/mbf_abstract_nav) by extension 'ignore_ament_install'
[0.407s] Level 1:colcon.colcon_core.package_identification:_identify(colcon_ws/src/move_base_flex/mbf_abstract_nav) by extensions ['colcon_pkg']
[0.407s] Level 1:colcon.colcon_core.package_identification:_identify(colcon_ws/src/move_base_flex/mbf_abstract_nav) by extension 'colcon_pkg'
[0.407s] Level 1:colcon.colcon_core.package_identification:_identify(colcon_ws/src/move_base_flex/mbf_abstract_nav) by extensions ['colcon_meta']
[0.407s] Level 1:colcon.colcon_core.package_identification:_identify(colcon_ws/src/move_base_flex/mbf_abstract_nav) by extension 'colcon_meta'
[0.407s] Level 1:colcon.colcon_core.package_identification:_identify(colcon_ws/src/move_base_flex/mbf_abstract_nav) by extensions ['ros']
[0.407s] Level 1:colcon.colcon_core.package_identification:_identify(colcon_ws/src/move_base_flex/mbf_abstract_nav) by extension 'ros'
[0.408s] DEBUG:colcon.colcon_core.package_identification:Package 'colcon_ws/src/move_base_flex/mbf_abstract_nav' with type 'ros.ament_cmake' and name 'mbf_abstract_nav'
[0.408s] Level 1:colcon.colcon_core.package_identification:_identify(colcon_ws/src/move_base_flex/mbf_msgs) by extensions ['ignore', 'ignore_ament_install']
[0.408s] Level 1:colcon.colcon_core.package_identification:_identify(colcon_ws/src/move_base_flex/mbf_msgs) by extension 'ignore'
[0.408s] Level 1:colcon.colcon_core.package_identification:_identify(colcon_ws/src/move_base_flex/mbf_msgs) by extension 'ignore_ament_install'
[0.408s] Level 1:colcon.colcon_core.package_identification:_identify(colcon_ws/src/move_base_flex/mbf_msgs) by extensions ['colcon_pkg']
[0.408s] Level 1:colcon.colcon_core.package_identification:_identify(colcon_ws/src/move_base_flex/mbf_msgs) by extension 'colcon_pkg'
[0.408s] Level 1:colcon.colcon_core.package_identification:_identify(colcon_ws/src/move_base_flex/mbf_msgs) by extensions ['colcon_meta']
[0.408s] Level 1:colcon.colcon_core.package_identification:_identify(colcon_ws/src/move_base_flex/mbf_msgs) by extension 'colcon_meta'
[0.408s] Level 1:colcon.colcon_core.package_identification:_identify(colcon_ws/src/move_base_flex/mbf_msgs) by extensions ['ros']
[0.408s] Level 1:colcon.colcon_core.package_identification:_identify(colcon_ws/src/move_base_flex/mbf_msgs) by extension 'ros'
[0.409s] DEBUG:colcon.colcon_core.package_identification:Package 'colcon_ws/src/move_base_flex/mbf_msgs' with type 'ros.ament_cmake' and name 'mbf_msgs'
[0.409s] Level 1:colcon.colcon_core.package_identification:_identify(colcon_ws/src/move_base_flex/mbf_simple_core) by extensions ['ignore', 'ignore_ament_install']
[0.409s] Level 1:colcon.colcon_core.package_identification:_identify(colcon_ws/src/move_base_flex/mbf_simple_core) by extension 'ignore'
[0.409s] Level 1:colcon.colcon_core.package_identification:_identify(colcon_ws/src/move_base_flex/mbf_simple_core) by extension 'ignore_ament_install'
[0.409s] Level 1:colcon.colcon_core.package_identification:_identify(colcon_ws/src/move_base_flex/mbf_simple_core) by extensions ['colcon_pkg']
[0.409s] Level 1:colcon.colcon_core.package_identification:_identify(colcon_ws/src/move_base_flex/mbf_simple_core) by extension 'colcon_pkg'
[0.409s] Level 1:colcon.colcon_core.package_identification:_identify(colcon_ws/src/move_base_flex/mbf_simple_core) by extensions ['colcon_meta']
[0.409s] Level 1:colcon.colcon_core.package_identification:_identify(colcon_ws/src/move_base_flex/mbf_simple_core) by extension 'colcon_meta'
[0.409s] Level 1:colcon.colcon_core.package_identification:_identify(colcon_ws/src/move_base_flex/mbf_simple_core) by extensions ['ros']
[0.409s] Level 1:colcon.colcon_core.package_identification:_identify(colcon_ws/src/move_base_flex/mbf_simple_core) by extension 'ros'
[0.410s] DEBUG:colcon.colcon_core.package_identification:Package 'colcon_ws/src/move_base_flex/mbf_simple_core' with type 'ros.ament_cmake' and name 'mbf_simple_core'
[0.410s] Level 1:colcon.colcon_core.package_identification:_identify(colcon_ws/src/move_base_flex/mbf_simple_nav) by extensions ['ignore', 'ignore_ament_install']
[0.410s] Level 1:colcon.colcon_core.package_identification:_identify(colcon_ws/src/move_base_flex/mbf_simple_nav) by extension 'ignore'
[0.410s] Level 1:colcon.colcon_core.package_identification:_identify(colcon_ws/src/move_base_flex/mbf_simple_nav) by extension 'ignore_ament_install'
[0.410s] Level 1:colcon.colcon_core.package_identification:_identify(colcon_ws/src/move_base_flex/mbf_simple_nav) by extensions ['colcon_pkg']
[0.411s] Level 1:colcon.colcon_core.package_identification:_identify(colcon_ws/src/move_base_flex/mbf_simple_nav) by extension 'colcon_pkg'
[0.411s] Level 1:colcon.colcon_core.package_identification:_identify(colcon_ws/src/move_base_flex/mbf_simple_nav) by extensions ['colcon_meta']
[0.411s] Level 1:colcon.colcon_core.package_identification:_identify(colcon_ws/src/move_base_flex/mbf_simple_nav) by extension 'colcon_meta'
[0.411s] Level 1:colcon.colcon_core.package_identification:_identify(colcon_ws/src/move_base_flex/mbf_simple_nav) by extensions ['ros']
[0.411s] Level 1:colcon.colcon_core.package_identification:_identify(colcon_ws/src/move_base_flex/mbf_simple_nav) by extension 'ros'
[0.412s] DEBUG:colcon.colcon_core.package_identification:Package 'colcon_ws/src/move_base_flex/mbf_simple_nav' with type 'ros.ament_cmake' and name 'mbf_simple_nav'
[0.412s] Level 1:colcon.colcon_core.package_identification:_identify(colcon_ws/src/move_base_flex/mbf_test_utility) by extensions ['ignore', 'ignore_ament_install']
[0.412s] Level 1:colcon.colcon_core.package_identification:_identify(colcon_ws/src/move_base_flex/mbf_test_utility) by extension 'ignore'
[0.412s] Level 1:colcon.colcon_core.package_identification:_identify(colcon_ws/src/move_base_flex/mbf_test_utility) by extension 'ignore_ament_install'
[0.412s] Level 1:colcon.colcon_core.package_identification:_identify(colcon_ws/src/move_base_flex/mbf_test_utility) by extensions ['colcon_pkg']
[0.412s] Level 1:colcon.colcon_core.package_identification:_identify(colcon_ws/src/move_base_flex/mbf_test_utility) by extension 'colcon_pkg'
[0.412s] Level 1:colcon.colcon_core.package_identification:_identify(colcon_ws/src/move_base_flex/mbf_test_utility) by extensions ['colcon_meta']
[0.412s] Level 1:colcon.colcon_core.package_identification:_identify(colcon_ws/src/move_base_flex/mbf_test_utility) by extension 'colcon_meta'
[0.412s] Level 1:colcon.colcon_core.package_identification:_identify(colcon_ws/src/move_base_flex/mbf_test_utility) by extensions ['ros']
[0.412s] Level 1:colcon.colcon_core.package_identification:_identify(colcon_ws/src/move_base_flex/mbf_test_utility) by extension 'ros'
[0.413s] DEBUG:colcon.colcon_core.package_identification:Package 'colcon_ws/src/move_base_flex/mbf_test_utility' with type 'ros.ament_cmake' and name 'mbf_test_utility'
[0.413s] Level 1:colcon.colcon_core.package_identification:_identify(colcon_ws/src/move_base_flex/mbf_utility) by extensions ['ignore', 'ignore_ament_install']
[0.413s] Level 1:colcon.colcon_core.package_identification:_identify(colcon_ws/src/move_base_flex/mbf_utility) by extension 'ignore'
[0.413s] Level 1:colcon.colcon_core.package_identification:_identify(colcon_ws/src/move_base_flex/mbf_utility) by extension 'ignore_ament_install'
[0.414s] Level 1:colcon.colcon_core.package_identification:_identify(colcon_ws/src/move_base_flex/mbf_utility) by extensions ['colcon_pkg']
[0.414s] Level 1:colcon.colcon_core.package_identification:_identify(colcon_ws/src/move_base_flex/mbf_utility) by extension 'colcon_pkg'
[0.414s] Level 1:colcon.colcon_core.package_identification:_identify(colcon_ws/src/move_base_flex/mbf_utility) by extensions ['colcon_meta']
[0.414s] Level 1:colcon.colcon_core.package_identification:_identify(colcon_ws/src/move_base_flex/mbf_utility) by extension 'colcon_meta'
[0.414s] Level 1:colcon.colcon_core.package_identification:_identify(colcon_ws/src/move_base_flex/mbf_utility) by extensions ['ros']
[0.414s] Level 1:colcon.colcon_core.package_identification:_identify(colcon_ws/src/move_base_flex/mbf_utility) by extension 'ros'
[0.415s] DEBUG:colcon.colcon_core.package_identification:Package 'colcon_ws/src/move_base_flex/mbf_utility' with type 'ros.ament_cmake' and name 'mbf_utility'
[0.415s] Level 1:colcon.colcon_core.package_identification:_identify(colcon_ws/src/move_base_flex/move_base_flex) by extensions ['ignore', 'ignore_ament_install']
[0.415s] Level 1:colcon.colcon_core.package_identification:_identify(colcon_ws/src/move_base_flex/move_base_flex) by extension 'ignore'
[0.415s] Level 1:colcon.colcon_core.package_identification:_identify(colcon_ws/src/move_base_flex/move_base_flex) by extension 'ignore_ament_install'
[0.415s] Level 1:colcon.colcon_core.package_identification:_identify(colcon_ws/src/move_base_flex/move_base_flex) by extensions ['colcon_pkg']
[0.415s] Level 1:colcon.colcon_core.package_identification:_identify(colcon_ws/src/move_base_flex/move_base_flex) by extension 'colcon_pkg'
[0.415s] Level 1:colcon.colcon_core.package_identification:_identify(colcon_ws/src/move_base_flex/move_base_flex) by extensions ['colcon_meta']
[0.415s] Level 1:colcon.colcon_core.package_identification:_identify(colcon_ws/src/move_base_flex/move_base_flex) by extension 'colcon_meta'
[0.415s] Level 1:colcon.colcon_core.package_identification:_identify(colcon_ws/src/move_base_flex/move_base_flex) by extensions ['ros']
[0.415s] Level 1:colcon.colcon_core.package_identification:_identify(colcon_ws/src/move_base_flex/move_base_flex) by extension 'ros'
[0.416s] DEBUG:colcon.colcon_core.package_identification:Package 'colcon_ws/src/move_base_flex/move_base_flex' with type 'ros.ament_cmake' and name 'move_base_flex'
[0.416s] Level 1:colcon.colcon_core.package_identification:_identify(colcon_ws/src/move_base_flex/rviz_mbf_plugins) by extensions ['ignore', 'ignore_ament_install']
[0.416s] Level 1:colcon.colcon_core.package_identification:_identify(colcon_ws/src/move_base_flex/rviz_mbf_plugins) by extension 'ignore'
[0.416s] Level 1:colcon.colcon_core.package_identification:_identify(colcon_ws/src/move_base_flex/rviz_mbf_plugins) by extension 'ignore_ament_install'
[0.416s] Level 1:colcon.colcon_core.package_identification:_identify(colcon_ws/src/move_base_flex/rviz_mbf_plugins) by extensions ['colcon_pkg']
[0.416s] Level 1:colcon.colcon_core.package_identification:_identify(colcon_ws/src/move_base_flex/rviz_mbf_plugins) by extension 'colcon_pkg'
[0.416s] Level 1:colcon.colcon_core.package_identification:_identify(colcon_ws/src/move_base_flex/rviz_mbf_plugins) by extensions ['colcon_meta']
[0.416s] Level 1:colcon.colcon_core.package_identification:_identify(colcon_ws/src/move_base_flex/rviz_mbf_plugins) by extension 'colcon_meta'
[0.416s] Level 1:colcon.colcon_core.package_identification:_identify(colcon_ws/src/move_base_flex/rviz_mbf_plugins) by extensions ['ros']
[0.416s] Level 1:colcon.colcon_core.package_identification:_identify(colcon_ws/src/move_base_flex/rviz_mbf_plugins) by extension 'ros'
[0.417s] DEBUG:colcon.colcon_core.package_identification:Package 'colcon_ws/src/move_base_flex/rviz_mbf_plugins' with type 'ros.ament_cmake' and name 'rviz_mbf_plugins'
[0.417s] Level 1:colcon.colcon_core.package_identification:_identify(install) by extensions ['ignore', 'ignore_ament_install']
[0.417s] Level 1:colcon.colcon_core.package_identification:_identify(install) by extension 'ignore'
[0.417s] Level 1:colcon.colcon_core.package_identification:_identify(install) ignored
[0.417s] Level 1:colcon.colcon_core.package_identification:_identify(log) by extensions ['ignore', 'ignore_ament_install']
[0.417s] Level 1:colcon.colcon_core.package_identification:_identify(log) by extension 'ignore'
[0.417s] Level 1:colcon.colcon_core.package_identification:_identify(log) ignored
[0.418s] Level 1:colcon.colcon_core.package_discovery:discover_packages(recursive) using defaults
[0.418s] Level 1:colcon.colcon_core.package_discovery:discover_packages(ignore) discover
[0.418s] Level 1:colcon.colcon_core.package_discovery:discover_packages(ignore) using defaults
[0.418s] Level 1:colcon.colcon_core.package_discovery:discover_packages(path) discover
[0.418s] Level 1:colcon.colcon_core.package_discovery:discover_packages(path) using defaults
[0.454s] INFO:colcon.colcon_core.package_selection:Skipping not selected package 'mbf_abstract_core' in 'colcon_ws/src/move_base_flex/mbf_abstract_core'
[0.454s] INFO:colcon.colcon_core.package_selection:Skipping not selected package 'mbf_msgs' in 'colcon_ws/src/move_base_flex/mbf_msgs'
[0.454s] INFO:colcon.colcon_core.package_selection:Skipping not selected package 'mesh_msgs' in 'colcon_ws/src/mesh_tools/mesh_msgs'
[0.454s] INFO:colcon.colcon_core.package_selection:Skipping not selected package 'mesh_navigation_tutorials_sim' in 'colcon_ws/src/mesh_navigation_tutorials/mesh_navigation_tutorials_sim'
[0.454s] INFO:colcon.colcon_core.package_selection:Skipping not selected package 'label_manager' in 'colcon_ws/src/mesh_tools/label_manager'
[0.454s] INFO:colcon.colcon_core.package_selection:Skipping not selected package 'mbf_test_utility' in 'colcon_ws/src/move_base_flex/mbf_test_utility'
[0.454s] INFO:colcon.colcon_core.package_selection:Skipping not selected package 'mbf_utility' in 'colcon_ws/src/move_base_flex/mbf_utility'
[0.454s] INFO:colcon.colcon_core.package_selection:Skipping not selected package 'mesh_msgs_conversions' in 'colcon_ws/src/mesh_tools/mesh_msgs_conversions'
[0.454s] INFO:colcon.colcon_core.package_selection:Skipping not selected package 'mesh_msgs_transform' in 'colcon_ws/src/mesh_tools/mesh_msgs_transform'
[0.454s] INFO:colcon.colcon_core.package_selection:Skipping not selected package 'mesh_navigation_ceres_sim' in 'colcon_ws/src/mesh_navigation_tutorials/mesh_navigation_ceres_sim'
[0.454s] INFO:colcon.colcon_core.package_selection:Skipping not selected package 'mesh_navigation_pluto_sim' in 'colcon_ws/src/mesh_navigation_tutorials/mesh_navigation_pluto_sim'
[0.454s] INFO:colcon.colcon_core.package_selection:Skipping not selected package 'rviz_mbf_plugins' in 'colcon_ws/src/move_base_flex/rviz_mbf_plugins'
[0.454s] INFO:colcon.colcon_core.package_selection:Skipping not selected package 'rviz_mesh_tools_plugins' in 'colcon_ws/src/mesh_tools/rviz_mesh_tools_plugins'
[0.454s] INFO:colcon.colcon_core.package_selection:Skipping not selected package 'mbf_abstract_nav' in 'colcon_ws/src/move_base_flex/mbf_abstract_nav'
[0.454s] INFO:colcon.colcon_core.package_selection:Skipping not selected package 'mbf_simple_core' in 'colcon_ws/src/move_base_flex/mbf_simple_core'
[0.454s] INFO:colcon.colcon_core.package_selection:Skipping not selected package 'mesh_map' in 'colcon_ws/src/mesh_navigation/mesh_map'
[0.454s] INFO:colcon.colcon_core.package_selection:Skipping not selected package 'mesh_tools' in 'colcon_ws/src/mesh_tools/mesh_tools'
[0.454s] INFO:colcon.colcon_core.package_selection:Skipping not selected package 'mbf_mesh_core' in 'colcon_ws/src/mesh_navigation/mbf_mesh_core'
[0.454s] INFO:colcon.colcon_core.package_selection:Skipping not selected package 'mbf_simple_nav' in 'colcon_ws/src/move_base_flex/mbf_simple_nav'
[0.454s] INFO:colcon.colcon_core.package_selection:Skipping not selected package 'mesh_layers' in 'colcon_ws/src/mesh_navigation/mesh_layers'
[0.454s] INFO:colcon.colcon_core.package_selection:Skipping not selected package 'cvp_mesh_planner' in 'colcon_ws/src/mesh_navigation/cvp_mesh_planner'
[0.454s] INFO:colcon.colcon_core.package_selection:Skipping not selected package 'dijkstra_mesh_planner' in 'colcon_ws/src/mesh_navigation/dijkstra_mesh_planner'
[0.454s] INFO:colcon.colcon_core.package_selection:Skipping not selected package 'mbf_mesh_nav' in 'colcon_ws/src/mesh_navigation/mbf_mesh_nav'
[0.455s] INFO:colcon.colcon_core.package_selection:Skipping not selected package 'mesh_controller' in 'colcon_ws/src/mesh_navigation/mesh_controller'
[0.455s] INFO:colcon.colcon_core.package_selection:Skipping not selected package 'move_base_flex' in 'colcon_ws/src/move_base_flex/move_base_flex'
[0.455s] INFO:colcon.colcon_core.package_selection:Skipping not selected package 'mesh_navigation' in 'colcon_ws/src/mesh_navigation/mesh_navigation'
[0.455s] INFO:colcon.colcon_core.package_selection:Skipping not selected package 'mesh_navigation_tutorials' in 'colcon_ws/src/mesh_navigation_tutorials/mesh_navigation_tutorials'
[0.455s] INFO:colcon.colcon_core.package_selection:Skipping not selected package 'mesh_navigation_pluto' in 'colcon_ws/src/mesh_navigation_tutorials/mesh_navigation_pluto'
[0.455s] Level 5:colcon.colcon_core.verb:set package 'mesh_navigation_ceres' build argument 'cmake_args' from command line to 'None'
[0.455s] Level 5:colcon.colcon_core.verb:set package 'mesh_navigation_ceres' build argument 'cmake_target' from command line to 'None'
[0.455s] Level 5:colcon.colcon_core.verb:set package 'mesh_navigation_ceres' build argument 'cmake_target_skip_unavailable' from command line to 'False'
[0.455s] Level 5:colcon.colcon_core.verb:set package 'mesh_navigation_ceres' build argument 'cmake_clean_cache' from command line to 'False'
[0.455s] Level 5:colcon.colcon_core.verb:set package 'mesh_navigation_ceres' build argument 'cmake_clean_first' from command line to 'False'
[0.455s] Level 5:colcon.colcon_core.verb:set package 'mesh_navigation_ceres' build argument 'cmake_force_configure' from command line to 'False'
[0.455s] Level 5:colcon.colcon_core.verb:set package 'mesh_navigation_ceres' build argument 'ament_cmake_args' from command line to 'None'
[0.455s] Level 5:colcon.colcon_core.verb:set package 'mesh_navigation_ceres' build argument 'catkin_cmake_args' from command line to 'None'
[0.455s] Level 5:colcon.colcon_core.verb:set package 'mesh_navigation_ceres' build argument 'catkin_skip_building_tests' from command line to 'False'
[0.455s] DEBUG:colcon.colcon_core.verb:Building package 'mesh_navigation_ceres' with the following arguments: {'ament_cmake_args': None, 'build_base': '/root/Shared/MIAPR_Projekt/build/mesh_navigation_ceres', 'catkin_cmake_args': None, 'catkin_skip_building_tests': False, 'cmake_args': None, 'cmake_clean_cache': False, 'cmake_clean_first': False, 'cmake_force_configure': False, 'cmake_target': None, 'cmake_target_skip_unavailable': False, 'install_base': '/root/Shared/MIAPR_Projekt/install/mesh_navigation_ceres', 'merge_install': False, 'path': '/root/Shared/MIAPR_Projekt/colcon_ws/src/mesh_navigation_tutorials/mesh_navigation_ceres', 'symlink_install': False, 'test_result_base': None}
[0.455s] INFO:colcon.colcon_core.executor:Executing jobs using 'parallel' executor
[0.456s] DEBUG:colcon.colcon_parallel_executor.executor.parallel:run_until_complete
[0.457s] INFO:colcon.colcon_ros.task.ament_cmake.build:Building ROS package in '/root/Shared/MIAPR_Projekt/colcon_ws/src/mesh_navigation_tutorials/mesh_navigation_ceres' with build type 'ament_cmake'
[0.457s] INFO:colcon.colcon_cmake.task.cmake.build:Building CMake package in '/root/Shared/MIAPR_Projekt/colcon_ws/src/mesh_navigation_tutorials/mesh_navigation_ceres'
[0.462s] INFO:colcon.colcon_core.plugin_system:Skipping extension 'colcon_core.shell.bat': Not used on non-Windows systems
[0.462s] INFO:colcon.colcon_core.shell:Skip shell extension 'powershell' for command environment: Not usable outside of PowerShell
[0.462s] DEBUG:colcon.colcon_core.shell:Skip shell extension 'dsv' for command environment
[0.468s] ERROR:colcon.colcon_cmake.task.cmake.build:Failed to find the following files:
- /root/Shared/MIAPR_Projekt/install/mbf_abstract_core/share/mbf_abstract_core/package.sh
- /root/Shared/MIAPR_Projekt/install/mbf_msgs/share/mbf_msgs/package.sh
- /root/Shared/MIAPR_Projekt/install/mesh_msgs/share/mesh_msgs/package.sh
- /root/Shared/MIAPR_Projekt/install/mesh_navigation_tutorials_sim/share/mesh_navigation_tutorials_sim/package.sh
- /root/Shared/MIAPR_Projekt/install/mbf_utility/share/mbf_utility/package.sh
- /root/Shared/MIAPR_Projekt/install/mesh_msgs_conversions/share/mesh_msgs_conversions/package.sh
- /root/Shared/MIAPR_Projekt/install/rviz_mbf_plugins/share/rviz_mbf_plugins/package.sh
- /root/Shared/MIAPR_Projekt/install/rviz_mesh_tools_plugins/share/rviz_mesh_tools_plugins/package.sh
- /root/Shared/MIAPR_Projekt/install/mbf_abstract_nav/share/mbf_abstract_nav/package.sh
- /root/Shared/MIAPR_Projekt/install/mbf_simple_core/share/mbf_simple_core/package.sh
- /root/Shared/MIAPR_Projekt/install/mesh_map/share/mesh_map/package.sh
- /root/Shared/MIAPR_Projekt/install/mbf_mesh_core/share/mbf_mesh_core/package.sh
- /root/Shared/MIAPR_Projekt/install/mesh_layers/share/mesh_layers/package.sh
- /root/Shared/MIAPR_Projekt/install/cvp_mesh_planner/share/cvp_mesh_planner/package.sh
- /root/Shared/MIAPR_Projekt/install/mbf_mesh_nav/share/mbf_mesh_nav/package.sh
- /root/Shared/MIAPR_Projekt/install/mesh_controller/share/mesh_controller/package.sh
- /root/Shared/MIAPR_Projekt/install/mesh_navigation_tutorials/share/mesh_navigation_tutorials/package.sh
Check that the following packages have been built:
- mbf_abstract_core
- mbf_msgs
- mesh_msgs
- mesh_navigation_tutorials_sim
- mbf_utility
- mesh_msgs_conversions
- rviz_mbf_plugins
- rviz_mesh_tools_plugins
- mbf_abstract_nav
- mbf_simple_core
- mesh_map
- mbf_mesh_core
- mesh_layers
- cvp_mesh_planner
- mbf_mesh_nav
- mesh_controller
- mesh_navigation_tutorials
[0.468s] Level 1:colcon.colcon_core.environment:create_environment_scripts_only(mesh_navigation_ceres)
[0.474s] Level 1:colcon.colcon_core.environment:checking '/root/Shared/MIAPR_Projekt/install/mesh_navigation_ceres' for CMake module files
[0.474s] Level 1:colcon.colcon_core.environment:checking '/root/Shared/MIAPR_Projekt/install/mesh_navigation_ceres' for CMake config files
[0.474s] Level 1:colcon.colcon_core.environment:checking '/root/Shared/MIAPR_Projekt/install/mesh_navigation_ceres/bin'
[0.475s] Level 1:colcon.colcon_core.environment:checking '/root/Shared/MIAPR_Projekt/install/mesh_navigation_ceres/lib/pkgconfig/mesh_navigation_ceres.pc'
[0.476s] Level 1:colcon.colcon_core.environment:checking '/root/Shared/MIAPR_Projekt/install/mesh_navigation_ceres/lib/python3.12/site-packages'
[0.476s] Level 1:colcon.colcon_core.environment:checking '/root/Shared/MIAPR_Projekt/install/mesh_navigation_ceres/bin'
[0.476s] INFO:colcon.colcon_core.shell:Creating package script '/root/Shared/MIAPR_Projekt/install/mesh_navigation_ceres/share/mesh_navigation_ceres/package.ps1'
[0.478s] INFO:colcon.colcon_core.shell:Creating package descriptor '/root/Shared/MIAPR_Projekt/install/mesh_navigation_ceres/share/mesh_navigation_ceres/package.dsv'
[0.478s] INFO:colcon.colcon_core.shell:Creating package script '/root/Shared/MIAPR_Projekt/install/mesh_navigation_ceres/share/mesh_navigation_ceres/package.sh'
[0.479s] INFO:colcon.colcon_core.shell:Creating package script '/root/Shared/MIAPR_Projekt/install/mesh_navigation_ceres/share/mesh_navigation_ceres/package.bash'
[0.480s] INFO:colcon.colcon_core.shell:Creating package script '/root/Shared/MIAPR_Projekt/install/mesh_navigation_ceres/share/mesh_navigation_ceres/package.zsh'
[0.480s] Level 1:colcon.colcon_core.environment:create_file_with_runtime_dependencies(/root/Shared/MIAPR_Projekt/install/mesh_navigation_ceres/share/colcon-core/packages/mesh_navigation_ceres)
[0.491s] DEBUG:colcon.colcon_parallel_executor.executor.parallel:closing loop
[0.491s] DEBUG:colcon.colcon_parallel_executor.executor.parallel:loop closed
[0.491s] DEBUG:colcon.colcon_parallel_executor.executor.parallel:run_until_complete finished with '1'
[0.491s] DEBUG:colcon.colcon_core.event_reactor:joining thread
[0.504s] INFO:colcon.colcon_core.plugin_system:Skipping extension 'colcon_notification.desktop_notification.notify_send': Could not find 'notify-send'
[0.504s] INFO:colcon.colcon_core.plugin_system:Skipping extension 'colcon_notification.desktop_notification.terminal_notifier': Not used on non-Darwin systems
[0.504s] INFO:colcon.colcon_core.plugin_system:Skipping extension 'colcon_notification.desktop_notification.win32': Not used on non-Windows systems
[0.504s] INFO:colcon.colcon_notification.desktop_notification:Sending desktop notification using 'notify2'
[0.514s] DEBUG:colcon.colcon_notification.desktop_notification.notify2:Failed to initialize notify2: org.freedesktop.DBus.Error.Spawn.ExecFailed: /usr/bin/dbus-launch terminated abnormally without any error message
[0.515s] DEBUG:colcon.colcon_core.event_reactor:joined thread
[0.515s] INFO:colcon.colcon_core.shell:Creating prefix script '/root/Shared/MIAPR_Projekt/install/local_setup.ps1'
[0.517s] INFO:colcon.colcon_core.shell:Creating prefix util module '/root/Shared/MIAPR_Projekt/install/_local_setup_util_ps1.py'
[0.518s] INFO:colcon.colcon_core.shell:Creating prefix chain script '/root/Shared/MIAPR_Projekt/install/setup.ps1'
[0.519s] INFO:colcon.colcon_core.shell:Creating prefix script '/root/Shared/MIAPR_Projekt/install/local_setup.sh'
[0.520s] INFO:colcon.colcon_core.shell:Creating prefix util module '/root/Shared/MIAPR_Projekt/install/_local_setup_util_sh.py'
[0.520s] INFO:colcon.colcon_core.shell:Creating prefix chain script '/root/Shared/MIAPR_Projekt/install/setup.sh'
[0.521s] INFO:colcon.colcon_core.shell:Creating prefix script '/root/Shared/MIAPR_Projekt/install/local_setup.bash'
[0.522s] INFO:colcon.colcon_core.shell:Creating prefix chain script '/root/Shared/MIAPR_Projekt/install/setup.bash'
[0.523s] INFO:colcon.colcon_core.shell:Creating prefix script '/root/Shared/MIAPR_Projekt/install/local_setup.zsh'
[0.523s] INFO:colcon.colcon_core.shell:Creating prefix chain script '/root/Shared/MIAPR_Projekt/install/setup.zsh'
