-- The C compiler identification is GNU 13.3.0
-- The CXX compiler identification is GNU 13.3.0
-- Detecting C compiler ABI info
-- Detecting C compiler ABI info - done
-- Check for working C compiler: /usr/bin/cc - skipped
-- Detecting C compile features
-- Detecting C compile features - done
-- Detecting CXX compiler ABI info
-- Detecting CXX compiler ABI info - done
-- Check for working CXX compiler: /usr/bin/c++ - skipped
-- Detecting CXX compile features
-- Detecting CXX compile features - done
-- Found ament_cmake_ros: 0.12.0 (/opt/ros/jazzy/share/ament_cmake_ros/cmake)
-- Found Python3: /usr/bin/python3 (found version "3.12.3") found components: Interpreter 
-- Override CMake install command with custom implementation using symlinks instead of copying resources
-- Found mbf_mesh_core: 3.0.1 (/root/Shared/MIAPR_Projekt/colcon_ws/install/mbf_mesh_core/share/mbf_mesh_core/cmake)
-- Found rosidl_generator_c: 4.6.7 (/opt/ros/jazzy/share/rosidl_generator_c/cmake)
-- Found rosidl_generator_cpp: 4.6.7 (/opt/ros/jazzy/share/rosidl_generator_cpp/cmake)
-- Using all available rosidl_typesupport_c: rosidl_typesupport_fastrtps_c;rosidl_typesupport_introspection_c
-- Using all available rosidl_typesupport_cpp: rosidl_typesupport_fastrtps_cpp;rosidl_typesupport_introspection_cpp
-- Found rmw_implementation_cmake: 7.3.3 (/opt/ros/jazzy/share/rmw_implementation_cmake/cmake)
-- Found rmw_fastrtps_cpp: 8.4.3 (/opt/ros/jazzy/share/rmw_fastrtps_cpp/cmake)
-- Found OpenSSL: /usr/lib/x86_64-linux-gnu/libcrypto.so (found version "3.0.13")  
-- Found FastRTPS: /opt/ros/jazzy/include (Required is at least version "2.13") 
-- Using RMW implementation 'rmw_fastrtps_cpp' as default
-- Found eigen3_cmake_module: 0.3.0 (/opt/ros/jazzy/share/eigen3_cmake_module/cmake)
-- Found Eigen3: TRUE (found version "3.4.0") 
-- Ensuring Eigen3 include directory is part of orocos-kdl CMake target
-- Found mbf_msgs: 1.0.5 (/opt/ros/jazzy/share/mbf_msgs/cmake)
-- Found mbf_utility: 1.0.5 (/opt/ros/jazzy/share/mbf_utility/cmake)
-- Found MPI_C: /usr/lib/x86_64-linux-gnu/openmpi/lib/libmpi.so (found version "3.1") 
-- Found MPI_CXX: /usr/lib/x86_64-linux-gnu/openmpi/lib/libmpi_cxx.so (found version "3.1") 
-- Found MPI: TRUE (found version "3.1")  
-- Found TIFF: /usr/lib/x86_64-linux-gnu/libtiff.so (found version "4.5.1")  
-- Found GDAL: /usr/lib/x86_64-linux-gnu/libgdal.so (found version "3.8.4") 
-- Found OpenCV: /usr (found version "4.6.0") 
-- Found FLANN: /usr/include/flann  
-- Try to find LZ4: find_path + find_library
-- Try to find LZ4: FindPackageHandleStandardArgs
-- Found LZ4: /usr/lib/x86_64-linux-gnu/liblz4.so  
-- Found GSL: /usr/include (found version "2.7.1") 
-- Found HDF5: /usr/lib/x86_64-linux-gnu/hdf5/serial/libhdf5.so;/usr/lib/x86_64-linux-gnu/libcrypto.so;/usr/lib/x86_64-linux-gnu/libcurl.so;/usr/lib/x86_64-linux-gnu/libpthread.a;/usr/lib/x86_64-linux-gnu/libsz.so;/usr/lib/x86_64-linux-gnu/libz.so;/usr/lib/x86_64-linux-gnu/libdl.a;/usr/lib/x86_64-linux-gnu/libm.so;/usr/lib/x86_64-linux-gnu/hdf5/serial/libhdf5_cpp.so;/usr/lib/x86_64-linux-gnu/hdf5/serial/libhdf5.so;/usr/lib/x86_64-linux-gnu/libcrypto.so;/usr/lib/x86_64-linux-gnu/libcurl.so;/usr/lib/x86_64-linux-gnu/libpthread.a;/usr/lib/x86_64-linux-gnu/libsz.so;/usr/lib/x86_64-linux-gnu/libz.so;/usr/lib/x86_64-linux-gnu/libdl.a;/usr/lib/x86_64-linux-gnu/libm.so (found version "1.10.10") found components: C CXX HL 
-- Found OpenGL: /usr/lib/x86_64-linux-gnu/libOpenGL.so  found components: OpenGL 
-- Found GLUT: /usr/lib/x86_64-linux-gnu/libglut.so  
-- Configuring done (4.9s)
-- Generating done (0.1s)
-- Build files have been written to: /root/Shared/MIAPR_Projekt/colcon_ws/build/cvp_mesh_planner
[ 50%] [32mBuilding CXX object CMakeFiles/cvp_mesh_planner.dir/src/cvp_mesh_planner.cpp.o[0m
[100%] [32m[1mLinking CXX shared library libcvp_mesh_planner.so[0m
[100%] Built target cvp_mesh_planner
-- Install configuration: "Release"
-- Execute custom install script
-- Symlinking: /root/Shared/MIAPR_Projekt/colcon_ws/install/cvp_mesh_planner/share/cvp_mesh_planner//cvp_mesh_planner.xml
-- Symlinking: /root/Shared/MIAPR_Projekt/colcon_ws/install/cvp_mesh_planner/include/include/cvp_mesh_planner/cvp_mesh_planner.h
-- Symlinking: /root/Shared/MIAPR_Projekt/colcon_ws/install/cvp_mesh_planner/share/cvp_mesh_planner/environment/library_path.sh
-- Symlinking: /root/Shared/MIAPR_Projekt/colcon_ws/install/cvp_mesh_planner/share/cvp_mesh_planner/environment/library_path.dsv
-- Symlinking: /root/Shared/MIAPR_Projekt/colcon_ws/install/cvp_mesh_planner/share/ament_index/resource_index/package_run_dependencies/cvp_mesh_planner
-- Symlinking: /root/Shared/MIAPR_Projekt/colcon_ws/install/cvp_mesh_planner/share/ament_index/resource_index/parent_prefix_path/cvp_mesh_planner
-- Symlinking: /root/Shared/MIAPR_Projekt/colcon_ws/install/cvp_mesh_planner/share/cvp_mesh_planner/environment/ament_prefix_path.sh
-- Symlinking: /root/Shared/MIAPR_Projekt/colcon_ws/install/cvp_mesh_planner/share/cvp_mesh_planner/environment/ament_prefix_path.dsv
-- Symlinking: /root/Shared/MIAPR_Projekt/colcon_ws/install/cvp_mesh_planner/share/cvp_mesh_planner/environment/path.sh
-- Symlinking: /root/Shared/MIAPR_Projekt/colcon_ws/install/cvp_mesh_planner/share/cvp_mesh_planner/environment/path.dsv
-- Symlinking: /root/Shared/MIAPR_Projekt/colcon_ws/install/cvp_mesh_planner/share/cvp_mesh_planner/local_setup.bash
-- Symlinking: /root/Shared/MIAPR_Projekt/colcon_ws/install/cvp_mesh_planner/share/cvp_mesh_planner/local_setup.sh
-- Symlinking: /root/Shared/MIAPR_Projekt/colcon_ws/install/cvp_mesh_planner/share/cvp_mesh_planner/local_setup.zsh
-- Symlinking: /root/Shared/MIAPR_Projekt/colcon_ws/install/cvp_mesh_planner/share/cvp_mesh_planner/local_setup.dsv
-- Symlinking: /root/Shared/MIAPR_Projekt/colcon_ws/install/cvp_mesh_planner/share/cvp_mesh_planner/package.dsv
-- Symlinking: /root/Shared/MIAPR_Projekt/colcon_ws/install/cvp_mesh_planner/share/ament_index/resource_index/packages/cvp_mesh_planner
-- Symlinking: /root/Shared/MIAPR_Projekt/colcon_ws/install/cvp_mesh_planner/share/ament_index/resource_index/mbf_mesh_core__pluginlib__plugin/cvp_mesh_planner
-- Symlinking: /root/Shared/MIAPR_Projekt/colcon_ws/install/cvp_mesh_planner/share/cvp_mesh_planner/cmake/ament_cmake_export_include_directories-extras.cmake
-- Symlinking: /root/Shared/MIAPR_Projekt/colcon_ws/install/cvp_mesh_planner/share/cvp_mesh_planner/cmake/ament_cmake_export_libraries-extras.cmake
-- Symlinking: /root/Shared/MIAPR_Projekt/colcon_ws/install/cvp_mesh_planner/share/cvp_mesh_planner/cmake/ament_cmake_export_targets-extras.cmake
-- Symlinking: /root/Shared/MIAPR_Projekt/colcon_ws/install/cvp_mesh_planner/share/cvp_mesh_planner/cmake/ament_cmake_export_dependencies-extras.cmake
-- Symlinking: /root/Shared/MIAPR_Projekt/colcon_ws/install/cvp_mesh_planner/share/cvp_mesh_planner/cmake/cvp_mesh_plannerConfig.cmake
-- Symlinking: /root/Shared/MIAPR_Projekt/colcon_ws/install/cvp_mesh_planner/share/cvp_mesh_planner/cmake/cvp_mesh_plannerConfig-version.cmake
-- Symlinking: /root/Shared/MIAPR_Projekt/colcon_ws/install/cvp_mesh_planner/share/cvp_mesh_planner/package.xml
-- Installing: /root/Shared/MIAPR_Projekt/colcon_ws/install/cvp_mesh_planner/lib/libcvp_mesh_planner.so
-- Set non-toolchain portion of runtime path of "/root/Shared/MIAPR_Projekt/colcon_ws/install/cvp_mesh_planner/lib/libcvp_mesh_planner.so" to ""
-- Installing: /root/Shared/MIAPR_Projekt/colcon_ws/install/cvp_mesh_planner/share/cvp_mesh_planner/cmake/export_cvp_mesh_plannerExport.cmake
-- Installing: /root/Shared/MIAPR_Projekt/colcon_ws/install/cvp_mesh_planner/share/cvp_mesh_planner/cmake/export_cvp_mesh_plannerExport-release.cmake
