[0.038s] Invoking command in '/root/Shared/MIAPR_Projekt/colcon_ws/build/cvp_mesh_planner': AMENT_PREFIX_PATH=/root/Shared/MIAPR_Projekt/colcon_ws/install/mbf_mesh_core:/root/Shared/MIAPR_Projekt/colcon_ws/install/mesh_map:/root/Shared/MIAPR_Projekt/colcon_ws/install/mesh_msgs_conversions:/root/Shared/MIAPR_Projekt/colcon_ws/install/mesh_msgs:${AMENT_PREFIX_PATH} CMAKE_PREFIX_PATH=/root/Shared/MIAPR_Projekt/colcon_ws/install/mbf_mesh_core:/root/Shared/MIAPR_Projekt/colcon_ws/install/mesh_map:/root/Shared/MIAPR_Projekt/colcon_ws/install/mesh_msgs_conversions:/root/Shared/MIAPR_Projekt/colcon_ws/install/mesh_msgs:/opt/ros/jazzy/opt/gz_math_vendor:/opt/ros/jazzy/opt/gz_utils_vendor:/opt/ros/jazzy/opt/gz_cmake_vendor:/opt/ros/jazzy LD_LIBRARY_PATH=/root/Shared/MIAPR_Projekt/colcon_ws/install/mesh_map/lib:/root/Shared/MIAPR_Projekt/colcon_ws/install/mesh_msgs_conversions/lib:/root/Shared/MIAPR_Projekt/colcon_ws/install/mesh_msgs/lib:${LD_LIBRARY_PATH} PYTHONPATH=/root/Shared/MIAPR_Projekt/colcon_ws/install/mesh_msgs/lib/python3.12/site-packages:${PYTHONPATH} /usr/bin/cmake /root/Shared/MIAPR_Projekt/colcon_ws/src/mesh_navigation/cvp_mesh_planner -DAMENT_CMAKE_SYMLINK_INSTALL=1 -DCMAKE_INSTALL_PREFIX=/root/Shared/MIAPR_Projekt/colcon_ws/install/cvp_mesh_planner
[0.181s] -- The C compiler identification is GNU 13.3.0
[0.252s] -- The CXX compiler identification is GNU 13.3.0
[0.285s] -- Detecting C compiler ABI info
[0.408s] -- Detecting C compiler ABI info - done
[0.416s] -- Check for working C compiler: /usr/bin/cc - skipped
[0.417s] -- Detecting C compile features
[0.418s] -- Detecting C compile features - done
[0.436s] -- Detecting CXX compiler ABI info
[0.565s] -- Detecting CXX compiler ABI info - done
[0.575s] -- Check for working CXX compiler: /usr/bin/c++ - skipped
[0.575s] -- Detecting CXX compile features
[0.575s] -- Detecting CXX compile features - done
[0.583s] -- Found ament_cmake_ros: 0.12.0 (/opt/ros/jazzy/share/ament_cmake_ros/cmake)
[0.798s] -- Found Python3: /usr/bin/python3 (found version "3.12.3") found components: Interpreter 
[0.911s] -- Override CMake install command with custom implementation using symlinks instead of copying resources
[0.977s] -- Found mbf_mesh_core: 3.0.1 (/root/Shared/MIAPR_Projekt/colcon_ws/install/mbf_mesh_core/share/mbf_mesh_core/cmake)
[1.051s] -- Found rosidl_generator_c: 4.6.7 (/opt/ros/jazzy/share/rosidl_generator_c/cmake)
[1.073s] -- Found rosidl_generator_cpp: 4.6.7 (/opt/ros/jazzy/share/rosidl_generator_cpp/cmake)
[1.101s] -- Using all available rosidl_typesupport_c: rosidl_typesupport_fastrtps_c;rosidl_typesupport_introspection_c
[1.128s] -- Using all available rosidl_typesupport_cpp: rosidl_typesupport_fastrtps_cpp;rosidl_typesupport_introspection_cpp
[1.300s] -- Found rmw_implementation_cmake: 7.3.3 (/opt/ros/jazzy/share/rmw_implementation_cmake/cmake)
[1.305s] -- Found rmw_fastrtps_cpp: 8.4.3 (/opt/ros/jazzy/share/rmw_fastrtps_cpp/cmake)
[1.463s] -- Found OpenSSL: /usr/lib/x86_64-linux-gnu/libcrypto.so (found version "3.0.13")  
[1.486s] -- Found FastRTPS: /opt/ros/jazzy/include (Required is at least version "2.13") 
[1.514s] -- Using RMW implementation 'rmw_fastrtps_cpp' as default
[1.764s] -- Found eigen3_cmake_module: 0.3.0 (/opt/ros/jazzy/share/eigen3_cmake_module/cmake)
[1.766s] -- Found Eigen3: TRUE (found version "3.4.0") 
[1.766s] -- Ensuring Eigen3 include directory is part of orocos-kdl CMake target
[1.999s] -- Found mbf_msgs: 1.0.5 (/opt/ros/jazzy/share/mbf_msgs/cmake)
[2.073s] -- Found mbf_utility: 1.0.5 (/opt/ros/jazzy/share/mbf_utility/cmake)
[2.322s] -- Found MPI_C: /usr/lib/x86_64-linux-gnu/openmpi/lib/libmpi.so (found version "3.1") 
[3.512s] -- Found MPI_CXX: /usr/lib/x86_64-linux-gnu/openmpi/lib/libmpi_cxx.so (found version "3.1") 
[3.512s] -- Found MPI: TRUE (found version "3.1")  
[3.536s] -- Found TIFF: /usr/lib/x86_64-linux-gnu/libtiff.so (found version "4.5.1")  
[3.547s] -- Found GDAL: /usr/lib/x86_64-linux-gnu/libgdal.so (found version "3.8.4") 
[3.560s] -- Found OpenCV: /usr (found version "4.6.0") 
[3.562s] -- Found FLANN: /usr/include/flann  
[3.562s] -- Try to find LZ4: find_path + find_library
[3.564s] -- Try to find LZ4: FindPackageHandleStandardArgs
[3.564s] -- Found LZ4: /usr/lib/x86_64-linux-gnu/liblz4.so  
[3.683s] -- Found GSL: /usr/include (found version "2.7.1") 
[4.703s] -- Found HDF5: /usr/lib/x86_64-linux-gnu/hdf5/serial/libhdf5.so;/usr/lib/x86_64-linux-gnu/libcrypto.so;/usr/lib/x86_64-linux-gnu/libcurl.so;/usr/lib/x86_64-linux-gnu/libpthread.a;/usr/lib/x86_64-linux-gnu/libsz.so;/usr/lib/x86_64-linux-gnu/libz.so;/usr/lib/x86_64-linux-gnu/libdl.a;/usr/lib/x86_64-linux-gnu/libm.so;/usr/lib/x86_64-linux-gnu/hdf5/serial/libhdf5_cpp.so;/usr/lib/x86_64-linux-gnu/hdf5/serial/libhdf5.so;/usr/lib/x86_64-linux-gnu/libcrypto.so;/usr/lib/x86_64-linux-gnu/libcurl.so;/usr/lib/x86_64-linux-gnu/libpthread.a;/usr/lib/x86_64-linux-gnu/libsz.so;/usr/lib/x86_64-linux-gnu/libz.so;/usr/lib/x86_64-linux-gnu/libdl.a;/usr/lib/x86_64-linux-gnu/libm.so (found version "1.10.10") found components: C CXX HL 
[4.714s] -- Found OpenGL: /usr/lib/x86_64-linux-gnu/libOpenGL.so  found components: OpenGL 
[4.829s] -- Found GLUT: /usr/lib/x86_64-linux-gnu/libglut.so  
[4.980s] -- Configuring done (4.9s)
[5.069s] -- Generating done (0.1s)
[5.075s] -- Build files have been written to: /root/Shared/MIAPR_Projekt/colcon_ws/build/cvp_mesh_planner
[5.090s] Invoked command in '/root/Shared/MIAPR_Projekt/colcon_ws/build/cvp_mesh_planner' returned '0': AMENT_PREFIX_PATH=/root/Shared/MIAPR_Projekt/colcon_ws/install/mbf_mesh_core:/root/Shared/MIAPR_Projekt/colcon_ws/install/mesh_map:/root/Shared/MIAPR_Projekt/colcon_ws/install/mesh_msgs_conversions:/root/Shared/MIAPR_Projekt/colcon_ws/install/mesh_msgs:${AMENT_PREFIX_PATH} CMAKE_PREFIX_PATH=/root/Shared/MIAPR_Projekt/colcon_ws/install/mbf_mesh_core:/root/Shared/MIAPR_Projekt/colcon_ws/install/mesh_map:/root/Shared/MIAPR_Projekt/colcon_ws/install/mesh_msgs_conversions:/root/Shared/MIAPR_Projekt/colcon_ws/install/mesh_msgs:/opt/ros/jazzy/opt/gz_math_vendor:/opt/ros/jazzy/opt/gz_utils_vendor:/opt/ros/jazzy/opt/gz_cmake_vendor:/opt/ros/jazzy LD_LIBRARY_PATH=/root/Shared/MIAPR_Projekt/colcon_ws/install/mesh_map/lib:/root/Shared/MIAPR_Projekt/colcon_ws/install/mesh_msgs_conversions/lib:/root/Shared/MIAPR_Projekt/colcon_ws/install/mesh_msgs/lib:${LD_LIBRARY_PATH} PYTHONPATH=/root/Shared/MIAPR_Projekt/colcon_ws/install/mesh_msgs/lib/python3.12/site-packages:${PYTHONPATH} /usr/bin/cmake /root/Shared/MIAPR_Projekt/colcon_ws/src/mesh_navigation/cvp_mesh_planner -DAMENT_CMAKE_SYMLINK_INSTALL=1 -DCMAKE_INSTALL_PREFIX=/root/Shared/MIAPR_Projekt/colcon_ws/install/cvp_mesh_planner
[5.093s] Invoking command in '/root/Shared/MIAPR_Projekt/colcon_ws/build/cvp_mesh_planner': AMENT_PREFIX_PATH=/root/Shared/MIAPR_Projekt/colcon_ws/install/mbf_mesh_core:/root/Shared/MIAPR_Projekt/colcon_ws/install/mesh_map:/root/Shared/MIAPR_Projekt/colcon_ws/install/mesh_msgs_conversions:/root/Shared/MIAPR_Projekt/colcon_ws/install/mesh_msgs:${AMENT_PREFIX_PATH} CMAKE_PREFIX_PATH=/root/Shared/MIAPR_Projekt/colcon_ws/install/mbf_mesh_core:/root/Shared/MIAPR_Projekt/colcon_ws/install/mesh_map:/root/Shared/MIAPR_Projekt/colcon_ws/install/mesh_msgs_conversions:/root/Shared/MIAPR_Projekt/colcon_ws/install/mesh_msgs:/opt/ros/jazzy/opt/gz_math_vendor:/opt/ros/jazzy/opt/gz_utils_vendor:/opt/ros/jazzy/opt/gz_cmake_vendor:/opt/ros/jazzy LD_LIBRARY_PATH=/root/Shared/MIAPR_Projekt/colcon_ws/install/mesh_map/lib:/root/Shared/MIAPR_Projekt/colcon_ws/install/mesh_msgs_conversions/lib:/root/Shared/MIAPR_Projekt/colcon_ws/install/mesh_msgs/lib:${LD_LIBRARY_PATH} PYTHONPATH=/root/Shared/MIAPR_Projekt/colcon_ws/install/mesh_msgs/lib/python3.12/site-packages:${PYTHONPATH} /usr/bin/cmake --build /root/Shared/MIAPR_Projekt/colcon_ws/build/cvp_mesh_planner -- -j12 -l12
[5.170s] [ 50%] [32mBuilding CXX object CMakeFiles/cvp_mesh_planner.dir/src/cvp_mesh_planner.cpp.o[0m
[19.198s] [100%] [32m[1mLinking CXX shared library libcvp_mesh_planner.so[0m
[19.774s] [100%] Built target cvp_mesh_planner
[19.788s] Invoked command in '/root/Shared/MIAPR_Projekt/colcon_ws/build/cvp_mesh_planner' returned '0': AMENT_PREFIX_PATH=/root/Shared/MIAPR_Projekt/colcon_ws/install/mbf_mesh_core:/root/Shared/MIAPR_Projekt/colcon_ws/install/mesh_map:/root/Shared/MIAPR_Projekt/colcon_ws/install/mesh_msgs_conversions:/root/Shared/MIAPR_Projekt/colcon_ws/install/mesh_msgs:${AMENT_PREFIX_PATH} CMAKE_PREFIX_PATH=/root/Shared/MIAPR_Projekt/colcon_ws/install/mbf_mesh_core:/root/Shared/MIAPR_Projekt/colcon_ws/install/mesh_map:/root/Shared/MIAPR_Projekt/colcon_ws/install/mesh_msgs_conversions:/root/Shared/MIAPR_Projekt/colcon_ws/install/mesh_msgs:/opt/ros/jazzy/opt/gz_math_vendor:/opt/ros/jazzy/opt/gz_utils_vendor:/opt/ros/jazzy/opt/gz_cmake_vendor:/opt/ros/jazzy LD_LIBRARY_PATH=/root/Shared/MIAPR_Projekt/colcon_ws/install/mesh_map/lib:/root/Shared/MIAPR_Projekt/colcon_ws/install/mesh_msgs_conversions/lib:/root/Shared/MIAPR_Projekt/colcon_ws/install/mesh_msgs/lib:${LD_LIBRARY_PATH} PYTHONPATH=/root/Shared/MIAPR_Projekt/colcon_ws/install/mesh_msgs/lib/python3.12/site-packages:${PYTHONPATH} /usr/bin/cmake --build /root/Shared/MIAPR_Projekt/colcon_ws/build/cvp_mesh_planner -- -j12 -l12
[19.790s] Invoking command in '/root/Shared/MIAPR_Projekt/colcon_ws/build/cvp_mesh_planner': AMENT_PREFIX_PATH=/root/Shared/MIAPR_Projekt/colcon_ws/install/mbf_mesh_core:/root/Shared/MIAPR_Projekt/colcon_ws/install/mesh_map:/root/Shared/MIAPR_Projekt/colcon_ws/install/mesh_msgs_conversions:/root/Shared/MIAPR_Projekt/colcon_ws/install/mesh_msgs:${AMENT_PREFIX_PATH} CMAKE_PREFIX_PATH=/root/Shared/MIAPR_Projekt/colcon_ws/install/mbf_mesh_core:/root/Shared/MIAPR_Projekt/colcon_ws/install/mesh_map:/root/Shared/MIAPR_Projekt/colcon_ws/install/mesh_msgs_conversions:/root/Shared/MIAPR_Projekt/colcon_ws/install/mesh_msgs:/opt/ros/jazzy/opt/gz_math_vendor:/opt/ros/jazzy/opt/gz_utils_vendor:/opt/ros/jazzy/opt/gz_cmake_vendor:/opt/ros/jazzy LD_LIBRARY_PATH=/root/Shared/MIAPR_Projekt/colcon_ws/install/mesh_map/lib:/root/Shared/MIAPR_Projekt/colcon_ws/install/mesh_msgs_conversions/lib:/root/Shared/MIAPR_Projekt/colcon_ws/install/mesh_msgs/lib:${LD_LIBRARY_PATH} PYTHONPATH=/root/Shared/MIAPR_Projekt/colcon_ws/install/mesh_msgs/lib/python3.12/site-packages:${PYTHONPATH} /usr/bin/cmake --install /root/Shared/MIAPR_Projekt/colcon_ws/build/cvp_mesh_planner
[19.799s] -- Install configuration: "Release"
[19.800s] -- Execute custom install script
[19.800s] -- Symlinking: /root/Shared/MIAPR_Projekt/colcon_ws/install/cvp_mesh_planner/share/cvp_mesh_planner//cvp_mesh_planner.xml
[19.813s] -- Symlinking: /root/Shared/MIAPR_Projekt/colcon_ws/install/cvp_mesh_planner/include/include/cvp_mesh_planner/cvp_mesh_planner.h
[19.825s] -- Symlinking: /root/Shared/MIAPR_Projekt/colcon_ws/install/cvp_mesh_planner/share/cvp_mesh_planner/environment/library_path.sh
[19.836s] -- Symlinking: /root/Shared/MIAPR_Projekt/colcon_ws/install/cvp_mesh_planner/share/cvp_mesh_planner/environment/library_path.dsv
[19.848s] -- Symlinking: /root/Shared/MIAPR_Projekt/colcon_ws/install/cvp_mesh_planner/share/ament_index/resource_index/package_run_dependencies/cvp_mesh_planner
[19.860s] -- Symlinking: /root/Shared/MIAPR_Projekt/colcon_ws/install/cvp_mesh_planner/share/ament_index/resource_index/parent_prefix_path/cvp_mesh_planner
[19.872s] -- Symlinking: /root/Shared/MIAPR_Projekt/colcon_ws/install/cvp_mesh_planner/share/cvp_mesh_planner/environment/ament_prefix_path.sh
[19.884s] -- Symlinking: /root/Shared/MIAPR_Projekt/colcon_ws/install/cvp_mesh_planner/share/cvp_mesh_planner/environment/ament_prefix_path.dsv
[19.896s] -- Symlinking: /root/Shared/MIAPR_Projekt/colcon_ws/install/cvp_mesh_planner/share/cvp_mesh_planner/environment/path.sh
[19.908s] -- Symlinking: /root/Shared/MIAPR_Projekt/colcon_ws/install/cvp_mesh_planner/share/cvp_mesh_planner/environment/path.dsv
[19.920s] -- Symlinking: /root/Shared/MIAPR_Projekt/colcon_ws/install/cvp_mesh_planner/share/cvp_mesh_planner/local_setup.bash
[19.932s] -- Symlinking: /root/Shared/MIAPR_Projekt/colcon_ws/install/cvp_mesh_planner/share/cvp_mesh_planner/local_setup.sh
[19.943s] -- Symlinking: /root/Shared/MIAPR_Projekt/colcon_ws/install/cvp_mesh_planner/share/cvp_mesh_planner/local_setup.zsh
[19.955s] -- Symlinking: /root/Shared/MIAPR_Projekt/colcon_ws/install/cvp_mesh_planner/share/cvp_mesh_planner/local_setup.dsv
[19.966s] -- Symlinking: /root/Shared/MIAPR_Projekt/colcon_ws/install/cvp_mesh_planner/share/cvp_mesh_planner/package.dsv
[19.978s] -- Symlinking: /root/Shared/MIAPR_Projekt/colcon_ws/install/cvp_mesh_planner/share/ament_index/resource_index/packages/cvp_mesh_planner
[19.990s] -- Symlinking: /root/Shared/MIAPR_Projekt/colcon_ws/install/cvp_mesh_planner/share/ament_index/resource_index/mbf_mesh_core__pluginlib__plugin/cvp_mesh_planner
[20.002s] -- Symlinking: /root/Shared/MIAPR_Projekt/colcon_ws/install/cvp_mesh_planner/share/cvp_mesh_planner/cmake/ament_cmake_export_include_directories-extras.cmake
[20.014s] -- Symlinking: /root/Shared/MIAPR_Projekt/colcon_ws/install/cvp_mesh_planner/share/cvp_mesh_planner/cmake/ament_cmake_export_libraries-extras.cmake
[20.026s] -- Symlinking: /root/Shared/MIAPR_Projekt/colcon_ws/install/cvp_mesh_planner/share/cvp_mesh_planner/cmake/ament_cmake_export_targets-extras.cmake
[20.037s] -- Symlinking: /root/Shared/MIAPR_Projekt/colcon_ws/install/cvp_mesh_planner/share/cvp_mesh_planner/cmake/ament_cmake_export_dependencies-extras.cmake
[20.050s] -- Symlinking: /root/Shared/MIAPR_Projekt/colcon_ws/install/cvp_mesh_planner/share/cvp_mesh_planner/cmake/cvp_mesh_plannerConfig.cmake
[20.062s] -- Symlinking: /root/Shared/MIAPR_Projekt/colcon_ws/install/cvp_mesh_planner/share/cvp_mesh_planner/cmake/cvp_mesh_plannerConfig-version.cmake
[20.073s] -- Symlinking: /root/Shared/MIAPR_Projekt/colcon_ws/install/cvp_mesh_planner/share/cvp_mesh_planner/package.xml
[20.085s] -- Installing: /root/Shared/MIAPR_Projekt/colcon_ws/install/cvp_mesh_planner/lib/libcvp_mesh_planner.so
[20.087s] -- Set non-toolchain portion of runtime path of "/root/Shared/MIAPR_Projekt/colcon_ws/install/cvp_mesh_planner/lib/libcvp_mesh_planner.so" to ""
[20.088s] -- Installing: /root/Shared/MIAPR_Projekt/colcon_ws/install/cvp_mesh_planner/share/cvp_mesh_planner/cmake/export_cvp_mesh_plannerExport.cmake
[20.088s] -- Installing: /root/Shared/MIAPR_Projekt/colcon_ws/install/cvp_mesh_planner/share/cvp_mesh_planner/cmake/export_cvp_mesh_plannerExport-release.cmake
[20.091s] Invoked command in '/root/Shared/MIAPR_Projekt/colcon_ws/build/cvp_mesh_planner' returned '0': AMENT_PREFIX_PATH=/root/Shared/MIAPR_Projekt/colcon_ws/install/mbf_mesh_core:/root/Shared/MIAPR_Projekt/colcon_ws/install/mesh_map:/root/Shared/MIAPR_Projekt/colcon_ws/install/mesh_msgs_conversions:/root/Shared/MIAPR_Projekt/colcon_ws/install/mesh_msgs:${AMENT_PREFIX_PATH} CMAKE_PREFIX_PATH=/root/Shared/MIAPR_Projekt/colcon_ws/install/mbf_mesh_core:/root/Shared/MIAPR_Projekt/colcon_ws/install/mesh_map:/root/Shared/MIAPR_Projekt/colcon_ws/install/mesh_msgs_conversions:/root/Shared/MIAPR_Projekt/colcon_ws/install/mesh_msgs:/opt/ros/jazzy/opt/gz_math_vendor:/opt/ros/jazzy/opt/gz_utils_vendor:/opt/ros/jazzy/opt/gz_cmake_vendor:/opt/ros/jazzy LD_LIBRARY_PATH=/root/Shared/MIAPR_Projekt/colcon_ws/install/mesh_map/lib:/root/Shared/MIAPR_Projekt/colcon_ws/install/mesh_msgs_conversions/lib:/root/Shared/MIAPR_Projekt/colcon_ws/install/mesh_msgs/lib:${LD_LIBRARY_PATH} PYTHONPATH=/root/Shared/MIAPR_Projekt/colcon_ws/install/mesh_msgs/lib/python3.12/site-packages:${PYTHONPATH} /usr/bin/cmake --install /root/Shared/MIAPR_Projekt/colcon_ws/build/cvp_mesh_planner
