-- The C compiler identification is GNU 13.3.0
-- The CXX compiler identification is GNU 13.3.0
-- Detecting C compiler ABI info
-- Detecting C compiler ABI info - done
-- Check for working C compiler: /usr/bin/cc - skipped
-- Detecting C compile features
-- Detecting C compile features - done
-- Detecting CXX compiler ABI info
-- Detecting CXX compiler ABI info - done
-- Check for working CXX compiler: /usr/bin/c++ - skipped
-- Detecting CXX compile features
-- Detecting CXX compile features - done
-- Found ament_cmake: 2.5.5 (/opt/ros/jazzy/share/ament_cmake/cmake)
-- Found Python3: /usr/bin/python3 (found version "3.12.3") found components: Interpreter 
-- Override CMake install command with custom implementation using symlinks instead of copying resources
-- Found geometry_msgs: 5.3.6 (/opt/ros/jazzy/share/geometry_msgs/cmake)
-- Found rosidl_generator_c: 4.6.7 (/opt/ros/jazzy/share/rosidl_generator_c/cmake)
-- Found rosidl_generator_cpp: 4.6.7 (/opt/ros/jazzy/share/rosidl_generator_cpp/cmake)
-- Using all available rosidl_typesupport_c: rosidl_typesupport_fastrtps_c;rosidl_typesupport_introspection_c
-- Using all available rosidl_typesupport_cpp: rosidl_typesupport_fastrtps_cpp;rosidl_typesupport_introspection_cpp
-- Found mbf_abstract_core: 1.0.5 (/root/Shared/MIAPR_Projekt/colcon_ws/install/mbf_abstract_core/share/mbf_abstract_core/cmake)
-- Found mbf_msgs: 1.0.5 (/root/Shared/MIAPR_Projekt/colcon_ws/install/mbf_msgs/share/mbf_msgs/cmake)
-- Found mbf_utility: 1.0.5 (/root/Shared/MIAPR_Projekt/colcon_ws/install/mbf_utility/share/mbf_utility/cmake)
-- Found rmw_implementation_cmake: 7.3.3 (/opt/ros/jazzy/share/rmw_implementation_cmake/cmake)
-- Found rmw_fastrtps_cpp: 8.4.3 (/opt/ros/jazzy/share/rmw_fastrtps_cpp/cmake)
-- Found OpenSSL: /usr/lib/x86_64-linux-gnu/libcrypto.so (found version "3.0.13")  
-- Found FastRTPS: /opt/ros/jazzy/include (Required is at least version "2.13") 
-- Using RMW implementation 'rmw_fastrtps_cpp' as default
-- Found eigen3_cmake_module: 0.3.0 (/opt/ros/jazzy/share/eigen3_cmake_module/cmake)
-- Found Eigen3: TRUE (found version "3.4.0") 
-- Ensuring Eigen3 include directory is part of orocos-kdl CMake target
-- Found std_srvs: 5.3.6 (/opt/ros/jazzy/share/std_srvs/cmake)
-- Found ament_cmake_gtest: 2.5.5 (/opt/ros/jazzy/share/ament_cmake_gtest/cmake)
-- Found gtest sources under '/opt/ros/jazzy/src/gtest_vendor': C++ tests using 'Google Test' will be built
-- Performing Test CMAKE_HAVE_LIBC_PTHREAD
-- Performing Test CMAKE_HAVE_LIBC_PTHREAD - Success
-- Found Threads: TRUE  
-- Found ament_cmake_gmock: 2.5.5 (/opt/ros/jazzy/share/ament_cmake_gmock/cmake)
-- Found gmock sources under '/opt/ros/jazzy/src/gmock_vendor': C++ tests using 'Google Mock' will be built
-- Configuring done (1.9s)
-- Generating done (0.2s)
-- Build files have been written to: /root/Shared/MIAPR_Projekt/colcon_ws/build/mbf_abstract_nav
[ 19%] [32mBuilding CXX object CMakeFiles/mbf_abstract_server.dir/src/recovery_action.cpp.o[0m
[ 19%] [32mBuilding CXX object gmock/CMakeFiles/gmock.dir/src/gmock-all.cc.o[0m
[ 29%] [32mBuilding CXX object CMakeFiles/mbf_abstract_server.dir/src/planner_action.cpp.o[0m
[ 19%] [32mBuilding CXX object CMakeFiles/mbf_abstract_server.dir/src/abstract_execution_base.cpp.o[0m
[ 29%] [32mBuilding CXX object CMakeFiles/mbf_abstract_server.dir/src/controller_action.cpp.o[0m
[ 29%] [32mBuilding CXX object CMakeFiles/mbf_abstract_server.dir/src/abstract_navigation_server.cpp.o[0m
[ 19%] [32mBuilding CXX object CMakeFiles/mbf_abstract_server.dir/src/move_base_action.cpp.o[0m
[ 29%] [32mBuilding CXX object gmock/CMakeFiles/gmock_main.dir/src/gmock_main.cc.o[0m
[ 29%] [32mBuilding CXX object gtest/CMakeFiles/gtest_main.dir/src/gtest_main.cc.o[0m
[ 32%] [32mBuilding CXX object gtest/CMakeFiles/gtest.dir/src/gtest-all.cc.o[0m
[ 35%] [32mBuilding CXX object gmock/CMakeFiles/gmock.dir/opt/ros/jazzy/src/gtest_vendor/src/gtest-all.cc.o[0m
[ 38%] [32mBuilding CXX object CMakeFiles/mbf_abstract_server.dir/src/abstract_planner_execution.cpp.o[0m
[ 41%] [32m[1mLinking CXX static library libgtest_main.a[0m
[ 41%] Built target gtest_main
[ 45%] [32mBuilding CXX object CMakeFiles/mbf_abstract_server.dir/src/abstract_controller_execution.cpp.o[0m
[ 48%] [32m[1mLinking CXX static library libgmock_main.a[0m
[ 48%] Built target gmock_main
[ 51%] [32mBuilding CXX object CMakeFiles/mbf_abstract_server.dir/src/abstract_recovery_execution.cpp.o[0m
[ 54%] [32m[1mLinking CXX static library libgmock.a[0m
[ 54%] Built target gmock
[ 58%] [32m[1mLinking CXX static library libgtest.a[0m
[ 58%] Built target gtest
[ 61%] [32m[1mLinking CXX shared library libmbf_abstract_server.so[0m
[ 61%] Built target mbf_abstract_server
[ 74%] [32mBuilding CXX object CMakeFiles/mbf_abstract_server_gtest.dir/test/abstract_execution_base.cpp.o[0m
[ 74%] [32mBuilding CXX object CMakeFiles/abstract_controller_execution_test.dir/test/abstract_controller_execution.cpp.o[0m
[ 74%] [32mBuilding CXX object CMakeFiles/abstract_planner_execution_test.dir/test/abstract_planner_execution.cpp.o[0m
[ 74%] [32mBuilding CXX object CMakeFiles/planner_action_test.dir/test/planner_action.cpp.o[0m
[ 77%] [32mBuilding CXX object CMakeFiles/abstract_action_base_test.dir/test/abstract_action_base.cpp.o[0m
[ 80%] [32mBuilding CXX object CMakeFiles/abstract_plugin_manager_test.dir/test/abstract_plugin_manager.cpp.o[0m
[ 83%] [32m[1mLinking CXX executable abstract_plugin_manager_test[0m
[ 87%] [32m[1mLinking CXX executable mbf_abstract_server_gtest[0m
[ 87%] Built target abstract_plugin_manager_test
[ 90%] [32m[1mLinking CXX executable abstract_action_base_test[0m
[ 90%] Built target mbf_abstract_server_gtest
[ 93%] [32m[1mLinking CXX executable abstract_planner_execution_test[0m
[ 93%] Built target abstract_action_base_test
[ 96%] [32m[1mLinking CXX executable planner_action_test[0m
[100%] [32m[1mLinking CXX executable abstract_controller_execution_test[0m
[100%] Built target abstract_planner_execution_test
[100%] Built target planner_action_test
[100%] Built target abstract_controller_execution_test
-- Install configuration: ""
-- Execute custom install script
-- Symlinking: /root/Shared/MIAPR_Projekt/colcon_ws/install/mbf_abstract_nav/lib/libmbf_abstract_server.so
-- Symlinking: /root/Shared/MIAPR_Projekt/colcon_ws/install/mbf_abstract_nav/include/mbf_abstract_nav/abstract_action_base.hpp
-- Symlinking: /root/Shared/MIAPR_Projekt/colcon_ws/install/mbf_abstract_nav/include/mbf_abstract_nav/abstract_controller_execution.h
-- Symlinking: /root/Shared/MIAPR_Projekt/colcon_ws/install/mbf_abstract_nav/include/mbf_abstract_nav/abstract_execution_base.h
-- Symlinking: /root/Shared/MIAPR_Projekt/colcon_ws/install/mbf_abstract_nav/include/mbf_abstract_nav/abstract_navigation_server.h
-- Symlinking: /root/Shared/MIAPR_Projekt/colcon_ws/install/mbf_abstract_nav/include/mbf_abstract_nav/abstract_planner_execution.h
-- Symlinking: /root/Shared/MIAPR_Projekt/colcon_ws/install/mbf_abstract_nav/include/mbf_abstract_nav/abstract_plugin_manager.h
-- Symlinking: /root/Shared/MIAPR_Projekt/colcon_ws/install/mbf_abstract_nav/include/mbf_abstract_nav/abstract_recovery_execution.h
-- Symlinking: /root/Shared/MIAPR_Projekt/colcon_ws/install/mbf_abstract_nav/include/mbf_abstract_nav/controller_action.h
-- Symlinking: /root/Shared/MIAPR_Projekt/colcon_ws/install/mbf_abstract_nav/include/mbf_abstract_nav/impl/abstract_plugin_manager.tcc
-- Symlinking: /root/Shared/MIAPR_Projekt/colcon_ws/install/mbf_abstract_nav/include/mbf_abstract_nav/move_base_action.h
-- Symlinking: /root/Shared/MIAPR_Projekt/colcon_ws/install/mbf_abstract_nav/include/mbf_abstract_nav/planner_action.h
-- Symlinking: /root/Shared/MIAPR_Projekt/colcon_ws/install/mbf_abstract_nav/include/mbf_abstract_nav/recovery_action.h
-- Symlinking: /root/Shared/MIAPR_Projekt/colcon_ws/install/mbf_abstract_nav/share/mbf_abstract_nav/environment/library_path.sh
-- Symlinking: /root/Shared/MIAPR_Projekt/colcon_ws/install/mbf_abstract_nav/share/mbf_abstract_nav/environment/library_path.dsv
-- Symlinking: /root/Shared/MIAPR_Projekt/colcon_ws/install/mbf_abstract_nav/share/ament_index/resource_index/package_run_dependencies/mbf_abstract_nav
-- Symlinking: /root/Shared/MIAPR_Projekt/colcon_ws/install/mbf_abstract_nav/share/ament_index/resource_index/parent_prefix_path/mbf_abstract_nav
-- Symlinking: /root/Shared/MIAPR_Projekt/colcon_ws/install/mbf_abstract_nav/share/mbf_abstract_nav/environment/ament_prefix_path.sh
-- Symlinking: /root/Shared/MIAPR_Projekt/colcon_ws/install/mbf_abstract_nav/share/mbf_abstract_nav/environment/ament_prefix_path.dsv
-- Symlinking: /root/Shared/MIAPR_Projekt/colcon_ws/install/mbf_abstract_nav/share/mbf_abstract_nav/environment/path.sh
-- Symlinking: /root/Shared/MIAPR_Projekt/colcon_ws/install/mbf_abstract_nav/share/mbf_abstract_nav/environment/path.dsv
-- Symlinking: /root/Shared/MIAPR_Projekt/colcon_ws/install/mbf_abstract_nav/share/mbf_abstract_nav/local_setup.bash
-- Symlinking: /root/Shared/MIAPR_Projekt/colcon_ws/install/mbf_abstract_nav/share/mbf_abstract_nav/local_setup.sh
-- Symlinking: /root/Shared/MIAPR_Projekt/colcon_ws/install/mbf_abstract_nav/share/mbf_abstract_nav/local_setup.zsh
-- Symlinking: /root/Shared/MIAPR_Projekt/colcon_ws/install/mbf_abstract_nav/share/mbf_abstract_nav/local_setup.dsv
-- Symlinking: /root/Shared/MIAPR_Projekt/colcon_ws/install/mbf_abstract_nav/share/mbf_abstract_nav/package.dsv
-- Symlinking: /root/Shared/MIAPR_Projekt/colcon_ws/install/mbf_abstract_nav/share/ament_index/resource_index/packages/mbf_abstract_nav
-- Symlinking: /root/Shared/MIAPR_Projekt/colcon_ws/install/mbf_abstract_nav/share/mbf_abstract_nav/cmake/ament_cmake_export_include_directories-extras.cmake
-- Symlinking: /root/Shared/MIAPR_Projekt/colcon_ws/install/mbf_abstract_nav/share/mbf_abstract_nav/cmake/ament_cmake_export_libraries-extras.cmake
-- Symlinking: /root/Shared/MIAPR_Projekt/colcon_ws/install/mbf_abstract_nav/share/mbf_abstract_nav/cmake/ament_cmake_export_dependencies-extras.cmake
-- Symlinking: /root/Shared/MIAPR_Projekt/colcon_ws/install/mbf_abstract_nav/share/mbf_abstract_nav/cmake/mbf_abstract_navConfig.cmake
-- Symlinking: /root/Shared/MIAPR_Projekt/colcon_ws/install/mbf_abstract_nav/share/mbf_abstract_nav/cmake/mbf_abstract_navConfig-version.cmake
-- Symlinking: /root/Shared/MIAPR_Projekt/colcon_ws/install/mbf_abstract_nav/share/mbf_abstract_nav/package.xml
