-- The C compiler identification is GNU 13.3.0
-- The CXX compiler identification is GNU 13.3.0
-- Detecting C compiler ABI info
-- Detecting C compiler ABI info - done
-- Check for working C compiler: /usr/bin/cc - skipped
-- Detecting C compile features
-- Detecting C compile features - done
-- Detecting CXX compiler ABI info
-- Detecting CXX compiler ABI info - done
-- Check for working CXX compiler: /usr/bin/c++ - skipped
-- Detecting CXX compile features
-- Detecting CXX compile features - done
-- Found ament_cmake_ros: 0.12.0 (/opt/ros/jazzy/share/ament_cmake_ros/cmake)
-- Found Python3: /usr/bin/python3 (found version "3.12.3") found components: Interpreter 
-- Override CMake install command with custom implementation using symlinks instead of copying resources
-- Found geometry_msgs: 5.3.6 (/opt/ros/jazzy/share/geometry_msgs/cmake)
-- Found rosidl_generator_c: 4.6.7 (/opt/ros/jazzy/share/rosidl_generator_c/cmake)
-- Found rosidl_generator_cpp: 4.6.7 (/opt/ros/jazzy/share/rosidl_generator_cpp/cmake)
-- Using all available rosidl_typesupport_c: rosidl_typesupport_fastrtps_c;rosidl_typesupport_introspection_c
-- Using all available rosidl_typesupport_cpp: rosidl_typesupport_fastrtps_cpp;rosidl_typesupport_introspection_cpp
-- Found mesh_msgs_conversions: 2.1.1 (/root/Shared/MIAPR_Projekt/colcon_ws/install/mesh_msgs_conversions/share/mesh_msgs_conversions/cmake)
-- Found rmw_implementation_cmake: 7.3.3 (/opt/ros/jazzy/share/rmw_implementation_cmake/cmake)
-- Found rmw_fastrtps_cpp: 8.4.3 (/opt/ros/jazzy/share/rmw_fastrtps_cpp/cmake)
-- Found OpenSSL: /usr/lib/x86_64-linux-gnu/libcrypto.so (found version "3.0.13")  
-- Found FastRTPS: /opt/ros/jazzy/include (Required is at least version "2.13") 
-- Using RMW implementation 'rmw_fastrtps_cpp' as default
-- Found pluginlib: 5.4.4 (/opt/ros/jazzy/share/pluginlib/cmake)
-- Found tf2: 0.36.19 (/opt/ros/jazzy/share/tf2/cmake)
-- Found tf2_geometry_msgs: 0.36.19 (/opt/ros/jazzy/share/tf2_geometry_msgs/cmake)
-- Found eigen3_cmake_module: 0.3.0 (/opt/ros/jazzy/share/eigen3_cmake_module/cmake)
-- Found Eigen3: TRUE (found version "3.4.0") 
-- Ensuring Eigen3 include directory is part of orocos-kdl CMake target
-- Found visualization_msgs: 5.3.6 (/opt/ros/jazzy/share/visualization_msgs/cmake)
-- Found std_srvs: 5.3.6 (/opt/ros/jazzy/share/std_srvs/cmake)
-- Found MPI_C: /usr/lib/x86_64-linux-gnu/openmpi/lib/libmpi.so (found version "3.1") 
-- Found MPI_CXX: /usr/lib/x86_64-linux-gnu/openmpi/lib/libmpi_cxx.so (found version "3.1") 
-- Found MPI: TRUE (found version "3.1")  
-- Found TIFF: /usr/lib/x86_64-linux-gnu/libtiff.so (found version "4.5.1")  
-- Found GDAL: /usr/lib/x86_64-linux-gnu/libgdal.so (found version "3.8.4") 
-- Found OpenCV: /usr (found version "4.6.0") 
-- Found FLANN: /usr/include/flann  
-- Try to find LZ4: find_path + find_library
-- Try to find LZ4: FindPackageHandleStandardArgs
-- Found LZ4: /usr/lib/x86_64-linux-gnu/liblz4.so  
-- Found GSL: /usr/include (found version "2.7.1") 
-- Found HDF5: /usr/lib/x86_64-linux-gnu/hdf5/serial/libhdf5.so;/usr/lib/x86_64-linux-gnu/libcrypto.so;/usr/lib/x86_64-linux-gnu/libcurl.so;/usr/lib/x86_64-linux-gnu/libpthread.a;/usr/lib/x86_64-linux-gnu/libsz.so;/usr/lib/x86_64-linux-gnu/libz.so;/usr/lib/x86_64-linux-gnu/libdl.a;/usr/lib/x86_64-linux-gnu/libm.so;/usr/lib/x86_64-linux-gnu/hdf5/serial/libhdf5_cpp.so;/usr/lib/x86_64-linux-gnu/hdf5/serial/libhdf5.so;/usr/lib/x86_64-linux-gnu/libcrypto.so;/usr/lib/x86_64-linux-gnu/libcurl.so;/usr/lib/x86_64-linux-gnu/libpthread.a;/usr/lib/x86_64-linux-gnu/libsz.so;/usr/lib/x86_64-linux-gnu/libz.so;/usr/lib/x86_64-linux-gnu/libdl.a;/usr/lib/x86_64-linux-gnu/libm.so (found version "1.10.10") found components: C CXX HL 
-- Found OpenGL: /usr/lib/x86_64-linux-gnu/libOpenGL.so  found components: OpenGL 
-- Found GLUT: /usr/lib/x86_64-linux-gnu/libglut.so  
-- Found PkgConfig: /usr/bin/pkg-config (found version "1.8.1") 
-- Checking for module 'jsoncpp'
--   Found jsoncpp, version 1.9.5
-- Found gtest sources under '/opt/ros/jazzy/src/gtest_vendor': C++ tests using 'Google Test' will be built
-- Found Threads: TRUE  
-- Configuring done (4.8s)
-- Generating done (0.1s)
-- Build files have been written to: /root/Shared/MIAPR_Projekt/colcon_ws/build/mesh_map
[ 14%] [32mBuilding CXX object gtest/CMakeFiles/gtest.dir/src/gtest-all.cc.o[0m
[ 14%] [32mBuilding CXX object gtest/CMakeFiles/gtest_main.dir/src/gtest_main.cc.o[0m
[ 21%] [32mBuilding CXX object CMakeFiles/mesh_map.dir/src/util.cpp.o[0m
[ 35%] [32mBuilding CXX object CMakeFiles/mesh_map.dir/src/timer.cpp.o[0m
[ 35%] [32mBuilding CXX object CMakeFiles/mesh_map.dir/src/layer_manager.cpp.o[0m
[ 50%] [32mBuilding CXX object CMakeFiles/mesh_map.dir/src/abstract_layer.cpp.o[0m
[ 50%] [32mBuilding CXX object CMakeFiles/mesh_map.dir/src/mesh_map.cpp.o[0m
[ 57%] [32m[1mLinking CXX static library libgtest_main.a[0m
[ 57%] Built target gtest_main
[ 64%] [32m[1mLinking CXX static library libgtest.a[0m
[ 64%] Built target gtest
[ 71%] [32m[1mLinking CXX shared library libmesh_map.so[0m
[ 71%] Built target mesh_map
[ 78%] [32mBuilding CXX object CMakeFiles/mesh_map_test_layer_plugin.dir/test/layer_plugin.cpp.o[0m
[ 85%] [32mBuilding CXX object CMakeFiles/mesh_map_mesh_map_test.dir/test/mesh_map_test.cpp.o[0m
[ 92%] [32m[1mLinking CXX shared library libmesh_map_test_layer_plugin.so[0m
[ 92%] Built target mesh_map_test_layer_plugin
[100%] [32m[1mLinking CXX executable mesh_map_mesh_map_test[0m
[100%] Built target mesh_map_mesh_map_test
-- Install configuration: "Release"
-- Execute custom install script
-- Symlinking: /root/Shared/MIAPR_Projekt/colcon_ws/install/mesh_map/include/mesh_map/abstract_layer.h
-- Symlinking: /root/Shared/MIAPR_Projekt/colcon_ws/install/mesh_map/include/mesh_map/definitions.h
-- Symlinking: /root/Shared/MIAPR_Projekt/colcon_ws/install/mesh_map/include/mesh_map/layer_manager.h
-- Symlinking: /root/Shared/MIAPR_Projekt/colcon_ws/install/mesh_map/include/mesh_map/mesh_map.h
-- Symlinking: /root/Shared/MIAPR_Projekt/colcon_ws/install/mesh_map/include/mesh_map/nanoflann.hpp
-- Symlinking: /root/Shared/MIAPR_Projekt/colcon_ws/install/mesh_map/include/mesh_map/nanoflann_mesh_adaptor.h
-- Symlinking: /root/Shared/MIAPR_Projekt/colcon_ws/install/mesh_map/include/mesh_map/timer.h
-- Symlinking: /root/Shared/MIAPR_Projekt/colcon_ws/install/mesh_map/include/mesh_map/util.h
-- Symlinking: /root/Shared/MIAPR_Projekt/colcon_ws/install/mesh_map/share/mesh_map/test/layer_plugin.xml
-- Symlinking: /root/Shared/MIAPR_Projekt/colcon_ws/install/mesh_map/lib/libmesh_map_test_layer_plugin.so
-- Symlinking: /root/Shared/MIAPR_Projekt/colcon_ws/install/mesh_map/share/mesh_map/environment/library_path.sh
-- Symlinking: /root/Shared/MIAPR_Projekt/colcon_ws/install/mesh_map/share/mesh_map/environment/library_path.dsv
-- Symlinking: /root/Shared/MIAPR_Projekt/colcon_ws/install/mesh_map/share/ament_index/resource_index/package_run_dependencies/mesh_map
-- Symlinking: /root/Shared/MIAPR_Projekt/colcon_ws/install/mesh_map/share/ament_index/resource_index/parent_prefix_path/mesh_map
-- Symlinking: /root/Shared/MIAPR_Projekt/colcon_ws/install/mesh_map/share/mesh_map/environment/ament_prefix_path.sh
-- Symlinking: /root/Shared/MIAPR_Projekt/colcon_ws/install/mesh_map/share/mesh_map/environment/ament_prefix_path.dsv
-- Symlinking: /root/Shared/MIAPR_Projekt/colcon_ws/install/mesh_map/share/mesh_map/environment/path.sh
-- Symlinking: /root/Shared/MIAPR_Projekt/colcon_ws/install/mesh_map/share/mesh_map/environment/path.dsv
-- Symlinking: /root/Shared/MIAPR_Projekt/colcon_ws/install/mesh_map/share/mesh_map/local_setup.bash
-- Symlinking: /root/Shared/MIAPR_Projekt/colcon_ws/install/mesh_map/share/mesh_map/local_setup.sh
-- Symlinking: /root/Shared/MIAPR_Projekt/colcon_ws/install/mesh_map/share/mesh_map/local_setup.zsh
-- Symlinking: /root/Shared/MIAPR_Projekt/colcon_ws/install/mesh_map/share/mesh_map/local_setup.dsv
-- Symlinking: /root/Shared/MIAPR_Projekt/colcon_ws/install/mesh_map/share/mesh_map/package.dsv
-- Symlinking: /root/Shared/MIAPR_Projekt/colcon_ws/install/mesh_map/share/ament_index/resource_index/packages/mesh_map
-- Symlinking: /root/Shared/MIAPR_Projekt/colcon_ws/install/mesh_map/share/ament_index/resource_index/mesh_map__pluginlib__plugin/mesh_map
-- Symlinking: /root/Shared/MIAPR_Projekt/colcon_ws/install/mesh_map/share/mesh_map/cmake/ament_cmake_export_include_directories-extras.cmake
-- Symlinking: /root/Shared/MIAPR_Projekt/colcon_ws/install/mesh_map/share/mesh_map/cmake/ament_cmake_export_libraries-extras.cmake
-- Symlinking: /root/Shared/MIAPR_Projekt/colcon_ws/install/mesh_map/share/mesh_map/cmake/ament_cmake_export_dependencies-extras.cmake
-- Symlinking: /root/Shared/MIAPR_Projekt/colcon_ws/install/mesh_map/share/mesh_map/cmake/mesh_mapConfig.cmake
-- Symlinking: /root/Shared/MIAPR_Projekt/colcon_ws/install/mesh_map/share/mesh_map/cmake/mesh_mapConfig-version.cmake
-- Symlinking: /root/Shared/MIAPR_Projekt/colcon_ws/install/mesh_map/share/mesh_map/package.xml
-- Installing: /root/Shared/MIAPR_Projekt/colcon_ws/install/mesh_map/lib/libmesh_map.so
-- Set non-toolchain portion of runtime path of "/root/Shared/MIAPR_Projekt/colcon_ws/install/mesh_map/lib/libmesh_map.so" to ""
