[0.013s] Invoking command in '/root/Shared/MIAPR_Projekt/colcon_ws/build/mesh_map': AMENT_PREFIX_PATH=/root/Shared/MIAPR_Projekt/colcon_ws/install/mesh_msgs_conversions:/root/Shared/MIAPR_Projekt/colcon_ws/install/mesh_msgs:${AMENT_PREFIX_PATH} CMAKE_PREFIX_PATH=/root/Shared/MIAPR_Projekt/colcon_ws/install/mesh_msgs_conversions:/root/Shared/MIAPR_Projekt/colcon_ws/install/mesh_msgs:/opt/ros/jazzy/opt/gz_math_vendor:/opt/ros/jazzy/opt/gz_utils_vendor:/opt/ros/jazzy/opt/gz_cmake_vendor:/opt/ros/jazzy LD_LIBRARY_PATH=/root/Shared/MIAPR_Projekt/colcon_ws/install/mesh_msgs_conversions/lib:/root/Shared/MIAPR_Projekt/colcon_ws/install/mesh_msgs/lib:${LD_LIBRARY_PATH} PYTHONPATH=/root/Shared/MIAPR_Projekt/colcon_ws/install/mesh_msgs/lib/python3.12/site-packages:${PYTHONPATH} /usr/bin/cmake /root/Shared/MIAPR_Projekt/colcon_ws/src/mesh_navigation/mesh_map -DAMENT_CMAKE_SYMLINK_INSTALL=1 -DCMAKE_INSTALL_PREFIX=/root/Shared/MIAPR_Projekt/colcon_ws/install/mesh_map
[0.152s] -- The C compiler identification is GNU 13.3.0
[0.224s] -- The CXX compiler identification is GNU 13.3.0
[0.256s] -- Detecting C compiler ABI info
[0.382s] -- Detecting C compiler ABI info - done
[0.391s] -- Check for working C compiler: /usr/bin/cc - skipped
[0.391s] -- Detecting C compile features
[0.392s] -- Detecting C compile features - done
[0.408s] -- Detecting CXX compiler ABI info
[0.541s] -- Detecting CXX compiler ABI info - done
[0.551s] -- Check for working CXX compiler: /usr/bin/c++ - skipped
[0.551s] -- Detecting CXX compile features
[0.552s] -- Detecting CXX compile features - done
[0.558s] -- Found ament_cmake_ros: 0.12.0 (/opt/ros/jazzy/share/ament_cmake_ros/cmake)
[0.743s] -- Found Python3: /usr/bin/python3 (found version "3.12.3") found components: Interpreter 
[0.829s] -- Override CMake install command with custom implementation using symlinks instead of copying resources
[0.888s] -- Found geometry_msgs: 5.3.6 (/opt/ros/jazzy/share/geometry_msgs/cmake)
[0.951s] -- Found rosidl_generator_c: 4.6.7 (/opt/ros/jazzy/share/rosidl_generator_c/cmake)
[0.971s] -- Found rosidl_generator_cpp: 4.6.7 (/opt/ros/jazzy/share/rosidl_generator_cpp/cmake)
[0.994s] -- Using all available rosidl_typesupport_c: rosidl_typesupport_fastrtps_c;rosidl_typesupport_introspection_c
[1.021s] -- Using all available rosidl_typesupport_cpp: rosidl_typesupport_fastrtps_cpp;rosidl_typesupport_introspection_cpp
[1.086s] -- Found mesh_msgs_conversions: 2.1.1 (/root/Shared/MIAPR_Projekt/colcon_ws/install/mesh_msgs_conversions/share/mesh_msgs_conversions/cmake)
[1.180s] -- Found rmw_implementation_cmake: 7.3.3 (/opt/ros/jazzy/share/rmw_implementation_cmake/cmake)
[1.184s] -- Found rmw_fastrtps_cpp: 8.4.3 (/opt/ros/jazzy/share/rmw_fastrtps_cpp/cmake)
[1.332s] -- Found OpenSSL: /usr/lib/x86_64-linux-gnu/libcrypto.so (found version "3.0.13")  
[1.354s] -- Found FastRTPS: /opt/ros/jazzy/include (Required is at least version "2.13") 
[1.383s] -- Using RMW implementation 'rmw_fastrtps_cpp' as default
[1.556s] -- Found pluginlib: 5.4.4 (/opt/ros/jazzy/share/pluginlib/cmake)
[1.584s] -- Found tf2: 0.36.19 (/opt/ros/jazzy/share/tf2/cmake)
[1.592s] -- Found tf2_geometry_msgs: 0.36.19 (/opt/ros/jazzy/share/tf2_geometry_msgs/cmake)
[1.616s] -- Found eigen3_cmake_module: 0.3.0 (/opt/ros/jazzy/share/eigen3_cmake_module/cmake)
[1.618s] -- Found Eigen3: TRUE (found version "3.4.0") 
[1.618s] -- Ensuring Eigen3 include directory is part of orocos-kdl CMake target
[1.780s] -- Found visualization_msgs: 5.3.6 (/opt/ros/jazzy/share/visualization_msgs/cmake)
[1.817s] -- Found std_srvs: 5.3.6 (/opt/ros/jazzy/share/std_srvs/cmake)
[2.073s] -- Found MPI_C: /usr/lib/x86_64-linux-gnu/openmpi/lib/libmpi.so (found version "3.1") 
[3.277s] -- Found MPI_CXX: /usr/lib/x86_64-linux-gnu/openmpi/lib/libmpi_cxx.so (found version "3.1") 
[3.277s] -- Found MPI: TRUE (found version "3.1")  
[3.300s] -- Found TIFF: /usr/lib/x86_64-linux-gnu/libtiff.so (found version "4.5.1")  
[3.310s] -- Found GDAL: /usr/lib/x86_64-linux-gnu/libgdal.so (found version "3.8.4") 
[3.322s] -- Found OpenCV: /usr (found version "4.6.0") 
[3.324s] -- Found FLANN: /usr/include/flann  
[3.324s] -- Try to find LZ4: find_path + find_library
[3.325s] -- Try to find LZ4: FindPackageHandleStandardArgs
[3.326s] -- Found LZ4: /usr/lib/x86_64-linux-gnu/liblz4.so  
[3.439s] -- Found GSL: /usr/include (found version "2.7.1") 
[4.435s] -- Found HDF5: /usr/lib/x86_64-linux-gnu/hdf5/serial/libhdf5.so;/usr/lib/x86_64-linux-gnu/libcrypto.so;/usr/lib/x86_64-linux-gnu/libcurl.so;/usr/lib/x86_64-linux-gnu/libpthread.a;/usr/lib/x86_64-linux-gnu/libsz.so;/usr/lib/x86_64-linux-gnu/libz.so;/usr/lib/x86_64-linux-gnu/libdl.a;/usr/lib/x86_64-linux-gnu/libm.so;/usr/lib/x86_64-linux-gnu/hdf5/serial/libhdf5_cpp.so;/usr/lib/x86_64-linux-gnu/hdf5/serial/libhdf5.so;/usr/lib/x86_64-linux-gnu/libcrypto.so;/usr/lib/x86_64-linux-gnu/libcurl.so;/usr/lib/x86_64-linux-gnu/libpthread.a;/usr/lib/x86_64-linux-gnu/libsz.so;/usr/lib/x86_64-linux-gnu/libz.so;/usr/lib/x86_64-linux-gnu/libdl.a;/usr/lib/x86_64-linux-gnu/libm.so (found version "1.10.10") found components: C CXX HL 
[4.447s] -- Found OpenGL: /usr/lib/x86_64-linux-gnu/libOpenGL.so  found components: OpenGL 
[4.554s] -- Found GLUT: /usr/lib/x86_64-linux-gnu/libglut.so  
[4.582s] -- Found PkgConfig: /usr/bin/pkg-config (found version "1.8.1") 
[4.583s] -- Checking for module 'jsoncpp'
[4.611s] --   Found jsoncpp, version 1.9.5
[4.691s] -- Found gtest sources under '/opt/ros/jazzy/src/gtest_vendor': C++ tests using 'Google Test' will be built
[4.696s] -- Found Threads: TRUE  
[4.801s] -- Configuring done (4.8s)
[4.906s] -- Generating done (0.1s)
[4.919s] -- Build files have been written to: /root/Shared/MIAPR_Projekt/colcon_ws/build/mesh_map
[4.936s] Invoked command in '/root/Shared/MIAPR_Projekt/colcon_ws/build/mesh_map' returned '0': AMENT_PREFIX_PATH=/root/Shared/MIAPR_Projekt/colcon_ws/install/mesh_msgs_conversions:/root/Shared/MIAPR_Projekt/colcon_ws/install/mesh_msgs:${AMENT_PREFIX_PATH} CMAKE_PREFIX_PATH=/root/Shared/MIAPR_Projekt/colcon_ws/install/mesh_msgs_conversions:/root/Shared/MIAPR_Projekt/colcon_ws/install/mesh_msgs:/opt/ros/jazzy/opt/gz_math_vendor:/opt/ros/jazzy/opt/gz_utils_vendor:/opt/ros/jazzy/opt/gz_cmake_vendor:/opt/ros/jazzy LD_LIBRARY_PATH=/root/Shared/MIAPR_Projekt/colcon_ws/install/mesh_msgs_conversions/lib:/root/Shared/MIAPR_Projekt/colcon_ws/install/mesh_msgs/lib:${LD_LIBRARY_PATH} PYTHONPATH=/root/Shared/MIAPR_Projekt/colcon_ws/install/mesh_msgs/lib/python3.12/site-packages:${PYTHONPATH} /usr/bin/cmake /root/Shared/MIAPR_Projekt/colcon_ws/src/mesh_navigation/mesh_map -DAMENT_CMAKE_SYMLINK_INSTALL=1 -DCMAKE_INSTALL_PREFIX=/root/Shared/MIAPR_Projekt/colcon_ws/install/mesh_map
[4.937s] Invoking command in '/root/Shared/MIAPR_Projekt/colcon_ws/build/mesh_map': AMENT_PREFIX_PATH=/root/Shared/MIAPR_Projekt/colcon_ws/install/mesh_msgs_conversions:/root/Shared/MIAPR_Projekt/colcon_ws/install/mesh_msgs:${AMENT_PREFIX_PATH} CMAKE_PREFIX_PATH=/root/Shared/MIAPR_Projekt/colcon_ws/install/mesh_msgs_conversions:/root/Shared/MIAPR_Projekt/colcon_ws/install/mesh_msgs:/opt/ros/jazzy/opt/gz_math_vendor:/opt/ros/jazzy/opt/gz_utils_vendor:/opt/ros/jazzy/opt/gz_cmake_vendor:/opt/ros/jazzy LD_LIBRARY_PATH=/root/Shared/MIAPR_Projekt/colcon_ws/install/mesh_msgs_conversions/lib:/root/Shared/MIAPR_Projekt/colcon_ws/install/mesh_msgs/lib:${LD_LIBRARY_PATH} PYTHONPATH=/root/Shared/MIAPR_Projekt/colcon_ws/install/mesh_msgs/lib/python3.12/site-packages:${PYTHONPATH} /usr/bin/cmake --build /root/Shared/MIAPR_Projekt/colcon_ws/build/mesh_map -- -j12 -l12
[5.006s] [ 14%] [32mBuilding CXX object gtest/CMakeFiles/gtest.dir/src/gtest-all.cc.o[0m
[5.007s] [ 14%] [32mBuilding CXX object gtest/CMakeFiles/gtest_main.dir/src/gtest_main.cc.o[0m
[5.007s] [ 21%] [32mBuilding CXX object CMakeFiles/mesh_map.dir/src/util.cpp.o[0m
[5.007s] [ 35%] [32mBuilding CXX object CMakeFiles/mesh_map.dir/src/timer.cpp.o[0m
[5.007s] [ 35%] [32mBuilding CXX object CMakeFiles/mesh_map.dir/src/layer_manager.cpp.o[0m
[5.008s] [ 50%] [32mBuilding CXX object CMakeFiles/mesh_map.dir/src/abstract_layer.cpp.o[0m
[5.009s] [ 50%] [32mBuilding CXX object CMakeFiles/mesh_map.dir/src/mesh_map.cpp.o[0m
[5.918s] [ 57%] [32m[1mLinking CXX static library libgtest_main.a[0m
[5.962s] [ 57%] Built target gtest_main
[14.305s] [ 64%] [32m[1mLinking CXX static library libgtest.a[0m
[14.356s] [ 64%] Built target gtest
[41.878s] [ 71%] [32m[1mLinking CXX shared library libmesh_map.so[0m
[43.198s] [ 71%] Built target mesh_map
[43.226s] [ 78%] [32mBuilding CXX object CMakeFiles/mesh_map_test_layer_plugin.dir/test/layer_plugin.cpp.o[0m
[43.228s] [ 85%] [32mBuilding CXX object CMakeFiles/mesh_map_mesh_map_test.dir/test/mesh_map_test.cpp.o[0m
[49.433s] [ 92%] [32m[1mLinking CXX shared library libmesh_map_test_layer_plugin.so[0m
[49.725s] [ 92%] Built target mesh_map_test_layer_plugin
[58.692s] [100%] [32m[1mLinking CXX executable mesh_map_mesh_map_test[0m
[59.474s] [100%] Built target mesh_map_mesh_map_test
[59.490s] Invoked command in '/root/Shared/MIAPR_Projekt/colcon_ws/build/mesh_map' returned '0': AMENT_PREFIX_PATH=/root/Shared/MIAPR_Projekt/colcon_ws/install/mesh_msgs_conversions:/root/Shared/MIAPR_Projekt/colcon_ws/install/mesh_msgs:${AMENT_PREFIX_PATH} CMAKE_PREFIX_PATH=/root/Shared/MIAPR_Projekt/colcon_ws/install/mesh_msgs_conversions:/root/Shared/MIAPR_Projekt/colcon_ws/install/mesh_msgs:/opt/ros/jazzy/opt/gz_math_vendor:/opt/ros/jazzy/opt/gz_utils_vendor:/opt/ros/jazzy/opt/gz_cmake_vendor:/opt/ros/jazzy LD_LIBRARY_PATH=/root/Shared/MIAPR_Projekt/colcon_ws/install/mesh_msgs_conversions/lib:/root/Shared/MIAPR_Projekt/colcon_ws/install/mesh_msgs/lib:${LD_LIBRARY_PATH} PYTHONPATH=/root/Shared/MIAPR_Projekt/colcon_ws/install/mesh_msgs/lib/python3.12/site-packages:${PYTHONPATH} /usr/bin/cmake --build /root/Shared/MIAPR_Projekt/colcon_ws/build/mesh_map -- -j12 -l12
[59.492s] Invoking command in '/root/Shared/MIAPR_Projekt/colcon_ws/build/mesh_map': AMENT_PREFIX_PATH=/root/Shared/MIAPR_Projekt/colcon_ws/install/mesh_msgs_conversions:/root/Shared/MIAPR_Projekt/colcon_ws/install/mesh_msgs:${AMENT_PREFIX_PATH} CMAKE_PREFIX_PATH=/root/Shared/MIAPR_Projekt/colcon_ws/install/mesh_msgs_conversions:/root/Shared/MIAPR_Projekt/colcon_ws/install/mesh_msgs:/opt/ros/jazzy/opt/gz_math_vendor:/opt/ros/jazzy/opt/gz_utils_vendor:/opt/ros/jazzy/opt/gz_cmake_vendor:/opt/ros/jazzy LD_LIBRARY_PATH=/root/Shared/MIAPR_Projekt/colcon_ws/install/mesh_msgs_conversions/lib:/root/Shared/MIAPR_Projekt/colcon_ws/install/mesh_msgs/lib:${LD_LIBRARY_PATH} PYTHONPATH=/root/Shared/MIAPR_Projekt/colcon_ws/install/mesh_msgs/lib/python3.12/site-packages:${PYTHONPATH} /usr/bin/cmake --install /root/Shared/MIAPR_Projekt/colcon_ws/build/mesh_map
[59.501s] -- Install configuration: "Release"
[59.502s] -- Execute custom install script
[59.502s] -- Symlinking: /root/Shared/MIAPR_Projekt/colcon_ws/install/mesh_map/include/mesh_map/abstract_layer.h
[59.514s] -- Symlinking: /root/Shared/MIAPR_Projekt/colcon_ws/install/mesh_map/include/mesh_map/definitions.h
[59.525s] -- Symlinking: /root/Shared/MIAPR_Projekt/colcon_ws/install/mesh_map/include/mesh_map/layer_manager.h
[59.537s] -- Symlinking: /root/Shared/MIAPR_Projekt/colcon_ws/install/mesh_map/include/mesh_map/mesh_map.h
[59.548s] -- Symlinking: /root/Shared/MIAPR_Projekt/colcon_ws/install/mesh_map/include/mesh_map/nanoflann.hpp
[59.560s] -- Symlinking: /root/Shared/MIAPR_Projekt/colcon_ws/install/mesh_map/include/mesh_map/nanoflann_mesh_adaptor.h
[59.571s] -- Symlinking: /root/Shared/MIAPR_Projekt/colcon_ws/install/mesh_map/include/mesh_map/timer.h
[59.582s] -- Symlinking: /root/Shared/MIAPR_Projekt/colcon_ws/install/mesh_map/include/mesh_map/util.h
[59.594s] -- Symlinking: /root/Shared/MIAPR_Projekt/colcon_ws/install/mesh_map/share/mesh_map/test/layer_plugin.xml
[59.605s] -- Symlinking: /root/Shared/MIAPR_Projekt/colcon_ws/install/mesh_map/lib/libmesh_map_test_layer_plugin.so
[59.618s] -- Symlinking: /root/Shared/MIAPR_Projekt/colcon_ws/install/mesh_map/share/mesh_map/environment/library_path.sh
[59.630s] -- Symlinking: /root/Shared/MIAPR_Projekt/colcon_ws/install/mesh_map/share/mesh_map/environment/library_path.dsv
[59.641s] -- Symlinking: /root/Shared/MIAPR_Projekt/colcon_ws/install/mesh_map/share/ament_index/resource_index/package_run_dependencies/mesh_map
[59.653s] -- Symlinking: /root/Shared/MIAPR_Projekt/colcon_ws/install/mesh_map/share/ament_index/resource_index/parent_prefix_path/mesh_map
[59.665s] -- Symlinking: /root/Shared/MIAPR_Projekt/colcon_ws/install/mesh_map/share/mesh_map/environment/ament_prefix_path.sh
[59.676s] -- Symlinking: /root/Shared/MIAPR_Projekt/colcon_ws/install/mesh_map/share/mesh_map/environment/ament_prefix_path.dsv
[59.688s] -- Symlinking: /root/Shared/MIAPR_Projekt/colcon_ws/install/mesh_map/share/mesh_map/environment/path.sh
[59.699s] -- Symlinking: /root/Shared/MIAPR_Projekt/colcon_ws/install/mesh_map/share/mesh_map/environment/path.dsv
[59.710s] -- Symlinking: /root/Shared/MIAPR_Projekt/colcon_ws/install/mesh_map/share/mesh_map/local_setup.bash
[59.721s] -- Symlinking: /root/Shared/MIAPR_Projekt/colcon_ws/install/mesh_map/share/mesh_map/local_setup.sh
[59.733s] -- Symlinking: /root/Shared/MIAPR_Projekt/colcon_ws/install/mesh_map/share/mesh_map/local_setup.zsh
[59.746s] -- Symlinking: /root/Shared/MIAPR_Projekt/colcon_ws/install/mesh_map/share/mesh_map/local_setup.dsv
[59.757s] -- Symlinking: /root/Shared/MIAPR_Projekt/colcon_ws/install/mesh_map/share/mesh_map/package.dsv
[59.768s] -- Symlinking: /root/Shared/MIAPR_Projekt/colcon_ws/install/mesh_map/share/ament_index/resource_index/packages/mesh_map
[59.780s] -- Symlinking: /root/Shared/MIAPR_Projekt/colcon_ws/install/mesh_map/share/ament_index/resource_index/mesh_map__pluginlib__plugin/mesh_map
[59.793s] -- Symlinking: /root/Shared/MIAPR_Projekt/colcon_ws/install/mesh_map/share/mesh_map/cmake/ament_cmake_export_include_directories-extras.cmake
[59.804s] -- Symlinking: /root/Shared/MIAPR_Projekt/colcon_ws/install/mesh_map/share/mesh_map/cmake/ament_cmake_export_libraries-extras.cmake
[59.815s] -- Symlinking: /root/Shared/MIAPR_Projekt/colcon_ws/install/mesh_map/share/mesh_map/cmake/ament_cmake_export_dependencies-extras.cmake
[59.827s] -- Symlinking: /root/Shared/MIAPR_Projekt/colcon_ws/install/mesh_map/share/mesh_map/cmake/mesh_mapConfig.cmake
[59.838s] -- Symlinking: /root/Shared/MIAPR_Projekt/colcon_ws/install/mesh_map/share/mesh_map/cmake/mesh_mapConfig-version.cmake
[59.850s] -- Symlinking: /root/Shared/MIAPR_Projekt/colcon_ws/install/mesh_map/share/mesh_map/package.xml
[59.861s] -- Installing: /root/Shared/MIAPR_Projekt/colcon_ws/install/mesh_map/lib/libmesh_map.so
[59.865s] -- Set non-toolchain portion of runtime path of "/root/Shared/MIAPR_Projekt/colcon_ws/install/mesh_map/lib/libmesh_map.so" to ""
[59.868s] Invoked command in '/root/Shared/MIAPR_Projekt/colcon_ws/build/mesh_map' returned '0': AMENT_PREFIX_PATH=/root/Shared/MIAPR_Projekt/colcon_ws/install/mesh_msgs_conversions:/root/Shared/MIAPR_Projekt/colcon_ws/install/mesh_msgs:${AMENT_PREFIX_PATH} CMAKE_PREFIX_PATH=/root/Shared/MIAPR_Projekt/colcon_ws/install/mesh_msgs_conversions:/root/Shared/MIAPR_Projekt/colcon_ws/install/mesh_msgs:/opt/ros/jazzy/opt/gz_math_vendor:/opt/ros/jazzy/opt/gz_utils_vendor:/opt/ros/jazzy/opt/gz_cmake_vendor:/opt/ros/jazzy LD_LIBRARY_PATH=/root/Shared/MIAPR_Projekt/colcon_ws/install/mesh_msgs_conversions/lib:/root/Shared/MIAPR_Projekt/colcon_ws/install/mesh_msgs/lib:${LD_LIBRARY_PATH} PYTHONPATH=/root/Shared/MIAPR_Projekt/colcon_ws/install/mesh_msgs/lib/python3.12/site-packages:${PYTHONPATH} /usr/bin/cmake --install /root/Shared/MIAPR_Projekt/colcon_ws/build/mesh_map
