[  0%] Built target mesh_msgs__rosidl_generator_type_description
[  0%] Built target ament_cmake_python_symlink_mesh_msgs
[  0%] Built target mesh_msgs__cpp
[ 28%] Built target mesh_msgs__rosidl_generator_c
[ 38%] Built target mesh_msgs__rosidl_typesupport_cpp
[ 48%] Built target mesh_msgs__rosidl_typesupport_c
[ 58%] Built target mesh_msgs__rosidl_typesupport_introspection_c
[ 67%] Built target mesh_msgs__rosidl_typesupport_introspection_cpp
[ 77%] Built target mesh_msgs__rosidl_typesupport_fastrtps_c
[ 87%] Built target mesh_msgs__rosidl_typesupport_fastrtps_cpp
[ 87%] Built target mesh_msgs
[ 87%] Built target mesh_msgs__py
[ 97%] Built target mesh_msgs__rosidl_generator_py
running egg_info
writing mesh_msgs.egg-info/PKG-INFO
writing dependency_links to mesh_msgs.egg-info/dependency_links.txt
writing top-level names to mesh_msgs.egg-info/top_level.txt
[ 98%] Built target mesh_msgs_s__rosidl_typesupport_fastrtps_c
[ 99%] Built target mesh_msgs_s__rosidl_typesupport_introspection_c
[100%] Built target mesh_msgs_s__rosidl_typesupport_c
reading manifest file 'mesh_msgs.egg-info/SOURCES.txt'
writing manifest file 'mesh_msgs.egg-info/SOURCES.txt'
[100%] Built target ament_cmake_python_build_mesh_msgs_egg
-- Install configuration: ""
-- Execute custom install script
-- Up-to-date symlink: /root/Shared/MIAPR_Projekt/colcon_ws/install/mesh_msgs/share/ament_index/resource_index/rosidl_interfaces/mesh_msgs
-- Up-to-date symlink: /root/Shared/MIAPR_Projekt/colcon_ws/install/mesh_msgs/share/mesh_msgs/msg/MeshFaceCluster.json
-- Up-to-date symlink: /root/Shared/MIAPR_Projekt/colcon_ws/install/mesh_msgs/share/mesh_msgs/msg/MeshFaceClusterStamped.json
-- Up-to-date symlink: /root/Shared/MIAPR_Projekt/colcon_ws/install/mesh_msgs/share/mesh_msgs/msg/MeshMaterial.json
-- Up-to-date symlink: /root/Shared/MIAPR_Projekt/colcon_ws/install/mesh_msgs/share/mesh_msgs/msg/MeshGeometry.json
-- Up-to-date symlink: /root/Shared/MIAPR_Projekt/colcon_ws/install/mesh_msgs/share/mesh_msgs/msg/MeshGeometryStamped.json
-- Up-to-date symlink: /root/Shared/MIAPR_Projekt/colcon_ws/install/mesh_msgs/share/mesh_msgs/msg/MeshMaterials.json
-- Up-to-date symlink: /root/Shared/MIAPR_Projekt/colcon_ws/install/mesh_msgs/share/mesh_msgs/msg/MeshMaterialsStamped.json
-- Up-to-date symlink: /root/Shared/MIAPR_Projekt/colcon_ws/install/mesh_msgs/share/mesh_msgs/msg/MeshVertexColors.json
-- Up-to-date symlink: /root/Shared/MIAPR_Projekt/colcon_ws/install/mesh_msgs/share/mesh_msgs/msg/MeshVertexColorsStamped.json
-- Up-to-date symlink: /root/Shared/MIAPR_Projekt/colcon_ws/install/mesh_msgs/share/mesh_msgs/msg/MeshVertexCosts.json
-- Up-to-date symlink: /root/Shared/MIAPR_Projekt/colcon_ws/install/mesh_msgs/share/mesh_msgs/msg/MeshVertexCostsStamped.json
-- Up-to-date symlink: /root/Shared/MIAPR_Projekt/colcon_ws/install/mesh_msgs/share/mesh_msgs/msg/MeshVertexCostsSparse.json
-- Up-to-date symlink: /root/Shared/MIAPR_Projekt/colcon_ws/install/mesh_msgs/share/mesh_msgs/msg/MeshVertexCostsSparseStamped.json
-- Up-to-date symlink: /root/Shared/MIAPR_Projekt/colcon_ws/install/mesh_msgs/share/mesh_msgs/msg/MeshTexture.json
-- Up-to-date symlink: /root/Shared/MIAPR_Projekt/colcon_ws/install/mesh_msgs/share/mesh_msgs/msg/MeshTriangleIndices.json
-- Up-to-date symlink: /root/Shared/MIAPR_Projekt/colcon_ws/install/mesh_msgs/share/mesh_msgs/msg/VectorField.json
-- Up-to-date symlink: /root/Shared/MIAPR_Projekt/colcon_ws/install/mesh_msgs/share/mesh_msgs/msg/VectorFieldStamped.json
-- Up-to-date symlink: /root/Shared/MIAPR_Projekt/colcon_ws/install/mesh_msgs/share/mesh_msgs/msg/MeshVertexTexCoords.json
-- Up-to-date symlink: /root/Shared/MIAPR_Projekt/colcon_ws/install/mesh_msgs/share/mesh_msgs/srv/GetGeometry.json
-- Up-to-date symlink: /root/Shared/MIAPR_Projekt/colcon_ws/install/mesh_msgs/share/mesh_msgs/srv/GetLabeledClusters.json
-- Up-to-date symlink: /root/Shared/MIAPR_Projekt/colcon_ws/install/mesh_msgs/share/mesh_msgs/srv/GetMaterials.json
-- Up-to-date symlink: /root/Shared/MIAPR_Projekt/colcon_ws/install/mesh_msgs/share/mesh_msgs/srv/GetTexture.json
-- Up-to-date symlink: /root/Shared/MIAPR_Projekt/colcon_ws/install/mesh_msgs/share/mesh_msgs/srv/GetUUIDs.json
-- Up-to-date symlink: /root/Shared/MIAPR_Projekt/colcon_ws/install/mesh_msgs/share/mesh_msgs/srv/GetVertexColors.json
-- Up-to-date symlink: /root/Shared/MIAPR_Projekt/colcon_ws/install/mesh_msgs/share/mesh_msgs/srv/GetVertexCosts.json
-- Up-to-date symlink: /root/Shared/MIAPR_Projekt/colcon_ws/install/mesh_msgs/share/mesh_msgs/srv/GetVertexCostLayers.json
-- Up-to-date symlink: /root/Shared/MIAPR_Projekt/colcon_ws/install/mesh_msgs/include/mesh_msgs/mesh_msgs/msg/detail/mesh_face_cluster__functions.h
-- Up-to-date symlink: /root/Shared/MIAPR_Projekt/colcon_ws/install/mesh_msgs/include/mesh_msgs/mesh_msgs/msg/detail/mesh_face_cluster__struct.h
-- Up-to-date symlink: /root/Shared/MIAPR_Projekt/colcon_ws/install/mesh_msgs/include/mesh_msgs/mesh_msgs/msg/detail/mesh_face_cluster__type_support.h
-- Up-to-date symlink: /root/Shared/MIAPR_Projekt/colcon_ws/install/mesh_msgs/include/mesh_msgs/mesh_msgs/msg/detail/mesh_face_cluster_stamped__functions.h
-- Up-to-date symlink: /root/Shared/MIAPR_Projekt/colcon_ws/install/mesh_msgs/include/mesh_msgs/mesh_msgs/msg/detail/mesh_face_cluster_stamped__struct.h
-- Up-to-date symlink: /root/Shared/MIAPR_Projekt/colcon_ws/install/mesh_msgs/include/mesh_msgs/mesh_msgs/msg/detail/mesh_face_cluster_stamped__type_support.h
-- Up-to-date symlink: /root/Shared/MIAPR_Projekt/colcon_ws/install/mesh_msgs/include/mesh_msgs/mesh_msgs/msg/detail/mesh_geometry__functions.h
-- Up-to-date symlink: /root/Shared/MIAPR_Projekt/colcon_ws/install/mesh_msgs/include/mesh_msgs/mesh_msgs/msg/detail/mesh_geometry__struct.h
-- Up-to-date symlink: /root/Shared/MIAPR_Projekt/colcon_ws/install/mesh_msgs/include/mesh_msgs/mesh_msgs/msg/detail/mesh_geometry__type_support.h
-- Up-to-date symlink: /root/Shared/MIAPR_Projekt/colcon_ws/install/mesh_msgs/include/mesh_msgs/mesh_msgs/msg/detail/mesh_geometry_stamped__functions.h
-- Up-to-date symlink: /root/Shared/MIAPR_Projekt/colcon_ws/install/mesh_msgs/include/mesh_msgs/mesh_msgs/msg/detail/mesh_geometry_stamped__struct.h
-- Up-to-date symlink: /root/Shared/MIAPR_Projekt/colcon_ws/install/mesh_msgs/include/mesh_msgs/mesh_msgs/msg/detail/mesh_geometry_stamped__type_support.h
-- Up-to-date symlink: /root/Shared/MIAPR_Projekt/colcon_ws/install/mesh_msgs/include/mesh_msgs/mesh_msgs/msg/detail/mesh_material__functions.h
-- Up-to-date symlink: /root/Shared/MIAPR_Projekt/colcon_ws/install/mesh_msgs/include/mesh_msgs/mesh_msgs/msg/detail/mesh_material__struct.h
-- Up-to-date symlink: /root/Shared/MIAPR_Projekt/colcon_ws/install/mesh_msgs/include/mesh_msgs/mesh_msgs/msg/detail/mesh_material__type_support.h
-- Up-to-date symlink: /root/Shared/MIAPR_Projekt/colcon_ws/install/mesh_msgs/include/mesh_msgs/mesh_msgs/msg/detail/mesh_materials__functions.h
-- Up-to-date symlink: /root/Shared/MIAPR_Projekt/colcon_ws/install/mesh_msgs/include/mesh_msgs/mesh_msgs/msg/detail/mesh_materials__struct.h
-- Up-to-date symlink: /root/Shared/MIAPR_Projekt/colcon_ws/install/mesh_msgs/include/mesh_msgs/mesh_msgs/msg/detail/mesh_materials__type_support.h
-- Up-to-date symlink: /root/Shared/MIAPR_Projekt/colcon_ws/install/mesh_msgs/include/mesh_msgs/mesh_msgs/msg/detail/mesh_materials_stamped__functions.h
-- Up-to-date symlink: /root/Shared/MIAPR_Projekt/colcon_ws/install/mesh_msgs/include/mesh_msgs/mesh_msgs/msg/detail/mesh_materials_stamped__struct.h
-- Up-to-date symlink: /root/Shared/MIAPR_Projekt/colcon_ws/install/mesh_msgs/include/mesh_msgs/mesh_msgs/msg/detail/mesh_materials_stamped__type_support.h
-- Up-to-date symlink: /root/Shared/MIAPR_Projekt/colcon_ws/install/mesh_msgs/include/mesh_msgs/mesh_msgs/msg/detail/mesh_texture__functions.h
-- Up-to-date symlink: /root/Shared/MIAPR_Projekt/colcon_ws/install/mesh_msgs/include/mesh_msgs/mesh_msgs/msg/detail/mesh_texture__struct.h
-- Up-to-date symlink: /root/Shared/MIAPR_Projekt/colcon_ws/install/mesh_msgs/include/mesh_msgs/mesh_msgs/msg/detail/mesh_texture__type_support.h
-- Up-to-date symlink: /root/Shared/MIAPR_Projekt/colcon_ws/install/mesh_msgs/include/mesh_msgs/mesh_msgs/msg/detail/mesh_triangle_indices__functions.h
-- Up-to-date symlink: /root/Shared/MIAPR_Projekt/colcon_ws/install/mesh_msgs/include/mesh_msgs/mesh_msgs/msg/detail/mesh_triangle_indices__struct.h
-- Up-to-date symlink: /root/Shared/MIAPR_Projekt/colcon_ws/install/mesh_msgs/include/mesh_msgs/mesh_msgs/msg/detail/mesh_triangle_indices__type_support.h
-- Up-to-date symlink: /root/Shared/MIAPR_Projekt/colcon_ws/install/mesh_msgs/include/mesh_msgs/mesh_msgs/msg/detail/mesh_vertex_colors__functions.h
-- Up-to-date symlink: /root/Shared/MIAPR_Projekt/colcon_ws/install/mesh_msgs/include/mesh_msgs/mesh_msgs/msg/detail/mesh_vertex_colors__struct.h
-- Up-to-date symlink: /root/Shared/MIAPR_Projekt/colcon_ws/install/mesh_msgs/include/mesh_msgs/mesh_msgs/msg/detail/mesh_vertex_colors__type_support.h
-- Up-to-date symlink: /root/Shared/MIAPR_Projekt/colcon_ws/install/mesh_msgs/include/mesh_msgs/mesh_msgs/msg/detail/mesh_vertex_colors_stamped__functions.h
-- Up-to-date symlink: /root/Shared/MIAPR_Projekt/colcon_ws/install/mesh_msgs/include/mesh_msgs/mesh_msgs/msg/detail/mesh_vertex_colors_stamped__struct.h
-- Up-to-date symlink: /root/Shared/MIAPR_Projekt/colcon_ws/install/mesh_msgs/include/mesh_msgs/mesh_msgs/msg/detail/mesh_vertex_colors_stamped__type_support.h
-- Up-to-date symlink: /root/Shared/MIAPR_Projekt/colcon_ws/install/mesh_msgs/include/mesh_msgs/mesh_msgs/msg/detail/mesh_vertex_costs__functions.h
-- Up-to-date symlink: /root/Shared/MIAPR_Projekt/colcon_ws/install/mesh_msgs/include/mesh_msgs/mesh_msgs/msg/detail/mesh_vertex_costs__struct.h
-- Up-to-date symlink: /root/Shared/MIAPR_Projekt/colcon_ws/install/mesh_msgs/include/mesh_msgs/mesh_msgs/msg/detail/mesh_vertex_costs__type_support.h
-- Up-to-date symlink: /root/Shared/MIAPR_Projekt/colcon_ws/install/mesh_msgs/include/mesh_msgs/mesh_msgs/msg/detail/mesh_vertex_costs_sparse__functions.h
-- Up-to-date symlink: /root/Shared/MIAPR_Projekt/colcon_ws/install/mesh_msgs/include/mesh_msgs/mesh_msgs/msg/detail/mesh_vertex_costs_sparse__struct.h
-- Up-to-date symlink: /root/Shared/MIAPR_Projekt/colcon_ws/install/mesh_msgs/include/mesh_msgs/mesh_msgs/msg/detail/mesh_vertex_costs_sparse__type_support.h
-- Up-to-date symlink: /root/Shared/MIAPR_Projekt/colcon_ws/install/mesh_msgs/include/mesh_msgs/mesh_msgs/msg/detail/mesh_vertex_costs_sparse_stamped__functions.h
-- Up-to-date symlink: /root/Shared/MIAPR_Projekt/colcon_ws/install/mesh_msgs/include/mesh_msgs/mesh_msgs/msg/detail/mesh_vertex_costs_sparse_stamped__struct.h
-- Up-to-date symlink: /root/Shared/MIAPR_Projekt/colcon_ws/install/mesh_msgs/include/mesh_msgs/mesh_msgs/msg/detail/mesh_vertex_costs_sparse_stamped__type_support.h
-- Up-to-date symlink: /root/Shared/MIAPR_Projekt/colcon_ws/install/mesh_msgs/include/mesh_msgs/mesh_msgs/msg/detail/mesh_vertex_costs_stamped__functions.h
-- Up-to-date symlink: /root/Shared/MIAPR_Projekt/colcon_ws/install/mesh_msgs/include/mesh_msgs/mesh_msgs/msg/detail/mesh_vertex_costs_stamped__struct.h
-- Up-to-date symlink: /root/Shared/MIAPR_Projekt/colcon_ws/install/mesh_msgs/include/mesh_msgs/mesh_msgs/msg/detail/mesh_vertex_costs_stamped__type_support.h
-- Up-to-date symlink: /root/Shared/MIAPR_Projekt/colcon_ws/install/mesh_msgs/include/mesh_msgs/mesh_msgs/msg/detail/mesh_vertex_tex_coords__functions.h
-- Up-to-date symlink: /root/Shared/MIAPR_Projekt/colcon_ws/install/mesh_msgs/include/mesh_msgs/mesh_msgs/msg/detail/mesh_vertex_tex_coords__struct.h
-- Up-to-date symlink: /root/Shared/MIAPR_Projekt/colcon_ws/install/mesh_msgs/include/mesh_msgs/mesh_msgs/msg/detail/mesh_vertex_tex_coords__type_support.h
-- Up-to-date symlink: /root/Shared/MIAPR_Projekt/colcon_ws/install/mesh_msgs/include/mesh_msgs/mesh_msgs/msg/detail/vector_field__functions.h
-- Up-to-date symlink: /root/Shared/MIAPR_Projekt/colcon_ws/install/mesh_msgs/include/mesh_msgs/mesh_msgs/msg/detail/vector_field__struct.h
-- Up-to-date symlink: /root/Shared/MIAPR_Projekt/colcon_ws/install/mesh_msgs/include/mesh_msgs/mesh_msgs/msg/detail/vector_field__type_support.h
-- Up-to-date symlink: /root/Shared/MIAPR_Projekt/colcon_ws/install/mesh_msgs/include/mesh_msgs/mesh_msgs/msg/detail/vector_field_stamped__functions.h
-- Up-to-date symlink: /root/Shared/MIAPR_Projekt/colcon_ws/install/mesh_msgs/include/mesh_msgs/mesh_msgs/msg/detail/vector_field_stamped__struct.h
-- Up-to-date symlink: /root/Shared/MIAPR_Projekt/colcon_ws/install/mesh_msgs/include/mesh_msgs/mesh_msgs/msg/detail/vector_field_stamped__type_support.h
-- Up-to-date symlink: /root/Shared/MIAPR_Projekt/colcon_ws/install/mesh_msgs/include/mesh_msgs/mesh_msgs/msg/mesh_face_cluster.h
-- Up-to-date symlink: /root/Shared/MIAPR_Projekt/colcon_ws/install/mesh_msgs/include/mesh_msgs/mesh_msgs/msg/mesh_face_cluster_stamped.h
-- Up-to-date symlink: /root/Shared/MIAPR_Projekt/colcon_ws/install/mesh_msgs/include/mesh_msgs/mesh_msgs/msg/mesh_geometry.h
-- Up-to-date symlink: /root/Shared/MIAPR_Projekt/colcon_ws/install/mesh_msgs/include/mesh_msgs/mesh_msgs/msg/mesh_geometry_stamped.h
-- Up-to-date symlink: /root/Shared/MIAPR_Projekt/colcon_ws/install/mesh_msgs/include/mesh_msgs/mesh_msgs/msg/mesh_material.h
-- Up-to-date symlink: /root/Shared/MIAPR_Projekt/colcon_ws/install/mesh_msgs/include/mesh_msgs/mesh_msgs/msg/mesh_materials.h
-- Up-to-date symlink: /root/Shared/MIAPR_Projekt/colcon_ws/install/mesh_msgs/include/mesh_msgs/mesh_msgs/msg/mesh_materials_stamped.h
-- Up-to-date symlink: /root/Shared/MIAPR_Projekt/colcon_ws/install/mesh_msgs/include/mesh_msgs/mesh_msgs/msg/mesh_texture.h
-- Up-to-date symlink: /root/Shared/MIAPR_Projekt/colcon_ws/install/mesh_msgs/include/mesh_msgs/mesh_msgs/msg/mesh_triangle_indices.h
-- Up-to-date symlink: /root/Shared/MIAPR_Projekt/colcon_ws/install/mesh_msgs/include/mesh_msgs/mesh_msgs/msg/mesh_vertex_colors.h
-- Up-to-date symlink: /root/Shared/MIAPR_Projekt/colcon_ws/install/mesh_msgs/include/mesh_msgs/mesh_msgs/msg/mesh_vertex_colors_stamped.h
-- Up-to-date symlink: /root/Shared/MIAPR_Projekt/colcon_ws/install/mesh_msgs/include/mesh_msgs/mesh_msgs/msg/mesh_vertex_costs.h
-- Up-to-date symlink: /root/Shared/MIAPR_Projekt/colcon_ws/install/mesh_msgs/include/mesh_msgs/mesh_msgs/msg/mesh_vertex_costs_sparse.h
-- Up-to-date symlink: /root/Shared/MIAPR_Projekt/colcon_ws/install/mesh_msgs/include/mesh_msgs/mesh_msgs/msg/mesh_vertex_costs_sparse_stamped.h
-- Up-to-date symlink: /root/Shared/MIAPR_Projekt/colcon_ws/install/mesh_msgs/include/mesh_msgs/mesh_msgs/msg/mesh_vertex_costs_stamped.h
-- Up-to-date symlink: /root/Shared/MIAPR_Projekt/colcon_ws/install/mesh_msgs/include/mesh_msgs/mesh_msgs/msg/mesh_vertex_tex_coords.h
-- Up-to-date symlink: /root/Shared/MIAPR_Projekt/colcon_ws/install/mesh_msgs/include/mesh_msgs/mesh_msgs/msg/rosidl_generator_c__visibility_control.h
-- Up-to-date symlink: /root/Shared/MIAPR_Projekt/colcon_ws/install/mesh_msgs/include/mesh_msgs/mesh_msgs/msg/vector_field.h
-- Up-to-date symlink: /root/Shared/MIAPR_Projekt/colcon_ws/install/mesh_msgs/include/mesh_msgs/mesh_msgs/msg/vector_field_stamped.h
-- Up-to-date symlink: /root/Shared/MIAPR_Projekt/colcon_ws/install/mesh_msgs/include/mesh_msgs/mesh_msgs/srv/detail/get_geometry__functions.h
-- Up-to-date symlink: /root/Shared/MIAPR_Projekt/colcon_ws/install/mesh_msgs/include/mesh_msgs/mesh_msgs/srv/detail/get_geometry__struct.h
-- Up-to-date symlink: /root/Shared/MIAPR_Projekt/colcon_ws/install/mesh_msgs/include/mesh_msgs/mesh_msgs/srv/detail/get_geometry__type_support.h
-- Up-to-date symlink: /root/Shared/MIAPR_Projekt/colcon_ws/install/mesh_msgs/include/mesh_msgs/mesh_msgs/srv/detail/get_labeled_clusters__functions.h
-- Up-to-date symlink: /root/Shared/MIAPR_Projekt/colcon_ws/install/mesh_msgs/include/mesh_msgs/mesh_msgs/srv/detail/get_labeled_clusters__struct.h
-- Up-to-date symlink: /root/Shared/MIAPR_Projekt/colcon_ws/install/mesh_msgs/include/mesh_msgs/mesh_msgs/srv/detail/get_labeled_clusters__type_support.h
-- Up-to-date symlink: /root/Shared/MIAPR_Projekt/colcon_ws/install/mesh_msgs/include/mesh_msgs/mesh_msgs/srv/detail/get_materials__functions.h
-- Up-to-date symlink: /root/Shared/MIAPR_Projekt/colcon_ws/install/mesh_msgs/include/mesh_msgs/mesh_msgs/srv/detail/get_materials__struct.h
-- Up-to-date symlink: /root/Shared/MIAPR_Projekt/colcon_ws/install/mesh_msgs/include/mesh_msgs/mesh_msgs/srv/detail/get_materials__type_support.h
-- Up-to-date symlink: /root/Shared/MIAPR_Projekt/colcon_ws/install/mesh_msgs/include/mesh_msgs/mesh_msgs/srv/detail/get_texture__functions.h
-- Up-to-date symlink: /root/Shared/MIAPR_Projekt/colcon_ws/install/mesh_msgs/include/mesh_msgs/mesh_msgs/srv/detail/get_texture__struct.h
-- Up-to-date symlink: /root/Shared/MIAPR_Projekt/colcon_ws/install/mesh_msgs/include/mesh_msgs/mesh_msgs/srv/detail/get_texture__type_support.h
-- Up-to-date symlink: /root/Shared/MIAPR_Projekt/colcon_ws/install/mesh_msgs/include/mesh_msgs/mesh_msgs/srv/detail/get_uui_ds__functions.h
-- Up-to-date symlink: /root/Shared/MIAPR_Projekt/colcon_ws/install/mesh_msgs/include/mesh_msgs/mesh_msgs/srv/detail/get_uui_ds__struct.h
-- Up-to-date symlink: /root/Shared/MIAPR_Projekt/colcon_ws/install/mesh_msgs/include/mesh_msgs/mesh_msgs/srv/detail/get_uui_ds__type_support.h
-- Up-to-date symlink: /root/Shared/MIAPR_Projekt/colcon_ws/install/mesh_msgs/include/mesh_msgs/mesh_msgs/srv/detail/get_vertex_colors__functions.h
-- Up-to-date symlink: /root/Shared/MIAPR_Projekt/colcon_ws/install/mesh_msgs/include/mesh_msgs/mesh_msgs/srv/detail/get_vertex_colors__struct.h
-- Up-to-date symlink: /root/Shared/MIAPR_Projekt/colcon_ws/install/mesh_msgs/include/mesh_msgs/mesh_msgs/srv/detail/get_vertex_colors__type_support.h
-- Up-to-date symlink: /root/Shared/MIAPR_Projekt/colcon_ws/install/mesh_msgs/include/mesh_msgs/mesh_msgs/srv/detail/get_vertex_cost_layers__functions.h
-- Up-to-date symlink: /root/Shared/MIAPR_Projekt/colcon_ws/install/mesh_msgs/include/mesh_msgs/mesh_msgs/srv/detail/get_vertex_cost_layers__struct.h
-- Up-to-date symlink: /root/Shared/MIAPR_Projekt/colcon_ws/install/mesh_msgs/include/mesh_msgs/mesh_msgs/srv/detail/get_vertex_cost_layers__type_support.h
-- Up-to-date symlink: /root/Shared/MIAPR_Projekt/colcon_ws/install/mesh_msgs/include/mesh_msgs/mesh_msgs/srv/detail/get_vertex_costs__functions.h
-- Up-to-date symlink: /root/Shared/MIAPR_Projekt/colcon_ws/install/mesh_msgs/include/mesh_msgs/mesh_msgs/srv/detail/get_vertex_costs__struct.h
-- Up-to-date symlink: /root/Shared/MIAPR_Projekt/colcon_ws/install/mesh_msgs/include/mesh_msgs/mesh_msgs/srv/detail/get_vertex_costs__type_support.h
-- Up-to-date symlink: /root/Shared/MIAPR_Projekt/colcon_ws/install/mesh_msgs/include/mesh_msgs/mesh_msgs/srv/get_geometry.h
-- Up-to-date symlink: /root/Shared/MIAPR_Projekt/colcon_ws/install/mesh_msgs/include/mesh_msgs/mesh_msgs/srv/get_labeled_clusters.h
-- Up-to-date symlink: /root/Shared/MIAPR_Projekt/colcon_ws/install/mesh_msgs/include/mesh_msgs/mesh_msgs/srv/get_materials.h
-- Up-to-date symlink: /root/Shared/MIAPR_Projekt/colcon_ws/install/mesh_msgs/include/mesh_msgs/mesh_msgs/srv/get_texture.h
-- Up-to-date symlink: /root/Shared/MIAPR_Projekt/colcon_ws/install/mesh_msgs/include/mesh_msgs/mesh_msgs/srv/get_uui_ds.h
-- Up-to-date symlink: /root/Shared/MIAPR_Projekt/colcon_ws/install/mesh_msgs/include/mesh_msgs/mesh_msgs/srv/get_vertex_colors.h
-- Up-to-date symlink: /root/Shared/MIAPR_Projekt/colcon_ws/install/mesh_msgs/include/mesh_msgs/mesh_msgs/srv/get_vertex_cost_layers.h
-- Up-to-date symlink: /root/Shared/MIAPR_Projekt/colcon_ws/install/mesh_msgs/include/mesh_msgs/mesh_msgs/srv/get_vertex_costs.h
-- Up-to-date symlink: /root/Shared/MIAPR_Projekt/colcon_ws/install/mesh_msgs/share/mesh_msgs/environment/library_path.sh
-- Up-to-date symlink: /root/Shared/MIAPR_Projekt/colcon_ws/install/mesh_msgs/share/mesh_msgs/environment/library_path.dsv
-- Up-to-date symlink: /root/Shared/MIAPR_Projekt/colcon_ws/install/mesh_msgs/include/mesh_msgs/mesh_msgs/msg/detail/mesh_face_cluster__rosidl_typesupport_fastrtps_c.h
-- Up-to-date symlink: /root/Shared/MIAPR_Projekt/colcon_ws/install/mesh_msgs/include/mesh_msgs/mesh_msgs/msg/detail/mesh_face_cluster_stamped__rosidl_typesupport_fastrtps_c.h
-- Up-to-date symlink: /root/Shared/MIAPR_Projekt/colcon_ws/install/mesh_msgs/include/mesh_msgs/mesh_msgs/msg/detail/mesh_geometry__rosidl_typesupport_fastrtps_c.h
-- Up-to-date symlink: /root/Shared/MIAPR_Projekt/colcon_ws/install/mesh_msgs/include/mesh_msgs/mesh_msgs/msg/detail/mesh_geometry_stamped__rosidl_typesupport_fastrtps_c.h
-- Up-to-date symlink: /root/Shared/MIAPR_Projekt/colcon_ws/install/mesh_msgs/include/mesh_msgs/mesh_msgs/msg/detail/mesh_material__rosidl_typesupport_fastrtps_c.h
-- Up-to-date symlink: /root/Shared/MIAPR_Projekt/colcon_ws/install/mesh_msgs/include/mesh_msgs/mesh_msgs/msg/detail/mesh_materials__rosidl_typesupport_fastrtps_c.h
-- Up-to-date symlink: /root/Shared/MIAPR_Projekt/colcon_ws/install/mesh_msgs/include/mesh_msgs/mesh_msgs/msg/detail/mesh_materials_stamped__rosidl_typesupport_fastrtps_c.h
-- Up-to-date symlink: /root/Shared/MIAPR_Projekt/colcon_ws/install/mesh_msgs/include/mesh_msgs/mesh_msgs/msg/detail/mesh_texture__rosidl_typesupport_fastrtps_c.h
-- Up-to-date symlink: /root/Shared/MIAPR_Projekt/colcon_ws/install/mesh_msgs/include/mesh_msgs/mesh_msgs/msg/detail/mesh_triangle_indices__rosidl_typesupport_fastrtps_c.h
-- Up-to-date symlink: /root/Shared/MIAPR_Projekt/colcon_ws/install/mesh_msgs/include/mesh_msgs/mesh_msgs/msg/detail/mesh_vertex_colors__rosidl_typesupport_fastrtps_c.h
-- Up-to-date symlink: /root/Shared/MIAPR_Projekt/colcon_ws/install/mesh_msgs/include/mesh_msgs/mesh_msgs/msg/detail/mesh_vertex_colors_stamped__rosidl_typesupport_fastrtps_c.h
-- Up-to-date symlink: /root/Shared/MIAPR_Projekt/colcon_ws/install/mesh_msgs/include/mesh_msgs/mesh_msgs/msg/detail/mesh_vertex_costs__rosidl_typesupport_fastrtps_c.h
-- Up-to-date symlink: /root/Shared/MIAPR_Projekt/colcon_ws/install/mesh_msgs/include/mesh_msgs/mesh_msgs/msg/detail/mesh_vertex_costs_sparse__rosidl_typesupport_fastrtps_c.h
-- Up-to-date symlink: /root/Shared/MIAPR_Projekt/colcon_ws/install/mesh_msgs/include/mesh_msgs/mesh_msgs/msg/detail/mesh_vertex_costs_sparse_stamped__rosidl_typesupport_fastrtps_c.h
-- Up-to-date symlink: /root/Shared/MIAPR_Projekt/colcon_ws/install/mesh_msgs/include/mesh_msgs/mesh_msgs/msg/detail/mesh_vertex_costs_stamped__rosidl_typesupport_fastrtps_c.h
-- Up-to-date symlink: /root/Shared/MIAPR_Projekt/colcon_ws/install/mesh_msgs/include/mesh_msgs/mesh_msgs/msg/detail/mesh_vertex_tex_coords__rosidl_typesupport_fastrtps_c.h
-- Up-to-date symlink: /root/Shared/MIAPR_Projekt/colcon_ws/install/mesh_msgs/include/mesh_msgs/mesh_msgs/msg/detail/vector_field__rosidl_typesupport_fastrtps_c.h
-- Up-to-date symlink: /root/Shared/MIAPR_Projekt/colcon_ws/install/mesh_msgs/include/mesh_msgs/mesh_msgs/msg/detail/vector_field_stamped__rosidl_typesupport_fastrtps_c.h
-- Up-to-date symlink: /root/Shared/MIAPR_Projekt/colcon_ws/install/mesh_msgs/include/mesh_msgs/mesh_msgs/msg/rosidl_typesupport_fastrtps_c__visibility_control.h
-- Up-to-date symlink: /root/Shared/MIAPR_Projekt/colcon_ws/install/mesh_msgs/include/mesh_msgs/mesh_msgs/srv/detail/get_geometry__rosidl_typesupport_fastrtps_c.h
-- Up-to-date symlink: /root/Shared/MIAPR_Projekt/colcon_ws/install/mesh_msgs/include/mesh_msgs/mesh_msgs/srv/detail/get_labeled_clusters__rosidl_typesupport_fastrtps_c.h
-- Up-to-date symlink: /root/Shared/MIAPR_Projekt/colcon_ws/install/mesh_msgs/include/mesh_msgs/mesh_msgs/srv/detail/get_materials__rosidl_typesupport_fastrtps_c.h
-- Up-to-date symlink: /root/Shared/MIAPR_Projekt/colcon_ws/install/mesh_msgs/include/mesh_msgs/mesh_msgs/srv/detail/get_texture__rosidl_typesupport_fastrtps_c.h
-- Up-to-date symlink: /root/Shared/MIAPR_Projekt/colcon_ws/install/mesh_msgs/include/mesh_msgs/mesh_msgs/srv/detail/get_uui_ds__rosidl_typesupport_fastrtps_c.h
-- Up-to-date symlink: /root/Shared/MIAPR_Projekt/colcon_ws/install/mesh_msgs/include/mesh_msgs/mesh_msgs/srv/detail/get_vertex_colors__rosidl_typesupport_fastrtps_c.h
-- Up-to-date symlink: /root/Shared/MIAPR_Projekt/colcon_ws/install/mesh_msgs/include/mesh_msgs/mesh_msgs/srv/detail/get_vertex_cost_layers__rosidl_typesupport_fastrtps_c.h
-- Up-to-date symlink: /root/Shared/MIAPR_Projekt/colcon_ws/install/mesh_msgs/include/mesh_msgs/mesh_msgs/srv/detail/get_vertex_costs__rosidl_typesupport_fastrtps_c.h
-- Up-to-date symlink: /root/Shared/MIAPR_Projekt/colcon_ws/install/mesh_msgs/include/mesh_msgs/mesh_msgs/msg/detail/mesh_face_cluster__rosidl_typesupport_introspection_c.h
-- Up-to-date symlink: /root/Shared/MIAPR_Projekt/colcon_ws/install/mesh_msgs/include/mesh_msgs/mesh_msgs/msg/detail/mesh_face_cluster_stamped__rosidl_typesupport_introspection_c.h
-- Up-to-date symlink: /root/Shared/MIAPR_Projekt/colcon_ws/install/mesh_msgs/include/mesh_msgs/mesh_msgs/msg/detail/mesh_geometry__rosidl_typesupport_introspection_c.h
-- Up-to-date symlink: /root/Shared/MIAPR_Projekt/colcon_ws/install/mesh_msgs/include/mesh_msgs/mesh_msgs/msg/detail/mesh_geometry_stamped__rosidl_typesupport_introspection_c.h
-- Up-to-date symlink: /root/Shared/MIAPR_Projekt/colcon_ws/install/mesh_msgs/include/mesh_msgs/mesh_msgs/msg/detail/mesh_material__rosidl_typesupport_introspection_c.h
-- Up-to-date symlink: /root/Shared/MIAPR_Projekt/colcon_ws/install/mesh_msgs/include/mesh_msgs/mesh_msgs/msg/detail/mesh_materials__rosidl_typesupport_introspection_c.h
-- Up-to-date symlink: /root/Shared/MIAPR_Projekt/colcon_ws/install/mesh_msgs/include/mesh_msgs/mesh_msgs/msg/detail/mesh_materials_stamped__rosidl_typesupport_introspection_c.h
-- Up-to-date symlink: /root/Shared/MIAPR_Projekt/colcon_ws/install/mesh_msgs/include/mesh_msgs/mesh_msgs/msg/detail/mesh_texture__rosidl_typesupport_introspection_c.h
-- Up-to-date symlink: /root/Shared/MIAPR_Projekt/colcon_ws/install/mesh_msgs/include/mesh_msgs/mesh_msgs/msg/detail/mesh_triangle_indices__rosidl_typesupport_introspection_c.h
-- Up-to-date symlink: /root/Shared/MIAPR_Projekt/colcon_ws/install/mesh_msgs/include/mesh_msgs/mesh_msgs/msg/detail/mesh_vertex_colors__rosidl_typesupport_introspection_c.h
-- Up-to-date symlink: /root/Shared/MIAPR_Projekt/colcon_ws/install/mesh_msgs/include/mesh_msgs/mesh_msgs/msg/detail/mesh_vertex_colors_stamped__rosidl_typesupport_introspection_c.h
-- Up-to-date symlink: /root/Shared/MIAPR_Projekt/colcon_ws/install/mesh_msgs/include/mesh_msgs/mesh_msgs/msg/detail/mesh_vertex_costs__rosidl_typesupport_introspection_c.h
-- Up-to-date symlink: /root/Shared/MIAPR_Projekt/colcon_ws/install/mesh_msgs/include/mesh_msgs/mesh_msgs/msg/detail/mesh_vertex_costs_sparse__rosidl_typesupport_introspection_c.h
-- Up-to-date symlink: /root/Shared/MIAPR_Projekt/colcon_ws/install/mesh_msgs/include/mesh_msgs/mesh_msgs/msg/detail/mesh_vertex_costs_sparse_stamped__rosidl_typesupport_introspection_c.h
-- Up-to-date symlink: /root/Shared/MIAPR_Projekt/colcon_ws/install/mesh_msgs/include/mesh_msgs/mesh_msgs/msg/detail/mesh_vertex_costs_stamped__rosidl_typesupport_introspection_c.h
-- Up-to-date symlink: /root/Shared/MIAPR_Projekt/colcon_ws/install/mesh_msgs/include/mesh_msgs/mesh_msgs/msg/detail/mesh_vertex_tex_coords__rosidl_typesupport_introspection_c.h
-- Up-to-date symlink: /root/Shared/MIAPR_Projekt/colcon_ws/install/mesh_msgs/include/mesh_msgs/mesh_msgs/msg/detail/vector_field__rosidl_typesupport_introspection_c.h
-- Up-to-date symlink: /root/Shared/MIAPR_Projekt/colcon_ws/install/mesh_msgs/include/mesh_msgs/mesh_msgs/msg/detail/vector_field_stamped__rosidl_typesupport_introspection_c.h
-- Up-to-date symlink: /root/Shared/MIAPR_Projekt/colcon_ws/install/mesh_msgs/include/mesh_msgs/mesh_msgs/msg/rosidl_typesupport_introspection_c__visibility_control.h
-- Up-to-date symlink: /root/Shared/MIAPR_Projekt/colcon_ws/install/mesh_msgs/include/mesh_msgs/mesh_msgs/srv/detail/get_geometry__rosidl_typesupport_introspection_c.h
-- Up-to-date symlink: /root/Shared/MIAPR_Projekt/colcon_ws/install/mesh_msgs/include/mesh_msgs/mesh_msgs/srv/detail/get_labeled_clusters__rosidl_typesupport_introspection_c.h
-- Up-to-date symlink: /root/Shared/MIAPR_Projekt/colcon_ws/install/mesh_msgs/include/mesh_msgs/mesh_msgs/srv/detail/get_materials__rosidl_typesupport_introspection_c.h
-- Up-to-date symlink: /root/Shared/MIAPR_Projekt/colcon_ws/install/mesh_msgs/include/mesh_msgs/mesh_msgs/srv/detail/get_texture__rosidl_typesupport_introspection_c.h
-- Up-to-date symlink: /root/Shared/MIAPR_Projekt/colcon_ws/install/mesh_msgs/include/mesh_msgs/mesh_msgs/srv/detail/get_uui_ds__rosidl_typesupport_introspection_c.h
-- Up-to-date symlink: /root/Shared/MIAPR_Projekt/colcon_ws/install/mesh_msgs/include/mesh_msgs/mesh_msgs/srv/detail/get_vertex_colors__rosidl_typesupport_introspection_c.h
-- Up-to-date symlink: /root/Shared/MIAPR_Projekt/colcon_ws/install/mesh_msgs/include/mesh_msgs/mesh_msgs/srv/detail/get_vertex_cost_layers__rosidl_typesupport_introspection_c.h
-- Up-to-date symlink: /root/Shared/MIAPR_Projekt/colcon_ws/install/mesh_msgs/include/mesh_msgs/mesh_msgs/srv/detail/get_vertex_costs__rosidl_typesupport_introspection_c.h
-- Up-to-date symlink: /root/Shared/MIAPR_Projekt/colcon_ws/install/mesh_msgs/include/mesh_msgs/mesh_msgs/msg/detail/mesh_face_cluster__builder.hpp
-- Up-to-date symlink: /root/Shared/MIAPR_Projekt/colcon_ws/install/mesh_msgs/include/mesh_msgs/mesh_msgs/msg/detail/mesh_face_cluster__struct.hpp
-- Up-to-date symlink: /root/Shared/MIAPR_Projekt/colcon_ws/install/mesh_msgs/include/mesh_msgs/mesh_msgs/msg/detail/mesh_face_cluster__traits.hpp
-- Up-to-date symlink: /root/Shared/MIAPR_Projekt/colcon_ws/install/mesh_msgs/include/mesh_msgs/mesh_msgs/msg/detail/mesh_face_cluster__type_support.hpp
-- Up-to-date symlink: /root/Shared/MIAPR_Projekt/colcon_ws/install/mesh_msgs/include/mesh_msgs/mesh_msgs/msg/detail/mesh_face_cluster_stamped__builder.hpp
-- Up-to-date symlink: /root/Shared/MIAPR_Projekt/colcon_ws/install/mesh_msgs/include/mesh_msgs/mesh_msgs/msg/detail/mesh_face_cluster_stamped__struct.hpp
-- Up-to-date symlink: /root/Shared/MIAPR_Projekt/colcon_ws/install/mesh_msgs/include/mesh_msgs/mesh_msgs/msg/detail/mesh_face_cluster_stamped__traits.hpp
-- Up-to-date symlink: /root/Shared/MIAPR_Projekt/colcon_ws/install/mesh_msgs/include/mesh_msgs/mesh_msgs/msg/detail/mesh_face_cluster_stamped__type_support.hpp
-- Up-to-date symlink: /root/Shared/MIAPR_Projekt/colcon_ws/install/mesh_msgs/include/mesh_msgs/mesh_msgs/msg/detail/mesh_geometry__builder.hpp
-- Up-to-date symlink: /root/Shared/MIAPR_Projekt/colcon_ws/install/mesh_msgs/include/mesh_msgs/mesh_msgs/msg/detail/mesh_geometry__struct.hpp
-- Up-to-date symlink: /root/Shared/MIAPR_Projekt/colcon_ws/install/mesh_msgs/include/mesh_msgs/mesh_msgs/msg/detail/mesh_geometry__traits.hpp
-- Up-to-date symlink: /root/Shared/MIAPR_Projekt/colcon_ws/install/mesh_msgs/include/mesh_msgs/mesh_msgs/msg/detail/mesh_geometry__type_support.hpp
-- Up-to-date symlink: /root/Shared/MIAPR_Projekt/colcon_ws/install/mesh_msgs/include/mesh_msgs/mesh_msgs/msg/detail/mesh_geometry_stamped__builder.hpp
-- Up-to-date symlink: /root/Shared/MIAPR_Projekt/colcon_ws/install/mesh_msgs/include/mesh_msgs/mesh_msgs/msg/detail/mesh_geometry_stamped__struct.hpp
-- Up-to-date symlink: /root/Shared/MIAPR_Projekt/colcon_ws/install/mesh_msgs/include/mesh_msgs/mesh_msgs/msg/detail/mesh_geometry_stamped__traits.hpp
-- Up-to-date symlink: /root/Shared/MIAPR_Projekt/colcon_ws/install/mesh_msgs/include/mesh_msgs/mesh_msgs/msg/detail/mesh_geometry_stamped__type_support.hpp
-- Up-to-date symlink: /root/Shared/MIAPR_Projekt/colcon_ws/install/mesh_msgs/include/mesh_msgs/mesh_msgs/msg/detail/mesh_material__builder.hpp
-- Up-to-date symlink: /root/Shared/MIAPR_Projekt/colcon_ws/install/mesh_msgs/include/mesh_msgs/mesh_msgs/msg/detail/mesh_material__struct.hpp
-- Up-to-date symlink: /root/Shared/MIAPR_Projekt/colcon_ws/install/mesh_msgs/include/mesh_msgs/mesh_msgs/msg/detail/mesh_material__traits.hpp
-- Up-to-date symlink: /root/Shared/MIAPR_Projekt/colcon_ws/install/mesh_msgs/include/mesh_msgs/mesh_msgs/msg/detail/mesh_material__type_support.hpp
-- Up-to-date symlink: /root/Shared/MIAPR_Projekt/colcon_ws/install/mesh_msgs/include/mesh_msgs/mesh_msgs/msg/detail/mesh_materials__builder.hpp
-- Up-to-date symlink: /root/Shared/MIAPR_Projekt/colcon_ws/install/mesh_msgs/include/mesh_msgs/mesh_msgs/msg/detail/mesh_materials__struct.hpp
-- Up-to-date symlink: /root/Shared/MIAPR_Projekt/colcon_ws/install/mesh_msgs/include/mesh_msgs/mesh_msgs/msg/detail/mesh_materials__traits.hpp
-- Up-to-date symlink: /root/Shared/MIAPR_Projekt/colcon_ws/install/mesh_msgs/include/mesh_msgs/mesh_msgs/msg/detail/mesh_materials__type_support.hpp
-- Up-to-date symlink: /root/Shared/MIAPR_Projekt/colcon_ws/install/mesh_msgs/include/mesh_msgs/mesh_msgs/msg/detail/mesh_materials_stamped__builder.hpp
-- Up-to-date symlink: /root/Shared/MIAPR_Projekt/colcon_ws/install/mesh_msgs/include/mesh_msgs/mesh_msgs/msg/detail/mesh_materials_stamped__struct.hpp
-- Up-to-date symlink: /root/Shared/MIAPR_Projekt/colcon_ws/install/mesh_msgs/include/mesh_msgs/mesh_msgs/msg/detail/mesh_materials_stamped__traits.hpp
-- Up-to-date symlink: /root/Shared/MIAPR_Projekt/colcon_ws/install/mesh_msgs/include/mesh_msgs/mesh_msgs/msg/detail/mesh_materials_stamped__type_support.hpp
-- Up-to-date symlink: /root/Shared/MIAPR_Projekt/colcon_ws/install/mesh_msgs/include/mesh_msgs/mesh_msgs/msg/detail/mesh_texture__builder.hpp
-- Up-to-date symlink: /root/Shared/MIAPR_Projekt/colcon_ws/install/mesh_msgs/include/mesh_msgs/mesh_msgs/msg/detail/mesh_texture__struct.hpp
-- Up-to-date symlink: /root/Shared/MIAPR_Projekt/colcon_ws/install/mesh_msgs/include/mesh_msgs/mesh_msgs/msg/detail/mesh_texture__traits.hpp
-- Up-to-date symlink: /root/Shared/MIAPR_Projekt/colcon_ws/install/mesh_msgs/include/mesh_msgs/mesh_msgs/msg/detail/mesh_texture__type_support.hpp
-- Up-to-date symlink: /root/Shared/MIAPR_Projekt/colcon_ws/install/mesh_msgs/include/mesh_msgs/mesh_msgs/msg/detail/mesh_triangle_indices__builder.hpp
-- Up-to-date symlink: /root/Shared/MIAPR_Projekt/colcon_ws/install/mesh_msgs/include/mesh_msgs/mesh_msgs/msg/detail/mesh_triangle_indices__struct.hpp
-- Up-to-date symlink: /root/Shared/MIAPR_Projekt/colcon_ws/install/mesh_msgs/include/mesh_msgs/mesh_msgs/msg/detail/mesh_triangle_indices__traits.hpp
-- Up-to-date symlink: /root/Shared/MIAPR_Projekt/colcon_ws/install/mesh_msgs/include/mesh_msgs/mesh_msgs/msg/detail/mesh_triangle_indices__type_support.hpp
-- Up-to-date symlink: /root/Shared/MIAPR_Projekt/colcon_ws/install/mesh_msgs/include/mesh_msgs/mesh_msgs/msg/detail/mesh_vertex_colors__builder.hpp
-- Up-to-date symlink: /root/Shared/MIAPR_Projekt/colcon_ws/install/mesh_msgs/include/mesh_msgs/mesh_msgs/msg/detail/mesh_vertex_colors__struct.hpp
-- Up-to-date symlink: /root/Shared/MIAPR_Projekt/colcon_ws/install/mesh_msgs/include/mesh_msgs/mesh_msgs/msg/detail/mesh_vertex_colors__traits.hpp
-- Up-to-date symlink: /root/Shared/MIAPR_Projekt/colcon_ws/install/mesh_msgs/include/mesh_msgs/mesh_msgs/msg/detail/mesh_vertex_colors__type_support.hpp
-- Up-to-date symlink: /root/Shared/MIAPR_Projekt/colcon_ws/install/mesh_msgs/include/mesh_msgs/mesh_msgs/msg/detail/mesh_vertex_colors_stamped__builder.hpp
-- Up-to-date symlink: /root/Shared/MIAPR_Projekt/colcon_ws/install/mesh_msgs/include/mesh_msgs/mesh_msgs/msg/detail/mesh_vertex_colors_stamped__struct.hpp
-- Up-to-date symlink: /root/Shared/MIAPR_Projekt/colcon_ws/install/mesh_msgs/include/mesh_msgs/mesh_msgs/msg/detail/mesh_vertex_colors_stamped__traits.hpp
-- Up-to-date symlink: /root/Shared/MIAPR_Projekt/colcon_ws/install/mesh_msgs/include/mesh_msgs/mesh_msgs/msg/detail/mesh_vertex_colors_stamped__type_support.hpp
-- Up-to-date symlink: /root/Shared/MIAPR_Projekt/colcon_ws/install/mesh_msgs/include/mesh_msgs/mesh_msgs/msg/detail/mesh_vertex_costs__builder.hpp
-- Up-to-date symlink: /root/Shared/MIAPR_Projekt/colcon_ws/install/mesh_msgs/include/mesh_msgs/mesh_msgs/msg/detail/mesh_vertex_costs__struct.hpp
-- Up-to-date symlink: /root/Shared/MIAPR_Projekt/colcon_ws/install/mesh_msgs/include/mesh_msgs/mesh_msgs/msg/detail/mesh_vertex_costs__traits.hpp
-- Up-to-date symlink: /root/Shared/MIAPR_Projekt/colcon_ws/install/mesh_msgs/include/mesh_msgs/mesh_msgs/msg/detail/mesh_vertex_costs__type_support.hpp
-- Up-to-date symlink: /root/Shared/MIAPR_Projekt/colcon_ws/install/mesh_msgs/include/mesh_msgs/mesh_msgs/msg/detail/mesh_vertex_costs_sparse__builder.hpp
-- Up-to-date symlink: /root/Shared/MIAPR_Projekt/colcon_ws/install/mesh_msgs/include/mesh_msgs/mesh_msgs/msg/detail/mesh_vertex_costs_sparse__struct.hpp
-- Up-to-date symlink: /root/Shared/MIAPR_Projekt/colcon_ws/install/mesh_msgs/include/mesh_msgs/mesh_msgs/msg/detail/mesh_vertex_costs_sparse__traits.hpp
-- Up-to-date symlink: /root/Shared/MIAPR_Projekt/colcon_ws/install/mesh_msgs/include/mesh_msgs/mesh_msgs/msg/detail/mesh_vertex_costs_sparse__type_support.hpp
-- Up-to-date symlink: /root/Shared/MIAPR_Projekt/colcon_ws/install/mesh_msgs/include/mesh_msgs/mesh_msgs/msg/detail/mesh_vertex_costs_sparse_stamped__builder.hpp
-- Up-to-date symlink: /root/Shared/MIAPR_Projekt/colcon_ws/install/mesh_msgs/include/mesh_msgs/mesh_msgs/msg/detail/mesh_vertex_costs_sparse_stamped__struct.hpp
-- Up-to-date symlink: /root/Shared/MIAPR_Projekt/colcon_ws/install/mesh_msgs/include/mesh_msgs/mesh_msgs/msg/detail/mesh_vertex_costs_sparse_stamped__traits.hpp
-- Up-to-date symlink: /root/Shared/MIAPR_Projekt/colcon_ws/install/mesh_msgs/include/mesh_msgs/mesh_msgs/msg/detail/mesh_vertex_costs_sparse_stamped__type_support.hpp
-- Up-to-date symlink: /root/Shared/MIAPR_Projekt/colcon_ws/install/mesh_msgs/include/mesh_msgs/mesh_msgs/msg/detail/mesh_vertex_costs_stamped__builder.hpp
-- Up-to-date symlink: /root/Shared/MIAPR_Projekt/colcon_ws/install/mesh_msgs/include/mesh_msgs/mesh_msgs/msg/detail/mesh_vertex_costs_stamped__struct.hpp
-- Up-to-date symlink: /root/Shared/MIAPR_Projekt/colcon_ws/install/mesh_msgs/include/mesh_msgs/mesh_msgs/msg/detail/mesh_vertex_costs_stamped__traits.hpp
-- Up-to-date symlink: /root/Shared/MIAPR_Projekt/colcon_ws/install/mesh_msgs/include/mesh_msgs/mesh_msgs/msg/detail/mesh_vertex_costs_stamped__type_support.hpp
-- Up-to-date symlink: /root/Shared/MIAPR_Projekt/colcon_ws/install/mesh_msgs/include/mesh_msgs/mesh_msgs/msg/detail/mesh_vertex_tex_coords__builder.hpp
-- Up-to-date symlink: /root/Shared/MIAPR_Projekt/colcon_ws/install/mesh_msgs/include/mesh_msgs/mesh_msgs/msg/detail/mesh_vertex_tex_coords__struct.hpp
-- Up-to-date symlink: /root/Shared/MIAPR_Projekt/colcon_ws/install/mesh_msgs/include/mesh_msgs/mesh_msgs/msg/detail/mesh_vertex_tex_coords__traits.hpp
-- Up-to-date symlink: /root/Shared/MIAPR_Projekt/colcon_ws/install/mesh_msgs/include/mesh_msgs/mesh_msgs/msg/detail/mesh_vertex_tex_coords__type_support.hpp
-- Up-to-date symlink: /root/Shared/MIAPR_Projekt/colcon_ws/install/mesh_msgs/include/mesh_msgs/mesh_msgs/msg/detail/vector_field__builder.hpp
-- Up-to-date symlink: /root/Shared/MIAPR_Projekt/colcon_ws/install/mesh_msgs/include/mesh_msgs/mesh_msgs/msg/detail/vector_field__struct.hpp
-- Up-to-date symlink: /root/Shared/MIAPR_Projekt/colcon_ws/install/mesh_msgs/include/mesh_msgs/mesh_msgs/msg/detail/vector_field__traits.hpp
-- Up-to-date symlink: /root/Shared/MIAPR_Projekt/colcon_ws/install/mesh_msgs/include/mesh_msgs/mesh_msgs/msg/detail/vector_field__type_support.hpp
-- Up-to-date symlink: /root/Shared/MIAPR_Projekt/colcon_ws/install/mesh_msgs/include/mesh_msgs/mesh_msgs/msg/detail/vector_field_stamped__builder.hpp
-- Up-to-date symlink: /root/Shared/MIAPR_Projekt/colcon_ws/install/mesh_msgs/include/mesh_msgs/mesh_msgs/msg/detail/vector_field_stamped__struct.hpp
-- Up-to-date symlink: /root/Shared/MIAPR_Projekt/colcon_ws/install/mesh_msgs/include/mesh_msgs/mesh_msgs/msg/detail/vector_field_stamped__traits.hpp
-- Up-to-date symlink: /root/Shared/MIAPR_Projekt/colcon_ws/install/mesh_msgs/include/mesh_msgs/mesh_msgs/msg/detail/vector_field_stamped__type_support.hpp
-- Up-to-date symlink: /root/Shared/MIAPR_Projekt/colcon_ws/install/mesh_msgs/include/mesh_msgs/mesh_msgs/msg/mesh_face_cluster.hpp
-- Up-to-date symlink: /root/Shared/MIAPR_Projekt/colcon_ws/install/mesh_msgs/include/mesh_msgs/mesh_msgs/msg/mesh_face_cluster_stamped.hpp
-- Up-to-date symlink: /root/Shared/MIAPR_Projekt/colcon_ws/install/mesh_msgs/include/mesh_msgs/mesh_msgs/msg/mesh_geometry.hpp
-- Up-to-date symlink: /root/Shared/MIAPR_Projekt/colcon_ws/install/mesh_msgs/include/mesh_msgs/mesh_msgs/msg/mesh_geometry_stamped.hpp
-- Up-to-date symlink: /root/Shared/MIAPR_Projekt/colcon_ws/install/mesh_msgs/include/mesh_msgs/mesh_msgs/msg/mesh_material.hpp
-- Up-to-date symlink: /root/Shared/MIAPR_Projekt/colcon_ws/install/mesh_msgs/include/mesh_msgs/mesh_msgs/msg/mesh_materials.hpp
-- Up-to-date symlink: /root/Shared/MIAPR_Projekt/colcon_ws/install/mesh_msgs/include/mesh_msgs/mesh_msgs/msg/mesh_materials_stamped.hpp
-- Up-to-date symlink: /root/Shared/MIAPR_Projekt/colcon_ws/install/mesh_msgs/include/mesh_msgs/mesh_msgs/msg/mesh_texture.hpp
-- Up-to-date symlink: /root/Shared/MIAPR_Projekt/colcon_ws/install/mesh_msgs/include/mesh_msgs/mesh_msgs/msg/mesh_triangle_indices.hpp
-- Up-to-date symlink: /root/Shared/MIAPR_Projekt/colcon_ws/install/mesh_msgs/include/mesh_msgs/mesh_msgs/msg/mesh_vertex_colors.hpp
-- Up-to-date symlink: /root/Shared/MIAPR_Projekt/colcon_ws/install/mesh_msgs/include/mesh_msgs/mesh_msgs/msg/mesh_vertex_colors_stamped.hpp
-- Up-to-date symlink: /root/Shared/MIAPR_Projekt/colcon_ws/install/mesh_msgs/include/mesh_msgs/mesh_msgs/msg/mesh_vertex_costs.hpp
-- Up-to-date symlink: /root/Shared/MIAPR_Projekt/colcon_ws/install/mesh_msgs/include/mesh_msgs/mesh_msgs/msg/mesh_vertex_costs_sparse.hpp
-- Up-to-date symlink: /root/Shared/MIAPR_Projekt/colcon_ws/install/mesh_msgs/include/mesh_msgs/mesh_msgs/msg/mesh_vertex_costs_sparse_stamped.hpp
-- Up-to-date symlink: /root/Shared/MIAPR_Projekt/colcon_ws/install/mesh_msgs/include/mesh_msgs/mesh_msgs/msg/mesh_vertex_costs_stamped.hpp
-- Up-to-date symlink: /root/Shared/MIAPR_Projekt/colcon_ws/install/mesh_msgs/include/mesh_msgs/mesh_msgs/msg/mesh_vertex_tex_coords.hpp
-- Up-to-date symlink: /root/Shared/MIAPR_Projekt/colcon_ws/install/mesh_msgs/include/mesh_msgs/mesh_msgs/msg/rosidl_generator_cpp__visibility_control.hpp
-- Up-to-date symlink: /root/Shared/MIAPR_Projekt/colcon_ws/install/mesh_msgs/include/mesh_msgs/mesh_msgs/msg/vector_field.hpp
-- Up-to-date symlink: /root/Shared/MIAPR_Projekt/colcon_ws/install/mesh_msgs/include/mesh_msgs/mesh_msgs/msg/vector_field_stamped.hpp
-- Up-to-date symlink: /root/Shared/MIAPR_Projekt/colcon_ws/install/mesh_msgs/include/mesh_msgs/mesh_msgs/srv/detail/get_geometry__builder.hpp
-- Up-to-date symlink: /root/Shared/MIAPR_Projekt/colcon_ws/install/mesh_msgs/include/mesh_msgs/mesh_msgs/srv/detail/get_geometry__struct.hpp
-- Up-to-date symlink: /root/Shared/MIAPR_Projekt/colcon_ws/install/mesh_msgs/include/mesh_msgs/mesh_msgs/srv/detail/get_geometry__traits.hpp
-- Up-to-date symlink: /root/Shared/MIAPR_Projekt/colcon_ws/install/mesh_msgs/include/mesh_msgs/mesh_msgs/srv/detail/get_geometry__type_support.hpp
-- Up-to-date symlink: /root/Shared/MIAPR_Projekt/colcon_ws/install/mesh_msgs/include/mesh_msgs/mesh_msgs/srv/detail/get_labeled_clusters__builder.hpp
-- Up-to-date symlink: /root/Shared/MIAPR_Projekt/colcon_ws/install/mesh_msgs/include/mesh_msgs/mesh_msgs/srv/detail/get_labeled_clusters__struct.hpp
-- Up-to-date symlink: /root/Shared/MIAPR_Projekt/colcon_ws/install/mesh_msgs/include/mesh_msgs/mesh_msgs/srv/detail/get_labeled_clusters__traits.hpp
-- Up-to-date symlink: /root/Shared/MIAPR_Projekt/colcon_ws/install/mesh_msgs/include/mesh_msgs/mesh_msgs/srv/detail/get_labeled_clusters__type_support.hpp
-- Up-to-date symlink: /root/Shared/MIAPR_Projekt/colcon_ws/install/mesh_msgs/include/mesh_msgs/mesh_msgs/srv/detail/get_materials__builder.hpp
-- Up-to-date symlink: /root/Shared/MIAPR_Projekt/colcon_ws/install/mesh_msgs/include/mesh_msgs/mesh_msgs/srv/detail/get_materials__struct.hpp
-- Up-to-date symlink: /root/Shared/MIAPR_Projekt/colcon_ws/install/mesh_msgs/include/mesh_msgs/mesh_msgs/srv/detail/get_materials__traits.hpp
-- Up-to-date symlink: /root/Shared/MIAPR_Projekt/colcon_ws/install/mesh_msgs/include/mesh_msgs/mesh_msgs/srv/detail/get_materials__type_support.hpp
-- Up-to-date symlink: /root/Shared/MIAPR_Projekt/colcon_ws/install/mesh_msgs/include/mesh_msgs/mesh_msgs/srv/detail/get_texture__builder.hpp
-- Up-to-date symlink: /root/Shared/MIAPR_Projekt/colcon_ws/install/mesh_msgs/include/mesh_msgs/mesh_msgs/srv/detail/get_texture__struct.hpp
-- Up-to-date symlink: /root/Shared/MIAPR_Projekt/colcon_ws/install/mesh_msgs/include/mesh_msgs/mesh_msgs/srv/detail/get_texture__traits.hpp
-- Up-to-date symlink: /root/Shared/MIAPR_Projekt/colcon_ws/install/mesh_msgs/include/mesh_msgs/mesh_msgs/srv/detail/get_texture__type_support.hpp
-- Up-to-date symlink: /root/Shared/MIAPR_Projekt/colcon_ws/install/mesh_msgs/include/mesh_msgs/mesh_msgs/srv/detail/get_uui_ds__builder.hpp
-- Up-to-date symlink: /root/Shared/MIAPR_Projekt/colcon_ws/install/mesh_msgs/include/mesh_msgs/mesh_msgs/srv/detail/get_uui_ds__struct.hpp
-- Up-to-date symlink: /root/Shared/MIAPR_Projekt/colcon_ws/install/mesh_msgs/include/mesh_msgs/mesh_msgs/srv/detail/get_uui_ds__traits.hpp
-- Up-to-date symlink: /root/Shared/MIAPR_Projekt/colcon_ws/install/mesh_msgs/include/mesh_msgs/mesh_msgs/srv/detail/get_uui_ds__type_support.hpp
-- Up-to-date symlink: /root/Shared/MIAPR_Projekt/colcon_ws/install/mesh_msgs/include/mesh_msgs/mesh_msgs/srv/detail/get_vertex_colors__builder.hpp
-- Up-to-date symlink: /root/Shared/MIAPR_Projekt/colcon_ws/install/mesh_msgs/include/mesh_msgs/mesh_msgs/srv/detail/get_vertex_colors__struct.hpp
-- Up-to-date symlink: /root/Shared/MIAPR_Projekt/colcon_ws/install/mesh_msgs/include/mesh_msgs/mesh_msgs/srv/detail/get_vertex_colors__traits.hpp
-- Up-to-date symlink: /root/Shared/MIAPR_Projekt/colcon_ws/install/mesh_msgs/include/mesh_msgs/mesh_msgs/srv/detail/get_vertex_colors__type_support.hpp
-- Up-to-date symlink: /root/Shared/MIAPR_Projekt/colcon_ws/install/mesh_msgs/include/mesh_msgs/mesh_msgs/srv/detail/get_vertex_cost_layers__builder.hpp
-- Up-to-date symlink: /root/Shared/MIAPR_Projekt/colcon_ws/install/mesh_msgs/include/mesh_msgs/mesh_msgs/srv/detail/get_vertex_cost_layers__struct.hpp
-- Up-to-date symlink: /root/Shared/MIAPR_Projekt/colcon_ws/install/mesh_msgs/include/mesh_msgs/mesh_msgs/srv/detail/get_vertex_cost_layers__traits.hpp
-- Up-to-date symlink: /root/Shared/MIAPR_Projekt/colcon_ws/install/mesh_msgs/include/mesh_msgs/mesh_msgs/srv/detail/get_vertex_cost_layers__type_support.hpp
-- Up-to-date symlink: /root/Shared/MIAPR_Projekt/colcon_ws/install/mesh_msgs/include/mesh_msgs/mesh_msgs/srv/detail/get_vertex_costs__builder.hpp
-- Up-to-date symlink: /root/Shared/MIAPR_Projekt/colcon_ws/install/mesh_msgs/include/mesh_msgs/mesh_msgs/srv/detail/get_vertex_costs__struct.hpp
-- Up-to-date symlink: /root/Shared/MIAPR_Projekt/colcon_ws/install/mesh_msgs/include/mesh_msgs/mesh_msgs/srv/detail/get_vertex_costs__traits.hpp
-- Up-to-date symlink: /root/Shared/MIAPR_Projekt/colcon_ws/install/mesh_msgs/include/mesh_msgs/mesh_msgs/srv/detail/get_vertex_costs__type_support.hpp
-- Up-to-date symlink: /root/Shared/MIAPR_Projekt/colcon_ws/install/mesh_msgs/include/mesh_msgs/mesh_msgs/srv/get_geometry.hpp
-- Up-to-date symlink: /root/Shared/MIAPR_Projekt/colcon_ws/install/mesh_msgs/include/mesh_msgs/mesh_msgs/srv/get_labeled_clusters.hpp
-- Up-to-date symlink: /root/Shared/MIAPR_Projekt/colcon_ws/install/mesh_msgs/include/mesh_msgs/mesh_msgs/srv/get_materials.hpp
-- Up-to-date symlink: /root/Shared/MIAPR_Projekt/colcon_ws/install/mesh_msgs/include/mesh_msgs/mesh_msgs/srv/get_texture.hpp
-- Up-to-date symlink: /root/Shared/MIAPR_Projekt/colcon_ws/install/mesh_msgs/include/mesh_msgs/mesh_msgs/srv/get_uui_ds.hpp
-- Up-to-date symlink: /root/Shared/MIAPR_Projekt/colcon_ws/install/mesh_msgs/include/mesh_msgs/mesh_msgs/srv/get_vertex_colors.hpp
-- Up-to-date symlink: /root/Shared/MIAPR_Projekt/colcon_ws/install/mesh_msgs/include/mesh_msgs/mesh_msgs/srv/get_vertex_cost_layers.hpp
-- Up-to-date symlink: /root/Shared/MIAPR_Projekt/colcon_ws/install/mesh_msgs/include/mesh_msgs/mesh_msgs/srv/get_vertex_costs.hpp
-- Up-to-date symlink: /root/Shared/MIAPR_Projekt/colcon_ws/install/mesh_msgs/include/mesh_msgs/mesh_msgs/msg/detail/mesh_face_cluster__rosidl_typesupport_fastrtps_cpp.hpp
-- Up-to-date symlink: /root/Shared/MIAPR_Projekt/colcon_ws/install/mesh_msgs/include/mesh_msgs/mesh_msgs/msg/detail/mesh_face_cluster_stamped__rosidl_typesupport_fastrtps_cpp.hpp
-- Up-to-date symlink: /root/Shared/MIAPR_Projekt/colcon_ws/install/mesh_msgs/include/mesh_msgs/mesh_msgs/msg/detail/mesh_geometry__rosidl_typesupport_fastrtps_cpp.hpp
-- Up-to-date symlink: /root/Shared/MIAPR_Projekt/colcon_ws/install/mesh_msgs/include/mesh_msgs/mesh_msgs/msg/detail/mesh_geometry_stamped__rosidl_typesupport_fastrtps_cpp.hpp
-- Up-to-date symlink: /root/Shared/MIAPR_Projekt/colcon_ws/install/mesh_msgs/include/mesh_msgs/mesh_msgs/msg/detail/mesh_material__rosidl_typesupport_fastrtps_cpp.hpp
-- Up-to-date symlink: /root/Shared/MIAPR_Projekt/colcon_ws/install/mesh_msgs/include/mesh_msgs/mesh_msgs/msg/detail/mesh_materials__rosidl_typesupport_fastrtps_cpp.hpp
-- Up-to-date symlink: /root/Shared/MIAPR_Projekt/colcon_ws/install/mesh_msgs/include/mesh_msgs/mesh_msgs/msg/detail/mesh_materials_stamped__rosidl_typesupport_fastrtps_cpp.hpp
-- Up-to-date symlink: /root/Shared/MIAPR_Projekt/colcon_ws/install/mesh_msgs/include/mesh_msgs/mesh_msgs/msg/detail/mesh_texture__rosidl_typesupport_fastrtps_cpp.hpp
-- Up-to-date symlink: /root/Shared/MIAPR_Projekt/colcon_ws/install/mesh_msgs/include/mesh_msgs/mesh_msgs/msg/detail/mesh_triangle_indices__rosidl_typesupport_fastrtps_cpp.hpp
-- Up-to-date symlink: /root/Shared/MIAPR_Projekt/colcon_ws/install/mesh_msgs/include/mesh_msgs/mesh_msgs/msg/detail/mesh_vertex_colors__rosidl_typesupport_fastrtps_cpp.hpp
-- Up-to-date symlink: /root/Shared/MIAPR_Projekt/colcon_ws/install/mesh_msgs/include/mesh_msgs/mesh_msgs/msg/detail/mesh_vertex_colors_stamped__rosidl_typesupport_fastrtps_cpp.hpp
-- Up-to-date symlink: /root/Shared/MIAPR_Projekt/colcon_ws/install/mesh_msgs/include/mesh_msgs/mesh_msgs/msg/detail/mesh_vertex_costs__rosidl_typesupport_fastrtps_cpp.hpp
-- Up-to-date symlink: /root/Shared/MIAPR_Projekt/colcon_ws/install/mesh_msgs/include/mesh_msgs/mesh_msgs/msg/detail/mesh_vertex_costs_sparse__rosidl_typesupport_fastrtps_cpp.hpp
-- Up-to-date symlink: /root/Shared/MIAPR_Projekt/colcon_ws/install/mesh_msgs/include/mesh_msgs/mesh_msgs/msg/detail/mesh_vertex_costs_sparse_stamped__rosidl_typesupport_fastrtps_cpp.hpp
-- Up-to-date symlink: /root/Shared/MIAPR_Projekt/colcon_ws/install/mesh_msgs/include/mesh_msgs/mesh_msgs/msg/detail/mesh_vertex_costs_stamped__rosidl_typesupport_fastrtps_cpp.hpp
-- Up-to-date symlink: /root/Shared/MIAPR_Projekt/colcon_ws/install/mesh_msgs/include/mesh_msgs/mesh_msgs/msg/detail/mesh_vertex_tex_coords__rosidl_typesupport_fastrtps_cpp.hpp
-- Up-to-date symlink: /root/Shared/MIAPR_Projekt/colcon_ws/install/mesh_msgs/include/mesh_msgs/mesh_msgs/msg/detail/vector_field__rosidl_typesupport_fastrtps_cpp.hpp
-- Up-to-date symlink: /root/Shared/MIAPR_Projekt/colcon_ws/install/mesh_msgs/include/mesh_msgs/mesh_msgs/msg/detail/vector_field_stamped__rosidl_typesupport_fastrtps_cpp.hpp
-- Up-to-date symlink: /root/Shared/MIAPR_Projekt/colcon_ws/install/mesh_msgs/include/mesh_msgs/mesh_msgs/msg/rosidl_typesupport_fastrtps_cpp__visibility_control.h
-- Up-to-date symlink: /root/Shared/MIAPR_Projekt/colcon_ws/install/mesh_msgs/include/mesh_msgs/mesh_msgs/srv/detail/get_geometry__rosidl_typesupport_fastrtps_cpp.hpp
-- Up-to-date symlink: /root/Shared/MIAPR_Projekt/colcon_ws/install/mesh_msgs/include/mesh_msgs/mesh_msgs/srv/detail/get_labeled_clusters__rosidl_typesupport_fastrtps_cpp.hpp
-- Up-to-date symlink: /root/Shared/MIAPR_Projekt/colcon_ws/install/mesh_msgs/include/mesh_msgs/mesh_msgs/srv/detail/get_materials__rosidl_typesupport_fastrtps_cpp.hpp
-- Up-to-date symlink: /root/Shared/MIAPR_Projekt/colcon_ws/install/mesh_msgs/include/mesh_msgs/mesh_msgs/srv/detail/get_texture__rosidl_typesupport_fastrtps_cpp.hpp
-- Up-to-date symlink: /root/Shared/MIAPR_Projekt/colcon_ws/install/mesh_msgs/include/mesh_msgs/mesh_msgs/srv/detail/get_uui_ds__rosidl_typesupport_fastrtps_cpp.hpp
-- Up-to-date symlink: /root/Shared/MIAPR_Projekt/colcon_ws/install/mesh_msgs/include/mesh_msgs/mesh_msgs/srv/detail/get_vertex_colors__rosidl_typesupport_fastrtps_cpp.hpp
-- Up-to-date symlink: /root/Shared/MIAPR_Projekt/colcon_ws/install/mesh_msgs/include/mesh_msgs/mesh_msgs/srv/detail/get_vertex_cost_layers__rosidl_typesupport_fastrtps_cpp.hpp
-- Up-to-date symlink: /root/Shared/MIAPR_Projekt/colcon_ws/install/mesh_msgs/include/mesh_msgs/mesh_msgs/srv/detail/get_vertex_costs__rosidl_typesupport_fastrtps_cpp.hpp
-- Up-to-date symlink: /root/Shared/MIAPR_Projekt/colcon_ws/install/mesh_msgs/include/mesh_msgs/mesh_msgs/msg/detail/mesh_face_cluster__rosidl_typesupport_introspection_cpp.hpp
-- Up-to-date symlink: /root/Shared/MIAPR_Projekt/colcon_ws/install/mesh_msgs/include/mesh_msgs/mesh_msgs/msg/detail/mesh_face_cluster_stamped__rosidl_typesupport_introspection_cpp.hpp
-- Up-to-date symlink: /root/Shared/MIAPR_Projekt/colcon_ws/install/mesh_msgs/include/mesh_msgs/mesh_msgs/msg/detail/mesh_geometry__rosidl_typesupport_introspection_cpp.hpp
-- Up-to-date symlink: /root/Shared/MIAPR_Projekt/colcon_ws/install/mesh_msgs/include/mesh_msgs/mesh_msgs/msg/detail/mesh_geometry_stamped__rosidl_typesupport_introspection_cpp.hpp
-- Up-to-date symlink: /root/Shared/MIAPR_Projekt/colcon_ws/install/mesh_msgs/include/mesh_msgs/mesh_msgs/msg/detail/mesh_material__rosidl_typesupport_introspection_cpp.hpp
-- Up-to-date symlink: /root/Shared/MIAPR_Projekt/colcon_ws/install/mesh_msgs/include/mesh_msgs/mesh_msgs/msg/detail/mesh_materials__rosidl_typesupport_introspection_cpp.hpp
-- Up-to-date symlink: /root/Shared/MIAPR_Projekt/colcon_ws/install/mesh_msgs/include/mesh_msgs/mesh_msgs/msg/detail/mesh_materials_stamped__rosidl_typesupport_introspection_cpp.hpp
-- Up-to-date symlink: /root/Shared/MIAPR_Projekt/colcon_ws/install/mesh_msgs/include/mesh_msgs/mesh_msgs/msg/detail/mesh_texture__rosidl_typesupport_introspection_cpp.hpp
-- Up-to-date symlink: /root/Shared/MIAPR_Projekt/colcon_ws/install/mesh_msgs/include/mesh_msgs/mesh_msgs/msg/detail/mesh_triangle_indices__rosidl_typesupport_introspection_cpp.hpp
-- Up-to-date symlink: /root/Shared/MIAPR_Projekt/colcon_ws/install/mesh_msgs/include/mesh_msgs/mesh_msgs/msg/detail/mesh_vertex_colors__rosidl_typesupport_introspection_cpp.hpp
-- Up-to-date symlink: /root/Shared/MIAPR_Projekt/colcon_ws/install/mesh_msgs/include/mesh_msgs/mesh_msgs/msg/detail/mesh_vertex_colors_stamped__rosidl_typesupport_introspection_cpp.hpp
-- Up-to-date symlink: /root/Shared/MIAPR_Projekt/colcon_ws/install/mesh_msgs/include/mesh_msgs/mesh_msgs/msg/detail/mesh_vertex_costs__rosidl_typesupport_introspection_cpp.hpp
-- Up-to-date symlink: /root/Shared/MIAPR_Projekt/colcon_ws/install/mesh_msgs/include/mesh_msgs/mesh_msgs/msg/detail/mesh_vertex_costs_sparse__rosidl_typesupport_introspection_cpp.hpp
-- Up-to-date symlink: /root/Shared/MIAPR_Projekt/colcon_ws/install/mesh_msgs/include/mesh_msgs/mesh_msgs/msg/detail/mesh_vertex_costs_sparse_stamped__rosidl_typesupport_introspection_cpp.hpp
-- Up-to-date symlink: /root/Shared/MIAPR_Projekt/colcon_ws/install/mesh_msgs/include/mesh_msgs/mesh_msgs/msg/detail/mesh_vertex_costs_stamped__rosidl_typesupport_introspection_cpp.hpp
-- Up-to-date symlink: /root/Shared/MIAPR_Projekt/colcon_ws/install/mesh_msgs/include/mesh_msgs/mesh_msgs/msg/detail/mesh_vertex_tex_coords__rosidl_typesupport_introspection_cpp.hpp
-- Up-to-date symlink: /root/Shared/MIAPR_Projekt/colcon_ws/install/mesh_msgs/include/mesh_msgs/mesh_msgs/msg/detail/vector_field__rosidl_typesupport_introspection_cpp.hpp
-- Up-to-date symlink: /root/Shared/MIAPR_Projekt/colcon_ws/install/mesh_msgs/include/mesh_msgs/mesh_msgs/msg/detail/vector_field_stamped__rosidl_typesupport_introspection_cpp.hpp
-- Up-to-date symlink: /root/Shared/MIAPR_Projekt/colcon_ws/install/mesh_msgs/include/mesh_msgs/mesh_msgs/srv/detail/get_geometry__rosidl_typesupport_introspection_cpp.hpp
-- Up-to-date symlink: /root/Shared/MIAPR_Projekt/colcon_ws/install/mesh_msgs/include/mesh_msgs/mesh_msgs/srv/detail/get_labeled_clusters__rosidl_typesupport_introspection_cpp.hpp
-- Up-to-date symlink: /root/Shared/MIAPR_Projekt/colcon_ws/install/mesh_msgs/include/mesh_msgs/mesh_msgs/srv/detail/get_materials__rosidl_typesupport_introspection_cpp.hpp
-- Up-to-date symlink: /root/Shared/MIAPR_Projekt/colcon_ws/install/mesh_msgs/include/mesh_msgs/mesh_msgs/srv/detail/get_texture__rosidl_typesupport_introspection_cpp.hpp
-- Up-to-date symlink: /root/Shared/MIAPR_Projekt/colcon_ws/install/mesh_msgs/include/mesh_msgs/mesh_msgs/srv/detail/get_uui_ds__rosidl_typesupport_introspection_cpp.hpp
-- Up-to-date symlink: /root/Shared/MIAPR_Projekt/colcon_ws/install/mesh_msgs/include/mesh_msgs/mesh_msgs/srv/detail/get_vertex_colors__rosidl_typesupport_introspection_cpp.hpp
-- Up-to-date symlink: /root/Shared/MIAPR_Projekt/colcon_ws/install/mesh_msgs/include/mesh_msgs/mesh_msgs/srv/detail/get_vertex_cost_layers__rosidl_typesupport_introspection_cpp.hpp
-- Up-to-date symlink: /root/Shared/MIAPR_Projekt/colcon_ws/install/mesh_msgs/include/mesh_msgs/mesh_msgs/srv/detail/get_vertex_costs__rosidl_typesupport_introspection_cpp.hpp
-- Up-to-date symlink: /root/Shared/MIAPR_Projekt/colcon_ws/install/mesh_msgs/share/mesh_msgs/environment/pythonpath.sh
-- Up-to-date symlink: /root/Shared/MIAPR_Projekt/colcon_ws/install/mesh_msgs/share/mesh_msgs/environment/pythonpath.dsv
-- Up-to-date symlink: /root/Shared/MIAPR_Projekt/colcon_ws/install/mesh_msgs/lib/python3.12/site-packages/mesh_msgs-2.1.1-py3.12.egg-info/PKG-INFO
-- Up-to-date symlink: /root/Shared/MIAPR_Projekt/colcon_ws/install/mesh_msgs/lib/python3.12/site-packages/mesh_msgs-2.1.1-py3.12.egg-info/SOURCES.txt
-- Up-to-date symlink: /root/Shared/MIAPR_Projekt/colcon_ws/install/mesh_msgs/lib/python3.12/site-packages/mesh_msgs-2.1.1-py3.12.egg-info/dependency_links.txt
-- Up-to-date symlink: /root/Shared/MIAPR_Projekt/colcon_ws/install/mesh_msgs/lib/python3.12/site-packages/mesh_msgs-2.1.1-py3.12.egg-info/top_level.txt
-- Up-to-date symlink: /root/Shared/MIAPR_Projekt/colcon_ws/install/mesh_msgs/lib/python3.12/site-packages/mesh_msgs/__init__.py
-- Up-to-date symlink: /root/Shared/MIAPR_Projekt/colcon_ws/install/mesh_msgs/lib/python3.12/site-packages/mesh_msgs/_mesh_msgs_s.ep.rosidl_typesupport_c.c
-- Up-to-date symlink: /root/Shared/MIAPR_Projekt/colcon_ws/install/mesh_msgs/lib/python3.12/site-packages/mesh_msgs/_mesh_msgs_s.ep.rosidl_typesupport_fastrtps_c.c
-- Up-to-date symlink: /root/Shared/MIAPR_Projekt/colcon_ws/install/mesh_msgs/lib/python3.12/site-packages/mesh_msgs/_mesh_msgs_s.ep.rosidl_typesupport_introspection_c.c
-- Up-to-date symlink: /root/Shared/MIAPR_Projekt/colcon_ws/install/mesh_msgs/lib/python3.12/site-packages/mesh_msgs/mesh_msgs_s__rosidl_typesupport_c.so
-- Up-to-date symlink: /root/Shared/MIAPR_Projekt/colcon_ws/install/mesh_msgs/lib/python3.12/site-packages/mesh_msgs/mesh_msgs_s__rosidl_typesupport_fastrtps_c.so
-- Up-to-date symlink: /root/Shared/MIAPR_Projekt/colcon_ws/install/mesh_msgs/lib/python3.12/site-packages/mesh_msgs/mesh_msgs_s__rosidl_typesupport_introspection_c.so
-- Up-to-date symlink: /root/Shared/MIAPR_Projekt/colcon_ws/install/mesh_msgs/lib/python3.12/site-packages/mesh_msgs/msg/__init__.py
-- Up-to-date symlink: /root/Shared/MIAPR_Projekt/colcon_ws/install/mesh_msgs/lib/python3.12/site-packages/mesh_msgs/msg/_mesh_face_cluster.py
-- Up-to-date symlink: /root/Shared/MIAPR_Projekt/colcon_ws/install/mesh_msgs/lib/python3.12/site-packages/mesh_msgs/msg/_mesh_face_cluster_s.c
-- Up-to-date symlink: /root/Shared/MIAPR_Projekt/colcon_ws/install/mesh_msgs/lib/python3.12/site-packages/mesh_msgs/msg/_mesh_face_cluster_stamped.py
-- Up-to-date symlink: /root/Shared/MIAPR_Projekt/colcon_ws/install/mesh_msgs/lib/python3.12/site-packages/mesh_msgs/msg/_mesh_face_cluster_stamped_s.c
-- Up-to-date symlink: /root/Shared/MIAPR_Projekt/colcon_ws/install/mesh_msgs/lib/python3.12/site-packages/mesh_msgs/msg/_mesh_geometry.py
-- Up-to-date symlink: /root/Shared/MIAPR_Projekt/colcon_ws/install/mesh_msgs/lib/python3.12/site-packages/mesh_msgs/msg/_mesh_geometry_s.c
-- Up-to-date symlink: /root/Shared/MIAPR_Projekt/colcon_ws/install/mesh_msgs/lib/python3.12/site-packages/mesh_msgs/msg/_mesh_geometry_stamped.py
-- Up-to-date symlink: /root/Shared/MIAPR_Projekt/colcon_ws/install/mesh_msgs/lib/python3.12/site-packages/mesh_msgs/msg/_mesh_geometry_stamped_s.c
-- Up-to-date symlink: /root/Shared/MIAPR_Projekt/colcon_ws/install/mesh_msgs/lib/python3.12/site-packages/mesh_msgs/msg/_mesh_material.py
-- Up-to-date symlink: /root/Shared/MIAPR_Projekt/colcon_ws/install/mesh_msgs/lib/python3.12/site-packages/mesh_msgs/msg/_mesh_material_s.c
-- Up-to-date symlink: /root/Shared/MIAPR_Projekt/colcon_ws/install/mesh_msgs/lib/python3.12/site-packages/mesh_msgs/msg/_mesh_materials.py
-- Up-to-date symlink: /root/Shared/MIAPR_Projekt/colcon_ws/install/mesh_msgs/lib/python3.12/site-packages/mesh_msgs/msg/_mesh_materials_s.c
-- Up-to-date symlink: /root/Shared/MIAPR_Projekt/colcon_ws/install/mesh_msgs/lib/python3.12/site-packages/mesh_msgs/msg/_mesh_materials_stamped.py
-- Up-to-date symlink: /root/Shared/MIAPR_Projekt/colcon_ws/install/mesh_msgs/lib/python3.12/site-packages/mesh_msgs/msg/_mesh_materials_stamped_s.c
-- Up-to-date symlink: /root/Shared/MIAPR_Projekt/colcon_ws/install/mesh_msgs/lib/python3.12/site-packages/mesh_msgs/msg/_mesh_texture.py
-- Up-to-date symlink: /root/Shared/MIAPR_Projekt/colcon_ws/install/mesh_msgs/lib/python3.12/site-packages/mesh_msgs/msg/_mesh_texture_s.c
-- Up-to-date symlink: /root/Shared/MIAPR_Projekt/colcon_ws/install/mesh_msgs/lib/python3.12/site-packages/mesh_msgs/msg/_mesh_triangle_indices.py
-- Up-to-date symlink: /root/Shared/MIAPR_Projekt/colcon_ws/install/mesh_msgs/lib/python3.12/site-packages/mesh_msgs/msg/_mesh_triangle_indices_s.c
-- Up-to-date symlink: /root/Shared/MIAPR_Projekt/colcon_ws/install/mesh_msgs/lib/python3.12/site-packages/mesh_msgs/msg/_mesh_vertex_colors.py
-- Up-to-date symlink: /root/Shared/MIAPR_Projekt/colcon_ws/install/mesh_msgs/lib/python3.12/site-packages/mesh_msgs/msg/_mesh_vertex_colors_s.c
-- Up-to-date symlink: /root/Shared/MIAPR_Projekt/colcon_ws/install/mesh_msgs/lib/python3.12/site-packages/mesh_msgs/msg/_mesh_vertex_colors_stamped.py
-- Up-to-date symlink: /root/Shared/MIAPR_Projekt/colcon_ws/install/mesh_msgs/lib/python3.12/site-packages/mesh_msgs/msg/_mesh_vertex_colors_stamped_s.c
-- Up-to-date symlink: /root/Shared/MIAPR_Projekt/colcon_ws/install/mesh_msgs/lib/python3.12/site-packages/mesh_msgs/msg/_mesh_vertex_costs.py
-- Up-to-date symlink: /root/Shared/MIAPR_Projekt/colcon_ws/install/mesh_msgs/lib/python3.12/site-packages/mesh_msgs/msg/_mesh_vertex_costs_s.c
-- Up-to-date symlink: /root/Shared/MIAPR_Projekt/colcon_ws/install/mesh_msgs/lib/python3.12/site-packages/mesh_msgs/msg/_mesh_vertex_costs_sparse.py
-- Up-to-date symlink: /root/Shared/MIAPR_Projekt/colcon_ws/install/mesh_msgs/lib/python3.12/site-packages/mesh_msgs/msg/_mesh_vertex_costs_sparse_s.c
-- Up-to-date symlink: /root/Shared/MIAPR_Projekt/colcon_ws/install/mesh_msgs/lib/python3.12/site-packages/mesh_msgs/msg/_mesh_vertex_costs_sparse_stamped.py
-- Up-to-date symlink: /root/Shared/MIAPR_Projekt/colcon_ws/install/mesh_msgs/lib/python3.12/site-packages/mesh_msgs/msg/_mesh_vertex_costs_sparse_stamped_s.c
-- Up-to-date symlink: /root/Shared/MIAPR_Projekt/colcon_ws/install/mesh_msgs/lib/python3.12/site-packages/mesh_msgs/msg/_mesh_vertex_costs_stamped.py
-- Up-to-date symlink: /root/Shared/MIAPR_Projekt/colcon_ws/install/mesh_msgs/lib/python3.12/site-packages/mesh_msgs/msg/_mesh_vertex_costs_stamped_s.c
-- Up-to-date symlink: /root/Shared/MIAPR_Projekt/colcon_ws/install/mesh_msgs/lib/python3.12/site-packages/mesh_msgs/msg/_mesh_vertex_tex_coords.py
-- Up-to-date symlink: /root/Shared/MIAPR_Projekt/colcon_ws/install/mesh_msgs/lib/python3.12/site-packages/mesh_msgs/msg/_mesh_vertex_tex_coords_s.c
-- Up-to-date symlink: /root/Shared/MIAPR_Projekt/colcon_ws/install/mesh_msgs/lib/python3.12/site-packages/mesh_msgs/msg/_vector_field.py
-- Up-to-date symlink: /root/Shared/MIAPR_Projekt/colcon_ws/install/mesh_msgs/lib/python3.12/site-packages/mesh_msgs/msg/_vector_field_s.c
-- Up-to-date symlink: /root/Shared/MIAPR_Projekt/colcon_ws/install/mesh_msgs/lib/python3.12/site-packages/mesh_msgs/msg/_vector_field_stamped.py
-- Up-to-date symlink: /root/Shared/MIAPR_Projekt/colcon_ws/install/mesh_msgs/lib/python3.12/site-packages/mesh_msgs/msg/_vector_field_stamped_s.c
-- Up-to-date symlink: /root/Shared/MIAPR_Projekt/colcon_ws/install/mesh_msgs/lib/python3.12/site-packages/mesh_msgs/srv/__init__.py
-- Up-to-date symlink: /root/Shared/MIAPR_Projekt/colcon_ws/install/mesh_msgs/lib/python3.12/site-packages/mesh_msgs/srv/_get_geometry.py
-- Up-to-date symlink: /root/Shared/MIAPR_Projekt/colcon_ws/install/mesh_msgs/lib/python3.12/site-packages/mesh_msgs/srv/_get_geometry_s.c
-- Up-to-date symlink: /root/Shared/MIAPR_Projekt/colcon_ws/install/mesh_msgs/lib/python3.12/site-packages/mesh_msgs/srv/_get_labeled_clusters.py
-- Up-to-date symlink: /root/Shared/MIAPR_Projekt/colcon_ws/install/mesh_msgs/lib/python3.12/site-packages/mesh_msgs/srv/_get_labeled_clusters_s.c
-- Up-to-date symlink: /root/Shared/MIAPR_Projekt/colcon_ws/install/mesh_msgs/lib/python3.12/site-packages/mesh_msgs/srv/_get_materials.py
-- Up-to-date symlink: /root/Shared/MIAPR_Projekt/colcon_ws/install/mesh_msgs/lib/python3.12/site-packages/mesh_msgs/srv/_get_materials_s.c
-- Up-to-date symlink: /root/Shared/MIAPR_Projekt/colcon_ws/install/mesh_msgs/lib/python3.12/site-packages/mesh_msgs/srv/_get_texture.py
-- Up-to-date symlink: /root/Shared/MIAPR_Projekt/colcon_ws/install/mesh_msgs/lib/python3.12/site-packages/mesh_msgs/srv/_get_texture_s.c
-- Up-to-date symlink: /root/Shared/MIAPR_Projekt/colcon_ws/install/mesh_msgs/lib/python3.12/site-packages/mesh_msgs/srv/_get_uui_ds.py
-- Up-to-date symlink: /root/Shared/MIAPR_Projekt/colcon_ws/install/mesh_msgs/lib/python3.12/site-packages/mesh_msgs/srv/_get_uui_ds_s.c
-- Up-to-date symlink: /root/Shared/MIAPR_Projekt/colcon_ws/install/mesh_msgs/lib/python3.12/site-packages/mesh_msgs/srv/_get_vertex_colors.py
-- Up-to-date symlink: /root/Shared/MIAPR_Projekt/colcon_ws/install/mesh_msgs/lib/python3.12/site-packages/mesh_msgs/srv/_get_vertex_colors_s.c
-- Up-to-date symlink: /root/Shared/MIAPR_Projekt/colcon_ws/install/mesh_msgs/lib/python3.12/site-packages/mesh_msgs/srv/_get_vertex_cost_layers.py
-- Up-to-date symlink: /root/Shared/MIAPR_Projekt/colcon_ws/install/mesh_msgs/lib/python3.12/site-packages/mesh_msgs/srv/_get_vertex_cost_layers_s.c
-- Up-to-date symlink: /root/Shared/MIAPR_Projekt/colcon_ws/install/mesh_msgs/lib/python3.12/site-packages/mesh_msgs/srv/_get_vertex_costs.py
-- Up-to-date symlink: /root/Shared/MIAPR_Projekt/colcon_ws/install/mesh_msgs/lib/python3.12/site-packages/mesh_msgs/srv/_get_vertex_costs_s.c
-- Up-to-date symlink: /root/Shared/MIAPR_Projekt/colcon_ws/install/mesh_msgs/lib/python3.12/site-packages/mesh_msgs/mesh_msgs_s__rosidl_typesupport_fastrtps_c.so
-- Up-to-date symlink: /root/Shared/MIAPR_Projekt/colcon_ws/install/mesh_msgs/lib/python3.12/site-packages/mesh_msgs/mesh_msgs_s__rosidl_typesupport_introspection_c.so
-- Up-to-date symlink: /root/Shared/MIAPR_Projekt/colcon_ws/install/mesh_msgs/lib/python3.12/site-packages/mesh_msgs/mesh_msgs_s__rosidl_typesupport_c.so
-- Up-to-date symlink: /root/Shared/MIAPR_Projekt/colcon_ws/install/mesh_msgs/share/mesh_msgs/msg/MeshFaceCluster.idl
-- Up-to-date symlink: /root/Shared/MIAPR_Projekt/colcon_ws/install/mesh_msgs/share/mesh_msgs/msg/MeshFaceClusterStamped.idl
-- Up-to-date symlink: /root/Shared/MIAPR_Projekt/colcon_ws/install/mesh_msgs/share/mesh_msgs/msg/MeshMaterial.idl
-- Up-to-date symlink: /root/Shared/MIAPR_Projekt/colcon_ws/install/mesh_msgs/share/mesh_msgs/msg/MeshGeometry.idl
-- Up-to-date symlink: /root/Shared/MIAPR_Projekt/colcon_ws/install/mesh_msgs/share/mesh_msgs/msg/MeshGeometryStamped.idl
-- Up-to-date symlink: /root/Shared/MIAPR_Projekt/colcon_ws/install/mesh_msgs/share/mesh_msgs/msg/MeshMaterials.idl
-- Up-to-date symlink: /root/Shared/MIAPR_Projekt/colcon_ws/install/mesh_msgs/share/mesh_msgs/msg/MeshMaterialsStamped.idl
-- Up-to-date symlink: /root/Shared/MIAPR_Projekt/colcon_ws/install/mesh_msgs/share/mesh_msgs/msg/MeshVertexColors.idl
-- Up-to-date symlink: /root/Shared/MIAPR_Projekt/colcon_ws/install/mesh_msgs/share/mesh_msgs/msg/MeshVertexColorsStamped.idl
-- Up-to-date symlink: /root/Shared/MIAPR_Projekt/colcon_ws/install/mesh_msgs/share/mesh_msgs/msg/MeshVertexCosts.idl
-- Up-to-date symlink: /root/Shared/MIAPR_Projekt/colcon_ws/install/mesh_msgs/share/mesh_msgs/msg/MeshVertexCostsStamped.idl
-- Up-to-date symlink: /root/Shared/MIAPR_Projekt/colcon_ws/install/mesh_msgs/share/mesh_msgs/msg/MeshVertexCostsSparse.idl
-- Up-to-date symlink: /root/Shared/MIAPR_Projekt/colcon_ws/install/mesh_msgs/share/mesh_msgs/msg/MeshVertexCostsSparseStamped.idl
-- Up-to-date symlink: /root/Shared/MIAPR_Projekt/colcon_ws/install/mesh_msgs/share/mesh_msgs/msg/MeshTexture.idl
-- Up-to-date symlink: /root/Shared/MIAPR_Projekt/colcon_ws/install/mesh_msgs/share/mesh_msgs/msg/MeshTriangleIndices.idl
-- Up-to-date symlink: /root/Shared/MIAPR_Projekt/colcon_ws/install/mesh_msgs/share/mesh_msgs/msg/VectorField.idl
-- Up-to-date symlink: /root/Shared/MIAPR_Projekt/colcon_ws/install/mesh_msgs/share/mesh_msgs/msg/VectorFieldStamped.idl
-- Up-to-date symlink: /root/Shared/MIAPR_Projekt/colcon_ws/install/mesh_msgs/share/mesh_msgs/msg/MeshVertexTexCoords.idl
-- Up-to-date symlink: /root/Shared/MIAPR_Projekt/colcon_ws/install/mesh_msgs/share/mesh_msgs/srv/GetGeometry.idl
-- Up-to-date symlink: /root/Shared/MIAPR_Projekt/colcon_ws/install/mesh_msgs/share/mesh_msgs/srv/GetLabeledClusters.idl
-- Up-to-date symlink: /root/Shared/MIAPR_Projekt/colcon_ws/install/mesh_msgs/share/mesh_msgs/srv/GetMaterials.idl
-- Up-to-date symlink: /root/Shared/MIAPR_Projekt/colcon_ws/install/mesh_msgs/share/mesh_msgs/srv/GetTexture.idl
-- Up-to-date symlink: /root/Shared/MIAPR_Projekt/colcon_ws/install/mesh_msgs/share/mesh_msgs/srv/GetUUIDs.idl
-- Up-to-date symlink: /root/Shared/MIAPR_Projekt/colcon_ws/install/mesh_msgs/share/mesh_msgs/srv/GetVertexColors.idl
-- Up-to-date symlink: /root/Shared/MIAPR_Projekt/colcon_ws/install/mesh_msgs/share/mesh_msgs/srv/GetVertexCosts.idl
-- Up-to-date symlink: /root/Shared/MIAPR_Projekt/colcon_ws/install/mesh_msgs/share/mesh_msgs/srv/GetVertexCostLayers.idl
-- Up-to-date symlink: /root/Shared/MIAPR_Projekt/colcon_ws/install/mesh_msgs/share/mesh_msgs/msg/MeshFaceCluster.msg
-- Up-to-date symlink: /root/Shared/MIAPR_Projekt/colcon_ws/install/mesh_msgs/share/mesh_msgs/msg/MeshFaceClusterStamped.msg
-- Up-to-date symlink: /root/Shared/MIAPR_Projekt/colcon_ws/install/mesh_msgs/share/mesh_msgs/msg/MeshMaterial.msg
-- Up-to-date symlink: /root/Shared/MIAPR_Projekt/colcon_ws/install/mesh_msgs/share/mesh_msgs/msg/MeshGeometry.msg
-- Up-to-date symlink: /root/Shared/MIAPR_Projekt/colcon_ws/install/mesh_msgs/share/mesh_msgs/msg/MeshGeometryStamped.msg
-- Up-to-date symlink: /root/Shared/MIAPR_Projekt/colcon_ws/install/mesh_msgs/share/mesh_msgs/msg/MeshMaterials.msg
-- Up-to-date symlink: /root/Shared/MIAPR_Projekt/colcon_ws/install/mesh_msgs/share/mesh_msgs/msg/MeshMaterialsStamped.msg
-- Up-to-date symlink: /root/Shared/MIAPR_Projekt/colcon_ws/install/mesh_msgs/share/mesh_msgs/msg/MeshVertexColors.msg
-- Up-to-date symlink: /root/Shared/MIAPR_Projekt/colcon_ws/install/mesh_msgs/share/mesh_msgs/msg/MeshVertexColorsStamped.msg
-- Up-to-date symlink: /root/Shared/MIAPR_Projekt/colcon_ws/install/mesh_msgs/share/mesh_msgs/msg/MeshVertexCosts.msg
-- Up-to-date symlink: /root/Shared/MIAPR_Projekt/colcon_ws/install/mesh_msgs/share/mesh_msgs/msg/MeshVertexCostsStamped.msg
-- Up-to-date symlink: /root/Shared/MIAPR_Projekt/colcon_ws/install/mesh_msgs/share/mesh_msgs/msg/MeshVertexCostsSparse.msg
-- Up-to-date symlink: /root/Shared/MIAPR_Projekt/colcon_ws/install/mesh_msgs/share/mesh_msgs/msg/MeshVertexCostsSparseStamped.msg
-- Up-to-date symlink: /root/Shared/MIAPR_Projekt/colcon_ws/install/mesh_msgs/share/mesh_msgs/msg/MeshTexture.msg
-- Up-to-date symlink: /root/Shared/MIAPR_Projekt/colcon_ws/install/mesh_msgs/share/mesh_msgs/msg/MeshTriangleIndices.msg
-- Up-to-date symlink: /root/Shared/MIAPR_Projekt/colcon_ws/install/mesh_msgs/share/mesh_msgs/msg/VectorField.msg
-- Up-to-date symlink: /root/Shared/MIAPR_Projekt/colcon_ws/install/mesh_msgs/share/mesh_msgs/msg/VectorFieldStamped.msg
-- Up-to-date symlink: /root/Shared/MIAPR_Projekt/colcon_ws/install/mesh_msgs/share/mesh_msgs/msg/MeshVertexTexCoords.msg
-- Up-to-date symlink: /root/Shared/MIAPR_Projekt/colcon_ws/install/mesh_msgs/share/mesh_msgs/srv/GetGeometry.srv
-- Up-to-date symlink: /root/Shared/MIAPR_Projekt/colcon_ws/install/mesh_msgs/share/mesh_msgs/srv/GetLabeledClusters.srv
-- Up-to-date symlink: /root/Shared/MIAPR_Projekt/colcon_ws/install/mesh_msgs/share/mesh_msgs/srv/GetMaterials.srv
-- Up-to-date symlink: /root/Shared/MIAPR_Projekt/colcon_ws/install/mesh_msgs/share/mesh_msgs/srv/GetTexture.srv
-- Up-to-date symlink: /root/Shared/MIAPR_Projekt/colcon_ws/install/mesh_msgs/share/mesh_msgs/srv/GetUUIDs.srv
-- Up-to-date symlink: /root/Shared/MIAPR_Projekt/colcon_ws/install/mesh_msgs/share/mesh_msgs/srv/GetVertexColors.srv
-- Up-to-date symlink: /root/Shared/MIAPR_Projekt/colcon_ws/install/mesh_msgs/share/mesh_msgs/srv/GetVertexCosts.srv
-- Up-to-date symlink: /root/Shared/MIAPR_Projekt/colcon_ws/install/mesh_msgs/share/mesh_msgs/srv/GetVertexCostLayers.srv
-- Up-to-date symlink: /root/Shared/MIAPR_Projekt/colcon_ws/install/mesh_msgs/share/ament_index/resource_index/package_run_dependencies/mesh_msgs
-- Up-to-date symlink: /root/Shared/MIAPR_Projekt/colcon_ws/install/mesh_msgs/share/ament_index/resource_index/parent_prefix_path/mesh_msgs
-- Up-to-date symlink: /root/Shared/MIAPR_Projekt/colcon_ws/install/mesh_msgs/share/mesh_msgs/environment/ament_prefix_path.sh
-- Up-to-date symlink: /root/Shared/MIAPR_Projekt/colcon_ws/install/mesh_msgs/share/mesh_msgs/environment/ament_prefix_path.dsv
-- Up-to-date symlink: /root/Shared/MIAPR_Projekt/colcon_ws/install/mesh_msgs/share/mesh_msgs/environment/path.sh
-- Up-to-date symlink: /root/Shared/MIAPR_Projekt/colcon_ws/install/mesh_msgs/share/mesh_msgs/environment/path.dsv
-- Up-to-date symlink: /root/Shared/MIAPR_Projekt/colcon_ws/install/mesh_msgs/share/mesh_msgs/local_setup.bash
-- Up-to-date symlink: /root/Shared/MIAPR_Projekt/colcon_ws/install/mesh_msgs/share/mesh_msgs/local_setup.sh
-- Up-to-date symlink: /root/Shared/MIAPR_Projekt/colcon_ws/install/mesh_msgs/share/mesh_msgs/local_setup.zsh
-- Up-to-date symlink: /root/Shared/MIAPR_Projekt/colcon_ws/install/mesh_msgs/share/mesh_msgs/local_setup.dsv
-- Symlinking: /root/Shared/MIAPR_Projekt/colcon_ws/install/mesh_msgs/share/mesh_msgs/package.dsv
-- Up-to-date symlink: /root/Shared/MIAPR_Projekt/colcon_ws/install/mesh_msgs/share/ament_index/resource_index/packages/mesh_msgs
-- Up-to-date symlink: /root/Shared/MIAPR_Projekt/colcon_ws/install/mesh_msgs/share/mesh_msgs/cmake/rosidl_cmake-extras.cmake
-- Up-to-date symlink: /root/Shared/MIAPR_Projekt/colcon_ws/install/mesh_msgs/share/mesh_msgs/cmake/ament_cmake_export_dependencies-extras.cmake
-- Up-to-date symlink: /root/Shared/MIAPR_Projekt/colcon_ws/install/mesh_msgs/share/mesh_msgs/cmake/ament_cmake_export_include_directories-extras.cmake
-- Up-to-date symlink: /root/Shared/MIAPR_Projekt/colcon_ws/install/mesh_msgs/share/mesh_msgs/cmake/ament_cmake_export_libraries-extras.cmake
-- Up-to-date symlink: /root/Shared/MIAPR_Projekt/colcon_ws/install/mesh_msgs/share/mesh_msgs/cmake/ament_cmake_export_targets-extras.cmake
-- Up-to-date symlink: /root/Shared/MIAPR_Projekt/colcon_ws/install/mesh_msgs/share/mesh_msgs/cmake/rosidl_cmake_export_typesupport_targets-extras.cmake
-- Up-to-date symlink: /root/Shared/MIAPR_Projekt/colcon_ws/install/mesh_msgs/share/mesh_msgs/cmake/rosidl_cmake_export_typesupport_libraries-extras.cmake
-- Up-to-date symlink: /root/Shared/MIAPR_Projekt/colcon_ws/install/mesh_msgs/share/mesh_msgs/cmake/mesh_msgsConfig.cmake
-- Up-to-date symlink: /root/Shared/MIAPR_Projekt/colcon_ws/install/mesh_msgs/share/mesh_msgs/cmake/mesh_msgsConfig-version.cmake
-- Up-to-date symlink: /root/Shared/MIAPR_Projekt/colcon_ws/install/mesh_msgs/share/mesh_msgs/package.xml
-- Up-to-date: /root/Shared/MIAPR_Projekt/colcon_ws/install/mesh_msgs/lib/libmesh_msgs__rosidl_generator_c.so
-- Up-to-date: /root/Shared/MIAPR_Projekt/colcon_ws/install/mesh_msgs/lib/libmesh_msgs__rosidl_typesupport_fastrtps_c.so
-- Up-to-date: /root/Shared/MIAPR_Projekt/colcon_ws/install/mesh_msgs/lib/libmesh_msgs__rosidl_typesupport_introspection_c.so
-- Up-to-date: /root/Shared/MIAPR_Projekt/colcon_ws/install/mesh_msgs/lib/libmesh_msgs__rosidl_typesupport_c.so
-- Up-to-date: /root/Shared/MIAPR_Projekt/colcon_ws/install/mesh_msgs/lib/libmesh_msgs__rosidl_typesupport_fastrtps_cpp.so
-- Up-to-date: /root/Shared/MIAPR_Projekt/colcon_ws/install/mesh_msgs/lib/libmesh_msgs__rosidl_typesupport_introspection_cpp.so
-- Up-to-date: /root/Shared/MIAPR_Projekt/colcon_ws/install/mesh_msgs/lib/libmesh_msgs__rosidl_typesupport_cpp.so
Listing '/root/Shared/MIAPR_Projekt/colcon_ws/install/mesh_msgs/lib/python3.12/site-packages/mesh_msgs'...
Listing '/root/Shared/MIAPR_Projekt/colcon_ws/install/mesh_msgs/lib/python3.12/site-packages/mesh_msgs/msg'...
Listing '/root/Shared/MIAPR_Projekt/colcon_ws/install/mesh_msgs/lib/python3.12/site-packages/mesh_msgs/srv'...
-- Up-to-date: /root/Shared/MIAPR_Projekt/colcon_ws/install/mesh_msgs/lib/libmesh_msgs__rosidl_generator_py.so
-- Up-to-date: /root/Shared/MIAPR_Projekt/colcon_ws/install/mesh_msgs/share/mesh_msgs/cmake/export_mesh_msgs__rosidl_generator_cExport.cmake
-- Up-to-date: /root/Shared/MIAPR_Projekt/colcon_ws/install/mesh_msgs/share/mesh_msgs/cmake/export_mesh_msgs__rosidl_generator_cExport-noconfig.cmake
-- Up-to-date: /root/Shared/MIAPR_Projekt/colcon_ws/install/mesh_msgs/share/mesh_msgs/cmake/export_mesh_msgs__rosidl_typesupport_fastrtps_cExport.cmake
-- Up-to-date: /root/Shared/MIAPR_Projekt/colcon_ws/install/mesh_msgs/share/mesh_msgs/cmake/export_mesh_msgs__rosidl_typesupport_fastrtps_cExport-noconfig.cmake
-- Up-to-date: /root/Shared/MIAPR_Projekt/colcon_ws/install/mesh_msgs/share/mesh_msgs/cmake/mesh_msgs__rosidl_typesupport_introspection_cExport.cmake
-- Up-to-date: /root/Shared/MIAPR_Projekt/colcon_ws/install/mesh_msgs/share/mesh_msgs/cmake/mesh_msgs__rosidl_typesupport_introspection_cExport-noconfig.cmake
-- Up-to-date: /root/Shared/MIAPR_Projekt/colcon_ws/install/mesh_msgs/share/mesh_msgs/cmake/mesh_msgs__rosidl_typesupport_cExport.cmake
-- Up-to-date: /root/Shared/MIAPR_Projekt/colcon_ws/install/mesh_msgs/share/mesh_msgs/cmake/mesh_msgs__rosidl_typesupport_cExport-noconfig.cmake
-- Up-to-date: /root/Shared/MIAPR_Projekt/colcon_ws/install/mesh_msgs/share/mesh_msgs/cmake/export_mesh_msgs__rosidl_generator_cppExport.cmake
-- Up-to-date: /root/Shared/MIAPR_Projekt/colcon_ws/install/mesh_msgs/share/mesh_msgs/cmake/export_mesh_msgs__rosidl_typesupport_fastrtps_cppExport.cmake
-- Up-to-date: /root/Shared/MIAPR_Projekt/colcon_ws/install/mesh_msgs/share/mesh_msgs/cmake/export_mesh_msgs__rosidl_typesupport_fastrtps_cppExport-noconfig.cmake
-- Up-to-date: /root/Shared/MIAPR_Projekt/colcon_ws/install/mesh_msgs/share/mesh_msgs/cmake/mesh_msgs__rosidl_typesupport_introspection_cppExport.cmake
-- Up-to-date: /root/Shared/MIAPR_Projekt/colcon_ws/install/mesh_msgs/share/mesh_msgs/cmake/mesh_msgs__rosidl_typesupport_introspection_cppExport-noconfig.cmake
-- Up-to-date: /root/Shared/MIAPR_Projekt/colcon_ws/install/mesh_msgs/share/mesh_msgs/cmake/mesh_msgs__rosidl_typesupport_cppExport.cmake
-- Up-to-date: /root/Shared/MIAPR_Projekt/colcon_ws/install/mesh_msgs/share/mesh_msgs/cmake/mesh_msgs__rosidl_typesupport_cppExport-noconfig.cmake
-- Up-to-date: /root/Shared/MIAPR_Projekt/colcon_ws/install/mesh_msgs/share/mesh_msgs/cmake/export_mesh_msgs__rosidl_generator_pyExport.cmake
-- Up-to-date: /root/Shared/MIAPR_Projekt/colcon_ws/install/mesh_msgs/share/mesh_msgs/cmake/export_mesh_msgs__rosidl_generator_pyExport-noconfig.cmake
