[01m[K/root/Shared/MIAPR_Projekt/colcon_ws/src/mesh_navigation/cvp_mesh_planner/src/thetastar_mesh_planner.cpp:[m[K In member function ‘[01m[Kuint32_t thetastar_mesh_planner::ThetaStarMeshPlanner::[01;32m[KrunThetaStar[m[K(const mesh_map::Vector&, const mesh_map::Vector&, std::__cxx11::list<pmp::Vertex>&, std::string&)[m[K’:
[01m[K/root/Shared/MIAPR_Projekt/colcon_ws/src/mesh_navigation/cvp_mesh_planner/src/thetastar_mesh_planner.cpp:606:75:[m[K [01;31m[Kerror: [m[Kbinding reference of type ‘[01m[Kmesh_map::Vector&[m[K’ {aka ‘[01m[Klvr2::BaseVector<float>&[m[K’} to ‘[01m[Kconst mesh_map::Vector[m[K’ {aka ‘[01m[Kconst lvr2::BaseVector<float>[m[K’} discards qualifiers
  606 |   const lvr2::OptionalFaceHandle start_opt = mesh_map_->getContainingFace([01;31m[Kstart[m[K, 0.4);
      |                                                                           [01;31m[K^~~~~[m[K
In file included from [01m[K/root/Shared/MIAPR_Projekt/colcon_ws/install/mbf_mesh_core/include/mbf_mesh_core/mesh_planner.h:46[m[K,
                 from [01m[K/root/Shared/MIAPR_Projekt/colcon_ws/src/mesh_navigation/cvp_mesh_planner/include/cvp_mesh_planner/thetastar_mesh_planner.h:216[m[K,
                 from [01m[K/root/Shared/MIAPR_Projekt/colcon_ws/src/mesh_navigation/cvp_mesh_planner/src/thetastar_mesh_planner.cpp:457[m[K:
[01m[K/root/Shared/MIAPR_Projekt/colcon_ws/install/mesh_map/include/mesh_map/mesh_map.h:114:54:[m[K [01;36m[Knote: [m[K  initializing argument 1 of ‘[01m[Klvr2::OptionalFaceHandle mesh_map::MeshMap::[01;32m[KgetContainingFace[m[K(mesh_map::Vector&, const float&)[m[K’
  114 |   lvr2::OptionalFaceHandle getContainingFace([01;36m[KVector& position[m[K, const float& max_dist);
      |                                              [01;36m[K~~~~~~~~^~~~~~~~[m[K
[01m[K/root/Shared/MIAPR_Projekt/colcon_ws/src/mesh_navigation/cvp_mesh_planner/src/thetastar_mesh_planner.cpp:607:74:[m[K [01;31m[Kerror: [m[Kbinding reference of type ‘[01m[Kmesh_map::Vector&[m[K’ {aka ‘[01m[Klvr2::BaseVector<float>&[m[K’} to ‘[01m[Kconst mesh_map::Vector[m[K’ {aka ‘[01m[Kconst lvr2::BaseVector<float>[m[K’} discards qualifiers
  607 |   const lvr2::OptionalFaceHandle goal_opt = mesh_map_->getContainingFace([01;31m[Kgoal[m[K, 0.4);
      |                                                                          [01;31m[K^~~~[m[K
[01m[K/root/Shared/MIAPR_Projekt/colcon_ws/install/mesh_map/include/mesh_map/mesh_map.h:114:54:[m[K [01;36m[Knote: [m[K  initializing argument 1 of ‘[01m[Klvr2::OptionalFaceHandle mesh_map::MeshMap::[01;32m[KgetContainingFace[m[K(mesh_map::Vector&, const float&)[m[K’
  114 |   lvr2::OptionalFaceHandle getContainingFace([01;36m[KVector& position[m[K, const float& max_dist);
      |                                              [01;36m[K~~~~~~~~^~~~~~~~[m[K
[01m[K/root/Shared/MIAPR_Projekt/colcon_ws/src/mesh_navigation/cvp_mesh_planner/src/astar_mesh_planner.cpp:[m[K In member function ‘[01m[Kuint32_t astar_mesh_planner::AStarMeshPlanner::[01;32m[KrunAStar[m[K(const mesh_map::Vector&, const mesh_map::Vector&, std::__cxx11::list<pmp::Vertex>&, std::string&)[m[K’:
[01m[K/root/Shared/MIAPR_Projekt/colcon_ws/src/mesh_navigation/cvp_mesh_planner/src/astar_mesh_planner.cpp:540:75:[m[K [01;31m[Kerror: [m[Kbinding reference of type ‘[01m[Kmesh_map::Vector&[m[K’ {aka ‘[01m[Klvr2::BaseVector<float>&[m[K’} to ‘[01m[Kconst mesh_map::Vector[m[K’ {aka ‘[01m[Kconst lvr2::BaseVector<float>[m[K’} discards qualifiers
  540 |   const lvr2::OptionalFaceHandle start_opt = mesh_map_->getContainingFace([01;31m[Kstart[m[K, 0.4);
      |                                                                           [01;31m[K^~~~~[m[K
In file included from [01m[K/root/Shared/MIAPR_Projekt/colcon_ws/install/mbf_mesh_core/include/mbf_mesh_core/mesh_planner.h:46[m[K,
                 from [01m[K/root/Shared/MIAPR_Projekt/colcon_ws/src/mesh_navigation/cvp_mesh_planner/include/cvp_mesh_planner/astar_mesh_planner.h:221[m[K,
                 from [01m[K/root/Shared/MIAPR_Projekt/colcon_ws/src/mesh_navigation/cvp_mesh_planner/src/astar_mesh_planner.cpp:437[m[K:
[01m[K/root/Shared/MIAPR_Projekt/colcon_ws/install/mesh_map/include/mesh_map/mesh_map.h:114:54:[m[K [01;36m[Knote: [m[K  initializing argument 1 of ‘[01m[Klvr2::OptionalFaceHandle mesh_map::MeshMap::[01;32m[KgetContainingFace[m[K(mesh_map::Vector&, const float&)[m[K’
  114 |   lvr2::OptionalFaceHandle getContainingFace([01;36m[KVector& position[m[K, const float& max_dist);
      |                                              [01;36m[K~~~~~~~~^~~~~~~~[m[K
[01m[K/root/Shared/MIAPR_Projekt/colcon_ws/src/mesh_navigation/cvp_mesh_planner/src/astar_mesh_planner.cpp:541:74:[m[K [01;31m[Kerror: [m[Kbinding reference of type ‘[01m[Kmesh_map::Vector&[m[K’ {aka ‘[01m[Klvr2::BaseVector<float>&[m[K’} to ‘[01m[Kconst mesh_map::Vector[m[K’ {aka ‘[01m[Kconst lvr2::BaseVector<float>[m[K’} discards qualifiers
  541 |   const lvr2::OptionalFaceHandle goal_opt = mesh_map_->getContainingFace([01;31m[Kgoal[m[K, 0.4);
      |                                                                          [01;31m[K^~~~[m[K
[01m[K/root/Shared/MIAPR_Projekt/colcon_ws/install/mesh_map/include/mesh_map/mesh_map.h:114:54:[m[K [01;36m[Knote: [m[K  initializing argument 1 of ‘[01m[Klvr2::OptionalFaceHandle mesh_map::MeshMap::[01;32m[KgetContainingFace[m[K(mesh_map::Vector&, const float&)[m[K’
  114 |   lvr2::OptionalFaceHandle getContainingFace([01;36m[KVector& position[m[K, const float& max_dist);
      |                                              [01;36m[K~~~~~~~~^~~~~~~~[m[K
gmake[2]: *** [CMakeFiles/cvp_mesh_planner.dir/build.make:104: CMakeFiles/cvp_mesh_planner.dir/src/thetastar_mesh_planner.cpp.o] Error 1
gmake[2]: *** Waiting for unfinished jobs....
gmake[2]: *** [CMakeFiles/cvp_mesh_planner.dir/build.make:90: CMakeFiles/cvp_mesh_planner.dir/src/astar_mesh_planner.cpp.o] Error 1
gmake[1]: *** [CMakeFiles/Makefile2:137: CMakeFiles/cvp_mesh_planner.dir/all] Error 2
gmake: *** [Makefile:146: all] Error 2
