[0.010s] Invoking command in '/root/Shared/MIAPR_Projekt/colcon_ws/build/mesh_navigation_tutorials_sim': CMAKE_PREFIX_PATH=${CMAKE_PREFIX_PATH}:/opt/ros/jazzy /usr/bin/cmake /root/Shared/MIAPR_Projekt/colcon_ws/src/mesh_navigation_tutorials/mesh_navigation_tutorials_sim -DAMENT_CMAKE_SYMLINK_INSTALL=1 -DCMAKE_INSTALL_PREFIX=/root/Shared/MIAPR_Projekt/colcon_ws/install/mesh_navigation_tutorials_sim
[0.080s] -- The C compiler identification is GNU 13.3.0
[0.146s] -- The CXX compiler identification is GNU 13.3.0
[0.169s] -- Detecting C compiler ABI info
[0.287s] -- Detecting C compiler ABI info - done
[0.296s] -- Check for working C compiler: /usr/bin/cc - skipped
[0.297s] -- Detecting C compile features
[0.297s] -- Detecting C compile features - done
[0.311s] -- Detecting CXX compiler ABI info
[0.442s] -- Detecting CXX compiler ABI info - done
[0.451s] -- Check for working CXX compiler: /usr/bin/c++ - skipped
[0.452s] -- Detecting CXX compile features
[0.452s] -- Detecting CXX compile features - done
[0.458s] -- Found ament_cmake: 2.5.5 (/opt/ros/jazzy/share/ament_cmake/cmake)
[0.635s] -- Found Python3: /usr/bin/python3 (found version "3.12.3") found components: Interpreter 
[0.719s] -- Override CMake install command with custom implementation using symlinks instead of copying resources
[0.784s] -- Found rclcpp: 28.1.16 (/opt/ros/jazzy/share/rclcpp/cmake)
[0.848s] -- Found rosidl_generator_c: 4.6.7 (/opt/ros/jazzy/share/rosidl_generator_c/cmake)
[0.870s] -- Found rosidl_generator_cpp: 4.6.7 (/opt/ros/jazzy/share/rosidl_generator_cpp/cmake)
[0.894s] -- Using all available rosidl_typesupport_c: rosidl_typesupport_fastrtps_c;rosidl_typesupport_introspection_c
[0.921s] -- Using all available rosidl_typesupport_cpp: rosidl_typesupport_fastrtps_cpp;rosidl_typesupport_introspection_cpp
[1.023s] -- Found rmw_implementation_cmake: 7.3.3 (/opt/ros/jazzy/share/rmw_implementation_cmake/cmake)
[1.029s] -- Found rmw_fastrtps_cpp: 8.4.3 (/opt/ros/jazzy/share/rmw_fastrtps_cpp/cmake)
[1.163s] -- Found OpenSSL: /usr/lib/x86_64-linux-gnu/libcrypto.so (found version "3.0.13")  
[1.185s] -- Found FastRTPS: /opt/ros/jazzy/include (Required is at least version "2.13") 
[1.214s] -- Using RMW implementation 'rmw_fastrtps_cpp' as default
[1.308s] -- Found rclcpp_components: 28.1.16 (/opt/ros/jazzy/share/rclcpp_components/cmake)
[1.359s] -- Found geometry_msgs: 5.3.6 (/opt/ros/jazzy/share/geometry_msgs/cmake)
[1.399s] -- Found tf2_ros: 0.36.19 (/opt/ros/jazzy/share/tf2_ros/cmake)
[1.519s] -- Found tf2_eigen: 0.36.19 (/opt/ros/jazzy/share/tf2_eigen/cmake)
[1.538s] -- Found tf2_geometry_msgs: 0.36.19 (/opt/ros/jazzy/share/tf2_geometry_msgs/cmake)
[1.555s] -- Found eigen3_cmake_module: 0.3.0 (/opt/ros/jazzy/share/eigen3_cmake_module/cmake)
[1.557s] -- Found Eigen3: TRUE (found version "3.4.0") 
[1.557s] -- Ensuring Eigen3 include directory is part of orocos-kdl CMake target
[1.571s] -- Found ament_lint_auto: 0.17.4 (/opt/ros/jazzy/share/ament_lint_auto/cmake)
[1.692s] -- Added test 'copyright' to check source files copyright and LICENSE
[1.698s] -- Added test 'cppcheck' to perform static code analysis on C / C++ code
[1.698s] -- Configured cppcheck include dirs: $<BUILD_INTERFACE:/root/Shared/MIAPR_Projekt/colcon_ws/src/mesh_navigation_tutorials/mesh_navigation_tutorials_sim/include>
[1.698s] -- Configured cppcheck exclude dirs and/or files: 
[1.699s] -- Added test 'pep257' to check Python code against some of the docstring style conventions in PEP 257
[1.703s] -- Added test 'uncrustify' to check C / C++ code style
[1.703s] -- Configured uncrustify additional arguments: 
[1.705s] -- Configuring done (1.7s)
[1.727s] -- Generating done (0.0s)
[1.732s] -- Build files have been written to: /root/Shared/MIAPR_Projekt/colcon_ws/build/mesh_navigation_tutorials_sim
[1.744s] Invoked command in '/root/Shared/MIAPR_Projekt/colcon_ws/build/mesh_navigation_tutorials_sim' returned '0': CMAKE_PREFIX_PATH=${CMAKE_PREFIX_PATH}:/opt/ros/jazzy /usr/bin/cmake /root/Shared/MIAPR_Projekt/colcon_ws/src/mesh_navigation_tutorials/mesh_navigation_tutorials_sim -DAMENT_CMAKE_SYMLINK_INSTALL=1 -DCMAKE_INSTALL_PREFIX=/root/Shared/MIAPR_Projekt/colcon_ws/install/mesh_navigation_tutorials_sim
[1.745s] Invoking command in '/root/Shared/MIAPR_Projekt/colcon_ws/build/mesh_navigation_tutorials_sim': CMAKE_PREFIX_PATH=${CMAKE_PREFIX_PATH}:/opt/ros/jazzy /usr/bin/cmake --build /root/Shared/MIAPR_Projekt/colcon_ws/build/mesh_navigation_tutorials_sim -- -j12 -l12
[1.818s] [ 25%] [32mBuilding CXX object CMakeFiles/ground_truth_localization_node.dir/rclcpp_components/node_main_ground_truth_localization_node.cpp.o[0m
[1.819s] [ 50%] [32mBuilding CXX object CMakeFiles/ground_truth_localization.dir/src/ground_truth_localization.cpp.o[0m
[5.029s] [ 75%] [32m[1mLinking CXX executable ground_truth_localization_node[0m
[5.183s] [ 75%] Built target ground_truth_localization_node
[14.093s] [100%] [32m[1mLinking CXX shared library libground_truth_localization.so[0m
[14.309s] [100%] Built target ground_truth_localization
[14.327s] Invoked command in '/root/Shared/MIAPR_Projekt/colcon_ws/build/mesh_navigation_tutorials_sim' returned '0': CMAKE_PREFIX_PATH=${CMAKE_PREFIX_PATH}:/opt/ros/jazzy /usr/bin/cmake --build /root/Shared/MIAPR_Projekt/colcon_ws/build/mesh_navigation_tutorials_sim -- -j12 -l12
[14.328s] Invoking command in '/root/Shared/MIAPR_Projekt/colcon_ws/build/mesh_navigation_tutorials_sim': CMAKE_PREFIX_PATH=${CMAKE_PREFIX_PATH}:/opt/ros/jazzy /usr/bin/cmake --install /root/Shared/MIAPR_Projekt/colcon_ws/build/mesh_navigation_tutorials_sim
[14.338s] -- Install configuration: "Release"
[14.339s] -- Execute custom install script
[14.339s] -- Symlinking: /root/Shared/MIAPR_Projekt/colcon_ws/install/mesh_navigation_tutorials_sim/share/mesh_navigation_tutorials_sim/environment/mesh_navigation_tutorials_sim.dsv
[14.352s] -- Symlinking: /root/Shared/MIAPR_Projekt/colcon_ws/install/mesh_navigation_tutorials_sim/share/mesh_navigation_tutorials_sim/environment/mesh_navigation_tutorials_sim.sh
[14.365s] -- Symlinking: /root/Shared/MIAPR_Projekt/colcon_ws/install/mesh_navigation_tutorials_sim/share/mesh_navigation_tutorials_sim/config/ros_gazebo_bridge.yaml
[14.377s] -- Symlinking: /root/Shared/MIAPR_Projekt/colcon_ws/install/mesh_navigation_tutorials_sim/share/mesh_navigation_tutorials_sim/launch/base_simulation_launch.py
[14.390s] -- Symlinking: /root/Shared/MIAPR_Projekt/colcon_ws/install/mesh_navigation_tutorials_sim/share/mesh_navigation_tutorials_sim/launch/simulation_launch.py
[14.403s] -- Symlinking: /root/Shared/MIAPR_Projekt/colcon_ws/install/mesh_navigation_tutorials_sim/share/mesh_navigation_tutorials_sim/models/floor_is_lava/meshes/floor_is_lava.dae
[14.416s] -- Symlinking: /root/Shared/MIAPR_Projekt/colcon_ws/install/mesh_navigation_tutorials_sim/share/mesh_navigation_tutorials_sim/models/floor_is_lava/meshes/floor_is_lava.ply
[14.429s] -- Symlinking: /root/Shared/MIAPR_Projekt/colcon_ws/install/mesh_navigation_tutorials_sim/share/mesh_navigation_tutorials_sim/models/floor_is_lava/model.config
[14.442s] -- Symlinking: /root/Shared/MIAPR_Projekt/colcon_ws/install/mesh_navigation_tutorials_sim/share/mesh_navigation_tutorials_sim/models/floor_is_lava/model.sdf
[14.456s] -- Symlinking: /root/Shared/MIAPR_Projekt/colcon_ws/install/mesh_navigation_tutorials_sim/share/mesh_navigation_tutorials_sim/models/parking_garage/meshes/parking_garage.dae
[14.470s] -- Symlinking: /root/Shared/MIAPR_Projekt/colcon_ws/install/mesh_navigation_tutorials_sim/share/mesh_navigation_tutorials_sim/models/parking_garage/meshes/parking_garage_flipped.dae
[14.483s] -- Symlinking: /root/Shared/MIAPR_Projekt/colcon_ws/install/mesh_navigation_tutorials_sim/share/mesh_navigation_tutorials_sim/models/parking_garage/model.config
[14.495s] -- Symlinking: /root/Shared/MIAPR_Projekt/colcon_ws/install/mesh_navigation_tutorials_sim/share/mesh_navigation_tutorials_sim/models/parking_garage/model.sdf
[14.508s] -- Symlinking: /root/Shared/MIAPR_Projekt/colcon_ws/install/mesh_navigation_tutorials_sim/share/mesh_navigation_tutorials_sim/models/tray/meshes/tray.dae
[14.521s] -- Symlinking: /root/Shared/MIAPR_Projekt/colcon_ws/install/mesh_navigation_tutorials_sim/share/mesh_navigation_tutorials_sim/models/tray/meshes/tray.ply
[14.533s] -- Symlinking: /root/Shared/MIAPR_Projekt/colcon_ws/install/mesh_navigation_tutorials_sim/share/mesh_navigation_tutorials_sim/models/tray/model.config
[14.546s] -- Symlinking: /root/Shared/MIAPR_Projekt/colcon_ws/install/mesh_navigation_tutorials_sim/share/mesh_navigation_tutorials_sim/models/tray/model.sdf
[14.560s] -- Symlinking: /root/Shared/MIAPR_Projekt/colcon_ws/install/mesh_navigation_tutorials_sim/share/mesh_navigation_tutorials_sim/worlds/floor_is_lava.sdf
[14.574s] -- Symlinking: /root/Shared/MIAPR_Projekt/colcon_ws/install/mesh_navigation_tutorials_sim/share/mesh_navigation_tutorials_sim/worlds/parking_garage.sdf
[14.587s] -- Symlinking: /root/Shared/MIAPR_Projekt/colcon_ws/install/mesh_navigation_tutorials_sim/share/mesh_navigation_tutorials_sim/worlds/tray.sdf
[14.600s] -- Symlinking: /root/Shared/MIAPR_Projekt/colcon_ws/install/mesh_navigation_tutorials_sim/share/mesh_navigation_tutorials_sim/meshes/wheel.stl
[14.614s] -- Symlinking: /root/Shared/MIAPR_Projekt/colcon_ws/install/mesh_navigation_tutorials_sim/share/mesh_navigation_tutorials_sim/urdf/ceres.urdf.xacro
[14.627s] -- Symlinking: /root/Shared/MIAPR_Projekt/colcon_ws/install/mesh_navigation_tutorials_sim/share/mesh_navigation_tutorials_sim/urdf/common.urdf.xacro
[14.641s] -- Symlinking: /root/Shared/MIAPR_Projekt/colcon_ws/install/mesh_navigation_tutorials_sim/share/mesh_navigation_tutorials_sim/urdf/wheel.urdf.xacro
[14.656s] -- Symlinking: /root/Shared/MIAPR_Projekt/colcon_ws/install/mesh_navigation_tutorials_sim/lib/mesh_navigation_tutorials_sim/ground_truth_localization_node
[14.670s] -- Symlinking: /root/Shared/MIAPR_Projekt/colcon_ws/install/mesh_navigation_tutorials_sim/lib/libground_truth_localization.so
[14.684s] -- Symlinking: /root/Shared/MIAPR_Projekt/colcon_ws/install/mesh_navigation_tutorials_sim/share/ament_index/resource_index/package_run_dependencies/mesh_navigation_tutorials_sim
[14.698s] -- Symlinking: /root/Shared/MIAPR_Projekt/colcon_ws/install/mesh_navigation_tutorials_sim/share/ament_index/resource_index/parent_prefix_path/mesh_navigation_tutorials_sim
[14.712s] -- Symlinking: /root/Shared/MIAPR_Projekt/colcon_ws/install/mesh_navigation_tutorials_sim/share/mesh_navigation_tutorials_sim/environment/ament_prefix_path.sh
[14.724s] -- Symlinking: /root/Shared/MIAPR_Projekt/colcon_ws/install/mesh_navigation_tutorials_sim/share/mesh_navigation_tutorials_sim/environment/ament_prefix_path.dsv
[14.738s] -- Symlinking: /root/Shared/MIAPR_Projekt/colcon_ws/install/mesh_navigation_tutorials_sim/share/mesh_navigation_tutorials_sim/environment/path.sh
[14.751s] -- Symlinking: /root/Shared/MIAPR_Projekt/colcon_ws/install/mesh_navigation_tutorials_sim/share/mesh_navigation_tutorials_sim/environment/path.dsv
[14.764s] -- Symlinking: /root/Shared/MIAPR_Projekt/colcon_ws/install/mesh_navigation_tutorials_sim/share/mesh_navigation_tutorials_sim/local_setup.bash
[14.778s] -- Symlinking: /root/Shared/MIAPR_Projekt/colcon_ws/install/mesh_navigation_tutorials_sim/share/mesh_navigation_tutorials_sim/local_setup.sh
[14.791s] -- Symlinking: /root/Shared/MIAPR_Projekt/colcon_ws/install/mesh_navigation_tutorials_sim/share/mesh_navigation_tutorials_sim/local_setup.zsh
[14.805s] -- Symlinking: /root/Shared/MIAPR_Projekt/colcon_ws/install/mesh_navigation_tutorials_sim/share/mesh_navigation_tutorials_sim/local_setup.dsv
[14.818s] -- Symlinking: /root/Shared/MIAPR_Projekt/colcon_ws/install/mesh_navigation_tutorials_sim/share/mesh_navigation_tutorials_sim/package.dsv
[14.830s] -- Symlinking: /root/Shared/MIAPR_Projekt/colcon_ws/install/mesh_navigation_tutorials_sim/share/ament_index/resource_index/packages/mesh_navigation_tutorials_sim
[14.844s] -- Symlinking: /root/Shared/MIAPR_Projekt/colcon_ws/install/mesh_navigation_tutorials_sim/share/ament_index/resource_index/rclcpp_components/mesh_navigation_tutorials_sim
[14.857s] -- Symlinking: /root/Shared/MIAPR_Projekt/colcon_ws/install/mesh_navigation_tutorials_sim/share/mesh_navigation_tutorials_sim/cmake/mesh_navigation_tutorials_simConfig.cmake
[14.871s] -- Symlinking: /root/Shared/MIAPR_Projekt/colcon_ws/install/mesh_navigation_tutorials_sim/share/mesh_navigation_tutorials_sim/cmake/mesh_navigation_tutorials_simConfig-version.cmake
[14.885s] -- Symlinking: /root/Shared/MIAPR_Projekt/colcon_ws/install/mesh_navigation_tutorials_sim/share/mesh_navigation_tutorials_sim/package.xml
[14.902s] Invoked command in '/root/Shared/MIAPR_Projekt/colcon_ws/build/mesh_navigation_tutorials_sim' returned '0': CMAKE_PREFIX_PATH=${CMAKE_PREFIX_PATH}:/opt/ros/jazzy /usr/bin/cmake --install /root/Shared/MIAPR_Projekt/colcon_ws/build/mesh_navigation_tutorials_sim
