[0.015s] Invoking command in '/root/Shared/MIAPR_Projekt/colcon_ws/build/label_manager': CMAKE_PREFIX_PATH=/root/Shared/MIAPR_Projekt/colcon_ws/install/mesh_msgs:/root/Shared/MIAPR_Projekt/colcon_ws/install/mesh_tools:/root/Shared/MIAPR_Projekt/colcon_ws/install/rviz_mesh_tools_plugins:/root/Shared/MIAPR_Projekt/colcon_ws/install/mesh_navigation:/root/Shared/MIAPR_Projekt/colcon_ws/install/mesh_msgs_transform:/root/Shared/MIAPR_Projekt/colcon_ws/install/mesh_layers:/root/Shared/MIAPR_Projekt/colcon_ws/install/mesh_controller:/root/Shared/MIAPR_Projekt/colcon_ws/install/mbf_mesh_nav:/root/Shared/MIAPR_Projekt/colcon_ws/install/dijkstra_mesh_planner:/root/Shared/MIAPR_Projekt/colcon_ws/install/cvp_mesh_planner:/root/Shared/MIAPR_Projekt/colcon_ws/install/mbf_mesh_core:/root/Shared/MIAPR_Projekt/colcon_ws/install/mesh_map:/root/Shared/MIAPR_Projekt/colcon_ws/install/mesh_msgs_conversions:/root/Shared/MIAPR_Projekt/colcon_ws/install/label_manager:/opt/ros/jazzy/opt/gz_math_vendor:/opt/ros/jazzy/opt/gz_utils_vendor:/opt/ros/jazzy/opt/gz_cmake_vendor:/opt/ros/jazzy LD_LIBRARY_PATH=/root/Shared/MIAPR_Projekt/colcon_ws/install/mesh_msgs/lib:/root/Shared/MIAPR_Projekt/colcon_ws/install/rviz_mesh_tools_plugins/lib:/root/Shared/MIAPR_Projekt/colcon_ws/install/mesh_msgs_transform/lib:/root/Shared/MIAPR_Projekt/colcon_ws/install/mesh_layers/lib:/root/Shared/MIAPR_Projekt/colcon_ws/install/mesh_controller/lib:/root/Shared/MIAPR_Projekt/colcon_ws/install/mbf_mesh_nav/lib:/root/Shared/MIAPR_Projekt/colcon_ws/install/dijkstra_mesh_planner/lib:/root/Shared/MIAPR_Projekt/colcon_ws/install/cvp_mesh_planner/lib:/root/Shared/MIAPR_Projekt/colcon_ws/install/mesh_map/lib:/root/Shared/MIAPR_Projekt/colcon_ws/install/mesh_msgs_conversions/lib:/root/Shared/MIAPR_Projekt/colcon_ws/install/label_manager/lib:/opt/ros/jazzy/opt/rviz_ogre_vendor/lib:/opt/ros/jazzy/lib/x86_64-linux-gnu:/opt/ros/jazzy/opt/gz_math_vendor/lib:/opt/ros/jazzy/opt/gz_utils_vendor/lib:/opt/ros/jazzy/opt/gz_cmake_vendor/lib:/opt/ros/jazzy/lib PYTHONPATH=/root/Shared/MIAPR_Projekt/colcon_ws/install/mesh_msgs/lib/python3.12/site-packages:/root/Shared/MIAPR_Projekt/colcon_ws/install/label_manager/lib/python3.12/site-packages:/opt/ros/jazzy/lib/python3.12/site-packages /usr/bin/cmake --build /root/Shared/MIAPR_Projekt/colcon_ws/build/label_manager -- -j12 -l12
[0.095s] [  1%] Built target label_manager__rosidl_generator_type_description
[0.105s] [  1%] Built target ament_cmake_python_symlink_label_manager
[0.128s] [  3%] Built target label_manager__cpp
[0.136s] [ 22%] Built target label_manager__rosidl_generator_c
[0.172s] [ 49%] Built target label_manager__rosidl_typesupport_fastrtps_cpp
[0.173s] [ 49%] Built target label_manager__rosidl_typesupport_cpp
[0.173s] [ 49%] Built target label_manager__rosidl_typesupport_introspection_c
[0.173s] [ 57%] Built target label_manager__rosidl_typesupport_introspection_cpp
[0.173s] [ 66%] Built target label_manager__rosidl_typesupport_c
[0.177s] [ 75%] Built target label_manager__rosidl_typesupport_fastrtps_c
[0.208s] [ 75%] Built target label_manager
[0.243s] [ 77%] Built target label_manager__py
[0.258s] [ 82%] Built target label_manager_node
[0.280s] [ 89%] Built target label_manager__rosidl_generator_py
[0.313s] [100%] Built target label_manager_s__rosidl_typesupport_c
[0.313s] [100%] Built target label_manager_s__rosidl_typesupport_introspection_c
[0.314s] [100%] Built target label_manager_s__rosidl_typesupport_fastrtps_c
[0.404s] running egg_info
[0.422s] writing label_manager.egg-info/PKG-INFO
[0.423s] writing dependency_links to label_manager.egg-info/dependency_links.txt
[0.423s] writing top-level names to label_manager.egg-info/top_level.txt
[0.473s] reading manifest file 'label_manager.egg-info/SOURCES.txt'
[0.474s] writing manifest file 'label_manager.egg-info/SOURCES.txt'
[0.512s] [100%] Built target ament_cmake_python_build_label_manager_egg
[0.530s] Invoked command in '/root/Shared/MIAPR_Projekt/colcon_ws/build/label_manager' returned '0': CMAKE_PREFIX_PATH=/root/Shared/MIAPR_Projekt/colcon_ws/install/mesh_msgs:/root/Shared/MIAPR_Projekt/colcon_ws/install/mesh_tools:/root/Shared/MIAPR_Projekt/colcon_ws/install/rviz_mesh_tools_plugins:/root/Shared/MIAPR_Projekt/colcon_ws/install/mesh_navigation:/root/Shared/MIAPR_Projekt/colcon_ws/install/mesh_msgs_transform:/root/Shared/MIAPR_Projekt/colcon_ws/install/mesh_layers:/root/Shared/MIAPR_Projekt/colcon_ws/install/mesh_controller:/root/Shared/MIAPR_Projekt/colcon_ws/install/mbf_mesh_nav:/root/Shared/MIAPR_Projekt/colcon_ws/install/dijkstra_mesh_planner:/root/Shared/MIAPR_Projekt/colcon_ws/install/cvp_mesh_planner:/root/Shared/MIAPR_Projekt/colcon_ws/install/mbf_mesh_core:/root/Shared/MIAPR_Projekt/colcon_ws/install/mesh_map:/root/Shared/MIAPR_Projekt/colcon_ws/install/mesh_msgs_conversions:/root/Shared/MIAPR_Projekt/colcon_ws/install/label_manager:/opt/ros/jazzy/opt/gz_math_vendor:/opt/ros/jazzy/opt/gz_utils_vendor:/opt/ros/jazzy/opt/gz_cmake_vendor:/opt/ros/jazzy LD_LIBRARY_PATH=/root/Shared/MIAPR_Projekt/colcon_ws/install/mesh_msgs/lib:/root/Shared/MIAPR_Projekt/colcon_ws/install/rviz_mesh_tools_plugins/lib:/root/Shared/MIAPR_Projekt/colcon_ws/install/mesh_msgs_transform/lib:/root/Shared/MIAPR_Projekt/colcon_ws/install/mesh_layers/lib:/root/Shared/MIAPR_Projekt/colcon_ws/install/mesh_controller/lib:/root/Shared/MIAPR_Projekt/colcon_ws/install/mbf_mesh_nav/lib:/root/Shared/MIAPR_Projekt/colcon_ws/install/dijkstra_mesh_planner/lib:/root/Shared/MIAPR_Projekt/colcon_ws/install/cvp_mesh_planner/lib:/root/Shared/MIAPR_Projekt/colcon_ws/install/mesh_map/lib:/root/Shared/MIAPR_Projekt/colcon_ws/install/mesh_msgs_conversions/lib:/root/Shared/MIAPR_Projekt/colcon_ws/install/label_manager/lib:/opt/ros/jazzy/opt/rviz_ogre_vendor/lib:/opt/ros/jazzy/lib/x86_64-linux-gnu:/opt/ros/jazzy/opt/gz_math_vendor/lib:/opt/ros/jazzy/opt/gz_utils_vendor/lib:/opt/ros/jazzy/opt/gz_cmake_vendor/lib:/opt/ros/jazzy/lib PYTHONPATH=/root/Shared/MIAPR_Projekt/colcon_ws/install/mesh_msgs/lib/python3.12/site-packages:/root/Shared/MIAPR_Projekt/colcon_ws/install/label_manager/lib/python3.12/site-packages:/opt/ros/jazzy/lib/python3.12/site-packages /usr/bin/cmake --build /root/Shared/MIAPR_Projekt/colcon_ws/build/label_manager -- -j12 -l12
[0.532s] Invoking command in '/root/Shared/MIAPR_Projekt/colcon_ws/build/label_manager': CMAKE_PREFIX_PATH=/root/Shared/MIAPR_Projekt/colcon_ws/install/mesh_msgs:/root/Shared/MIAPR_Projekt/colcon_ws/install/mesh_tools:/root/Shared/MIAPR_Projekt/colcon_ws/install/rviz_mesh_tools_plugins:/root/Shared/MIAPR_Projekt/colcon_ws/install/mesh_navigation:/root/Shared/MIAPR_Projekt/colcon_ws/install/mesh_msgs_transform:/root/Shared/MIAPR_Projekt/colcon_ws/install/mesh_layers:/root/Shared/MIAPR_Projekt/colcon_ws/install/mesh_controller:/root/Shared/MIAPR_Projekt/colcon_ws/install/mbf_mesh_nav:/root/Shared/MIAPR_Projekt/colcon_ws/install/dijkstra_mesh_planner:/root/Shared/MIAPR_Projekt/colcon_ws/install/cvp_mesh_planner:/root/Shared/MIAPR_Projekt/colcon_ws/install/mbf_mesh_core:/root/Shared/MIAPR_Projekt/colcon_ws/install/mesh_map:/root/Shared/MIAPR_Projekt/colcon_ws/install/mesh_msgs_conversions:/root/Shared/MIAPR_Projekt/colcon_ws/install/label_manager:/opt/ros/jazzy/opt/gz_math_vendor:/opt/ros/jazzy/opt/gz_utils_vendor:/opt/ros/jazzy/opt/gz_cmake_vendor:/opt/ros/jazzy LD_LIBRARY_PATH=/root/Shared/MIAPR_Projekt/colcon_ws/install/mesh_msgs/lib:/root/Shared/MIAPR_Projekt/colcon_ws/install/rviz_mesh_tools_plugins/lib:/root/Shared/MIAPR_Projekt/colcon_ws/install/mesh_msgs_transform/lib:/root/Shared/MIAPR_Projekt/colcon_ws/install/mesh_layers/lib:/root/Shared/MIAPR_Projekt/colcon_ws/install/mesh_controller/lib:/root/Shared/MIAPR_Projekt/colcon_ws/install/mbf_mesh_nav/lib:/root/Shared/MIAPR_Projekt/colcon_ws/install/dijkstra_mesh_planner/lib:/root/Shared/MIAPR_Projekt/colcon_ws/install/cvp_mesh_planner/lib:/root/Shared/MIAPR_Projekt/colcon_ws/install/mesh_map/lib:/root/Shared/MIAPR_Projekt/colcon_ws/install/mesh_msgs_conversions/lib:/root/Shared/MIAPR_Projekt/colcon_ws/install/label_manager/lib:/opt/ros/jazzy/opt/rviz_ogre_vendor/lib:/opt/ros/jazzy/lib/x86_64-linux-gnu:/opt/ros/jazzy/opt/gz_math_vendor/lib:/opt/ros/jazzy/opt/gz_utils_vendor/lib:/opt/ros/jazzy/opt/gz_cmake_vendor/lib:/opt/ros/jazzy/lib PYTHONPATH=/root/Shared/MIAPR_Projekt/colcon_ws/install/mesh_msgs/lib/python3.12/site-packages:/root/Shared/MIAPR_Projekt/colcon_ws/install/label_manager/lib/python3.12/site-packages:/opt/ros/jazzy/lib/python3.12/site-packages /usr/bin/cmake --install /root/Shared/MIAPR_Projekt/colcon_ws/build/label_manager
[0.543s] -- Install configuration: ""
[0.544s] -- Execute custom install script
[0.545s] -- Up-to-date symlink: /root/Shared/MIAPR_Projekt/colcon_ws/install/label_manager/share/ament_index/resource_index/rosidl_interfaces/label_manager
[0.545s] -- Up-to-date symlink: /root/Shared/MIAPR_Projekt/colcon_ws/install/label_manager/share/label_manager/srv/DeleteLabel.json
[0.545s] -- Up-to-date symlink: /root/Shared/MIAPR_Projekt/colcon_ws/install/label_manager/share/label_manager/srv/GetLabelGroups.json
[0.545s] -- Up-to-date symlink: /root/Shared/MIAPR_Projekt/colcon_ws/install/label_manager/share/label_manager/srv/GetLabeledClusterGroup.json
[0.546s] -- Up-to-date symlink: /root/Shared/MIAPR_Projekt/colcon_ws/install/label_manager/include/label_manager/label_manager/msg/rosidl_generator_c__visibility_control.h
[0.546s] -- Up-to-date symlink: /root/Shared/MIAPR_Projekt/colcon_ws/install/label_manager/include/label_manager/label_manager/srv/delete_label.h
[0.547s] -- Up-to-date symlink: /root/Shared/MIAPR_Projekt/colcon_ws/install/label_manager/include/label_manager/label_manager/srv/detail/delete_label__functions.h
[0.547s] -- Up-to-date symlink: /root/Shared/MIAPR_Projekt/colcon_ws/install/label_manager/include/label_manager/label_manager/srv/detail/delete_label__struct.h
[0.547s] -- Up-to-date symlink: /root/Shared/MIAPR_Projekt/colcon_ws/install/label_manager/include/label_manager/label_manager/srv/detail/delete_label__type_support.h
[0.547s] -- Up-to-date symlink: /root/Shared/MIAPR_Projekt/colcon_ws/install/label_manager/include/label_manager/label_manager/srv/detail/get_label_groups__functions.h
[0.547s] -- Up-to-date symlink: /root/Shared/MIAPR_Projekt/colcon_ws/install/label_manager/include/label_manager/label_manager/srv/detail/get_label_groups__struct.h
[0.547s] -- Up-to-date symlink: /root/Shared/MIAPR_Projekt/colcon_ws/install/label_manager/include/label_manager/label_manager/srv/detail/get_label_groups__type_support.h
[0.548s] -- Up-to-date symlink: /root/Shared/MIAPR_Projekt/colcon_ws/install/label_manager/include/label_manager/label_manager/srv/detail/get_labeled_cluster_group__functions.h
[0.548s] -- Up-to-date symlink: /root/Shared/MIAPR_Projekt/colcon_ws/install/label_manager/include/label_manager/label_manager/srv/detail/get_labeled_cluster_group__struct.h
[0.548s] -- Up-to-date symlink: /root/Shared/MIAPR_Projekt/colcon_ws/install/label_manager/include/label_manager/label_manager/srv/detail/get_labeled_cluster_group__type_support.h
[0.548s] -- Up-to-date symlink: /root/Shared/MIAPR_Projekt/colcon_ws/install/label_manager/include/label_manager/label_manager/srv/get_label_groups.h
[0.548s] -- Up-to-date symlink: /root/Shared/MIAPR_Projekt/colcon_ws/install/label_manager/include/label_manager/label_manager/srv/get_labeled_cluster_group.h
[0.549s] -- Up-to-date symlink: /root/Shared/MIAPR_Projekt/colcon_ws/install/label_manager/share/label_manager/environment/library_path.sh
[0.549s] -- Up-to-date symlink: /root/Shared/MIAPR_Projekt/colcon_ws/install/label_manager/share/label_manager/environment/library_path.dsv
[0.550s] -- Up-to-date symlink: /root/Shared/MIAPR_Projekt/colcon_ws/install/label_manager/include/label_manager/label_manager/msg/rosidl_typesupport_fastrtps_c__visibility_control.h
[0.550s] -- Up-to-date symlink: /root/Shared/MIAPR_Projekt/colcon_ws/install/label_manager/include/label_manager/label_manager/srv/detail/delete_label__rosidl_typesupport_fastrtps_c.h
[0.550s] -- Up-to-date symlink: /root/Shared/MIAPR_Projekt/colcon_ws/install/label_manager/include/label_manager/label_manager/srv/detail/get_label_groups__rosidl_typesupport_fastrtps_c.h
[0.550s] -- Up-to-date symlink: /root/Shared/MIAPR_Projekt/colcon_ws/install/label_manager/include/label_manager/label_manager/srv/detail/get_labeled_cluster_group__rosidl_typesupport_fastrtps_c.h
[0.551s] -- Up-to-date symlink: /root/Shared/MIAPR_Projekt/colcon_ws/install/label_manager/include/label_manager/label_manager/msg/rosidl_generator_cpp__visibility_control.hpp
[0.551s] -- Up-to-date symlink: /root/Shared/MIAPR_Projekt/colcon_ws/install/label_manager/include/label_manager/label_manager/srv/delete_label.hpp
[0.551s] -- Up-to-date symlink: /root/Shared/MIAPR_Projekt/colcon_ws/install/label_manager/include/label_manager/label_manager/srv/detail/delete_label__builder.hpp
[0.551s] -- Up-to-date symlink: /root/Shared/MIAPR_Projekt/colcon_ws/install/label_manager/include/label_manager/label_manager/srv/detail/delete_label__struct.hpp
[0.552s] -- Up-to-date symlink: /root/Shared/MIAPR_Projekt/colcon_ws/install/label_manager/include/label_manager/label_manager/srv/detail/delete_label__traits.hpp
[0.552s] -- Up-to-date symlink: /root/Shared/MIAPR_Projekt/colcon_ws/install/label_manager/include/label_manager/label_manager/srv/detail/delete_label__type_support.hpp
[0.552s] -- Up-to-date symlink: /root/Shared/MIAPR_Projekt/colcon_ws/install/label_manager/include/label_manager/label_manager/srv/detail/get_label_groups__builder.hpp
[0.552s] -- Up-to-date symlink: /root/Shared/MIAPR_Projekt/colcon_ws/install/label_manager/include/label_manager/label_manager/srv/detail/get_label_groups__struct.hpp
[0.553s] -- Up-to-date symlink: /root/Shared/MIAPR_Projekt/colcon_ws/install/label_manager/include/label_manager/label_manager/srv/detail/get_label_groups__traits.hpp
[0.553s] -- Up-to-date symlink: /root/Shared/MIAPR_Projekt/colcon_ws/install/label_manager/include/label_manager/label_manager/srv/detail/get_label_groups__type_support.hpp
[0.553s] -- Up-to-date symlink: /root/Shared/MIAPR_Projekt/colcon_ws/install/label_manager/include/label_manager/label_manager/srv/detail/get_labeled_cluster_group__builder.hpp
[0.554s] -- Up-to-date symlink: /root/Shared/MIAPR_Projekt/colcon_ws/install/label_manager/include/label_manager/label_manager/srv/detail/get_labeled_cluster_group__struct.hpp
[0.554s] -- Up-to-date symlink: /root/Shared/MIAPR_Projekt/colcon_ws/install/label_manager/include/label_manager/label_manager/srv/detail/get_labeled_cluster_group__traits.hpp
[0.554s] -- Up-to-date symlink: /root/Shared/MIAPR_Projekt/colcon_ws/install/label_manager/include/label_manager/label_manager/srv/detail/get_labeled_cluster_group__type_support.hpp
[0.554s] -- Up-to-date symlink: /root/Shared/MIAPR_Projekt/colcon_ws/install/label_manager/include/label_manager/label_manager/srv/get_label_groups.hpp
[0.554s] -- Up-to-date symlink: /root/Shared/MIAPR_Projekt/colcon_ws/install/label_manager/include/label_manager/label_manager/srv/get_labeled_cluster_group.hpp
[0.555s] -- Up-to-date symlink: /root/Shared/MIAPR_Projekt/colcon_ws/install/label_manager/include/label_manager/label_manager/msg/rosidl_typesupport_fastrtps_cpp__visibility_control.h
[0.555s] -- Up-to-date symlink: /root/Shared/MIAPR_Projekt/colcon_ws/install/label_manager/include/label_manager/label_manager/srv/detail/delete_label__rosidl_typesupport_fastrtps_cpp.hpp
[0.555s] -- Up-to-date symlink: /root/Shared/MIAPR_Projekt/colcon_ws/install/label_manager/include/label_manager/label_manager/srv/detail/get_label_groups__rosidl_typesupport_fastrtps_cpp.hpp
[0.556s] -- Up-to-date symlink: /root/Shared/MIAPR_Projekt/colcon_ws/install/label_manager/include/label_manager/label_manager/srv/detail/get_labeled_cluster_group__rosidl_typesupport_fastrtps_cpp.hpp
[0.556s] -- Up-to-date symlink: /root/Shared/MIAPR_Projekt/colcon_ws/install/label_manager/include/label_manager/label_manager/msg/rosidl_typesupport_introspection_c__visibility_control.h
[0.556s] -- Up-to-date symlink: /root/Shared/MIAPR_Projekt/colcon_ws/install/label_manager/include/label_manager/label_manager/srv/detail/delete_label__rosidl_typesupport_introspection_c.h
[0.556s] -- Up-to-date symlink: /root/Shared/MIAPR_Projekt/colcon_ws/install/label_manager/include/label_manager/label_manager/srv/detail/get_label_groups__rosidl_typesupport_introspection_c.h
[0.557s] -- Up-to-date symlink: /root/Shared/MIAPR_Projekt/colcon_ws/install/label_manager/include/label_manager/label_manager/srv/detail/get_labeled_cluster_group__rosidl_typesupport_introspection_c.h
[0.557s] -- Up-to-date symlink: /root/Shared/MIAPR_Projekt/colcon_ws/install/label_manager/include/label_manager/label_manager/srv/detail/delete_label__rosidl_typesupport_introspection_cpp.hpp
[0.557s] -- Up-to-date symlink: /root/Shared/MIAPR_Projekt/colcon_ws/install/label_manager/include/label_manager/label_manager/srv/detail/get_label_groups__rosidl_typesupport_introspection_cpp.hpp
[0.557s] -- Up-to-date symlink: /root/Shared/MIAPR_Projekt/colcon_ws/install/label_manager/include/label_manager/label_manager/srv/detail/get_labeled_cluster_group__rosidl_typesupport_introspection_cpp.hpp
[0.558s] -- Up-to-date symlink: /root/Shared/MIAPR_Projekt/colcon_ws/install/label_manager/share/label_manager/environment/pythonpath.sh
[0.558s] -- Up-to-date symlink: /root/Shared/MIAPR_Projekt/colcon_ws/install/label_manager/share/label_manager/environment/pythonpath.dsv
[0.558s] -- Up-to-date symlink: /root/Shared/MIAPR_Projekt/colcon_ws/install/label_manager/lib/python3.12/site-packages/label_manager-2.1.1-py3.12.egg-info/PKG-INFO
[0.558s] -- Up-to-date symlink: /root/Shared/MIAPR_Projekt/colcon_ws/install/label_manager/lib/python3.12/site-packages/label_manager-2.1.1-py3.12.egg-info/SOURCES.txt
[0.559s] -- Up-to-date symlink: /root/Shared/MIAPR_Projekt/colcon_ws/install/label_manager/lib/python3.12/site-packages/label_manager-2.1.1-py3.12.egg-info/dependency_links.txt
[0.559s] -- Up-to-date symlink: /root/Shared/MIAPR_Projekt/colcon_ws/install/label_manager/lib/python3.12/site-packages/label_manager-2.1.1-py3.12.egg-info/top_level.txt
[0.559s] -- Up-to-date symlink: /root/Shared/MIAPR_Projekt/colcon_ws/install/label_manager/lib/python3.12/site-packages/label_manager/__init__.py
[0.560s] -- Up-to-date symlink: /root/Shared/MIAPR_Projekt/colcon_ws/install/label_manager/lib/python3.12/site-packages/label_manager/_label_manager_s.ep.rosidl_typesupport_c.c
[0.560s] -- Up-to-date symlink: /root/Shared/MIAPR_Projekt/colcon_ws/install/label_manager/lib/python3.12/site-packages/label_manager/_label_manager_s.ep.rosidl_typesupport_fastrtps_c.c
[0.560s] -- Up-to-date symlink: /root/Shared/MIAPR_Projekt/colcon_ws/install/label_manager/lib/python3.12/site-packages/label_manager/_label_manager_s.ep.rosidl_typesupport_introspection_c.c
[0.560s] -- Up-to-date symlink: /root/Shared/MIAPR_Projekt/colcon_ws/install/label_manager/lib/python3.12/site-packages/label_manager/label_manager_s__rosidl_typesupport_c.so
[0.560s] -- Up-to-date symlink: /root/Shared/MIAPR_Projekt/colcon_ws/install/label_manager/lib/python3.12/site-packages/label_manager/label_manager_s__rosidl_typesupport_fastrtps_c.so
[0.560s] -- Up-to-date symlink: /root/Shared/MIAPR_Projekt/colcon_ws/install/label_manager/lib/python3.12/site-packages/label_manager/label_manager_s__rosidl_typesupport_introspection_c.so
[0.561s] -- Up-to-date symlink: /root/Shared/MIAPR_Projekt/colcon_ws/install/label_manager/lib/python3.12/site-packages/label_manager/srv/__init__.py
[0.561s] -- Up-to-date symlink: /root/Shared/MIAPR_Projekt/colcon_ws/install/label_manager/lib/python3.12/site-packages/label_manager/srv/_delete_label.py
[0.561s] -- Up-to-date symlink: /root/Shared/MIAPR_Projekt/colcon_ws/install/label_manager/lib/python3.12/site-packages/label_manager/srv/_delete_label_s.c
[0.561s] -- Up-to-date symlink: /root/Shared/MIAPR_Projekt/colcon_ws/install/label_manager/lib/python3.12/site-packages/label_manager/srv/_get_label_groups.py
[0.561s] -- Up-to-date symlink: /root/Shared/MIAPR_Projekt/colcon_ws/install/label_manager/lib/python3.12/site-packages/label_manager/srv/_get_label_groups_s.c
[0.561s] -- Up-to-date symlink: /root/Shared/MIAPR_Projekt/colcon_ws/install/label_manager/lib/python3.12/site-packages/label_manager/srv/_get_labeled_cluster_group.py
[0.562s] -- Up-to-date symlink: /root/Shared/MIAPR_Projekt/colcon_ws/install/label_manager/lib/python3.12/site-packages/label_manager/srv/_get_labeled_cluster_group_s.c
[0.562s] -- Up-to-date symlink: /root/Shared/MIAPR_Projekt/colcon_ws/install/label_manager/lib/python3.12/site-packages/label_manager/label_manager_s__rosidl_typesupport_fastrtps_c.so
[0.562s] -- Up-to-date symlink: /root/Shared/MIAPR_Projekt/colcon_ws/install/label_manager/lib/python3.12/site-packages/label_manager/label_manager_s__rosidl_typesupport_introspection_c.so
[0.563s] -- Up-to-date symlink: /root/Shared/MIAPR_Projekt/colcon_ws/install/label_manager/lib/python3.12/site-packages/label_manager/label_manager_s__rosidl_typesupport_c.so
[0.563s] -- Up-to-date symlink: /root/Shared/MIAPR_Projekt/colcon_ws/install/label_manager/share/label_manager/srv/DeleteLabel.idl
[0.563s] -- Up-to-date symlink: /root/Shared/MIAPR_Projekt/colcon_ws/install/label_manager/share/label_manager/srv/GetLabelGroups.idl
[0.563s] -- Up-to-date symlink: /root/Shared/MIAPR_Projekt/colcon_ws/install/label_manager/share/label_manager/srv/GetLabeledClusterGroup.idl
[0.564s] -- Up-to-date symlink: /root/Shared/MIAPR_Projekt/colcon_ws/install/label_manager/share/label_manager/srv/DeleteLabel.srv
[0.564s] -- Up-to-date symlink: /root/Shared/MIAPR_Projekt/colcon_ws/install/label_manager/share/label_manager/srv/GetLabelGroups.srv
[0.564s] -- Up-to-date symlink: /root/Shared/MIAPR_Projekt/colcon_ws/install/label_manager/share/label_manager/srv/GetLabeledClusterGroup.srv
[0.565s] -- Up-to-date symlink: /root/Shared/MIAPR_Projekt/colcon_ws/install/label_manager/bin/label_manager/label_manager_node
[0.565s] -- Up-to-date symlink: /root/Shared/MIAPR_Projekt/colcon_ws/install/label_manager/share/ament_index/resource_index/package_run_dependencies/label_manager
[0.565s] -- Up-to-date symlink: /root/Shared/MIAPR_Projekt/colcon_ws/install/label_manager/share/ament_index/resource_index/parent_prefix_path/label_manager
[0.565s] -- Up-to-date symlink: /root/Shared/MIAPR_Projekt/colcon_ws/install/label_manager/share/label_manager/environment/ament_prefix_path.sh
[0.566s] -- Up-to-date symlink: /root/Shared/MIAPR_Projekt/colcon_ws/install/label_manager/share/label_manager/environment/ament_prefix_path.dsv
[0.566s] -- Up-to-date symlink: /root/Shared/MIAPR_Projekt/colcon_ws/install/label_manager/share/label_manager/environment/path.sh
[0.566s] -- Up-to-date symlink: /root/Shared/MIAPR_Projekt/colcon_ws/install/label_manager/share/label_manager/environment/path.dsv
[0.566s] -- Up-to-date symlink: /root/Shared/MIAPR_Projekt/colcon_ws/install/label_manager/share/label_manager/local_setup.bash
[0.566s] -- Up-to-date symlink: /root/Shared/MIAPR_Projekt/colcon_ws/install/label_manager/share/label_manager/local_setup.sh
[0.567s] -- Up-to-date symlink: /root/Shared/MIAPR_Projekt/colcon_ws/install/label_manager/share/label_manager/local_setup.zsh
[0.567s] -- Up-to-date symlink: /root/Shared/MIAPR_Projekt/colcon_ws/install/label_manager/share/label_manager/local_setup.dsv
[0.567s] -- Symlinking: /root/Shared/MIAPR_Projekt/colcon_ws/install/label_manager/share/label_manager/package.dsv
[0.580s] -- Up-to-date symlink: /root/Shared/MIAPR_Projekt/colcon_ws/install/label_manager/share/ament_index/resource_index/packages/label_manager
[0.580s] -- Up-to-date symlink: /root/Shared/MIAPR_Projekt/colcon_ws/install/label_manager/share/label_manager/cmake/rosidl_cmake-extras.cmake
[0.581s] -- Up-to-date symlink: /root/Shared/MIAPR_Projekt/colcon_ws/install/label_manager/share/label_manager/cmake/ament_cmake_export_dependencies-extras.cmake
[0.581s] -- Up-to-date symlink: /root/Shared/MIAPR_Projekt/colcon_ws/install/label_manager/share/label_manager/cmake/ament_cmake_export_include_directories-extras.cmake
[0.581s] -- Up-to-date symlink: /root/Shared/MIAPR_Projekt/colcon_ws/install/label_manager/share/label_manager/cmake/ament_cmake_export_libraries-extras.cmake
[0.582s] -- Up-to-date symlink: /root/Shared/MIAPR_Projekt/colcon_ws/install/label_manager/share/label_manager/cmake/ament_cmake_export_targets-extras.cmake
[0.582s] -- Up-to-date symlink: /root/Shared/MIAPR_Projekt/colcon_ws/install/label_manager/share/label_manager/cmake/rosidl_cmake_export_typesupport_targets-extras.cmake
[0.582s] -- Up-to-date symlink: /root/Shared/MIAPR_Projekt/colcon_ws/install/label_manager/share/label_manager/cmake/rosidl_cmake_export_typesupport_libraries-extras.cmake
[0.582s] -- Up-to-date symlink: /root/Shared/MIAPR_Projekt/colcon_ws/install/label_manager/share/label_manager/cmake/label_managerConfig.cmake
[0.582s] -- Up-to-date symlink: /root/Shared/MIAPR_Projekt/colcon_ws/install/label_manager/share/label_manager/cmake/label_managerConfig-version.cmake
[0.582s] -- Up-to-date symlink: /root/Shared/MIAPR_Projekt/colcon_ws/install/label_manager/share/label_manager/package.xml
[0.583s] -- Up-to-date: /root/Shared/MIAPR_Projekt/colcon_ws/install/label_manager/lib/liblabel_manager__rosidl_generator_c.so
[0.583s] -- Up-to-date: /root/Shared/MIAPR_Projekt/colcon_ws/install/label_manager/lib/liblabel_manager__rosidl_typesupport_fastrtps_c.so
[0.584s] -- Up-to-date: /root/Shared/MIAPR_Projekt/colcon_ws/install/label_manager/lib/liblabel_manager__rosidl_typesupport_fastrtps_cpp.so
[0.585s] -- Up-to-date: /root/Shared/MIAPR_Projekt/colcon_ws/install/label_manager/lib/liblabel_manager__rosidl_typesupport_introspection_c.so
[0.585s] -- Up-to-date: /root/Shared/MIAPR_Projekt/colcon_ws/install/label_manager/lib/liblabel_manager__rosidl_typesupport_c.so
[0.586s] -- Up-to-date: /root/Shared/MIAPR_Projekt/colcon_ws/install/label_manager/lib/liblabel_manager__rosidl_typesupport_introspection_cpp.so
[0.586s] -- Up-to-date: /root/Shared/MIAPR_Projekt/colcon_ws/install/label_manager/lib/liblabel_manager__rosidl_typesupport_cpp.so
[0.624s] Listing '/root/Shared/MIAPR_Projekt/colcon_ws/install/label_manager/lib/python3.12/site-packages/label_manager'...
[0.624s] Listing '/root/Shared/MIAPR_Projekt/colcon_ws/install/label_manager/lib/python3.12/site-packages/label_manager/srv'...
[0.630s] -- Up-to-date: /root/Shared/MIAPR_Projekt/colcon_ws/install/label_manager/lib/liblabel_manager__rosidl_generator_py.so
[0.631s] -- Up-to-date: /root/Shared/MIAPR_Projekt/colcon_ws/install/label_manager/share/label_manager/cmake/export_label_manager__rosidl_generator_cExport.cmake
[0.631s] -- Up-to-date: /root/Shared/MIAPR_Projekt/colcon_ws/install/label_manager/share/label_manager/cmake/export_label_manager__rosidl_generator_cExport-noconfig.cmake
[0.631s] -- Up-to-date: /root/Shared/MIAPR_Projekt/colcon_ws/install/label_manager/share/label_manager/cmake/export_label_manager__rosidl_typesupport_fastrtps_cExport.cmake
[0.631s] -- Up-to-date: /root/Shared/MIAPR_Projekt/colcon_ws/install/label_manager/share/label_manager/cmake/export_label_manager__rosidl_typesupport_fastrtps_cExport-noconfig.cmake
[0.632s] -- Up-to-date: /root/Shared/MIAPR_Projekt/colcon_ws/install/label_manager/share/label_manager/cmake/export_label_manager__rosidl_generator_cppExport.cmake
[0.632s] -- Up-to-date: /root/Shared/MIAPR_Projekt/colcon_ws/install/label_manager/share/label_manager/cmake/export_label_manager__rosidl_typesupport_fastrtps_cppExport.cmake
[0.632s] -- Up-to-date: /root/Shared/MIAPR_Projekt/colcon_ws/install/label_manager/share/label_manager/cmake/export_label_manager__rosidl_typesupport_fastrtps_cppExport-noconfig.cmake
[0.633s] -- Up-to-date: /root/Shared/MIAPR_Projekt/colcon_ws/install/label_manager/share/label_manager/cmake/label_manager__rosidl_typesupport_introspection_cExport.cmake
[0.633s] -- Up-to-date: /root/Shared/MIAPR_Projekt/colcon_ws/install/label_manager/share/label_manager/cmake/label_manager__rosidl_typesupport_introspection_cExport-noconfig.cmake
[0.633s] -- Up-to-date: /root/Shared/MIAPR_Projekt/colcon_ws/install/label_manager/share/label_manager/cmake/label_manager__rosidl_typesupport_cExport.cmake
[0.633s] -- Up-to-date: /root/Shared/MIAPR_Projekt/colcon_ws/install/label_manager/share/label_manager/cmake/label_manager__rosidl_typesupport_cExport-noconfig.cmake
[0.633s] -- Up-to-date: /root/Shared/MIAPR_Projekt/colcon_ws/install/label_manager/share/label_manager/cmake/label_manager__rosidl_typesupport_introspection_cppExport.cmake
[0.633s] -- Up-to-date: /root/Shared/MIAPR_Projekt/colcon_ws/install/label_manager/share/label_manager/cmake/label_manager__rosidl_typesupport_introspection_cppExport-noconfig.cmake
[0.634s] -- Up-to-date: /root/Shared/MIAPR_Projekt/colcon_ws/install/label_manager/share/label_manager/cmake/label_manager__rosidl_typesupport_cppExport.cmake
[0.634s] -- Up-to-date: /root/Shared/MIAPR_Projekt/colcon_ws/install/label_manager/share/label_manager/cmake/label_manager__rosidl_typesupport_cppExport-noconfig.cmake
[0.634s] -- Up-to-date: /root/Shared/MIAPR_Projekt/colcon_ws/install/label_manager/share/label_manager/cmake/export_label_manager__rosidl_generator_pyExport.cmake
[0.634s] -- Up-to-date: /root/Shared/MIAPR_Projekt/colcon_ws/install/label_manager/share/label_manager/cmake/export_label_manager__rosidl_generator_pyExport-noconfig.cmake
[0.638s] Invoked command in '/root/Shared/MIAPR_Projekt/colcon_ws/build/label_manager' returned '0': CMAKE_PREFIX_PATH=/root/Shared/MIAPR_Projekt/colcon_ws/install/mesh_msgs:/root/Shared/MIAPR_Projekt/colcon_ws/install/mesh_tools:/root/Shared/MIAPR_Projekt/colcon_ws/install/rviz_mesh_tools_plugins:/root/Shared/MIAPR_Projekt/colcon_ws/install/mesh_navigation:/root/Shared/MIAPR_Projekt/colcon_ws/install/mesh_msgs_transform:/root/Shared/MIAPR_Projekt/colcon_ws/install/mesh_layers:/root/Shared/MIAPR_Projekt/colcon_ws/install/mesh_controller:/root/Shared/MIAPR_Projekt/colcon_ws/install/mbf_mesh_nav:/root/Shared/MIAPR_Projekt/colcon_ws/install/dijkstra_mesh_planner:/root/Shared/MIAPR_Projekt/colcon_ws/install/cvp_mesh_planner:/root/Shared/MIAPR_Projekt/colcon_ws/install/mbf_mesh_core:/root/Shared/MIAPR_Projekt/colcon_ws/install/mesh_map:/root/Shared/MIAPR_Projekt/colcon_ws/install/mesh_msgs_conversions:/root/Shared/MIAPR_Projekt/colcon_ws/install/label_manager:/opt/ros/jazzy/opt/gz_math_vendor:/opt/ros/jazzy/opt/gz_utils_vendor:/opt/ros/jazzy/opt/gz_cmake_vendor:/opt/ros/jazzy LD_LIBRARY_PATH=/root/Shared/MIAPR_Projekt/colcon_ws/install/mesh_msgs/lib:/root/Shared/MIAPR_Projekt/colcon_ws/install/rviz_mesh_tools_plugins/lib:/root/Shared/MIAPR_Projekt/colcon_ws/install/mesh_msgs_transform/lib:/root/Shared/MIAPR_Projekt/colcon_ws/install/mesh_layers/lib:/root/Shared/MIAPR_Projekt/colcon_ws/install/mesh_controller/lib:/root/Shared/MIAPR_Projekt/colcon_ws/install/mbf_mesh_nav/lib:/root/Shared/MIAPR_Projekt/colcon_ws/install/dijkstra_mesh_planner/lib:/root/Shared/MIAPR_Projekt/colcon_ws/install/cvp_mesh_planner/lib:/root/Shared/MIAPR_Projekt/colcon_ws/install/mesh_map/lib:/root/Shared/MIAPR_Projekt/colcon_ws/install/mesh_msgs_conversions/lib:/root/Shared/MIAPR_Projekt/colcon_ws/install/label_manager/lib:/opt/ros/jazzy/opt/rviz_ogre_vendor/lib:/opt/ros/jazzy/lib/x86_64-linux-gnu:/opt/ros/jazzy/opt/gz_math_vendor/lib:/opt/ros/jazzy/opt/gz_utils_vendor/lib:/opt/ros/jazzy/opt/gz_cmake_vendor/lib:/opt/ros/jazzy/lib PYTHONPATH=/root/Shared/MIAPR_Projekt/colcon_ws/install/mesh_msgs/lib/python3.12/site-packages:/root/Shared/MIAPR_Projekt/colcon_ws/install/label_manager/lib/python3.12/site-packages:/opt/ros/jazzy/lib/python3.12/site-packages /usr/bin/cmake --install /root/Shared/MIAPR_Projekt/colcon_ws/build/label_manager
