[ 25%] [32mBuilding CXX object CMakeFiles/cvp_mesh_planner.dir/src/thetastar_mesh_planner.cpp.o[0m
[01m[K/root/Shared/MIAPR_Projekt/colcon_ws/src/mesh_navigation/cvp_mesh_planner/src/thetastar_mesh_planner.cpp:[m[K In member function ‘[01m[Kuint32_t thetastar_mesh_planner::ThetaStarMeshPlanner::[01;32m[KrunThetaStar[m[K(const mesh_map::Vector&, const mesh_map::Vector&, std::__cxx11::list<pmp::Vertex>&, std::string&)[m[K’:
[01m[K/root/Shared/MIAPR_Projekt/colcon_ws/src/mesh_navigation/cvp_mesh_planner/src/thetastar_mesh_planner.cpp:109:79:[m[K [01;31m[Kerror: [m[Kconversion from ‘[01m[Klvr2::OptionalVertexHandle[m[K’ to non-scalar type ‘[01m[Kconst lvr2::OptionalFaceHandle[m[K’ requested
  109 |   const lvr2::OptionalFaceHandle start_opt = [01;31m[Kmesh_map_->getNearestVertexHandle(start)[m[K;
      |                                              [01;31m[K~~~~~~~~~~~~~~~~~~~~~~~~~~~~~~~~~^~~~~~~[m[K
[01m[K/root/Shared/MIAPR_Projekt/colcon_ws/src/mesh_navigation/cvp_mesh_planner/src/thetastar_mesh_planner.cpp:110:78:[m[K [01;31m[Kerror: [m[Kconversion from ‘[01m[Klvr2::OptionalVertexHandle[m[K’ to non-scalar type ‘[01m[Kconst lvr2::OptionalFaceHandle[m[K’ requested
  110 |   const lvr2::OptionalFaceHandle goal_opt = [01;31m[Kmesh_map_->getNearestVertexHandle(goal)[m[K;
      |                                             [01;31m[K~~~~~~~~~~~~~~~~~~~~~~~~~~~~~~~~~^~~~~~[m[K
[01m[K/root/Shared/MIAPR_Projekt/colcon_ws/src/mesh_navigation/cvp_mesh_planner/src/thetastar_mesh_planner.cpp:114:53:[m[K [01;31m[Kerror: [m[Kconversion from ‘[01m[Kpmp::Face[m[K’ to non-scalar type ‘[01m[Klvr2::VertexHandle[m[K’ {aka ‘[01m[Kpmp::Vertex[m[K’} requested
  114 |   lvr2::VertexHandle start_vertex = [01;31m[Kstart_opt.unwrap()[m[K;
      |                                     [01;31m[K~~~~~~~~~~~~~~~~^~[m[K
[01m[K/root/Shared/MIAPR_Projekt/colcon_ws/src/mesh_navigation/cvp_mesh_planner/src/thetastar_mesh_planner.cpp:115:51:[m[K [01;31m[Kerror: [m[Kconversion from ‘[01m[Kpmp::Face[m[K’ to non-scalar type ‘[01m[Klvr2::VertexHandle[m[K’ {aka ‘[01m[Kpmp::Vertex[m[K’} requested
  115 |   lvr2::VertexHandle goal_vertex = [01;31m[Kgoal_opt.unwrap()[m[K;
      |                                    [01;31m[K~~~~~~~~~~~~~~~^~[m[K
[01m[K/root/Shared/MIAPR_Projekt/colcon_ws/src/mesh_navigation/cvp_mesh_planner/src/thetastar_mesh_planner.cpp:[m[K In member function ‘[01m[Kvirtual bool thetastar_mesh_planner::ThetaStarMeshPlanner::[01;32m[Kinitialize[m[K(const std::string&, const std::shared_ptr<mesh_map::MeshMap>&, const rclcpp::Node::SharedPtr&)[m[K’:
[01m[K/root/Shared/MIAPR_Projekt/colcon_ws/src/mesh_navigation/cvp_mesh_planner/src/thetastar_mesh_planner.cpp:166:36:[m[K [01;31m[Kerror: [m[Kno match for ‘[01m[Koperator=[m[K’ (operand types are ‘[01m[Kconst rclcpp::Node::SharedPtr[m[K’ {aka ‘[01m[Kconst std::shared_ptr<rclcpp::Node>[m[K’} and ‘[01m[Kconst rclcpp::Node::SharedPtr[m[K’ {aka ‘[01m[Kconst std::shared_ptr<rclcpp::Node>[m[K’})
  166 |   mesh_map_ = mesh_map_ptr; node = [01;31m[Knode[m[K; name_ = plugin_name;
      |                                    [01;31m[K^~~~[m[K
In file included from [01m[K/usr/include/c++/13/memory:80[m[K,
                 from [01m[K/opt/ros/jazzy/include/lvr2/geometry/pmp/SurfaceMesh.h:11[m[K,
                 from [01m[K/opt/ros/jazzy/include/lvr2/util/BaseHandle.hpp:42[m[K,
                 from [01m[K/opt/ros/jazzy/include/lvr2/geometry/Handles.hpp:41[m[K,
                 from [01m[K/root/Shared/MIAPR_Projekt/colcon_ws/src/mesh_navigation/cvp_mesh_planner/src/thetastar_mesh_planner.cpp:6[m[K:
[01m[K/usr/include/c++/13/bits/shared_ptr.h:438:7:[m[K [01;36m[Knote: [m[Kcandidate: ‘[01m[Kstd::shared_ptr<_Tp>& std::shared_ptr<_Tp>::[01;32m[Koperator=[m[K(std::shared_ptr<_Tp>&&) [35m[K[with _Tp = rclcpp::Node][m[K[m[K’ (near match)
  438 |       [01;36m[Koperator[m[K=(shared_ptr&& __r) noexcept
      |       [01;36m[K^~~~~~~~[m[K
[01m[K/usr/include/c++/13/bits/shared_ptr.h:438:7:[m[K [01;36m[Knote: [m[K  conversion of argument 1 would be ill-formed:
[01m[K/root/Shared/MIAPR_Projekt/colcon_ws/src/mesh_navigation/cvp_mesh_planner/src/thetastar_mesh_planner.cpp:166:36:[m[K [01;31m[Kerror: [m[Kcannot bind rvalue reference of type ‘[01m[Kstd::shared_ptr<rclcpp::Node>&&[m[K’ to lvalue of type ‘[01m[Kconst rclcpp::Node::SharedPtr[m[K’ {aka ‘[01m[Kconst std::shared_ptr<rclcpp::Node>[m[K’}
  166 |   mesh_map_ = mesh_map_ptr; node = [01;31m[Knode[m[K; name_ = plugin_name;
      |                                    [01;31m[K^~~~[m[K
[01m[K/usr/include/c++/13/bits/shared_ptr.h:414:19:[m[K [01;36m[Knote: [m[Kcandidate: ‘[01m[Kstd::shared_ptr<_Tp>& std::shared_ptr<_Tp>::[01;32m[Koperator=[m[K(const std::shared_ptr<_Tp>&) [35m[K[with _Tp = rclcpp::Node][m[K[m[K’ (near match)
  414 |       shared_ptr& [01;36m[Koperator[m[K=(const shared_ptr&) noexcept = default;
      |                   [01;36m[K^~~~~~~~[m[K
[01m[K/usr/include/c++/13/bits/shared_ptr.h:414:19:[m[K [01;36m[Knote: [m[K  passing ‘[01m[Kconst rclcpp::Node::SharedPtr*[m[K’ {aka ‘[01m[Kconst std::shared_ptr<rclcpp::Node>*[m[K’} as ‘[01m[Kthis[m[K’ argument discards qualifiers
[01m[K/usr/include/c++/13/bits/shared_ptr.h:454:9:[m[K [01;36m[Knote: [m[Kcandidate: ‘[01m[Ktemplate<class _Yp, class _Del> std::shared_ptr<_Tp>::_Assignable<std::unique_ptr<_Up, _Ep> > std::shared_ptr<_Tp>::[01;32m[Koperator=[m[K(std::unique_ptr<_Up, _Ep>&&) [35m[K[with _Del = _Yp; _Tp = rclcpp::Node][m[K[m[K’
  454 |         [01;36m[Koperator[m[K=(unique_ptr<_Yp, _Del>&& __r)
      |         [01;36m[K^~~~~~~~[m[K
[01m[K/usr/include/c++/13/bits/shared_ptr.h:454:9:[m[K [01;36m[Knote: [m[K  template argument deduction/substitution failed:
[01m[K/root/Shared/MIAPR_Projekt/colcon_ws/src/mesh_navigation/cvp_mesh_planner/src/thetastar_mesh_planner.cpp:166:36:[m[K [01;36m[Knote: [m[K  types ‘[01m[Kstd::unique_ptr<_Tp, _Dp>[m[K’ and ‘[01m[Kconst rclcpp::Node::SharedPtr[m[K’ {aka ‘[01m[Kconst std::shared_ptr<rclcpp::Node>[m[K’} have incompatible cv-qualifiers
  166 |   mesh_map_ = mesh_map_ptr; node = [01;36m[Knode[m[K; name_ = plugin_name;
      |                                    [01;36m[K^~~~[m[K
[01m[K/usr/include/c++/13/bits/shared_ptr.h:446:9:[m[K [01;36m[Knote: [m[Kcandidate: ‘[01m[Ktemplate<class _Yp> std::shared_ptr<_Tp>::_Assignable<std::shared_ptr<_Yp> > std::shared_ptr<_Tp>::[01;32m[Koperator=[m[K(std::shared_ptr<_Yp>&&) [35m[K[with _Tp = rclcpp::Node][m[K[m[K’
  446 |         [01;36m[Koperator[m[K=(shared_ptr<_Yp>&& __r) noexcept
      |         [01;36m[K^~~~~~~~[m[K
[01m[K/usr/include/c++/13/bits/shared_ptr.h:446:9:[m[K [01;36m[Knote: [m[K  template argument deduction/substitution failed:
[01m[K/root/Shared/MIAPR_Projekt/colcon_ws/src/mesh_navigation/cvp_mesh_planner/src/thetastar_mesh_planner.cpp:166:36:[m[K [01;36m[Knote: [m[K  types ‘[01m[Kstd::shared_ptr<_Tp>[m[K’ and ‘[01m[Kconst rclcpp::Node::SharedPtr[m[K’ {aka ‘[01m[Kconst std::shared_ptr<rclcpp::Node>[m[K’} have incompatible cv-qualifiers
  166 |   mesh_map_ = mesh_map_ptr; node = [01;36m[Knode[m[K; name_ = plugin_name;
      |                                    [01;36m[K^~~~[m[K
[01m[K/usr/include/c++/13/bits/shared_ptr.h:429:9:[m[K [01;36m[Knote: [m[Kcandidate: ‘[01m[Ktemplate<class _Yp> std::shared_ptr<_Tp>::_Assignable<std::auto_ptr<_Up> > std::shared_ptr<_Tp>::[01;32m[Koperator=[m[K(std::auto_ptr<_Up>&&) [35m[K[with _Tp = rclcpp::Node][m[K[m[K’
  429 |         [01;36m[Koperator[m[K=(auto_ptr<_Yp>&& __r)
      |         [01;36m[K^~~~~~~~[m[K
[01m[K/usr/include/c++/13/bits/shared_ptr.h:429:9:[m[K [01;36m[Knote: [m[K  template argument deduction/substitution failed:
[01m[K/root/Shared/MIAPR_Projekt/colcon_ws/src/mesh_navigation/cvp_mesh_planner/src/thetastar_mesh_planner.cpp:166:36:[m[K [01;36m[Knote: [m[K  types ‘[01m[Kstd::auto_ptr<_Up>[m[K’ and ‘[01m[Kconst rclcpp::Node::SharedPtr[m[K’ {aka ‘[01m[Kconst std::shared_ptr<rclcpp::Node>[m[K’} have incompatible cv-qualifiers
  166 |   mesh_map_ = mesh_map_ptr; node = [01;36m[Knode[m[K; name_ = plugin_name;
      |                                    [01;36m[K^~~~[m[K
[01m[K/usr/include/c++/13/bits/shared_ptr.h:418:9:[m[K [01;36m[Knote: [m[Kcandidate: ‘[01m[Kstd::shared_ptr<_Tp>::_Assignable<const std::shared_ptr<_Yp>&> std::shared_ptr<_Tp>::[01;32m[Koperator=[m[K(const std::shared_ptr<_Yp>&) [35m[K[with _Yp = rclcpp::Node; _Tp = rclcpp::Node; _Assignable<const std::shared_ptr<_Yp>&> = std::shared_ptr<rclcpp::Node>&][m[K[m[K’ (near match)
  418 |         [01;36m[Koperator[m[K=(const shared_ptr<_Yp>& __r) noexcept
      |         [01;36m[K^~~~~~~~[m[K
[01m[K/usr/include/c++/13/bits/shared_ptr.h:418:9:[m[K [01;36m[Knote: [m[K  passing ‘[01m[Kconst rclcpp::Node::SharedPtr*[m[K’ {aka ‘[01m[Kconst std::shared_ptr<rclcpp::Node>*[m[K’} as ‘[01m[Kthis[m[K’ argument discards qualifiers
gmake[2]: *** [CMakeFiles/cvp_mesh_planner.dir/build.make:104: CMakeFiles/cvp_mesh_planner.dir/src/thetastar_mesh_planner.cpp.o] Error 1
gmake[1]: *** [CMakeFiles/Makefile2:137: CMakeFiles/cvp_mesh_planner.dir/all] Error 2
gmake: *** [Makefile:146: all] Error 2
