-- Install configuration: "Release"
-- Execute custom install script
-- Up-to-date symlink: /root/Shared/MIAPR_Projekt/colcon_ws/install/mesh_navigation_ceres_sim/share/mesh_navigation_ceres_sim/environment/mesh_navigation_ceres_sim.dsv
-- Up-to-date symlink: /root/Shared/MIAPR_Projekt/colcon_ws/install/mesh_navigation_ceres_sim/share/mesh_navigation_ceres_sim/environment/mesh_navigation_ceres_sim.sh
-- Up-to-date symlink: /root/Shared/MIAPR_Projekt/colcon_ws/install/mesh_navigation_ceres_sim/share/mesh_navigation_ceres_sim/launch/simulation_launch.py
-- Up-to-date symlink: /root/Shared/MIAPR_Projekt/colcon_ws/install/mesh_navigation_ceres_sim/share/mesh_navigation_ceres_sim/models/README.md
-- Up-to-date symlink: /root/Shared/MIAPR_Projekt/colcon_ws/install/mesh_navigation_ceres_sim/share/mesh_navigation_ceres_sim/worlds/README.md
-- Up-to-date symlink: /root/Shared/MIAPR_Projekt/colcon_ws/install/mesh_navigation_ceres_sim/share/ament_index/resource_index/package_run_dependencies/mesh_navigation_ceres_sim
-- Up-to-date symlink: /root/Shared/MIAPR_Projekt/colcon_ws/install/mesh_navigation_ceres_sim/share/ament_index/resource_index/parent_prefix_path/mesh_navigation_ceres_sim
-- Up-to-date symlink: /root/Shared/MIAPR_Projekt/colcon_ws/install/mesh_navigation_ceres_sim/share/mesh_navigation_ceres_sim/environment/ament_prefix_path.sh
-- Up-to-date symlink: /root/Shared/MIAPR_Projekt/colcon_ws/install/mesh_navigation_ceres_sim/share/mesh_navigation_ceres_sim/environment/ament_prefix_path.dsv
-- Up-to-date symlink: /root/Shared/MIAPR_Projekt/colcon_ws/install/mesh_navigation_ceres_sim/share/mesh_navigation_ceres_sim/environment/path.sh
-- Up-to-date symlink: /root/Shared/MIAPR_Projekt/colcon_ws/install/mesh_navigation_ceres_sim/share/mesh_navigation_ceres_sim/environment/path.dsv
-- Up-to-date symlink: /root/Shared/MIAPR_Projekt/colcon_ws/install/mesh_navigation_ceres_sim/share/mesh_navigation_ceres_sim/local_setup.bash
-- Up-to-date symlink: /root/Shared/MIAPR_Projekt/colcon_ws/install/mesh_navigation_ceres_sim/share/mesh_navigation_ceres_sim/local_setup.sh
-- Up-to-date symlink: /root/Shared/MIAPR_Projekt/colcon_ws/install/mesh_navigation_ceres_sim/share/mesh_navigation_ceres_sim/local_setup.zsh
-- Up-to-date symlink: /root/Shared/MIAPR_Projekt/colcon_ws/install/mesh_navigation_ceres_sim/share/mesh_navigation_ceres_sim/local_setup.dsv
-- Symlinking: /root/Shared/MIAPR_Projekt/colcon_ws/install/mesh_navigation_ceres_sim/share/mesh_navigation_ceres_sim/package.dsv
-- Up-to-date symlink: /root/Shared/MIAPR_Projekt/colcon_ws/install/mesh_navigation_ceres_sim/share/ament_index/resource_index/packages/mesh_navigation_ceres_sim
-- Up-to-date symlink: /root/Shared/MIAPR_Projekt/colcon_ws/install/mesh_navigation_ceres_sim/share/mesh_navigation_ceres_sim/cmake/mesh_navigation_ceres_simConfig.cmake
-- Up-to-date symlink: /root/Shared/MIAPR_Projekt/colcon_ws/install/mesh_navigation_ceres_sim/share/mesh_navigation_ceres_sim/cmake/mesh_navigation_ceres_simConfig-version.cmake
-- Up-to-date symlink: /root/Shared/MIAPR_Projekt/colcon_ws/install/mesh_navigation_ceres_sim/share/mesh_navigation_ceres_sim/package.xml
