[0.021s] Invoking command in '/root/Shared/MIAPR_Projekt/colcon_ws/build/dijkstra_mesh_planner': AMENT_PREFIX_PATH=/root/Shared/MIAPR_Projekt/colcon_ws/install/mbf_mesh_core:/root/Shared/MIAPR_Projekt/colcon_ws/install/mesh_map:/root/Shared/MIAPR_Projekt/colcon_ws/install/mesh_msgs_conversions:/root/Shared/MIAPR_Projekt/colcon_ws/install/mesh_msgs:${AMENT_PREFIX_PATH} CMAKE_PREFIX_PATH=/root/Shared/MIAPR_Projekt/colcon_ws/install/mbf_mesh_core:/root/Shared/MIAPR_Projekt/colcon_ws/install/mesh_map:/root/Shared/MIAPR_Projekt/colcon_ws/install/mesh_msgs_conversions:/root/Shared/MIAPR_Projekt/colcon_ws/install/mesh_msgs:/opt/ros/jazzy/opt/gz_math_vendor:/opt/ros/jazzy/opt/gz_utils_vendor:/opt/ros/jazzy/opt/gz_cmake_vendor:/opt/ros/jazzy LD_LIBRARY_PATH=/root/Shared/MIAPR_Projekt/colcon_ws/install/mesh_map/lib:/root/Shared/MIAPR_Projekt/colcon_ws/install/mesh_msgs_conversions/lib:/root/Shared/MIAPR_Projekt/colcon_ws/install/mesh_msgs/lib:${LD_LIBRARY_PATH} PYTHONPATH=/root/Shared/MIAPR_Projekt/colcon_ws/install/mesh_msgs/lib/python3.12/site-packages:${PYTHONPATH} /usr/bin/cmake /root/Shared/MIAPR_Projekt/colcon_ws/src/mesh_navigation/dijkstra_mesh_planner -DAMENT_CMAKE_SYMLINK_INSTALL=1 -DCMAKE_INSTALL_PREFIX=/root/Shared/MIAPR_Projekt/colcon_ws/install/dijkstra_mesh_planner
[0.087s] -- The C compiler identification is GNU 13.3.0
[0.151s] -- The CXX compiler identification is GNU 13.3.0
[0.181s] -- Detecting C compiler ABI info
[0.302s] -- Detecting C compiler ABI info - done
[0.311s] -- Check for working C compiler: /usr/bin/cc - skipped
[0.312s] -- Detecting C compile features
[0.312s] -- Detecting C compile features - done
[0.327s] -- Detecting CXX compiler ABI info
[0.457s] -- Detecting CXX compiler ABI info - done
[0.466s] -- Check for working CXX compiler: /usr/bin/c++ - skipped
[0.466s] -- Detecting CXX compile features
[0.467s] -- Detecting CXX compile features - done
[0.470s] -- Found ament_cmake_ros: 0.12.0 (/opt/ros/jazzy/share/ament_cmake_ros/cmake)
[0.649s] -- Found Python3: /usr/bin/python3 (found version "3.12.3") found components: Interpreter 
[0.725s] -- Override CMake install command with custom implementation using symlinks instead of copying resources
[0.770s] -- Found mbf_mesh_core: 3.0.1 (/root/Shared/MIAPR_Projekt/colcon_ws/install/mbf_mesh_core/share/mbf_mesh_core/cmake)
[0.826s] -- Found rosidl_generator_c: 4.6.7 (/opt/ros/jazzy/share/rosidl_generator_c/cmake)
[0.843s] -- Found rosidl_generator_cpp: 4.6.7 (/opt/ros/jazzy/share/rosidl_generator_cpp/cmake)
[0.863s] -- Using all available rosidl_typesupport_c: rosidl_typesupport_fastrtps_c;rosidl_typesupport_introspection_c
[0.885s] -- Using all available rosidl_typesupport_cpp: rosidl_typesupport_fastrtps_cpp;rosidl_typesupport_introspection_cpp
[1.023s] -- Found rmw_implementation_cmake: 7.3.3 (/opt/ros/jazzy/share/rmw_implementation_cmake/cmake)
[1.027s] -- Found rmw_fastrtps_cpp: 8.4.3 (/opt/ros/jazzy/share/rmw_fastrtps_cpp/cmake)
[1.163s] -- Found OpenSSL: /usr/lib/x86_64-linux-gnu/libcrypto.so (found version "3.0.13")  
[1.186s] -- Found FastRTPS: /opt/ros/jazzy/include (Required is at least version "2.13") 
[1.214s] -- Using RMW implementation 'rmw_fastrtps_cpp' as default
[1.417s] -- Found eigen3_cmake_module: 0.3.0 (/opt/ros/jazzy/share/eigen3_cmake_module/cmake)
[1.418s] -- Found Eigen3: TRUE (found version "3.4.0") 
[1.418s] -- Ensuring Eigen3 include directory is part of orocos-kdl CMake target
[1.613s] -- Found mbf_msgs: 1.0.5 (/opt/ros/jazzy/share/mbf_msgs/cmake)
[1.679s] -- Found mbf_utility: 1.0.5 (/opt/ros/jazzy/share/mbf_utility/cmake)
[1.909s] -- Found MPI_C: /usr/lib/x86_64-linux-gnu/openmpi/lib/libmpi.so (found version "3.1") 
[3.091s] -- Found MPI_CXX: /usr/lib/x86_64-linux-gnu/openmpi/lib/libmpi_cxx.so (found version "3.1") 
[3.091s] -- Found MPI: TRUE (found version "3.1")  
[3.111s] -- Found TIFF: /usr/lib/x86_64-linux-gnu/libtiff.so (found version "4.5.1")  
[3.120s] -- Found GDAL: /usr/lib/x86_64-linux-gnu/libgdal.so (found version "3.8.4") 
[3.132s] -- Found OpenCV: /usr (found version "4.6.0") 
[3.136s] -- Found FLANN: /usr/include/flann  
[3.136s] -- Try to find LZ4: find_path + find_library
[3.137s] -- Try to find LZ4: FindPackageHandleStandardArgs
[3.138s] -- Found LZ4: /usr/lib/x86_64-linux-gnu/liblz4.so  
[3.254s] -- Found GSL: /usr/include (found version "2.7.1") 
[4.176s] -- Found HDF5: /usr/lib/x86_64-linux-gnu/hdf5/serial/libhdf5.so;/usr/lib/x86_64-linux-gnu/libcrypto.so;/usr/lib/x86_64-linux-gnu/libcurl.so;/usr/lib/x86_64-linux-gnu/libpthread.a;/usr/lib/x86_64-linux-gnu/libsz.so;/usr/lib/x86_64-linux-gnu/libz.so;/usr/lib/x86_64-linux-gnu/libdl.a;/usr/lib/x86_64-linux-gnu/libm.so;/usr/lib/x86_64-linux-gnu/hdf5/serial/libhdf5_cpp.so;/usr/lib/x86_64-linux-gnu/hdf5/serial/libhdf5.so;/usr/lib/x86_64-linux-gnu/libcrypto.so;/usr/lib/x86_64-linux-gnu/libcurl.so;/usr/lib/x86_64-linux-gnu/libpthread.a;/usr/lib/x86_64-linux-gnu/libsz.so;/usr/lib/x86_64-linux-gnu/libz.so;/usr/lib/x86_64-linux-gnu/libdl.a;/usr/lib/x86_64-linux-gnu/libm.so (found version "1.10.10") found components: C CXX HL 
[4.184s] -- Found OpenGL: /usr/lib/x86_64-linux-gnu/libOpenGL.so  found components: OpenGL 
[4.297s] -- Found GLUT: /usr/lib/x86_64-linux-gnu/libglut.so  
[4.428s] -- Configuring done (4.4s)
[4.504s] -- Generating done (0.1s)
[4.510s] -- Build files have been written to: /root/Shared/MIAPR_Projekt/colcon_ws/build/dijkstra_mesh_planner
[4.525s] Invoked command in '/root/Shared/MIAPR_Projekt/colcon_ws/build/dijkstra_mesh_planner' returned '0': AMENT_PREFIX_PATH=/root/Shared/MIAPR_Projekt/colcon_ws/install/mbf_mesh_core:/root/Shared/MIAPR_Projekt/colcon_ws/install/mesh_map:/root/Shared/MIAPR_Projekt/colcon_ws/install/mesh_msgs_conversions:/root/Shared/MIAPR_Projekt/colcon_ws/install/mesh_msgs:${AMENT_PREFIX_PATH} CMAKE_PREFIX_PATH=/root/Shared/MIAPR_Projekt/colcon_ws/install/mbf_mesh_core:/root/Shared/MIAPR_Projekt/colcon_ws/install/mesh_map:/root/Shared/MIAPR_Projekt/colcon_ws/install/mesh_msgs_conversions:/root/Shared/MIAPR_Projekt/colcon_ws/install/mesh_msgs:/opt/ros/jazzy/opt/gz_math_vendor:/opt/ros/jazzy/opt/gz_utils_vendor:/opt/ros/jazzy/opt/gz_cmake_vendor:/opt/ros/jazzy LD_LIBRARY_PATH=/root/Shared/MIAPR_Projekt/colcon_ws/install/mesh_map/lib:/root/Shared/MIAPR_Projekt/colcon_ws/install/mesh_msgs_conversions/lib:/root/Shared/MIAPR_Projekt/colcon_ws/install/mesh_msgs/lib:${LD_LIBRARY_PATH} PYTHONPATH=/root/Shared/MIAPR_Projekt/colcon_ws/install/mesh_msgs/lib/python3.12/site-packages:${PYTHONPATH} /usr/bin/cmake /root/Shared/MIAPR_Projekt/colcon_ws/src/mesh_navigation/dijkstra_mesh_planner -DAMENT_CMAKE_SYMLINK_INSTALL=1 -DCMAKE_INSTALL_PREFIX=/root/Shared/MIAPR_Projekt/colcon_ws/install/dijkstra_mesh_planner
[4.527s] Invoking command in '/root/Shared/MIAPR_Projekt/colcon_ws/build/dijkstra_mesh_planner': AMENT_PREFIX_PATH=/root/Shared/MIAPR_Projekt/colcon_ws/install/mbf_mesh_core:/root/Shared/MIAPR_Projekt/colcon_ws/install/mesh_map:/root/Shared/MIAPR_Projekt/colcon_ws/install/mesh_msgs_conversions:/root/Shared/MIAPR_Projekt/colcon_ws/install/mesh_msgs:${AMENT_PREFIX_PATH} CMAKE_PREFIX_PATH=/root/Shared/MIAPR_Projekt/colcon_ws/install/mbf_mesh_core:/root/Shared/MIAPR_Projekt/colcon_ws/install/mesh_map:/root/Shared/MIAPR_Projekt/colcon_ws/install/mesh_msgs_conversions:/root/Shared/MIAPR_Projekt/colcon_ws/install/mesh_msgs:/opt/ros/jazzy/opt/gz_math_vendor:/opt/ros/jazzy/opt/gz_utils_vendor:/opt/ros/jazzy/opt/gz_cmake_vendor:/opt/ros/jazzy LD_LIBRARY_PATH=/root/Shared/MIAPR_Projekt/colcon_ws/install/mesh_map/lib:/root/Shared/MIAPR_Projekt/colcon_ws/install/mesh_msgs_conversions/lib:/root/Shared/MIAPR_Projekt/colcon_ws/install/mesh_msgs/lib:${LD_LIBRARY_PATH} PYTHONPATH=/root/Shared/MIAPR_Projekt/colcon_ws/install/mesh_msgs/lib/python3.12/site-packages:${PYTHONPATH} /usr/bin/cmake --build /root/Shared/MIAPR_Projekt/colcon_ws/build/dijkstra_mesh_planner -- -j12 -l12
[4.602s] [ 50%] [32mBuilding CXX object CMakeFiles/dijkstra_mesh_planner.dir/src/dijkstra_mesh_planner.cpp.o[0m
[17.894s] [100%] [32m[1mLinking CXX shared library libdijkstra_mesh_planner.so[0m
[18.341s] [100%] Built target dijkstra_mesh_planner
[18.356s] Invoked command in '/root/Shared/MIAPR_Projekt/colcon_ws/build/dijkstra_mesh_planner' returned '0': AMENT_PREFIX_PATH=/root/Shared/MIAPR_Projekt/colcon_ws/install/mbf_mesh_core:/root/Shared/MIAPR_Projekt/colcon_ws/install/mesh_map:/root/Shared/MIAPR_Projekt/colcon_ws/install/mesh_msgs_conversions:/root/Shared/MIAPR_Projekt/colcon_ws/install/mesh_msgs:${AMENT_PREFIX_PATH} CMAKE_PREFIX_PATH=/root/Shared/MIAPR_Projekt/colcon_ws/install/mbf_mesh_core:/root/Shared/MIAPR_Projekt/colcon_ws/install/mesh_map:/root/Shared/MIAPR_Projekt/colcon_ws/install/mesh_msgs_conversions:/root/Shared/MIAPR_Projekt/colcon_ws/install/mesh_msgs:/opt/ros/jazzy/opt/gz_math_vendor:/opt/ros/jazzy/opt/gz_utils_vendor:/opt/ros/jazzy/opt/gz_cmake_vendor:/opt/ros/jazzy LD_LIBRARY_PATH=/root/Shared/MIAPR_Projekt/colcon_ws/install/mesh_map/lib:/root/Shared/MIAPR_Projekt/colcon_ws/install/mesh_msgs_conversions/lib:/root/Shared/MIAPR_Projekt/colcon_ws/install/mesh_msgs/lib:${LD_LIBRARY_PATH} PYTHONPATH=/root/Shared/MIAPR_Projekt/colcon_ws/install/mesh_msgs/lib/python3.12/site-packages:${PYTHONPATH} /usr/bin/cmake --build /root/Shared/MIAPR_Projekt/colcon_ws/build/dijkstra_mesh_planner -- -j12 -l12
[18.357s] Invoking command in '/root/Shared/MIAPR_Projekt/colcon_ws/build/dijkstra_mesh_planner': AMENT_PREFIX_PATH=/root/Shared/MIAPR_Projekt/colcon_ws/install/mbf_mesh_core:/root/Shared/MIAPR_Projekt/colcon_ws/install/mesh_map:/root/Shared/MIAPR_Projekt/colcon_ws/install/mesh_msgs_conversions:/root/Shared/MIAPR_Projekt/colcon_ws/install/mesh_msgs:${AMENT_PREFIX_PATH} CMAKE_PREFIX_PATH=/root/Shared/MIAPR_Projekt/colcon_ws/install/mbf_mesh_core:/root/Shared/MIAPR_Projekt/colcon_ws/install/mesh_map:/root/Shared/MIAPR_Projekt/colcon_ws/install/mesh_msgs_conversions:/root/Shared/MIAPR_Projekt/colcon_ws/install/mesh_msgs:/opt/ros/jazzy/opt/gz_math_vendor:/opt/ros/jazzy/opt/gz_utils_vendor:/opt/ros/jazzy/opt/gz_cmake_vendor:/opt/ros/jazzy LD_LIBRARY_PATH=/root/Shared/MIAPR_Projekt/colcon_ws/install/mesh_map/lib:/root/Shared/MIAPR_Projekt/colcon_ws/install/mesh_msgs_conversions/lib:/root/Shared/MIAPR_Projekt/colcon_ws/install/mesh_msgs/lib:${LD_LIBRARY_PATH} PYTHONPATH=/root/Shared/MIAPR_Projekt/colcon_ws/install/mesh_msgs/lib/python3.12/site-packages:${PYTHONPATH} /usr/bin/cmake --install /root/Shared/MIAPR_Projekt/colcon_ws/build/dijkstra_mesh_planner
[18.367s] -- Install configuration: "Release"
[18.368s] -- Execute custom install script
[18.368s] -- Symlinking: /root/Shared/MIAPR_Projekt/colcon_ws/install/dijkstra_mesh_planner/share/dijkstra_mesh_planner//dijkstra_mesh_planner.xml
[18.381s] -- Symlinking: /root/Shared/MIAPR_Projekt/colcon_ws/install/dijkstra_mesh_planner/include/dijkstra_mesh_planner/dijkstra_mesh_planner.h
[18.394s] -- Symlinking: /root/Shared/MIAPR_Projekt/colcon_ws/install/dijkstra_mesh_planner/share/dijkstra_mesh_planner/environment/library_path.sh
[18.407s] -- Symlinking: /root/Shared/MIAPR_Projekt/colcon_ws/install/dijkstra_mesh_planner/share/dijkstra_mesh_planner/environment/library_path.dsv
[18.420s] -- Symlinking: /root/Shared/MIAPR_Projekt/colcon_ws/install/dijkstra_mesh_planner/share/ament_index/resource_index/package_run_dependencies/dijkstra_mesh_planner
[18.432s] -- Symlinking: /root/Shared/MIAPR_Projekt/colcon_ws/install/dijkstra_mesh_planner/share/ament_index/resource_index/parent_prefix_path/dijkstra_mesh_planner
[18.445s] -- Symlinking: /root/Shared/MIAPR_Projekt/colcon_ws/install/dijkstra_mesh_planner/share/dijkstra_mesh_planner/environment/ament_prefix_path.sh
[18.457s] -- Symlinking: /root/Shared/MIAPR_Projekt/colcon_ws/install/dijkstra_mesh_planner/share/dijkstra_mesh_planner/environment/ament_prefix_path.dsv
[18.468s] -- Symlinking: /root/Shared/MIAPR_Projekt/colcon_ws/install/dijkstra_mesh_planner/share/dijkstra_mesh_planner/environment/path.sh
[18.480s] -- Symlinking: /root/Shared/MIAPR_Projekt/colcon_ws/install/dijkstra_mesh_planner/share/dijkstra_mesh_planner/environment/path.dsv
[18.491s] -- Symlinking: /root/Shared/MIAPR_Projekt/colcon_ws/install/dijkstra_mesh_planner/share/dijkstra_mesh_planner/local_setup.bash
[18.503s] -- Symlinking: /root/Shared/MIAPR_Projekt/colcon_ws/install/dijkstra_mesh_planner/share/dijkstra_mesh_planner/local_setup.sh
[18.514s] -- Symlinking: /root/Shared/MIAPR_Projekt/colcon_ws/install/dijkstra_mesh_planner/share/dijkstra_mesh_planner/local_setup.zsh
[18.525s] -- Symlinking: /root/Shared/MIAPR_Projekt/colcon_ws/install/dijkstra_mesh_planner/share/dijkstra_mesh_planner/local_setup.dsv
[18.537s] -- Symlinking: /root/Shared/MIAPR_Projekt/colcon_ws/install/dijkstra_mesh_planner/share/dijkstra_mesh_planner/package.dsv
[18.548s] -- Symlinking: /root/Shared/MIAPR_Projekt/colcon_ws/install/dijkstra_mesh_planner/share/ament_index/resource_index/packages/dijkstra_mesh_planner
[18.560s] -- Symlinking: /root/Shared/MIAPR_Projekt/colcon_ws/install/dijkstra_mesh_planner/share/ament_index/resource_index/mbf_mesh_core__pluginlib__plugin/dijkstra_mesh_planner
[18.572s] -- Symlinking: /root/Shared/MIAPR_Projekt/colcon_ws/install/dijkstra_mesh_planner/share/dijkstra_mesh_planner/cmake/ament_cmake_export_include_directories-extras.cmake
[18.584s] -- Symlinking: /root/Shared/MIAPR_Projekt/colcon_ws/install/dijkstra_mesh_planner/share/dijkstra_mesh_planner/cmake/ament_cmake_export_libraries-extras.cmake
[18.596s] -- Symlinking: /root/Shared/MIAPR_Projekt/colcon_ws/install/dijkstra_mesh_planner/share/dijkstra_mesh_planner/cmake/ament_cmake_export_targets-extras.cmake
[18.608s] -- Symlinking: /root/Shared/MIAPR_Projekt/colcon_ws/install/dijkstra_mesh_planner/share/dijkstra_mesh_planner/cmake/ament_cmake_export_dependencies-extras.cmake
[18.621s] -- Symlinking: /root/Shared/MIAPR_Projekt/colcon_ws/install/dijkstra_mesh_planner/share/dijkstra_mesh_planner/cmake/dijkstra_mesh_plannerConfig.cmake
[18.633s] -- Symlinking: /root/Shared/MIAPR_Projekt/colcon_ws/install/dijkstra_mesh_planner/share/dijkstra_mesh_planner/cmake/dijkstra_mesh_plannerConfig-version.cmake
[18.644s] -- Symlinking: /root/Shared/MIAPR_Projekt/colcon_ws/install/dijkstra_mesh_planner/share/dijkstra_mesh_planner/package.xml
[18.656s] -- Installing: /root/Shared/MIAPR_Projekt/colcon_ws/install/dijkstra_mesh_planner/lib/libdijkstra_mesh_planner.so
[18.658s] -- Set non-toolchain portion of runtime path of "/root/Shared/MIAPR_Projekt/colcon_ws/install/dijkstra_mesh_planner/lib/libdijkstra_mesh_planner.so" to ""
[18.658s] -- Installing: /root/Shared/MIAPR_Projekt/colcon_ws/install/dijkstra_mesh_planner/share/dijkstra_mesh_planner/cmake/export_dijkstra_mesh_plannerExport.cmake
[18.658s] -- Installing: /root/Shared/MIAPR_Projekt/colcon_ws/install/dijkstra_mesh_planner/share/dijkstra_mesh_planner/cmake/export_dijkstra_mesh_plannerExport-release.cmake
[18.661s] Invoked command in '/root/Shared/MIAPR_Projekt/colcon_ws/build/dijkstra_mesh_planner' returned '0': AMENT_PREFIX_PATH=/root/Shared/MIAPR_Projekt/colcon_ws/install/mbf_mesh_core:/root/Shared/MIAPR_Projekt/colcon_ws/install/mesh_map:/root/Shared/MIAPR_Projekt/colcon_ws/install/mesh_msgs_conversions:/root/Shared/MIAPR_Projekt/colcon_ws/install/mesh_msgs:${AMENT_PREFIX_PATH} CMAKE_PREFIX_PATH=/root/Shared/MIAPR_Projekt/colcon_ws/install/mbf_mesh_core:/root/Shared/MIAPR_Projekt/colcon_ws/install/mesh_map:/root/Shared/MIAPR_Projekt/colcon_ws/install/mesh_msgs_conversions:/root/Shared/MIAPR_Projekt/colcon_ws/install/mesh_msgs:/opt/ros/jazzy/opt/gz_math_vendor:/opt/ros/jazzy/opt/gz_utils_vendor:/opt/ros/jazzy/opt/gz_cmake_vendor:/opt/ros/jazzy LD_LIBRARY_PATH=/root/Shared/MIAPR_Projekt/colcon_ws/install/mesh_map/lib:/root/Shared/MIAPR_Projekt/colcon_ws/install/mesh_msgs_conversions/lib:/root/Shared/MIAPR_Projekt/colcon_ws/install/mesh_msgs/lib:${LD_LIBRARY_PATH} PYTHONPATH=/root/Shared/MIAPR_Projekt/colcon_ws/install/mesh_msgs/lib/python3.12/site-packages:${PYTHONPATH} /usr/bin/cmake --install /root/Shared/MIAPR_Projekt/colcon_ws/build/dijkstra_mesh_planner
