[  3%] [32mBuilding CXX object gtest/CMakeFiles/gtest_main.dir/src/gtest_main.cc.o[0m
[  9%] Built target gmock_main
[ 16%] Built target gtest
[ 25%] Built target gmock
[ 58%] Built target mbf_abstract_server
[ 61%] [32mBuilding CXX object CMakeFiles/planner_action_test.dir/test/planner_action.cpp.o[0m
[ 64%] [32mBuilding CXX object CMakeFiles/abstract_controller_execution_test.dir/test/abstract_controller_execution.cpp.o[0m
[ 74%] Built target abstract_plugin_manager_test
[ 77%] [32mBuilding CXX object CMakeFiles/abstract_action_base_test.dir/test/abstract_action_base.cpp.o[0m
[ 74%] [32mBuilding CXX object CMakeFiles/abstract_planner_execution_test.dir/test/abstract_planner_execution.cpp.o[0m
[ 80%] [32m[1mLinking CXX static library libgtest_main.a[0m
[ 80%] Built target gtest_main
[ 83%] [32mBuilding CXX object CMakeFiles/mbf_abstract_server_gtest.dir/test/abstract_execution_base.cpp.o[0m
[ 87%] [32m[1mLinking CXX executable mbf_abstract_server_gtest[0m
[ 90%] [32m[1mLinking CXX executable abstract_planner_execution_test[0m
[ 90%] Built target mbf_abstract_server_gtest
[ 93%] [32m[1mLinking CXX executable abstract_action_base_test[0m
[ 96%] [32m[1mLinking CXX executable abstract_controller_execution_test[0m
[100%] [32m[1mLinking CXX executable planner_action_test[0m
[100%] Built target abstract_planner_execution_test
[100%] Built target abstract_action_base_test
[100%] Built target abstract_controller_execution_test
[100%] Built target planner_action_test
-- Install configuration: ""
-- Installing: /root/Shared/MIAPR_Projekt/install/mbf_abstract_nav/lib/libmbf_abstract_server.so
-- Set non-toolchain portion of runtime path of "/root/Shared/MIAPR_Projekt/install/mbf_abstract_nav/lib/libmbf_abstract_server.so" to ""
-- Installing: /root/Shared/MIAPR_Projekt/install/mbf_abstract_nav/include
-- Installing: /root/Shared/MIAPR_Projekt/install/mbf_abstract_nav/include/mbf_abstract_nav
-- Installing: /root/Shared/MIAPR_Projekt/install/mbf_abstract_nav/include/mbf_abstract_nav/abstract_navigation_server.h
-- Installing: /root/Shared/MIAPR_Projekt/install/mbf_abstract_nav/include/mbf_abstract_nav/abstract_action_base.hpp
-- Installing: /root/Shared/MIAPR_Projekt/install/mbf_abstract_nav/include/mbf_abstract_nav/impl
-- Installing: /root/Shared/MIAPR_Projekt/install/mbf_abstract_nav/include/mbf_abstract_nav/impl/abstract_plugin_manager.tcc
-- Installing: /root/Shared/MIAPR_Projekt/install/mbf_abstract_nav/include/mbf_abstract_nav/abstract_planner_execution.h
-- Installing: /root/Shared/MIAPR_Projekt/install/mbf_abstract_nav/include/mbf_abstract_nav/recovery_action.h
-- Installing: /root/Shared/MIAPR_Projekt/install/mbf_abstract_nav/include/mbf_abstract_nav/planner_action.h
-- Installing: /root/Shared/MIAPR_Projekt/install/mbf_abstract_nav/include/mbf_abstract_nav/abstract_controller_execution.h
-- Installing: /root/Shared/MIAPR_Projekt/install/mbf_abstract_nav/include/mbf_abstract_nav/abstract_execution_base.h
-- Installing: /root/Shared/MIAPR_Projekt/install/mbf_abstract_nav/include/mbf_abstract_nav/move_base_action.h
-- Installing: /root/Shared/MIAPR_Projekt/install/mbf_abstract_nav/include/mbf_abstract_nav/abstract_recovery_execution.h
-- Installing: /root/Shared/MIAPR_Projekt/install/mbf_abstract_nav/include/mbf_abstract_nav/controller_action.h
-- Installing: /root/Shared/MIAPR_Projekt/install/mbf_abstract_nav/include/mbf_abstract_nav/abstract_plugin_manager.h
-- Installing: /root/Shared/MIAPR_Projekt/install/mbf_abstract_nav/share/mbf_abstract_nav/environment/library_path.sh
-- Installing: /root/Shared/MIAPR_Projekt/install/mbf_abstract_nav/share/mbf_abstract_nav/environment/library_path.dsv
-- Installing: /root/Shared/MIAPR_Projekt/install/mbf_abstract_nav/share/ament_index/resource_index/package_run_dependencies/mbf_abstract_nav
-- Installing: /root/Shared/MIAPR_Projekt/install/mbf_abstract_nav/share/ament_index/resource_index/parent_prefix_path/mbf_abstract_nav
-- Installing: /root/Shared/MIAPR_Projekt/install/mbf_abstract_nav/share/mbf_abstract_nav/environment/ament_prefix_path.sh
-- Installing: /root/Shared/MIAPR_Projekt/install/mbf_abstract_nav/share/mbf_abstract_nav/environment/ament_prefix_path.dsv
-- Installing: /root/Shared/MIAPR_Projekt/install/mbf_abstract_nav/share/mbf_abstract_nav/environment/path.sh
-- Installing: /root/Shared/MIAPR_Projekt/install/mbf_abstract_nav/share/mbf_abstract_nav/environment/path.dsv
-- Installing: /root/Shared/MIAPR_Projekt/install/mbf_abstract_nav/share/mbf_abstract_nav/local_setup.bash
-- Installing: /root/Shared/MIAPR_Projekt/install/mbf_abstract_nav/share/mbf_abstract_nav/local_setup.sh
-- Installing: /root/Shared/MIAPR_Projekt/install/mbf_abstract_nav/share/mbf_abstract_nav/local_setup.zsh
-- Installing: /root/Shared/MIAPR_Projekt/install/mbf_abstract_nav/share/mbf_abstract_nav/local_setup.dsv
-- Installing: /root/Shared/MIAPR_Projekt/install/mbf_abstract_nav/share/mbf_abstract_nav/package.dsv
-- Installing: /root/Shared/MIAPR_Projekt/install/mbf_abstract_nav/share/ament_index/resource_index/packages/mbf_abstract_nav
-- Installing: /root/Shared/MIAPR_Projekt/install/mbf_abstract_nav/share/mbf_abstract_nav/cmake/ament_cmake_export_include_directories-extras.cmake
-- Installing: /root/Shared/MIAPR_Projekt/install/mbf_abstract_nav/share/mbf_abstract_nav/cmake/ament_cmake_export_libraries-extras.cmake
-- Installing: /root/Shared/MIAPR_Projekt/install/mbf_abstract_nav/share/mbf_abstract_nav/cmake/ament_cmake_export_dependencies-extras.cmake
-- Installing: /root/Shared/MIAPR_Projekt/install/mbf_abstract_nav/share/mbf_abstract_nav/cmake/mbf_abstract_navConfig.cmake
-- Installing: /root/Shared/MIAPR_Projekt/install/mbf_abstract_nav/share/mbf_abstract_nav/cmake/mbf_abstract_navConfig-version.cmake
-- Installing: /root/Shared/MIAPR_Projekt/install/mbf_abstract_nav/share/mbf_abstract_nav/package.xml
