[0.047s] Invoking command in '/root/Shared/MIAPR_Projekt/build/mbf_abstract_nav': CMAKE_PREFIX_PATH=/root/Shared/MIAPR_Projekt/install/mbf_utility:/root/Shared/MIAPR_Projekt/install/mbf_msgs:/root/Shared/MIAPR_Projekt/install/mbf_abstract_core:/root/Shared/MIAPR_Projekt/install/mesh_tools:/root/Shared/MIAPR_Projekt/install/rviz_mesh_tools_plugins:/root/Shared/MIAPR_Projekt/install/rviz_mbf_plugins:/root/Shared/MIAPR_Projekt/install/mesh_navigation_pluto_sim:/root/Shared/MIAPR_Projekt/install/mesh_navigation_ceres_sim:/root/Shared/MIAPR_Projekt/install/mesh_navigation_tutorials_sim:/root/Shared/MIAPR_Projekt/install/mesh_msgs_transform:/root/Shared/MIAPR_Projekt/install/mesh_msgs_conversions:/root/Shared/MIAPR_Projekt/install/label_manager:/root/Shared/MIAPR_Projekt/install/mesh_msgs:/root/Shared/MIAPR_Projekt/install/mbf_simple_core:/root/Shared/MIAPR_Projekt/install/mbf_test_utility:/opt/ros/jazzy/opt/gz_sim_vendor:/opt/ros/jazzy/opt/gz_sensors_vendor:/opt/ros/jazzy/opt/gz_physics_vendor:/opt/ros/jazzy/opt/sdformat_vendor:/opt/ros/jazzy/opt/gz_gui_vendor:/opt/ros/jazzy/opt/gz_transport_vendor:/opt/ros/jazzy/opt/gz_rendering_vendor:/opt/ros/jazzy/opt/gz_plugin_vendor:/opt/ros/jazzy/opt/gz_fuel_tools_vendor:/opt/ros/jazzy/opt/gz_msgs_vendor:/opt/ros/jazzy/opt/gz_common_vendor:/opt/ros/jazzy/opt/gz_math_vendor:/opt/ros/jazzy/opt/gz_utils_vendor:/opt/ros/jazzy/opt/gz_tools_vendor:/opt/ros/jazzy/opt/gz_ogre_next_vendor:/opt/ros/jazzy/opt/gz_dartsim_vendor:/opt/ros/jazzy/opt/gz_cmake_vendor:/opt/ros/jazzy LD_LIBRARY_PATH=/root/Shared/MIAPR_Projekt/install/mbf_utility/lib:/root/Shared/MIAPR_Projekt/install/mbf_msgs/lib:/root/Shared/MIAPR_Projekt/install/rviz_mesh_tools_plugins/lib:/root/Shared/MIAPR_Projekt/install/rviz_mbf_plugins/lib:/root/Shared/MIAPR_Projekt/install/mesh_navigation_tutorials_sim/lib:/root/Shared/MIAPR_Projekt/install/mesh_msgs_transform/lib:/root/Shared/MIAPR_Projekt/install/mesh_msgs_conversions/lib:/root/Shared/MIAPR_Projekt/install/label_manager/lib:/root/Shared/MIAPR_Projekt/install/mesh_msgs/lib:/root/Shared/MIAPR_Projekt/install/mbf_test_utility/lib:/opt/ros/jazzy/opt/gz_sim_vendor/lib:/opt/ros/jazzy/opt/gz_sensors_vendor/lib:/opt/ros/jazzy/opt/gz_physics_vendor/lib:/opt/ros/jazzy/opt/sdformat_vendor/lib:/opt/ros/jazzy/opt/rviz_ogre_vendor/lib:/opt/ros/jazzy/lib/x86_64-linux-gnu:/opt/ros/jazzy/opt/gz_gui_vendor/lib:/opt/ros/jazzy/opt/gz_transport_vendor/lib:/opt/ros/jazzy/opt/gz_rendering_vendor/lib:/opt/ros/jazzy/opt/gz_plugin_vendor/lib:/opt/ros/jazzy/opt/gz_fuel_tools_vendor/lib:/opt/ros/jazzy/opt/gz_msgs_vendor/lib:/opt/ros/jazzy/opt/gz_common_vendor/lib:/opt/ros/jazzy/opt/gz_math_vendor/lib:/opt/ros/jazzy/opt/gz_utils_vendor/lib:/opt/ros/jazzy/opt/gz_tools_vendor/lib:/opt/ros/jazzy/opt/gz_ogre_next_vendor/lib:/opt/ros/jazzy/opt/gz_dartsim_vendor/lib:/opt/ros/jazzy/opt/gz_cmake_vendor/lib:/opt/ros/jazzy/lib PYTHONPATH=/root/Shared/MIAPR_Projekt/install/mbf_msgs/lib/python3.12/site-packages:/root/Shared/MIAPR_Projekt/install/label_manager/lib/python3.12/site-packages:/root/Shared/MIAPR_Projekt/install/mesh_msgs/lib/python3.12/site-packages:/opt/ros/jazzy/lib/python3.12/site-packages /usr/bin/cmake --build /root/Shared/MIAPR_Projekt/build/mbf_abstract_nav -- -j12 -l12
[0.156s] [  3%] [32mBuilding CXX object gtest/CMakeFiles/gtest_main.dir/src/gtest_main.cc.o[0m
[0.163s] [  9%] Built target gmock_main
[0.164s] [ 16%] Built target gtest
[0.167s] [ 25%] Built target gmock
[0.209s] [ 58%] Built target mbf_abstract_server
[0.262s] [ 61%] [32mBuilding CXX object CMakeFiles/planner_action_test.dir/test/planner_action.cpp.o[0m
[0.263s] [ 64%] [32mBuilding CXX object CMakeFiles/abstract_controller_execution_test.dir/test/abstract_controller_execution.cpp.o[0m
[0.273s] [ 74%] Built target abstract_plugin_manager_test
[0.277s] [ 77%] [32mBuilding CXX object CMakeFiles/abstract_action_base_test.dir/test/abstract_action_base.cpp.o[0m
[0.277s] [ 74%] [32mBuilding CXX object CMakeFiles/abstract_planner_execution_test.dir/test/abstract_planner_execution.cpp.o[0m
[1.174s] [ 80%] [32m[1mLinking CXX static library libgtest_main.a[0m
[1.248s] [ 80%] Built target gtest_main
[1.290s] [ 83%] [32mBuilding CXX object CMakeFiles/mbf_abstract_server_gtest.dir/test/abstract_execution_base.cpp.o[0m
[6.585s] [ 87%] [32m[1mLinking CXX executable mbf_abstract_server_gtest[0m
[8.211s] [ 90%] [32m[1mLinking CXX executable abstract_planner_execution_test[0m
[8.725s] [ 90%] Built target mbf_abstract_server_gtest
[9.968s] [ 93%] [32m[1mLinking CXX executable abstract_action_base_test[0m
[10.095s] [ 96%] [32m[1mLinking CXX executable abstract_controller_execution_test[0m
[10.517s] [100%] [32m[1mLinking CXX executable planner_action_test[0m
[10.616s] [100%] Built target abstract_planner_execution_test
[12.506s] [100%] Built target abstract_action_base_test
[12.736s] [100%] Built target abstract_controller_execution_test
[13.051s] [100%] Built target planner_action_test
[13.071s] Invoked command in '/root/Shared/MIAPR_Projekt/build/mbf_abstract_nav' returned '0': CMAKE_PREFIX_PATH=/root/Shared/MIAPR_Projekt/install/mbf_utility:/root/Shared/MIAPR_Projekt/install/mbf_msgs:/root/Shared/MIAPR_Projekt/install/mbf_abstract_core:/root/Shared/MIAPR_Projekt/install/mesh_tools:/root/Shared/MIAPR_Projekt/install/rviz_mesh_tools_plugins:/root/Shared/MIAPR_Projekt/install/rviz_mbf_plugins:/root/Shared/MIAPR_Projekt/install/mesh_navigation_pluto_sim:/root/Shared/MIAPR_Projekt/install/mesh_navigation_ceres_sim:/root/Shared/MIAPR_Projekt/install/mesh_navigation_tutorials_sim:/root/Shared/MIAPR_Projekt/install/mesh_msgs_transform:/root/Shared/MIAPR_Projekt/install/mesh_msgs_conversions:/root/Shared/MIAPR_Projekt/install/label_manager:/root/Shared/MIAPR_Projekt/install/mesh_msgs:/root/Shared/MIAPR_Projekt/install/mbf_simple_core:/root/Shared/MIAPR_Projekt/install/mbf_test_utility:/opt/ros/jazzy/opt/gz_sim_vendor:/opt/ros/jazzy/opt/gz_sensors_vendor:/opt/ros/jazzy/opt/gz_physics_vendor:/opt/ros/jazzy/opt/sdformat_vendor:/opt/ros/jazzy/opt/gz_gui_vendor:/opt/ros/jazzy/opt/gz_transport_vendor:/opt/ros/jazzy/opt/gz_rendering_vendor:/opt/ros/jazzy/opt/gz_plugin_vendor:/opt/ros/jazzy/opt/gz_fuel_tools_vendor:/opt/ros/jazzy/opt/gz_msgs_vendor:/opt/ros/jazzy/opt/gz_common_vendor:/opt/ros/jazzy/opt/gz_math_vendor:/opt/ros/jazzy/opt/gz_utils_vendor:/opt/ros/jazzy/opt/gz_tools_vendor:/opt/ros/jazzy/opt/gz_ogre_next_vendor:/opt/ros/jazzy/opt/gz_dartsim_vendor:/opt/ros/jazzy/opt/gz_cmake_vendor:/opt/ros/jazzy LD_LIBRARY_PATH=/root/Shared/MIAPR_Projekt/install/mbf_utility/lib:/root/Shared/MIAPR_Projekt/install/mbf_msgs/lib:/root/Shared/MIAPR_Projekt/install/rviz_mesh_tools_plugins/lib:/root/Shared/MIAPR_Projekt/install/rviz_mbf_plugins/lib:/root/Shared/MIAPR_Projekt/install/mesh_navigation_tutorials_sim/lib:/root/Shared/MIAPR_Projekt/install/mesh_msgs_transform/lib:/root/Shared/MIAPR_Projekt/install/mesh_msgs_conversions/lib:/root/Shared/MIAPR_Projekt/install/label_manager/lib:/root/Shared/MIAPR_Projekt/install/mesh_msgs/lib:/root/Shared/MIAPR_Projekt/install/mbf_test_utility/lib:/opt/ros/jazzy/opt/gz_sim_vendor/lib:/opt/ros/jazzy/opt/gz_sensors_vendor/lib:/opt/ros/jazzy/opt/gz_physics_vendor/lib:/opt/ros/jazzy/opt/sdformat_vendor/lib:/opt/ros/jazzy/opt/rviz_ogre_vendor/lib:/opt/ros/jazzy/lib/x86_64-linux-gnu:/opt/ros/jazzy/opt/gz_gui_vendor/lib:/opt/ros/jazzy/opt/gz_transport_vendor/lib:/opt/ros/jazzy/opt/gz_rendering_vendor/lib:/opt/ros/jazzy/opt/gz_plugin_vendor/lib:/opt/ros/jazzy/opt/gz_fuel_tools_vendor/lib:/opt/ros/jazzy/opt/gz_msgs_vendor/lib:/opt/ros/jazzy/opt/gz_common_vendor/lib:/opt/ros/jazzy/opt/gz_math_vendor/lib:/opt/ros/jazzy/opt/gz_utils_vendor/lib:/opt/ros/jazzy/opt/gz_tools_vendor/lib:/opt/ros/jazzy/opt/gz_ogre_next_vendor/lib:/opt/ros/jazzy/opt/gz_dartsim_vendor/lib:/opt/ros/jazzy/opt/gz_cmake_vendor/lib:/opt/ros/jazzy/lib PYTHONPATH=/root/Shared/MIAPR_Projekt/install/mbf_msgs/lib/python3.12/site-packages:/root/Shared/MIAPR_Projekt/install/label_manager/lib/python3.12/site-packages:/root/Shared/MIAPR_Projekt/install/mesh_msgs/lib/python3.12/site-packages:/opt/ros/jazzy/lib/python3.12/site-packages /usr/bin/cmake --build /root/Shared/MIAPR_Projekt/build/mbf_abstract_nav -- -j12 -l12
[13.073s] Invoking command in '/root/Shared/MIAPR_Projekt/build/mbf_abstract_nav': CMAKE_PREFIX_PATH=/root/Shared/MIAPR_Projekt/install/mbf_utility:/root/Shared/MIAPR_Projekt/install/mbf_msgs:/root/Shared/MIAPR_Projekt/install/mbf_abstract_core:/root/Shared/MIAPR_Projekt/install/mesh_tools:/root/Shared/MIAPR_Projekt/install/rviz_mesh_tools_plugins:/root/Shared/MIAPR_Projekt/install/rviz_mbf_plugins:/root/Shared/MIAPR_Projekt/install/mesh_navigation_pluto_sim:/root/Shared/MIAPR_Projekt/install/mesh_navigation_ceres_sim:/root/Shared/MIAPR_Projekt/install/mesh_navigation_tutorials_sim:/root/Shared/MIAPR_Projekt/install/mesh_msgs_transform:/root/Shared/MIAPR_Projekt/install/mesh_msgs_conversions:/root/Shared/MIAPR_Projekt/install/label_manager:/root/Shared/MIAPR_Projekt/install/mesh_msgs:/root/Shared/MIAPR_Projekt/install/mbf_simple_core:/root/Shared/MIAPR_Projekt/install/mbf_test_utility:/opt/ros/jazzy/opt/gz_sim_vendor:/opt/ros/jazzy/opt/gz_sensors_vendor:/opt/ros/jazzy/opt/gz_physics_vendor:/opt/ros/jazzy/opt/sdformat_vendor:/opt/ros/jazzy/opt/gz_gui_vendor:/opt/ros/jazzy/opt/gz_transport_vendor:/opt/ros/jazzy/opt/gz_rendering_vendor:/opt/ros/jazzy/opt/gz_plugin_vendor:/opt/ros/jazzy/opt/gz_fuel_tools_vendor:/opt/ros/jazzy/opt/gz_msgs_vendor:/opt/ros/jazzy/opt/gz_common_vendor:/opt/ros/jazzy/opt/gz_math_vendor:/opt/ros/jazzy/opt/gz_utils_vendor:/opt/ros/jazzy/opt/gz_tools_vendor:/opt/ros/jazzy/opt/gz_ogre_next_vendor:/opt/ros/jazzy/opt/gz_dartsim_vendor:/opt/ros/jazzy/opt/gz_cmake_vendor:/opt/ros/jazzy LD_LIBRARY_PATH=/root/Shared/MIAPR_Projekt/install/mbf_utility/lib:/root/Shared/MIAPR_Projekt/install/mbf_msgs/lib:/root/Shared/MIAPR_Projekt/install/rviz_mesh_tools_plugins/lib:/root/Shared/MIAPR_Projekt/install/rviz_mbf_plugins/lib:/root/Shared/MIAPR_Projekt/install/mesh_navigation_tutorials_sim/lib:/root/Shared/MIAPR_Projekt/install/mesh_msgs_transform/lib:/root/Shared/MIAPR_Projekt/install/mesh_msgs_conversions/lib:/root/Shared/MIAPR_Projekt/install/label_manager/lib:/root/Shared/MIAPR_Projekt/install/mesh_msgs/lib:/root/Shared/MIAPR_Projekt/install/mbf_test_utility/lib:/opt/ros/jazzy/opt/gz_sim_vendor/lib:/opt/ros/jazzy/opt/gz_sensors_vendor/lib:/opt/ros/jazzy/opt/gz_physics_vendor/lib:/opt/ros/jazzy/opt/sdformat_vendor/lib:/opt/ros/jazzy/opt/rviz_ogre_vendor/lib:/opt/ros/jazzy/lib/x86_64-linux-gnu:/opt/ros/jazzy/opt/gz_gui_vendor/lib:/opt/ros/jazzy/opt/gz_transport_vendor/lib:/opt/ros/jazzy/opt/gz_rendering_vendor/lib:/opt/ros/jazzy/opt/gz_plugin_vendor/lib:/opt/ros/jazzy/opt/gz_fuel_tools_vendor/lib:/opt/ros/jazzy/opt/gz_msgs_vendor/lib:/opt/ros/jazzy/opt/gz_common_vendor/lib:/opt/ros/jazzy/opt/gz_math_vendor/lib:/opt/ros/jazzy/opt/gz_utils_vendor/lib:/opt/ros/jazzy/opt/gz_tools_vendor/lib:/opt/ros/jazzy/opt/gz_ogre_next_vendor/lib:/opt/ros/jazzy/opt/gz_dartsim_vendor/lib:/opt/ros/jazzy/opt/gz_cmake_vendor/lib:/opt/ros/jazzy/lib PYTHONPATH=/root/Shared/MIAPR_Projekt/install/mbf_msgs/lib/python3.12/site-packages:/root/Shared/MIAPR_Projekt/install/label_manager/lib/python3.12/site-packages:/root/Shared/MIAPR_Projekt/install/mesh_msgs/lib/python3.12/site-packages:/opt/ros/jazzy/lib/python3.12/site-packages /usr/bin/cmake --install /root/Shared/MIAPR_Projekt/build/mbf_abstract_nav
[13.086s] -- Install configuration: ""
[13.086s] -- Installing: /root/Shared/MIAPR_Projekt/install/mbf_abstract_nav/lib/libmbf_abstract_server.so
[13.096s] -- Set non-toolchain portion of runtime path of "/root/Shared/MIAPR_Projekt/install/mbf_abstract_nav/lib/libmbf_abstract_server.so" to ""
[13.096s] -- Installing: /root/Shared/MIAPR_Projekt/install/mbf_abstract_nav/include
[13.096s] -- Installing: /root/Shared/MIAPR_Projekt/install/mbf_abstract_nav/include/mbf_abstract_nav
[13.097s] -- Installing: /root/Shared/MIAPR_Projekt/install/mbf_abstract_nav/include/mbf_abstract_nav/abstract_navigation_server.h
[13.097s] -- Installing: /root/Shared/MIAPR_Projekt/install/mbf_abstract_nav/include/mbf_abstract_nav/abstract_action_base.hpp
[13.097s] -- Installing: /root/Shared/MIAPR_Projekt/install/mbf_abstract_nav/include/mbf_abstract_nav/impl
[13.097s] -- Installing: /root/Shared/MIAPR_Projekt/install/mbf_abstract_nav/include/mbf_abstract_nav/impl/abstract_plugin_manager.tcc
[13.098s] -- Installing: /root/Shared/MIAPR_Projekt/install/mbf_abstract_nav/include/mbf_abstract_nav/abstract_planner_execution.h
[13.098s] -- Installing: /root/Shared/MIAPR_Projekt/install/mbf_abstract_nav/include/mbf_abstract_nav/recovery_action.h
[13.098s] -- Installing: /root/Shared/MIAPR_Projekt/install/mbf_abstract_nav/include/mbf_abstract_nav/planner_action.h
[13.098s] -- Installing: /root/Shared/MIAPR_Projekt/install/mbf_abstract_nav/include/mbf_abstract_nav/abstract_controller_execution.h
[13.098s] -- Installing: /root/Shared/MIAPR_Projekt/install/mbf_abstract_nav/include/mbf_abstract_nav/abstract_execution_base.h
[13.099s] -- Installing: /root/Shared/MIAPR_Projekt/install/mbf_abstract_nav/include/mbf_abstract_nav/move_base_action.h
[13.099s] -- Installing: /root/Shared/MIAPR_Projekt/install/mbf_abstract_nav/include/mbf_abstract_nav/abstract_recovery_execution.h
[13.099s] -- Installing: /root/Shared/MIAPR_Projekt/install/mbf_abstract_nav/include/mbf_abstract_nav/controller_action.h
[13.099s] -- Installing: /root/Shared/MIAPR_Projekt/install/mbf_abstract_nav/include/mbf_abstract_nav/abstract_plugin_manager.h
[13.099s] -- Installing: /root/Shared/MIAPR_Projekt/install/mbf_abstract_nav/share/mbf_abstract_nav/environment/library_path.sh
[13.099s] -- Installing: /root/Shared/MIAPR_Projekt/install/mbf_abstract_nav/share/mbf_abstract_nav/environment/library_path.dsv
[13.099s] -- Installing: /root/Shared/MIAPR_Projekt/install/mbf_abstract_nav/share/ament_index/resource_index/package_run_dependencies/mbf_abstract_nav
[13.099s] -- Installing: /root/Shared/MIAPR_Projekt/install/mbf_abstract_nav/share/ament_index/resource_index/parent_prefix_path/mbf_abstract_nav
[13.099s] -- Installing: /root/Shared/MIAPR_Projekt/install/mbf_abstract_nav/share/mbf_abstract_nav/environment/ament_prefix_path.sh
[13.099s] -- Installing: /root/Shared/MIAPR_Projekt/install/mbf_abstract_nav/share/mbf_abstract_nav/environment/ament_prefix_path.dsv
[13.100s] -- Installing: /root/Shared/MIAPR_Projekt/install/mbf_abstract_nav/share/mbf_abstract_nav/environment/path.sh
[13.100s] -- Installing: /root/Shared/MIAPR_Projekt/install/mbf_abstract_nav/share/mbf_abstract_nav/environment/path.dsv
[13.100s] -- Installing: /root/Shared/MIAPR_Projekt/install/mbf_abstract_nav/share/mbf_abstract_nav/local_setup.bash
[13.100s] -- Installing: /root/Shared/MIAPR_Projekt/install/mbf_abstract_nav/share/mbf_abstract_nav/local_setup.sh
[13.100s] -- Installing: /root/Shared/MIAPR_Projekt/install/mbf_abstract_nav/share/mbf_abstract_nav/local_setup.zsh
[13.100s] -- Installing: /root/Shared/MIAPR_Projekt/install/mbf_abstract_nav/share/mbf_abstract_nav/local_setup.dsv
[13.101s] -- Installing: /root/Shared/MIAPR_Projekt/install/mbf_abstract_nav/share/mbf_abstract_nav/package.dsv
[13.101s] -- Installing: /root/Shared/MIAPR_Projekt/install/mbf_abstract_nav/share/ament_index/resource_index/packages/mbf_abstract_nav
[13.101s] -- Installing: /root/Shared/MIAPR_Projekt/install/mbf_abstract_nav/share/mbf_abstract_nav/cmake/ament_cmake_export_include_directories-extras.cmake
[13.101s] -- Installing: /root/Shared/MIAPR_Projekt/install/mbf_abstract_nav/share/mbf_abstract_nav/cmake/ament_cmake_export_libraries-extras.cmake
[13.102s] -- Installing: /root/Shared/MIAPR_Projekt/install/mbf_abstract_nav/share/mbf_abstract_nav/cmake/ament_cmake_export_dependencies-extras.cmake
[13.102s] -- Installing: /root/Shared/MIAPR_Projekt/install/mbf_abstract_nav/share/mbf_abstract_nav/cmake/mbf_abstract_navConfig.cmake
[13.102s] -- Installing: /root/Shared/MIAPR_Projekt/install/mbf_abstract_nav/share/mbf_abstract_nav/cmake/mbf_abstract_navConfig-version.cmake
[13.102s] -- Installing: /root/Shared/MIAPR_Projekt/install/mbf_abstract_nav/share/mbf_abstract_nav/package.xml
[13.106s] Invoked command in '/root/Shared/MIAPR_Projekt/build/mbf_abstract_nav' returned '0': CMAKE_PREFIX_PATH=/root/Shared/MIAPR_Projekt/install/mbf_utility:/root/Shared/MIAPR_Projekt/install/mbf_msgs:/root/Shared/MIAPR_Projekt/install/mbf_abstract_core:/root/Shared/MIAPR_Projekt/install/mesh_tools:/root/Shared/MIAPR_Projekt/install/rviz_mesh_tools_plugins:/root/Shared/MIAPR_Projekt/install/rviz_mbf_plugins:/root/Shared/MIAPR_Projekt/install/mesh_navigation_pluto_sim:/root/Shared/MIAPR_Projekt/install/mesh_navigation_ceres_sim:/root/Shared/MIAPR_Projekt/install/mesh_navigation_tutorials_sim:/root/Shared/MIAPR_Projekt/install/mesh_msgs_transform:/root/Shared/MIAPR_Projekt/install/mesh_msgs_conversions:/root/Shared/MIAPR_Projekt/install/label_manager:/root/Shared/MIAPR_Projekt/install/mesh_msgs:/root/Shared/MIAPR_Projekt/install/mbf_simple_core:/root/Shared/MIAPR_Projekt/install/mbf_test_utility:/opt/ros/jazzy/opt/gz_sim_vendor:/opt/ros/jazzy/opt/gz_sensors_vendor:/opt/ros/jazzy/opt/gz_physics_vendor:/opt/ros/jazzy/opt/sdformat_vendor:/opt/ros/jazzy/opt/gz_gui_vendor:/opt/ros/jazzy/opt/gz_transport_vendor:/opt/ros/jazzy/opt/gz_rendering_vendor:/opt/ros/jazzy/opt/gz_plugin_vendor:/opt/ros/jazzy/opt/gz_fuel_tools_vendor:/opt/ros/jazzy/opt/gz_msgs_vendor:/opt/ros/jazzy/opt/gz_common_vendor:/opt/ros/jazzy/opt/gz_math_vendor:/opt/ros/jazzy/opt/gz_utils_vendor:/opt/ros/jazzy/opt/gz_tools_vendor:/opt/ros/jazzy/opt/gz_ogre_next_vendor:/opt/ros/jazzy/opt/gz_dartsim_vendor:/opt/ros/jazzy/opt/gz_cmake_vendor:/opt/ros/jazzy LD_LIBRARY_PATH=/root/Shared/MIAPR_Projekt/install/mbf_utility/lib:/root/Shared/MIAPR_Projekt/install/mbf_msgs/lib:/root/Shared/MIAPR_Projekt/install/rviz_mesh_tools_plugins/lib:/root/Shared/MIAPR_Projekt/install/rviz_mbf_plugins/lib:/root/Shared/MIAPR_Projekt/install/mesh_navigation_tutorials_sim/lib:/root/Shared/MIAPR_Projekt/install/mesh_msgs_transform/lib:/root/Shared/MIAPR_Projekt/install/mesh_msgs_conversions/lib:/root/Shared/MIAPR_Projekt/install/label_manager/lib:/root/Shared/MIAPR_Projekt/install/mesh_msgs/lib:/root/Shared/MIAPR_Projekt/install/mbf_test_utility/lib:/opt/ros/jazzy/opt/gz_sim_vendor/lib:/opt/ros/jazzy/opt/gz_sensors_vendor/lib:/opt/ros/jazzy/opt/gz_physics_vendor/lib:/opt/ros/jazzy/opt/sdformat_vendor/lib:/opt/ros/jazzy/opt/rviz_ogre_vendor/lib:/opt/ros/jazzy/lib/x86_64-linux-gnu:/opt/ros/jazzy/opt/gz_gui_vendor/lib:/opt/ros/jazzy/opt/gz_transport_vendor/lib:/opt/ros/jazzy/opt/gz_rendering_vendor/lib:/opt/ros/jazzy/opt/gz_plugin_vendor/lib:/opt/ros/jazzy/opt/gz_fuel_tools_vendor/lib:/opt/ros/jazzy/opt/gz_msgs_vendor/lib:/opt/ros/jazzy/opt/gz_common_vendor/lib:/opt/ros/jazzy/opt/gz_math_vendor/lib:/opt/ros/jazzy/opt/gz_utils_vendor/lib:/opt/ros/jazzy/opt/gz_tools_vendor/lib:/opt/ros/jazzy/opt/gz_ogre_next_vendor/lib:/opt/ros/jazzy/opt/gz_dartsim_vendor/lib:/opt/ros/jazzy/opt/gz_cmake_vendor/lib:/opt/ros/jazzy/lib PYTHONPATH=/root/Shared/MIAPR_Projekt/install/mbf_msgs/lib/python3.12/site-packages:/root/Shared/MIAPR_Projekt/install/label_manager/lib/python3.12/site-packages:/root/Shared/MIAPR_Projekt/install/mesh_msgs/lib/python3.12/site-packages:/opt/ros/jazzy/lib/python3.12/site-packages /usr/bin/cmake --install /root/Shared/MIAPR_Projekt/build/mbf_abstract_nav
