-- Found ament_cmake_ros: 0.12.0 (/opt/ros/jazzy/share/ament_cmake_ros/cmake)
-- Override CMake install command with custom implementation using symlinks instead of copying resources
-- Found geometry_msgs: 5.3.6 (/opt/ros/jazzy/share/geometry_msgs/cmake)
-- Found rosidl_generator_c: 4.6.7 (/opt/ros/jazzy/share/rosidl_generator_c/cmake)
-- Found rosidl_generator_cpp: 4.6.7 (/opt/ros/jazzy/share/rosidl_generator_cpp/cmake)
-- Using all available rosidl_typesupport_c: rosidl_typesupport_fastrtps_c;rosidl_typesupport_introspection_c
-- Using all available rosidl_typesupport_cpp: rosidl_typesupport_fastrtps_cpp;rosidl_typesupport_introspection_cpp
-- Found mbf_abstract_nav: 1.0.5 (/root/Shared/MIAPR_Projekt/colcon_ws/install/mbf_abstract_nav/share/mbf_abstract_nav/cmake)
-- Found rmw_implementation_cmake: 7.3.3 (/opt/ros/jazzy/share/rmw_implementation_cmake/cmake)
-- Found rmw_fastrtps_cpp: 8.4.3 (/opt/ros/jazzy/share/rmw_fastrtps_cpp/cmake)
-- Using RMW implementation 'rmw_fastrtps_cpp' as default
-- Found eigen3_cmake_module: 0.3.0 (/opt/ros/jazzy/share/eigen3_cmake_module/cmake)
-- Ensuring Eigen3 include directory is part of orocos-kdl CMake target
-- Found mbf_simple_core: 1.0.5 (/root/Shared/MIAPR_Projekt/colcon_ws/install/mbf_simple_core/share/mbf_simple_core/cmake)
-- Found mbf_mesh_core: 3.0.1 (/root/Shared/MIAPR_Projekt/colcon_ws/install/mbf_mesh_core/share/mbf_mesh_core/cmake)
-- Try to find LZ4: find_path + find_library
-- Try to find LZ4: FindPackageHandleStandardArgs
-- Configuring done (4.0s)
-- Generating done (0.2s)
-- Build files have been written to: /root/Shared/MIAPR_Projekt/colcon_ws/build/mbf_mesh_nav
[ 14%] [32mBuilding CXX object CMakeFiles/mbf_mesh_server.dir/src/mesh_controller_execution.cpp.o[0m
[ 28%] [32mBuilding CXX object CMakeFiles/mbf_mesh_server.dir/src/mesh_navigation_server.cpp.o[0m
[ 42%] [32mBuilding CXX object CMakeFiles/mbf_mesh_server.dir/src/mesh_planner_execution.cpp.o[0m
[ 57%] [32mBuilding CXX object CMakeFiles/mbf_mesh_server.dir/src/mesh_recovery_execution.cpp.o[0m
[ 71%] [32m[1mLinking CXX shared library libmbf_mesh_server.so[0m
[ 71%] Built target mbf_mesh_server
[ 85%] [32mBuilding CXX object CMakeFiles/mbf_mesh_nav.dir/src/mbf_mesh_nav.cpp.o[0m
[100%] [32m[1mLinking CXX executable mbf_mesh_nav[0m
[100%] Built target mbf_mesh_nav
-- Install configuration: "Release"
-- Execute custom install script
-- Up-to-date symlink: /root/Shared/MIAPR_Projekt/colcon_ws/install/mbf_mesh_nav/include/mbf_mesh_nav/mesh_controller_execution.h
-- Up-to-date symlink: /root/Shared/MIAPR_Projekt/colcon_ws/install/mbf_mesh_nav/include/mbf_mesh_nav/mesh_navigation_server.h
-- Up-to-date symlink: /root/Shared/MIAPR_Projekt/colcon_ws/install/mbf_mesh_nav/include/mbf_mesh_nav/mesh_planner_execution.h
-- Up-to-date symlink: /root/Shared/MIAPR_Projekt/colcon_ws/install/mbf_mesh_nav/include/mbf_mesh_nav/mesh_recovery_execution.h
-- Up-to-date symlink: /root/Shared/MIAPR_Projekt/colcon_ws/install/mbf_mesh_nav/lib/libmbf_mesh_server.so
-- Up-to-date symlink: /root/Shared/MIAPR_Projekt/colcon_ws/install/mbf_mesh_nav/lib/mbf_mesh_nav/mbf_mesh_nav
-- Up-to-date symlink: /root/Shared/MIAPR_Projekt/colcon_ws/install/mbf_mesh_nav/share/mbf_mesh_nav/environment/library_path.sh
-- Up-to-date symlink: /root/Shared/MIAPR_Projekt/colcon_ws/install/mbf_mesh_nav/share/mbf_mesh_nav/environment/library_path.dsv
-- Up-to-date symlink: /root/Shared/MIAPR_Projekt/colcon_ws/install/mbf_mesh_nav/share/ament_index/resource_index/package_run_dependencies/mbf_mesh_nav
-- Up-to-date symlink: /root/Shared/MIAPR_Projekt/colcon_ws/install/mbf_mesh_nav/share/ament_index/resource_index/parent_prefix_path/mbf_mesh_nav
-- Up-to-date symlink: /root/Shared/MIAPR_Projekt/colcon_ws/install/mbf_mesh_nav/share/mbf_mesh_nav/environment/ament_prefix_path.sh
-- Up-to-date symlink: /root/Shared/MIAPR_Projekt/colcon_ws/install/mbf_mesh_nav/share/mbf_mesh_nav/environment/ament_prefix_path.dsv
-- Up-to-date symlink: /root/Shared/MIAPR_Projekt/colcon_ws/install/mbf_mesh_nav/share/mbf_mesh_nav/environment/path.sh
-- Up-to-date symlink: /root/Shared/MIAPR_Projekt/colcon_ws/install/mbf_mesh_nav/share/mbf_mesh_nav/environment/path.dsv
-- Up-to-date symlink: /root/Shared/MIAPR_Projekt/colcon_ws/install/mbf_mesh_nav/share/mbf_mesh_nav/local_setup.bash
-- Up-to-date symlink: /root/Shared/MIAPR_Projekt/colcon_ws/install/mbf_mesh_nav/share/mbf_mesh_nav/local_setup.sh
-- Up-to-date symlink: /root/Shared/MIAPR_Projekt/colcon_ws/install/mbf_mesh_nav/share/mbf_mesh_nav/local_setup.zsh
-- Up-to-date symlink: /root/Shared/MIAPR_Projekt/colcon_ws/install/mbf_mesh_nav/share/mbf_mesh_nav/local_setup.dsv
-- Symlinking: /root/Shared/MIAPR_Projekt/colcon_ws/install/mbf_mesh_nav/share/mbf_mesh_nav/package.dsv
-- Up-to-date symlink: /root/Shared/MIAPR_Projekt/colcon_ws/install/mbf_mesh_nav/share/ament_index/resource_index/packages/mbf_mesh_nav
-- Up-to-date symlink: /root/Shared/MIAPR_Projekt/colcon_ws/install/mbf_mesh_nav/share/mbf_mesh_nav/cmake/ament_cmake_export_include_directories-extras.cmake
-- Up-to-date symlink: /root/Shared/MIAPR_Projekt/colcon_ws/install/mbf_mesh_nav/share/mbf_mesh_nav/cmake/ament_cmake_export_libraries-extras.cmake
-- Up-to-date symlink: /root/Shared/MIAPR_Projekt/colcon_ws/install/mbf_mesh_nav/share/mbf_mesh_nav/cmake/ament_cmake_export_dependencies-extras.cmake
-- Up-to-date symlink: /root/Shared/MIAPR_Projekt/colcon_ws/install/mbf_mesh_nav/share/mbf_mesh_nav/cmake/mbf_mesh_navConfig.cmake
-- Up-to-date symlink: /root/Shared/MIAPR_Projekt/colcon_ws/install/mbf_mesh_nav/share/mbf_mesh_nav/cmake/mbf_mesh_navConfig-version.cmake
-- Up-to-date symlink: /root/Shared/MIAPR_Projekt/colcon_ws/install/mbf_mesh_nav/share/mbf_mesh_nav/package.xml
