[100%] Built target cvp_mesh_planner
-- Install configuration: "Release"
-- Execute custom install script
-- Up-to-date symlink: /root/Shared/MIAPR_Projekt/colcon_ws/install/cvp_mesh_planner/share/cvp_mesh_planner//cvp_mesh_planner.xml
-- Up-to-date symlink: /root/Shared/MIAPR_Projekt/colcon_ws/install/cvp_mesh_planner/include/include/cvp_mesh_planner/cvp_mesh_planner _original.h
-- Up-to-date symlink: /root/Shared/MIAPR_Projekt/colcon_ws/install/cvp_mesh_planner/include/include/cvp_mesh_planner/cvp_mesh_planner.h
-- Up-to-date symlink: /root/Shared/MIAPR_Projekt/colcon_ws/install/cvp_mesh_planner/share/cvp_mesh_planner/environment/library_path.sh
-- Up-to-date symlink: /root/Shared/MIAPR_Projekt/colcon_ws/install/cvp_mesh_planner/share/cvp_mesh_planner/environment/library_path.dsv
-- Up-to-date symlink: /root/Shared/MIAPR_Projekt/colcon_ws/install/cvp_mesh_planner/share/ament_index/resource_index/package_run_dependencies/cvp_mesh_planner
-- Up-to-date symlink: /root/Shared/MIAPR_Projekt/colcon_ws/install/cvp_mesh_planner/share/ament_index/resource_index/parent_prefix_path/cvp_mesh_planner
-- Up-to-date symlink: /root/Shared/MIAPR_Projekt/colcon_ws/install/cvp_mesh_planner/share/cvp_mesh_planner/environment/ament_prefix_path.sh
-- Up-to-date symlink: /root/Shared/MIAPR_Projekt/colcon_ws/install/cvp_mesh_planner/share/cvp_mesh_planner/environment/ament_prefix_path.dsv
-- Up-to-date symlink: /root/Shared/MIAPR_Projekt/colcon_ws/install/cvp_mesh_planner/share/cvp_mesh_planner/environment/path.sh
-- Up-to-date symlink: /root/Shared/MIAPR_Projekt/colcon_ws/install/cvp_mesh_planner/share/cvp_mesh_planner/environment/path.dsv
-- Up-to-date symlink: /root/Shared/MIAPR_Projekt/colcon_ws/install/cvp_mesh_planner/share/cvp_mesh_planner/local_setup.bash
-- Up-to-date symlink: /root/Shared/MIAPR_Projekt/colcon_ws/install/cvp_mesh_planner/share/cvp_mesh_planner/local_setup.sh
-- Up-to-date symlink: /root/Shared/MIAPR_Projekt/colcon_ws/install/cvp_mesh_planner/share/cvp_mesh_planner/local_setup.zsh
-- Up-to-date symlink: /root/Shared/MIAPR_Projekt/colcon_ws/install/cvp_mesh_planner/share/cvp_mesh_planner/local_setup.dsv
-- Symlinking: /root/Shared/MIAPR_Projekt/colcon_ws/install/cvp_mesh_planner/share/cvp_mesh_planner/package.dsv
-- Up-to-date symlink: /root/Shared/MIAPR_Projekt/colcon_ws/install/cvp_mesh_planner/share/ament_index/resource_index/packages/cvp_mesh_planner
-- Up-to-date symlink: /root/Shared/MIAPR_Projekt/colcon_ws/install/cvp_mesh_planner/share/ament_index/resource_index/mbf_mesh_core__pluginlib__plugin/cvp_mesh_planner
-- Up-to-date symlink: /root/Shared/MIAPR_Projekt/colcon_ws/install/cvp_mesh_planner/share/cvp_mesh_planner/cmake/ament_cmake_export_include_directories-extras.cmake
-- Up-to-date symlink: /root/Shared/MIAPR_Projekt/colcon_ws/install/cvp_mesh_planner/share/cvp_mesh_planner/cmake/ament_cmake_export_libraries-extras.cmake
-- Up-to-date symlink: /root/Shared/MIAPR_Projekt/colcon_ws/install/cvp_mesh_planner/share/cvp_mesh_planner/cmake/ament_cmake_export_targets-extras.cmake
-- Up-to-date symlink: /root/Shared/MIAPR_Projekt/colcon_ws/install/cvp_mesh_planner/share/cvp_mesh_planner/cmake/ament_cmake_export_dependencies-extras.cmake
-- Up-to-date symlink: /root/Shared/MIAPR_Projekt/colcon_ws/install/cvp_mesh_planner/share/cvp_mesh_planner/cmake/cvp_mesh_plannerConfig.cmake
-- Up-to-date symlink: /root/Shared/MIAPR_Projekt/colcon_ws/install/cvp_mesh_planner/share/cvp_mesh_planner/cmake/cvp_mesh_plannerConfig-version.cmake
-- Up-to-date symlink: /root/Shared/MIAPR_Projekt/colcon_ws/install/cvp_mesh_planner/share/cvp_mesh_planner/package.xml
-- Up-to-date: /root/Shared/MIAPR_Projekt/colcon_ws/install/cvp_mesh_planner/lib/libcvp_mesh_planner.so
-- Up-to-date: /root/Shared/MIAPR_Projekt/colcon_ws/install/cvp_mesh_planner/share/cvp_mesh_planner/cmake/export_cvp_mesh_plannerExport.cmake
-- Up-to-date: /root/Shared/MIAPR_Projekt/colcon_ws/install/cvp_mesh_planner/share/cvp_mesh_planner/cmake/export_cvp_mesh_plannerExport-release.cmake
