[0.021s] Invoking command in '/root/Shared/MIAPR_Projekt/build/mesh_navigation_tutorials_sim': CMAKE_PREFIX_PATH=${CMAKE_PREFIX_PATH}:/opt/ros/jazzy /usr/bin/cmake /root/Shared/MIAPR_Projekt/colcon_ws/src/mesh_navigation_tutorials/mesh_navigation_tutorials_sim -DCMAKE_INSTALL_PREFIX=/root/Shared/MIAPR_Projekt/install/mesh_navigation_tutorials_sim
[0.257s] -- The C compiler identification is GNU 13.3.0
[0.398s] -- The CXX compiler identification is GNU 13.3.0
[0.425s] -- Detecting C compiler ABI info
[0.568s] -- Detecting C compiler ABI info - done
[0.579s] -- Check for working C compiler: /usr/bin/cc - skipped
[0.579s] -- Detecting C compile features
[0.580s] -- Detecting C compile features - done
[0.595s] -- Detecting CXX compiler ABI info
[0.736s] -- Detecting CXX compiler ABI info - done
[0.749s] -- Check for working CXX compiler: /usr/bin/c++ - skipped
[0.750s] -- Detecting CXX compile features
[0.750s] -- Detecting CXX compile features - done
[0.789s] -- Found ament_cmake: 2.5.5 (/opt/ros/jazzy/share/ament_cmake/cmake)
[1.099s] -- Found Python3: /usr/bin/python3 (found version "3.12.3") found components: Interpreter 
[1.326s] -- Found rclcpp: 28.1.16 (/opt/ros/jazzy/share/rclcpp/cmake)
[1.433s] -- Found rosidl_generator_c: 4.6.7 (/opt/ros/jazzy/share/rosidl_generator_c/cmake)
[1.461s] -- Found rosidl_generator_cpp: 4.6.7 (/opt/ros/jazzy/share/rosidl_generator_cpp/cmake)
[1.496s] -- Using all available rosidl_typesupport_c: rosidl_typesupport_fastrtps_c;rosidl_typesupport_introspection_c
[1.533s] -- Using all available rosidl_typesupport_cpp: rosidl_typesupport_fastrtps_cpp;rosidl_typesupport_introspection_cpp
[1.697s] -- Found rmw_implementation_cmake: 7.3.3 (/opt/ros/jazzy/share/rmw_implementation_cmake/cmake)
[1.705s] -- Found rmw_fastrtps_cpp: 8.4.3 (/opt/ros/jazzy/share/rmw_fastrtps_cpp/cmake)
[1.885s] -- Found OpenSSL: /usr/lib/x86_64-linux-gnu/libcrypto.so (found version "3.0.13")  
[1.916s] -- Found FastRTPS: /opt/ros/jazzy/include (Required is at least version "2.13") 
[1.944s] -- Using RMW implementation 'rmw_fastrtps_cpp' as default
[2.066s] -- Found rclcpp_components: 28.1.16 (/opt/ros/jazzy/share/rclcpp_components/cmake)
[2.152s] -- Found geometry_msgs: 5.3.6 (/opt/ros/jazzy/share/geometry_msgs/cmake)
[2.200s] -- Found tf2_ros: 0.36.19 (/opt/ros/jazzy/share/tf2_ros/cmake)
[2.370s] -- Found tf2_eigen: 0.36.19 (/opt/ros/jazzy/share/tf2_eigen/cmake)
[2.399s] -- Found tf2_geometry_msgs: 0.36.19 (/opt/ros/jazzy/share/tf2_geometry_msgs/cmake)
[2.426s] -- Found eigen3_cmake_module: 0.3.0 (/opt/ros/jazzy/share/eigen3_cmake_module/cmake)
[2.428s] -- Found Eigen3: TRUE (found version "3.4.0") 
[2.428s] -- Ensuring Eigen3 include directory is part of orocos-kdl CMake target
[2.442s] -- Found ament_lint_auto: 0.17.4 (/opt/ros/jazzy/share/ament_lint_auto/cmake)
[2.574s] -- Added test 'copyright' to check source files copyright and LICENSE
[2.580s] -- Added test 'cppcheck' to perform static code analysis on C / C++ code
[2.581s] -- Configured cppcheck include dirs: $<BUILD_INTERFACE:/root/Shared/MIAPR_Projekt/colcon_ws/src/mesh_navigation_tutorials/mesh_navigation_tutorials_sim/include>
[2.581s] -- Configured cppcheck exclude dirs and/or files: 
[2.583s] -- Added test 'pep257' to check Python code against some of the docstring style conventions in PEP 257
[2.587s] -- Added test 'uncrustify' to check C / C++ code style
[2.587s] -- Configured uncrustify additional arguments: 
[2.590s] -- Configuring done (2.5s)
[2.620s] -- Generating done (0.0s)
[2.628s] -- Build files have been written to: /root/Shared/MIAPR_Projekt/build/mesh_navigation_tutorials_sim
[2.644s] Invoked command in '/root/Shared/MIAPR_Projekt/build/mesh_navigation_tutorials_sim' returned '0': CMAKE_PREFIX_PATH=${CMAKE_PREFIX_PATH}:/opt/ros/jazzy /usr/bin/cmake /root/Shared/MIAPR_Projekt/colcon_ws/src/mesh_navigation_tutorials/mesh_navigation_tutorials_sim -DCMAKE_INSTALL_PREFIX=/root/Shared/MIAPR_Projekt/install/mesh_navigation_tutorials_sim
[2.646s] Invoking command in '/root/Shared/MIAPR_Projekt/build/mesh_navigation_tutorials_sim': CMAKE_PREFIX_PATH=${CMAKE_PREFIX_PATH}:/opt/ros/jazzy /usr/bin/cmake --build /root/Shared/MIAPR_Projekt/build/mesh_navigation_tutorials_sim -- -j12 -l12
[2.731s] [ 50%] [32mBuilding CXX object CMakeFiles/ground_truth_localization_node.dir/rclcpp_components/node_main_ground_truth_localization_node.cpp.o[0m
[2.731s] [ 50%] [32mBuilding CXX object CMakeFiles/ground_truth_localization.dir/src/ground_truth_localization.cpp.o[0m
[7.041s] [ 75%] [32m[1mLinking CXX executable ground_truth_localization_node[0m
[7.321s] [ 75%] Built target ground_truth_localization_node
[32.372s] [100%] [32m[1mLinking CXX shared library libground_truth_localization.so[0m
[32.648s] [100%] Built target ground_truth_localization
[32.666s] Invoked command in '/root/Shared/MIAPR_Projekt/build/mesh_navigation_tutorials_sim' returned '0': CMAKE_PREFIX_PATH=${CMAKE_PREFIX_PATH}:/opt/ros/jazzy /usr/bin/cmake --build /root/Shared/MIAPR_Projekt/build/mesh_navigation_tutorials_sim -- -j12 -l12
[32.667s] Invoking command in '/root/Shared/MIAPR_Projekt/build/mesh_navigation_tutorials_sim': CMAKE_PREFIX_PATH=${CMAKE_PREFIX_PATH}:/opt/ros/jazzy /usr/bin/cmake --install /root/Shared/MIAPR_Projekt/build/mesh_navigation_tutorials_sim
[32.679s] -- Install configuration: "Release"
[32.679s] -- Installing: /root/Shared/MIAPR_Projekt/install/mesh_navigation_tutorials_sim/share/mesh_navigation_tutorials_sim/environment/mesh_navigation_tutorials_sim.dsv
[32.680s] -- Installing: /root/Shared/MIAPR_Projekt/install/mesh_navigation_tutorials_sim/share/mesh_navigation_tutorials_sim/environment/mesh_navigation_tutorials_sim.sh
[32.680s] -- Installing: /root/Shared/MIAPR_Projekt/install/mesh_navigation_tutorials_sim/share/mesh_navigation_tutorials_sim/config
[32.680s] -- Installing: /root/Shared/MIAPR_Projekt/install/mesh_navigation_tutorials_sim/share/mesh_navigation_tutorials_sim/config/ros_gazebo_bridge.yaml
[32.680s] -- Installing: /root/Shared/MIAPR_Projekt/install/mesh_navigation_tutorials_sim/share/mesh_navigation_tutorials_sim/launch
[32.681s] -- Installing: /root/Shared/MIAPR_Projekt/install/mesh_navigation_tutorials_sim/share/mesh_navigation_tutorials_sim/launch/simulation_launch.py
[32.682s] -- Installing: /root/Shared/MIAPR_Projekt/install/mesh_navigation_tutorials_sim/share/mesh_navigation_tutorials_sim/launch/base_simulation_launch.py
[32.682s] -- Installing: /root/Shared/MIAPR_Projekt/install/mesh_navigation_tutorials_sim/share/mesh_navigation_tutorials_sim/models
[32.682s] -- Installing: /root/Shared/MIAPR_Projekt/install/mesh_navigation_tutorials_sim/share/mesh_navigation_tutorials_sim/models/floor_is_lava
[32.683s] -- Installing: /root/Shared/MIAPR_Projekt/install/mesh_navigation_tutorials_sim/share/mesh_navigation_tutorials_sim/models/floor_is_lava/meshes
[32.683s] -- Installing: /root/Shared/MIAPR_Projekt/install/mesh_navigation_tutorials_sim/share/mesh_navigation_tutorials_sim/models/floor_is_lava/meshes/floor_is_lava.dae
[32.683s] -- Installing: /root/Shared/MIAPR_Projekt/install/mesh_navigation_tutorials_sim/share/mesh_navigation_tutorials_sim/models/floor_is_lava/meshes/floor_is_lava.ply
[32.684s] -- Installing: /root/Shared/MIAPR_Projekt/install/mesh_navigation_tutorials_sim/share/mesh_navigation_tutorials_sim/models/floor_is_lava/model.sdf
[32.684s] -- Installing: /root/Shared/MIAPR_Projekt/install/mesh_navigation_tutorials_sim/share/mesh_navigation_tutorials_sim/models/floor_is_lava/model.config
[32.684s] -- Installing: /root/Shared/MIAPR_Projekt/install/mesh_navigation_tutorials_sim/share/mesh_navigation_tutorials_sim/models/tray
[32.684s] -- Installing: /root/Shared/MIAPR_Projekt/install/mesh_navigation_tutorials_sim/share/mesh_navigation_tutorials_sim/models/tray/meshes
[32.685s] -- Installing: /root/Shared/MIAPR_Projekt/install/mesh_navigation_tutorials_sim/share/mesh_navigation_tutorials_sim/models/tray/meshes/tray.dae
[32.685s] -- Installing: /root/Shared/MIAPR_Projekt/install/mesh_navigation_tutorials_sim/share/mesh_navigation_tutorials_sim/models/tray/meshes/tray.ply
[32.685s] -- Installing: /root/Shared/MIAPR_Projekt/install/mesh_navigation_tutorials_sim/share/mesh_navigation_tutorials_sim/models/tray/model.sdf
[32.686s] -- Installing: /root/Shared/MIAPR_Projekt/install/mesh_navigation_tutorials_sim/share/mesh_navigation_tutorials_sim/models/tray/model.config
[32.686s] -- Installing: /root/Shared/MIAPR_Projekt/install/mesh_navigation_tutorials_sim/share/mesh_navigation_tutorials_sim/models/parking_garage
[32.686s] -- Installing: /root/Shared/MIAPR_Projekt/install/mesh_navigation_tutorials_sim/share/mesh_navigation_tutorials_sim/models/parking_garage/meshes
[32.686s] -- Installing: /root/Shared/MIAPR_Projekt/install/mesh_navigation_tutorials_sim/share/mesh_navigation_tutorials_sim/models/parking_garage/meshes/parking_garage.dae
[32.687s] -- Installing: /root/Shared/MIAPR_Projekt/install/mesh_navigation_tutorials_sim/share/mesh_navigation_tutorials_sim/models/parking_garage/meshes/parking_garage_flipped.dae
[32.688s] -- Installing: /root/Shared/MIAPR_Projekt/install/mesh_navigation_tutorials_sim/share/mesh_navigation_tutorials_sim/models/parking_garage/model.sdf
[32.688s] -- Installing: /root/Shared/MIAPR_Projekt/install/mesh_navigation_tutorials_sim/share/mesh_navigation_tutorials_sim/models/parking_garage/model.config
[32.688s] -- Installing: /root/Shared/MIAPR_Projekt/install/mesh_navigation_tutorials_sim/share/mesh_navigation_tutorials_sim/worlds
[32.688s] -- Installing: /root/Shared/MIAPR_Projekt/install/mesh_navigation_tutorials_sim/share/mesh_navigation_tutorials_sim/worlds/floor_is_lava.sdf
[32.689s] -- Installing: /root/Shared/MIAPR_Projekt/install/mesh_navigation_tutorials_sim/share/mesh_navigation_tutorials_sim/worlds/tray.sdf
[32.689s] -- Installing: /root/Shared/MIAPR_Projekt/install/mesh_navigation_tutorials_sim/share/mesh_navigation_tutorials_sim/worlds/parking_garage.sdf
[32.689s] -- Installing: /root/Shared/MIAPR_Projekt/install/mesh_navigation_tutorials_sim/share/mesh_navigation_tutorials_sim/meshes
[32.690s] -- Installing: /root/Shared/MIAPR_Projekt/install/mesh_navigation_tutorials_sim/share/mesh_navigation_tutorials_sim/meshes/wheel.stl
[32.694s] -- Installing: /root/Shared/MIAPR_Projekt/install/mesh_navigation_tutorials_sim/share/mesh_navigation_tutorials_sim/urdf
[32.694s] -- Installing: /root/Shared/MIAPR_Projekt/install/mesh_navigation_tutorials_sim/share/mesh_navigation_tutorials_sim/urdf/common.urdf.xacro
[32.695s] -- Installing: /root/Shared/MIAPR_Projekt/install/mesh_navigation_tutorials_sim/share/mesh_navigation_tutorials_sim/urdf/ceres.urdf.xacro
[32.695s] -- Installing: /root/Shared/MIAPR_Projekt/install/mesh_navigation_tutorials_sim/share/mesh_navigation_tutorials_sim/urdf/wheel.urdf.xacro
[32.696s] -- Installing: /root/Shared/MIAPR_Projekt/install/mesh_navigation_tutorials_sim/lib/mesh_navigation_tutorials_sim/ground_truth_localization_node
[32.696s] -- Set non-toolchain portion of runtime path of "/root/Shared/MIAPR_Projekt/install/mesh_navigation_tutorials_sim/lib/mesh_navigation_tutorials_sim/ground_truth_localization_node" to ""
[32.696s] -- Installing: /root/Shared/MIAPR_Projekt/install/mesh_navigation_tutorials_sim/lib/libground_truth_localization.so
[32.698s] -- Set non-toolchain portion of runtime path of "/root/Shared/MIAPR_Projekt/install/mesh_navigation_tutorials_sim/lib/libground_truth_localization.so" to ""
[32.698s] -- Installing: /root/Shared/MIAPR_Projekt/install/mesh_navigation_tutorials_sim/share/ament_index/resource_index/package_run_dependencies/mesh_navigation_tutorials_sim
[32.698s] -- Installing: /root/Shared/MIAPR_Projekt/install/mesh_navigation_tutorials_sim/share/ament_index/resource_index/parent_prefix_path/mesh_navigation_tutorials_sim
[32.699s] -- Installing: /root/Shared/MIAPR_Projekt/install/mesh_navigation_tutorials_sim/share/mesh_navigation_tutorials_sim/environment/ament_prefix_path.sh
[32.699s] -- Installing: /root/Shared/MIAPR_Projekt/install/mesh_navigation_tutorials_sim/share/mesh_navigation_tutorials_sim/environment/ament_prefix_path.dsv
[32.699s] -- Installing: /root/Shared/MIAPR_Projekt/install/mesh_navigation_tutorials_sim/share/mesh_navigation_tutorials_sim/environment/path.sh
[32.700s] -- Installing: /root/Shared/MIAPR_Projekt/install/mesh_navigation_tutorials_sim/share/mesh_navigation_tutorials_sim/environment/path.dsv
[32.700s] -- Installing: /root/Shared/MIAPR_Projekt/install/mesh_navigation_tutorials_sim/share/mesh_navigation_tutorials_sim/local_setup.bash
[32.700s] -- Installing: /root/Shared/MIAPR_Projekt/install/mesh_navigation_tutorials_sim/share/mesh_navigation_tutorials_sim/local_setup.sh
[32.701s] -- Installing: /root/Shared/MIAPR_Projekt/install/mesh_navigation_tutorials_sim/share/mesh_navigation_tutorials_sim/local_setup.zsh
[32.701s] -- Installing: /root/Shared/MIAPR_Projekt/install/mesh_navigation_tutorials_sim/share/mesh_navigation_tutorials_sim/local_setup.dsv
[32.701s] -- Installing: /root/Shared/MIAPR_Projekt/install/mesh_navigation_tutorials_sim/share/mesh_navigation_tutorials_sim/package.dsv
[32.701s] -- Installing: /root/Shared/MIAPR_Projekt/install/mesh_navigation_tutorials_sim/share/ament_index/resource_index/packages/mesh_navigation_tutorials_sim
[32.701s] -- Installing: /root/Shared/MIAPR_Projekt/install/mesh_navigation_tutorials_sim/share/ament_index/resource_index/rclcpp_components/mesh_navigation_tutorials_sim
[32.702s] -- Installing: /root/Shared/MIAPR_Projekt/install/mesh_navigation_tutorials_sim/share/mesh_navigation_tutorials_sim/cmake/mesh_navigation_tutorials_simConfig.cmake
[32.702s] -- Installing: /root/Shared/MIAPR_Projekt/install/mesh_navigation_tutorials_sim/share/mesh_navigation_tutorials_sim/cmake/mesh_navigation_tutorials_simConfig-version.cmake
[32.702s] -- Installing: /root/Shared/MIAPR_Projekt/install/mesh_navigation_tutorials_sim/share/mesh_navigation_tutorials_sim/package.xml
[32.705s] Invoked command in '/root/Shared/MIAPR_Projekt/build/mesh_navigation_tutorials_sim' returned '0': CMAKE_PREFIX_PATH=${CMAKE_PREFIX_PATH}:/opt/ros/jazzy /usr/bin/cmake --install /root/Shared/MIAPR_Projekt/build/mesh_navigation_tutorials_sim
