[0.019s] Invoking command in '/root/Shared/MIAPR_Projekt/colcon_ws/build/mesh_controller': AMENT_PREFIX_PATH=/root/Shared/MIAPR_Projekt/colcon_ws/install/mbf_mesh_core:/root/Shared/MIAPR_Projekt/colcon_ws/install/mesh_map:/root/Shared/MIAPR_Projekt/colcon_ws/install/mesh_msgs_conversions:/root/Shared/MIAPR_Projekt/colcon_ws/install/mesh_msgs:${AMENT_PREFIX_PATH} CMAKE_PREFIX_PATH=/root/Shared/MIAPR_Projekt/colcon_ws/install/mbf_mesh_core:/root/Shared/MIAPR_Projekt/colcon_ws/install/mesh_map:/root/Shared/MIAPR_Projekt/colcon_ws/install/mesh_msgs_conversions:/root/Shared/MIAPR_Projekt/colcon_ws/install/mesh_msgs:/opt/ros/jazzy/opt/gz_math_vendor:/opt/ros/jazzy/opt/gz_utils_vendor:/opt/ros/jazzy/opt/gz_cmake_vendor:/opt/ros/jazzy LD_LIBRARY_PATH=/root/Shared/MIAPR_Projekt/colcon_ws/install/mesh_map/lib:/root/Shared/MIAPR_Projekt/colcon_ws/install/mesh_msgs_conversions/lib:/root/Shared/MIAPR_Projekt/colcon_ws/install/mesh_msgs/lib:${LD_LIBRARY_PATH} PYTHONPATH=/root/Shared/MIAPR_Projekt/colcon_ws/install/mesh_msgs/lib/python3.12/site-packages:${PYTHONPATH} /usr/bin/cmake /root/Shared/MIAPR_Projekt/colcon_ws/src/mesh_navigation/mesh_controller -DAMENT_CMAKE_SYMLINK_INSTALL=1 -DCMAKE_INSTALL_PREFIX=/root/Shared/MIAPR_Projekt/colcon_ws/install/mesh_controller
[0.087s] -- The C compiler identification is GNU 13.3.0
[0.152s] -- The CXX compiler identification is GNU 13.3.0
[0.179s] -- Detecting C compiler ABI info
[0.300s] -- Detecting C compiler ABI info - done
[0.309s] -- Check for working C compiler: /usr/bin/cc - skipped
[0.309s] -- Detecting C compile features
[0.310s] -- Detecting C compile features - done
[0.323s] -- Detecting CXX compiler ABI info
[0.450s] -- Detecting CXX compiler ABI info - done
[0.459s] -- Check for working CXX compiler: /usr/bin/c++ - skipped
[0.459s] -- Detecting CXX compile features
[0.460s] -- Detecting CXX compile features - done
[0.463s] -- Found ament_cmake_ros: 0.12.0 (/opt/ros/jazzy/share/ament_cmake_ros/cmake)
[0.640s] -- Found Python3: /usr/bin/python3 (found version "3.12.3") found components: Interpreter 
[0.717s] -- Override CMake install command with custom implementation using symlinks instead of copying resources
[0.768s] -- Found example_interfaces: 0.12.0 (/opt/ros/jazzy/share/example_interfaces/cmake)
[0.819s] -- Found rosidl_generator_c: 4.6.7 (/opt/ros/jazzy/share/rosidl_generator_c/cmake)
[0.837s] -- Found rosidl_generator_cpp: 4.6.7 (/opt/ros/jazzy/share/rosidl_generator_cpp/cmake)
[0.856s] -- Using all available rosidl_typesupport_c: rosidl_typesupport_fastrtps_c;rosidl_typesupport_introspection_c
[0.878s] -- Using all available rosidl_typesupport_cpp: rosidl_typesupport_fastrtps_cpp;rosidl_typesupport_introspection_cpp
[0.979s] -- Found mbf_mesh_core: 3.0.1 (/root/Shared/MIAPR_Projekt/colcon_ws/install/mbf_mesh_core/share/mbf_mesh_core/cmake)
[1.085s] -- Found rmw_implementation_cmake: 7.3.3 (/opt/ros/jazzy/share/rmw_implementation_cmake/cmake)
[1.089s] -- Found rmw_fastrtps_cpp: 8.4.3 (/opt/ros/jazzy/share/rmw_fastrtps_cpp/cmake)
[1.226s] -- Found OpenSSL: /usr/lib/x86_64-linux-gnu/libcrypto.so (found version "3.0.13")  
[1.247s] -- Found FastRTPS: /opt/ros/jazzy/include (Required is at least version "2.13") 
[1.277s] -- Using RMW implementation 'rmw_fastrtps_cpp' as default
[1.476s] -- Found eigen3_cmake_module: 0.3.0 (/opt/ros/jazzy/share/eigen3_cmake_module/cmake)
[1.477s] -- Found Eigen3: TRUE (found version "3.4.0") 
[1.478s] -- Ensuring Eigen3 include directory is part of orocos-kdl CMake target
[1.637s] -- Found mbf_msgs: 1.0.5 (/opt/ros/jazzy/share/mbf_msgs/cmake)
[1.703s] -- Found mbf_utility: 1.0.5 (/opt/ros/jazzy/share/mbf_utility/cmake)
[1.939s] -- Found MPI_C: /usr/lib/x86_64-linux-gnu/openmpi/lib/libmpi.so (found version "3.1") 
[3.118s] -- Found MPI_CXX: /usr/lib/x86_64-linux-gnu/openmpi/lib/libmpi_cxx.so (found version "3.1") 
[3.118s] -- Found MPI: TRUE (found version "3.1")  
[3.139s] -- Found TIFF: /usr/lib/x86_64-linux-gnu/libtiff.so (found version "4.5.1")  
[3.147s] -- Found GDAL: /usr/lib/x86_64-linux-gnu/libgdal.so (found version "3.8.4") 
[3.158s] -- Found OpenCV: /usr (found version "4.6.0") 
[3.160s] -- Found FLANN: /usr/include/flann  
[3.160s] -- Try to find LZ4: find_path + find_library
[3.161s] -- Try to find LZ4: FindPackageHandleStandardArgs
[3.161s] -- Found LZ4: /usr/lib/x86_64-linux-gnu/liblz4.so  
[3.271s] -- Found GSL: /usr/include (found version "2.7.1") 
[4.223s] -- Found HDF5: /usr/lib/x86_64-linux-gnu/hdf5/serial/libhdf5.so;/usr/lib/x86_64-linux-gnu/libcrypto.so;/usr/lib/x86_64-linux-gnu/libcurl.so;/usr/lib/x86_64-linux-gnu/libpthread.a;/usr/lib/x86_64-linux-gnu/libsz.so;/usr/lib/x86_64-linux-gnu/libz.so;/usr/lib/x86_64-linux-gnu/libdl.a;/usr/lib/x86_64-linux-gnu/libm.so;/usr/lib/x86_64-linux-gnu/hdf5/serial/libhdf5_cpp.so;/usr/lib/x86_64-linux-gnu/hdf5/serial/libhdf5.so;/usr/lib/x86_64-linux-gnu/libcrypto.so;/usr/lib/x86_64-linux-gnu/libcurl.so;/usr/lib/x86_64-linux-gnu/libpthread.a;/usr/lib/x86_64-linux-gnu/libsz.so;/usr/lib/x86_64-linux-gnu/libz.so;/usr/lib/x86_64-linux-gnu/libdl.a;/usr/lib/x86_64-linux-gnu/libm.so (found version "1.10.10") found components: C CXX HL 
[4.231s] -- Found OpenGL: /usr/lib/x86_64-linux-gnu/libOpenGL.so  found components: OpenGL 
[4.348s] -- Found GLUT: /usr/lib/x86_64-linux-gnu/libglut.so  
[4.494s] -- Configuring done (4.5s)
[4.570s] -- Generating done (0.1s)
[4.577s] -- Build files have been written to: /root/Shared/MIAPR_Projekt/colcon_ws/build/mesh_controller
[4.593s] Invoked command in '/root/Shared/MIAPR_Projekt/colcon_ws/build/mesh_controller' returned '0': AMENT_PREFIX_PATH=/root/Shared/MIAPR_Projekt/colcon_ws/install/mbf_mesh_core:/root/Shared/MIAPR_Projekt/colcon_ws/install/mesh_map:/root/Shared/MIAPR_Projekt/colcon_ws/install/mesh_msgs_conversions:/root/Shared/MIAPR_Projekt/colcon_ws/install/mesh_msgs:${AMENT_PREFIX_PATH} CMAKE_PREFIX_PATH=/root/Shared/MIAPR_Projekt/colcon_ws/install/mbf_mesh_core:/root/Shared/MIAPR_Projekt/colcon_ws/install/mesh_map:/root/Shared/MIAPR_Projekt/colcon_ws/install/mesh_msgs_conversions:/root/Shared/MIAPR_Projekt/colcon_ws/install/mesh_msgs:/opt/ros/jazzy/opt/gz_math_vendor:/opt/ros/jazzy/opt/gz_utils_vendor:/opt/ros/jazzy/opt/gz_cmake_vendor:/opt/ros/jazzy LD_LIBRARY_PATH=/root/Shared/MIAPR_Projekt/colcon_ws/install/mesh_map/lib:/root/Shared/MIAPR_Projekt/colcon_ws/install/mesh_msgs_conversions/lib:/root/Shared/MIAPR_Projekt/colcon_ws/install/mesh_msgs/lib:${LD_LIBRARY_PATH} PYTHONPATH=/root/Shared/MIAPR_Projekt/colcon_ws/install/mesh_msgs/lib/python3.12/site-packages:${PYTHONPATH} /usr/bin/cmake /root/Shared/MIAPR_Projekt/colcon_ws/src/mesh_navigation/mesh_controller -DAMENT_CMAKE_SYMLINK_INSTALL=1 -DCMAKE_INSTALL_PREFIX=/root/Shared/MIAPR_Projekt/colcon_ws/install/mesh_controller
[4.595s] Invoking command in '/root/Shared/MIAPR_Projekt/colcon_ws/build/mesh_controller': AMENT_PREFIX_PATH=/root/Shared/MIAPR_Projekt/colcon_ws/install/mbf_mesh_core:/root/Shared/MIAPR_Projekt/colcon_ws/install/mesh_map:/root/Shared/MIAPR_Projekt/colcon_ws/install/mesh_msgs_conversions:/root/Shared/MIAPR_Projekt/colcon_ws/install/mesh_msgs:${AMENT_PREFIX_PATH} CMAKE_PREFIX_PATH=/root/Shared/MIAPR_Projekt/colcon_ws/install/mbf_mesh_core:/root/Shared/MIAPR_Projekt/colcon_ws/install/mesh_map:/root/Shared/MIAPR_Projekt/colcon_ws/install/mesh_msgs_conversions:/root/Shared/MIAPR_Projekt/colcon_ws/install/mesh_msgs:/opt/ros/jazzy/opt/gz_math_vendor:/opt/ros/jazzy/opt/gz_utils_vendor:/opt/ros/jazzy/opt/gz_cmake_vendor:/opt/ros/jazzy LD_LIBRARY_PATH=/root/Shared/MIAPR_Projekt/colcon_ws/install/mesh_map/lib:/root/Shared/MIAPR_Projekt/colcon_ws/install/mesh_msgs_conversions/lib:/root/Shared/MIAPR_Projekt/colcon_ws/install/mesh_msgs/lib:${LD_LIBRARY_PATH} PYTHONPATH=/root/Shared/MIAPR_Projekt/colcon_ws/install/mesh_msgs/lib/python3.12/site-packages:${PYTHONPATH} /usr/bin/cmake --build /root/Shared/MIAPR_Projekt/colcon_ws/build/mesh_controller -- -j12 -l12
[4.670s] [ 50%] [32mBuilding CXX object CMakeFiles/mesh_controller.dir/src/mesh_controller.cpp.o[0m
[16.861s] [100%] [32m[1mLinking CXX shared library libmesh_controller.so[0m
[17.395s] [100%] Built target mesh_controller
[17.412s] Invoked command in '/root/Shared/MIAPR_Projekt/colcon_ws/build/mesh_controller' returned '0': AMENT_PREFIX_PATH=/root/Shared/MIAPR_Projekt/colcon_ws/install/mbf_mesh_core:/root/Shared/MIAPR_Projekt/colcon_ws/install/mesh_map:/root/Shared/MIAPR_Projekt/colcon_ws/install/mesh_msgs_conversions:/root/Shared/MIAPR_Projekt/colcon_ws/install/mesh_msgs:${AMENT_PREFIX_PATH} CMAKE_PREFIX_PATH=/root/Shared/MIAPR_Projekt/colcon_ws/install/mbf_mesh_core:/root/Shared/MIAPR_Projekt/colcon_ws/install/mesh_map:/root/Shared/MIAPR_Projekt/colcon_ws/install/mesh_msgs_conversions:/root/Shared/MIAPR_Projekt/colcon_ws/install/mesh_msgs:/opt/ros/jazzy/opt/gz_math_vendor:/opt/ros/jazzy/opt/gz_utils_vendor:/opt/ros/jazzy/opt/gz_cmake_vendor:/opt/ros/jazzy LD_LIBRARY_PATH=/root/Shared/MIAPR_Projekt/colcon_ws/install/mesh_map/lib:/root/Shared/MIAPR_Projekt/colcon_ws/install/mesh_msgs_conversions/lib:/root/Shared/MIAPR_Projekt/colcon_ws/install/mesh_msgs/lib:${LD_LIBRARY_PATH} PYTHONPATH=/root/Shared/MIAPR_Projekt/colcon_ws/install/mesh_msgs/lib/python3.12/site-packages:${PYTHONPATH} /usr/bin/cmake --build /root/Shared/MIAPR_Projekt/colcon_ws/build/mesh_controller -- -j12 -l12
[17.414s] Invoking command in '/root/Shared/MIAPR_Projekt/colcon_ws/build/mesh_controller': AMENT_PREFIX_PATH=/root/Shared/MIAPR_Projekt/colcon_ws/install/mbf_mesh_core:/root/Shared/MIAPR_Projekt/colcon_ws/install/mesh_map:/root/Shared/MIAPR_Projekt/colcon_ws/install/mesh_msgs_conversions:/root/Shared/MIAPR_Projekt/colcon_ws/install/mesh_msgs:${AMENT_PREFIX_PATH} CMAKE_PREFIX_PATH=/root/Shared/MIAPR_Projekt/colcon_ws/install/mbf_mesh_core:/root/Shared/MIAPR_Projekt/colcon_ws/install/mesh_map:/root/Shared/MIAPR_Projekt/colcon_ws/install/mesh_msgs_conversions:/root/Shared/MIAPR_Projekt/colcon_ws/install/mesh_msgs:/opt/ros/jazzy/opt/gz_math_vendor:/opt/ros/jazzy/opt/gz_utils_vendor:/opt/ros/jazzy/opt/gz_cmake_vendor:/opt/ros/jazzy LD_LIBRARY_PATH=/root/Shared/MIAPR_Projekt/colcon_ws/install/mesh_map/lib:/root/Shared/MIAPR_Projekt/colcon_ws/install/mesh_msgs_conversions/lib:/root/Shared/MIAPR_Projekt/colcon_ws/install/mesh_msgs/lib:${LD_LIBRARY_PATH} PYTHONPATH=/root/Shared/MIAPR_Projekt/colcon_ws/install/mesh_msgs/lib/python3.12/site-packages:${PYTHONPATH} /usr/bin/cmake --install /root/Shared/MIAPR_Projekt/colcon_ws/build/mesh_controller
[17.423s] -- Install configuration: "Release"
[17.423s] -- Execute custom install script
[17.424s] -- Symlinking: /root/Shared/MIAPR_Projekt/colcon_ws/install/mesh_controller/share/mesh_controller//mesh_controller.xml
[17.437s] -- Symlinking: /root/Shared/MIAPR_Projekt/colcon_ws/install/mesh_controller/include/include/mesh_controller/mesh_controller.h
[17.449s] -- Symlinking: /root/Shared/MIAPR_Projekt/colcon_ws/install/mesh_controller/share/mesh_controller/environment/library_path.sh
[17.460s] -- Symlinking: /root/Shared/MIAPR_Projekt/colcon_ws/install/mesh_controller/share/mesh_controller/environment/library_path.dsv
[17.472s] -- Symlinking: /root/Shared/MIAPR_Projekt/colcon_ws/install/mesh_controller/share/ament_index/resource_index/package_run_dependencies/mesh_controller
[17.482s] -- Symlinking: /root/Shared/MIAPR_Projekt/colcon_ws/install/mesh_controller/share/ament_index/resource_index/parent_prefix_path/mesh_controller
[17.494s] -- Symlinking: /root/Shared/MIAPR_Projekt/colcon_ws/install/mesh_controller/share/mesh_controller/environment/ament_prefix_path.sh
[17.507s] -- Symlinking: /root/Shared/MIAPR_Projekt/colcon_ws/install/mesh_controller/share/mesh_controller/environment/ament_prefix_path.dsv
[17.517s] -- Symlinking: /root/Shared/MIAPR_Projekt/colcon_ws/install/mesh_controller/share/mesh_controller/environment/path.sh
[17.530s] -- Symlinking: /root/Shared/MIAPR_Projekt/colcon_ws/install/mesh_controller/share/mesh_controller/environment/path.dsv
[17.542s] -- Symlinking: /root/Shared/MIAPR_Projekt/colcon_ws/install/mesh_controller/share/mesh_controller/local_setup.bash
[17.554s] -- Symlinking: /root/Shared/MIAPR_Projekt/colcon_ws/install/mesh_controller/share/mesh_controller/local_setup.sh
[17.566s] -- Symlinking: /root/Shared/MIAPR_Projekt/colcon_ws/install/mesh_controller/share/mesh_controller/local_setup.zsh
[17.579s] -- Symlinking: /root/Shared/MIAPR_Projekt/colcon_ws/install/mesh_controller/share/mesh_controller/local_setup.dsv
[17.593s] -- Symlinking: /root/Shared/MIAPR_Projekt/colcon_ws/install/mesh_controller/share/mesh_controller/package.dsv
[17.605s] -- Symlinking: /root/Shared/MIAPR_Projekt/colcon_ws/install/mesh_controller/share/ament_index/resource_index/packages/mesh_controller
[17.617s] -- Symlinking: /root/Shared/MIAPR_Projekt/colcon_ws/install/mesh_controller/share/ament_index/resource_index/mbf_mesh_core__pluginlib__plugin/mesh_controller
[17.629s] -- Symlinking: /root/Shared/MIAPR_Projekt/colcon_ws/install/mesh_controller/share/mesh_controller/cmake/ament_cmake_export_include_directories-extras.cmake
[17.640s] -- Symlinking: /root/Shared/MIAPR_Projekt/colcon_ws/install/mesh_controller/share/mesh_controller/cmake/ament_cmake_export_libraries-extras.cmake
[17.652s] -- Symlinking: /root/Shared/MIAPR_Projekt/colcon_ws/install/mesh_controller/share/mesh_controller/cmake/ament_cmake_export_targets-extras.cmake
[17.663s] -- Symlinking: /root/Shared/MIAPR_Projekt/colcon_ws/install/mesh_controller/share/mesh_controller/cmake/ament_cmake_export_dependencies-extras.cmake
[17.676s] -- Symlinking: /root/Shared/MIAPR_Projekt/colcon_ws/install/mesh_controller/share/mesh_controller/cmake/mesh_controllerConfig.cmake
[17.687s] -- Symlinking: /root/Shared/MIAPR_Projekt/colcon_ws/install/mesh_controller/share/mesh_controller/cmake/mesh_controllerConfig-version.cmake
[17.700s] -- Symlinking: /root/Shared/MIAPR_Projekt/colcon_ws/install/mesh_controller/share/mesh_controller/package.xml
[17.713s] -- Installing: /root/Shared/MIAPR_Projekt/colcon_ws/install/mesh_controller/lib/libmesh_controller.so
[17.715s] -- Set non-toolchain portion of runtime path of "/root/Shared/MIAPR_Projekt/colcon_ws/install/mesh_controller/lib/libmesh_controller.so" to ""
[17.715s] -- Installing: /root/Shared/MIAPR_Projekt/colcon_ws/install/mesh_controller/share/mesh_controller/cmake/export_mesh_controllerExport.cmake
[17.715s] -- Installing: /root/Shared/MIAPR_Projekt/colcon_ws/install/mesh_controller/share/mesh_controller/cmake/export_mesh_controllerExport-release.cmake
[17.719s] Invoked command in '/root/Shared/MIAPR_Projekt/colcon_ws/build/mesh_controller' returned '0': AMENT_PREFIX_PATH=/root/Shared/MIAPR_Projekt/colcon_ws/install/mbf_mesh_core:/root/Shared/MIAPR_Projekt/colcon_ws/install/mesh_map:/root/Shared/MIAPR_Projekt/colcon_ws/install/mesh_msgs_conversions:/root/Shared/MIAPR_Projekt/colcon_ws/install/mesh_msgs:${AMENT_PREFIX_PATH} CMAKE_PREFIX_PATH=/root/Shared/MIAPR_Projekt/colcon_ws/install/mbf_mesh_core:/root/Shared/MIAPR_Projekt/colcon_ws/install/mesh_map:/root/Shared/MIAPR_Projekt/colcon_ws/install/mesh_msgs_conversions:/root/Shared/MIAPR_Projekt/colcon_ws/install/mesh_msgs:/opt/ros/jazzy/opt/gz_math_vendor:/opt/ros/jazzy/opt/gz_utils_vendor:/opt/ros/jazzy/opt/gz_cmake_vendor:/opt/ros/jazzy LD_LIBRARY_PATH=/root/Shared/MIAPR_Projekt/colcon_ws/install/mesh_map/lib:/root/Shared/MIAPR_Projekt/colcon_ws/install/mesh_msgs_conversions/lib:/root/Shared/MIAPR_Projekt/colcon_ws/install/mesh_msgs/lib:${LD_LIBRARY_PATH} PYTHONPATH=/root/Shared/MIAPR_Projekt/colcon_ws/install/mesh_msgs/lib/python3.12/site-packages:${PYTHONPATH} /usr/bin/cmake --install /root/Shared/MIAPR_Projekt/colcon_ws/build/mesh_controller
